[COT 2024-12-15 18:29:20] 76561199350668750: Activated Community Online Tools [guid=PeBD8NiBELKG4WlWk_Yi4B_rGZPapCxylPNdVXGuNr4=]
[COT 2024-12-15 18:29:28] 76561199350668750: Deactivated Community Online Tools [guid=PeBD8NiBELKG4WlWk_Yi4B_rGZPapCxylPNdVXGuNr4=]
[COT 2024-12-15 18:29:28] 76561199350668750: Activated Community Online Tools [guid=PeBD8NiBELKG4WlWk_Yi4B_rGZPapCxylPNdVXGuNr4=]
[COT 2024-12-15 18:29:41] 76561199350668750: Set GodMode To true [guid=PeBD8NiBELKG4WlWk_Yi4B_rGZPapCxylPNdVXGuNr4=]
[COT 2024-12-15 18:29:42] 76561199350668750: Set Invisibility To 1 [guid=PeBD8NiBELKG4WlWk_Yi4B_rGZPapCxylPNdVXGuNr4=]
[COT 2024-12-15 18:29:49] 76561199350668750: Healed [guid=PeBD8NiBELKG4WlWk_Yi4B_rGZPapCxylPNdVXGuNr4=]
[COT 2024-12-15 18:29:59] 76561199350668750: Teleported 76561199350668750 to position <6615.163086, 38.223713, 8267.514648>
[COT 2024-12-15 18:30:10] 76561199350668750: Entered the Free Camera
[COT 2024-12-15 18:30:29] 76561199350668750: Left the Free Camera
[COT 2024-12-15 18:30:47] 76561199350668750: Entered the Free Camera
[COT 2024-12-15 18:31:29] 76561199350668750: Left the Free Camera
[COT 2024-12-15 18:32:12] 76561199350668750: Teleported 76561199350668750 to position <10737.985352, 399.812805, 8675.705078>
[COT 2024-12-15 18:34:57] 76561199350668750: Spawned Entity M1025 Wheel (Offroad_02_Wheel<4d8e66c0>, 100, 200, 15, 0) at <4866.941406, 2.830006, 11401.198242>
[COT 2024-12-15 18:34:58] 76561199350668750: Spawned Entity M1025 Wheel (Offroad_02_Wheel<4d8ea320>, 100, 200, 15, 0) at <4867.145020, 3.158021, 11401.651367>
[COT 2024-12-15 18:35:56] 76561199350668750: Teleported 76561199350668750 to position <10374.517578, 249.309998, 8586.211914>
[COT 2024-12-15 18:36:28] 76561199350668750: Spawned Entity M1025 Trunk Door (Offroad_02_Trunk<45a3d870>, 100, 500, 15, 0) at <10374.695313, 249.309998, 8590.066406>
[COT 2024-12-15 18:37:8s] 76561199350668750: Spawned Entity Ghillie Suit (GhillieSuit_Winter<3c20ff30>, 100, 50, 15, 0) at <10374.960938, 249.309998, 8589.916992>
[COT 2024-12-15 18:37:17] 76561199350668750: Spawned Entity Ghillie Rifle Wrap (GhillieAtt_Winter<3c21c870>, 100, 300, 15, 0) at <10374.182617, 249.310028, 8589.921875>
[COT 2024-12-15 18:37:21] 76561199350668750: Spawned Entity Patrol Jacket (GorkaEJacket_ColorBase<4be479f0>, 100, 130, 15, 0) at <10374.241211, 249.407349, 8589.910156>
[COT 2024-12-15 18:37:23] 76561199350668750: Spawned Entity Patrol Pants (GorkaPants_ColorBase<4be48e10>, 100, 130, 15, 0) at <10374.400391, 249.563629, 8589.858398>
[COT 2024-12-15 18:37:26] 76561199350668750: Spawned Entity Ghillie Hood (GhillieHood_Winter<4be49820>, 100, 120, 15, 0) at <10374.650391, 249.768890, 8589.779297>
[COT 2024-12-15 18:37:28] 76561199350668750: Spawned Entity Camouflage Helmet (BallisticHelmet_Winter<4be43380>, 100, 75, 15, 0) at <10374.889648, 250.001587, 8589.712891>
[COT 2024-12-15 18:38:2s] 76561199350668750: Spawned Entity VS-89 (SV98_Base<43f9c550>, 100, 250, 15, 0) at <10375.094727, 249.309998, 8589.620117>
[COT 2024-12-15 18:38:17] 76561199350668750: Spawned Entity Plate Carrier (PlateCarrierVest_Winter<5a490a90>, 100, 225, 15, 0) at <10374.745117, 249.309998, 8589.647461>
[COT 2024-12-15 18:38:28] 76561199350668750: Spawned Entity M4-A1 (M4A1_Base<43f99710>, 100, 200, 15, 0) at <10374.232422, 249.309998, 8589.795898>
[COT 2024-12-15 18:38:52] 76561199350668750: Spawned Entity 30rd Standardized Mag (Mag_STANAG_30Rnd<5a483740>, 30, 100, 15, 0) at <10374.042969, 249.310013, 8589.836914>
[COT 2024-12-15 18:38:53] 76561199350668750: Spawned Entity 30rd Standardized Mag (Mag_STANAG_30Rnd<5a481910>, 30, 100, 15, 0) at <10374.100586, 249.405029, 8589.823242>
[COT 2024-12-15 18:38:53] 76561199350668750: Spawned Entity 30rd Standardized Mag (Mag_STANAG_30Rnd<5a482320>, 30, 100, 15, 0) at <10374.156250, 249.500046, 8589.810547>
[COT 2024-12-15 18:39:21] 76561199350668750: Spawned Entity Claymore (ClaymoreMine<47d9b010>, 30, 50, 15, 0) at <10373.633789, 249.309998, 8589.898438>
[COT 2024-12-15 18:39:49] 76561199350668750: Deleted Entity ClaymoreMine:16724 at <10373.633789, 249.313126, 8589.898438>
[COT 2024-12-15 18:40:0s] 76561199350668750: Spawned Entity Claymore (ClaymoreMine<51ac2f70>, 30, 50, 15, 0) at <10373.875000, 249.309998, 8589.727539>
[COT 2024-12-15 18:40:11] 76561199350668750: Spawned Entity Plastic Explosive (Plastic_Explosive<47d9b010>, 30, 50, 15, 0) at <10373.085938, 249.309998, 8589.391602>
[COT 2024-12-15 18:40:11] 76561199350668750: Spawned Entity Plastic Explosive (Plastic_Explosive<47d99af0>, 30, 50, 15, 0) at <10373.234375, 249.447540, 8589.407227>
[COT 2024-12-15 18:40:12] 76561199350668750: Spawned Entity Plastic Explosive (Plastic_Explosive<45f60760>, 30, 50, 15, 0) at <10373.407227, 249.607224, 8589.425781>
[COT 2024-12-15 18:40:29] 76561199350668750: Spawned Entity Boxed Nails (NailBox<5325dd90>, 30, 80, 15, 0) at <10372.651367, 249.309998, 8589.301758>
[COT 2024-12-15 18:40:29] 76561199350668750: Spawned Entity Boxed Nails (NailBox<5325e7a0>, 30, 80, 15, 0) at <10372.769531, 249.420456, 8589.314453>
[COT 2024-12-15 18:40:29] 76561199350668750: Spawned Entity Boxed Nails (NailBox<5325f1b0>, 30, 80, 15, 0) at <10372.905273, 249.547226, 8589.330078>
[COT 2024-12-15 18:40:29] 76561199350668750: Spawned Entity Boxed Nails (NailBox<532605d0>, 30, 80, 15, 0) at <10373.022461, 249.655624, 8589.342773>
[COT 2024-12-15 18:42:34] 76561199350668750: Spawned Entity Plate Carrier (PlateCarrierVest_Winter<5c70b010>, 100, 225, 15, 0) at <10378.719727, 249.309998, 8585.158203>
[COT 2024-12-15 18:42:45] 76561199350668750: Spawned Entity Camouflage Helmet (BallisticHelmet_Winter<5c701920>, 100, 75, 15, 0) at <10378.635742, 249.481369, 8585.408203>
[COT 2024-12-15 18:42:50] 76561199350668750: Spawned Entity Patrol Jacket (GorkaEJacket_ColorBase<5c6fd2b0>, 100, 130, 15, 0) at <10378.667969, 249.647186, 8585.639648>
[COT 2024-12-15 18:42:50] 76561199350668750: Spawned Entity Patrol Pants (GorkaPants_ColorBase<5c6fe6d0>, 100, 130, 15, 0) at <10378.647461, 249.791428, 8585.846680>
[COT 2024-12-15 18:42:53] 76561199350668750: Spawned Entity Tactical Backpack (CoyoteBag_Winter<5c702d40>, 100, 190, 15, 0) at <10378.637695, 249.937241, 8586.064453>
[COT 2024-12-15 18:43:6s] 76561199350668750: Spawned Entity KA-74 (AK74<43f9dc70>, 30, 250, 15, 0) at <10378.627930, 249.952988, 8586.085938>
[COT 2024-12-15 18:43:9s] 76561199350668750: Spawned Entity 30rd KA-74 Mag (Mag_AK74_30Rnd<48c01490>, 30, 100, 15, 0) at <10378.620117, 250.028061, 8586.189453>
[COT 2024-12-15 18:43:11] 76561199350668750: Spawned Entity 30rd KA-74 Mag (Mag_AK74_30Rnd<48c0ab80>, 30, 100, 15, 0) at <10378.607422, 250.101120, 8586.291992>
[COT 2024-12-15 18:43:11] 76561199350668750: Spawned Entity 30rd KA-74 Mag (Mag_AK74_30Rnd<48c0d3c0>, 30, 100, 15, 0) at <10378.596680, 250.169540, 8586.389648>
[COT 2024-12-15 18:43:23] 76561199350668750: Spawned Entity Kobra Sights (KobraOptic<4e525630>, 30, 50, 15, 0) at <10378.591797, 250.242737, 8586.498047>
[COT 2024-12-15 18:47:43] 76561199350668750: ESP: Viewing ESP
[COT 2024-12-15 18:48:1s] 76561199350668750: ESP: Clearing ESP
[COT 2024-12-15 18:48:15] 76561199350668750: ESP: ESP updating
[COT 2024-12-15 18:48:49] 76561199350668750: Created Loadout 'Event Loadout'
[COT 2024-12-15 18:48:52] 76561199350668750: ESP: Clearing ESP
[COT 2024-12-15 18:49:33] 76561199350668750: Teleported [guid=PeBD8NiBELKG4WlWk_Yi4B_rGZPapCxylPNdVXGuNr4=] to <10378.429688, 249.322510, 8586.871094>
[COT 2024-12-15 18:49:57] 76561199350668750: Teleported [guid=yME2Zuy0btl19SRfs9kz4qOdZEwy9OpLEKGyETJkxgQ=] to <10380.031250, 249.322510, 8587.463867>
[COT 2024-12-15 18:50:24] 76561199350668750: Loadout set JMLoadout<24640970> spawned on yME2Zuy0btl19SRfs9kz4qOdZEwy9OpLEKGyETJkxgQ=
[COT 2024-12-15 18:50:40] 76561199350668750: Loadout set JMLoadout<22fabe30> spawned at <10379.443359, 249.309982, 8584.518555>
[COT 2024-12-15 18:51:5s] 76561199350668750: Spawned Entity Kobra Sights (KobraOptic<252f9770>, 100, 50, 15, 0) at <10378.654297, 249.309998, 8584.692383>
[COT 2024-12-15 18:51:9s] 76561199350668750: Spawned Entity KA-74 (AK74<43fa1640>, 100, 250, 15, 0) at <10378.643555, 249.401947, 8584.818359>
[COT 2024-12-15 18:51:10] 76561199350668750: Spawned Entity 30rd KA-74 Mag (Mag_AK74_30Rnd<5a4a60b0>, 30, 100, 15, 0) at <10378.641602, 249.482330, 8584.949219>
[COT 2024-12-15 18:51:11] 76561199350668750: Spawned Entity 30rd KA-74 Mag (Mag_AK74_30Rnd<5a49fc10>, 30, 100, 15, 0) at <10378.640625, 249.550949, 8585.053711>
[COT 2024-12-15 18:51:13] 76561199350668750: Spawned Entity KA Wooden Buttstock (AK74_WoodBttstck<5a4887c0>, 30, 300, 15, 0) at <10378.639648, 249.610153, 8585.148438>
[COT 2024-12-15 18:51:13] 76561199350668750: Spawned Entity KA Wooden Handguard (AK74_Hndgrd<47d08e00>, 30, 200, 15, 0) at <10378.640625, 249.645706, 8585.203125>
[COT 2024-12-15 18:51:17] 76561199350668750: Spawned Entity KA Wooden Handguard (AK74_Hndgrd<47d1ee30>, 30, 200, 15, 0) at <10377.646484, 249.310059, 8585.344727>
[COT 2024-12-15 18:51:18] 76561199350668750: Spawned Entity KA Wooden Buttstock (AK74_WoodBttstck<47d20250>, 30, 300, 15, 0) at <10377.663086, 249.341583, 8585.382813>
[COT 2024-12-15 18:51:34] 76561199350668750: Spawned Entity Shemagh Facemask (Shemagh_Facemask_ColorBase<47d28520>, 30, 75, 15, 0) at <10378.170898, 249.309998, 8585.116211>
[COT 2024-12-15 18:51:34] 76561199350668750: Spawned Entity Shemagh Facemask (Shemagh_Facemask_ColorBase<47d394d0>, 30, 75, 15, 0) at <10378.188477, 249.399246, 8585.243164>
[COT 2024-12-15 18:52:4s] 76561199350668750: Spawned Entity Wool Gloves (WoolGloves_ChristmasRed<47ba5ec0>, 30, 110, 15, 0) at <10378.290039, 249.309998, 8584.050781>
[COT 2024-12-15 18:52:4s] 76561199350668750: Spawned Entity Wool Gloves (WoolGloves_ChristmasRed<47ba68d0>, 30, 110, 15, 0) at <10378.299805, 249.386993, 8584.158203>
[COT 2024-12-15 18:52:22] 76561199350668750: Spawned Entity Hunter Boots (CombatBoots_Grey<51d75d40>, 30, 160, 15, 0) at <10378.312500, 249.310013, 8585.195313>
[COT 2024-12-15 18:52:22] 76561199350668750: Spawned Entity Hunter Boots (CombatBoots_Grey<51d80850>, 30, 160, 15, 0) at <10378.334961, 249.469391, 8585.358398>
[COT 2024-12-15 18:52:35] 76561199350668750: Spawned Entity Heat Pack (Heatpack<51d74920>, 30, 30, 15, 0) at <10377.493164, 249.309998, 8584.047852>
[COT 2024-12-15 18:52:36] 76561199350668750: Spawned Entity Heat Pack (Heatpack<4c2be8a0>, 30, 30, 15, 0) at <10377.493164, 249.309998, 8584.047852>
[COT 2024-12-15 18:52:45] 76561199350668750: Set Energy To 5000 [guid=yME2Zuy0btl19SRfs9kz4qOdZEwy9OpLEKGyETJkxgQ=]
[COT 2024-12-15 18:52:45] 76561199350668750: Set Water To 5000 [guid=yME2Zuy0btl19SRfs9kz4qOdZEwy9OpLEKGyETJkxgQ=]
[COT 2024-12-15 18:53:5s] 76561199350668750: Entered the Free Camera
[COT 2024-12-15 18:53:7s] 76561199350668750: Left the Free Camera
[COT 2024-12-15 18:53:28] 76561199350668750: Set GodMode To false [guid=PeBD8NiBELKG4WlWk_Yi4B_rGZPapCxylPNdVXGuNr4=]
[COT 2024-12-15 18:53:29] 76561199350668750: Set Invisibility To 0 [guid=PeBD8NiBELKG4WlWk_Yi4B_rGZPapCxylPNdVXGuNr4=]
[COT 2024-12-15 18:53:35] 76561199350668750: Entered the Free Camera
[COT 2024-12-15 18:53:49] 76561199350668750: Left the Free Camera
[COT 2024-12-15 19:2m:3s] 76561199350668750: Spawned Entity Heat Pack (Heatpack<45a414d0>, 100, 30, 15, 0) at <10404.076172, 254.251343, 8562.414063>
[COT 2024-12-15 19:2m:17] 76561199350668750: Spawned Entity Heat Pack (Heatpack<45a66680>, 100, 30, 15, 0) at <10403.945313, 254.251343, 8562.546875>
[COT 2024-12-15 19:2m:17] 76561199350668750: Spawned Entity Heat Pack (Heatpack<45a63e40>, 100, 30, 15, 0) at <10403.946289, 254.270905, 8562.524414>
[COT 2024-12-15 19:2m:17] 76561199350668750: Spawned Entity Heat Pack (Heatpack<45a65260>, 100, 30, 15, 0) at <10403.949219, 254.290466, 8562.500977>
[COT 2024-12-15 19:2m:17] 76561199350668750: Spawned Entity Heat Pack (Heatpack<45a67090>, 100, 30, 15, 0) at <10403.950195, 254.290466, 8562.500977>
[COT 2024-12-15 19:5m:37] 76561199350668750: Teleported 76561199350668750 to position <8222.051758, 30.790001, 10073.697266>
[COT 2024-12-15 19:9m:31] 76561199350668750: Spawned Entity 30rd KA-74 Mag (Mag_AK74_30Rnd<2290e0b0>, 30, 100, 15, 0) at <8403.664063, 42.919212, 10254.615234>
[COT 2024-12-15 19:9m:31] 76561199350668750: Spawned Entity 30rd KA-74 Mag (Mag_AK74_30Rnd<22916380>, 30, 100, 15, 0) at <8403.728516, 42.968662, 10254.574219>
[COT 2024-12-15 19:9m:31] 76561199350668750: Spawned Entity 30rd KA-74 Mag (Mag_AK74_30Rnd<22915970>, 30, 100, 15, 0) at <8403.800781, 43.025253, 10254.527344>
[COT 2024-12-15 19:9m:32] 76561199350668750: Spawned Entity 30rd KA-74 Mag (Mag_AK74_30Rnd<2291a9f0>, 30, 100, 15, 0) at <8403.801758, 43.024876, 10254.527344>
[COT 2024-12-15 19:13:35] 76561199350668750: Entered the Free Camera
[COT 2024-12-15 19:14:1s] 76561199350668750: Left the Free Camera
[COT 2024-12-15 19:15:49] 76561199350668750: Spawned Entity VS-89 (SV98_Base<24b9b900>, 100, 250, 15, 0) at <8400.514648, 42.919212, 10257.273438>
[COT 2024-12-15 19:15:49] 76561199350668750: Spawned Entity 10rnd VS-89 Mag (Mag_SV98_10Rnd<265a3490>, 10, 100, 15, 0) at <8400.530273, 42.987709, 10257.196289>
[COT 2024-12-15 19:16:0s] 76561199350668750: Spawned Entity Hunting Scope (HuntingOptic<53cc6320>, 10, 50, 15, 0) at <8400.539063, 42.919212, 10257.278320>
[COT 2024-12-15 19:16:16] 76561199350668750: Spawned Entity ATOG 6x48 Scope (ACOGOptic_6x<4796fb00>, 10, 50, 15, 0) at <8400.561523, 42.974548, 10257.217773>
[COT 2024-12-15 19:17:8s] 76561199350668750: ESP: Viewing ESP
[COT 2024-12-15 19:19:40] 76561199350668750: Spawned Entity Blaze (B95<d2b6fa0>, 100, 250, 15, 0) at <8397.342773, 43.495644, 10258.053711>
[COT 2024-12-15 19:19:43] 76561199350668750: Spawned Entity Blaze (B95<d2b4cf0>, 100, 250, 15, 0) on 76561198085909974
[COT 2024-12-15 19:19:47] 76561199350668750: Spawned Entity Hunting Scope (HuntingOptic<51abe580>, 100, 50, 15, 0) on 76561198085909974
[COT 2024-12-15 19:20:4s] 76561199350668750: Spawned Entity Hunting Scope (HuntingOptic<6a529bc0>, 100, 50, 15, 0) on 76561198085909974
[COT 2024-12-15 19:20:10] 76561199350668750: Spawned Entity Blaze (B95<d2cb360>, 100, 250, 15, 0) on 76561198085909974 at <8354.676758, 45.739075, 10221.450195>
[COT 2024-12-15 19:20:24] 76561199350668750: Entered the Free Camera
[COT 2024-12-15 19:20:28] 76561199350668750: Left the Free Camera
[COT 2024-12-15 19:20:38] 76561199350668750: Entered the Free Camera
[COT 2024-12-15 19:20:43] 76561199350668750: Left the Free Camera
[COT 2024-12-15 19:20:54] 76561199350668750: Spawned Entity Boxed .308 WIN Rounds (AmmoBox_308Win_20Rnd<51d5dee0>, 20, 100, 15, 0) on 76561198085909974
[COT 2024-12-15 19:20:55] 76561199350668750: Spawned Entity Boxed .308 WIN Rounds (AmmoBox_308Win_20Rnd<51d69400>, 20, 100, 15, 0) on 76561198085909974
[COT 2024-12-15 19:20:55] 76561199350668750: Spawned Entity Boxed .308 WIN Rounds (AmmoBox_308Win_20Rnd<51d6bc40>, 20, 100, 15, 0) on 76561198085909974
[COT 2024-12-15 19:21:37] 76561199350668750: Spawned Entity Universal Rail Mount (Akol_UniversalRail_RailHuntingOptic<523e9b00>, 250, 50, 15, 0) on 76561198085909974 at <8354.706055, 45.725933, 10221.299805>
[COT 2024-12-15 19:21:41] 76561199350668750: Spawned Entity Universal Rail Mount (Akol_UniversalRail_RailHuntingOptic<47f0a570>, 250, 50, 15, 0) at <8400.423828, 42.919212, 10256.846680>
[COT 2024-12-15 19:22:21] 76561199350668750: Spawned Entity Mark 3HD (Akol_RailHuntingOptic<47970590>, 250, 50, 15, 0) at <8400.416992, 42.919212, 10256.915039>
[COT 2024-12-15 19:25:22] 76561199350668750: Spawned Entity 6-M7 Frag Grenade (M67Grenade<6b1f4550>, 100, 50, 15, 0) at <8400.119141, 42.919212, 10257.220703>
[COT 2024-12-15 19:25:22] 76561199350668750: Spawned Entity 6-M7 Frag Grenade (M67Grenade<53cb38c0>, 100, 50, 15, 0) at <8400.146484, 42.960697, 10257.166016>
[COT 2024-12-15 19:25:48] 76561199350668750: Spawned Entity 6-M7 Frag Grenade (M67Grenade<5185ea10>, 100, 50, 15, 0) at <8400.401367, 42.919212, 10256.856445>
[COT 2024-12-15 19:26:35] 76561199350668750: Spawned Entity 30rd KA-74 Mag (Mag_AK74_30Rnd<694ca130>, 30, 100, 15, 0) at <8400.135742, 42.919212, 10256.925781>
[COT 2024-12-15 19:26:35] 76561199350668750: Spawned Entity 30rd KA-74 Mag (Mag_AK74_30Rnd<694de330>, 30, 100, 15, 0) at <8400.180664, 42.981514, 10256.865234>
[COT 2024-12-15 19:26:35] 76561199350668750: Spawned Entity 30rd KA-74 Mag (Mag_AK74_30Rnd<694dbaf0>, 30, 100, 15, 0) at <8400.234375, 43.054848, 10256.792969>
[COT 2024-12-15 19:26:35] 76561199350668750: Spawned Entity 30rd KA-74 Mag (Mag_AK74_30Rnd<694e0b70>, 30, 100, 15, 0) at <8400.287109, 43.127800, 10256.721680>
[COT 2024-12-15 19:26:36] 76561199350668750: Spawned Entity 30rd KA-74 Mag (Mag_AK74_30Rnd<694db0e0>, 30, 100, 15, 0) at <8400.339844, 43.201496, 10256.648438>
[COT 2024-12-15 19:34:51] 76561199350668750: Spawned Entity 30rd Vikhr Mag	 (Mag_Vikhr_30Rnd<261248b0>, 30, 100, 15, 0) at <8400.475586, 42.973175, 10257.337891>
[COT 2024-12-15 19:34:53] 76561199350668750: Spawned Entity Vikhr (Vikhr<2126c4f0>, 30, 250, 15, 0) at <8400.617188, 42.943829, 10257.147461>
[COT 2024-12-15 19:37:21] 76561199350668750: Spawned Entity 30rd Vikhr Mag	 (Mag_Vikhr_30Rnd<66b255e0>, 30, 100, 15, 0) at <8400.336914, 42.919212, 10257.215820>
[COT 2024-12-15 19:37:21] 76561199350668750: Spawned Entity 30rd Vikhr Mag	 (Mag_Vikhr_30Rnd<66b30b00>, 30, 100, 15, 0) at <8400.336914, 42.919212, 10257.216797>
[COT 2024-12-15 19:37:21] 76561199350668750: Spawned Entity 30rd Vikhr Mag	 (Mag_Vikhr_30Rnd<66b33d50>, 30, 100, 15, 0) at <8400.372070, 42.974125, 10257.137695>
[COT 2024-12-15 19:42:34] 76561199350668750: Teleported [guid=yME2Zuy0btl19SRfs9kz4qOdZEwy9OpLEKGyETJkxgQ=] to <8376.997070, 30.802500, 10257.074219>
