[COT 2024-12-4D 7h:19:9s] 76561199282403539: Activated Community Online Tools [guid=ns259EoeT6sGy1yfIUvTfwxMqlfjSjm8ux0lgBia58w=]
[COT 2024-12-4D 7h:19:15] 76561199282403539: Set GodMode To true [guid=ns259EoeT6sGy1yfIUvTfwxMqlfjSjm8ux0lgBia58w=]
[COT 2024-12-4D 7h:28:32] 76561199282403539: Deactivated Community Online Tools [guid=ns259EoeT6sGy1yfIUvTfwxMqlfjSjm8ux0lgBia58w=]
[COT 2024-12-4D 7h:28:34] 76561199282403539: Activated Community Online Tools [guid=ns259EoeT6sGy1yfIUvTfwxMqlfjSjm8ux0lgBia58w=]
[COT 2024-12-4D 7h:28:38] 76561199282403539: Set GodMode To false [guid=ns259EoeT6sGy1yfIUvTfwxMqlfjSjm8ux0lgBia58w=]
[COT 2024-12-4D 7h:42:49] 76561199282403539: Set GodMode To true [guid=ns259EoeT6sGy1yfIUvTfwxMqlfjSjm8ux0lgBia58w=]
[COT 2024-12-4D 7h:42:52] 76561199282403539: Set UnlimitedAmmo To true [guid=ns259EoeT6sGy1yfIUvTfwxMqlfjSjm8ux0lgBia58w=]
[COT 2024-12-4D 7h:42:52] 76561199282403539: Set UnlimitedStamina To true [guid=ns259EoeT6sGy1yfIUvTfwxMqlfjSjm8ux0lgBia58w=]
[COT 2024-12-4D 7h:42:53] 76561199282403539: Set cannot be targeted by AI to true [guid=ns259EoeT6sGy1yfIUvTfwxMqlfjSjm8ux0lgBia58w=]
[COT 2024-12-4D 7h:42:56] 76561199282403539: Set remove collision to true [guid=ns259EoeT6sGy1yfIUvTfwxMqlfjSjm8ux0lgBia58w=]
[COT 2024-12-4D 7h:43:51] 76561199282403539: Spawned Entity Lumber Pile (PileOfWoodenPlanks<c7f30e80>, 252, 100, 15, 0) at <5039.946777, 37.797924, 3753.662354>
[COT 2024-12-4D 7h:44:15] 76561199282403539: Spawned Entity Wooden Log (WoodenLog<c7f3d7c0>, 1, 500, 15, 0) at <5039.219238, 38.381512, 3758.258057>
[COT 2024-12-4D 7h:44:15] 76561199282403539: Spawned Entity Wooden Log (WoodenLog<c7f43c60>, 1, 500, 15, 0) at <5039.334961, 38.417320, 3758.338379>
[COT 2024-12-4D 7h:44:15] 76561199282403539: Spawned Entity Wooden Log (WoodenLog<c7f44670>, 1, 500, 15, 0) at <5039.431152, 38.446644, 3758.401855>
[COT 2024-12-4D 7h:44:15] 76561199282403539: Spawned Entity Wooden Log (WoodenLog<c7f45080>, 1, 500, 15, 0) at <5039.798828, 38.557739, 3758.639893>
[COT 2024-12-4D 7h:44:15] 76561199282403539: Spawned Entity Wooden Log (WoodenLog<c7f3e1d0>, 1, 500, 15, 0) at <5039.799316, 38.558132, 3758.640869>
[COT 2024-12-4D 7h:44:16] 76561199282403539: Spawned Entity Wooden Log (WoodenLog<c7f45a90>, 1, 500, 15, 0) at <5039.999023, 38.618248, 3758.770020>
[COT 2024-12-4D 7h:44:16] 76561199282403539: Spawned Entity Wooden Log (WoodenLog<c7f464a0>, 1, 500, 15, 0) at <5040.111328, 38.652046, 3758.843018>
[COT 2024-12-4D 7h:44:16] 76561199282403539: Spawned Entity Wooden Log (WoodenLog<c7f46eb0>, 1, 500, 15, 0) at <5040.214355, 38.683140, 3758.910156>
[COT 2024-12-4D 7h:44:16] 76561199282403539: Spawned Entity Wooden Log (WoodenLog<c7f478c0>, 1, 500, 15, 0) at <5040.371582, 38.730476, 3759.012451>
[COT 2024-12-4D 7h:44:16] 76561199282403539: Spawned Entity Wooden Log (WoodenLog<c7f482d0>, 1, 500, 15, 0) at <5041.043945, 38.933193, 3759.446777>
[COT 2024-12-4D 7h:44:16] 76561199282403539: Spawned Entity Wooden Log (WoodenLog<cafda4f0>, 1, 500, 15, 0) at <5041.140625, 38.962334, 3759.509277>
[COT 2024-12-4D 7h:44:24] 76561199282403539: Spawned Entity Wooden Log (WoodenLog<cafe5a10>, 1, 500, 15, 0) at <5038.848145, 38.446648, 3758.084961>
[COT 2024-12-4D 7h:44:24] 76561199282403539: Spawned Entity Wooden Log (WoodenLog<cafe7840>, 1, 500, 15, 0) at <5038.595703, 38.580418, 3757.950928>
[COT 2024-12-4D 7h:44:24] 76561199282403539: Spawned Entity Wooden Log (WoodenLog<cafe6420>, 1, 500, 15, 0) at <5038.403320, 38.684128, 3757.844482>
[COT 2024-12-4D 7h:44:25] 76561199282403539: Spawned Entity Wooden Log (WoodenLog<cafe45f0>, 1, 500, 15, 0) at <5038.275879, 38.753098, 3757.772949>
[COT 2024-12-4D 7h:44:25] 76561199282403539: Spawned Entity Wooden Log (WoodenLog<cafeaa90>, 1, 500, 15, 0) at <5038.174805, 38.807705, 3757.716064>
[COT 2024-12-4D 7h:44:25] 76561199282403539: Spawned Entity Wooden Log (WoodenLog<cafebeb0>, 1, 500, 15, 0) at <5037.885254, 38.964054, 3757.555908>
[COT 2024-12-4D 7h:44:25] 76561199282403539: Spawned Entity Wooden Log (WoodenLog<cafe6e30>, 1, 500, 15, 0) at <5037.769043, 39.027195, 3757.491699>
[COT 2024-12-4D 7h:44:31] 76561199282403539: Spawned Entity Wooden Log (WoodenLog<cafd72a0>, 1, 500, 15, 0) at <5038.884277, 38.867512, 3758.824219>
[COT 2024-12-4D 7h:44:31] 76561199282403539: Spawned Entity Wooden Log (WoodenLog<cafdaf00>, 1, 500, 15, 0) at <5038.962891, 38.889900, 3758.739990>
[COT 2024-12-4D 7h:44:32] 76561199282403539: Spawned Entity Wooden Log (WoodenLog<cafd5e80>, 1, 500, 15, 0) at <5039.117188, 38.933487, 3758.576660>
[COT 2024-12-4D 7h:44:32] 76561199282403539: Spawned Entity Wooden Log (WoodenLog<cafd86c0>, 1, 500, 15, 0) at <5039.359375, 39.001514, 3758.321289>
[COT 2024-12-4D 7h:44:32] 76561199282403539: Spawned Entity Wooden Log (WoodenLog<cafd7cb0>, 1, 500, 15, 0) at <5039.439453, 39.023724, 3758.237793>
[COT 2024-12-4D 7h:44:32] 76561199282403539: Spawned Entity Wooden Log (WoodenLog<cafd90d0>, 1, 500, 15, 0) at <5039.540527, 39.051666, 3758.132568>
[COT 2024-12-4D 7h:44:32] 76561199282403539: Spawned Entity Wooden Log (WoodenLog<cafdb910>, 1, 500, 15, 0) at <5039.626953, 39.075428, 3758.041748>
[COT 2024-12-4D 7h:44:32] 76561199282403539: Spawned Entity Wooden Log (WoodenLog<cafd9ae0>, 1, 500, 15, 0) at <5039.626953, 39.075279, 3758.042236>
[COT 2024-12-4D 7h:44:38] 76561199282403539: Spawned Entity Wooden Log (WoodenLog<cafdc320>, 1, 500, 15, 0) at <5039.271973, 38.532639, 3760.000000>
[COT 2024-12-4D 7h:44:39] 76561199282403539: Spawned Entity Wooden Log (WoodenLog<cafe8250>, 1, 500, 15, 0) at <5039.389160, 38.581589, 3760.144531>
[COT 2024-12-4D 7h:44:39] 76561199282403539: Spawned Entity Wooden Log (WoodenLog<cafe8c60>, 1, 500, 15, 0) at <5039.499023, 38.627426, 3760.280762>
[COT 2024-12-4D 7h:44:39] 76561199282403539: Spawned Entity Wooden Log (WoodenLog<cafe9670>, 1, 500, 15, 0) at <5039.996094, 38.835247, 3760.898926>
[COT 2024-12-4D 7h:44:39] 76561199282403539: Spawned Entity Wooden Log (WoodenLog<cafeb4a0>, 1, 500, 15, 0) at <5040.089355, 38.874355, 3761.015869>
[COT 2024-12-4D 7h:44:39] 76561199282403539: Spawned Entity Wooden Log (WoodenLog<cafe5000>, 1, 500, 15, 0) at <5040.178711, 38.911766, 3761.128418>
[COT 2024-12-4D 7h:44:39] 76561199282403539: Spawned Entity Wooden Log (WoodenLog<cafec8c0>, 1, 500, 15, 0) at <5040.291504, 38.958626, 3761.268799>
[COT 2024-12-4D 7h:44:39] 76561199282403539: Spawned Entity Wooden Log (WoodenLog<cafea080>, 1, 500, 15, 0) at <5040.444336, 39.022469, 3761.458496>
[COT 2024-12-4D 7h:44:39] 76561199282403539: Spawned Entity Wooden Log (WoodenLog<cafed2d0>, 1, 500, 15, 0) at <5040.534668, 39.060112, 3761.570068>
[COT 2024-12-4D 7h:44:53] 76561199282403539: Spawned Entity Wooden Log (WoodenLog<cafb3f20>, 1, 500, 15, 0) at <5037.157227, 38.664604, 3759.131348>
[COT 2024-12-4D 7h:44:53] 76561199282403539: Spawned Entity Wooden Log (WoodenLog<cafae490>, 1, 500, 15, 0) at <5036.782715, 38.879322, 3759.183105>
[COT 2024-12-4D 7h:44:53] 76561199282403539: Spawned Entity Wooden Log (WoodenLog<cafad070>, 1, 500, 15, 0) at <5036.414551, 39.091274, 3759.232910>
[COT 2024-12-4D 7h:44:53] 76561199282403539: Spawned Entity Wooden Log (WoodenLog<cafb4930>, 1, 500, 15, 0) at <5036.299805, 39.157322, 3759.248291>
[COT 2024-12-4D 7h:44:53] 76561199282403539: Spawned Entity Wooden Log (WoodenLog<cafada80>, 1, 500, 15, 0) at <5036.154297, 39.241154, 3759.267822>
[COT 2024-12-4D 7h:44:54] 76561199282403539: Spawned Entity Wooden Log (WoodenLog<cafb7170>, 1, 500, 15, 0) at <5036.030762, 39.312664, 3759.285400>
[COT 2024-12-4D 7h:44:54] 76561199282403539: Spawned Entity Wooden Log (WoodenLog<cafb5d50>, 1, 500, 15, 0) at <5035.856445, 39.413300, 3759.309814>
[COT 2024-12-4D 7h:44:54] 76561199282403539: Spawned Entity Wooden Log (WoodenLog<cafbadd0>, 1, 500, 15, 0) at <5035.742676, 39.479023, 3759.325684>
[COT 2024-12-4D 7h:44:54] 76561199282403539: Spawned Entity Wooden Log (WoodenLog<cafb6760>, 1, 500, 15, 0) at <5035.455078, 39.644657, 3759.365967>
[COT 2024-12-4D 7h:44:54] 76561199282403539: Spawned Entity Wooden Log (WoodenLog<cafb7b80>, 1, 500, 15, 0) at <5035.082031, 39.859371, 3759.417480>
[COT 2024-12-4D 7h:44:54] 76561199282403539: Spawned Entity Wooden Log (WoodenLog<cafba3c0>, 1, 500, 15, 0) at <5034.861816, 39.985874, 3759.448242>
[COT 2024-12-4D 7h:44:54] 76561199282403539: Spawned Entity Wooden Log (WoodenLog<cafbb7e0>, 1, 500, 15, 0) at <5034.488281, 40.200592, 3759.500732>
[COT 2024-12-4D 7h:45:19] 76561199282403539: Spawned Entity Large Tent (LargeTent<cb0b6f00>, 1, 2000, 15, 0) at <5029.640625, 41.366272, 3762.946777>
[COT 2024-12-4D 7h:47:32] 76561199282403539: Deactivated Community Online Tools [guid=ns259EoeT6sGy1yfIUvTfwxMqlfjSjm8ux0lgBia58w=]
[COT 2024-12-4D 7h:47:47] 76561199282403539: Activated Community Online Tools [guid=ns259EoeT6sGy1yfIUvTfwxMqlfjSjm8ux0lgBia58w=]
[COT 2024-12-4D 7h:47:59] 76561199282403539: Spawned Entity Camo Net (CamoNet<caf1c490>, 100, 120, 15, 0) at <5056.189453, 37.771294, 3757.363037>
[COT 2024-12-4D 7h:50:18] 76561199282403539: Spawned Entity Hunting Knife (HuntingKnife<caf40c30>, 100, 130, 15, 0) at <5038.054688, 39.650127, 3777.330322>
[COT 2024-12-4D 7h:51:9s] 76561199282403539: Deactivated Community Online Tools [guid=ns259EoeT6sGy1yfIUvTfwxMqlfjSjm8ux0lgBia58w=]
[COT 2024-12-4D 7h:52:27] 76561199282403539: Activated Community Online Tools [guid=ns259EoeT6sGy1yfIUvTfwxMqlfjSjm8ux0lgBia58w=]
[COT 2024-12-4D 7h:53:17] 76561199282403539: Spawned Entity M3S Covered (Truck_01_Covered_Blue<c80b3080>, 100, 1500, 15, 0) at <5056.899414, 37.510502, 3763.887695>
[COT 2024-12-4D 7h:54:37] 76561199282403539: Spawned Entity Fire Barrel (BarrelHoles_Green<f9b28d10>, 100, 900, 15, 0) at <5055.008301, 37.526299, 3764.242676>
[COT 2024-12-4D 7h:54:40] 76561199282403539: Spawned Entity Fire Barrel (BarrelHoles_Blue<f9b29920>, 100, 900, 15, 0) at <5054.786621, 37.569450, 3763.161377>
[COT 2024-12-4D 7h:54:45] 76561199282403539: Spawned Entity Fire Barrel (BarrelHoles_Red<f9b25cd0>, 100, 900, 15, 0) at <5053.995117, 37.340729, 3765.612549>
[COT 2024-12-4D 7h:54:48] 76561199282403539: Spawned Entity Fire Barrel (BarrelHoles_Yellow<f9b274f0>, 100, 900, 15, 0) at <5053.853516, 37.482433, 3763.459961>
[COT 2024-12-4D 7h:55:8s] 76561199282403539: Deleted Entity BarrelHoles_Yellow:7602 at <5053.853516, 37.485161, 3763.459961>
[COT 2024-12-4D 7h:55:11] 76561199282403539: Deleted Entity BarrelHoles_Green:16613 at <5055.008301, 37.529026, 3764.242676>
[COT 2024-12-4D 7h:55:14] 76561199282403539: Deleted Entity BarrelHoles_Blue:7100 at <5054.786621, 37.572178, 3763.161377>
[COT 2024-12-4D 7h:55:26] 76561199282403539: Deleted Entity BarrelHoles_Red:6088 at <5053.995117, 37.343456, 3765.612549>
[COT 2024-12-4D 7h:55:50] 76561199282403539: Spawned Entity Barrel (Barrel_Green<cac534b0>, 200000, 1300, 15, 512) at <5054.273438, 37.445671, 3763.312256>
[COT 2024-12-4D 7h:55:53] 76561199282403539: Spawned Entity Barrel (Barrel_Blue<cac4da20>, 200000, 1300, 15, 512) at <5055.072266, 37.474693, 3764.993164>
[COT 2024-12-4D 7h:55:56] 76561199282403539: Spawned Entity Barrel (Barrel_Red<cac552e0>, 200000, 1300, 15, 512) at <5054.296875, 37.423649, 3763.928955>
[COT 2024-12-4D 7h:55:59] 76561199282403539: Spawned Entity Barrel (Barrel_Yellow<cac548d0>, 200000, 1300, 15, 512) at <5054.253906, 37.366238, 3765.213867>
[COT 2024-12-4D 7h:56:29] 76561199282403539: Spawned Entity Wooden Crate (WoodenCrate<cac28870>, 200000, 400, 15, 0) at <5055.284668, 37.524948, 3764.165527>
[COT 2024-12-4D 7h:56:29] 76561199282403539: Spawned Entity Wooden Crate (WoodenCrate<cac2a6a0>, 200000, 400, 15, 0) at <5054.888184, 37.723724, 3763.950195>
[COT 2024-12-4D 7h:56:30] 76561199282403539: Spawned Entity Wooden Crate (WoodenCrate<cac24200>, 200000, 400, 15, 0) at <5054.478027, 37.931515, 3763.722412>
[COT 2024-12-4D 7h:56:30] 76561199282403539: Spawned Entity Wooden Crate (WoodenCrate<cac32970>, 200000, 400, 15, 0) at <5054.108398, 38.120453, 3763.514893>
[COT 2024-12-4D 7h:57:17] 76561199282403539: Spawned Entity Wooden Log (WoodenLog<c8a093a0>, 1, 500, 15, 0) on Truck_01_Covered_Blue<c80b3080> at <5055.858887, 38.769398, 3763.544189>
[COT 2024-12-4D 7h:57:17] 76561199282403539: Spawned Entity Wooden Log (WoodenLog<c8a0bbe0>, 1, 500, 15, 0) on Truck_01_Covered_Blue<c80b3080> at <5055.858887, 38.769554, 3763.543945>
[COT 2024-12-4D 7h:57:18] 76561199282403539: Spawned Entity Wooden Log (WoodenLog<c8a08990>, 1, 500, 15, 0) on Truck_01_Covered_Blue<c80b3080> at <5055.858887, 38.769165, 3763.542969>
[COT 2024-12-4D 7h:57:18] 76561199282403539: Spawned Entity Wooden Log (WoodenLog<c8a0d000>, 1, 500, 15, 0) on Truck_01_Covered_Blue<c80b3080> at <5055.858887, 38.768528, 3763.543213>
[COT 2024-12-4D 7h:57:18] 76561199282403539: Spawned Entity Wooden Log (WoodenLog<c8a09db0>, 1, 500, 15, 0) on Truck_01_Covered_Blue<c80b3080> at <5055.858887, 38.768234, 3763.543945>
[COT 2024-12-4D 7h:57:18] 76561199282403539: Spawned Entity Wooden Log (WoodenLog<c8a0a7c0>, 1, 500, 15, 0) on Truck_01_Covered_Blue<c80b3080> at <5055.858887, 38.767994, 3763.544922>
[COT 2024-12-4D 7h:57:18] 76561199282403539: Spawned Entity Wooden Log (WoodenLog<c8a0da10>, 1, 500, 15, 0) on Truck_01_Covered_Blue<c80b3080> at <5055.858887, 38.768013, 3763.545898>
[COT 2024-12-4D 7h:57:18] 76561199282403539: Spawned Entity Wooden Log (WoodenLog<c8a0e420>, 1, 500, 15, 0) on Truck_01_Covered_Blue<c80b3080> at <5055.858887, 38.768509, 3763.546387>
[COT 2024-12-4D 7h:57:19] 76561199282403539: Spawned Entity Wooden Log (WoodenLog<c8a07570>, 1, 500, 15, 0) on Truck_01_Covered_Blue<c80b3080> at <5055.858887, 38.768681, 3763.547119>
[COT 2024-12-4D 7h:57:19] 76561199282403539: Spawned Entity Wooden Log (WoodenLog<c8a0ee30>, 1, 500, 15, 0) on Truck_01_Covered_Blue<c80b3080> at <5055.858887, 38.768913, 3763.548584>
[COT 2024-12-4D 7h:57:19] 76561199282403539: Spawned Entity Wooden Log (WoodenLog<c8a07f80>, 1, 500, 15, 0) on Truck_01_Covered_Blue<c80b3080> at <5055.858887, 38.769081, 3763.550049>
[COT 2024-12-4D 7h:57:19] 76561199282403539: Spawned Entity Wooden Log (WoodenLog<c8a148c0>, 1, 500, 15, 0) on Truck_01_Covered_Blue<c80b3080> at <5055.858887, 38.769249, 3763.551514>
[COT 2024-12-4D 7h:57:19] 76561199282403539: Spawned Entity Wooden Log (WoodenLog<c8a10250>, 1, 500, 15, 0) on Truck_01_Covered_Blue<c80b3080> at <5055.858887, 38.769409, 3763.552246>
[COT 2024-12-4D 7h:57:19] 76561199282403539: Spawned Entity Wooden Log (WoodenLog<c8a152d0>, 1, 500, 15, 0) on Truck_01_Covered_Blue<c80b3080> at <5055.858887, 38.769436, 3763.552979>
[COT 2024-12-4D 7h:57:19] 76561199282403539: Spawned Entity Wooden Log (WoodenLog<c8a0f840>, 1, 500, 15, 0) on Truck_01_Covered_Blue<c80b3080> at <5055.858887, 38.769554, 3763.552979>
[COT 2024-12-4D 7h:57:19] 76561199282403539: Spawned Entity Wooden Log (WoodenLog<c89e9c80>, 1, 500, 15, 0) on Truck_01_Covered_Blue<c80b3080> at <5055.858887, 38.769512, 3763.552734>
[COT 2024-12-4D 7h:57:20] 76561199282403539: Spawned Entity Wooden Log (WoodenLog<c89e2dd0>, 1, 500, 15, 0) on Truck_01_Covered_Blue<c80b3080> at <5055.858887, 38.769447, 3763.552490>
[COT 2024-12-4D 7h:57:20] 76561199282403539: Spawned Entity Wooden Log (WoodenLog<c89e4c00>, 1, 500, 15, 0) at <5055.858887, 38.769291, 3763.552490>
[COT 2024-12-4D 7h:57:20] 76561199282403539: Spawned Entity Wooden Log (WoodenLog<c89e6020>, 1, 500, 15, 0) at <5055.689453, 38.802353, 3763.448242>
[COT 2024-12-4D 7h:57:20] 76561199282403539: Spawned Entity Wooden Log (WoodenLog<c89ed8e0>, 1, 500, 15, 0) at <5054.984863, 38.939823, 3763.016602>
[COT 2024-12-4D 7h:57:20] 76561199282403539: Spawned Entity Wooden Log (WoodenLog<c89e6a30>, 1, 500, 15, 0) at <5054.842285, 38.967449, 3762.928955>
[COT 2024-12-4D 7h:58:25] 76561199282403539: Deactivated Community Online Tools [guid=ns259EoeT6sGy1yfIUvTfwxMqlfjSjm8ux0lgBia58w=]
[COT 2024-12-4D 7h:58:44] 76561199282403539: Activated Community Online Tools [guid=ns259EoeT6sGy1yfIUvTfwxMqlfjSjm8ux0lgBia58w=]
[COT 2024-12-4D 8h:0m:2s] 76561199282403539: Deactivated Community Online Tools [guid=ns259EoeT6sGy1yfIUvTfwxMqlfjSjm8ux0lgBia58w=]
[COT 2024-12-4D 8h:1m:34] 76561199282403539: Activated Community Online Tools [guid=ns259EoeT6sGy1yfIUvTfwxMqlfjSjm8ux0lgBia58w=]
[COT 2024-12-4D 8h:1m:43] 76561199282403539: ESP: Viewing ESP
[COT 2024-12-4D 8h:2m:29] 76561199282403539: ESP: Clearing ESP
[COT 2024-12-4D 8h:3m:6s] 76561199282403539: Spawned Entity Watchtower (Watchtower<cb08e020>, 100, 100, 15, 0) at <5048.223633, 37.841331, 3749.162109>
[COT 2024-12-4D 8h:4m:25] 76561199282403539: Spawned Entity Flag Pole Kit (TerritoryFlagKit<cf5828f0>, 100, 200, 15, 0) at <5046.946289, 37.821430, 3756.264893>
[COT 2024-12-4D 8h:4m:35] 76561199282403539: Spawned Entity Fence Kit (FenceKit<cf594cc0>, 100, 200, 15, 0) at <5052.230469, 37.815834, 3755.835205>
[COT 2024-12-4D 8h:4m:38] 76561199282403539: Spawned Entity Fence Kit (FenceKit<cf59edc0>, 100, 200, 15, 0) at <5050.613770, 37.811543, 3754.413574>
[COT 2024-12-4D 8h:4m:40] 76561199282403539: Spawned Entity Fence Kit (FenceKit<cf59d9a0>, 100, 200, 15, 0) at <5049.537109, 37.820419, 3757.403076>
[COT 2024-12-4D 8h:7m:38] 76561199282403539: Spawned Entity Sea Chest (SeaChest<c7caaa20>, 4, 600, 15, 0) at <5062.305176, 37.861057, 3752.481201>
[COT 2024-12-4D 8h:7m:42] 76561199282403539: Spawned Entity Sea Chest (SeaChest<cf9e3200>, 4, 600, 15, 0) at <5058.840820, 37.864574, 3750.007324>
[COT 2024-12-4D 8h:7m:48] 76561199282403539: Spawned Entity Sea Chest (SeaChest<cf9de180>, 4, 600, 15, 0) at <5057.964355, 37.860935, 3751.669678>
[COT 2024-12-4D 8h:7m:55] 76561199282403539: Spawned Entity Anniversary T-Shirt Box (AnniversaryBox<cf9d4080>, 4, -1, 15, 0) at <5061.807617, 37.861023, 3751.127197>
[COT 2024-12-4D 8h:8m:10] 76561199282403539: Spawned Entity Xmas Lights (XmasLights<cf9fb060>, 4, 40, 15, 0) at <5059.485840, 37.860977, 3751.819336>
[COT 2024-12-4D 8h:8m:55] 76561199282403539: Spawned Entity Flag Pole (TerritoryFlag<c909d580>, 4, 100, 15, 0) at <5047.592773, 37.835468, 3744.598389>
[COT 2024-12-4D 8h:10:16] 76561199282403539: Spawned Entity Flag (Flag_BrainZ<cfa0fc70>, 200000, 100, 15, 0) at <5050.884277, 37.828278, 3743.645508>
[COT 2024-12-4D 8h:11:15] 76561199282403539: Entered the Free Camera
[COT 2024-12-4D 8h:11:56] 76561199282403539: Spawned Entity Fence (Fence<caf64460>, 200000, 100, 15, 0) at <5050.636230, 37.811867, 3753.412109>
[COT 2024-12-4D 8h:12:18] 76561199282403539: Left the Free Camera
[COT 2024-12-4D 8h:12:31] 76561199282403539: Deleted Entity Fence:5552 at <5050.636230, 37.861076, 3753.412109>
[COT 2024-12-4D 8h:12:52] 76561199282403539: ESP: ESP updating
[COT 2024-12-4D 8h:12:58] 76561199282403539: ESP target=FenceKit:7067 position=<5050.751953, 37.860046, 3754.790283> action=delete
[COT 2024-12-4D 8h:15:10] 76561199282403539: ESP target=AnniversaryBox:16692 position=<5061.807617, 37.874119, 3751.127197> action=delete
[COT 2024-12-4D 8h:17:34] 76561199282403539: ESP: Clearing ESP
[COT 2024-12-4D 8h:18:23] 76561199282403539: Spawned Entity CodeLock (CodeLock<cb906b00>, 1000, 1500, 15, 0) at <5062.027344, 38.186386, 3752.851563>
[COT 2024-12-4D 8h:18:24] 76561199282403539: Spawned Entity CodeLock (CodeLock<cb911610>, 1000, 1500, 15, 0) at <5061.930664, 38.260437, 3752.820313>
[COT 2024-12-4D 8h:18:35] 76561199282403539: Spawned Entity CodeLock (CodeLock<cb912a30>, 1000, 1500, 15, 0) at <5061.833008, 38.343452, 3752.775879>
[COT 2024-12-4D 8h:18:50] 76561199282403539: Deleted Entity Watchtower:15991 at <5048.223633, 37.906330, 3749.162109>
[COT 2024-12-4D 8h:21:28] 76561199282403539: Deleted Entity TerritoryFlag:15597 at <5047.592773, 37.900467, 3744.598389>
[COT 2024-12-4D 8h:22:46] 76561199282403539: ESP: ESP updating
[COT 2024-12-4D 8h:23:18] 76561199282403539: Created Loadout 'Admin Tent Compound'
[COT 2024-12-4D 8h:23:31] 76561199282403539: Loadout set JMLoadout<9023b820> spawned at <5053.279785, 37.828190, 3741.314209>
[COT 2024-12-4D 8h:24:23] 76561199282403539: Loadout set JMLoadout<87fcee60> spawned at <5050.312988, 37.826485, 3743.596924>
[COT 2024-12-4D 8h:24:26] 76561199282403539: Loadout set JMLoadout<9c067bb0> spawned at <5060.587891, 37.872837, 3736.996582>
[COT 2024-12-4D 8h:24:33] 76561199282403539: Loadout set JMLoadout<a0719530> spawned at <5108.858398, 31.398138, 3741.020020>
[COT 2024-12-4D 8h:24:36] 76561199282403539: Loadout set JMLoadout<969f71b0> spawned at <5053.284668, 37.835545, 3744.511719>
[COT 2024-12-4D 8h:24:40] 76561199282403539: Loadout set JMLoadout<969f7e30> spawned at <5057.679688, 37.835308, 3741.266357>
[COT 2024-12-4D 8h:24:40] 76561199282403539: Loadout set JMLoadout<96a102f0> spawned at <5057.678223, 37.835312, 3741.265381>
[COT 2024-12-4D 8h:24:40] 76561199282403539: Loadout set JMLoadout<969f7670> spawned at <5057.677246, 37.835308, 3741.264893>
[COT 2024-12-4D 8h:24:40] 76561199282403539: Loadout set JMLoadout<969f76f0> spawned at <5057.677246, 37.835312, 3741.265137>
[COT 2024-12-4D 8h:24:40] 76561199282403539: Loadout set JMLoadout<969f77f0> spawned at <5057.679688, 37.835312, 3741.266602>
[COT 2024-12-4D 8h:24:40] 76561199282403539: Loadout set JMLoadout<969f89b0> spawned at <5057.684082, 37.835312, 3741.269287>
[COT 2024-12-4D 8h:24:51] 76561199282403539: Loadout set JMLoadout<87df0af0> spawned at <5059.713379, 37.821285, 3744.434326>
[COT 2024-12-4D 8h:25:14] 76561199282403539: Deleted 'ada'
[COT 2024-12-4D 8h:25:16] 76561199282403539: Deleted 'Admin Tent Compound'
[COT 2024-12-4D 8h:25:57] 76561199282403539: Created Loadout 'adminTentCompound'
[COT 2024-12-4D 8h:26:0s] 76561199282403539: ESP: Clearing ESP
[COT 2024-12-4D 8h:26:20] 76561199282403539: Loadout set JMLoadout<95178ce0> spawned at <5053.909668, 37.834942, 3740.250488>
[COT 2024-12-4D 8h:26:55] 76561199282403539: Deactivated Community Online Tools [guid=ns259EoeT6sGy1yfIUvTfwxMqlfjSjm8ux0lgBia58w=]
[COT 2024-12-4D 8h:28:43] 76561199282403539: Activated Community Online Tools [guid=ns259EoeT6sGy1yfIUvTfwxMqlfjSjm8ux0lgBia58w=]
[COT 2024-12-4D 8h:28:49] 76561199282403539: ESP: Viewing ESP
[COT 2024-12-4D 8h:29:5s] 76561199282403539: Created Deletion Backup '2024-12-4D_8h-29-5s'
[COT 2024-12-4D 8h:29:5s] 76561199282403539: ESP index=0 target=Flag_DayZ:4750 position=<5049.400879, 37.792728, 3743.432373> action=delete
[COT 2024-12-4D 8h:29:5s] 76561199282403539: ESP index=1 target=TerritoryFlagKit:4526 position=<5048.750488, 37.890354, 3746.456543> action=delete
[COT 2024-12-4D 8h:29:5s] 76561199282403539: ESP index=2 target=SeaChest:16696 position=<5057.086426, 37.781734, 3752.695313> action=delete
[COT 2024-12-4D 8h:29:5s] 76561199282403539: ESP index=3 target=SeaChest:7485 position=<5057.768555, 37.771698, 3754.611084> action=delete
[COT 2024-12-4D 8h:29:5s] 76561199282403539: ESP index=4 target=FenceKit:16666 position=<5047.824219, 38.410290, 3745.544434> action=delete
[COT 2024-12-4D 8h:29:5s] 76561199282403539: ESP index=5 target=FenceKit:16668 position=<5047.824219, 38.388813, 3745.544434> action=delete
[COT 2024-12-4D 8h:29:5s] 76561199282403539: ESP index=6 target=FenceKit:12188 position=<5047.824219, 38.388813, 3745.544434> action=delete
[COT 2024-12-4D 8h:29:5s] 76561199282403539: ESP index=7 target=TerritoryFlagKit:14935 position=<5047.824219, 38.410290, 3745.544434> action=delete
[COT 2024-12-4D 8h:29:5s] 76561199282403539: ESP index=8 target=WatchtowerKit:6155 position=<5048.223633, 37.979385, 3749.162109> action=delete
[COT 2024-12-4D 8h:29:5s] 76561199282403539: ESP index=9 target=HeadlightH7:4837 position=<5055.413574, 37.574623, 3762.591553> action=delete
[COT 2024-12-4D 8h:29:5s] 76561199282403539: ESP index=10 target=HeadlightH7:5298 position=<5055.413574, 37.572983, 3762.591553> action=delete
[COT 2024-12-4D 8h:29:5s] 76561199282403539: ESP index=11 target=PetrolLighter:4278 position=<5055.008301, 37.572609, 3764.242676> action=delete
[COT 2024-12-4D 8h:29:5s] 76561199282403539: ESP index=12 target=LargeTent:14398 position=<5060.013672, 37.792870, 3751.901855> action=delete
[COT 2024-12-4D 8h:29:5s] 76561199282403539: ESP index=13 target=LargeTent:11659 position=<5050.825195, 37.797138, 3740.321289> action=delete
[COT 2024-12-4D 8h:29:5s] 76561199282403539: ESP index=14 target=PetrolLighter:15502 position=<5053.853516, 37.528744, 3763.459961> action=delete
[COT 2024-12-4D 8h:29:5s] 76561199282403539: ESP index=15 target=PetrolLighter:11712 position=<5053.995117, 37.387039, 3765.612549> action=delete
[COT 2024-12-4D 8h:29:5s] 76561199282403539: ESP index=16 target=PetrolLighter:13277 position=<5054.786621, 37.615761, 3763.161377> action=delete
[COT 2024-12-4D 8h:29:5s] 76561199282403539: ESP index=17 target=Guts:12848 position=<5127.392090, 20.975525, 3880.463867> action=delete
[COT 2024-12-4D 8h:29:5s] 76561199282403539: ESP index=18 target=WolfPelt:15961 position=<5127.458008, 20.943710, 3880.487549> action=delete
[COT 2024-12-4D 8h:29:5s] 76561199282403539: ESP index=19 target=Bone:14046 position=<5127.836426, 20.848238, 3880.909424> action=delete
[COT 2024-12-4D 8h:29:5s] 76561199282403539: ESP index=20 target=Guts:11080 position=<5127.381836, 20.971733, 3880.496826> action=delete
[COT 2024-12-4D 8h:29:5s] 76561199282403539: ESP index=21 target=Lard:5516 position=<5127.850586, 20.895626, 3880.617676> action=delete
[COT 2024-12-4D 8h:29:5s] 76561199282403539: ESP index=22 target=WolfSteakMeat:14486 position=<5127.459473, 20.975702, 3880.510498> action=delete
[COT 2024-12-4D 8h:29:5s] 76561199282403539: ESP index=23 target=WolfSteakMeat:14617 position=<5127.356934, 20.986382, 3880.501221> action=delete
[COT 2024-12-4D 8h:29:5s] 76561199282403539: ESP index=24 target=WolfSteakMeat:13106 position=<5127.471191, 20.948591, 3880.547607> action=delete
[COT 2024-12-4D 8h:29:5s] 76561199282403539: ESP index=25 target=Bone:7327 position=<5137.440430, 23.031818, 3848.689941> action=delete
[COT 2024-12-4D 8h:29:5s] 76561199282403539: ESP index=26 target=Lard:12317 position=<5137.420410, 23.047642, 3848.352539> action=delete
[COT 2024-12-4D 8h:29:5s] 76561199282403539: ESP index=27 target=Guts:13120 position=<5137.463379, 23.062521, 3848.242676> action=delete
[COT 2024-12-4D 8h:29:5s] 76561199282403539: ESP index=28 target=WolfPelt:13009 position=<5137.510254, 23.054123, 3848.205566> action=delete
[COT 2024-12-4D 8h:29:5s] 76561199282403539: ESP index=29 target=WolfSteakMeat:11240 position=<5137.690918, 23.035135, 3848.650391> action=delete
[COT 2024-12-4D 8h:29:5s] 76561199282403539: ESP index=30 target=WolfSteakMeat:10217 position=<5137.459473, 23.066845, 3848.222412> action=delete
[COT 2024-12-4D 8h:29:5s] 76561199282403539: ESP index=31 target=WolfSteakMeat:11031 position=<5137.478516, 23.042294, 3848.241455> action=delete
[COT 2024-12-4D 8h:29:5s] 76561199282403539: ESP index=32 target=WolfSteakMeat:11672 position=<5137.449219, 23.069317, 3848.233643> action=delete
[COT 2024-12-4D 8h:29:5s] 76561199282403539: ESP index=33 target=WolfSteakMeat:7611 position=<5137.437988, 23.072996, 3848.221436> action=delete
[COT 2024-12-4D 8h:29:5s] 76561199282403539: ESP index=34 target=WolfSteakMeat:13008 position=<5137.433105, 23.044561, 3848.715088> action=delete
[COT 2024-12-4D 8h:29:5s] 76561199282403539: ESP index=35 target=Guts:4496 position=<5137.376953, 23.081039, 3848.141602> action=delete
[COT 2024-12-4D 8h:29:5s] 76561199282403539: ESP index=36 target=WolfSteakMeat:4290 position=<5137.666992, 23.034994, 3848.734375> action=delete
[COT 2024-12-4D 8h:29:5s] 76561199282403539: ESP index=37 target=WolfSteakMeat:11204 position=<5137.732910, 23.007788, 3848.873779> action=delete
[COT 2024-12-4D 8h:29:5s] 76561199282403539: ESP index=38 target=WolfSteakMeat:6124 position=<5137.583008, 23.039190, 3848.772705> action=delete
[COT 2024-12-4D 8h:29:5s] 76561199282403539: ESP index=39 target=SeaChest:14782 position=<5051.722168, 37.838650, 3739.894531> action=delete
[COT 2024-12-4D 8h:29:5s] 76561199282403539: ESP index=40 target=SeaChest:10063 position=<5052.404297, 37.839806, 3741.810303> action=delete
[COT 2024-12-4D 8h:29:5s] 76561199282403539: ESP index=41 target=SeaChest:16071 position=<5062.226563, 37.798653, 3752.997070> action=delete
[COT 2024-12-4D 8h:29:5s] 76561199282403539: ESP index=42 target=Flag_Cannibals:16559 position=<5047.824219, 38.346004, 3745.544434> action=delete
[COT 2024-12-4D 8h:29:5s] 76561199282403539: ESP index=43 target=GhillieBushrag_Winter:16560 position=<5047.824219, 38.502541, 3745.544434> action=delete
[COT 2024-12-4D 8h:29:5s] 76561199282403539: ESP index=44 target=NVGHeadstrap:16555 position=<5047.824219, 38.337696, 3745.544434> action=delete
[COT 2024-12-4D 8h:29:5s] 76561199282403539: ESP index=45 target=SeaChest:5830 position=<5056.862305, 37.848404, 3740.196289> action=delete
[COT 2024-12-4D 8h:29:5s] 76561199282403539: ESP action=delete_all count=46 attempted=46
[COT 2024-12-4D 8h:29:12] 76561199282403539: ESP: Clearing ESP
[COT 2024-12-4D 8h:29:48] 76561199282403539: Spawned Entity Fence (Fence<caf08a10>, 100, 100, 15, 0) at <5044.909180, 37.835056, 3746.724609>
[COT 2024-12-4D 8h:29:51] 76561199282403539: Spawned Entity Fence (Fence<cf578090>, 100, 100, 15, 0) at <5052.473145, 37.833904, 3749.891113>
[COT 2024-12-4D 8h:29:55] 76561199282403539: Spawned Entity Fence (Fence<cf57a040>, 100, 100, 15, 0) at <5054.853027, 37.819344, 3753.591064>
[COT 2024-12-4D 8h:29:58] 76561199282403539: Spawned Entity Fence (Fence<cf57aad0>, 100, 100, 15, 0) at <5049.819824, 37.819252, 3753.677734>
[COT 2024-12-4D 8h:30:6s] 76561199282403539: Spawned Entity Fence (Fence<caf06a60>, 100, 100, 15, 0) at <5059.761230, 37.835510, 3751.246338>
[COT 2024-12-4D 8h:30:22] 76561199282403539: Spawned Entity Fence (Fence<caf094a0>, 100, 100, 15, 0) at <5066.177246, 37.627201, 3754.725098>
[COT 2024-12-4D 8h:30:59] 76561199282403539: Deleted 'adminTentCompound'
[COT 2024-12-4D 8h:31:46] 76561199282403539: ESP: ESP updating
[COT 2024-12-4D 8h:31:55] 76561199282403539: Created Deletion Backup '2024-12-4D_8h-31-55'
[COT 2024-12-4D 8h:31:55] 76561199282403539: ESP index=0 target=Fence:14486 position=<5049.819824, 37.868462, 3753.677734> action=delete
[COT 2024-12-4D 8h:31:55] 76561199282403539: ESP index=1 target=Fence:14900 position=<5054.853027, 37.868553, 3753.591064> action=delete
[COT 2024-12-4D 8h:31:55] 76561199282403539: ESP index=2 target=Fence:12157 position=<5052.473145, 37.883114, 3749.891113> action=delete
[COT 2024-12-4D 8h:31:55] 76561199282403539: ESP index=3 target=FenceKit:16668 position=<5060.799316, 37.868298, 3752.160156> action=delete
[COT 2024-12-4D 8h:31:55] 76561199282403539: ESP index=4 target=Fence:16696 position=<5066.177246, 37.676411, 3754.725098> action=delete
[COT 2024-12-4D 8h:31:55] 76561199282403539: ESP index=5 target=Fence:9540 position=<5044.909180, 37.884266, 3746.724609> action=delete
[COT 2024-12-4D 8h:31:55] 76561199282403539: ESP index=6 target=Fence:12276 position=<5059.761230, 37.884720, 3751.246338> action=delete
[COT 2024-12-4D 8h:31:55] 76561199282403539: ESP index=7 target=FenceKit:14046 position=<5051.042969, 37.897034, 3753.032471> action=delete
[COT 2024-12-4D 8h:31:55] 76561199282403539: ESP index=8 target=FenceKit:16560 position=<5056.194336, 37.848343, 3753.253662> action=delete
[COT 2024-12-4D 8h:31:55] 76561199282403539: ESP index=9 target=FenceKit:4450 position=<5052.938965, 37.886108, 3751.193359> action=delete
[COT 2024-12-4D 8h:31:55] 76561199282403539: ESP index=10 target=FenceKit:6253 position=<5044.628906, 37.869804, 3748.078857> action=delete
[COT 2024-12-4D 8h:31:55] 76561199282403539: ESP action=delete_all count=11 attempted=11
[COT 2024-12-4D 8h:32:6s] 76561199282403539: ESP: Clearing ESP
[COT 2024-12-4D 8h:32:33] 76561199282403539: Spawned Entity Fence (Fence<caf06a60>, 100, 100, 15, 0) at <5049.996094, 37.831707, 3740.281250>
[COT 2024-12-4D 8h:32:51] 76561199282403539: Deleted Entity Fence:10908 at <5049.996094, 37.880917, 3740.281250>
[COT 2024-12-4D 8h:33:20] 76561199282403539: Spawned Entity Fence Kit (FenceKit<8ce87220>, 100, 200, 15, 0) at <5055.516602, 37.791782, 3756.163574>
[COT 2024-12-4D 8h:33:20] 76561199282403539: Spawned Entity Fence Kit (FenceKit<8ce8ff00>, 100, 200, 15, 0) at <5055.546387, 37.858704, 3756.263184>
[COT 2024-12-4D 8h:33:21] 76561199282403539: Spawned Entity Fence Kit (FenceKit<8ce93150>, 100, 200, 15, 0) at <5055.566406, 37.906918, 3756.335205>
[COT 2024-12-4D 8h:33:21] 76561199282403539: Spawned Entity Fence Kit (FenceKit<8ce91d30>, 100, 200, 15, 0) at <5055.586914, 37.950806, 3756.402100>
[COT 2024-12-4D 8h:33:22] 76561199282403539: Spawned Entity Fence Kit (FenceKit<8ce93b60>, 100, 200, 15, 0) at <5055.611328, 38.000813, 3756.478271>
[COT 2024-12-4D 8h:33:47] 76561199282403539: Spawned Entity Fence Kit (FenceKit<9283d560>, 100, 200, 15, 0) at <5054.871582, 37.789265, 3757.117188>
[COT 2024-12-4D 8h:33:47] 76561199282403539: Spawned Entity Fence Kit (FenceKit<92846240>, 100, 200, 15, 0) at <5054.828125, 37.919552, 3756.982178>
[COT 2024-12-4D 8h:41:34] 76561199282403539: ESP: Viewing ESP
[COT 2024-12-4D 8h:41:57] 76561199282403539: Created Loadout 'logs'
[COT 2024-12-4D 8h:42:7s] 76561199282403539: Loadout set JMLoadout<9caec2b0> spawned at <5052.795410, 37.834602, 3751.716309>
[COT 2024-12-4D 8h:42:20] 76561199282403539: ESP: Clearing ESP
[COT 2024-12-4D 8h:44:20] 76561199282403539: Spawned Entity Shovel (Shovel<cf9f0550>, 100, 200, 15, 0) at <5053.787109, 37.835545, 3746.680176>
[COT 2024-12-4D 8h:45:44] 76561199282403539: ESP: Viewing ESP
[COT 2024-12-4D 8h:45:54] 76561199282403539: Created Deletion Backup '2024-12-4D_8h-45-54'
[COT 2024-12-4D 8h:45:54] 76561199282403539: ESP index=0 target=WoodenLog:9725 position=<5049.105957, 37.844078, 3752.043945> action=delete
[COT 2024-12-4D 8h:45:54] 76561199282403539: ESP index=1 target=WoodenLog:9779 position=<5049.326172, 37.842064, 3752.013184> action=delete
[COT 2024-12-4D 8h:45:54] 76561199282403539: ESP index=2 target=WoodenLog:7988 position=<5048.732422, 37.847492, 3752.096436> action=delete
[COT 2024-12-4D 8h:45:54] 76561199282403539: ESP action=delete_all count=3 attempted=3
[COT 2024-12-4D 8h:46:3s] 76561199282403539: Created Deletion Backup '2024-12-4D_8h-46-3s'
[COT 2024-12-4D 8h:46:3s] 76561199282403539: ESP index=0 target=FenceKit:6254 position=<5052.844727, 37.867752, 3754.349609> action=delete
[COT 2024-12-4D 8h:46:3s] 76561199282403539: ESP index=1 target=WoodenLog:8273 position=<5054.043457, 37.849022, 3751.236572> action=delete
[COT 2024-12-4D 8h:46:3s] 76561199282403539: ESP index=2 target=WoodenLog:13002 position=<5053.463379, 37.849442, 3750.853760> action=delete
[COT 2024-12-4D 8h:46:3s] 76561199282403539: ESP index=3 target=WoodenLog:13086 position=<5053.579102, 37.850925, 3750.934082> action=delete
[COT 2024-12-4D 8h:46:3s] 76561199282403539: ESP index=4 target=WoodenLog:8038 position=<5054.144531, 37.821285, 3752.167725> action=delete
[COT 2024-12-4D 8h:46:3s] 76561199282403539: ESP index=5 target=WoodenLog:9509 position=<5053.675293, 37.850533, 3750.997559> action=delete
[COT 2024-12-4D 8h:46:3s] 76561199282403539: ESP index=6 target=WoodenLog:6365 position=<5054.042969, 37.849030, 3751.235596> action=delete
[COT 2024-12-4D 8h:46:3s] 76561199282403539: ESP index=7 target=WoodenLog:11140 position=<5055.288086, 37.843937, 3752.042480> action=delete
[COT 2024-12-4D 8h:46:3s] 76561199282403539: ESP index=8 target=WoodenLog:16695 position=<5054.778809, 37.833958, 3754.165771> action=delete
[COT 2024-12-4D 8h:46:3s] 76561199282403539: ESP index=9 target=WoodenLog:16634 position=<5053.743164, 37.833683, 3752.876465> action=delete
[COT 2024-12-4D 8h:46:3s] 76561199282403539: ESP index=10 target=WoodenLog:4755 position=<5054.240234, 37.824036, 3753.494629> action=delete
[COT 2024-12-4D 8h:46:3s] 76561199282403539: ESP index=11 target=WoodenLog:16004 position=<5053.092285, 37.854866, 3750.680664> action=delete
[COT 2024-12-4D 8h:46:3s] 76561199282403539: ESP index=12 target=WoodenLog:15200 position=<5054.422852, 37.820477, 3753.724121> action=delete
[COT 2024-12-4D 8h:46:3s] 76561199282403539: ESP index=13 target=WoodenLog:14443 position=<5053.207031, 37.849480, 3751.335693> action=delete
[COT 2024-12-4D 8h:46:3s] 76561199282403539: ESP index=14 target=WoodenLog:10121 position=<5053.871094, 37.852123, 3750.637939> action=delete
[COT 2024-12-4D 8h:46:3s] 76561199282403539: ESP index=15 target=WoodenLog:10162 position=<5055.384766, 37.843544, 3752.104980> action=delete
[COT 2024-12-4D 8h:46:3s] 76561199282403539: ESP index=16 target=WoodenLog:10184 position=<5053.516113, 37.838081, 3752.595703> action=delete
[COT 2024-12-4D 8h:46:3s] 76561199282403539: ESP index=17 target=WoodenLog:7914 position=<5053.603516, 37.850990, 3750.916992> action=delete
[COT 2024-12-4D 8h:46:3s] 76561199282403539: ESP action=delete_all count=18 attempted=18
[COT 2024-12-4D 8h:46:10] 76561199282403539: Created Deletion Backup '2024-12-4D_8h-46-10'
[COT 2024-12-4D 8h:46:10] 76561199282403539: ESP index=0 target=FenceKit:13120 position=<5051.164551, 37.903122, 3751.813232> action=delete
[COT 2024-12-4D 8h:46:10] 76561199282403539: ESP index=1 target=WoodenLog:4341 position=<5051.401367, 37.868271, 3751.727051> action=delete
[COT 2024-12-4D 8h:46:10] 76561199282403539: ESP index=2 target=WoodenLog:13323 position=<5052.013184, 37.851540, 3750.087402> action=delete
[COT 2024-12-4D 8h:46:10] 76561199282403539: ESP index=3 target=WoodenLog:4764 position=<5052.647461, 37.851517, 3750.440186> action=delete
[COT 2024-12-4D 8h:46:10] 76561199282403539: ESP index=4 target=WoodenLog:10394 position=<5052.839844, 37.851505, 3750.546631> action=delete
[COT 2024-12-4D 8h:46:10] 76561199282403539: ESP action=delete_all count=5 attempted=5
[COT 2024-12-4D 8h:46:26] 76561199282403539: Created Deletion Backup '2024-12-4D_8h-46-26'
[COT 2024-12-4D 8h:46:26] 76561199282403539: ESP index=0 target=WoodenLog:11550 position=<5049.986816, 37.836021, 3751.921387> action=delete
[COT 2024-12-4D 8h:46:26] 76561199282403539: ESP index=1 target=WoodenLog:5487 position=<5050.100586, 37.834980, 3751.905518> action=delete
[COT 2024-12-4D 8h:46:26] 76561199282403539: ESP index=2 target=WoodenLog:15049 position=<5050.274902, 37.833385, 3751.881104> action=delete
[COT 2024-12-4D 8h:46:26] 76561199282403539: ESP index=3 target=WoodenLog:12592 position=<5050.543945, 37.830925, 3751.843994> action=delete
[COT 2024-12-4D 8h:46:26] 76561199282403539: ESP index=4 target=WoodenLog:5264 position=<5050.658691, 37.853291, 3751.828613> action=delete
[COT 2024-12-4D 8h:46:26] 76561199282403539: ESP index=5 target=WoodenLog:4777 position=<5050.398438, 37.832256, 3751.863525> action=delete
[COT 2024-12-4D 8h:46:26] 76561199282403539: ESP action=delete_all count=6 attempted=6
[COT 2024-12-4D 8h:46:33] 76561199282403539: ESP target=WoodenLog:12657 position=<5049.699219, 37.838650, 3751.961670> action=delete
[COT 2024-12-4D 8h:46:56] 76561199282403539: Created Deletion Backup '2024-12-4D_8h-46-56'
[COT 2024-12-4D 8h:46:56] 76561199282403539: ESP index=0 target=WoodenLog:12691 position=<5040.291504, 38.975994, 3761.268799> action=delete
[COT 2024-12-4D 8h:46:56] 76561199282403539: ESP index=1 target=WoodenLog:11348 position=<5037.885254, 38.981422, 3757.555908> action=delete
[COT 2024-12-4D 8h:46:56] 76561199282403539: ESP index=2 target=WoodenLog:11772 position=<5040.089355, 38.891724, 3761.015869> action=delete
[COT 2024-12-4D 8h:46:56] 76561199282403539: ESP index=3 target=WoodenLog:8025 position=<5038.174805, 38.825073, 3757.716064> action=delete
[COT 2024-12-4D 8h:46:56] 76561199282403539: ESP index=4 target=WoodenLog:6661 position=<5039.996094, 38.852615, 3760.898926> action=delete
[COT 2024-12-4D 8h:46:56] 76561199282403539: ESP index=5 target=WoodenLog:9418 position=<5039.389160, 38.598957, 3760.144531> action=delete
[COT 2024-12-4D 8h:46:56] 76561199282403539: ESP index=6 target=WoodenLog:5316 position=<5037.769043, 39.044563, 3757.491699> action=delete
[COT 2024-12-4D 8h:46:56] 76561199282403539: ESP index=7 target=WoodenLog:15336 position=<5038.848145, 38.464016, 3758.084961> action=delete
[COT 2024-12-4D 8h:46:56] 76561199282403539: ESP index=8 target=WoodenLog:7479 position=<5034.488281, 40.217960, 3759.500732> action=delete
[COT 2024-12-4D 8h:46:56] 76561199282403539: ESP index=9 target=WoodenLog:9789 position=<5034.861816, 40.003242, 3759.448242> action=delete
[COT 2024-12-4D 8h:46:56] 76561199282403539: ESP index=10 target=WoodenLog:7023 position=<5035.455078, 39.662025, 3759.365967> action=delete
[COT 2024-12-4D 8h:46:56] 76561199282403539: ESP index=11 target=PileOfWoodenPlanks:10000 position=<5039.946777, 37.796078, 3753.662354> action=delete
[COT 2024-12-4D 8h:46:56] 76561199282403539: ESP action=delete_all count=12 attempted=12
[COT 2024-12-4D 8h:47:6s] 76561199282403539: Created Deletion Backup '2024-12-4D_8h-47-6s'
[COT 2024-12-4D 8h:47:6s] 76561199282403539: ESP index=0 target=WoodenLog:10230 position=<5039.499023, 38.644794, 3760.280762> action=delete
[COT 2024-12-4D 8h:47:6s] 76561199282403539: ESP index=1 target=WoodenLog:7723 position=<5038.595703, 38.597786, 3757.950928> action=delete
[COT 2024-12-4D 8h:47:6s] 76561199282403539: ESP index=2 target=WoodenLog:16453 position=<5038.403320, 38.701496, 3757.844482> action=delete
[COT 2024-12-4D 8h:47:6s] 76561199282403539: ESP index=3 target=WoodenLog:8831 position=<5038.275879, 38.770466, 3757.772949> action=delete
[COT 2024-12-4D 8h:47:6s] 76561199282403539: ESP index=4 target=WoodenLog:6862 position=<5039.271973, 38.550007, 3760.000000> action=delete
[COT 2024-12-4D 8h:47:6s] 76561199282403539: ESP index=5 target=WoodenLog:7833 position=<5038.962891, 38.907269, 3758.739990> action=delete
[COT 2024-12-4D 8h:47:6s] 76561199282403539: ESP index=6 target=WoodenLog:5984 position=<5039.626953, 39.092648, 3758.042236> action=delete
[COT 2024-12-4D 8h:47:6s] 76561199282403539: ESP index=7 target=WoodenLog:10784 position=<5039.540527, 39.069035, 3758.132568> action=delete
[COT 2024-12-4D 8h:47:6s] 76561199282403539: ESP index=8 target=WoodenLog:7054 position=<5039.359375, 39.018883, 3758.321289> action=delete
[COT 2024-12-4D 8h:47:6s] 76561199282403539: ESP index=9 target=WoodenLog:7601 position=<5039.439453, 39.041092, 3758.237793> action=delete
[COT 2024-12-4D 8h:47:6s] 76561199282403539: ESP index=10 target=WoodenLog:11347 position=<5038.884277, 38.884880, 3758.824219> action=delete
[COT 2024-12-4D 8h:47:6s] 76561199282403539: ESP index=11 target=WoodenLog:7528 position=<5039.117188, 38.950855, 3758.576660> action=delete
[COT 2024-12-4D 8h:47:6s] 76561199282403539: ESP index=12 target=WoodenLog:5613 position=<5035.742676, 39.496391, 3759.325684> action=delete
[COT 2024-12-4D 8h:47:6s] 76561199282403539: ESP index=13 target=WoodenLog:15021 position=<5035.082031, 39.876740, 3759.417480> action=delete
[COT 2024-12-4D 8h:47:6s] 76561199282403539: ESP index=14 target=WoodenLog:6479 position=<5036.030762, 39.330032, 3759.285400> action=delete
[COT 2024-12-4D 8h:47:6s] 76561199282403539: ESP index=15 target=WoodenLog:11042 position=<5035.856445, 39.430668, 3759.309814> action=delete
[COT 2024-12-4D 8h:47:6s] 76561199282403539: ESP index=16 target=WoodenLog:12313 position=<5036.299805, 39.174690, 3759.248291> action=delete
[COT 2024-12-4D 8h:47:6s] 76561199282403539: ESP index=17 target=WoodenLog:12471 position=<5037.157227, 38.681973, 3759.131348> action=delete
[COT 2024-12-4D 8h:47:6s] 76561199282403539: ESP index=18 target=WoodenLog:15760 position=<5036.782715, 38.896690, 3759.183105> action=delete
[COT 2024-12-4D 8h:47:6s] 76561199282403539: ESP index=19 target=WoodenLog:13749 position=<5036.154297, 39.258522, 3759.267822> action=delete
[COT 2024-12-4D 8h:47:6s] 76561199282403539: ESP index=20 target=WoodenLog:4775 position=<5036.414551, 39.108643, 3759.232910> action=delete
[COT 2024-12-4D 8h:47:6s] 76561199282403539: ESP index=21 target=WoodenLog:14172 position=<5040.371582, 38.747845, 3759.012451> action=delete
[COT 2024-12-4D 8h:47:6s] 76561199282403539: ESP index=22 target=WoodenLog:6631 position=<5040.214355, 38.700508, 3758.910156> action=delete
[COT 2024-12-4D 8h:47:6s] 76561199282403539: ESP index=23 target=WoodenLog:6064 position=<5040.111328, 38.669415, 3758.843018> action=delete
[COT 2024-12-4D 8h:47:6s] 76561199282403539: ESP index=24 target=WoodenLog:7895 position=<5039.999023, 38.635616, 3758.770020> action=delete
[COT 2024-12-4D 8h:47:6s] 76561199282403539: ESP index=25 target=WoodenLog:7991 position=<5039.798828, 38.575108, 3758.639893> action=delete
[COT 2024-12-4D 8h:47:6s] 76561199282403539: ESP index=26 target=WoodenLog:4752 position=<5039.431152, 38.464012, 3758.401855> action=delete
[COT 2024-12-4D 8h:47:6s] 76561199282403539: ESP index=27 target=WoodenLog:4220 position=<5039.334961, 38.434689, 3758.338379> action=delete
[COT 2024-12-4D 8h:47:6s] 76561199282403539: ESP index=28 target=WoodenLog:7894 position=<5039.799316, 38.575500, 3758.640869> action=delete
[COT 2024-12-4D 8h:47:6s] 76561199282403539: ESP index=29 target=WoodenLog:12713 position=<5039.219238, 38.398880, 3758.258057> action=delete
[COT 2024-12-4D 8h:47:6s] 76561199282403539: ESP action=delete_all count=30 attempted=30
[COT 2024-12-4D 8h:47:10] 76561199282403539: Created Deletion Backup '2024-12-4D_8h-47-10'
[COT 2024-12-4D 8h:47:10] 76561199282403539: ESP index=0 target=WoodenLog:15770 position=<5040.534668, 39.077480, 3761.570068> action=delete
[COT 2024-12-4D 8h:47:10] 76561199282403539: ESP index=1 target=WoodenLog:12692 position=<5040.444336, 39.039837, 3761.458496> action=delete
[COT 2024-12-4D 8h:47:10] 76561199282403539: ESP index=2 target=WoodenLog:10365 position=<5040.178711, 38.929134, 3761.128418> action=delete
[COT 2024-12-4D 8h:47:10] 76561199282403539: ESP index=3 target=WoodenLog:14421 position=<5041.140625, 38.979702, 3759.509277> action=delete
[COT 2024-12-4D 8h:47:10] 76561199282403539: ESP index=4 target=WoodenLog:14480 position=<5041.043945, 38.950562, 3759.446777> action=delete
[COT 2024-12-4D 8h:47:10] 76561199282403539: ESP action=delete_all count=5 attempted=5
[COT 2024-12-4D 8h:47:21] 76561199282403539: ESP: Clearing ESP
[COT 2024-12-4D 8h:47:35] 76561199282403539: Spawned Entity Plank (WoodenPlank<cafe6e30>, 10, 100, 15, 0) at <5051.160156, 37.833965, 3749.166504>
[COT 2024-12-4D 8h:47:35] 76561199282403539: Spawned Entity Plank (WoodenPlank<cafec8c0>, 10, 100, 15, 0) at <5051.333984, 37.909203, 3749.351563>
[COT 2024-12-4D 8h:47:36] 76561199282403539: Spawned Entity Plank (WoodenPlank<cafe6420>, 10, 100, 15, 0) at <5051.506348, 37.983002, 3749.532959>
[COT 2024-12-4D 8h:47:38] 76561199282403539: Spawned Entity Plank (WoodenPlank<cafe9670>, 10, 100, 15, 0) at <5050.943848, 37.851677, 3752.473145>
[COT 2024-12-4D 8h:47:38] 76561199282403539: Spawned Entity Plank (WoodenPlank<cafebeb0>, 10, 100, 15, 0) at <5051.114258, 37.921219, 3752.504150>
[COT 2024-12-4D 8h:47:38] 76561199282403539: Spawned Entity Plank (WoodenPlank<cafeaa90>, 10, 100, 15, 0) at <5051.315918, 38.003437, 3752.540771>
[COT 2024-12-4D 8h:47:40] 76561199282403539: Spawned Entity Plank (WoodenPlank<cafe5a10>, 10, 100, 15, 0) at <5052.375488, 37.817799, 3755.241455>
[COT 2024-12-4D 8h:47:41] 76561199282403539: Spawned Entity Plank (WoodenPlank<cafed2d0>, 10, 100, 15, 0) at <5052.488770, 37.891666, 3755.152588>
[COT 2024-12-4D 8h:47:41] 76561199282403539: Spawned Entity Plank (WoodenPlank<cafeb4a0>, 10, 100, 15, 0) at <5052.633789, 37.985207, 3755.040283>
[COT 2024-12-4D 8h:47:43] 76561199282403539: Spawned Entity Plank (WoodenPlank<cafe45f0>, 10, 100, 15, 0) at <5055.832520, 37.808434, 3755.630859>
[COT 2024-12-4D 8h:47:43] 76561199282403539: Spawned Entity Plank (WoodenPlank<cafe8250>, 10, 100, 15, 0) at <5055.772461, 37.934811, 3755.450195>
[COT 2024-12-4D 8h:47:43] 76561199282403539: Spawned Entity Plank (WoodenPlank<cafe8c60>, 10, 100, 15, 0) at <5055.700195, 38.084160, 3755.236572>
[COT 2024-12-4D 8h:47:44] 76561199282403539: Spawned Entity Plank (WoodenPlank<cafea080>, 10, 100, 15, 0) at <5055.699707, 38.084160, 3755.236816>
[COT 2024-12-4D 8h:47:46] 76561199282403539: Spawned Entity Plank (WoodenPlank<944cb730>, 10, 100, 15, 0) at <5057.490234, 37.818642, 3753.250732>
[COT 2024-12-4D 8h:47:46] 76561199282403539: Spawned Entity Plank (WoodenPlank<944cfda0>, 10, 100, 15, 0) at <5057.348145, 37.915672, 3753.245605>
[COT 2024-12-4D 8h:47:46] 76561199282403539: Spawned Entity Plank (WoodenPlank<944c9900>, 10, 100, 15, 0) at <5057.128906, 38.064949, 3753.237793>
[COT 2024-12-4D 8h:47:49] 76561199282403539: Spawned Entity Plank (WoodenPlank<944d25e0>, 10, 100, 15, 0) at <5057.135254, 37.833622, 3749.937500>
[COT 2024-12-4D 8h:47:49] 76561199282403539: Spawned Entity Plank (WoodenPlank<944d2ff0>, 10, 100, 15, 0) at <5056.939941, 37.982990, 3750.227539>
[COT 2024-12-4D 8h:47:49] 76561199282403539: Spawned Entity Plank (WoodenPlank<944cc140>, 10, 100, 15, 0) at <5056.855957, 38.047276, 3750.352051>
[COT 2024-12-4D 8h:47:51] 76561199282403539: Spawned Entity Plank (WoodenPlank<944cd560>, 10, 100, 15, 0) at <5055.228027, 37.835545, 3746.783203>
[COT 2024-12-4D 8h:47:51] 76561199282403539: Spawned Entity Plank (WoodenPlank<944d7660>, 10, 100, 15, 0) at <5055.222656, 37.868347, 3746.910645>
[COT 2024-12-4D 8h:47:51] 76561199282403539: Spawned Entity Plank (WoodenPlank<944d9490>, 10, 100, 15, 0) at <5055.214844, 37.921371, 3747.116699>
[COT 2024-12-4D 8h:48:4s] 76561199282403539: Spawned Entity Nails (Nail<92a10750>, 99, 80, 15, 0) at <5054.979980, 37.821175, 3753.186768>
[COT 2024-12-4D 8h:48:4s] 76561199282403539: Spawned Entity Nails (Nail<92a0acc0>, 99, 80, 15, 0) at <5054.979980, 37.821175, 3753.186768>
[COT 2024-12-4D 8h:48:5s] 76561199282403539: Spawned Entity Nails (Nail<92a0c0e0>, 99, 80, 15, 0) at <5054.979980, 37.821175, 3753.186768>
[COT 2024-12-4D 8h:48:5s] 76561199282403539: Spawned Entity Nails (Nail<92a12580>, 99, 80, 15, 0) at <5054.979980, 37.821175, 3753.186768>
[COT 2024-12-4D 8h:48:6s] 76561199282403539: Spawned Entity Nails (Nail<92a0caf0>, 99, 80, 15, 0) at <5054.979980, 37.821175, 3753.186768>
[COT 2024-12-4D 8h:48:7s] 76561199282403539: Spawned Entity Nails (Nail<92a157d0>, 99, 80, 15, 0) at <5054.979980, 37.821175, 3753.186768>
[COT 2024-12-4D 8h:48:9s] 76561199282403539: Spawned Entity Nails (Nail<92a1b260>, 99, 80, 15, 0) at <5054.979980, 37.821175, 3753.186768>
[COT 2024-12-4D 8h:48:9s] 76561199282403539: Spawned Entity Nails (Nail<92a161e0>, 99, 80, 15, 0) at <5054.979980, 37.821175, 3753.186768>
[COT 2024-12-4D 8h:48:9s] 76561199282403539: Spawned Entity Nails (Nail<92a1e4b0>, 99, 80, 15, 0) at <5054.979980, 37.821175, 3753.186768>
[COT 2024-12-4D 8h:48:17] 76561199282403539: Spawned Entity Hammer (Hammer<929ebfb0>, 99, 100, 15, 0) at <5054.979980, 37.821175, 3753.186768>
[COT 2024-12-4D 8h:51:8s] 76561199282403539: Spawned Entity Hatchet (Hatchet<9a165fa0>, 100, 150, 15, 0) at <5055.986816, 37.821438, 3752.958252>
[COT 2024-12-4D 8h:54:26] 76561199282403539: Spawned Entity Hammer (Hammer<99d8b940>, 100, 100, 15, 0) at <5053.367676, 37.835541, 3748.863770>
[COT 2024-12-4D 8h:56:31] 76561199282403539: Spawned Entity Plank (WoodenPlank<cb9d6cb0>, 10, 100, 15, 0) at <5051.103027, 37.834099, 3749.375732>
[COT 2024-12-4D 8h:57:26] 76561199282403539: Spawned Entity Barbed Wire (BarbedWire<cf30e360>, 10, 300, 15, 0) at <5053.955566, 37.815769, 3752.561035>
[COT 2024-12-4D 8h:57:27] 76561199282403539: Spawned Entity Barbed Wire (BarbedWire<cf315c20>, 10, 300, 15, 0) at <5053.935059, 37.910042, 3752.370117>
[COT 2024-12-4D 8h:57:28] 76561199282403539: Spawned Entity Barbed Wire (BarbedWire<cf335d50>, 10, 300, 15, 0) at <5053.916016, 38.004314, 3752.178467>
[COT 2024-12-4D 8h:57:28] 76561199282403539: Spawned Entity Barbed Wire (BarbedWire<cf3430a0>, 10, 300, 15, 0) at <5053.894043, 38.098587, 3751.986328>
[COT 2024-12-4D 8h:57:28] 76561199282403539: Spawned Entity Barbed Wire (BarbedWire<cf33ea30>, 10, 300, 15, 0) at <5053.872070, 38.192863, 3751.794678>
[COT 2024-12-4D 8h:57:28] 76561199282403539: Spawned Entity Barbed Wire (BarbedWire<cf344ed0>, 10, 300, 15, 0) at <5053.852539, 38.287136, 3751.603027>
[COT 2024-12-4D 8h:57:29] 76561199282403539: Spawned Entity Barbed Wire (BarbedWire<cf3458e0>, 10, 300, 15, 0) at <5053.835449, 38.381409, 3751.412842>
[COT 2024-12-4D 8h:57:29] 76561199282403539: Spawned Entity Barbed Wire (BarbedWire<cf3462f0>, 10, 300, 15, 0) at <5053.815430, 38.475677, 3751.221191>
[COT 2024-12-4D 8h:57:30] 76561199282403539: Spawned Entity Barbed Wire (BarbedWire<9bfd9930>, 10, 300, 15, 0) at <5053.795898, 38.569946, 3751.028564>
[COT 2024-12-4D 8h:57:30] 76561199282403539: Spawned Entity Barbed Wire (BarbedWire<9bfd66e0>, 10, 300, 15, 0) at <5053.775391, 38.664215, 3750.835938>
[COT 2024-12-4D 8h:57:30] 76561199282403539: Spawned Entity Barbed Wire (BarbedWire<9bfdad50>, 10, 300, 15, 0) at <5053.754883, 38.758484, 3750.641357>
[COT 2024-12-4D 8h:57:30] 76561199282403539: Spawned Entity Barbed Wire (BarbedWire<9bfd48b0>, 10, 300, 15, 0) at <5053.733398, 38.852753, 3750.448486>
[COT 2024-12-4D 8h:57:31] 76561199282403539: Spawned Entity Barbed Wire (BarbedWire<9bfd52c0>, 10, 300, 15, 0) at <5053.712402, 38.947025, 3750.256836>
[COT 2024-12-4D 8h:57:32] 76561199282403539: Spawned Entity Barbed Wire (BarbedWire<9bfe1c00>, 10, 300, 15, 0) at <5053.688477, 39.041302, 3750.066406>
[COT 2024-12-4D 8h:57:32] 76561199282403539: Spawned Entity Barbed Wire (BarbedWire<9bfde9b0>, 10, 300, 15, 0) at <5053.666016, 39.135571, 3749.875000>
[COT 2024-12-4D 8h:57:33] 76561199282403539: Spawned Entity Barbed Wire (BarbedWire<9bfe3020>, 10, 300, 15, 0) at <5053.643066, 39.229839, 3749.678711>
[COT 2024-12-4D 8h:57:38] 76561199282403539: Spawned Entity Metal Wire (MetalWire<9bfdcb80>, 10, 500, 15, 0) at <5051.109863, 37.855453, 3751.544922>
[COT 2024-12-4D 8h:57:39] 76561199282403539: Spawned Entity Metal Wire (MetalWire<9bfdd590>, 10, 500, 15, 0) at <5051.155762, 37.886398, 3751.502930>
[COT 2024-12-4D 8h:57:39] 76561199282403539: Spawned Entity Metal Wire (MetalWire<9bfe6270>, 10, 500, 15, 0) at <5051.200195, 37.919312, 3751.453125>
[COT 2024-12-4D 8h:57:40] 76561199282403539: Spawned Entity Metal Wire (MetalWire<9bfdf3c0>, 10, 500, 15, 0) at <5051.295898, 37.987034, 3751.344482>
[COT 2024-12-4D 8h:57:52] 76561199282403539: Spawned Entity Pliers (Pliers<9bfebd00>, 100, 100, 15, 0) at <5053.486328, 39.324112, 3749.498779>
[COT 2024-12-4D 8h:57:53] 76561199282403539: Spawned Entity Pliers (Pliers<932cfbb0>, 100, 100, 15, 0) at <5053.545410, 39.432449, 3749.237305>
[COT 2024-12-4D 8h:58:12] 76561199282403539: Spawned Entity Sea Chest (SeaChest<932d6a60>, 100, 600, 15, 0) at <5057.139648, 37.818008, 3753.443604>
[COT 2024-12-4D 8h:58:18] 76561199282403539: Spawned Entity Sea Chest (SeaChest<932d4220>, 100, 600, 15, 0) at <5052.391113, 37.819870, 3754.876221>
[COT 2024-12-4D 8h:58:24] 76561199282403539: Spawned Entity Sea Chest (SeaChest<8c9683d0>, 100, 600, 15, 0) at <5050.429199, 37.833771, 3748.354980>
[COT 2024-12-4D 8h:58:27] 76561199282403539: Spawned Entity Sea Chest (SeaChest<8c963d60>, 100, 600, 15, 0) at <5055.016602, 37.835545, 3747.055664>
[COT 2024-12-4D 8h:58:40] 76561199282403539: Spawned Entity CodeLock (CodeLock<8c962940>, 100, 1500, 15, 0) at <5054.607910, 37.828117, 3751.851807>
[COT 2024-12-4D 8h:58:41] 76561199282403539: Spawned Entity CodeLock (CodeLock<8c971ac0>, 100, 1500, 15, 0) at <5054.610352, 37.828114, 3751.853027>
[COT 2024-12-4D 8h:58:41] 76561199282403539: Spawned Entity CodeLock (CodeLock<8c9710b0>, 100, 1500, 15, 0) at <5054.613770, 37.854366, 3751.803467>
[COT 2024-12-4D 8h:58:41] 76561199282403539: Spawned Entity CodeLock (CodeLock<8c972ee0>, 100, 1500, 15, 0) at <5054.614746, 37.889477, 3751.735352>
[COT 2024-12-4D 9h:3m:7s] 76561199282403539: Spawned Entity Camo Net (CamoNet<c7c8ef60>, 100, 120, 15, 0) at <5054.670898, 37.794346, 3754.672607>
[COT 2024-12-4D 9h:3m:9s] 76561199282403539: Spawned Entity Camo Net (CamoNet<c7c8d130>, 100, 120, 15, 0) at <5056.279785, 37.822575, 3752.672119>
[COT 2024-12-4D 9h:3m:11] 76561199282403539: Spawned Entity Camo Net (CamoNet<c7c97230>, 100, 120, 15, 0) at <5056.006836, 37.835545, 3749.475342>
[COT 2024-12-4D 9h:3m:12] 76561199282403539: Spawned Entity Camo Net (CamoNet<88142760>, 100, 120, 15, 0) at <5054.253906, 37.835545, 3747.172119>
[COT 2024-12-4D 9h:3m:15] 76561199282403539: Spawned Entity Camo Net (CamoNet<8813ccd0>, 100, 120, 15, 0) at <5052.200195, 37.835548, 3746.693359>
[COT 2024-12-4D 9h:3m:16] 76561199282403539: Spawned Entity Camo Net (CamoNet<881664f0>, 100, 120, 15, 0) at <5051.189941, 37.833786, 3748.861328>
[COT 2024-12-4D 9h:3m:19] 76561199282403539: Spawned Entity Camo Net (CamoNet<8816d3a0>, 100, 120, 15, 0) at <5050.167480, 37.845119, 3751.319336>
[COT 2024-12-4D 9h:3m:21] 76561199282403539: Spawned Entity Camo Net (CamoNet<8816fbe0>, 100, 120, 15, 0) at <5051.913086, 39.067738, 3755.211914>
[COT 2024-12-4D 9h:4m:9s] 76561199282403539: Spawned Entity Hammer (Hammer<c5f9e5d0>, 100, 100, 15, 0) at <5053.857910, 37.835545, 3748.989746>
[COT 2024-12-4D 9h:4m:11] 76561199282403539: Spawned Entity Hammer (Hammer<cf31fd20>, 100, 100, 15, 0) at <5053.843262, 37.928650, 3749.133057>
[COT 2024-12-4D 9h:4m:35] 76561199282403539: Spawned Entity Plank (WoodenPlank<cf335340>, 10, 100, 15, 0) at <5054.825684, 37.834190, 3750.578125>
[COT 2024-12-4D 9h:4m:35] 76561199282403539: Spawned Entity Plank (WoodenPlank<cf32e490>, 10, 100, 15, 0) at <5054.678223, 37.934845, 3750.437256>
[COT 2024-12-4D 9h:4m:35] 76561199282403539: Spawned Entity Plank (WoodenPlank<cf332b00>, 10, 100, 15, 0) at <5054.578125, 38.003891, 3750.340576>
[COT 2024-12-4D 9h:4m:39] 76561199282403539: Spawned Entity Plank (WoodenPlank<9507e7d0>, 10, 100, 15, 0) at <5055.060059, 37.816177, 3754.198975>
[COT 2024-12-4D 9h:4m:39] 76561199282403539: Spawned Entity Plank (WoodenPlank<9507fbf0>, 10, 100, 15, 0) at <5054.968750, 37.873455, 3753.994873>
[COT 2024-12-4D 9h:4m:39] 76561199282403539: Spawned Entity Plank (WoodenPlank<950888d0>, 10, 100, 15, 0) at <5054.846191, 37.949783, 3753.723877>
[COT 2024-12-4D 9h:4m:39] 76561199282403539: Spawned Entity Plank (WoodenPlank<95081a20>, 10, 100, 15, 0) at <5054.790039, 37.984718, 3753.600342>
[COT 2024-12-4D 9h:4m:42] 76561199282403539: Spawned Entity Plank (WoodenPlank<9504e100>, 10, 100, 15, 0) at <5051.002441, 37.897995, 3752.529541>
[COT 2024-12-4D 9h:4m:42] 76561199282403539: Spawned Entity Plank (WoodenPlank<9504f520>, 10, 100, 15, 0) at <5051.128906, 38.047318, 3752.129883>
[COT 2024-12-4D 9h:4m:43] 76561199282403539: Spawned Entity Plank (WoodenPlank<9504a4a0>, 10, 100, 15, 0) at <5051.176758, 38.103001, 3751.980957>
[COT 2024-12-4D 9h:4m:43] 76561199282403539: Spawned Entity Plank (WoodenPlank<9505a030>, 10, 100, 15, 0) at <5051.230957, 38.165619, 3751.813721>
[COT 2024-12-4D 9h:4m:46] 76561199282403539: Spawned Entity Plank (WoodenPlank<950577f0>, 10, 100, 15, 0) at <5051.408203, 37.930859, 3747.288574>
[COT 2024-12-4D 9h:4m:46] 76561199282403539: Spawned Entity Plank (WoodenPlank<95054fb0>, 10, 100, 15, 0) at <5051.487793, 38.080288, 3747.369141>
[COT 2024-12-4D 9h:4m:47] 76561199282403539: Spawned Entity Plank (WoodenPlank<9505aa40>, 10, 100, 15, 0) at <5051.570313, 38.229614, 3747.450195>
[COT 2024-12-4D 9h:4m:47] 76561199282403539: Spawned Entity Plank (WoodenPlank<95056de0>, 10, 100, 15, 0) at <5051.651367, 38.375927, 3747.527832>
[COT 2024-12-4D 9h:4m:51] 76561199282403539: Spawned Entity Plank (WoodenPlank<95058200>, 10, 100, 15, 0) at <5054.380859, 37.835548, 3746.458008>
[COT 2024-12-4D 9h:4m:51] 76561199282403539: Spawned Entity Plank (WoodenPlank<950545a0>, 10, 100, 15, 0) at <5054.270020, 37.928730, 3746.556396>
[COT 2024-12-4D 9h:5m:4s] 76561199282403539: Spawned Entity Sheet Metal (MetalPlate<96e48990>, 10, 100, 15, 0) at <5053.215332, 37.835545, 3746.427979>
[COT 2024-12-4D 9h:5m:4s] 76561199282403539: Spawned Entity Sheet Metal (MetalPlate<96e52a90>, 10, 100, 15, 0) at <5053.174316, 37.919071, 3746.514893>
[COT 2024-12-4D 9h:5m:7s] 76561199282403539: Spawned Entity Sheet Metal (MetalPlate<96e53eb0>, 10, 100, 15, 0) at <5056.596191, 37.829208, 3751.265381>
[COT 2024-12-4D 9h:5m:8s] 76561199282403539: Spawned Entity Sheet Metal (MetalPlate<96e1bf20>, 10, 100, 15, 0) at <5056.371582, 37.918285, 3751.102295>
[COT 2024-12-4D 9h:5m:11] 76561199282403539: Spawned Entity Sheet Metal (MetalPlate<96e1b510>, 10, 100, 15, 0) at <5053.514648, 37.810730, 3754.218018>
[COT 2024-12-4D 9h:5m:11] 76561199282403539: Spawned Entity Sheet Metal (MetalPlate<96e15070>, 10, 100, 15, 0) at <5053.457520, 37.894253, 3753.920898>
[COT 2024-12-4D 9h:5m:17] 76561199282403539: Spawned Entity Sheet Metal (MetalPlate<96e22dd0>, 10, 100, 15, 0) at <5050.760254, 37.834328, 3749.582031>
[COT 2024-12-4D 9h:5m:17] 76561199282403539: Spawned Entity Sheet Metal (MetalPlate<96e20fa0>, 10, 100, 15, 0) at <5050.844238, 37.923401, 3749.514160>
[COT 2024-12-4D 9h:6m:22] 76561199282403539: Spawned Entity Nails (Nail<9c5ee180>, 99, 80, 15, 0) at <5050.319336, 39.076450, 3748.269043>
[COT 2024-12-4D 9h:6m:22] 76561199282403539: Spawned Entity Nails (Nail<9c5e9b10>, 99, 80, 15, 0) at <5050.303223, 39.151253, 3748.292969>
[COT 2024-12-4D 9h:6m:22] 76561199282403539: Spawned Entity Nails (Nail<9c5eaf30>, 99, 80, 15, 0) at <5050.286621, 39.226055, 3748.317139>
[COT 2024-12-4D 9h:6m:23] 76561199282403539: Spawned Entity Nails (Nail<9c613d40>, 99, 80, 15, 0) at <5050.270020, 39.300861, 3748.341309>
[COT 2024-12-4D 9h:9m:22] 76561199282403539: Spawned Entity Watchtower (Watchtower<cc49baa0>, 99, 100, 15, 0) at <5053.920410, 37.828995, 3751.800781>
[COT 2024-12-4D 9h:10:1s] 76561199282403539: Deleted Entity Watchtower:7642 at <5053.920410, 37.893993, 3751.800781>
[COT 2024-12-4D 9h:10:18] 76561199282403539: Spawned Entity Watchtower (Watchtower<d5400080>, 99, 100, 15, 0) at <5050.971191, 38.314995, 3751.871826>
[COT 2024-12-4D 9h:10:32] 76561199282403539: Spawned Entity Watchtower (Watchtower<d5400b10>, 99, 100, 15, 0) at <5057.516113, 37.834629, 3749.988281>
[COT 2024-12-4D 9h:10:54] 76561199282403539: ESP: ESP updating
[COT 2024-12-4D 9h:10:57] 76561199282403539: Created Deletion Backup '2024-12-4D_9h-10-57'
[COT 2024-12-4D 9h:10:57] 76561199282403539: ESP index=0 target=FenceKit:11114 position=<5056.337402, 37.863297, 3750.178223> action=delete
[COT 2024-12-4D 9h:10:57] 76561199282403539: ESP action=delete_all count=1 attempted=1
[COT 2024-12-4D 9h:11:16] 76561199282403539: ESP: Clearing ESP
[COT 2024-12-4D 9h:11:26] 76561199282403539: Deleted Entity Watchtower:9829 at <5050.971191, 38.379993, 3751.871826>
[COT 2024-12-4D 9h:12:54] 76561199282403539: Spawned Entity Wooden Log (WoodenLog<9c4161e0>, 1, 500, 15, 0) at <5048.838379, 37.985191, 3752.791992>
[COT 2024-12-4D 9h:12:56] 76561199282403539: Spawned Entity Wooden Log (WoodenLog<9c417600>, 1, 500, 15, 0) on 76561199282403539
[COT 2024-12-4D 9h:13:0s] 76561199282403539: Spawned Entity Wooden Log (WoodenLog<9c4139a0>, 1, 500, 15, 0) at <5049.218262, 38.183819, 3752.539551>
[COT 2024-12-4D 9h:13:1s] 76561199282403539: Spawned Entity Wooden Log (WoodenLog<9c411160>, 1, 500, 15, 0) at <5049.355469, 38.269531, 3752.490234>
[COT 2024-12-4D 9h:15:22] 76561199282403539: Spawned Entity Nails (Nail<9e18df00>, 99, 80, 15, 0) at <5048.012695, 37.820614, 3753.738281>
[COT 2024-12-4D 9h:15:22] 76561199282403539: Spawned Entity Nails (Nail<9e18e910>, 99, 80, 15, 0) at <5048.119141, 37.887325, 3753.690918>
[COT 2024-12-4D 9h:15:22] 76561199282403539: Spawned Entity Nails (Nail<9e196be0>, 99, 80, 15, 0) at <5048.219727, 37.950729, 3753.645508>
[COT 2024-12-4D 9h:15:22] 76561199282403539: Spawned Entity Nails (Nail<9e18fd30>, 99, 80, 15, 0) at <5048.315430, 38.010914, 3753.602295>
[COT 2024-12-4D 9h:15:23] 76561199282403539: Spawned Entity Nails (Nail<9e19eeb0>, 99, 80, 15, 0) at <5048.424805, 38.079067, 3753.553223>
[COT 2024-12-4D 9h:15:24] 76561199282403539: Spawned Entity Nails (Nail<9e198a10>, 99, 80, 15, 0) at <5048.524902, 38.147236, 3753.507568>
[COT 2024-12-4D 9h:15:24] 76561199282403539: Spawned Entity Nails (Nail<9e1a02d0>, 99, 80, 15, 0) at <5048.628418, 38.212742, 3753.460938>
[COT 2024-12-4D 9h:15:24] 76561199282403539: Spawned Entity Nails (Nail<9e19c670>, 99, 80, 15, 0) at <5048.627930, 38.212669, 3753.460205>
[COT 2024-12-4D 9h:17:11] 76561199282403539: Spawned Entity Nails (Nail<98e576a0>, 99, 80, 15, 0) at <5048.699707, 38.062687, 3752.763672>
[COT 2024-12-4D 9h:17:11] 76561199282403539: Spawned Entity Nails (Nail<98e65400>, 99, 80, 15, 0) at <5048.810059, 38.131241, 3752.736572>
[COT 2024-12-4D 9h:17:12] 76561199282403539: Spawned Entity Nails (Nail<98e60380>, 99, 80, 15, 0) at <5048.916504, 38.198223, 3752.709717>
[COT 2024-12-4D 9h:17:12] 76561199282403539: Spawned Entity Nails (Nail<98e68650>, 99, 80, 15, 0) at <5049.032227, 38.269035, 3752.681885>
[COT 2024-12-4D 9h:17:12] 76561199282403539: Spawned Entity Nails (Nail<98e617a0>, 99, 80, 15, 0) at <5049.141113, 38.335175, 3752.655762>
[COT 2024-12-4D 9h:17:12] 76561199282403539: Spawned Entity Nails (Nail<98e69060>, 99, 80, 15, 0) at <5049.252441, 38.402130, 3752.628174>
[COT 2024-12-4D 9h:17:13] 76561199282403539: Spawned Entity Nails (Nail<98e621b0>, 99, 80, 15, 0) at <5049.367188, 38.470852, 3752.600830>
[COT 2024-12-4D 9h:17:13] 76561199282403539: Spawned Entity Nails (Nail<98e69a70>, 99, 80, 15, 0) at <5049.487793, 38.543556, 3752.572754>
[COT 2024-12-4D 9h:17:13] 76561199282403539: Spawned Entity Nails (Nail<98e72750>, 99, 80, 15, 0) at <5049.601074, 38.612049, 3752.546143>
[COT 2024-12-4D 9h:17:13] 76561199282403539: Spawned Entity Nails (Nail<98e7c850>, 99, 80, 15, 0) at <5049.690430, 38.666416, 3752.525879>
[COT 2024-12-4D 9h:17:22] 76561199282403539: Spawned Entity Plank (WoodenPlank<98e7d260>, 10, 100, 15, 0) at <5049.805664, 38.740997, 3752.502686>
[COT 2024-12-4D 9h:17:22] 76561199282403539: Spawned Entity Plank (WoodenPlank<98e7dc70>, 10, 100, 15, 0) at <5050.041016, 38.884026, 3752.447754>
[COT 2024-12-4D 9h:17:22] 76561199282403539: Spawned Entity Plank (WoodenPlank<98e7f090>, 10, 100, 15, 0) at <5050.216797, 38.991627, 3752.406494>
[COT 2024-12-4D 9h:17:22] 76561199282403539: Spawned Entity Plank (WoodenPlank<98e80ec0>, 10, 100, 15, 0) at <5050.390625, 39.097450, 3752.365479>
[COT 2024-12-4D 9h:17:22] 76561199282403539: Spawned Entity Plank (WoodenPlank<9a51c0e0>, 10, 100, 15, 0) at <5050.623535, 39.239964, 3752.311279>
[COT 2024-12-4D 9h:17:23] 76561199282403539: Spawned Entity Plank (WoodenPlank<9a51d500>, 10, 100, 15, 0) at <5050.808594, 39.353279, 3752.268311>
[COT 2024-12-4D 9h:17:23] 76561199282403539: Spawned Entity Plank (WoodenPlank<9a518480>, 10, 100, 15, 0) at <5050.989746, 39.464565, 3752.226563>
[COT 2024-12-4D 9h:19:33] 76561199282403539: Spawned Entity Wooden Log (WoodenLog<98557ee0>, 1, 500, 15, 0) at <5047.214355, 40.567333, 3752.649902>
[COT 2024-12-4D 9h:19:33] 76561199282403539: Spawned Entity Wooden Log (WoodenLog<98565c40>, 1, 500, 15, 0) at <5047.365234, 40.742931, 3752.745117>
[COT 2024-12-4D 9h:19:34] 76561199282403539: Spawned Entity Wooden Log (WoodenLog<98565230>, 1, 500, 15, 0) at <5047.471680, 40.868629, 3752.810547>
[COT 2024-12-4D 9h:19:34] 76561199282403539: Spawned Entity Wooden Log (WoodenLog<98566650>, 1, 500, 15, 0) at <5047.653320, 41.083347, 3752.927002>
[COT 2024-12-4D 9h:21:6s] 76561199282403539: ESP: Viewing ESP
[COT 2024-12-4D 9h:21:11] 76561199282403539: Entered the Free Camera
[COT 2024-12-4D 9h:21:46] 76561199282403539: Left the Free Camera
[COT 2024-12-4D 9h:24:10] 76561199282403539: Created Loadout 'adminCompound'
[COT 2024-12-4D 9h:24:13] 76561199282403539: ESP: Clearing ESP
[COT 2024-12-4D 9h:24:26] 76561199282403539: Loadout set JMLoadout<9f9fda70> spawned at <5071.971191, 37.124207, 3750.110840>
[COT 2024-12-4D 9h:25:4s] 76561199282403539: ESP: Viewing ESP
[COT 2024-12-4D 9h:25:24] 76561199282403539: Created Deletion Backup '2024-12-4D_9h-25-24'
[COT 2024-12-4D 9h:25:24] 76561199282403539: ESP index=0 target=Fence:7469 position=<5051.854492, 37.791927, 3745.880615> action=delete
[COT 2024-12-4D 9h:25:24] 76561199282403539: ESP index=1 target=Fence:14345 position=<5055.426270, 37.746719, 3756.131836> action=delete
[COT 2024-12-4D 9h:25:24] 76561199282403539: ESP index=2 target=FenceKit:8902 position=<5052.163574, 37.882542, 3747.228760> action=delete
[COT 2024-12-4D 9h:25:24] 76561199282403539: ESP index=3 target=Fence:16777 position=<5071.117188, 37.143669, 3745.146484> action=delete
[COT 2024-12-4D 9h:25:24] 76561199282403539: ESP index=4 target=Fence:16748 position=<5071.248047, 37.385258, 3754.699219> action=delete
[COT 2024-12-4D 9h:25:24] 76561199282403539: ESP index=5 target=Fence:16766 position=<5074.688965, 36.984451, 3755.397705> action=delete
[COT 2024-12-4D 9h:25:24] 76561199282403539: ESP index=6 target=Fence:16756 position=<5074.699707, 36.630413, 3745.860596> action=delete
[COT 2024-12-4D 9h:25:24] 76561199282403539: ESP index=7 target=Fence:13532 position=<5055.437012, 37.784447, 3746.594727> action=delete
[COT 2024-12-4D 9h:25:24] 76561199282403539: ESP index=8 target=Fence:4268 position=<5051.985352, 37.781178, 3755.433350> action=delete
[COT 2024-12-4D 9h:25:24] 76561199282403539: ESP index=9 target=Fence:10739 position=<5057.850586, 37.776653, 3753.575928> action=delete
[COT 2024-12-4D 9h:25:24] 76561199282403539: ESP index=10 target=Fence:10404 position=<5049.549805, 37.794079, 3748.361328> action=delete
[COT 2024-12-4D 9h:25:24] 76561199282403539: ESP index=11 target=FenceKit:4556 position=<5056.511230, 37.869610, 3753.230713> action=delete
[COT 2024-12-4D 9h:25:24] 76561199282403539: ESP index=12 target=FenceKit:15541 position=<5054.580078, 37.885532, 3747.680420> action=delete
[COT 2024-12-4D 9h:25:24] 76561199282403539: ESP index=13 target=Fence:8877 position=<5076.907715, 36.532177, 3748.993896> action=delete
[COT 2024-12-4D 9h:25:24] 76561199282403539: ESP index=14 target=Watchtower:4540 position=<5047.962891, 37.796833, 3752.811768> action=delete
[COT 2024-12-4D 9h:25:24] 76561199282403539: ESP index=15 target=Fence:16739 position=<5077.113281, 36.651459, 3752.841797> action=delete
[COT 2024-12-4D 9h:25:24] 76561199282403539: ESP index=16 target=Fence:6868 position=<5068.812500, 37.448269, 3747.627197> action=delete
[COT 2024-12-4D 9h:25:24] 76561199282403539: ESP index=17 target=Watchtower:7684 position=<5067.225586, 37.641079, 3752.077637> action=delete
[COT 2024-12-4D 9h:25:24] 76561199282403539: ESP index=18 target=Fence:6329 position=<5069.107422, 37.500706, 3751.492920> action=delete
[COT 2024-12-4D 9h:25:24] 76561199282403539: ESP index=19 target=FenceKit:16757 position=<5073.857910, 36.830330, 3746.946289> action=delete
[COT 2024-12-4D 9h:25:24] 76561199282403539: ESP index=20 target=FenceKit:16749 position=<5072.104492, 37.303730, 3753.615479> action=delete
[COT 2024-12-4D 9h:25:24] 76561199282403539: ESP index=21 target=FenceKit:16740 position=<5075.790527, 36.859291, 3752.496582> action=delete
[COT 2024-12-4D 9h:25:24] 76561199282403539: ESP index=22 target=WatchtowerKit:4538 position=<5050.971191, 38.453049, 3751.871826> action=delete
[COT 2024-12-4D 9h:25:24] 76561199282403539: ESP index=23 target=FenceKit:9500 position=<5073.842773, 37.595310, 3746.946289> action=delete
[COT 2024-12-4D 9h:25:24] 76561199282403539: ESP index=24 target=FenceKit:11689 position=<5070.175293, 37.365498, 3747.845703> action=delete
[COT 2024-12-4D 9h:25:24] 76561199282403539: ESP index=25 target=FenceKit:10375 position=<5075.773926, 37.624279, 3752.496582> action=delete
[COT 2024-12-4D 9h:25:24] 76561199282403539: ESP index=26 target=WatchtowerKit:5078 position=<5067.225586, 37.716873, 3752.077637> action=delete
[COT 2024-12-4D 9h:25:24] 76561199282403539: ESP index=27 target=WatchtowerKit:13445 position=<5070.233887, 38.222912, 3751.137695> action=delete
[COT 2024-12-4D 9h:25:24] 76561199282403539: ESP index=28 target=WoodenPlank:16520 position=<5070.252441, 37.480324, 3751.492432> action=delete
[COT 2024-12-4D 9h:25:24] 76561199282403539: ESP index=29 target=WatchtowerKit:12673 position=<5075.563477, 37.588947, 3750.132324> action=delete
[COT 2024-12-4D 9h:25:24] 76561199282403539: ESP index=30 target=WoodenPlank:10871 position=<5066.587891, 37.733006, 3752.094727> action=delete
[COT 2024-12-4D 9h:25:24] 76561199282403539: ESP index=31 target=WatchtowerKit:5554 position=<5067.225586, 38.431355, 3752.077637> action=delete
[COT 2024-12-4D 9h:25:24] 76561199282403539: ESP index=32 target=FenceKit:15620 position=<5074.228027, 37.873253, 3754.093750> action=delete
[COT 2024-12-4D 9h:25:24] 76561199282403539: ESP index=33 target=WoodenPlank:15386 position=<5067.510742, 37.663490, 3752.583008> action=delete
[COT 2024-12-4D 9h:25:24] 76561199282403539: ESP index=34 target=WoodenPlank:15181 position=<5073.643555, 36.864368, 3745.723877> action=delete
[COT 2024-12-4D 9h:25:24] 76561199282403539: ESP index=35 target=SeaChest:12506 position=<5076.402344, 36.725651, 3752.709473> action=delete
[COT 2024-12-4D 9h:25:24] 76561199282403539: ESP index=36 target=FenceKit:10706 position=<5070.178223, 38.106071, 3747.845947> action=delete
[COT 2024-12-4D 9h:25:24] 76561199282403539: ESP index=37 target=WoodenPlank:14181 position=<5073.532715, 36.881569, 3745.822266> action=delete
[COT 2024-12-4D 9h:25:24] 76561199282403539: ESP index=38 target=SeaChest:14105 position=<5071.653809, 37.313007, 3754.142090> action=delete
[COT 2024-12-4D 9h:25:24] 76561199282403539: ESP index=39 target=FenceKit:16764 position=<5071.426270, 37.914806, 3746.494629> action=delete
[COT 2024-12-4D 9h:25:24] 76561199282403539: ESP index=40 target=FenceKit:16767 position=<5074.238770, 37.109173, 3754.094238> action=delete
[COT 2024-12-4D 9h:25:24] 76561199282403539: ESP index=41 target=FenceKit:16778 position=<5071.427734, 37.130703, 3746.494141> action=delete
[COT 2024-12-4D 9h:25:24] 76561199282403539: ESP index=42 target=FenceKit:5143 position=<5075.610352, 36.705738, 3749.440430> action=delete
[COT 2024-12-4D 9h:25:24] 76561199282403539: ESP index=43 target=FenceKit:7232 position=<5070.425293, 37.393223, 3751.079102> action=delete
[COT 2024-12-4D 9h:25:24] 76561199282403539: ESP index=44 target=WatchtowerKit:5618 position=<5056.300781, 37.897224, 3750.866455> action=delete
[COT 2024-12-4D 9h:25:24] 76561199282403539: ESP index=45 target=WoodenPlank:13875 position=<5047.325195, 40.620041, 3752.828857> action=delete
[COT 2024-12-4D 9h:25:24] 76561199282403539: ESP index=46 target=WoodenPlank:11855 position=<5050.989746, 39.549545, 3752.226563> action=delete
[COT 2024-12-4D 9h:25:24] 76561199282403539: ESP index=47 target=WatchtowerKit:14716 position=<5047.962891, 37.886822, 3752.811768> action=delete
[COT 2024-12-4D 9h:25:24] 76561199282403539: ESP index=48 target=FenceKit:15719 position=<5054.965332, 37.863152, 3754.827881> action=delete
[COT 2024-12-4D 9h:25:24] 76561199282403539: ESP index=49 target=WoodenPlank:11879 position=<5048.248047, 40.620041, 3753.317139> action=delete
[COT 2024-12-4D 9h:25:24] 76561199282403539: ESP index=50 target=WoodenPlank:7661 position=<5054.380859, 37.920528, 3746.458008> action=delete
[COT 2024-12-4D 9h:25:24] 76561199282403539: ESP index=51 target=WoodenPlank:6685 position=<5054.270020, 38.013710, 3746.556396> action=delete
[COT 2024-12-4D 9h:25:24] 76561199282403539: ESP index=52 target=SeaChest:9259 position=<5057.139648, 37.831104, 3753.443604> action=delete
[COT 2024-12-4D 9h:25:24] 76561199282403539: ESP index=53 target=SeaChest:5058 position=<5052.391113, 37.832966, 3754.876221> action=delete
[COT 2024-12-4D 9h:25:24] 76561199282403539: ESP index=54 target=FenceKit:11898 position=<5050.915527, 37.862236, 3748.580078> action=delete
[COT 2024-12-4D 9h:25:24] 76561199282403539: ESP index=55 target=Hammer:9725 position=<5051.013184, 37.833027, 3749.859619> action=delete
[COT 2024-12-4D 9h:25:24] 76561199282403539: ESP index=56 target=SeaChest:14743 position=<5050.429199, 37.846867, 3748.354980> action=delete
[COT 2024-12-4D 9h:25:24] 76561199282403539: ESP index=57 target=SeaChest:6339 position=<5055.016602, 37.848640, 3747.055664> action=delete
[COT 2024-12-4D 9h:25:24] 76561199282403539: ESP index=58 target=Hammer:16674 position=<5070.275879, 37.416687, 3749.125488> action=delete
[COT 2024-12-4D 9h:25:24] 76561199282403539: ESP index=59 target=SeaChest:12561 position=<5069.691895, 37.346310, 3747.620850> action=delete
[COT 2024-12-4D 9h:25:24] 76561199282403539: ESP index=60 target=SeaChest:11149 position=<5074.279297, 36.674046, 3746.321533> action=delete
[COT 2024-12-4D 9h:25:24] 76561199282403539: ESP index=61 target=Fence:16675 position=<5057.645020, 37.796452, 3749.728027> action=delete
[COT 2024-12-4D 9h:25:24] 76561199282403539: ESP index=62 target=Fence:10502 position=<5049.844727, 37.779793, 3752.227051> action=delete
[COT 2024-12-4D 9h:25:24] 76561199282403539: ESP action=delete_all count=63 attempted=63
[COT 2024-12-4D 9h:25:53] 76561199282403539: ESP: Clearing ESP
