[COT 2024-12-5D 7h:51:47] 76561199282403539: Activated Community Online Tools [guid=ns259EoeT6sGy1yfIUvTfwxMqlfjSjm8ux0lgBia58w=]
[COT 2024-12-5D 7h:51:57] 76561199282403539: Loadout set JMLoadout<21ee2ae0> spawned at <4621.400879, 53.227573, 4104.022461>
[COT 2024-12-5D 7h:53:34] 76561199282403539: Spawned Entity Fireplace (FireplaceFireBarrel<77c7dcc0>, 100, 100, 15, 0) at <4616.274414, 53.227573, 4106.082031>
[COT 2024-12-5D 7h:53:54] 76561199282403539: Deleted Entity FireplaceFireBarrel:10782 at <4616.274414, 53.227573, 4106.082031>
[COT 2024-12-5D 7h:56:53] 76561199282403539: Spawned Entity Fire Barrel (BarrelHoles_Red<77c7ac80>, 100, 900, 15, 0) at <4616.354492, 53.227573, 4105.867676>
[COT 2024-12-5D 7h:57:30] 76561199282403539: Spawned Entity Firewood (Firewood<21abd010>, 3, 500, 15, 0) at <4617.396973, 53.227573, 4105.834473>
[COT 2024-12-5D 7h:57:30] 76561199282403539: Spawned Entity Firewood (Firewood<21a85080>, 3, 500, 15, 0) at <4617.757324, 53.301262, 4105.911133>
[COT 2024-12-5D 8h:37:47] 76561199282403539: Spawned Entity Plank (WoodenPlank<68af420>, 10, 100, 15, 0) at <4616.210449, 56.063042, 4105.714355>
[COT 2024-12-5D 8h:37:47] 76561199282403539: Spawned Entity Plank (WoodenPlank<68afe30>, 10, 100, 15, 0) at <4616.193359, 56.212337, 4105.819824>
[COT 2024-12-5D 8h:37:47] 76561199282403539: Spawned Entity Plank (WoodenPlank<68b0840>, 10, 100, 15, 0) at <4616.175781, 56.361656, 4105.923340>
[COT 2024-12-5D 8h:37:48] 76561199282403539: Spawned Entity Plank (WoodenPlank<1a342520>, 10, 100, 15, 0) at <4616.157715, 56.510986, 4106.025879>
[COT 2024-12-5D 8h:37:48] 76561199282403539: Spawned Entity Plank (WoodenPlank<1a3406f0>, 10, 100, 15, 0) at <4616.138184, 56.660294, 4106.124512>
[COT 2024-12-5D 8h:37:48] 76561199282403539: Spawned Entity Plank (WoodenPlank<1a341b10>, 10, 100, 15, 0) at <4616.119629, 56.809605, 4106.225586>
[COT 2024-12-5D 8h:37:49] 76561199282403539: Spawned Entity Plank (WoodenPlank<1a341100>, 10, 100, 15, 0) at <4616.099121, 56.958939, 4106.325195>
[COT 2024-12-5D 8h:43:48] 76561199282403539: ESP: ESP updating
[COT 2024-12-5D 8h:44:8s] 76561199282403539: ESP target=Mag_Vikhr_30Rnd:5064 position=<4598.758301, 53.354046, 4094.364014> action=delete
[COT 2024-12-5D 8h:45:10] 76561199282403539: Created Loadout 'adminCompound1-2'
[COT 2024-12-5D 8h:45:46] 76561199282403539: Loadout set JMLoadout<128f0f30> spawned at <4641.964355, 51.281174, 4111.178223>
[COT 2024-12-5D 8h:46:12] 76561199282403539: Created Loadout 'compound'
[COT 2024-12-5D 8h:46:44] 76561199282403539: Loadout set JMLoadout<1691ba30> spawned at <4599.230469, 54.942177, 4228.423340>
[COT 2024-12-5D 8h:47:1s] 76561199282403539: Deleted 'adminCompound1-2'
[COT 2024-12-5D 8h:47:33] 76561199282403539: Created Deletion Backup '2024-12-5D_8h-47-33'
[COT 2024-12-5D 8h:47:33] 76561199282403539: ESP index=0 target=Fence:7379 position=<4620.546875, 53.276783, 4099.058105> action=delete
[COT 2024-12-5D 8h:47:33] 76561199282403539: ESP index=1 target=Fence:5585 position=<4618.537109, 53.276783, 4105.404297> action=delete
[COT 2024-12-5D 8h:47:33] 76561199282403539: ESP index=2 target=Fence:9366 position=<4626.542969, 53.276783, 4106.753418> action=delete
[COT 2024-12-5D 8h:47:33] 76561199282403539: ESP index=3 target=Fence:16796 position=<4624.129395, 53.276783, 4099.772461> action=delete
[COT 2024-12-5D 8h:47:33] 76561199282403539: ESP index=4 target=Fence:15516 position=<4626.337402, 53.276783, 4102.905273> action=delete
[COT 2024-12-5D 8h:47:33] 76561199282403539: ESP index=5 target=Fence:9479 position=<4618.242188, 53.276783, 4101.539063> action=delete
[COT 2024-12-5D 8h:47:33] 76561199282403539: ESP index=6 target=Fence:8931 position=<4620.677734, 53.276783, 4108.610840> action=delete
[COT 2024-12-5D 8h:47:33] 76561199282403539: ESP index=7 target=Watchtower:8566 position=<4616.655273, 53.292572, 4105.989258> action=delete
[COT 2024-12-5D 8h:47:33] 76561199282403539: ESP index=8 target=Fence:9166 position=<4624.118652, 53.276783, 4109.309570> action=delete
[COT 2024-12-5D 8h:47:33] 76561199282403539: ESP index=9 target=Fence:16978 position=<4563.562500, 39.457199, 4236.399414> action=delete
[COT 2024-12-5D 8h:47:33] 76561199282403539: ESP index=10 target=Watchtower:7778 position=<4553.674805, 38.582615, 4235.635254> action=delete
[COT 2024-12-5D 8h:47:33] 76561199282403539: ESP index=11 target=Fence:13977 position=<4561.138184, 39.286514, 4238.955566> action=delete
[COT 2024-12-5D 8h:47:33] 76561199282403539: ESP index=12 target=Fence:16943 position=<4557.697266, 38.957550, 4238.256836> action=delete
[COT 2024-12-5D 8h:47:33] 76561199282403539: ESP index=13 target=Fence:16987 position=<4555.556641, 40.240814, 4235.050293> action=delete
[COT 2024-12-5D 8h:47:33] 76561199282403539: ESP index=14 target=BarrelHoles_Red:9449 position=<4616.354492, 53.230301, 4105.867676> action=delete
[COT 2024-12-5D 8h:47:33] 76561199282403539: ESP index=15 target=FenceKit:7241 position=<4623.657715, 53.261974, 4108.005371> action=delete
[COT 2024-12-5D 8h:47:33] 76561199282403539: ESP index=16 target=FenceKit:10082 position=<4625.203613, 53.240498, 4106.408203> action=delete
[COT 2024-12-5D 8h:47:33] 76561199282403539: ESP index=17 target=FenceKit:15460 position=<4625.029785, 53.240498, 4103.355469> action=delete
[COT 2024-12-5D 8h:47:33] 76561199282403539: ESP index=18 target=SeaChest:11533 position=<4623.708984, 53.240669, 4100.233398> action=delete
[COT 2024-12-5D 8h:47:33] 76561199282403539: ESP index=19 target=SeaChest:8918 position=<4619.121582, 53.240669, 4101.532227> action=delete
[COT 2024-12-5D 8h:47:33] 76561199282403539: ESP index=20 target=FenceKit:16944 position=<4558.546387, 39.093132, 4237.174805> action=delete
[COT 2024-12-5D 8h:47:33] 76561199282403539: ESP index=21 target=WatchtowerKit:8934 position=<4553.674805, 38.664547, 4235.635254> action=delete
[COT 2024-12-5D 8h:47:33] 76561199282403539: ESP index=22 target=FenceKit:13153 position=<4560.676758, 39.295933, 4237.651855> action=delete
[COT 2024-12-5D 8h:47:33] 76561199282403539: ESP index=23 target=FenceKit:5155 position=<4560.677246, 40.057140, 4237.651367> action=delete
[COT 2024-12-5D 8h:47:33] 76561199282403539: ESP index=24 target=FenceKit:9754 position=<4625.203613, 54.062996, 4106.408203> action=delete
[COT 2024-12-5D 8h:47:33] 76561199282403539: ESP index=25 target=Nail:8757 position=<4618.699219, 55.757019, 4106.398926> action=delete
[COT 2024-12-5D 8h:47:33] 76561199282403539: ESP index=26 target=WatchtowerKit:16737 position=<4624.993164, 54.082848, 4104.043945> action=delete
[COT 2024-12-5D 8h:47:33] 76561199282403539: ESP index=27 target=FenceKit:16740 position=<4623.657715, 54.041519, 4108.005371> action=delete
[COT 2024-12-5D 8h:47:33] 76561199282403539: ESP index=28 target=Mag_Vikhr_30Rnd:5064 position=<5542.803711, 3.377046, 3964.568115> action=delete
[COT 2024-12-5D 8h:47:33] 76561199282403539: ESP index=29 target=SeaChest:12002 position=<4625.832031, 53.240669, 4106.621094> action=delete
[COT 2024-12-5D 8h:47:33] 76561199282403539: ESP index=30 target=SeaChest:16017 position=<4621.083496, 53.240669, 4108.053711> action=delete
[COT 2024-12-5D 8h:47:33] 76561199282403539: ESP index=31 target=FenceKit:16961 position=<4562.049805, 39.415165, 4233.001465> action=delete
[COT 2024-12-5D 8h:47:33] 76561199282403539: ESP index=32 target=FenceKit:16988 position=<4556.575195, 38.992996, 4234.681641> action=delete
[COT 2024-12-5D 8h:47:33] 76561199282403539: ESP index=33 target=FenceKit:16979 position=<4562.225586, 39.375103, 4236.054199> action=delete
[COT 2024-12-5D 8h:47:33] 76561199282403539: ESP index=34 target=Hammer:8699 position=<4556.725098, 39.126595, 4232.683105> action=delete
[COT 2024-12-5D 8h:47:33] 76561199282403539: ESP index=35 target=SeaChest:8769 position=<4558.103027, 38.990749, 4237.699707> action=delete
[COT 2024-12-5D 8h:47:33] 76561199282403539: ESP index=36 target=Rope:0 position=<4558.103027, 38.990749, 4237.699707> action=delete
[COT 2024-12-5D 8h:47:33] 76561199282403539: ESP index=37 target=FenceKit:15208 position=<4562.223145, 40.136234, 4236.054199> action=delete
[COT 2024-12-5D 8h:47:33] 76561199282403539: ESP index=38 target=FenceKit:14248 position=<4562.049316, 40.155399, 4233.001465> action=delete
[COT 2024-12-5D 8h:47:33] 76561199282403539: ESP index=39 target=FenceKit:11520 position=<4562.223145, 40.157711, 4236.054199> action=delete
[COT 2024-12-5D 8h:47:33] 76561199282403539: ESP index=40 target=WatchtowerKit:15822 position=<4562.012695, 40.200665, 4233.689941> action=delete
[COT 2024-12-5D 8h:47:33] 76561199282403539: ESP index=41 target=Nail:13613 position=<4555.718750, 38.797359, 4236.044922> action=delete
[COT 2024-12-5D 8h:47:33] 76561199282403539: ESP index=42 target=FenceKit:8981 position=<4560.677246, 40.057133, 4237.651367> action=delete
[COT 2024-12-5D 8h:47:33] 76561199282403539: ESP index=43 target=SeaChest:8269 position=<4562.851563, 39.375584, 4236.267090> action=delete
[COT 2024-12-5D 8h:47:33] 76561199282403539: ESP action=delete_all count=44 attempted=44
[COT 2024-12-5D 8h:47:40] 76561199282403539: Created Deletion Backup '2024-12-5D_8h-47-40'
[COT 2024-12-5D 8h:47:40] 76561199282403539: ESP index=0 target=Fence:16997 position=<4557.566406, 39.252884, 4228.704102> action=delete
[COT 2024-12-5D 8h:47:40] 76561199282403539: ESP index=1 target=WoodenStick:13102 position=<4558.103027, 38.994946, 4237.699707> action=delete
[COT 2024-12-5D 8h:47:40] 76561199282403539: ESP index=2 target=WoodenStick:12947 position=<4558.103027, 38.994946, 4237.699707> action=delete
[COT 2024-12-5D 8h:47:40] 76561199282403539: ESP index=3 target=WoodenStick:5832 position=<4558.103027, 38.994946, 4237.699707> action=delete
[COT 2024-12-5D 8h:47:40] 76561199282403539: ESP index=4 target=WoodenStick:11084 position=<4558.103027, 38.994946, 4237.699707> action=delete
[COT 2024-12-5D 8h:47:40] 76561199282403539: ESP index=5 target=WoodenStick:13034 position=<4558.103027, 38.994946, 4237.699707> action=delete
[COT 2024-12-5D 8h:47:40] 76561199282403539: ESP index=6 target=WoodenStick:8398 position=<4558.103027, 38.994946, 4237.699707> action=delete
[COT 2024-12-5D 8h:47:40] 76561199282403539: ESP index=7 target=WoodenStick:8699 position=<4558.103027, 38.994946, 4237.699707> action=delete
[COT 2024-12-5D 8h:47:40] 76561199282403539: ESP index=8 target=WoodenStick:16815 position=<4558.103027, 38.994946, 4237.699707> action=delete
[COT 2024-12-5D 8h:47:40] 76561199282403539: ESP index=9 target=WoodenStick:5445 position=<4558.103027, 38.994946, 4237.699707> action=delete
[COT 2024-12-5D 8h:47:40] 76561199282403539: ESP index=10 target=WoodenStick:6915 position=<4558.103027, 38.994946, 4237.699707> action=delete
[COT 2024-12-5D 8h:47:40] 76561199282403539: ESP index=11 target=WoodenStick:11290 position=<4558.103027, 38.994946, 4237.699707> action=delete
[COT 2024-12-5D 8h:47:40] 76561199282403539: ESP index=12 target=Fence:16970 position=<4561.148926, 39.396042, 4229.418457> action=delete
[COT 2024-12-5D 8h:47:40] 76561199282403539: ESP index=13 target=Fence:16960 position=<4563.356934, 39.442841, 4232.551270> action=delete
[COT 2024-12-5D 8h:47:40] 76561199282403539: ESP index=14 target=Fence:16951 position=<4555.261719, 39.014267, 4231.185059> action=delete
[COT 2024-12-5D 8h:47:40] 76561199282403539: ESP index=15 target=FenceKit:16952 position=<4556.620117, 39.156811, 4231.403809> action=delete
[COT 2024-12-5D 8h:47:40] 76561199282403539: ESP index=16 target=FenceKit:16998 position=<4557.875000, 39.266674, 4230.052246> action=delete
[COT 2024-12-5D 8h:47:40] 76561199282403539: ESP index=17 target=FenceKit:16971 position=<4560.291992, 39.377316, 4230.503906> action=delete
[COT 2024-12-5D 8h:47:40] 76561199282403539: ESP index=18 target=SeaChest:16897 position=<4560.728516, 39.354427, 4229.879395> action=delete
[COT 2024-12-5D 8h:47:40] 76561199282403539: ESP index=19 target=SeaChest:4788 position=<4556.141113, 39.074627, 4231.178223> action=delete
[COT 2024-12-5D 8h:47:40] 76561199282403539: ESP action=delete_all count=20 attempted=20
[COT 2024-12-5D 8h:47:43] 76561199282403539: Created Deletion Backup '2024-12-5D_8h-47-43'
[COT 2024-12-5D 8h:47:43] 76561199282403539: ESP index=0 target=BarrelHoles_Red:10572 position=<4553.374023, 38.497166, 4235.513672> action=delete
[COT 2024-12-5D 8h:47:43] 76561199282403539: ESP action=delete_all count=1 attempted=1
[COT 2024-12-5D 8h:48:42] 76561199282403539: Set GodMode To true [guid=ns259EoeT6sGy1yfIUvTfwxMqlfjSjm8ux0lgBia58w=]
