[COT 2024-12-3D 2h:54:55] 76561199282403539: Activated Community Online Tools [guid=ns259EoeT6sGy1yfIUvTfwxMqlfjSjm8ux0lgBia58w=]
[COT 2024-12-3D 2h:55:2s] 76561199282403539: Set GodMode To true [guid=ns259EoeT6sGy1yfIUvTfwxMqlfjSjm8ux0lgBia58w=]
[COT 2024-12-3D 2h:55:5s] 76561199282403539: Set UnlimitedAmmo To true [guid=ns259EoeT6sGy1yfIUvTfwxMqlfjSjm8ux0lgBia58w=]
[COT 2024-12-3D 2h:55:6s] 76561199282403539: Set UnlimitedStamina To true [guid=ns259EoeT6sGy1yfIUvTfwxMqlfjSjm8ux0lgBia58w=]
[COT 2024-12-3D 2h:59:26] 76561199282403539: Spawned Entity Signal Pistol (Flaregun<6472e2c0>, 100, 150, 15, 0) at <12096.453125, 230.357544, 10509.808594>
[COT 2024-12-3D 2h:59:31] 76561199282403539: Spawned Entity Flare (Ammo_Flare<44e4e480>, 5, 100, 15, 0) at <12096.525391, 230.416916, 10509.779297>
[COT 2024-12-3D 2h:59:33] 76561199282403539: Spawned Entity Flare (Ammo_Flare<6bbca3a0>, 5, 100, 15, 0) at <12096.542969, 230.431808, 10509.778320>
[COT 2024-12-3D 2h:59:34] 76561199282403539: Spawned Entity Flare (Ammo_Flare<6b809c00>, 5, 100, 15, 0) at <12096.555664, 230.439346, 10509.774414>
[COT 2024-12-3D 2h:59:36] 76561199282403539: Spawned Entity Flare (Ammo_Flare<69ef9680>, 5, 100, 15, 0) at <12096.565430, 230.448517, 10509.763672>
[COT 2024-12-3D 2h:59:38] 76561199282403539: Spawned Entity Flare (Ammo_Flare<6bbb89e0>, 5, 100, 15, 0) at <12096.572266, 230.454895, 10509.762695>
[COT 2024-12-3D 2h:59:39] 76561199282403539: Spawned Entity Flare (Ammo_Flare<6bbbd050>, 5, 100, 15, 0) at <12096.582031, 230.463501, 10509.759766>
[COT 2024-12-3D 2h:59:40] 76561199282403539: Spawned Entity Flare (Ammo_Flare<69ef27d0>, 5, 100, 15, 0) at <12096.590820, 230.473343, 10509.762695>
[COT 2024-12-3D 2h:59:44] 76561199282403539: Spawned Entity Road Flare (Roadflare<6bbb61a0>, 20, 100, 15, 0) at <12096.617188, 230.490051, 10509.746094>
[COT 2024-12-3D 3h:20:9s] 76561199282403539: Spawned Entity KA-74 (AK74<6f946420>, 100, 250, 15, 0) at <12045.172852, 231.145142, 10491.180664>
[COT 2024-12-3D 3h:20:25] 76561199282403539: Spawned Entity 30rd KA-74 Mag (Mag_AK74_30Rnd<7378cc60>, 30, 100, 15, 0) at <12045.172852, 231.144928, 10491.180664>
[COT 2024-12-3D 3h:20:26] 76561199282403539: Spawned Entity 30rd KA-74 Mag (Mag_AK74_30Rnd<702828e0>, 30, 100, 15, 0) at <12045.216797, 231.218826, 10491.108398>
[COT 2024-12-3D 3h:20:26] 76561199282403539: Spawned Entity 30rd KA-74 Mag (Mag_AK74_30Rnd<1f84aa90>, 30, 100, 15, 0) at <12045.262695, 231.293747, 10491.033203>
[COT 2024-12-3D 3h:20:26] 76561199282403539: Spawned Entity 30rd KA-74 Mag (Mag_AK74_30Rnd<705e3a90>, 30, 100, 15, 0) at <12045.305664, 231.367111, 10490.959961>
[COT 2024-12-3D 3h:20:27] 76561199282403539: Spawned Entity 30rd KA-74 Mag (Mag_AK74_30Rnd<18deabf0>, 30, 100, 15, 0) at <12045.344727, 231.434708, 10490.895508>
[COT 2024-12-3D 3h:20:27] 76561199282403539: Spawned Entity 30rd KA-74 Mag (Mag_AK74_30Rnd<737912d0>, 30, 100, 15, 0) at <12045.390625, 231.508453, 10490.826172>
[COT 2024-12-3D 3h:20:27] 76561199282403539: Spawned Entity 30rd KA-74 Mag (Mag_AK74_30Rnd<1f84a080>, 30, 100, 15, 0) at <12045.432617, 231.578674, 10490.758789>
[COT 2024-12-3D 3h:20:27] 76561199282403539: Spawned Entity 30rd KA-74 Mag (Mag_AK74_30Rnd<1f84b4a0>, 30, 100, 15, 0) at <12045.475586, 231.652145, 10490.688477>
[COT 2024-12-3D 3h:20:27] 76561199282403539: Spawned Entity 30rd KA-74 Mag (Mag_AK74_30Rnd<2e893240>, 30, 100, 15, 0) at <12045.518555, 231.725754, 10490.616211>
[COT 2024-12-3D 3h:20:28] 76561199282403539: Spawned Entity 30rd KA-74 Mag (Mag_AK74_30Rnd<7378ea90>, 30, 100, 15, 0) at <12045.559570, 231.794495, 10490.549805>
[COT 2024-12-3D 3h:20:28] 76561199282403539: Spawned Entity 30rd KA-74 Mag (Mag_AK74_30Rnd<7378d670>, 30, 100, 15, 0) at <12045.602539, 231.867828, 10490.477539>
[COT 2024-12-3D 3h:20:28] 76561199282403539: Spawned Entity 30rd KA-74 Mag (Mag_AK74_30Rnd<58c94cd0>, 30, 100, 15, 0) at <12045.644531, 231.937592, 10490.409180>
[COT 2024-12-3D 3h:20:28] 76561199282403539: Spawned Entity 30rd KA-74 Mag (Mag_AK74_30Rnd<18de5160>, 30, 100, 15, 0) at <12045.681641, 231.998154, 10490.350586>
[COT 2024-12-3D 3h:20:28] 76561199282403539: Spawned Entity 30rd KA-74 Mag (Mag_AK74_30Rnd<58c956e0>, 30, 100, 15, 0) at <12045.725586, 232.071503, 10490.278320>
[COT 2024-12-3D 3h:20:28] 76561199282403539: Spawned Entity 30rd KA-74 Mag (Mag_AK74_30Rnd<18de97d0>, 30, 100, 15, 0) at <12045.770508, 232.145554, 10490.205078>
[COT 2024-12-3D 3h:20:28] 76561199282403539: Spawned Entity 30rd KA-74 Mag (Mag_AK74_30Rnd<705dea10>, 30, 100, 15, 0) at <12045.810547, 232.214325, 10490.136719>
[COT 2024-12-3D 3h:20:33] 76561199282403539: Spawned Entity KA-74 (AK74<6f949260>, 30, 250, 15, 0) at <12045.849609, 232.289063, 10490.061523>
[COT 2024-12-3D 3h:20:33] 76561199282403539: Spawned Entity KA-74 (AK74<6f942a50>, 30, 250, 15, 0) at <12045.899414, 232.373535, 10489.977539>
[COT 2024-12-3D 3h:20:33] 76561199282403539: Spawned Entity KA-74 (AK74<6f9486d0>, 30, 250, 15, 0) at <12045.945313, 232.449875, 10489.902344>
[COT 2024-12-3D 3h:20:33] 76561199282403539: Spawned Entity KA-74 (AK74<6f94a980>, 30, 250, 15, 0) at <12045.970703, 232.493439, 10489.858398>
[COT 2024-12-3D 3h:20:33] 76561199282403539: Spawned Entity KA-74 (AK74<6f944170>, 30, 250, 15, 0) at <12046.018555, 232.575348, 10489.778320>
[COT 2024-12-3D 3h:20:33] 76561199282403539: Spawned Entity KA-74 (AK74<6f94b510>, 30, 250, 15, 0) at <12046.066406, 232.655670, 10489.699219>
[COT 2024-12-3D 3h:20:34] 76561199282403539: Spawned Entity KA-74 (AK74<6f9528b0>, 30, 250, 15, 0) at <12046.105469, 232.721893, 10489.633789>
[COT 2024-12-3D 3h:20:34] 76561199282403539: Spawned Entity KA-74 (AK74<6f951d20>, 30, 250, 15, 0) at <12046.145508, 232.791306, 10489.566406>
[COT 2024-12-3D 3h:20:34] 76561199282403539: Spawned Entity KA-74 (AK74<6f94fa70>, 30, 250, 15, 0) at <12046.146484, 232.790970, 10489.568359>
[COT 2024-12-3D 3h:21:20] 76561199282403539: Spawned Entity Hen (Animal_GallusGallusDomesticusF_Brown<f1bd3c70>, 100, -1, 15, 0) at <12126.349609, 222.908630, 10705.831055>
[COT 2024-12-3D 3h:21:37] 76561199282403539: Spawned Entity Bull (Animal_BosTaurus<46cf66c0>, 100, -1, 15, 0) at <12121.725586, 210.628113, 10677.873047>
[COT 2024-12-3D 3h:22:8s] 76561199282403539: Spawned Entity Rooster (Animal_GallusGallusDomesticus<72ee56d0>, 100, -1, 15, 0) at <11988.310547, 217.822876, 10649.546875>
[COT 2024-12-3D 3h:22:9s] 76561199282403539: Spawned Entity Rooster (Animal_GallusGallusDomesticus<f1bd3360>, 100, -1, 15, 0) at <11988.318359, 217.825180, 10649.530273>
[COT 2024-12-3D 3h:22:28] 76561199282403539: Spawned Entity .308 WIN Tracer Rounds (Ammo_308WinTracer<2335ad50>, 20, 100, 15, 0) at <12052.945313, 230.571777, 10502.154297>
[COT 2024-12-3D 3h:22:29] 76561199282403539: Spawned Entity .308 WIN Tracer Rounds (Ammo_308WinTracer<863bc40>, 20, 100, 15, 0) at <12053.005859, 230.662781, 10502.127930>
[COT 2024-12-3D 3h:22:29] 76561199282403539: Spawned Entity .308 WIN Tracer Rounds (Ammo_308WinTracer<233552c0>, 20, 100, 15, 0) at <12053.058594, 230.740204, 10502.109375>
[COT 2024-12-3D 3h:23:4s] 76561199282403539: Spawned Entity Infected (ZmbM_CitizenASkinny_Base<6cf55700>, 100, -1, 15, 0) at <11993.043945, 217.275513, 10649.790039>
[COT 2024-12-3D 3h:23:5s] 76561199282403539: Spawned Entity Infected (ZmbM_PrisonerSkinny_Base<6cf500f0>, 100, -1, 15, 0) at <11993.046875, 217.276001, 10649.791016>
[COT 2024-12-3D 3h:23:7s] 76561199282403539: Spawned Entity Infected (ZmbM_FishermanOld_Base<6cf51410>, 100, -1, 15, 0) at <11993.046875, 217.275040, 10649.790039>
[COT 2024-12-3D 3h:23:8s] 76561199282403539: Spawned Entity Infected (ZmbM_JournalistSkinny_Base<6cf5c030>, 100, -1, 15, 0) at <11993.043945, 217.275497, 10649.789063>
[COT 2024-12-3D 3h:23:8s] 76561199282403539: Spawned Entity Infected (ZmbM_JournalistSkinny_Base<6cf5b6a0>, 100, -1, 15, 0) at <11993.042969, 217.275909, 10649.789063>
[COT 2024-12-3D 3h:23:9s] 76561199282403539: Spawned Entity Infected (ZmbF_JournalistNormal_Base<6cf5d350>, 100, -1, 15, 0) at <11993.071289, 217.284515, 10649.714844>
[COT 2024-12-3D 3h:23:10] 76561199282403539: Spawned Entity Infected (ZmbF_JournalistNormal_Base<6cf573b0>, 100, -1, 15, 0) at <11993.090820, 217.287323, 10649.673828>
[COT 2024-12-3D 3h:23:10] 76561199282403539: Spawned Entity Infected (ZmbF_JournalistNormal_Base<6cf5c9c0>, 100, -1, 15, 0) at <11993.113281, 217.291946, 10649.623047>
[COT 2024-12-3D 3h:23:12] 76561199282403539: Spawned Entity Infected (ZmbF_JournalistNormal_Base<6cf586d0>, 100, -1, 15, 0) at <11993.160156, 217.304794, 10649.508789>
[COT 2024-12-3D 3h:23:15] 76561199282403539: Set GodMode To false [guid=ns259EoeT6sGy1yfIUvTfwxMqlfjSjm8ux0lgBia58w=]
[COT 2024-12-3D 3h:23:26] 76561199282403539: Set GodMode To true [guid=ns259EoeT6sGy1yfIUvTfwxMqlfjSjm8ux0lgBia58w=]
[COT 2024-12-3D 3h:23:27] 76561199282403539: Set GodMode To false [guid=ns259EoeT6sGy1yfIUvTfwxMqlfjSjm8ux0lgBia58w=]
[COT 2024-12-3D 3h:23:27] 76561199282403539: Set GodMode To true [guid=ns259EoeT6sGy1yfIUvTfwxMqlfjSjm8ux0lgBia58w=]
[COT 2024-12-3D 3h:23:56] 76561199282403539: Set GodMode To false [guid=ns259EoeT6sGy1yfIUvTfwxMqlfjSjm8ux0lgBia58w=]
[COT 2024-12-3D 3h:23:56] 76561199282403539: Set GodMode To false [guid=kuaZ65ef2NFtP_9HoTSUBA2PkIRXADlfdVWmVBGp55Q=]
[COT 2024-12-3D 3h:23:56] 76561199282403539: Set GodMode To false [guid=4PFQ6dQuPqIf40dURqjf_Lswul8UPsw2yiKBFCYCLak=]
[COT 2024-12-3D 3h:23:56] 76561199282403539: Set GodMode To false [guid=o76UYTD2roY5H55cAawQdvNxRNOtWjV0jSANJP3inww=]
[COT 2024-12-3D 3h:23:56] 76561199282403539: Set GodMode To false [guid=zuFltCZyhVXYsA6tdqu7Gf2W5S_r1oU0X0b6POJlEvI=]
[COT 2024-12-3D 3h:23:56] 76561199282403539: Set GodMode To false [guid=cA9dBq1IWfsSED8XgLFa_kN_cvXfPIrISuAy-DBPMrU=]
[COT 2024-12-3D 3h:23:56] 76561199282403539: Set GodMode To false [guid=UgsmoBZt4qprfyAH_7niKVOpmYzsI_ACFJel5XnK_Ms=]
[COT 2024-12-3D 3h:23:56] 76561199282403539: Set GodMode To false [guid=9IuAMJLDw0RdaqHhLTgG197DrnKuc798HnePURfmCCo=]
[COT 2024-12-3D 3h:23:56] 76561199282403539: Set GodMode To false [guid=gXiYI-KmPPLsbV3OiR_F9uwH0vVDPP_YRYvWNBpgtzw=]
[COT 2024-12-3D 3h:23:56] 76561199282403539: Set GodMode To false [guid=ouDvDpyiLd1cvjkbshMy0gnZKAEzDc_4paqhwQbVgX0=]
[COT 2024-12-3D 3h:23:57] 76561199282403539: Set UnlimitedStamina To false [guid=ns259EoeT6sGy1yfIUvTfwxMqlfjSjm8ux0lgBia58w=]
[COT 2024-12-3D 3h:23:57] 76561199282403539: Set UnlimitedStamina To false [guid=kuaZ65ef2NFtP_9HoTSUBA2PkIRXADlfdVWmVBGp55Q=]
[COT 2024-12-3D 3h:23:57] 76561199282403539: Set UnlimitedStamina To false [guid=4PFQ6dQuPqIf40dURqjf_Lswul8UPsw2yiKBFCYCLak=]
[COT 2024-12-3D 3h:23:57] 76561199282403539: Set UnlimitedStamina To false [guid=o76UYTD2roY5H55cAawQdvNxRNOtWjV0jSANJP3inww=]
[COT 2024-12-3D 3h:23:57] 76561199282403539: Set UnlimitedStamina To false [guid=zuFltCZyhVXYsA6tdqu7Gf2W5S_r1oU0X0b6POJlEvI=]
[COT 2024-12-3D 3h:23:57] 76561199282403539: Set UnlimitedStamina To false [guid=cA9dBq1IWfsSED8XgLFa_kN_cvXfPIrISuAy-DBPMrU=]
[COT 2024-12-3D 3h:23:57] 76561199282403539: Set UnlimitedStamina To false [guid=UgsmoBZt4qprfyAH_7niKVOpmYzsI_ACFJel5XnK_Ms=]
[COT 2024-12-3D 3h:23:57] 76561199282403539: Set UnlimitedStamina To false [guid=9IuAMJLDw0RdaqHhLTgG197DrnKuc798HnePURfmCCo=]
[COT 2024-12-3D 3h:23:57] 76561199282403539: Set UnlimitedStamina To false [guid=gXiYI-KmPPLsbV3OiR_F9uwH0vVDPP_YRYvWNBpgtzw=]
[COT 2024-12-3D 3h:23:57] 76561199282403539: Set UnlimitedStamina To false [guid=ouDvDpyiLd1cvjkbshMy0gnZKAEzDc_4paqhwQbVgX0=]
[COT 2024-12-3D 3h:23:57] 76561199282403539: Set UnlimitedAmmo To false [guid=ns259EoeT6sGy1yfIUvTfwxMqlfjSjm8ux0lgBia58w=]
[COT 2024-12-3D 3h:23:57] 76561199282403539: Set UnlimitedAmmo To false [guid=kuaZ65ef2NFtP_9HoTSUBA2PkIRXADlfdVWmVBGp55Q=]
[COT 2024-12-3D 3h:23:57] 76561199282403539: Set UnlimitedAmmo To false [guid=4PFQ6dQuPqIf40dURqjf_Lswul8UPsw2yiKBFCYCLak=]
[COT 2024-12-3D 3h:23:57] 76561199282403539: Set UnlimitedAmmo To false [guid=o76UYTD2roY5H55cAawQdvNxRNOtWjV0jSANJP3inww=]
[COT 2024-12-3D 3h:23:57] 76561199282403539: Set UnlimitedAmmo To false [guid=zuFltCZyhVXYsA6tdqu7Gf2W5S_r1oU0X0b6POJlEvI=]
[COT 2024-12-3D 3h:23:57] 76561199282403539: Set UnlimitedAmmo To false [guid=cA9dBq1IWfsSED8XgLFa_kN_cvXfPIrISuAy-DBPMrU=]
[COT 2024-12-3D 3h:23:57] 76561199282403539: Set UnlimitedAmmo To false [guid=UgsmoBZt4qprfyAH_7niKVOpmYzsI_ACFJel5XnK_Ms=]
[COT 2024-12-3D 3h:23:57] 76561199282403539: Set UnlimitedAmmo To false [guid=9IuAMJLDw0RdaqHhLTgG197DrnKuc798HnePURfmCCo=]
[COT 2024-12-3D 3h:23:57] 76561199282403539: Set UnlimitedAmmo To false [guid=gXiYI-KmPPLsbV3OiR_F9uwH0vVDPP_YRYvWNBpgtzw=]
[COT 2024-12-3D 3h:23:57] 76561199282403539: Set UnlimitedAmmo To false [guid=ouDvDpyiLd1cvjkbshMy0gnZKAEzDc_4paqhwQbVgX0=]
[COT 2024-12-3D 3h:24:1s] 76561199282403539: Healed [guid=ns259EoeT6sGy1yfIUvTfwxMqlfjSjm8ux0lgBia58w=]
[COT 2024-12-3D 3h:24:1s] 76561199282403539: Healed [guid=kuaZ65ef2NFtP_9HoTSUBA2PkIRXADlfdVWmVBGp55Q=]
[COT 2024-12-3D 3h:24:1s] 76561199282403539: Healed [guid=4PFQ6dQuPqIf40dURqjf_Lswul8UPsw2yiKBFCYCLak=]
[COT 2024-12-3D 3h:24:1s] 76561199282403539: Healed [guid=o76UYTD2roY5H55cAawQdvNxRNOtWjV0jSANJP3inww=]
[COT 2024-12-3D 3h:24:1s] 76561199282403539: Healed [guid=zuFltCZyhVXYsA6tdqu7Gf2W5S_r1oU0X0b6POJlEvI=]
[COT 2024-12-3D 3h:24:1s] 76561199282403539: Healed [guid=cA9dBq1IWfsSED8XgLFa_kN_cvXfPIrISuAy-DBPMrU=]
[COT 2024-12-3D 3h:24:1s] 76561199282403539: Healed [guid=UgsmoBZt4qprfyAH_7niKVOpmYzsI_ACFJel5XnK_Ms=]
[COT 2024-12-3D 3h:24:1s] 76561199282403539: Healed [guid=9IuAMJLDw0RdaqHhLTgG197DrnKuc798HnePURfmCCo=]
[COT 2024-12-3D 3h:24:1s] 76561199282403539: Healed [guid=gXiYI-KmPPLsbV3OiR_F9uwH0vVDPP_YRYvWNBpgtzw=]
[COT 2024-12-3D 3h:24:1s] 76561199282403539: Healed [guid=ouDvDpyiLd1cvjkbshMy0gnZKAEzDc_4paqhwQbVgX0=]
[COT 2024-12-3D 3h:24:40] 76561199282403539: Set Invisibility To 1 [guid=ns259EoeT6sGy1yfIUvTfwxMqlfjSjm8ux0lgBia58w=]
[COT 2024-12-3D 3h:24:41] 76561199282403539: Set GodMode To true [guid=ns259EoeT6sGy1yfIUvTfwxMqlfjSjm8ux0lgBia58w=]
[COT 2024-12-3D 3h:24:42] 76561199282403539: Set UnlimitedStamina To true [guid=ns259EoeT6sGy1yfIUvTfwxMqlfjSjm8ux0lgBia58w=]
[COT 2024-12-3D 3h:24:43] 76561199282403539: Set UnlimitedStamina To true [guid=ns259EoeT6sGy1yfIUvTfwxMqlfjSjm8ux0lgBia58w=]
[COT 2024-12-3D 3h:24:43] 76561199282403539: Set UnlimitedAmmo To true [guid=ns259EoeT6sGy1yfIUvTfwxMqlfjSjm8ux0lgBia58w=]
[COT 2024-12-3D 3h:25:17] 76561199282403539: Spawned Entity Infected (ZmbM_usSoldier_normal_Base<6cf25a00>, 100, -1, 15, 0) at <12055.750977, 231.027069, 10496.276367>
[COT 2024-12-3D 3h:25:18] 76561199282403539: Spawned Entity Infected (ZmbM_usSoldier_normal_Base<6cf22a30>, 100, -1, 15, 0) at <12055.899414, 231.166870, 10496.057617>
[COT 2024-12-3D 3h:25:21] 76561199282403539: Spawned Entity Infected (ZmbM_PatrolNormal_Base<6cf220a0>, 100, -1, 15, 0) at <12045.881836, 231.155869, 10490.704102>
[COT 2024-12-3D 3h:25:21] 76561199282403539: Spawned Entity Infected (ZmbM_PatrolNormal_Base<6cf29cf0>, 100, -1, 15, 0) at <12046.077148, 231.284760, 10490.538086>
[COT 2024-12-3D 3h:25:21] 76561199282403539: Spawned Entity Infected (ZmbM_PatrolNormal_Base<6cf26390>, 100, -1, 15, 0) at <12046.272461, 231.412903, 10490.373047>
[COT 2024-12-3D 3h:25:21] 76561199282403539: Spawned Entity Infected (ZmbM_PatrolNormal_Base<6cf26d20>, 100, -1, 15, 0) at <12046.468750, 231.541626, 10490.207031>
[COT 2024-12-3D 3h:25:22] 76561199282403539: Spawned Entity Infected (ZmbM_PatrolNormal_Base<6cf233c0>, 100, -1, 15, 0) at <12046.663086, 231.669891, 10490.041016>
[COT 2024-12-3D 3h:25:24] 76561199282403539: Spawned Entity Infected (ZmbM_PatrolNormal_Base<6cf2b010>, 100, -1, 15, 0) at <12049.972656, 231.032669, 10496.637695>
[COT 2024-12-3D 3h:25:26] 76561199282403539: Spawned Entity Infected (ZmbM_PatrolNormal_Base<6cf2dfe0>, 100, -1, 15, 0) at <12057.388672, 231.112610, 10481.078125>
[COT 2024-12-3D 3h:25:26] 76561199282403539: Spawned Entity Infected (ZmbM_PatrolNormal_Base<6cf2d650>, 100, -1, 15, 0) at <12057.628906, 231.354813, 10480.873047>
[COT 2024-12-3D 3h:25:28] 76561199282403539: Spawned Entity Infected (ZmbM_PatrolNormal_Base<6cf2ccc0>, 100, -1, 15, 0) at <12060.355469, 231.195007, 10495.861328>
[COT 2024-12-3D 3h:25:29] 76561199282403539: Spawned Entity Infected (ZmbM_PatrolNormal_Base<6cf2b9a0>, 100, -1, 15, 0) at <12060.510742, 231.374191, 10495.587891>
[COT 2024-12-3D 3h:25:31] 76561199282403539: Spawned Entity Infected (ZmbM_PolicemanSpecForce_Base<6cf30fb0>, 100, -1, 15, 0) at <12060.729492, 231.126862, 10485.682617>
[COT 2024-12-3D 3h:25:33] 76561199282403539: Spawned Entity Infected (ZmbM_PolicemanSpecForce_Base<6cf2a680>, 100, -1, 15, 0) at <12044.605469, 231.109619, 10482.000977>
[COT 2024-12-3D 3h:25:33] 76561199282403539: Spawned Entity Infected (ZmbM_PolicemanSpecForce_Base<6cf35c30>, 100, -1, 15, 0) at <12044.837891, 231.260834, 10481.861328>
[COT 2024-12-3D 3h:25:36] 76561199282403539: Spawned Entity Infected (ZmbM_PolicemanSpecForce_Base<6cf335f0>, 100, -1, 15, 0) at <12002.156250, 229.182877, 10502.143555>
[COT 2024-12-3D 3h:25:37] 76561199282403539: Spawned Entity Infected (ZmbM_PolicemanSpecForce_Base<6cf33f80>, 100, -1, 15, 0) at <12026.452148, 227.103363, 10518.835938>
[COT 2024-12-3D 3h:25:39] 76561199282403539: Spawned Entity Infected (ZmbM_PolicemanSpecForce_Base<6cf34910>, 100, -1, 15, 0) at <12057.250977, 228.202240, 10516.291992>
[COT 2024-12-3D 3h:25:41] 76561199282403539: Spawned Entity Infected (ZmbM_PolicemanSpecForce_Base<6cf322d0>, 100, -1, 15, 0) at <12068.709961, 231.009995, 10493.447266>
[COT 2024-12-3D 3h:25:41] 76561199282403539: Spawned Entity Infected (ZmbM_PolicemanSpecForce_Base<6cf3b240>, 100, -1, 15, 0) at <12068.811523, 231.222046, 10493.147461>
[COT 2024-12-3D 3h:25:43] 76561199282403539: Spawned Entity Infected (ZmbM_PolicemanSpecForce_Base<6cf3cef0>, 100, -1, 15, 0) at <12054.580078, 231.103470, 10489.888672>
[COT 2024-12-3D 3h:25:45] 76561199282403539: Spawned Entity Infected (ZmbM_ParamedicNormal_Base<6cf365c0>, 100, -1, 15, 0) at <12054.581055, 231.103394, 10489.885742>
[COT 2024-12-3D 3h:25:47] 76561199282403539: Spawned Entity Infected (ZmbF_ParamedicNormal_Base<6cf39590>, 100, -1, 15, 0) at <12054.576172, 231.103699, 10489.876953>
[COT 2024-12-3D 3h:25:49] 76561199282403539: Spawned Entity Infected (ZmbF_ParamedicNormal_Base<6cf441b0>, 100, -1, 15, 0) at <12071.260742, 231.010071, 10492.469727>
[COT 2024-12-3D 3h:25:52] 76561199282403539: Spawned Entity Infected (ZmbF_ParamedicNormal_Base<6cf41b70>, 100, -1, 15, 0) at <12047.551758, 231.176788, 10489.822266>
[COT 2024-12-3D 3h:25:58] 76561199282403539: Spawned Entity Infected (ZmbF_ParamedicNormal_Base<6cf4be00>, 100, -1, 15, 0) at <12079.671875, 252.252884, 10462.790039>
[COT 2024-12-3D 3h:26:5s] 76561199282403539: Spawned Entity Infected (ZmbM_usSoldier_normal_Base<6cf4c790>, 100, -1, 15, 0) at <12086.153320, 231.017288, 10474.764648>
[COT 2024-12-3D 3h:26:8s] 76561199282403539: Spawned Entity Infected (ZmbM_usSoldier_normal_Base<6cf4f760>, 100, -1, 15, 0) at <12078.680664, 233.031921, 10473.546875>
[COT 2024-12-3D 3h:26:9s] 76561199282403539: Spawned Entity Infected (ZmbM_usSoldier_normal_Base<6cf42e90>, 100, -1, 15, 0) at <12078.700195, 233.603226, 10473.230469>
[COT 2024-12-3D 3h:26:12] 76561199282403539: Spawned Entity Infected (ZmbM_usSoldier_normal_Base<6cf467f0>, 100, -1, 15, 0) at <12071.767578, 231.167389, 10473.156250>
[COT 2024-12-3D 3h:26:12] 76561199282403539: Spawned Entity Infected (ZmbM_usSoldier_normal_Base<6cf44b40>, 100, -1, 15, 0) at <12071.947266, 231.728012, 10472.889648>
[COT 2024-12-3D 3h:26:14] 76561199282403539: Spawned Entity Infected (ZmbM_usSoldier_normal_Base<6cf47180>, 100, -1, 15, 0) at <12077.839844, 252.263290, 10462.038086>
[COT 2024-12-3D 3h:26:14] 76561199282403539: Spawned Entity Infected (ZmbM_usSoldier_normal_Base<6cf47b10>, 100, -1, 15, 0) at <12078.154297, 252.461212, 10462.066406>
[COT 2024-12-3D 3h:26:21] 76561199282403539: Spawned Entity Infected (ZmbM_usSoldier_normal_Base<6cf454d0>, 100, -1, 15, 0) at <12030.743164, 231.345932, 10478.671875>
[COT 2024-12-3D 3h:26:21] 76561199282403539: Spawned Entity Infected (ZmbM_usSoldier_normal_Base<6cf411e0>, 100, -1, 15, 0) at <12030.961914, 231.446472, 10478.591797>
[COT 2024-12-3D 3h:26:21] 76561199282403539: Spawned Entity Infected (ZmbM_usSoldier_normal_Base<6cf42500>, 100, -1, 15, 0) at <12031.179688, 231.547165, 10478.509766>
[COT 2024-12-3D 3h:26:23] 76561199282403539: Spawned Entity Infected (ZmbM_usSoldier_normal_Base<6cf43820>, 100, -1, 15, 0) at <12015.458008, 227.211548, 10485.314453>
[COT 2024-12-3D 3h:26:24] 76561199282403539: Spawned Entity Infected (ZmbM_usSoldier_normal_Base<6cf4d120>, 100, -1, 15, 0) at <12015.660156, 227.294586, 10485.238281>
[COT 2024-12-3D 3h:26:34] 76561199282403539: Spawned Entity Infected (ZmbM_usSoldier_normal_Base<6cf56a20>, 100, -1, 15, 0) at <11911.435547, 230.225479, 10553.470703>
[COT 2024-12-3D 3h:26:37] 76561199282403539: Spawned Entity Infected (ZmbM_usSoldier_normal_Base<6cf59060>, 100, -1, 15, 0) at <11961.017578, 227.901443, 10520.494141>
[COT 2024-12-3D 3h:26:37] 76561199282403539: Spawned Entity Infected (ZmbM_usSoldier_normal_Base<6cf52730>, 100, -1, 15, 0) at <11961.022461, 227.901398, 10520.492188>
[COT 2024-12-3D 3h:26:56] 76561199282403539: Spawned Entity Infected (ZmbM_usSoldier_normal_Base<4890b0b0>, 100, -1, 15, 0) at <12055.498047, 231.408951, 10482.886719>
[COT 2024-12-3D 3h:26:57] 76561199282403539: Spawned Entity Infected (ZmbM_usSoldier_normal_Base<48905110>, 100, -1, 15, 0) at <12051.954102, 231.527573, 10478.651367>
[COT 2024-12-3D 3h:27:0s] 76561199282403539: Spawned Entity Infected (ZmbM_usSoldier_normal_Base<4890d6f0>, 100, -1, 15, 0) at <12049.333008, 232.791595, 10491.417969>
[COT 2024-12-3D 3h:27:2s] 76561199282403539: Spawned Entity Infected (ZmbM_usSoldier_normal_Base<48906dc0>, 100, -1, 15, 0) at <12015.416992, 228.455109, 10504.987305>
[COT 2024-12-3D 3h:27:6s] 76561199282403539: Spawned Entity Infected (ZmbM_usSoldier_normal_Base<48915cd0>, 100, -1, 15, 0) at <11829.952148, 208.396851, 10483.476563>
[COT 2024-12-3D 3h:27:7s] 76561199282403539: Spawned Entity Infected (ZmbM_usSoldier_normal_Base<48912d00>, 100, -1, 15, 0) at <12054.507813, 232.654480, 10488.063477>
[COT 2024-12-3D 3h:27:8s] 76561199282403539: Spawned Entity Infected (ZmbM_usSoldier_normal_Base<4892a1f0>, 100, -1, 15, 0) at <12054.794922, 232.712570, 10488.203125>
[COT 2024-12-3D 3h:27:8s] 76561199282403539: Spawned Entity Infected (ZmbM_usSoldier_normal_Base<48924be0>, 100, -1, 15, 0) at <12054.895508, 232.733002, 10488.252930>
[COT 2024-12-3D 3h:27:8s] 76561199282403539: Spawned Entity Infected (ZmbM_usSoldier_normal_Base<48925f00>, 100, -1, 15, 0) at <12054.997070, 232.753616, 10488.303711>
[COT 2024-12-3D 3h:27:8s] 76561199282403539: Spawned Entity Infected (ZmbM_usSoldier_normal_Base<4892db50>, 100, -1, 15, 0) at <12055.118164, 232.778290, 10488.364258>
[COT 2024-12-3D 3h:27:9s] 76561199282403539: Spawned Entity Infected (ZmbM_usSoldier_normal_Base<4892b510>, 100, -1, 15, 0) at <12055.262695, 232.807541, 10488.437500>
[COT 2024-12-3D 3h:27:9s] 76561199282403539: Spawned Entity Infected (ZmbM_usSoldier_normal_Base<48936ac0>, 100, -1, 15, 0) at <12055.378906, 232.833755, 10488.494141>
[COT 2024-12-3D 3h:27:16] 76561199282403539: Spawned Entity Infected (ZmbM_usSoldier_normal_Base<48939100>, 100, -1, 15, 0) at <12062.279297, 231.194992, 10500.273438>
[COT 2024-12-3D 3h:27:19] 76561199282403539: Spawned Entity Infected (ZmbM_usSoldier_normal_Base<48937de0>, 100, -1, 15, 0) at <12079.480469, 231.775909, 10476.584961>
[COT 2024-12-3D 3h:27:21] 76561199282403539: Spawned Entity Infected (ZmbM_usSoldier_normal_Base<38577720>, 100, -1, 15, 0) at <12079.461914, 231.993454, 10477.399414>
[COT 2024-12-3D 3h:27:28] 76561199282403539: Spawned Entity Infected (ZmbM_usSoldier_normal_Base<3857a6f0>, 100, -1, 15, 0) at <12059.559570, 231.536804, 10471.921875>
[COT 2024-12-3D 3h:27:31] 76561199282403539: Spawned Entity Infected (ZmbM_usSoldier_normal_Base<38576400>, 100, -1, 15, 0) at <12049.094727, 231.165955, 10482.530273>
[COT 2024-12-3D 3h:27:33] 76561199282403539: Spawned Entity Infected (ZmbM_usSoldier_normal_Base<3857e9e0>, 100, -1, 15, 0) at <12052.007813, 232.126968, 10486.391602>
[COT 2024-12-3D 3h:27:35] 76561199282403539: Spawned Entity Infected (ZmbM_usSoldier_normal_Base<38578a40>, 100, -1, 15, 0) at <12061.663086, 231.010040, 10490.303711>
[COT 2024-12-3D 3h:27:38] 76561199282403539: Spawned Entity Infected (ZmbM_usSoldier_normal_Base<385793d0>, 100, -1, 15, 0) at <12055.067383, 228.096786, 10514.630859>
[COT 2024-12-3D 3h:27:39] 76561199282403539: Spawned Entity Infected (ZmbM_usSoldier_normal_Base<38584980>, 100, -1, 15, 0) at <12061.138672, 228.638855, 10510.910156>
[COT 2024-12-3D 3h:27:40] 76561199282403539: Spawned Entity Infected (ZmbM_usSoldier_normal_Base<667350f0>, 100, -1, 15, 0) at <12066.573242, 229.813583, 10507.437500>
[COT 2024-12-3D 3h:27:41] 76561199282403539: Spawned Entity Infected (ZmbM_usSoldier_normal_Base<66738a50>, 100, -1, 15, 0) at <12068.598633, 230.970886, 10501.468750>
[COT 2024-12-3D 3h:27:43] 76561199282403539: Spawned Entity Infected (ZmbM_usSoldier_normal_Base<667380c0>, 100, -1, 15, 0) at <12069.646484, 231.010025, 10497.597656>
[COT 2024-12-3D 3h:27:54] 76561199282403539: Spawned Entity Infected (ZmbM_usSoldier_normal_Base<66734760>, 100, -1, 15, 0) at <12038.142578, 231.457397, 10493.815430>
[COT 2024-12-3D 3h:27:56] 76561199282403539: Spawned Entity Infected (ZmbM_usSoldier_normal_Base<66732ab0>, 100, -1, 15, 0) at <12032.388672, 230.595627, 10493.168945>
[COT 2024-12-3D 3h:27:59] 76561199282403539: Spawned Entity Infected (ZmbM_usSoldier_normal_Base<6673fd10>, 100, -1, 15, 0) at <12035.318359, 230.880524, 10484.273438>
[COT 2024-12-3D 3h:28:0s] 76561199282403539: Spawned Entity Infected (ZmbM_usSoldier_normal_Base<66739d70>, 100, -1, 15, 0) at <12040.293945, 230.786530, 10478.516602>
[COT 2024-12-3D 3h:28:2s] 76561199282403539: Spawned Entity Infected (ZmbM_usSoldier_normal_Base<66746640>, 100, -1, 15, 0) at <12043.565430, 231.061676, 10481.301758>
[COT 2024-12-3D 3h:28:13] 76561199282403539: Spawned Entity Infected (ZmbM_usSoldier_normal_Base<667172d0>, 100, -1, 15, 0) at <11964.761719, 223.407272, 10662.063477>
[COT 2024-12-3D 3h:28:45] 76561199282403539: Spawned Entity 5.45x39mm Tracer Rounds (Ammo_545x39Tracer<af3f10d0>, 20, 100, 15, 0) at <12061.610352, 231.009995, 10489.901367>
[COT 2024-12-3D 3h:28:49] 76561199282403539: Spawned Entity 5.45x39mm Tracer Rounds (Ammo_545x39Tracer<58cb1bb0>, 20, 100, 15, 0) at <12053.560547, 232.457855, 10490.992188>
[COT 2024-12-3D 3h:28:49] 76561199282403539: Spawned Entity 5.45x39mm Tracer Rounds (Ammo_545x39Tracer<58cb6220>, 20, 100, 15, 0) at <12053.608398, 232.468185, 10491.005859>
[COT 2024-12-3D 3h:28:49] 76561199282403539: Spawned Entity 5.45x39mm Tracer Rounds (Ammo_545x39Tracer<af23b6e0>, 20, 100, 15, 0) at <12053.666992, 232.480484, 10491.022461>
[COT 2024-12-3D 3h:28:49] 76561199282403539: Spawned Entity 5.45x39mm Tracer Rounds (Ammo_545x39Tracer<af23cb00>, 20, 100, 15, 0) at <12053.727539, 232.493164, 10491.041992>
[COT 2024-12-3D 3h:28:49] 76561199282403539: Spawned Entity 5.45x39mm Tracer Rounds (Ammo_545x39Tracer<1fa31510>, 20, 100, 15, 0) at <12053.786133, 232.505737, 10491.058594>
[COT 2024-12-3D 3h:28:49] 76561199282403539: Spawned Entity 5.45x39mm Tracer Rounds (Ammo_545x39Tracer<1fa2d8b0>, 20, 100, 15, 0) at <12053.844727, 232.518158, 10491.077148>
[COT 2024-12-3D 3h:28:49] 76561199282403539: Spawned Entity 5.45x39mm Tracer Rounds (Ammo_545x39Tracer<af3f3910>, 20, 100, 15, 0) at <12053.889648, 232.527695, 10491.089844>
[COT 2024-12-3D 3h:28:50] 76561199282403539: Spawned Entity 5.45x39mm Tracer Rounds (Ammo_545x39Tracer<1596cb00>, 20, 100, 15, 0) at <12053.948242, 232.540100, 10491.106445>
[COT 2024-12-3D 3h:28:50] 76561199282403539: Spawned Entity 5.45x39mm Tracer Rounds (Ammo_545x39Tracer<af3ede80>, 20, 100, 15, 0) at <12054.012695, 232.553711, 10491.126953>
[COT 2024-12-3D 3h:28:50] 76561199282403539: Spawned Entity 5.45x39mm Tracer Rounds (Ammo_545x39Tracer<af2461f0>, 20, 100, 15, 0) at <12054.078125, 232.567581, 10491.144531>
[COT 2024-12-3D 3h:28:50] 76561199282403539: Spawned Entity 5.45x39mm Tracer Rounds (Ammo_545x39Tracer<1fa2e2c0>, 20, 100, 15, 0) at <12054.136719, 232.580017, 10491.161133>
[COT 2024-12-3D 3h:28:50] 76561199282403539: Spawned Entity 5.45x39mm Tracer Rounds (Ammo_545x39Tracer<1fa300f0>, 20, 100, 15, 0) at <12054.208008, 232.595047, 10491.181641>
[COT 2024-12-3D 3h:28:50] 76561199282403539: Spawned Entity 5.45x39mm Tracer Rounds (Ammo_545x39Tracer<1fa5d570>, 20, 100, 15, 0) at <12054.268555, 232.608337, 10491.199219>
[COT 2024-12-3D 3h:28:50] 76561199282403539: Spawned Entity 5.45x39mm Tracer Rounds (Ammo_545x39Tracer<1fa566c0>, 20, 100, 15, 0) at <12054.329102, 232.621262, 10491.216797>
[COT 2024-12-3D 3h:28:52] 76561199282403539: Spawned Entity 5.45x39mm Tracer Rounds (Ammo_545x39Tracer<1596d510>, 20, 100, 15, 0) at <12055.063477, 232.631607, 10490.040039>
[COT 2024-12-3D 3h:28:52] 76561199282403539: Spawned Entity 5.45x39mm Tracer Rounds (Ammo_545x39Tracer<58caf370>, 20, 100, 15, 0) at <12055.126953, 232.645325, 10490.062500>
[COT 2024-12-3D 3h:28:53] 76561199282403539: Spawned Entity 5.45x39mm Tracer Rounds (Ammo_545x39Tracer<af3fda10>, 20, 100, 15, 0) at <12055.185547, 232.658188, 10490.083984>
[COT 2024-12-3D 3h:28:53] 76561199282403539: Spawned Entity 5.45x39mm Tracer Rounds (Ammo_545x39Tracer<af3ff840>, 20, 100, 15, 0) at <12055.241211, 232.670319, 10490.103516>
[COT 2024-12-3D 3h:28:53] 76561199282403539: Spawned Entity 5.45x39mm Tracer Rounds (Ammo_545x39Tracer<af244dd0>, 20, 100, 15, 0) at <12055.301758, 232.683456, 10490.125977>
[COT 2024-12-3D 3h:28:53] 76561199282403539: Spawned Entity 5.45x39mm Tracer Rounds (Ammo_545x39Tracer<58cb8050>, 20, 100, 15, 0) at <12055.358398, 232.695663, 10490.146484>
[COT 2024-12-3D 3h:28:53] 76561199282403539: Spawned Entity 5.45x39mm Tracer Rounds (Ammo_545x39Tracer<15968490>, 20, 100, 15, 0) at <12055.424805, 232.710312, 10490.170898>
[COT 2024-12-3D 3h:28:53] 76561199282403539: Spawned Entity 5.45x39mm Tracer Rounds (Ammo_545x39Tracer<1596a2c0>, 20, 100, 15, 0) at <12055.481445, 232.722687, 10490.192383>
[COT 2024-12-3D 3h:28:53] 76561199282403539: Spawned Entity 5.45x39mm Tracer Rounds (Ammo_545x39Tracer<1598d640>, 20, 100, 15, 0) at <12055.538086, 232.735046, 10490.212891>
[COT 2024-12-3D 3h:28:53] 76561199282403539: Spawned Entity 5.45x39mm Tracer Rounds (Ammo_545x39Tracer<67a3d850>, 20, 100, 15, 0) at <12055.593750, 232.747147, 10490.233398>
[COT 2024-12-3D 3h:28:54] 76561199282403539: Spawned Entity 5.45x39mm Tracer Rounds (Ammo_545x39Tracer<1fa6a8c0>, 20, 100, 15, 0) at <12055.663086, 232.761948, 10490.258789>
[COT 2024-12-3D 3h:29:2s] 76561199282403539: Spawned Entity 5.45x39mm Tracer Rounds (Ammo_545x39Tracer<6fbd8bc0>, 20, 100, 15, 0) at <12042.333984, 230.859253, 10495.127930>
[COT 2024-12-3D 3h:29:2s] 76561199282403539: Spawned Entity 5.45x39mm Tracer Rounds (Ammo_545x39Tracer<1d129b10>, 20, 100, 15, 0) at <12042.349609, 230.887146, 10495.068359>
[COT 2024-12-3D 3h:29:2s] 76561199282403539: Spawned Entity 5.45x39mm Tracer Rounds (Ammo_545x39Tracer<1d12cd60>, 20, 100, 15, 0) at <12042.369141, 230.918655, 10495.002930>
[COT 2024-12-3D 3h:29:2s] 76561199282403539: Spawned Entity 5.45x39mm Tracer Rounds (Ammo_545x39Tracer<1b24e520>, 20, 100, 15, 0) at <12042.387695, 230.949310, 10494.938477>
[COT 2024-12-3D 3h:29:2s] 76561199282403539: Spawned Entity 5.45x39mm Tracer Rounds (Ammo_545x39Tracer<1d12a520>, 20, 100, 15, 0) at <12042.407227, 230.976166, 10494.882813>
[COT 2024-12-3D 3h:29:3s] 76561199282403539: Spawned Entity 5.45x39mm Tracer Rounds (Ammo_545x39Tracer<af3fc5f0>, 20, 100, 15, 0) at <12042.424805, 231.003281, 10494.827148>
[COT 2024-12-3D 3h:29:3s] 76561199282403539: Spawned Entity 5.45x39mm Tracer Rounds (Ammo_545x39Tracer<6fbda9f0>, 20, 100, 15, 0) at <12042.444336, 231.033691, 10494.763672>
[COT 2024-12-3D 3h:29:3s] 76561199282403539: Spawned Entity 5.45x39mm Tracer Rounds (Ammo_545x39Tracer<1d1272d0>, 20, 100, 15, 0) at <12042.463867, 231.065292, 10494.698242>
[COT 2024-12-3D 3h:29:3s] 76561199282403539: Spawned Entity 5.45x39mm Tracer Rounds (Ammo_545x39Tracer<1d133c10>, 20, 100, 15, 0) at <12042.464844, 231.065247, 10494.698242>
[COT 2024-12-3D 3h:29:3s] 76561199282403539: Spawned Entity 5.45x39mm Tracer Rounds (Ammo_545x39Tracer<58cb6c30>, 20, 100, 15, 0) at <12042.483398, 231.094421, 10494.638672>
[COT 2024-12-3D 3h:29:3s] 76561199282403539: Spawned Entity 5.45x39mm Tracer Rounds (Ammo_545x39Tracer<af3f8990>, 20, 100, 15, 0) at <12042.502930, 231.125244, 10494.573242>
[COT 2024-12-3D 3h:29:3s] 76561199282403539: Spawned Entity 5.45x39mm Tracer Rounds (Ammo_545x39Tracer<1b255de0>, 20, 100, 15, 0) at <12042.519531, 231.152420, 10494.516602>
[COT 2024-12-3D 3h:29:8s] 76561199282403539: Spawned Entity 5.45x39mm Tracer Rounds (Ammo_545x39Tracer<6fbd81b0>, 20, 100, 15, 0) at <12043.204102, 230.851715, 10496.093750>
[COT 2024-12-3D 3h:29:9s] 76561199282403539: Spawned Entity 5.45x39mm Tracer Rounds (Ammo_545x39Tracer<1d12eb90>, 20, 100, 15, 0) at <12043.229492, 230.909271, 10496.141602>
[COT 2024-12-3D 3h:29:9s] 76561199282403539: Spawned Entity 5.45x39mm Tracer Rounds (Ammo_545x39Tracer<6fbdfa70>, 20, 100, 15, 0) at <12043.253906, 230.965164, 10496.189453>
[COT 2024-12-3D 3h:29:9s] 76561199282403539: Spawned Entity 5.45x39mm Tracer Rounds (Ammo_545x39Tracer<af3fa7c0>, 20, 100, 15, 0) at <12043.276367, 231.015518, 10496.231445>
[COT 2024-12-3D 3h:29:9s] 76561199282403539: Spawned Entity 5.45x39mm Tracer Rounds (Ammo_545x39Tracer<1b250d60>, 20, 100, 15, 0) at <12043.302734, 231.072403, 10496.279297>
[COT 2024-12-3D 3h:29:9s] 76561199282403539: Spawned Entity 5.45x39mm Tracer Rounds (Ammo_545x39Tracer<6fbd95d0>, 20, 100, 15, 0) at <12043.329102, 231.131866, 10496.329102>
[COT 2024-12-3D 3h:29:9s] 76561199282403539: Spawned Entity 5.45x39mm Tracer Rounds (Ammo_545x39Tracer<1b2535a0>, 20, 100, 15, 0) at <12043.354492, 231.188736, 10496.375977>
[COT 2024-12-3D 3h:29:9s] 76561199282403539: Spawned Entity 5.45x39mm Tracer Rounds (Ammo_545x39Tracer<1b25c280>, 20, 100, 15, 0) at <12043.380859, 231.249954, 10496.427734>
[COT 2024-12-3D 3h:29:9s] 76561199282403539: Spawned Entity 5.45x39mm Tracer Rounds (Ammo_545x39Tracer<1d136450>, 20, 100, 15, 0) at <12043.405273, 231.308334, 10496.475586>
[COT 2024-12-3D 3h:29:10] 76561199282403539: Spawned Entity 5.45x39mm Tracer Rounds (Ammo_545x39Tracer<1b25ae60>, 20, 100, 15, 0) at <12043.429688, 231.369003, 10496.526367>
[COT 2024-12-3D 3h:29:10] 76561199282403539: Spawned Entity 5.45x39mm Tracer Rounds (Ammo_545x39Tracer<af4052d0>, 20, 100, 15, 0) at <12043.452148, 231.425446, 10496.575195>
[COT 2024-12-3D 3h:29:10] 76561199282403539: Spawned Entity 5.45x39mm Tracer Rounds (Ammo_545x39Tracer<6fbeebf0>, 20, 100, 15, 0) at <12043.475586, 231.483658, 10496.624023>
[COT 2024-12-3D 3h:29:10] 76561199282403539: Spawned Entity 5.45x39mm Tracer Rounds (Ammo_545x39Tracer<58cb7640>, 20, 100, 15, 0) at <12043.497070, 231.538666, 10496.669922>
[COT 2024-12-3D 3h:29:10] 76561199282403539: Spawned Entity 5.45x39mm Tracer Rounds (Ammo_545x39Tracer<1d12ffb0>, 20, 100, 15, 0) at <12043.517578, 231.587555, 10496.710938>
[COT 2024-12-3D 3h:29:10] 76561199282403539: Spawned Entity 5.45x39mm Tracer Rounds (Ammo_545x39Tracer<1cf77ce0>, 20, 100, 15, 0) at <12043.542969, 231.647415, 10496.760742>
[COT 2024-12-3D 3h:29:10] 76561199282403539: Spawned Entity 5.45x39mm Tracer Rounds (Ammo_545x39Tracer<58cb8a60>, 20, 100, 15, 0) at <12043.566406, 231.702408, 10496.806641>
[COT 2024-12-3D 3h:29:10] 76561199282403539: Spawned Entity 5.45x39mm Tracer Rounds (Ammo_545x39Tracer<1d13b4d0>, 20, 100, 15, 0) at <12043.590820, 231.760269, 10496.854492>
[COT 2024-12-3D 3h:29:11] 76561199282403539: Spawned Entity 5.45x39mm Tracer Rounds (Ammo_545x39Tracer<af3c8cd0>, 20, 100, 15, 0) at <12043.611328, 231.806808, 10496.894531>
[COT 2024-12-3D 3h:29:11] 76561199282403539: Spawned Entity 5.45x39mm Tracer Rounds (Ammo_545x39Tracer<1d13dd10>, 20, 100, 15, 0) at <12043.631836, 231.855392, 10496.935547>
[COT 2024-12-3D 3h:29:11] 76561199282403539: Spawned Entity 5.45x39mm Tracer Rounds (Ammo_545x39Tracer<1cf75eb0>, 20, 100, 15, 0) at <12043.655273, 231.910797, 10496.981445>
[COT 2024-12-3D 3h:29:11] 76561199282403539: Spawned Entity 5.45x39mm Tracer Rounds (Ammo_545x39Tracer<1d137870>, 20, 100, 15, 0) at <12043.679688, 231.965393, 10497.028320>
[COT 2024-12-3D 3h:29:11] 76561199282403539: Spawned Entity 5.45x39mm Tracer Rounds (Ammo_545x39Tracer<1b25d6a0>, 20, 100, 15, 0) at <12043.705078, 232.022354, 10497.077148>
[COT 2024-12-3D 3h:29:11] 76561199282403539: Spawned Entity 5.45x39mm Tracer Rounds (Ammo_545x39Tracer<58cc2b60>, 20, 100, 15, 0) at <12043.729492, 232.079498, 10497.125000>
[COT 2024-12-3D 3h:29:11] 76561199282403539: Spawned Entity 5.45x39mm Tracer Rounds (Ammo_545x39Tracer<1cf786f0>, 20, 100, 15, 0) at <12043.756836, 232.138519, 10497.174805>
[COT 2024-12-3D 3h:29:52] 76561199282403539: Spawned Entity Buck (Animal_CapraHircus<50992970>, 20, 100, 15, 0) at <12048.334961, 231.177917, 10490.409180>
[COT 2024-12-3D 3h:29:59] 76561199282403539: Spawned Entity Cow (Animal_BosTaurusF<7626ad50>, 20, 100, 15, 0) at <12048.336914, 231.177872, 10490.412109>
[COT 2024-12-3D 3h:30:6s] 76561199282403539: Spawned Entity Reindeer (Animal_RangiferTarandus<76269b30>, 20, 100, 15, 0) at <12046.803711, 231.161652, 10484.471680>
[COT 2024-12-3D 3h:30:17] 76561199282403539: Spawned Entity Wolf (Animal_CanisLupus<76e70090>, 20, 100, 15, 0) at <12046.798828, 231.161209, 10484.404297>
[COT 2024-12-3D 3h:30:18] 76561199282403539: Spawned Entity Wolf (Animal_CanisLupus<76e712b0>, 20, 100, 15, 0) at <12050.038086, 231.189728, 10486.172852>
[COT 2024-12-3D 3h:30:19] 76561199282403539: Spawned Entity Wolf (Animal_CanisLupus<71c57480>, 20, 100, 15, 0) at <12049.729492, 231.160339, 10481.803711>
[COT 2024-12-3D 3h:30:21] 76561199282403539: Spawned Entity Wolf (Animal_CanisLupus<509968e0>, 20, 100, 15, 0) at <12052.620117, 231.221100, 10490.199219>
[COT 2024-12-3D 3h:30:25] 76561199282403539: Spawned Entity Wolf (Animal_CanisLupus<76e71bc0>, 20, 100, 15, 0) at <12052.686523, 233.233063, 10469.880859>
[COT 2024-12-3D 3h:30:26] 76561199282403539: Spawned Entity Wolf (Animal_CanisLupus<762652b0>, 20, 100, 15, 0) at <12052.898438, 233.391266, 10469.822266>
[COT 2024-12-3D 3h:30:28] 76561199282403539: Spawned Entity Wolf (Animal_CanisLupus<71c598c0>, 20, 100, 15, 0) at <12052.685547, 233.233536, 10469.883789>
[COT 2024-12-3D 3h:30:30] 76561199282403539: Spawned Entity Wolf (Animal_CanisLupus<75a09080>, 20, 100, 15, 0) at <12017.159180, 228.534851, 10491.055664>
[COT 2024-12-3D 3h:30:31] 76561199282403539: Spawned Entity Wolf (Animal_CanisLupus<71c5c610>, 20, 100, 15, 0) at <12017.302734, 228.573212, 10490.997070>
[COT 2024-12-3D 3h:30:32] 76561199282403539: Spawned Entity Wolf (Animal_CanisLupus<50998d20>, 20, 100, 15, 0) at <12041.344727, 231.085632, 10485.728516>
[COT 2024-12-3D 3h:30:33] 76561199282403539: Spawned Entity Wolf (Animal_CanisLupus<50993b90>, 20, 100, 15, 0) at <12041.487305, 231.174454, 10485.651367>
[COT 2024-12-3D 3h:30:34] 76561199282403539: Spawned Entity Wolf (Animal_CanisLupus<762664d0>, 20, 100, 15, 0) at <12058.564453, 231.033020, 10474.856445>
[COT 2024-12-3D 3h:30:34] 76561199282403539: Spawned Entity Wolf (Animal_CanisLupus<30ab1ca0>, 20, 100, 15, 0) at <12058.706055, 231.183273, 10474.772461>
[COT 2024-12-3D 3h:30:35] 76561199282403539: Spawned Entity Wolf (Animal_CanisLupus<76268910>, 20, 100, 15, 0) at <12058.847656, 231.334106, 10474.687500>
[COT 2024-12-3D 3h:30:35] 76561199282403539: Spawned Entity Wolf (Animal_CanisLupus<71c5fc70>, 20, 100, 15, 0) at <12058.989258, 231.484985, 10474.602539>
[COT 2024-12-3D 3h:30:35] 76561199282403539: Spawned Entity Wolf (Animal_CanisLupus<76e724d0>, 20, 100, 15, 0) at <12059.130859, 231.635803, 10474.517578>
[COT 2024-12-3D 3h:30:37] 76561199282403539: Spawned Entity Wolf (Animal_CanisLupus<3cff86c0>, 20, 100, 15, 0) at <12057.342773, 231.132690, 10485.913086>
[COT 2024-12-3D 3h:30:40] 76561199282403539: Spawned Entity Wolf (Animal_CanisLupus<3cff5970>, 20, 100, 15, 0) at <12057.714844, 232.971710, 10494.974609>
[COT 2024-12-3D 3h:30:42] 76561199282403539: Spawned Entity Wolf (Animal_CanisLupus<71c586a0>, 20, 100, 15, 0) at <12023.949219, 228.084625, 10503.758789>
[COT 2024-12-3D 3h:30:45] 76561199282403539: Spawned Entity Buck (Animal_CapraHircus<71b1c440>, 20, 100, 15, 0) at <12023.949219, 228.083481, 10503.763672>
[COT 2024-12-3D 3h:30:53] 76561199282403539: Spawned Entity Wolf (Animal_CanisLupus<76268000>, 20, 100, 15, 0) at <12024.121094, 228.107452, 10503.653320>
[COT 2024-12-3D 3h:30:56] 76561199282403539: Spawned Entity Wolf (Animal_CanisLupus<3cff7db0>, 20, 100, 15, 0) at <12044.122070, 231.149384, 10489.428711>
[COT 2024-12-3D 3h:30:58] 76561199282403539: Spawned Entity Wolf (Animal_CanisLupus<76265bc0>, 20, 100, 15, 0) at <12055.127930, 231.124237, 10487.750000>
[COT 2024-12-3D 3h:30:59] 76561199282403539: Spawned Entity Wolf (Animal_CanisLupus<7626b660>, 20, 100, 15, 0) at <12055.747070, 231.684250, 10487.110352>
[COT 2024-12-3D 3h:31:0s] 76561199282403539: Spawned Entity Wolf (Animal_CanisLupus<3cff5060>, 20, 100, 15, 0) at <12055.333984, 231.312393, 10487.531250>
[COT 2024-12-3D 3h:31:1s] 76561199282403539: Spawned Entity Wolf (Animal_CanisLupus<3cff6280>, 20, 100, 15, 0) at <12055.130859, 231.124451, 10487.739258>
[COT 2024-12-3D 3h:31:2s] 76561199282403539: Spawned Entity Wolf (Animal_CanisLupus<30ab25b0>, 20, 100, 15, 0) at <12055.127930, 231.124420, 10487.742188>
[COT 2024-12-3D 3h:31:3s] 76561199282403539: Spawned Entity Wolf (Animal_CanisLupus<76266de0>, 20, 100, 15, 0) at <12055.127930, 231.124405, 10487.744141>
[COT 2024-12-3D 3h:31:8s] 76561199282403539: Spawned Entity Pig (Animal_SusDomesticus<3cff74a0>, 20, 100, 15, 0) at <12055.129883, 231.124512, 10487.739258>
[COT 2024-12-3D 3h:31:11] 76561199282403539: Spawned Entity Red Fox (Animal_VulpesVulpes<76269220>, 20, 100, 15, 0) at <12055.128906, 231.124313, 10487.747070>
[COT 2024-12-3D 3h:31:15] 76561199282403539: Spawned Entity Reindeer (Animal_RangiferTarandusF<76264090>, 20, 100, 15, 0) at <12055.126953, 231.124496, 10487.742188>
[COT 2024-12-3D 3h:31:21] 76561199282403539: Spawned Entity Hare (Animal_LepusEuropaeus<3cff6b90>, 20, 100, 15, 0) at <12055.520508, 231.477112, 10487.344727>
[COT 2024-12-3D 3h:31:39] 76561199282403539: Spawned Entity Infected (ZmbM_PatrolNormal_Base<28d81510>, 20, 100, 15, 0) at <12064.656250, 231.039063, 10479.676758>
[COT 2024-12-3D 3h:31:41] 76561199282403539: Spawned Entity Infected (ZmbM_PatrolNormal_Base<28d831c0>, 20, 100, 15, 0) at <12066.887695, 231.010025, 10472.770508>
[COT 2024-12-3D 3h:31:43] 76561199282403539: Spawned Entity Infected (ZmbM_PatrolNormal_Base<28d80b80>, 20, 100, 15, 0) at <12075.067383, 231.009995, 10467.276367>
[COT 2024-12-3D 3h:31:43] 76561199282403539: Spawned Entity Infected (ZmbM_PatrolNormal_Base<28d82830>, 20, 100, 15, 0) at <12075.277344, 232.111771, 10467.039063>
[COT 2024-12-3D 3h:31:46] 76561199282403539: Spawned Entity Infected (ZmbM_PatrolNormal_Base<28d83b50>, 20, 100, 15, 0) at <12172.333984, 208.612427, 10460.177734>
[COT 2024-12-3D 3h:31:49] 76561199282403539: Spawned Entity Infected (ZmbM_PatrolNormal_Base<28d7eed0>, 20, 100, 15, 0) at <12176.323242, 207.690765, 10455.198242>
[COT 2024-12-3D 3h:31:51] 76561199282403539: Spawned Entity Infected (ZmbM_PatrolNormal_Base<28d8cac0>, 20, 100, 15, 0) at <12174.309570, 208.107666, 10449.836914>
[COT 2024-12-3D 3h:31:53] 76561199282403539: Spawned Entity Infected (ZmbM_PatrolNormal_Base<6671a2a0>, 20, 100, 15, 0) at <12173.662109, 207.681122, 10451.273438>
[COT 2024-12-3D 3h:31:55] 76561199282403539: Spawned Entity Infected (ZmbM_PatrolNormal_Base<667185f0>, 20, 100, 15, 0) at <12082.445313, 252.261276, 10462.028320>
[COT 2024-12-3D 3h:32:1s] 76561199282403539: Spawned Entity Infected (ZmbM_PatrolNormal_Base<6671b5c0>, 20, 100, 15, 0) at <12129.586914, 211.051147, 10446.535156>
[COT 2024-12-3D 3h:32:2s] 76561199282403539: Spawned Entity Infected (ZmbM_PatrolNormal_Base<6671ac30>, 20, 100, 15, 0) at <12082.487305, 252.261093, 10461.429688>
[COT 2024-12-3D 3h:32:8s] 76561199282403539: Spawned Entity Infected (ZmbM_PatrolNormal_Base<6671ef20>, 20, 100, 15, 0) at <12085.469727, 217.637268, 10433.682617>
[COT 2024-12-3D 3h:32:10] 76561199282403539: Spawned Entity Infected (ZmbM_PatrolNormal_Base<667291b0>, 20, 100, 15, 0) at <12080.020508, 251.472794, 10458.954102>
[COT 2024-12-3D 3h:32:13] 76561199282403539: Spawned Entity Infected (ZmbM_PatrolNormal_Base<66726b70>, 20, 100, 15, 0) at <12080.128906, 251.660370, 10461.071289>
[COT 2024-12-3D 3h:32:15] 76561199282403539: Spawned Entity Infected (ZmbM_PatrolNormal_Base<6672ae60>, 20, 100, 15, 0) at <12081.348633, 251.472794, 10460.234375>
[COT 2024-12-3D 3h:32:18] 76561199282403539: Spawned Entity Infected (ZmbM_PatrolNormal_Base<66732120>, 20, 100, 15, 0) at <12079.636719, 251.472809, 10460.234375>
[COT 2024-12-3D 3h:32:23] 76561199282403539: Spawned Entity Infected (ZmbM_PatrolNormal_Base<6672c180>, 20, 100, 15, 0) at <12110.916992, 221.659424, 10457.340820>
[COT 2024-12-3D 3h:32:29] 76561199282403539: Spawned Entity Infected (ZmbM_PatrolNormal_Base<6672e7c0>, 20, 100, 15, 0) at <12060.720703, 231.399643, 10468.151367>
[COT 2024-12-3D 3h:32:31] 76561199282403539: Spawned Entity Infected (ZmbM_PatrolNormal_Base<6cf4e440>, 20, 100, 15, 0) at <12056.376953, 231.259338, 10465.054688>
[COT 2024-12-3D 3h:32:37] 76561199282403539: Spawned Entity Infected (ZmbM_PatrolNormal_Base<6cf4edd0>, 20, 100, 15, 0) at <12051.909180, 228.800537, 10461.994141>
[COT 2024-12-3D 3h:32:38] 76561199282403539: Spawned Entity Infected (ZmbM_PatrolNormal_Base<6cf484a0>, 20, 100, 15, 0) at <12052.302734, 229.162125, 10461.985352>
[COT 2024-12-3D 3h:32:41] 76561199282403539: Spawned Entity Infected (ZmbM_PatrolNormal_Base<6cf51da0>, 20, 100, 15, 0) at <12048.414063, 229.562393, 10466.171875>
[COT 2024-12-3D 3h:32:43] 76561199282403539: Spawned Entity Infected (ZmbM_PatrolNormal_Base<6cf53a50>, 20, 100, 15, 0) at <12042.790039, 229.783478, 10470.375977>
[COT 2024-12-3D 3h:32:47] 76561199282403539: Spawned Entity Infected (ZmbM_PatrolNormal_Base<6cf543e0>, 20, 100, 15, 0) at <11806.049805, 231.694504, 10555.272461>
[COT 2024-12-3D 3h:32:49] 76561199282403539: Spawned Entity Infected (ZmbM_PatrolNormal_Base<6cf56a20>, 20, 100, 15, 0) at <11727.547852, 240.682861, 10574.684570>
[COT 2024-12-3D 3h:32:52] 76561199282403539: Spawned Entity Infected (ZmbM_PatrolNormal_Base<6cf5ad10>, 20, 100, 15, 0) at <11900.495117, 221.825226, 10525.942383>
[COT 2024-12-3D 3h:33:0s] 76561199282403539: Spawned Entity Infected (ZmbM_PatrolNormal_Base<4893e710>, 20, 100, 15, 0) at <12106.536133, 231.188156, 10492.014648>
[COT 2024-12-3D 3h:33:7s] 76561199282403539: Spawned Entity Infected (ZmbM_PatrolNormal_Base<4893ca60>, 20, 100, 15, 0) at <12079.086914, 232.272949, 10477.057617>
[COT 2024-12-3D 3h:33:8s] 76561199282403539: Spawned Entity Infected (ZmbM_PatrolNormal_Base<4893f0a0>, 20, 100, 15, 0) at <12079.235352, 232.277267, 10477.332031>
[COT 2024-12-3D 3h:33:18] 76561199282403539: Spawned Entity Infected (ZmbM_PatrolNormal_Base<4893fa30>, 20, 100, 15, 0) at <12063.764648, 231.373779, 10498.519531>
[COT 2024-12-3D 3h:33:19] 76561199282403539: Spawned Entity Infected (ZmbM_PatrolNormal_Base<48943d20>, 20, 100, 15, 0) at <12062.546875, 231.195007, 10496.301758>
[COT 2024-12-3D 3h:33:20] 76561199282403539: Spawned Entity Infected (ZmbM_PatrolNormal_Base<48945040>, 20, 100, 15, 0) at <12061.298828, 231.195007, 10495.851563>
[COT 2024-12-3D 3h:33:22] 76561199282403539: Spawned Entity Infected (ZmbM_PatrolNormal_Base<489416e0>, 20, 100, 15, 0) at <12060.595703, 231.195007, 10496.416992>
[COT 2024-12-3D 3h:33:24] 76561199282403539: Spawned Entity Infected (ZmbM_PatrolNormal_Base<48912370>, 20, 100, 15, 0) at <12061.928711, 231.529663, 10497.302734>
[COT 2024-12-3D 3h:33:25] 76561199282403539: Spawned Entity Infected (ZmbM_PatrolNormal_Base<41d003c0>, 20, 100, 15, 0) at <12063.024414, 231.195007, 10498.334961>
[COT 2024-12-3D 3h:33:27] 76561199282403539: Spawned Entity Infected (ZmbM_PatrolNormal_Base<41d00d50>, 20, 100, 15, 0) at <12062.157227, 231.195007, 10500.463867>
[COT 2024-12-3D 3h:33:29] 76561199282403539: Spawned Entity Infected (ZmbM_PatrolNormal_Base<41d016e0>, 20, 100, 15, 0) at <12061.333984, 231.195007, 10499.226563>
[COT 2024-12-3D 3h:33:30] 76561199282403539: Spawned Entity Infected (ZmbM_PatrolNormal_Base<41d09cc0>, 20, 100, 15, 0) at <12062.048828, 231.195007, 10498.838867>
[COT 2024-12-3D 3h:33:31] 76561199282403539: Spawned Entity Infected (ZmbM_PatrolNormal_Base<38570df0>, 20, 100, 15, 0) at <12061.822266, 231.195007, 10497.802734>
[COT 2024-12-3D 3h:33:32] 76561199282403539: Spawned Entity Infected (ZmbM_PatrolNormal_Base<385780b0>, 20, 100, 15, 0) at <12061.017578, 231.195007, 10497.218750>
[COT 2024-12-3D 3h:33:34] 76561199282403539: Spawned Entity Infected (ZmbM_PatrolNormal_Base<38571780>, 20, 100, 15, 0) at <12060.446289, 231.195007, 10496.417969>
[COT 2024-12-3D 3h:33:35] 76561199282403539: Spawned Entity Infected (ZmbM_PatrolNormal_Base<3858d8f0>, 20, 100, 15, 0) at <12060.061523, 231.195007, 10496.097656>
[COT 2024-12-3D 3h:33:39] 76561199282403539: Spawned Entity Infected (ZmbM_PatrolNormal_Base<3858f5a0>, 20, 100, 15, 0) at <12060.786133, 231.195007, 10499.505859>
[COT 2024-12-3D 3h:33:40] 76561199282403539: Spawned Entity Infected (ZmbM_PatrolNormal_Base<385908c0>, 20, 100, 15, 0) at <12061.981445, 231.195007, 10499.849609>
[COT 2024-12-3D 3h:33:42] 76561199282403539: Spawned Entity Infected (ZmbM_PatrolNormal_Base<38589f90>, 20, 100, 15, 0) at <12061.340820, 231.195007, 10499.187500>
[COT 2024-12-3D 3h:33:43] 76561199282403539: Spawned Entity Infected (ZmbM_PatrolNormal_Base<38591250>, 20, 100, 15, 0) at <12061.068359, 231.195007, 10498.611328>
[COT 2024-12-3D 3h:33:44] 76561199282403539: Spawned Entity Infected (ZmbM_PatrolNormal_Base<3859c800>, 20, 100, 15, 0) at <12060.248047, 231.195007, 10498.527344>
[COT 2024-12-3D 3h:33:48] 76561199282403539: Spawned Entity Infected (ZmbM_PatrolNormal_Base<3859db20>, 20, 100, 15, 0) at <12059.942383, 232.702148, 10497.649414>
[COT 2024-12-3D 3h:33:49] 76561199282403539: Spawned Entity Infected (ZmbM_PatrolNormal_Base<3859a1c0>, 20, 100, 15, 0) at <12059.838867, 232.803238, 10497.869141>
[COT 2024-12-3D 3h:33:50] 76561199282403539: Spawned Entity Infected (ZmbM_PatrolNormal_Base<3859ab50>, 20, 100, 15, 0) at <12059.832031, 232.663422, 10497.691406>
[COT 2024-12-3D 3h:33:52] 76561199282403539: Spawned Entity Infected (ZmbM_PatrolNormal_Base<66723210>, 20, 100, 15, 0) at <12060.391602, 232.597290, 10498.193359>
[COT 2024-12-3D 3h:33:54] 76561199282403539: Spawned Entity Infected (ZmbM_PatrolNormal_Base<66723ba0>, 20, 100, 15, 0) at <12060.663086, 231.528641, 10500.742188>
[COT 2024-12-3D 3h:33:54] 76561199282403539: Spawned Entity Infected (ZmbM_PatrolNormal_Base<28d6b340>, 20, 100, 15, 0) at <12060.563477, 231.679474, 10500.489258>
[COT 2024-12-3D 3h:33:57] 76561199282403539: Spawned Entity Infected (ZmbM_PatrolNormal_Base<28d6bcd0>, 20, 100, 15, 0) at <12061.499023, 231.195007, 10500.791992>
[COT 2024-12-3D 3h:33:57] 76561199282403539: Spawned Entity Infected (ZmbM_PatrolNormal_Base<28d653a0>, 20, 100, 15, 0) at <12061.313477, 231.378128, 10500.538086>
[COT 2024-12-3D 3h:33:57] 76561199282403539: Spawned Entity Infected (ZmbM_PatrolNormal_Base<28d6c660>, 20, 100, 15, 0) at <12061.128906, 231.561447, 10500.284180>
[COT 2024-12-3D 3h:33:57] 76561199282403539: Spawned Entity Infected (ZmbM_PatrolNormal_Base<28d65d30>, 20, 100, 15, 0) at <12060.943359, 231.745316, 10500.031250>
[COT 2024-12-3D 3h:33:57] 76561199282403539: Spawned Entity Infected (ZmbM_PatrolNormal_Base<28d6d980>, 20, 100, 15, 0) at <12060.757813, 231.928482, 10499.777344>
[COT 2024-12-3D 3h:33:57] 76561199282403539: Spawned Entity Infected (ZmbM_PatrolNormal_Base<28d6e310>, 20, 100, 15, 0) at <12060.573242, 232.112366, 10499.523438>
[COT 2024-12-3D 3h:33:57] 76561199282403539: Spawned Entity Infected (ZmbM_PatrolNormal_Base<28d7bf00>, 20, 100, 15, 0) at <12060.387695, 232.295868, 10499.269531>
[COT 2024-12-3D 3h:33:58] 76561199282403539: Spawned Entity Infected (ZmbM_PatrolNormal_Base<28d7c890>, 20, 100, 15, 0) at <12060.202148, 232.479950, 10499.015625>
[COT 2024-12-3D 3h:33:58] 76561199282403539: Spawned Entity Infected (ZmbM_PatrolNormal_Base<41cea1f0>, 20, 100, 15, 0) at <12060.017578, 232.664047, 10498.761719>
[COT 2024-12-3D 3h:33:58] 76561199282403539: Spawned Entity Infected (ZmbM_PatrolNormal_Base<41ce4250>, 20, 100, 15, 0) at <12059.875000, 232.806229, 10498.564453>
[COT 2024-12-3D 3h:34:14] 76561199282403539: Spawned Entity Infected (ZmbM_PatrolNormal_Base<41ce4be0>, 20, 100, 15, 0) at <12064.722656, 231.098892, 10484.484375>
[COT 2024-12-3D 3h:34:16] 76561199282403539: Spawned Entity Infected (ZmbM_PatrolNormal_Base<41ce5f00>, 20, 100, 15, 0) at <12067.375977, 231.010010, 10488.064453>
[COT 2024-12-3D 3h:34:24] 76561199282403539: Spawned Entity Infected (ZmbM_PatrolNormal_Base<38572aa0>, 20, 100, 15, 0) at <12069.829102, 231.010025, 10491.132813>
[COT 2024-12-3D 3h:34:26] 76561199282403539: Spawned Entity Infected (ZmbM_PatrolNormal_Base<3856de20>, 20, 100, 15, 0) at <12069.826172, 231.010010, 10491.126953>
[COT 2024-12-3D 3h:34:28] 76561199282403539: Spawned Entity Infected (ZmbM_PatrolNormal_Base<3856d490>, 20, 100, 15, 0) at <12080.207031, 231.010010, 10483.033203>
[COT 2024-12-3D 3h:34:30] 76561199282403539: Spawned Entity Infected (ZmbM_PatrolNormal_Base<38575a70>, 20, 100, 15, 0) at <12084.755859, 231.657669, 10479.216797>
[COT 2024-12-3D 3h:34:45] 76561199282403539: Spawned Entity Infected (ZmbM_PatrolNormal_Base<38573430>, 20, 100, 15, 0) at <12082.806641, 232.469803, 10475.914063>
[COT 2024-12-3D 3h:34:46] 76561199282403539: Spawned Entity Infected (ZmbM_PatrolNormal_Base<38573dc0>, 20, 100, 15, 0) at <12082.548828, 232.471436, 10476.103516>
[COT 2024-12-3D 3h:34:47] 76561199282403539: Spawned Entity Infected (ZmbM_PatrolNormal_Base<66742ce0>, 20, 100, 15, 0) at <12082.292969, 232.474030, 10476.293945>
[COT 2024-12-3D 3h:34:47] 76561199282403539: Spawned Entity Infected (ZmbM_PatrolNormal_Base<6674bc50>, 20, 100, 15, 0) at <12077.920898, 232.514359, 10479.580078>
[COT 2024-12-3D 3h:34:48] 76561199282403539: Spawned Entity Infected (ZmbM_PatrolNormal_Base<66746fd0>, 20, 100, 15, 0) at <12077.906250, 232.514496, 10479.591797>
[COT 2024-12-3D 3h:34:48] 76561199282403539: Spawned Entity Infected (ZmbM_PatrolNormal_Base<6cf59060>, 20, 100, 15, 0) at <12077.755859, 232.515350, 10479.704102>
[COT 2024-12-3D 3h:34:48] 76561199282403539: Spawned Entity Infected (ZmbM_PatrolNormal_Base<6cf573b0>, 20, 100, 15, 0) at <12077.672852, 232.515427, 10479.767578>
[COT 2024-12-3D 3h:35:7s] 76561199282403539: Spawned Entity Infected (ZmbM_PatrolNormal_Base<6cf52730>, 20, 100, 15, 0) at <12070.812500, 231.167389, 10475.004883>
[COT 2024-12-3D 3h:35:9s] 76561199282403539: Spawned Entity Infected (ZmbM_PatrolNormal_Base<6cf5f000>, 20, 100, 15, 0) at <12072.095703, 231.167389, 10475.311523>
[COT 2024-12-3D 3h:35:10] 76561199282403539: Spawned Entity Infected (ZmbM_PatrolNormal_Base<6cf5d350>, 20, 100, 15, 0) at <12073.597656, 231.167389, 10475.382813>
[COT 2024-12-3D 3h:35:12] 76561199282403539: Spawned Entity Infected (ZmbM_PatrolNormal_Base<6cf5f990>, 20, 100, 15, 0) at <12072.342773, 231.463165, 10474.699219>
[COT 2024-12-3D 3h:35:12] 76561199282403539: Spawned Entity Infected (ZmbM_PatrolNormal_Base<6cf60320>, 20, 100, 15, 0) at <12072.651367, 231.655090, 10474.640625>
[COT 2024-12-3D 3h:35:12] 76561199282403539: Spawned Entity Infected (ZmbM_PatrolNormal_Base<489149b0>, 20, 100, 15, 0) at <12072.959961, 231.846222, 10474.581055>
[COT 2024-12-3D 3h:35:12] 76561199282403539: Spawned Entity Infected (ZmbM_PatrolNormal_Base<48915cd0>, 20, 100, 15, 0) at <12073.268555, 232.037781, 10474.521484>
[COT 2024-12-3D 3h:35:12] 76561199282403539: Spawned Entity Infected (ZmbM_PatrolNormal_Base<48916ff0>, 20, 100, 15, 0) at <12073.577148, 232.228546, 10474.461914>
[COT 2024-12-3D 3h:35:13] 76561199282403539: Spawned Entity Infected (ZmbM_PatrolNormal_Base<48911050>, 20, 100, 15, 0) at <12073.884766, 232.419342, 10474.402344>
[COT 2024-12-3D 3h:35:14] 76561199282403539: Spawned Entity Infected (ZmbM_PatrolNormal_Base<41d06cf0>, 20, 100, 15, 0) at <12072.164063, 231.167389, 10476.488281>
[COT 2024-12-3D 3h:35:14] 76561199282403539: Spawned Entity Infected (ZmbM_PatrolNormal_Base<66721ef0>, 20, 100, 15, 0) at <12072.354492, 231.299301, 10476.314453>
[COT 2024-12-3D 3h:35:14] 76561199282403539: Spawned Entity Infected (ZmbM_PatrolNormal_Base<6671f8b0>, 20, 100, 15, 0) at <12072.546875, 231.431961, 10476.139648>
[COT 2024-12-3D 3h:35:14] 76561199282403539: Spawned Entity Infected (ZmbM_PatrolNormal_Base<5c0eac80>, 20, 100, 15, 0) at <12072.739258, 231.564804, 10475.964844>
[COT 2024-12-3D 3h:35:15] 76561199282403539: Spawned Entity Infected (ZmbM_PatrolNormal_Base<5c0ebfa0>, 20, 100, 15, 0) at <12072.930664, 231.697296, 10475.790039>
[COT 2024-12-3D 3h:35:15] 76561199282403539: Spawned Entity Infected (ZmbM_PatrolNormal_Base<6897b6d0>, 20, 100, 15, 0) at <12073.123047, 231.829865, 10475.615234>
[COT 2024-12-3D 3h:35:15] 76561199282403539: Spawned Entity Infected (ZmbM_PatrolNormal_Base<76890f80>, 20, 100, 15, 0) at <12073.313477, 231.961136, 10475.442383>
[COT 2024-12-3D 3h:35:16] 76561199282403539: Spawned Entity Infected (ZmbM_PatrolNormal_Base<2904030>, 20, 100, 15, 0) at <12073.272461, 231.340408, 10477.806641>
[COT 2024-12-3D 3h:35:17] 76561199282403539: Spawned Entity Infected (ZmbM_PatrolNormal_Base<7713b490>, 20, 100, 15, 0) at <12073.349609, 231.426865, 10477.601563>
[COT 2024-12-3D 3h:35:17] 76561199282403539: Spawned Entity Infected (ZmbM_PatrolNormal_Base<7713e460>, 20, 100, 15, 0) at <12073.426758, 231.513031, 10477.398438>
[COT 2024-12-3D 3h:35:17] 76561199282403539: Spawned Entity Infected (ZmbM_PatrolNormal_Base<77141dc0>, 20, 100, 15, 0) at <12073.503906, 231.598663, 10477.195313>
[COT 2024-12-3D 3h:35:17] 76561199282403539: Spawned Entity Infected (ZmbM_PatrolNormal_Base<77142750>, 20, 100, 15, 0) at <12073.581055, 231.684937, 10476.991211>
[COT 2024-12-3D 3h:35:17] 76561199282403539: Spawned Entity Infected (ZmbM_PatrolNormal_Base<7713edf0>, 20, 100, 15, 0) at <12073.659180, 231.771515, 10476.787109>
[COT 2024-12-3D 3h:35:17] 76561199282403539: Spawned Entity Infected (ZmbM_PatrolNormal_Base<7713be20>, 20, 100, 15, 0) at <12073.736328, 231.857635, 10476.583008>
[COT 2024-12-3D 3h:35:17] 76561199282403539: Spawned Entity Infected (ZmbM_PatrolNormal_Base<7713f780>, 20, 100, 15, 0) at <12073.813477, 231.943726, 10476.379883>
[COT 2024-12-3D 3h:35:17] 76561199282403539: Spawned Entity Infected (ZmbM_PatrolNormal_Base<7713d140>, 20, 100, 15, 0) at <12073.890625, 232.029846, 10476.175781>
[COT 2024-12-3D 3h:35:19] 76561199282403539: Spawned Entity Infected (ZmbM_PatrolNormal_Base<77140110>, 20, 100, 15, 0) at <12074.181641, 232.748886, 10474.503906>
[COT 2024-12-3D 3h:35:20] 76561199282403539: Spawned Entity Infected (ZmbM_PatrolNormal_Base<7713c7b0>, 20, 100, 15, 0) at <12074.249023, 232.758774, 10474.460938>
[COT 2024-12-3D 3h:35:20] 76561199282403539: Spawned Entity Infected (ZmbM_PatrolNormal_Base<77140aa0>, 20, 100, 15, 0) at <12074.317383, 232.770035, 10474.411133>
[COT 2024-12-3D 3h:35:21] 76561199282403539: Spawned Entity Infected (ZmbM_PatrolNormal_Base<77141430>, 20, 100, 15, 0) at <12071.994141, 231.167389, 10473.675781>
[COT 2024-12-3D 3h:35:21] 76561199282403539: Spawned Entity Infected (ZmbM_PatrolNormal_Base<77143a70>, 20, 100, 15, 0) at <12072.305664, 231.370117, 10473.720703>
[COT 2024-12-3D 3h:35:21] 76561199282403539: Spawned Entity Infected (ZmbM_PatrolNormal_Base<771430e0>, 20, 100, 15, 0) at <12072.617188, 231.572891, 10473.761719>
[COT 2024-12-3D 3h:35:37] 76561199282403539: Spawned Entity Infected (ZmbM_PatrolNormal_Base<77144400>, 20, 100, 15, 0) at <12060.779297, 231.195007, 10495.934570>
[COT 2024-12-3D 3h:35:38] 76561199282403539: Spawned Entity Infected (ZmbM_PatrolNormal_Base<7713dad0>, 20, 100, 15, 0) at <12060.748047, 231.300369, 10496.169922>
[COT 2024-12-3D 3h:35:38] 76561199282403539: Spawned Entity Infected (ZmbM_PatrolNormal_Base<77146a40>, 20, 100, 15, 0) at <12060.716797, 231.405258, 10496.404297>
[COT 2024-12-3D 3h:35:39] 76561199282403539: Spawned Entity Infected (ZmbM_PatrolNormal_Base<771486f0>, 20, 100, 15, 0) at <12061.773438, 231.195007, 10496.454102>
[COT 2024-12-3D 3h:35:39] 76561199282403539: Spawned Entity Infected (ZmbM_PatrolNormal_Base<7714a3a0>, 20, 100, 15, 0) at <12061.669922, 231.312805, 10496.680664>
[COT 2024-12-3D 3h:35:40] 76561199282403539: Spawned Entity Infected (ZmbM_PatrolNormal_Base<771473d0>, 20, 100, 15, 0) at <12061.566406, 231.431427, 10496.907227>
[COT 2024-12-3D 3h:35:41] 76561199282403539: Spawned Entity Infected (ZmbM_PatrolNormal_Base<77147d60>, 20, 100, 15, 0) at <12062.548828, 231.419800, 10497.575195>
[COT 2024-12-3D 3h:35:41] 76561199282403539: Spawned Entity Infected (ZmbM_PatrolNormal_Base<7714b6c0>, 20, 100, 15, 0) at <12062.368164, 231.536209, 10497.743164>
[COT 2024-12-3D 3h:35:41] 76561199282403539: Spawned Entity Infected (ZmbM_PatrolNormal_Base<7714ad30>, 20, 100, 15, 0) at <12062.188477, 231.652252, 10497.912109>
[COT 2024-12-3D 3h:35:41] 76561199282403539: Spawned Entity Infected (ZmbM_PatrolNormal_Base<77144d90>, 20, 100, 15, 0) at <12062.007813, 231.769287, 10498.081055>
[COT 2024-12-3D 3h:35:41] 76561199282403539: Spawned Entity Infected (ZmbM_PatrolNormal_Base<7714c050>, 20, 100, 15, 0) at <12061.827148, 231.886520, 10498.250000>
[COT 2024-12-3D 3h:35:43] 76561199282403539: Spawned Entity Infected (ZmbM_PatrolNormal_Base<77145720>, 20, 100, 15, 0) at <12063.782227, 231.369568, 10498.371094>
[COT 2024-12-3D 3h:35:43] 76561199282403539: Spawned Entity Infected (ZmbM_PatrolNormal_Base<77149080>, 20, 100, 15, 0) at <12063.573242, 231.460083, 10498.448242>
[COT 2024-12-3D 3h:35:43] 76561199282403539: Spawned Entity Infected (ZmbM_PatrolNormal_Base<77149a10>, 20, 100, 15, 0) at <12063.365234, 231.549911, 10498.526367>
[COT 2024-12-3D 3h:35:43] 76561199282403539: Spawned Entity Infected (ZmbM_PatrolNormal_Base<7714c9e0>, 20, 100, 15, 0) at <12063.155273, 231.640518, 10498.603516>
[COT 2024-12-3D 3h:35:43] 76561199282403539: Spawned Entity Infected (ZmbM_PatrolNormal_Base<771460b0>, 20, 100, 15, 0) at <12062.947266, 231.730652, 10498.681641>
[COT 2024-12-3D 3h:35:43] 76561199282403539: Spawned Entity Infected (ZmbM_PatrolNormal_Base<77150cd0>, 20, 100, 15, 0) at <12062.736328, 231.821548, 10498.760742>
[COT 2024-12-3D 3h:35:43] 76561199282403539: Spawned Entity Infected (ZmbM_PatrolNormal_Base<77152980>, 20, 100, 15, 0) at <12062.527344, 231.911392, 10498.837891>
[COT 2024-12-3D 3h:35:44] 76561199282403539: Spawned Entity Infected (ZmbM_PatrolNormal_Base<7714f020>, 20, 100, 15, 0) at <12062.317383, 232.002075, 10498.917969>
[COT 2024-12-3D 3h:35:45] 76561199282403539: Spawned Entity Infected (ZmbM_PatrolNormal_Base<7714f9b0>, 20, 100, 15, 0) at <12060.852539, 231.195007, 10497.400391>
[COT 2024-12-3D 3h:35:45] 76561199282403539: Spawned Entity Infected (ZmbM_PatrolNormal_Base<77153310>, 20, 100, 15, 0) at <12060.778320, 231.424713, 10497.705078>
[COT 2024-12-3D 3h:35:46] 76561199282403539: Spawned Entity Infected (ZmbM_PatrolNormal_Base<77150340>, 20, 100, 15, 0) at <12060.705078, 231.653976, 10498.010742>
[COT 2024-12-3D 3h:35:46] 76561199282403539: Spawned Entity Infected (ZmbM_PatrolNormal_Base<77153ca0>, 20, 100, 15, 0) at <12060.630859, 231.882950, 10498.315430>
[COT 2024-12-3D 3h:35:46] 76561199282403539: Spawned Entity Infected (ZmbM_PatrolNormal_Base<77151660>, 20, 100, 15, 0) at <12060.556641, 232.112106, 10498.620117>
[COT 2024-12-3D 3h:35:46] 76561199282403539: Spawned Entity Infected (ZmbM_PatrolNormal_Base<77151ff0>, 20, 100, 15, 0) at <12060.482422, 232.340668, 10498.925781>
[COT 2024-12-3D 3h:35:46] 76561199282403539: Spawned Entity Infected (ZmbM_PatrolNormal_Base<7714dd00>, 20, 100, 15, 0) at <12060.408203, 232.569885, 10499.231445>
[COT 2024-12-3D 3h:35:48] 76561199282403539: Spawned Entity Infected (ZmbM_PatrolNormal_Base<7714d370>, 20, 100, 15, 0) at <12062.487305, 231.195007, 10499.712891>
[COT 2024-12-3D 3h:35:48] 76561199282403539: Spawned Entity Infected (ZmbM_PatrolNormal_Base<77154630>, 20, 100, 15, 0) at <12062.169922, 231.453751, 10499.701172>
[COT 2024-12-3D 3h:35:48] 76561199282403539: Spawned Entity Infected (ZmbM_PatrolNormal_Base<77154fc0>, 20, 100, 15, 0) at <12061.852539, 231.711395, 10499.688477>
[COT 2024-12-3D 3h:35:48] 76561199282403539: Spawned Entity Infected (ZmbM_PatrolNormal_Base<7714e690>, 20, 100, 15, 0) at <12061.535156, 231.967514, 10499.675781>
[COT 2024-12-3D 3h:35:48] 76561199282403539: Spawned Entity Infected (ZmbM_PatrolNormal_Base<7711b9c0>, 20, 100, 15, 0) at <12061.216797, 232.222168, 10499.667969>
[COT 2024-12-3D 3h:36:58] 76561199282403539: Spawned Entity Infected (ZmbM_PatrolNormal_Base<7712bbf0>, 20, 100, 15, 0) at <12219.877930, 232.249680, 10589.974609>
[COT 2024-12-3D 3h:36:58] 76561199282403539: Spawned Entity Infected (ZmbM_PatrolNormal_Base<77129f40>, 20, 100, 15, 0) at <12219.847656, 232.251083, 10589.952148>
[COT 2024-12-3D 3h:36:58] 76561199282403539: Spawned Entity Infected (ZmbM_PatrolNormal_Base<77128c20>, 20, 100, 15, 0) at <12219.834961, 232.250992, 10589.941406>
[COT 2024-12-3D 3h:36:59] 76561199282403539: Spawned Entity Infected (ZmbM_PatrolNormal_Base<77132eb0>, 20, 100, 15, 0) at <12219.825195, 232.250656, 10589.931641>
[COT 2024-12-3D 3h:36:59] 76561199282403539: Spawned Entity Infected (ZmbM_PatrolNormal_Base<7712c580>, 20, 100, 15, 0) at <12219.814453, 232.250336, 10589.922852>
[COT 2024-12-3D 3h:36:59] 76561199282403539: Spawned Entity Infected (ZmbM_PatrolNormal_Base<77133840>, 20, 100, 15, 0) at <12219.805664, 232.249924, 10589.914063>
[COT 2024-12-3D 3h:36:59] 76561199282403539: Spawned Entity Infected (ZmbM_PatrolNormal_Base<7712d8a0>, 20, 100, 15, 0) at <12219.795898, 232.249466, 10589.906250>
[COT 2024-12-3D 3h:36:59] 76561199282403539: Spawned Entity Infected (ZmbM_PatrolNormal_Base<771384c0>, 20, 100, 15, 0) at <12219.789063, 232.248886, 10589.898438>
[COT 2024-12-3D 3h:36:59] 76561199282403539: Spawned Entity Infected (ZmbM_PatrolNormal_Base<771354f0>, 20, 100, 15, 0) at <12219.780273, 232.248383, 10589.890625>
[COT 2024-12-3D 3h:36:59] 76561199282403539: Spawned Entity Infected (ZmbM_PatrolNormal_Base<7713a170>, 20, 100, 15, 0) at <12219.771484, 232.247986, 10589.880859>
[COT 2024-12-3D 3h:37:0s] 76561199282403539: Spawned Entity Infected (ZmbM_PatrolNormal_Base<77135e80>, 20, 100, 15, 0) at <12219.757813, 232.247879, 10589.871094>
[COT 2024-12-3D 3h:44:17] 76561199282403539: Set Invisibility To 0 [guid=ns259EoeT6sGy1yfIUvTfwxMqlfjSjm8ux0lgBia58w=]
[COT 2024-12-3D 3h:47:4s] 76561199282403539: Spawned Entity Mosin 91/30 (Mosin9130<27c4ebf0>, 100, 250, 15, 0) at <8670.639648, 43.485535, 10552.888672>
[COT 2024-12-3D 3h:47:28] 76561199282403539: Spawned Entity Vaiga (Saiga<6f932060>, 100, 250, 15, 0) at <8670.635742, 43.485630, 10552.885742>
[COT 2024-12-3D 3h:47:42] 76561199282403539: Spawned Entity Hunter Pants (HunterPants_Winter<c0cc4a0>, 100, 150, 15, 0) at <8670.627930, 43.484676, 10552.800781>
[COT 2024-12-3D 3h:48:3s] 76561199282403539: Spawned Entity Hunter Jacket (HuntingJacket_Winter<1f4dc640>, 100, 150, 15, 0) at <8671.056641, 43.482254, 10553.935547>
[COT 2024-12-3D 3h:51:13] 76561199282403539: Spawned Entity KA-74 (AK74<871f510>, 30, 250, 15, 0) at <8668.463867, 44.059406, 10557.405273>
[COT 2024-12-3D 3h:51:20] 76561199282403539: Spawned Entity 30rd KA-101 Mag (Mag_AK101_30Rnd<15bdcea0>, 30, 100, 15, 0) at <8668.529297, 44.123150, 10557.373047>
[COT 2024-12-3D 3h:51:20] 76561199282403539: Spawned Entity 30rd KA-101 Mag (Mag_AK101_30Rnd<23e16820>, 30, 100, 15, 0) at <8668.609375, 44.198811, 10557.332031>
[COT 2024-12-3D 3h:51:32] 76561199282403539: Spawned Entity Assault Vest (SmershVest<17aee920>, 30, 110, 15, 0) at <8668.683594, 44.273216, 10557.287109>
[COT 2024-12-3D 3h:51:34] 76561199282403539: Spawned Entity Utility Buttpack (SmershBag<1b418680>, 30, 130, 15, 0) at <8668.867188, 44.450382, 10557.206055>
[COT 2024-12-3D 3h:51:36] 76561199282403539: Set GodMode To false [guid=ns259EoeT6sGy1yfIUvTfwxMqlfjSjm8ux0lgBia58w=]
[COT 2024-12-3D 3h:52:3s] 76561199282403539: Spawned Entity Field Backpack (AliceBag_Camo<152a55d0>, 20, 160, 15, 0) at <8668.637695, 43.641777, 10557.693359>
[COT 2024-12-3D 3h:52:59] 76561199350668750: Activated Community Online Tools [guid=PeBD8NiBELKG4WlWk_Yi4B_rGZPapCxylPNdVXGuNr4=]
[COT 2024-12-3D 3h:53:5s] 76561199350668750: Set GodMode To true [guid=PeBD8NiBELKG4WlWk_Yi4B_rGZPapCxylPNdVXGuNr4=]
[COT 2024-12-3D 3h:53:11] 76561199350668750: Set Energy To 4823.5 [guid=PeBD8NiBELKG4WlWk_Yi4B_rGZPapCxylPNdVXGuNr4=]
[COT 2024-12-3D 3h:53:11] 76561199350668750: Set Water To 5000 [guid=PeBD8NiBELKG4WlWk_Yi4B_rGZPapCxylPNdVXGuNr4=]
[COT 2024-12-3D 3h:53:24] 76561199350668750: Teleported to <8671.878906, 43.458118, 10555.289063> [guid=ns259EoeT6sGy1yfIUvTfwxMqlfjSjm8ux0lgBia58w=]
[COT 2024-12-3D 3h:53:27] 76561199282403539: Spawned Entity KA-101 (AK101<871bb40>, 30, 300, 15, 0) at <8672.356445, 43.395313, 10557.306641>
[COT 2024-12-3D 3h:53:32] 76561199282403539: Spawned Entity 30rd KA-74 Mag (Mag_AK74_30Rnd<c50d5c0>, 30, 100, 15, 0) at <8672.309570, 43.399094, 10557.258789>
[COT 2024-12-3D 3h:53:32] 76561199282403539: Spawned Entity 30rd KA-74 Mag (Mag_AK74_30Rnd<1b570640>, 30, 100, 15, 0) at <8672.301758, 43.472694, 10557.182617>
[COT 2024-12-3D 3h:53:32] 76561199282403539: Spawned Entity 30rd KA-74 Mag (Mag_AK74_30Rnd<c50e9e0>, 30, 100, 15, 0) at <8672.305664, 43.547539, 10557.125977>
[COT 2024-12-3D 3h:53:36] 76561199282403539: Spawned Entity 30rd KA-101 Mag (Mag_AK101_30Rnd<15987bb0>, 30, 100, 15, 0) at <8672.304688, 43.620914, 10557.048828>
[COT 2024-12-3D 3h:53:36] 76561199282403539: Spawned Entity 30rd KA-101 Mag (Mag_AK101_30Rnd<2129fea0>, 30, 100, 15, 0) at <8672.289063, 43.682674, 10556.977539>
[COT 2024-12-3D 3h:53:36] 76561199282403539: Spawned Entity 30rd KA-101 Mag (Mag_AK101_30Rnd<1adaa270>, 30, 100, 15, 0) at <8672.274414, 43.741768, 10556.909180>
[COT 2024-12-3D 3h:53:36] 76561199282403539: Spawned Entity 30rd KA-101 Mag (Mag_AK101_30Rnd<6db8d1c0>, 30, 100, 15, 0) at <8672.254883, 43.815586, 10556.826172>
[COT 2024-12-3D 3h:53:50] 76561199282403539: Spawned Entity Hunter Jacket (HuntingJacket_Winter<212a08b0>, 300, 150, 15, 0) at <8672.236328, 43.887981, 10556.745117>
[COT 2024-12-3D 3h:53:59] 76561199282403539: Spawned Entity Patrol Jacket (GorkaEJacket_ColorBase<212a4f20>, 300, 130, 15, 0) at <8672.266602, 43.743587, 10556.914063>
[COT 2024-12-3D 3h:54:13] 76561199350668750: Spawned Entity Fireplace (Fireplace<3acbf170>, 100, 100, 15, 0) at <8669.802734, 43.574852, 10556.026367>
[COT 2024-12-3D 3h:54:14] 76561199282403539: Spawned Entity Tactical Backpack (CoyoteBag_Winter<1adb6bb0>, 300, 190, 15, 0) at <8672.297852, 43.620430, 10557.044922>
[COT 2024-12-3D 3h:59:10] 76561199282403539: Spawned Entity Sharpening Stone (Whetstone<15aecb40>, 10, 50, 15, 0) at <8663.465820, 42.798637, 10544.285156>
[COT 2024-12-3D 3h:59:15] 76561199282403539: Spawned Entity Sharpening Stone (Whetstone<1371bf50>, 100, 50, 15, 0) at <8663.456055, 42.856514, 10544.276367>
[COT 2024-12-3D 3h:59:15] 76561199282403539: Spawned Entity Sharpening Stone (Whetstone<6fecd730>, 100, 50, 15, 0) at <8663.450195, 42.913979, 10544.266602>
[COT 2024-12-3D 3h:59:15] 76561199282403539: Spawned Entity Sharpening Stone (Whetstone<6b832000>, 100, 50, 15, 0) at <8663.444336, 42.971439, 10544.253906>
[COT 2024-12-3D 3h:59:15] 76561199282403539: Spawned Entity Sharpening Stone (Whetstone<8b792a0>, 100, 50, 15, 0) at <8663.437500, 43.029312, 10544.241211>
[COT 2024-12-3D 3h:59:16] 76561199282403539: Spawned Entity Sharpening Stone (Whetstone<137150a0>, 100, 50, 15, 0) at <8663.431641, 43.086773, 10544.227539>
[COT 2024-12-3D 3h:59:16] 76561199282403539: Spawned Entity Sharpening Stone (Whetstone<1371d370>, 100, 50, 15, 0) at <8663.423828, 43.144234, 10544.212891>
[COT 2024-12-3D 3h:59:16] 76561199282403539: Spawned Entity Sharpening Stone (Whetstone<137205c0>, 100, 50, 15, 0) at <8663.416016, 43.202103, 10544.201172>
[COT 2024-12-3D 3h:59:16] 76561199282403539: Spawned Entity Sharpening Stone (Whetstone<15aef380>, 100, 50, 15, 0) at <8663.410156, 43.259972, 10544.189453>
[COT 2024-12-3D 3h:59:43] 76561199282403539: Spawned Entity Boxed 9x39mm Rounds (AmmoBox_9x39_20Rnd<af834b80>, 100, 100, 15, 0) at <8663.475586, 43.383518, 10544.205078>
[COT 2024-12-3D 3h:59:43] 76561199282403539: Spawned Entity Boxed 9x39mm Rounds (AmmoBox_9x39_20Rnd<6b83fd60>, 100, 100, 15, 0) at <8663.468750, 43.437435, 10544.199219>
[COT 2024-12-3D 3h:59:48] 76561199282403539: Spawned Entity Boxed 9x39mm Armor-Piercing Rounds (Box_Base<af835590>, 100, 100, 15, 0) at <8663.477539, 43.424091, 10544.195313>
[COT 2024-12-3D 3h:59:54] 76561199350668750: Spawned Entity BK-133 (Mp133Shotgun_Base<48cc1680>, 3, 200, 15, 0) at <8670.594727, 43.501457, 10553.749023>
[COT 2024-12-3D 4h:0m:0s] 76561199282403539: Spawned Entity Boxed 7.62x54mmR Rounds (AmmoBox_762x54_20Rnd<12fdbb10>, 100, 100, 15, 0) at <8663.475586, 43.425877, 10544.203125>
[COT 2024-12-3D 4h:0m:0s] 76561199282403539: Spawned Entity Boxed 7.62x54mmR Rounds (AmmoBox_762x54_20Rnd<87e5c00>, 100, 100, 15, 0) at <8663.471680, 43.454933, 10544.195313>
[COT 2024-12-3D 4h:0m:4s] 76561199282403539: Spawned Entity Boxed 7.62x54mmR Tracer Rounds (AmmoBox_762x54Tracer_20Rnd<12fd92d0>, 100, 100, 15, 0) at <8663.497070, 43.257942, 10544.232422>
[COT 2024-12-3D 4h:0m:32] 76561199282403539: Spawned Entity Boxed 9x39mm Armor-Piercing Rounds (Box_Base<12fe8450>, 100, 100, 15, 0) at <8663.379883, 44.016895, 10544.304688>
[COT 2024-12-3D 4h:2m:21] 76561199350668750: Spawned Entity Field Jacket (M65Jacket_Black<1dbe2cb0>, 3, 180, 15, 0) at <8664.836914, 43.740894, 10565.134766>
[COT 2024-12-3D 4h:2m:38] 76561199282403539: Spawned Entity Tactical Shirt (TacticalShirt_Grey<24e00480>, 100, 90, 15, 0) at <8667.334961, 43.680351, 10556.040039>
[COT 2024-12-3D 4h:3m:7s] 76561199350668750: Spawned Entity Assault Helmet (GorkaHelmet<1dbe7320>, 3, 100, 15, 0) at <8664.072266, 43.815655, 10563.923828>
[COT 2024-12-3D 4h:3m:9s] 76561199350668750: Spawned Entity Assault Helmet Visor (GorkaHelmetVisor<17f667e0>, 3, 100, 15, 0) at <8664.244141, 43.937607, 10563.932617>
[COT 2024-12-3D 4h:3m:13] 76561199282403539: Spawned Entity Hunter Jacket (HuntingJacket_Winter<c368f80>, 100, 150, 15, 0) at <8667.326172, 43.820522, 10555.871094>
[COT 2024-12-3D 4h:4m:12] 76561199282403539: Spawned Entity Collar Dress (MiniDress_PinkChecker<1d3bdfa0>, 100, 75, 15, 0) at <8660.499023, 44.170086, 10559.711914>
[COT 2024-12-3D 4h:4m:16] 76561199282403539: Spawned Entity Bandana (Bandana_Pink<179988f0>, 100, 25, 15, 0) at <8660.647461, 44.293579, 10559.819336>
[COT 2024-12-3D 4h:4m:19] 76561199282403539: Spawned Entity Capri Pants (Breeches_Pink<1d3b7b00>, 100, 100, 15, 0) at <8660.715820, 44.362972, 10559.883789>
[COT 2024-12-3D 4h:4m:23] 76561199282403539: Spawned Entity Derringer (Derringer_Base<1574dff0>, 100, 200, 15, 0) at <8660.938477, 44.552334, 10560.054688>
[COT 2024-12-3D 4h:4m:54] 76561199282403539: Healed [guid=ns259EoeT6sGy1yfIUvTfwxMqlfjSjm8ux0lgBia58w=]
[COT 2024-12-3D 4h:5m:30] 76561199282403539: Spawned Entity Boxed Nails (NailBox<1dbd3b30>, 100, 80, 15, 0) at <8660.964844, 45.229836, 10558.493164>
[COT 2024-12-3D 4h:5m:31] 76561199282403539: Spawned Entity Boxed Nails (NailBox<54b4b8b0>, 100, 80, 15, 0) at <8661.007813, 45.325474, 10558.402344>
[COT 2024-12-3D 4h:5m:32] 76561199282403539: Spawned Entity Boxed Nails (NailBox<54b51340>, 100, 80, 15, 0) at <8661.056641, 45.439922, 10558.279297>
[COT 2024-12-3D 4h:6m:22] 76561199350668750: Spawned Entity Field Backpack (AliceBag_Black<4b4692b0>, 3, 160, 15, 0) at <8666.723633, 43.732975, 10560.279297>
[COT 2024-12-3D 4h:7m:22] 76561199350668750: Spawned Entity M1025 (Offroad_02<7ac570a0>, 3, 1000, 15, 0) at <8670.777344, 43.395386, 10562.926758>
[COT 2024-12-3D 4h:7m:32] 76561199350668750: Deleted Entity Offroad_02:15781 at <8670.781250, 43.434959, 10562.916016>
[COT 2024-12-3D 4h:9m:39] 76561199282403539: Spawned Entity Boxed Nails (NailBox<18059690>, 100, 80, 15, 0) at <8665.853516, 43.785378, 10560.222656>
[COT 2024-12-3D 4h:9m:39] 76561199282403539: Spawned Entity Boxed Nails (NailBox<15d711d0>, 100, 80, 15, 0) at <8665.765625, 43.926533, 10560.139648>
[COT 2024-12-3D 4h:17:21] 76561199350668750: Teleported to <7230.218750, 2.765437, 7825.713867> [guid=cA9dBq1IWfsSED8XgLFa_kN_cvXfPIrISuAy-DBPMrU=]
[COT 2024-12-3D 4h:17:43] 76561199282403539: Teleported to <8662.328125, 43.646202, 10554.124023> [guid=ns259EoeT6sGy1yfIUvTfwxMqlfjSjm8ux0lgBia58w=]
[COT 2024-12-3D 4h:17:49] 76561199282403539: Teleported to <7225.702637, 2.765450, 7820.662598> [guid=UgsmoBZt4qprfyAH_7niKVOpmYzsI_ACFJel5XnK_Ms=]
[COT 2024-12-3D 4h:29:22] 76561199350668750: Spawned Entity Fireplace (Fireplace<3ac8f980>, 100, 100, 15, 0) at <7235.447266, 2.765670, 7827.169922>
[COT 2024-12-3D 4h:30:18] 76561199282403539: Set UnlimitedStamina To false [guid=ns259EoeT6sGy1yfIUvTfwxMqlfjSjm8ux0lgBia58w=]
[COT 2024-12-3D 4h:30:19] 76561199282403539: Set UnlimitedAmmo To false [guid=ns259EoeT6sGy1yfIUvTfwxMqlfjSjm8ux0lgBia58w=]
[COT 2024-12-3D 4h:30:29] 76561199282403539: Deactivated Community Online Tools [guid=ns259EoeT6sGy1yfIUvTfwxMqlfjSjm8ux0lgBia58w=]
[COT 2024-12-3D 4h:40:59] 76561199282403539: Activated Community Online Tools [guid=ns259EoeT6sGy1yfIUvTfwxMqlfjSjm8ux0lgBia58w=]
[COT 2024-12-3D 4h:53:14] 76561199282403539: Spawned Entity  (Bonfire<96557480>, 100, -1, 15, 0) at <2109.420166, 4.512973, 3534.330811>
[COT 2024-12-3D 4h:53:17] 76561199282403539: Spawned Entity  (Bonfire<9655b3f0>, 100, -1, 15, 0) at <2106.054443, 4.735560, 3537.906250>
[COT 2024-12-3D 4h:53:19] 76561199282403539: Spawned Entity  (Bonfire<965586a0>, 100, -1, 15, 0) at <2107.840332, 4.698731, 3542.152344>
[COT 2024-12-3D 4h:54:9s] 76561199282403539: Spawned Entity  (Wreck_SantasSleigh<8921fcb0>, 100, -1, 15, 0) at <2112.820068, 4.607098, 3543.560791>
[COT 2024-12-3D 4h:54:12] 76561199282403539: Spawned Entity  (Wreck_SantasSleigh<9655bd00>, 100, -1, 15, 0) at <2115.558350, 4.669123, 3551.768066>
[COT 2024-12-3D 4h:54:28] 76561199282403539: Spawned Entity M1025 (Offroad_02<7ac5c0c0>, 100, 1000, 15, 0) at <2115.325684, 4.423525, 3536.541748>
[COT 2024-12-3D 4h:56:20] 76561199282403539: ESP: Viewing ESP
[COT 2024-12-3D 4h:56:58] 76561199282403539: Created Loadout 'FIRE'
[COT 2024-12-3D 4h:57:14] 76561199282403539: Loadout set JMLoadout<219ef5e0> spawned at <2133.611328, 4.670027, 3532.412109>
[COT 2024-12-3D 4h:57:18] 76561199282403539: Loadout set JMLoadout<174348a0> spawned at <2133.619385, 4.670337, 3532.410645>
[COT 2024-12-3D 4h:57:21] 76561199282403539: Loadout set JMLoadout<2121a5f0> spawned at <2155.439209, 5.076681, 3542.357666>
[COT 2024-12-3D 4h:57:23] 76561199282403539: Loadout set JMLoadout<21224030> spawned at <2124.602539, 4.463801, 3549.476563>
[COT 2024-12-3D 4h:57:35] 76561199282403539: Loadout set JMLoadout<7046a5b0> spawned at <2299.583740, 3.628400, 3719.849854>
[COT 2024-12-3D 4h:57:36] 76561199282403539: Loadout set JMLoadout<23d4deb0> spawned at <2299.582764, 3.628329, 3719.856445>
[COT 2024-12-3D 4h:57:36] 76561199282403539: Loadout set JMLoadout<23d6aef0> spawned at <2299.588623, 3.627841, 3719.847168>
[COT 2024-12-3D 4h:57:36] 76561199282403539: Loadout set JMLoadout<174342a0> spawned at <2299.602295, 3.626808, 3719.826904>
[COT 2024-12-3D 4h:57:39] 76561199282403539: Loadout set JMLoadout<13800060> spawned at <2268.836914, 7.132154, 3772.803467>
[COT 2024-12-3D 4h:57:39] 76561199282403539: Loadout set JMLoadout<199a9330> spawned at <2268.837158, 7.132382, 3772.804688>
[COT 2024-12-3D 4h:57:39] 76561199282403539: Loadout set JMLoadout<c734fe0> spawned at <2268.837402, 7.132408, 3772.805176>
[COT 2024-12-3D 4h:57:39] 76561199282403539: Loadout set JMLoadout<21222ab0> spawned at <2268.837646, 7.132383, 3772.804932>
[COT 2024-12-3D 4h:57:41] 76561199282403539: Loadout set JMLoadout<190c19f0> spawned at <2267.534424, 6.853639, 3770.869385>
[COT 2024-12-3D 4h:57:41] 76561199282403539: Loadout set JMLoadout<19998ef0> spawned at <2267.533447, 6.853805, 3770.870361>
[COT 2024-12-3D 4h:57:41] 76561199282403539: Loadout set JMLoadout<1584d9b0> spawned at <2267.532959, 6.853906, 3770.870850>
[COT 2024-12-3D 4h:57:41] 76561199282403539: Loadout set JMLoadout<1584ddf0> spawned at <2267.532227, 6.854128, 3770.872070>
[COT 2024-12-3D 4h:57:41] 76561199282403539: Loadout set JMLoadout<1584d5f0> spawned at <2267.531982, 6.854339, 3770.873047>
[COT 2024-12-3D 4h:57:42] 76561199282403539: Loadout set JMLoadout<1584db30> spawned at <2267.531494, 6.854498, 3770.874023>
[COT 2024-12-3D 4h:57:49] 76561199282403539: Loadout set JMLoadout<23d64fb0> spawned at <2270.295654, 7.365181, 3774.507080>
[COT 2024-12-3D 4h:57:51] 76561199282403539: Loadout set JMLoadout<4a429260> spawned at <2281.571289, 5.783737, 3770.406250>
[COT 2024-12-3D 4h:57:51] 76561199282403539: Loadout set JMLoadout<4a4246e0> spawned at <2281.570068, 5.783861, 3770.406494>
[COT 2024-12-3D 4h:57:52] 76561199282403539: Loadout set JMLoadout<21225730> spawned at <2281.569580, 5.783793, 3770.406006>
