[COT 2024-12-17 23:1m:2s] 76561199350668750: Activated Community Online Tools [guid=PeBD8NiBELKG4WlWk_Yi4B_rGZPapCxylPNdVXGuNr4=]
[COT 2024-12-17 23:31:8s] 76561199350668750: Activated Community Online Tools [guid=PeBD8NiBELKG4WlWk_Yi4B_rGZPapCxylPNdVXGuNr4=]
[COT 2024-12-17 23:31:19] 76561199350668750: Spawned Entity KA-74 (AK74<c0b6f260>, 100, 250, 15, 0) at <14534.137695, 11.702267, 9897.132813>
[COT 2024-12-17 23:31:19] 76561199350668750: Spawned Entity KA-74 (AK74<c0b6c420>, 100, 250, 15, 0) at <14534.261719, 11.776030, 9897.256836>
[COT 2024-12-17 23:34:19] 76561199350668750: Teleported [guid=qoRHk0DJV-SC46lbKAOPlj1WKopwKQgnVGC52awXZIk=] to <14535.076172, 11.911691, 9902.242188>
[COT 2024-12-17 23:38:49] 76561199350668750: Set Health To 100 [guid=PeBD8NiBELKG4WlWk_Yi4B_rGZPapCxylPNdVXGuNr4=]
[COT 2024-12-17 23:39:9s] 76561199350668750: Set Health To 100 [guid=PeBD8NiBELKG4WlWk_Yi4B_rGZPapCxylPNdVXGuNr4=]
[COT 2024-12-17 23:40:12] 76561199350668750: Set Health To 100 [guid=PeBD8NiBELKG4WlWk_Yi4B_rGZPapCxylPNdVXGuNr4=]
[COT 2024-12-17 23:40:12] 76561199350668750: Set Blood To 5000 [guid=PeBD8NiBELKG4WlWk_Yi4B_rGZPapCxylPNdVXGuNr4=]
[COT 2024-12-17 23:40:12] 76561199350668750: Set Energy To 5000 [guid=PeBD8NiBELKG4WlWk_Yi4B_rGZPapCxylPNdVXGuNr4=]
[COT 2024-12-17 23:40:12] 76561199350668750: Set Water To 5000 [guid=PeBD8NiBELKG4WlWk_Yi4B_rGZPapCxylPNdVXGuNr4=]
[COT 2024-12-17 23:41:21] 76561199350668750: Set Health To 100 [guid=PeBD8NiBELKG4WlWk_Yi4B_rGZPapCxylPNdVXGuNr4=]
[COT 2024-12-17 23:41:21] 76561199350668750: Set Blood To 5000 [guid=PeBD8NiBELKG4WlWk_Yi4B_rGZPapCxylPNdVXGuNr4=]
[COT 2024-12-17 23:41:21] 76561199350668750: Set Shock To 100 [guid=PeBD8NiBELKG4WlWk_Yi4B_rGZPapCxylPNdVXGuNr4=]
[COT 2024-12-17 23:41:28] 76561199350668750: Loadout set JMLoadout<daeb2220> spawned at <14539.208984, 13.825486, 9984.114258>
[COT 2024-12-17 23:42:12] 76561199350668750: Set Blood To 5000 [guid=PeBD8NiBELKG4WlWk_Yi4B_rGZPapCxylPNdVXGuNr4=]
[COT 2024-12-17 23:42:21] 76561199350668750: Set Health To 100 [guid=qoRHk0DJV-SC46lbKAOPlj1WKopwKQgnVGC52awXZIk=]
[COT 2024-12-17 23:42:28] 76561199350668750: Spawned Entity Bandage (BandageDressing<9edf34d0>, 4, 50, 15, 0) at <14540.724609, 13.568130, 9973.333008>
[COT 2024-12-17 23:42:28] 76561199350668750: Spawned Entity Bandage (BandageDressing<9edf6720>, 4, 50, 15, 0) at <14540.733398, 13.656740, 9973.362305>
[COT 2024-12-17 23:42:28] 76561199350668750: Spawned Entity Bandage (BandageDressing<9edf7b40>, 4, 50, 15, 0) at <14540.741211, 13.745791, 9973.392578>
[COT 2024-12-17 23:42:28] 76561199350668750: Spawned Entity Bandage (BandageDressing<9edffe10>, 4, 50, 15, 0) at <14540.748047, 13.834554, 9973.422852>
