[COT 2024-12-4D 1h:17:27] 76561199282403539: Activated Community Online Tools [guid=ns259EoeT6sGy1yfIUvTfwxMqlfjSjm8ux0lgBia58w=]
[COT 2024-12-4D 1h:19:2s] 76561199282403539: Set GodMode To true [guid=ns259EoeT6sGy1yfIUvTfwxMqlfjSjm8ux0lgBia58w=]
[COT 2024-12-4D 1h:25:33] 76561199282403539: Spawned Entity Ada 4x4 (OffroadHatchback<c9b6b120>, 100, 1000, 15, 0) at <4622.491211, 53.227573, 4104.317871>
[COT 2024-12-4D 1h:26:11] 76561199282403539: Spawned Entity Candy Cane (Candycane_Green<93900c70>, 150, 10, 15, 0) at <4623.327148, 54.292175, 4104.206543>
[COT 2024-12-4D 1h:26:12] 76561199282403539: Spawned Entity Candy Cane (Candycane_Green<938fee40>, 150, 10, 15, 0) at <4623.374512, 54.304710, 4104.253418>
[COT 2024-12-4D 1h:26:15] 76561199282403539: Spawned Entity Candy Cane (Candycane_Green<938ff850>, 150, 10, 15, 0) on OffroadHatchback<c9b6b120> at <4623.416016, 54.310547, 4104.329102>
[COT 2024-12-4D 1h:26:15] 76561199282403539: Spawned Entity Candy Cane (Candycane_Green<93900260>, 150, 10, 15, 0) on OffroadHatchback<c9b6b120> at <4623.433105, 54.326763, 4104.312012>
[COT 2024-12-4D 1h:26:15] 76561199282403539: Spawned Entity Candy Cane (Candycane_Green<938fe430>, 150, 10, 15, 0) on OffroadHatchback<c9b6b120> at <4623.436035, 54.324173, 4104.311523>
[COT 2024-12-4D 1h:26:16] 76561199282403539: Spawned Entity Candy Cane (Candycane_Green<938fa7d0>, 150, 10, 15, 0) on OffroadHatchback<c9b6b120> at <4623.436035, 54.322578, 4104.311523>
[COT 2024-12-4D 1h:26:35] 76561199282403539: ESP: Viewing ESP
[COT 2024-12-4D 1h:27:10] 76561199282403539: Created Loadout 'ada'
[COT 2024-12-4D 1h:28:13] 76561199282403539: Deleted Entity OffroadHatchback:12314 at <4622.491211, 53.268330, 4104.333008>
[COT 2024-12-4D 1h:28:18] 76561199282403539: Deleted Entity Candycane_Green:13769 at <4623.327148, 54.279957, 4104.206543>
[COT 2024-12-4D 1h:28:22] 76561199282403539: Deleted Entity Candycane_Green:12286 at <4623.374512, 54.292492, 4104.253418>
[COT 2024-12-4D 1h:29:1s] 76561199282403539: Loadout set JMLoadout<9ed8ed70> spawned at <2346.977539, 4.326131, 3692.401123>
[COT 2024-12-4D 1h:29:19] 76561199282403539: Loadout set JMLoadout<e768e540> spawned at <2331.216064, 6.054793, 3755.982910>
[COT 2024-12-4D 1h:29:32] 76561199282403539: Loadout set JMLoadout<9ac8f320> spawned at <2348.727051, 4.393596, 3699.667236>
[COT 2024-12-4D 1h:29:43] 76561199282403539: Loadout set JMLoadout<e768d5c0> spawned at <2112.535400, 41.059650, 4126.067871>
[COT 2024-12-4D 1h:29:45] 76561199282403539: Loadout set JMLoadout<a25310f0> spawned at <2116.858887, 39.369987, 4118.311035>
[COT 2024-12-4D 1h:29:45] 76561199282403539: Loadout set JMLoadout<a2535870> spawned at <2116.858887, 39.369934, 4118.311035>
[COT 2024-12-4D 1h:29:45] 76561199282403539: Loadout set JMLoadout<a2530cb0> spawned at <2116.859131, 39.369873, 4118.310547>
[COT 2024-12-4D 1h:29:46] 76561199282403539: Loadout set JMLoadout<a2538e30> spawned at <2116.858887, 39.369865, 4118.310059>
[COT 2024-12-4D 1h:29:46] 76561199282403539: Loadout set JMLoadout<a25384f0> spawned at <2116.859375, 39.369740, 4118.310059>
[COT 2024-12-4D 1h:30:20] 76561199282403539: ESP: Clearing ESP
