[COT 2024-12-23 2h:12:3s] 76561199350668750: Activated Community Online Tools [guid=PeBD8NiBELKG4WlWk_Yi4B_rGZPapCxylPNdVXGuNr4=]
[COT 2024-12-23 2h:12:3s] 76561199350668750: Entered the Free Camera
[COT 2024-12-23 2h:12:26] 76561199350668750: ESP: Viewing ESP
[COT 2024-12-23 2h:14:32] 76561199350668750: Created Deletion Backup '2024-12-23_2h-14-32'
[COT 2024-12-23 2h:14:32] 76561199350668750: ESP index=0 target=PetushokHat_Black:21872 position=<3160.054688, 27.058487, 3302.195801> action=delete
[COT 2024-12-23 2h:14:32] 76561199350668750: ESP index=1 target=NavyUniformJacket:24111 position=<3189.783936, 19.924225, 3432.148438> action=delete
[COT 2024-12-23 2h:14:32] 76561199350668750: ESP index=2 target=Canvas_Backpack_Base:5717 position=<3224.987549, 20.057041, 3315.952637> action=delete
[COT 2024-12-23 2h:14:32] 76561199350668750: ESP index=3 target=SportGlasses_Blue:5721 position=<3170.024170, 19.904919, 3343.660645> action=delete
[COT 2024-12-23 2h:14:32] 76561199350668750: ESP index=4 target=Shemagh_Green:5719 position=<3206.302246, 20.320320, 3328.291504> action=delete
[COT 2024-12-23 2h:14:32] 76561199350668750: ESP index=5 target=SurgicalGloves_Blue:5712 position=<3218.469482, 19.830692, 3419.175293> action=delete
[COT 2024-12-23 2h:14:32] 76561199350668750: ESP index=6 target=Mag_VAL_20Rnd:5685 position=<3220.395752, 21.084566, 3331.758545> action=delete
[COT 2024-12-23 2h:14:32] 76561199350668750: ESP index=7 target=BDUJacket:5671 position=<3186.690918, 19.743050, 3404.647705> action=delete
[COT 2024-12-23 2h:14:32] 76561199350668750: ESP index=8 target=OfficerHat:5639 position=<3250.257813, 23.840536, 3312.369385> action=delete
[COT 2024-12-23 2h:14:32] 76561199350668750: ESP index=9 target=GorkaPants_PautRev:5628 position=<3239.854736, 19.772871, 3323.468262> action=delete
[COT 2024-12-23 2h:14:32] 76561199350668750: ESP index=10 target=OKZKCap_Green:5629 position=<3212.087158, 20.295326, 3340.843018> action=delete
[COT 2024-12-23 2h:14:32] 76561199350668750: ESP index=11 target=Ammo_9x39AP:5600 position=<3159.587891, 32.125587, 3429.790771> action=delete
[COT 2024-12-23 2h:14:32] 76561199350668750: ESP index=12 target=Ammo_545x39Tracer:5594 position=<3153.493652, 19.751419, 3385.247803> action=delete
[COT 2024-12-23 2h:14:32] 76561199350668750: ESP index=13 target=JungleBoots_Beige:5592 position=<3164.781006, 29.079857, 3429.917480> action=delete
[COT 2024-12-23 2h:14:32] 76561199350668750: ESP index=14 target=SmershVest:5589 position=<3242.338623, 19.870310, 3380.547363> action=delete
[COT 2024-12-23 2h:14:32] 76561199350668750: ESP index=15 target=GorkaPants_PautRev:5593 position=<3174.255615, 19.903759, 3399.426270> action=delete
[COT 2024-12-23 2h:14:32] 76561199350668750: ESP index=16 target=Mag_IJ70_8Rnd:5567 position=<3159.799316, 21.192150, 3383.081299> action=delete
[COT 2024-12-23 2h:14:32] 76561199350668750: ESP index=17 target=SurgicalGloves_Blue:5527 position=<3201.912109, 20.534554, 3438.576660> action=delete
[COT 2024-12-23 2h:14:32] 76561199350668750: ESP index=18 target=MedicalScrubsHat_Green:5495 position=<3264.687012, 21.332743, 3337.227295> action=delete
[COT 2024-12-23 2h:14:32] 76561199350668750: ESP index=19 target=AK74:5582 position=<3243.699219, 19.770815, 3320.996826> action=delete
[COT 2024-12-23 2h:14:32] 76561199350668750: ESP index=20 target=Saiga:5485 position=<3171.394043, 20.008863, 3389.903564> action=delete
[COT 2024-12-23 2h:14:32] 76561199350668750: ESP index=21 target=Vikhr:5418 position=<3255.227539, 21.355616, 3350.437012> action=delete
[COT 2024-12-23 2h:14:32] 76561199350668750: ESP index=22 target=Mag_VSS_10Rnd:5440 position=<3262.461914, 21.195093, 3362.399414> action=delete
[COT 2024-12-23 2h:14:32] 76561199350668750: ESP index=23 target=BDUJacket:5435 position=<3252.265625, 19.905325, 3338.269531> action=delete
[COT 2024-12-23 2h:14:32] 76561199350668750: ESP index=24 target=Mag_Saiga_8Rnd:5413 position=<3163.647705, 20.799019, 3406.549805> action=delete
[COT 2024-12-23 2h:14:32] 76561199350668750: ESP index=25 target=BudenovkaHat_Gray:5403 position=<3222.176270, 20.751991, 3301.962646> action=delete
[COT 2024-12-23 2h:14:32] 76561199350668750: ESP index=26 target=Military_Sweater:5412 position=<3171.686523, 19.909094, 3428.936035> action=delete
[COT 2024-12-23 2h:14:32] 76561199350668750: ESP index=27 target=Mag_Saiga_5Rnd:5394 position=<3231.784668, 21.506025, 3343.254395> action=delete
[COT 2024-12-23 2h:14:32] 76561199350668750: ESP index=28 target=GorkaPants_Winter:5392 position=<3256.930420, 21.216972, 3352.251221> action=delete
[COT 2024-12-23 2h:14:32] 76561199350668750: ESP index=29 target=BallisticHelmet_Woodland:5390 position=<3278.555176, 21.184055, 3340.166748> action=delete
[COT 2024-12-23 2h:14:32] 76561199350668750: ESP index=30 target=OKZKCap_Green:5376 position=<3239.666748, 19.955141, 3358.113525> action=delete
[COT 2024-12-23 2h:14:32] 76561199350668750: ESP index=31 target=MedicalScrubsShirt_Blue:5385 position=<3272.015625, 21.307985, 3353.804199> action=delete
[COT 2024-12-23 2h:14:32] 76561199350668750: ESP index=32 target=DuffelBagSmall_Camo:5370 position=<3239.271729, 20.319754, 3342.176514> action=delete
[COT 2024-12-23 2h:14:32] 76561199350668750: ESP index=33 target=CoyoteBag_Brown:5358 position=<3194.164551, 20.408875, 3400.362305> action=delete
[COT 2024-12-23 2h:14:32] 76561199350668750: ESP index=34 target=Mag_Saiga_5Rnd:5356 position=<3252.787109, 20.158875, 3312.051758> action=delete
[COT 2024-12-23 2h:14:32] 76561199350668750: ESP index=35 target=GorkaEJacket_PautRev:5345 position=<3169.012451, 19.734528, 3411.484131> action=delete
[COT 2024-12-23 2h:14:32] 76561199350668750: ESP index=36 target=BallisticHelmet_Green:5329 position=<3216.749756, 19.917410, 3350.045166> action=delete
[COT 2024-12-23 2h:14:32] 76561199350668750: ESP index=37 target=MedicalScrubsShirt_Blue:5293 position=<3212.309814, 19.818508, 3430.934326> action=delete
[COT 2024-12-23 2h:14:32] 76561199350668750: ESP index=38 target=Mag_IJ70_8Rnd:5278 position=<3204.506348, 21.061228, 3321.616699> action=delete
[COT 2024-12-23 2h:14:32] 76561199350668750: ESP index=39 target=UKAssVest_Olive:5253 position=<3271.409668, 21.171968, 3350.593018> action=delete
[COT 2024-12-23 2h:14:32] 76561199350668750: ESP index=40 target=CoyoteBag_Green:5256 position=<3248.388428, 21.432161, 3314.504883> action=delete
[COT 2024-12-23 2h:14:32] 76561199350668750: ESP index=41 target=Mag_AKM_Palm30Rnd:5228 position=<3175.458740, 19.918047, 3428.583252> action=delete
[COT 2024-12-23 2h:14:32] 76561199350668750: ESP index=42 target=NurseDress_White:5231 position=<3265.626709, 21.299110, 3360.626953> action=delete
[COT 2024-12-23 2h:14:32] 76561199350668750: ESP index=43 target=WorkingBoots_Brown:5153 position=<3169.653564, 19.780464, 3340.658936> action=delete
[COT 2024-12-23 2h:14:32] 76561199350668750: ESP index=44 target=Defender_Vest_Green:5151 position=<3229.276855, 19.737923, 3342.280273> action=delete
[COT 2024-12-23 2h:14:32] 76561199350668750: ESP index=45 target=BallisticHelmet_Woodland:5137 position=<3254.482178, 32.474651, 3312.148926> action=delete
[COT 2024-12-23 2h:14:32] 76561199350668750: ESP index=46 target=OMNOGloves_Brown:5141 position=<3163.485596, 23.294210, 3431.116455> action=delete
[COT 2024-12-23 2h:14:32] 76561199350668750: ESP index=47 target=Mag_AKM_Palm30Rnd:5138 position=<3144.629639, 19.903358, 3383.401123> action=delete
[COT 2024-12-23 2h:14:32] 76561199350668750: ESP index=48 target=Military_Sweater_Green:5145 position=<3227.007080, 19.862446, 3399.840332> action=delete
[COT 2024-12-23 2h:14:32] 76561199350668750: ESP index=49 target=NavyUniformPants:5143 position=<3251.470947, 19.919691, 3380.207031> action=delete
[COT 2024-12-23 2h:14:32] 76561199350668750: ESP index=50 target=AssaultBag_Black:5130 position=<3149.026611, 20.103334, 3379.015625> action=delete
[COT 2024-12-23 2h:14:32] 76561199350668750: ESP index=51 target=Ammo_12gaPellets:5214 position=<3216.422363, 22.188805, 3299.688965> action=delete
[COT 2024-12-23 2h:14:32] 76561199350668750: ESP index=52 target=SurgicalGloves_Blue:5206 position=<3202.011719, 19.819145, 3432.176758> action=delete
[COT 2024-12-23 2h:14:32] 76561199350668750: ESP index=53 target=UKAssVest_Camo:5205 position=<3157.500000, 20.147932, 3368.490967> action=delete
[COT 2024-12-23 2h:14:32] 76561199350668750: ESP index=54 target=TortillaBag_Winter:5176 position=<3173.208496, 20.095772, 3387.444336> action=delete
[COT 2024-12-23 2h:14:32] 76561199350668750: ESP index=55 target=BalaclavaMask_BDU:5170 position=<3241.640625, 20.008625, 3359.546143> action=delete
[COT 2024-12-23 2h:14:32] 76561199350668750: ESP index=56 target=GorkaEJacket_Autumn:5051 position=<3203.064453, 19.901035, 3316.354736> action=delete
[COT 2024-12-23 2h:14:32] 76561199350668750: ESP index=57 target=Ammo_9x39AP:5028 position=<3237.420898, 24.108709, 3355.218750> action=delete
[COT 2024-12-23 2h:14:32] 76561199350668750: ESP index=58 target=MedicalScrubsPants_White:5110 position=<3209.634766, 19.791149, 3423.457031> action=delete
[COT 2024-12-23 2h:14:32] 76561199350668750: ESP index=59 target=ParamedicPants_Crimson:5064 position=<3279.371338, 21.312235, 3344.069580> action=delete
[COT 2024-12-23 2h:14:32] 76561199350668750: ESP index=60 target=DryBag_Orange:5059 position=<3234.034668, 20.051859, 3393.548584> action=delete
[COT 2024-12-23 2h:14:32] 76561199350668750: ESP index=61 target=Military_Sweater_Green:5016 position=<3168.545410, 19.763168, 3400.136475> action=delete
[COT 2024-12-23 2h:14:32] 76561199350668750: ESP index=62 target=SKS:5660 position=<3242.873291, 19.757355, 3328.011230> action=delete
[COT 2024-12-23 2h:14:32] 76561199350668750: ESP index=63 target=M79:5758 position=<3164.904785, 32.148495, 3425.822510> action=delete
[COT 2024-12-23 2h:14:32] 76561199350668750: ESP index=64 target=SKS:5154 position=<3250.482910, 19.801495, 3361.512451> action=delete
[COT 2024-12-23 2h:14:32] 76561199350668750: ESP index=65 target=Vikhr:5342 position=<3165.064209, 19.774317, 3416.209961> action=delete
[COT 2024-12-23 2h:14:32] 76561199350668750: ESP index=66 target=AKS74U:5281 position=<3200.525391, 24.361002, 3399.982422> action=delete
[COT 2024-12-23 2h:14:32] 76561199350668750: ESP index=67 target=MakarovIJ70:5171 position=<3232.660645, 21.104137, 3404.246826> action=delete
[COT 2024-12-23 2h:14:32] 76561199350668750: ESP index=68 target=Vikhr:5147 position=<3189.983643, 19.781214, 3359.794678> action=delete
[COT 2024-12-23 2h:14:32] 76561199350668750: ESP action=delete_all count=69 attempted=69
[COT 2024-12-23 2h:14:54] 76561199350668750: Created Deletion Backup '2024-12-23_2h-14-54'
[COT 2024-12-23 2h:14:54] 76561199350668750: ESP index=0 target=CargoPants_Grey:22720 position=<2396.198242, 11.972554, 3511.710693> action=delete
[COT 2024-12-23 2h:14:54] 76561199350668750: ESP index=1 target=Mag_Saiga_Drum20Rnd:5011 position=<2425.104248, 9.972768, 3473.478271> action=delete
[COT 2024-12-23 2h:14:54] 76561199350668750: ESP index=2 target=GorkaEJacket_Autumn:4980 position=<2385.826172, 11.610749, 3479.433838> action=delete
[COT 2024-12-23 2h:14:54] 76561199350668750: ESP index=3 target=DryBag_Red:4960 position=<2418.588867, 12.064670, 3491.445557> action=delete
[COT 2024-12-23 2h:14:54] 76561199350668750: ESP index=4 target=Mag_VSS_10Rnd:4958 position=<2483.954346, 17.185106, 3580.706299> action=delete
[COT 2024-12-23 2h:14:54] 76561199350668750: ESP index=5 target=JumpsuitPants_Blue:4946 position=<2382.631348, 12.939137, 3514.910156> action=delete
[COT 2024-12-23 2h:14:54] 76561199350668750: ESP index=6 target=MilitaryBelt:4937 position=<2414.720459, 12.265002, 3518.662598> action=delete
[COT 2024-12-23 2h:14:54] 76561199350668750: ESP index=7 target=Mag_Saiga_8Rnd:4943 position=<2493.697510, 18.841278, 3637.945068> action=delete
[COT 2024-12-23 2h:14:54] 76561199350668750: ESP index=8 target=Ammo_762x54Tracer:4825 position=<2447.807861, 15.800152, 3575.215332> action=delete
[COT 2024-12-23 2h:14:54] 76561199350668750: ESP index=9 target=Mag_Saiga_5Rnd:4815 position=<2385.457031, 14.379667, 3479.562988> action=delete
[COT 2024-12-23 2h:14:54] 76561199350668750: ESP index=10 target=Bandana_Greenpattern:4793 position=<2382.693604, 12.937865, 3508.388916> action=delete
[COT 2024-12-23 2h:14:54] 76561199350668750: ESP index=11 target=NavyUniformPants:4891 position=<2417.176758, 11.924985, 3493.523926> action=delete
[COT 2024-12-23 2h:14:54] 76561199350668750: ESP index=12 target=WorkingGloves_Beige:4873 position=<2428.042236, 12.817336, 3510.429932> action=delete
[COT 2024-12-23 2h:14:54] 76561199350668750: ESP index=13 target=Ammo_545x39:4767 position=<2408.367188, 11.902528, 3504.937500> action=delete
[COT 2024-12-23 2h:14:54] 76561199350668750: ESP index=14 target=MountainBag_Blue:4603 position=<2427.255127, 12.047306, 3512.739502> action=delete
[COT 2024-12-23 2h:14:54] 76561199350668750: ESP index=15 target=UKAssVest_Winter:4676 position=<2435.753662, 9.320679, 3474.921631> action=delete
[COT 2024-12-23 2h:14:54] 76561199350668750: ESP index=16 target=GhillieTop_Winter:4572 position=<2404.307861, 12.099614, 3520.627197> action=delete
[COT 2024-12-23 2h:14:54] 76561199350668750: ESP index=17 target=Mag_PP19_64Rnd:4482 position=<2408.758057, 11.999505, 3501.582031> action=delete
[COT 2024-12-23 2h:14:54] 76561199350668750: ESP index=18 target=Ammo_380:4477 position=<2485.680664, 17.435968, 3583.579834> action=delete
[COT 2024-12-23 2h:14:54] 76561199350668750: ESP index=19 target=Ammo_45ACP:4458 position=<2406.562988, 11.933098, 3520.652344> action=delete
[COT 2024-12-23 2h:14:54] 76561199350668750: ESP index=20 target=HighCapacityVest_Olive:4445 position=<2494.946289, 14.996024, 3641.952148> action=delete
[COT 2024-12-23 2h:14:54] 76561199350668750: ESP index=21 target=Vikhr:4999 position=<2476.794678, 16.428558, 3569.429688> action=delete
[COT 2024-12-23 2h:14:54] 76561199350668750: ESP action=delete_all count=22 attempted=22
[COT 2024-12-23 2h:15:6s] 76561199350668750: Created Deletion Backup '2024-12-23_2h-15-6s'
[COT 2024-12-23 2h:15:6s] 76561199350668750: ESP index=0 target=BomberJacket_Olive:4998 position=<2292.301025, 13.390413, 3514.854004> action=delete
[COT 2024-12-23 2h:15:6s] 76561199350668750: ESP index=1 target=CombatBoots_Beige:4993 position=<2305.329834, 12.541733, 3469.357178> action=delete
[COT 2024-12-23 2h:15:6s] 76561199350668750: ESP index=2 target=TTSKOBoots:4811 position=<2268.029785, 12.363385, 3494.311279> action=delete
[COT 2024-12-23 2h:15:6s] 76561199350668750: ESP index=3 target=WoolGloves_Green:4706 position=<2269.272217, 12.040536, 3499.406494> action=delete
[COT 2024-12-23 2h:15:6s] 76561199350668750: ESP index=4 target=GorkaEJacket_Autumn:4695 position=<2196.450928, 12.399916, 3478.487793> action=delete
[COT 2024-12-23 2h:15:6s] 76561199350668750: ESP index=5 target=Mag_AKM_30Rnd:4777 position=<2258.914307, 12.128690, 3501.870850> action=delete
[COT 2024-12-23 2h:15:6s] 76561199350668750: ESP index=6 target=OMKPants_Navy:4663 position=<2245.018066, 12.263298, 3499.862549> action=delete
[COT 2024-12-23 2h:15:6s] 76561199350668750: ESP index=7 target=CombatBoots_Brown:4662 position=<2256.221924, 12.108987, 3499.976807> action=delete
[COT 2024-12-23 2h:15:6s] 76561199350668750: ESP index=8 target=Galife_Pants_Navy:4534 position=<2308.317871, 13.593386, 3519.474609> action=delete
[COT 2024-12-23 2h:15:6s] 76561199350668750: ESP index=9 target=MakarovIJ70:4729 position=<2291.739258, 13.554601, 3522.437500> action=delete
[COT 2024-12-23 2h:15:6s] 76561199350668750: ESP index=10 target=Saiga:4616 position=<2247.176025, 12.279001, 3497.489990> action=delete
[COT 2024-12-23 2h:15:6s] 76561199350668750: ESP index=11 target=MakarovIJ70:4495 position=<2294.820313, 13.555186, 3526.299072> action=delete
[COT 2024-12-23 2h:15:6s] 76561199350668750: ESP action=delete_all count=12 attempted=12
[COT 2024-12-23 2h:15:14] 76561199350668750: Created Deletion Backup '2024-12-23_2h-15-14'
[COT 2024-12-23 2h:15:14] 76561199350668750: ESP index=0 target=DuffelBagSmall_Camo:5147 position=<2293.283447, 15.521429, 3686.018066> action=delete
[COT 2024-12-23 2h:15:14] 76561199350668750: ESP index=1 target=TTSKOBoots:9550 position=<2274.360840, 16.256895, 3761.094482> action=delete
[COT 2024-12-23 2h:15:14] 76561199350668750: ESP index=2 target=Mag_AK74_30Rnd:4976 position=<2245.563477, 6.620931, 3660.207520> action=delete
[COT 2024-12-23 2h:15:14] 76561199350668750: ESP index=3 target=BallisticHelmet_BDU:4944 position=<2236.433350, 11.730643, 3690.718262> action=delete
[COT 2024-12-23 2h:15:14] 76561199350668750: ESP index=4 target=UKAssVest_Khaki:4924 position=<2256.425293, 6.588401, 3760.660889> action=delete
[COT 2024-12-23 2h:15:14] 76561199350668750: ESP index=5 target=SurgicalGloves_White:4819 position=<2189.324707, 6.497407, 3659.516357> action=delete
[COT 2024-12-23 2h:15:14] 76561199350668750: ESP index=6 target=Mag_Saiga_8Rnd:4817 position=<2313.502441, 4.569470, 3718.992920> action=delete
[COT 2024-12-23 2h:15:14] 76561199350668750: ESP index=7 target=Mag_SVD_10Rnd:4822 position=<2321.030762, 5.137784, 3726.907471> action=delete
[COT 2024-12-23 2h:15:14] 76561199350668750: ESP index=8 target=SurgicalGloves_Green:4804 position=<2263.318604, 7.179652, 3691.079590> action=delete
[COT 2024-12-23 2h:15:14] 76561199350668750: ESP index=9 target=Shemagh_Brown:4802 position=<2233.219238, 7.029180, 3663.497314> action=delete
[COT 2024-12-23 2h:15:14] 76561199350668750: ESP index=10 target=AssaultBag_Ttsko:4796 position=<2241.352539, 6.725958, 3658.675781> action=delete
[COT 2024-12-23 2h:15:14] 76561199350668750: ESP index=11 target=SmershVest:4903 position=<2308.043945, 5.515989, 3725.272705> action=delete
[COT 2024-12-23 2h:15:14] 76561199350668750: ESP index=12 target=SurgicalGloves_White:4883 position=<2236.586182, 6.493530, 3741.909424> action=delete
[COT 2024-12-23 2h:15:14] 76561199350668750: ESP index=13 target=NavyUniformJacket:4879 position=<2183.066895, 6.585483, 3652.446045> action=delete
[COT 2024-12-23 2h:15:14] 76561199350668750: ESP index=14 target=MilitaryBoots_Beige:4862 position=<2271.906494, 7.855474, 3665.489258> action=delete
[COT 2024-12-23 2h:15:14] 76561199350668750: ESP index=15 target=Mag_SVD_10Rnd:4704 position=<2313.731445, 4.567816, 3723.823730> action=delete
[COT 2024-12-23 2h:15:14] 76561199350668750: ESP index=16 target=DryBag_Blue:4702 position=<2265.258301, 6.734547, 3713.093506> action=delete
[COT 2024-12-23 2h:15:14] 76561199350668750: ESP index=17 target=Mag_AK74_30Rnd:4690 position=<2268.807373, 16.399948, 3760.036865> action=delete
[COT 2024-12-23 2h:15:14] 76561199350668750: ESP index=18 target=MilitaryBoots_Black:4788 position=<2259.603271, 6.590497, 3763.766113> action=delete
[COT 2024-12-23 2h:15:14] 76561199350668750: ESP index=19 target=DownJacket_Blue:4784 position=<2202.649658, 7.696226, 3672.928711> action=delete
[COT 2024-12-23 2h:15:14] 76561199350668750: ESP index=20 target=TTSKOPants:4773 position=<2256.173828, 6.770556, 3663.184814> action=delete
[COT 2024-12-23 2h:15:14] 76561199350668750: ESP index=21 target=SurgicalMask:4737 position=<2279.399414, 8.023349, 3666.451416> action=delete
[COT 2024-12-23 2h:15:14] 76561199350668750: ESP index=22 target=M65Jacket_Tan:4735 position=<2221.404053, 6.420827, 3665.470947> action=delete
[COT 2024-12-23 2h:15:14] 76561199350668750: ESP index=23 target=DuffelBagSmall_Medical:4733 position=<2252.495850, 6.581709, 3671.542725> action=delete
[COT 2024-12-23 2h:15:14] 76561199350668750: ESP index=24 target=CombatBoots_Brown:4602 position=<2283.506836, 7.066265, 3718.117920> action=delete
[COT 2024-12-23 2h:15:14] 76561199350668750: ESP index=25 target=ParamedicPants_Blue:4686 position=<2242.480225, 6.445920, 3745.032471> action=delete
[COT 2024-12-23 2h:15:14] 76561199350668750: ESP index=26 target=HipPack_Medical:4683 position=<2259.196777, 7.175503, 3687.464355> action=delete
[COT 2024-12-23 2h:15:14] 76561199350668750: ESP index=27 target=TTSKOPants:4678 position=<2255.139404, 6.827345, 3722.419434> action=delete
[COT 2024-12-23 2h:15:14] 76561199350668750: ESP index=28 target=DuffelBagSmall_Medical:4636 position=<2240.335693, 6.662164, 3718.065918> action=delete
[COT 2024-12-23 2h:15:14] 76561199350668750: ESP index=29 target=Ammo_9x39AP:4628 position=<2264.045654, 6.564041, 3660.597168> action=delete
[COT 2024-12-23 2h:15:14] 76561199350668750: ESP index=30 target=CombatBoots_Brown:4586 position=<2217.086182, 7.214813, 3695.483154> action=delete
[COT 2024-12-23 2h:15:14] 76561199350668750: ESP index=31 target=MedicalScrubsPants_Green:4564 position=<2269.080566, 7.993289, 3681.895752> action=delete
[COT 2024-12-23 2h:15:14] 76561199350668750: ESP index=32 target=Ammo_762x39:4562 position=<2200.326172, 7.604074, 3677.528320> action=delete
[COT 2024-12-23 2h:15:14] 76561199350668750: ESP index=33 target=DryBag_Blue:4560 position=<2285.315430, 6.694438, 3670.224121> action=delete
[COT 2024-12-23 2h:15:14] 76561199350668750: ESP index=34 target=SkiGoggles_WhiteClear:4547 position=<2265.002197, 6.579359, 3742.894531> action=delete
[COT 2024-12-23 2h:15:14] 76561199350668750: ESP index=35 target=BallisticHelmet_Navy:4546 position=<2291.168945, 16.261065, 3687.906006> action=delete
[COT 2024-12-23 2h:15:14] 76561199350668750: ESP index=36 target=Ammo_545x39Tracer:4542 position=<2212.221680, 6.599071, 3649.773682> action=delete
[COT 2024-12-23 2h:15:14] 76561199350668750: ESP index=37 target=MedicalScrubsHat_White:4529 position=<2262.574219, 6.482520, 3690.008545> action=delete
[COT 2024-12-23 2h:15:14] 76561199350668750: ESP index=38 target=NurseDress_White:4519 position=<2190.305664, 6.487857, 3655.834229> action=delete
[COT 2024-12-23 2h:15:14] 76561199350668750: ESP index=39 target=Ammo_762x54Tracer:4434 position=<2318.489502, 21.857187, 3732.190186> action=delete
[COT 2024-12-23 2h:15:14] 76561199350668750: ESP index=40 target=Ammo_762x39:4430 position=<2169.453613, 37.289082, 3724.853760> action=delete
[COT 2024-12-23 2h:15:14] 76561199350668750: ESP index=41 target=NavyUniformPants:4439 position=<2189.077881, 6.592575, 3640.892822> action=delete
[COT 2024-12-23 2h:15:14] 76561199350668750: ESP index=42 target=SurgicalMask:4428 position=<2193.457764, 6.513907, 3659.698730> action=delete
[COT 2024-12-23 2h:15:14] 76561199350668750: ESP index=43 target=TTSKOPants:4407 position=<2274.797119, 8.001207, 3683.208252> action=delete
[COT 2024-12-23 2h:15:14] 76561199350668750: ESP index=44 target=BomberJacket_Blue:4499 position=<2231.818115, 7.572219, 3709.063232> action=delete
[COT 2024-12-23 2h:15:14] 76561199350668750: ESP index=45 target=Mag_AKM_Drum75Rnd:4478 position=<2305.075439, 4.664288, 3722.443604> action=delete
[COT 2024-12-23 2h:15:14] 76561199350668750: ESP index=46 target=OMNOGloves_Brown:4457 position=<2267.349609, 7.632876, 3743.170898> action=delete
[COT 2024-12-23 2h:15:14] 76561199350668750: ESP index=47 target=NavyUniformJacket:4394 position=<2169.652832, 6.596076, 3640.522705> action=delete
[COT 2024-12-23 2h:15:14] 76561199350668750: ESP index=48 target=DryBag_Orange:4368 position=<2265.911377, 6.732959, 3710.339355> action=delete
[COT 2024-12-23 2h:15:14] 76561199350668750: ESP index=49 target=Ammo_762x54Tracer:4362 position=<2217.546387, 7.255140, 3661.924561> action=delete
[COT 2024-12-23 2h:15:14] 76561199350668750: ESP index=50 target=M79:4658 position=<2242.842529, 6.595554, 3675.402344> action=delete
[COT 2024-12-23 2h:15:14] 76561199350668750: ESP index=51 target=Vikhr:4987 position=<2305.446777, 4.610826, 3720.718750> action=delete
[COT 2024-12-23 2h:15:14] 76561199350668750: ESP index=52 target=CZ75:4951 position=<2152.558105, 16.793545, 3706.805176> action=delete
[COT 2024-12-23 2h:15:14] 76561199350668750: ESP index=53 target=Vikhr:4994 position=<2256.187744, 6.625331, 3762.867188> action=delete
[COT 2024-12-23 2h:15:14] 76561199350668750: ESP index=54 target=Vikhr:4856 position=<2293.003906, 15.561122, 3692.064209> action=delete
[COT 2024-12-23 2h:15:14] 76561199350668750: ESP index=55 target=AKS74U:4768 position=<2198.641357, 6.634142, 3643.096924> action=delete
[COT 2024-12-23 2h:15:14] 76561199350668750: ESP index=56 target=MakarovIJ70:4624 position=<2240.822510, 6.993875, 3667.979492> action=delete
[COT 2024-12-23 2h:15:14] 76561199350668750: ESP index=57 target=CZ75:4668 position=<2155.176270, 16.626287, 3709.502197> action=delete
[COT 2024-12-23 2h:15:14] 76561199350668750: ESP index=58 target=VSS:4392 position=<2285.492676, 6.432631, 3707.592285> action=delete
[COT 2024-12-23 2h:15:14] 76561199350668750: ESP action=delete_all count=59 attempted=59
[COT 2024-12-23 2h:15:26] 76561199350668750: Created Deletion Backup '2024-12-23_2h-15-26'
[COT 2024-12-23 2h:15:26] 76561199350668750: ESP index=0 target=HikingJacket_Blue:23012 position=<2399.013916, 10.325775, 3838.384766> action=delete
[COT 2024-12-23 2h:15:26] 76561199350668750: ESP index=1 target=TShirt_Beige:4283 position=<2391.941162, 11.343307, 3847.342773> action=delete
[COT 2024-12-23 2h:15:26] 76561199350668750: ESP index=2 target=CivilianBelt:4821 position=<2349.552246, 17.687258, 3915.141357> action=delete
[COT 2024-12-23 2h:15:26] 76561199350668750: ESP index=3 target=OMKJacket_Navy:4861 position=<2326.781250, 29.990232, 3884.438721> action=delete
[COT 2024-12-23 2h:15:26] 76561199350668750: ESP index=4 target=BDUJacket:4840 position=<2311.380615, 17.663956, 3896.117920> action=delete
[COT 2024-12-23 2h:15:26] 76561199350668750: ESP index=5 target=Ammo_9x39AP:4691 position=<2310.698486, 18.877300, 3899.346680> action=delete
[COT 2024-12-23 2h:15:26] 76561199350668750: ESP index=6 target=BallisticHelmet_BDU:4594 position=<2411.506348, 7.486631, 3794.305664> action=delete
[COT 2024-12-23 2h:15:26] 76561199350668750: ESP index=7 target=Ammo_762x54Tracer:4672 position=<2434.932617, 22.056490, 3951.285645> action=delete
[COT 2024-12-23 2h:15:26] 76561199350668750: ESP index=8 target=Jeans_BlueDark:4563 position=<2343.157471, 18.607416, 3912.623779> action=delete
[COT 2024-12-23 2h:15:26] 76561199350668750: ESP index=9 target=WoolGloves_Green:4400 position=<2329.868896, 17.721088, 3900.945801> action=delete
[COT 2024-12-23 2h:15:26] 76561199350668750: ESP index=10 target=GorkaPants_Autumn:4375 position=<2318.947266, 17.748217, 3900.494873> action=delete
[COT 2024-12-23 2h:15:26] 76561199350668750: ESP index=11 target=MakarovIJ70:4842 position=<2328.103516, 26.951563, 3883.542236> action=delete
[COT 2024-12-23 2h:15:26] 76561199350668750: ESP index=12 target=PP19:4505 position=<2413.739990, 10.342804, 3790.019531> action=delete
[COT 2024-12-23 2h:15:26] 76561199350668750: ESP index=13 target=MakarovIJ70:4488 position=<2334.713379, 18.152229, 3908.687500> action=delete
[COT 2024-12-23 2h:15:26] 76561199350668750: ESP action=delete_all count=14 attempted=14
[COT 2024-12-23 2h:15:30] 76561199350668750: Created Deletion Backup '2024-12-23_2h-15-30'
[COT 2024-12-23 2h:15:30] 76561199350668750: ESP index=0 target=Mag_AK74_30Rnd:4934 position=<2171.505859, 13.221476, 3842.754150> action=delete
[COT 2024-12-23 2h:15:30] 76561199350668750: ESP index=1 target=M65Jacket_Khaki:4895 position=<2162.415527, 12.767324, 3868.484863> action=delete
[COT 2024-12-23 2h:15:30] 76561199350668750: ESP index=2 target=JungleBoots_Olive:4785 position=<2176.427490, 12.878765, 3855.154053> action=delete
[COT 2024-12-23 2h:15:30] 76561199350668750: ESP index=3 target=PilotkaCap:4591 position=<2173.247803, 12.737638, 3844.748779> action=delete
[COT 2024-12-23 2h:15:30] 76561199350668750: ESP index=4 target=Military_Sweater_Black:4634 position=<2263.694824, 46.503567, 3938.207764> action=delete
[COT 2024-12-23 2h:15:30] 76561199350668750: ESP index=5 target=Ammo_9x39:4632 position=<2178.043213, 12.949544, 3851.750000> action=delete
[COT 2024-12-23 2h:15:30] 76561199350668750: ESP index=6 target=Mag_AK74_30Rnd:4536 position=<2236.611084, 18.225748, 4005.538574> action=delete
[COT 2024-12-23 2h:15:30] 76561199350668750: ESP index=7 target=Ammo_545x39:4526 position=<2231.723877, 17.968117, 4005.695557> action=delete
[COT 2024-12-23 2h:15:30] 76561199350668750: ESP index=8 target=TTsKOJacket_Camo:4419 position=<2240.873047, 18.445374, 4006.885010> action=delete
[COT 2024-12-23 2h:15:30] 76561199350668750: ESP action=delete_all count=9 attempted=9
[COT 2024-12-23 2h:16:7s] 76561199350668750: Created Deletion Backup '2024-12-23_2h-16-7s'
[COT 2024-12-23 2h:16:7s] 76561199350668750: ESP index=0 target=Ammo_40mm_Smoke_White:4377 position=<2450.947998, 10.542150, 4169.497559> action=delete
[COT 2024-12-23 2h:16:7s] 76561199350668750: ESP index=1 target=UKAssVest_Winter:4975 position=<2498.482910, 7.045158, 4231.079590> action=delete
[COT 2024-12-23 2h:16:7s] 76561199350668750: ESP index=2 target=Shemagh_Brown:4807 position=<2507.441650, 5.058660, 4224.397461> action=delete
[COT 2024-12-23 2h:16:7s] 76561199350668750: ESP index=3 target=Ammo_9x39:4809 position=<2494.184570, 10.314882, 4234.932617> action=delete
[COT 2024-12-23 2h:16:7s] 76561199350668750: ESP index=4 target=Defender_Vest_Green:4893 position=<2503.128174, 15.534822, 4221.029297> action=delete
[COT 2024-12-23 2h:16:7s] 76561199350668750: ESP index=5 target=Mag_Saiga_5Rnd:4878 position=<2520.570068, 0.458910, 4255.742188> action=delete
[COT 2024-12-23 2h:16:7s] 76561199350668750: ESP index=6 target=HighCapacityVest_Black:4567 position=<2465.819580, -6.439469, 4197.779297> action=delete
[COT 2024-12-23 2h:16:7s] 76561199350668750: ESP action=delete_all count=7 attempted=7
[COT 2024-12-23 2h:16:36] 76561199350668750: Created Deletion Backup '2024-12-23_2h-16-36'
[COT 2024-12-23 2h:16:36] 76561199350668750: ESP index=0 target=OfficerHat:5006 position=<1916.339722, 4.511443, 3422.142334> action=delete
[COT 2024-12-23 2h:16:36] 76561199350668750: ESP index=1 target=WoolCoat_Beige:4954 position=<1913.907715, 4.336618, 3447.037109> action=delete
[COT 2024-12-23 2h:16:36] 76561199350668750: ESP index=2 target=Fingerless_Gloves_Wool:4961 position=<1852.231812, 3.733645, 3450.141113> action=delete
[COT 2024-12-23 2h:16:36] 76561199350668750: ESP index=3 target=SmershVest:4936 position=<1916.724487, 6.104052, 3566.623047> action=delete
[COT 2024-12-23 2h:16:36] 76561199350668750: ESP index=4 target=M65Jacket_Olive:4846 position=<2005.036377, 13.395438, 3372.813721> action=delete
[COT 2024-12-23 2h:16:36] 76561199350668750: ESP index=5 target=GorkaPants_PautRev:4833 position=<1952.369629, 13.496887, 3316.155518> action=delete
[COT 2024-12-23 2h:16:36] 76561199350668750: ESP index=6 target=PetushokHat_Green:4724 position=<1947.111694, 6.915036, 3427.743164> action=delete
[COT 2024-12-23 2h:16:36] 76561199350668750: ESP index=7 target=Ammo_12gaPellets:4720 position=<1945.532837, 7.771235, 3424.079590> action=delete
[COT 2024-12-23 2h:16:36] 76561199350668750: ESP index=8 target=Medium_Sleeves_Shirt:4707 position=<1980.580078, 13.386874, 3360.298584> action=delete
[COT 2024-12-23 2h:16:36] 76561199350668750: ESP index=9 target=Mag_CZ75_15Rnd:4783 position=<1807.509766, 3.499582, 3486.566406> action=delete
[COT 2024-12-23 2h:16:36] 76561199350668750: ESP index=10 target=AviatorGlasses:4757 position=<1948.931030, 7.630098, 3429.785156> action=delete
[COT 2024-12-23 2h:16:36] 76561199350668750: ESP index=11 target=Ammo_9x39AP:4761 position=<2008.645508, 13.396257, 3376.042480> action=delete
[COT 2024-12-23 2h:16:36] 76561199350668750: ESP index=12 target=Medium_Sleeves_Shirt_Red:4614 position=<1866.213257, 3.537720, 3477.791504> action=delete
[COT 2024-12-23 2h:16:36] 76561199350668750: ESP index=13 target=Mag_Saiga_Drum20Rnd:4599 position=<1949.245361, 13.383574, 3339.460205> action=delete
[COT 2024-12-23 2h:16:36] 76561199350668750: ESP index=14 target=TaloonBag_Violet:4593 position=<1867.008911, 4.109345, 3444.124268> action=delete
[COT 2024-12-23 2h:16:36] 76561199350668750: ESP index=15 target=BallisticHelmet_Winter:4590 position=<1947.682495, 13.317492, 3336.591553> action=delete
[COT 2024-12-23 2h:16:36] 76561199350668750: ESP index=16 target=MotoHelmet_Grey:4677 position=<1863.438110, 4.702401, 3441.997070> action=delete
[COT 2024-12-23 2h:16:36] 76561199350668750: ESP index=17 target=GorkaPants_PautRev:4654 position=<1877.789429, 4.009800, 3443.475586> action=delete
[COT 2024-12-23 2h:16:36] 76561199350668750: ESP index=18 target=CombatBoots_Brown:4650 position=<1793.407104, 19.177168, 3575.218262> action=delete
[COT 2024-12-23 2h:16:36] 76561199350668750: ESP index=19 target=BeanieHat_Brown:4579 position=<1940.592163, 14.041113, 3347.607178> action=delete
[COT 2024-12-23 2h:16:36] 76561199350668750: ESP index=20 target=TankerHelmet:4558 position=<1975.445679, 13.555399, 3360.645752> action=delete
[COT 2024-12-23 2h:16:36] 76561199350668750: ESP index=21 target=Fingerless_Gloves:4552 position=<2013.692993, 12.641382, 3388.784180> action=delete
[COT 2024-12-23 2h:16:36] 76561199350668750: ESP index=22 target=MilitaryBoots_Brown:4549 position=<1732.146606, 3.635863, 3434.977783> action=delete
[COT 2024-12-23 2h:16:36] 76561199350668750: ESP index=23 target=SportGlasses_Orange:4415 position=<1970.253052, 13.167035, 3345.924072> action=delete
[COT 2024-12-23 2h:16:36] 76561199350668750: ESP index=24 target=Ammo_545x39Tracer:4409 position=<1978.057495, 13.319531, 3371.393311> action=delete
[COT 2024-12-23 2h:16:36] 76561199350668750: ESP index=25 target=Ammo_762x39Tracer:4465 position=<1926.282837, 24.290558, 3430.674072> action=delete
[COT 2024-12-23 2h:16:36] 76561199350668750: ESP index=26 target=M65Jacket_Khaki:4469 position=<1793.986328, 19.413307, 3560.386475> action=delete
[COT 2024-12-23 2h:16:36] 76561199350668750: ESP index=27 target=JumpsuitJacket_Red:4444 position=<1917.556274, 7.344161, 3443.601318> action=delete
[COT 2024-12-23 2h:16:36] 76561199350668750: ESP index=28 target=Galife_Pants_Olive:4389 position=<1953.437378, 13.485944, 3361.656006> action=delete
[COT 2024-12-23 2h:16:36] 76561199350668750: ESP index=29 target=AKS74U:4905 position=<1878.244385, 6.655081, 3448.030273> action=delete
[COT 2024-12-23 2h:16:36] 76561199350668750: ESP index=30 target=PP19:4708 position=<1733.363647, 4.112696, 3437.759277> action=delete
[COT 2024-12-23 2h:16:36] 76561199350668750: ESP index=31 target=PP19:4435 position=<1916.324463, 4.575335, 3421.018311> action=delete
[COT 2024-12-23 2h:16:36] 76561199350668750: ESP index=32 target=MakarovIJ70:4363 position=<1902.263306, 4.274192, 3421.363770> action=delete
[COT 2024-12-23 2h:16:36] 76561199350668750: ESP action=delete_all count=33 attempted=33
[COT 2024-12-23 2h:16:53] 76561199350668750: Left the Free Camera
[COT 2024-12-23 2h:17:11] 76561199350668750: Set Health To 0 [guid=PeBD8NiBELKG4WlWk_Yi4B_rGZPapCxylPNdVXGuNr4=]
[COT 2024-12-23 2h:17:51] 76561199350668750: ESP: Clearing ESP
[COT 2024-12-23 2h:18:7s] 76561199350668750: Teleported [guid=yME2Zuy0btl19SRfs9kz4qOdZEwy9OpLEKGyETJkxgQ=] to <10487.125977, 3.605705, 13458.641602>
