[COT 2024-12-2D 6h:12:47] 76561199282403539: Activated Community Online Tools [guid=ns259EoeT6sGy1yfIUvTfwxMqlfjSjm8ux0lgBia58w=]
[COT 2024-12-2D 6h:12:57] 76561199282403539: Entered the Free Camera
[COT 2024-12-2D 6h:13:7s] 76561199282403539: Left the Free Camera
[COT 2024-12-2D 6h:14:44] 76561199282403539: Deactivated Community Online Tools [guid=ns259EoeT6sGy1yfIUvTfwxMqlfjSjm8ux0lgBia58w=]
[COT 2024-12-2D 6h:14:51] 76561199282403539: Activated Community Online Tools [guid=ns259EoeT6sGy1yfIUvTfwxMqlfjSjm8ux0lgBia58w=]
[COT 2024-12-2D 6h:14:56] 76561199282403539: Deactivated Community Online Tools [guid=ns259EoeT6sGy1yfIUvTfwxMqlfjSjm8ux0lgBia58w=]
[COT 2024-12-2D 6h:14:59] 76561199282403539: Activated Community Online Tools [guid=ns259EoeT6sGy1yfIUvTfwxMqlfjSjm8ux0lgBia58w=]
[COT 2024-12-2D 6h:15:2s] 76561199282403539: Entered the Free Camera
[COT 2024-12-2D 6h:15:3s] 76561199282403539: Left the Free Camera
[COT 2024-12-2D 6h:15:12] 76561199282403539: Deactivated Community Online Tools [guid=ns259EoeT6sGy1yfIUvTfwxMqlfjSjm8ux0lgBia58w=]
[COT 2024-12-2D 6h:15:13] 76561199282403539: Activated Community Online Tools [guid=ns259EoeT6sGy1yfIUvTfwxMqlfjSjm8ux0lgBia58w=]
[COT 2024-12-2D 6h:15:15] 76561199282403539: Entered the Free Camera
[COT 2024-12-2D 6h:15:16] 76561199282403539: Left the Free Camera
[COT 2024-12-2D 6h:15:18] 76561199282403539: Entered the Free Camera
[COT 2024-12-2D 6h:15:21] 76561199282403539: Left the Free Camera
[COT 2024-12-2D 6h:23:31] 76561199282403539: Activated Community Online Tools [guid=ns259EoeT6sGy1yfIUvTfwxMqlfjSjm8ux0lgBia58w=]
[COT 2024-12-2D 6h:23:38] 76561199282403539: Healed [guid=ns259EoeT6sGy1yfIUvTfwxMqlfjSjm8ux0lgBia58w=]
[COT 2024-12-2D 6h:24:55] 76561199282403539: Entered the Free Camera
[COT 2024-12-2D 6h:31:11] 76561199282403539: Healed [guid=ns259EoeT6sGy1yfIUvTfwxMqlfjSjm8ux0lgBia58w=]
[COT 2024-12-2D 6h:31:18] 76561199282403539: Set GodMode To true [guid=ns259EoeT6sGy1yfIUvTfwxMqlfjSjm8ux0lgBia58w=]
[COT 2024-12-2D 6h:45:15] 76561199282403539: Left the Free Camera
[COT 2024-12-2D 6h:45:52] 76561199282403539: ESP: Viewing ESP
[COT 2024-12-2D 6h:46:32] 76561199282403539: ESP: Clearing ESP
[COT 2024-12-2D 6h:46:45] 76561199282403539: Entered the Free Camera
[COT 2024-12-2D 6h:51:7s] 76561199282403539: ESP: Viewing ESP
[COT 2024-12-2D 6h:51:7s] 76561199282403539: ESP: Clearing ESP
[COT 2024-12-2D 6h:51:14] 76561199282403539: ESP: Viewing ESP
[COT 2024-12-2D 6h:51:28] 76561199282403539: ESP: Clearing ESP
[COT 2024-12-2D 6h:51:32] 76561199282403539: ESP: Viewing ESP
[COT 2024-12-2D 6h:51:32] 76561199282403539: ESP: Clearing ESP
[COT 2024-12-2D 6h:51:32] 76561199282403539: ESP: Viewing ESP
[COT 2024-12-2D 6h:51:32] 76561199282403539: ESP: Clearing ESP
[COT 2024-12-2D 6h:51:52] 76561199282403539: ESP: Viewing ESP
[COT 2024-12-2D 6h:51:53] 76561199282403539: ESP: Clearing ESP
[COT 2024-12-2D 6h:51:53] 76561199282403539: ESP: Viewing ESP
[COT 2024-12-2D 6h:51:54] 76561199282403539: ESP: Clearing ESP
[COT 2024-12-2D 6h:51:54] 76561199282403539: ESP: Viewing ESP
[COT 2024-12-2D 6h:51:55] 76561199282403539: ESP: Clearing ESP
[COT 2024-12-2D 6h:51:55] 76561199282403539: ESP: Viewing ESP
[COT 2024-12-2D 6h:54:56] 76561199282403539: Left the Free Camera
[COT 2024-12-2D 6h:57:11] 76561199282403539: ESP: Clearing ESP
[COT 2024-12-2D 6h:57:12] 76561199282403539: ESP: ESP updating
[COT 2024-12-2D 6h:57:19] 76561199282403539: Entered the Free Camera
[COT 2024-12-2D 6h:57:26] 76561199282403539: Left the Free Camera
[COT 2024-12-2D 6h:58:6s] 76561199282403539: Entered the Free Camera
[COT 2024-12-2D 6h:58:25] 76561199282403539: Left the Free Camera
[COT 2024-12-2D 6h:58:30] 76561199282403539: ESP: Clearing ESP
[COT 2024-12-2D 6h:59:30] 76561199282403539: ESP: ESP updating
[COT 2024-12-2D 7h:9m:44] 76561199282403539: ESP: Clearing ESP
[COT 2024-12-2D 7h:10:50] 76561199282403539: ESP: ESP updating
[COT 2024-12-2D 7h:12:11] 76561199282403539: ESP: Clearing ESP
[COT 2024-12-2D 7h:14:43] 76561199282403539: Spawned Entity Infected (ZmbF_ShortSkirt_LT_Base<ad155ba0>, 100, -1, 15, 0) at <9438.201172, 14.151733, 13422.281250>
[COT 2024-12-2D 7h:15:38] 76561199282403539: Entered the Free Camera
[COT 2024-12-2D 7h:17:28] 76561199282403539: Left the Free Camera
[COT 2024-12-2D 7h:36:29] 76561199282403539: Set Invisibility To 1 [guid=ns259EoeT6sGy1yfIUvTfwxMqlfjSjm8ux0lgBia58w=]
[COT 2024-12-2D 7h:41:48] 76561199282403539: Entered the Free Camera
[COT 2024-12-2D 7h:41:51] 76561199282403539: Left the Free Camera
[COT 2024-12-2D 7h:41:53] 76561199282403539: Entered the Free Camera
[COT 2024-12-2D 7h:45:53] 76561199282403539: Left the Free Camera
[COT 2024-12-2D 8h:9m:4s] 76561199282403539: Entered the Free Camera
[COT 2024-12-2D 8h:9m:52] 76561199282403539: Left the Free Camera
[COT 2024-12-2D 8h:19:32] 76561199282403539: Set cannot be targeted by AI to false [guid=ns259EoeT6sGy1yfIUvTfwxMqlfjSjm8ux0lgBia58w=]
[COT 2024-12-2D 8h:19:32] 76561199282403539: Set cannot be targeted by AI to true [guid=ns259EoeT6sGy1yfIUvTfwxMqlfjSjm8ux0lgBia58w=]
[COT 2024-12-2D 8h:29:30] 76561199282403539: Set Invisibility To 0 [guid=ns259EoeT6sGy1yfIUvTfwxMqlfjSjm8ux0lgBia58w=]
[COT 2024-12-2D 8h:29:30] 76561199282403539: Set cannot be targeted by AI to true [guid=ns259EoeT6sGy1yfIUvTfwxMqlfjSjm8ux0lgBia58w=]
[COT 2024-12-2D 8h:30:39] 76561199282403539: ESP: Viewing ESP
[COT 2024-12-2D 8h:30:57] 76561199282403539: ESP index=0 target=CarTent:12152 position=<9661.676758, 19.319389, 13386.249023> action=MoveToCursor
[COT 2024-12-2D 8h:30:57] 76561199282403539: ESP action=move_to_cursor count=1 attempted=1
[COT 2024-12-2D 8h:31:8s] 76561199282403539: ESP index=0 target=CarTent:12152 position=<9659.350586, 16.024248, 13380.123047> action=MoveToCursor
[COT 2024-12-2D 8h:31:8s] 76561199282403539: ESP action=move_to_cursor count=1 attempted=1
[COT 2024-12-2D 8h:31:13] 76561199282403539: ESP index=0 target=CarTent:12152 position=<9662.533203, 15.937073, 13384.324219> action=MoveToCursor
[COT 2024-12-2D 8h:31:13] 76561199282403539: ESP action=move_to_cursor count=1 attempted=1
[COT 2024-12-2D 8h:31:28] 76561199282403539: ESP index=0 target=CarTent:12152 position=<9658.611328, 15.400706, 13395.196289> action=MoveToCursor
[COT 2024-12-2D 8h:31:28] 76561199282403539: ESP action=move_to_cursor count=1 attempted=1
[COT 2024-12-2D 8h:31:29] 76561199282403539: Created Deletion Backup '2024-12-2D_8h-31-29'
[COT 2024-12-2D 8h:31:29] 76561199282403539: ESP index=0 target=CarTent:12152 position=<9658.580078, 15.399597, 13395.175781> action=delete
[COT 2024-12-2D 8h:31:29] 76561199282403539: ESP action=delete_all count=1 attempted=1
[COT 2024-12-2D 8h:31:59] 76561199282403539: Spawned Entity Car Tent (CarTent<99ff93f0>, 100, 1700, 15, 0) at <9661.377930, 18.821863, 13387.212891>
[COT 2024-12-2D 8h:32:56] 76561199282403539: ESP: Clearing ESP
[COT 2024-12-2D 8h:33:27] 76561199282403539: Entered the Free Camera
[COT 2024-12-2D 8h:34:0s] 76561199282403539: Left the Free Camera
[COT 2024-12-2D 8h:37:7s] 76561199282403539: Entered the Free Camera
[COT 2024-12-2D 8h:38:43] 76561199282403539: Left the Free Camera
[COT 2024-12-2D 8h:38:56] 76561199282403539: Entered the Free Camera
[COT 2024-12-2D 8h:39:2s] 76561199282403539: Left the Free Camera
[COT 2024-12-2D 8h:40:17] 76561199282403539: Entered the Free Camera
[COT 2024-12-2D 8h:41:20] 76561199282403539: Left the Free Camera
[COT 2024-12-2D 8h:47:15] 76561199282403539: Entered the Free Camera
[COT 2024-12-2D 8h:47:50] 76561199282403539: Left the Free Camera
[COT 2024-12-2D 8h:48:13] 76561199282403539: Entered the Free Camera
[COT 2024-12-2D 8h:49:1s] 76561199282403539: Left the Free Camera
[COT 2024-12-2D 8h:50:34] 76561199282403539: Entered the Free Camera
[COT 2024-12-2D 8h:52:15] 76561199282403539: Left the Free Camera
[COT 2024-12-2D 8h:52:27] 76561199282403539: Set Invisibility To 1 [guid=ns259EoeT6sGy1yfIUvTfwxMqlfjSjm8ux0lgBia58w=]
[COT 2024-12-2D 8h:52:29] 76561199282403539: Set remove collision to false [guid=ns259EoeT6sGy1yfIUvTfwxMqlfjSjm8ux0lgBia58w=]
[COT 2024-12-2D 8h:59:22] 76561199282403539: ESP: Viewing ESP
[COT 2024-12-2D 9h:2m:38] 76561199282403539: Entered the Free Camera
[COT 2024-12-2D 9h:3m:58] 76561199282403539: Left the Free Camera
[COT 2024-12-2D 9h:12:14] 76561199282403539: Entered the Free Camera
[COT 2024-12-2D 9h:12:35] 76561199282403539: Set GodMode To false [guid=ns259EoeT6sGy1yfIUvTfwxMqlfjSjm8ux0lgBia58w=]
[COT 2024-12-2D 9h:13:40] 76561199282403539: Left the Free Camera
[COT 2024-12-2D 9h:14:53] 76561199282403539: Spawned Entity Assault Vest (SmershVest<c86fb170>, 100, 110, 15, 0) at <5630.040527, 4.016635, 4538.661133>
[COT 2024-12-2D 9h:16:55] 76561199282403539: ESP: Clearing ESP
[COT 2024-12-2D 9h:17:6s] 76561199282403539: Spawned Entity Sewing Kit (SewingKit<c640c910>, 100, 50, 15, 0) at <5633.504395, 3.704741, 4538.458984>
[COT 2024-12-2D 9h:17:20] 76561199282403539: Spawned Entity Gun Cleaning Kit (WeaponCleaningKit<96889100>, 100, 100, 15, 0) at <5633.412109, 3.738141, 4538.450195>
[COT 2024-12-2D 9h:19:46] 76561199282403539: Spawned Entity Gun Cleaning Kit (WeaponCleaningKit<99a00e90>, 100, 100, 15, 0) at <5626.661621, 3.703324, 4535.674316>
[COT 2024-12-2D 9h:22:40] 76561199282403539: Spawned Entity Sewing Kit (SewingKit<ca538200>, 100, 50, 15, 0) at <5629.645020, 3.475430, 4527.389648>
[COT 2024-12-2D 9h:25:59] 76561199282403539: Set Invisibility To 0 [guid=ns259EoeT6sGy1yfIUvTfwxMqlfjSjm8ux0lgBia58w=]
[COT 2024-12-2D 9h:25:59] 76561199282403539: Set cannot be targeted by AI to false [guid=ns259EoeT6sGy1yfIUvTfwxMqlfjSjm8ux0lgBia58w=]
[COT 2024-12-2D 9h:26:4s] 76561199282403539: Healed [guid=ns259EoeT6sGy1yfIUvTfwxMqlfjSjm8ux0lgBia58w=]
[COT 2024-12-2D 9h:26:46] 76561199282403539: Deactivated Community Online Tools [guid=ns259EoeT6sGy1yfIUvTfwxMqlfjSjm8ux0lgBia58w=]
[COT 2024-12-2D 9h:35:48] 76561199282403539: Activated Community Online Tools [guid=ns259EoeT6sGy1yfIUvTfwxMqlfjSjm8ux0lgBia58w=]
[COT 2024-12-2D 9h:37:43] 76561199282403539: Spawned Entity 20rd DMR Mag (Mag_M14_20Rnd<9e93c680>, 20, 100, 15, 0) at <6048.237793, 3.152340, 7336.462402>
[COT 2024-12-2D 9h:37:57] 76561199282403539: Spawned Entity Duct Tape (DuctTape<8c77eb10>, 100, 50, 15, 0) at <6048.281738, 3.186895, 7336.552734>
[COT 2024-12-2D 9h:42:51] 76561199282403539: Deactivated Community Online Tools [guid=ns259EoeT6sGy1yfIUvTfwxMqlfjSjm8ux0lgBia58w=]
