[COT 2024-12-3D 6h:5m:32] 76561199282403539: Activated Community Online Tools [guid=ns259EoeT6sGy1yfIUvTfwxMqlfjSjm8ux0lgBia58w=]
[COT 2024-12-3D 6h:6m:46] 76561199282403539: Spawned Entity M3S Covered (Truck_01_Covered_Blue<48e2b950>, 100, 1500, 15, 0) at <2111.966797, 4.408868, 3524.729736>
[COT 2024-12-3D 6h:6m:56] 76561199282403539: Spawned Entity M3S Covered (Truck_01_Covered_Blue<48e1a0e0>, 100, 1500, 15, 0) at <2111.735107, 4.481986, 3536.299072>
[COT 2024-12-3D 6h:7m:9s] 76561199282403539: Spawned Entity M1025 (Offroad_02<48e35990>, 100, 1000, 15, 0) at <2111.419434, 4.632126, 3546.193359>
[COT 2024-12-3D 6h:7m:18] 76561199282403539: Spawned Entity M1025 (Offroad_02<48e3d1c0>, 100, 1000, 15, 0) at <2112.148438, 4.741389, 3510.915771>
[COT 2024-12-3D 6h:9m:13] 76561199282403539: Loadout set JMLoadout<58ac6b60> spawned at <2130.259521, 4.518148, 3533.869385>
[COT 2024-12-3D 6h:9m:14] 76561199282403539: Loadout set JMLoadout<4eee5370> spawned at <2130.250977, 4.517769, 3533.873047>
[COT 2024-12-3D 6h:9m:14] 76561199282403539: Loadout set JMLoadout<58ac7ae0> spawned at <2130.250000, 4.517727, 3533.873291>
[COT 2024-12-3D 6h:9m:20] 76561199282403539: Loadout set JMLoadout<58c105a0> spawned at <2130.260010, 4.518160, 3533.869629>
[COT 2024-12-3D 6h:9m:20] 76561199282403539: Loadout set JMLoadout<58df2870> spawned at <2130.260986, 4.518183, 3533.869629>
[COT 2024-12-3D 6h:9m:20] 76561199282403539: Loadout set JMLoadout<4eee5c70> spawned at <2130.260742, 4.518174, 3533.869873>
[COT 2024-12-3D 6h:9m:20] 76561199282403539: Loadout set JMLoadout<58ac7fa0> spawned at <2130.260498, 4.518149, 3533.870361>
[COT 2024-12-3D 6h:9m:24] 76561199282403539: Deleted 'FIRE'
[COT 2024-12-3D 6h:9m:55] 76561199282403539: Spawned Entity Wolf (Animal_CanisLupus<566c2550>, 100, -1, 15, 0) at <2104.892822, 4.754467, 3536.494629>
[COT 2024-12-3D 6h:10:1s] 76561199282403539: Set Invisibility To 1 [guid=ns259EoeT6sGy1yfIUvTfwxMqlfjSjm8ux0lgBia58w=]
[COT 2024-12-3D 6h:10:2s] 76561199282403539: Set GodMode To true [guid=ns259EoeT6sGy1yfIUvTfwxMqlfjSjm8ux0lgBia58w=]
[COT 2024-12-3D 6h:10:15] 76561199282403539: Set Invisibility To 0 [guid=ns259EoeT6sGy1yfIUvTfwxMqlfjSjm8ux0lgBia58w=]
[COT 2024-12-3D 6h:10:40] 76561199282403539: Spawned Entity Stag (Animal_CervusElaphus<566d98e0>, 100, -1, 15, 0) at <2107.298340, 4.751607, 3544.210693>
[COT 2024-12-3D 6h:10:45] 76561199282403539: Spawned Entity Buck (Animal_CapraHircus<566dab00>, 100, -1, 15, 0) at <2106.908203, 5.487275, 3545.760254>
[COT 2024-12-3D 6h:10:52] 76561199282403539: Spawned Entity Cow (Animal_BosTaurusF<566db410>, 100, -1, 15, 0) at <2107.294434, 4.751929, 3544.210693>
[COT 2024-12-3D 6h:10:58] 76561199282403539: Spawned Entity Hen (Animal_GallusGallusDomesticusF_Spotted<566dc630>, 100, -1, 15, 0) at <2107.145996, 5.029218, 3544.793457>
[COT 2024-12-3D 6h:11:0s] 76561199282403539: Spawned Entity Hen (Animal_GallusGallusDomesticusF_Spotted<566dcf40>, 100, -1, 15, 0) at <2106.940918, 4.761557, 3542.762207>
[COT 2024-12-3D 6h:11:4s] 76561199282403539: Spawned Entity Hare (Animal_LepusEuropaeus<566dd850>, 100, -1, 15, 0) at <2106.934082, 4.762065, 3542.759766>
[COT 2024-12-3D 6h:11:10] 76561199282403539: Spawned Entity Ram (Animal_OvisAries<50ad8260>, 100, -1, 15, 0) at <2106.939453, 4.762065, 3542.762939>
[COT 2024-12-3D 6h:11:16] 76561199282403539: Spawned Entity Reindeer (Animal_RangiferTarandus<1ea95c80>, 100, -1, 15, 0) at <2106.838135, 5.063198, 3543.650635>
[COT 2024-12-3D 6h:11:19] 76561199282403539: Spawned Entity Reindeer (Animal_RangiferTarandus_Xmas<5b2d9b30>, 100, -1, 15, 0) at <2106.682373, 5.515765, 3544.982178>
[COT 2024-12-3D 6h:11:27] 76561199282403539: Spawned Entity Reindeer (Animal_RangiferTarandus_Xmas<5b2dfee0>, 100, -1, 15, 0) at <2103.684326, 4.999465, 3542.216064>
[COT 2024-12-3D 6h:11:33] 76561199282403539: Spawned Entity Pig (Animal_SusDomesticus<5b2e2c30>, 100, -1, 15, 0) at <2103.683594, 4.999587, 3542.216553>
[COT 2024-12-3D 6h:11:38] 76561199282403539: Spawned Entity Wild Boar (Animal_SusScrofa<5b2e07f0>, 100, -1, 15, 0) at <2105.482178, 4.891600, 3543.762695>
[COT 2024-12-3D 6h:11:41] 76561199282403539: Spawned Entity Red Fox (Animal_VulpesVulpes<5b2e3e50>, 100, -1, 15, 0) at <2105.538330, 5.010844, 3544.070801>
[COT 2024-12-3D 6h:11:49] 76561199282403539: Spawned Entity Red Fox (Animal_VulpesVulpes<5b2e3540>, 100, -1, 15, 0) at <2101.562744, 5.284164, 3548.120850>
[COT 2024-12-3D 6h:11:52] 76561199282403539: Spawned Entity Wild Boar (Animal_SusScrofa<5b2e4760>, 100, -1, 15, 0) at <2101.562988, 5.284107, 3548.118652>
[COT 2024-12-3D 6h:12:11] 76561199282403539: Spawned Entity Infected (ZmbM_priestPopSkinny_Base<447ec860>, 100, -1, 15, 0) at <2101.560547, 5.284364, 3548.117920>
[COT 2024-12-3D 6h:12:35] 76561199282403539: Spawned Entity Infected (ZombieMaleBase<447fc100>, 100, -1, 15, 0) at <2102.191895, 5.242052, 3550.097412>
[COT 2024-12-3D 6h:12:36] 76561199282403539: Spawned Entity Infected (ZombieMaleBase<44808040>, 100, -1, 15, 0) at <2103.009521, 5.429879, 3549.779785>
[COT 2024-12-3D 6h:12:41] 76561199282403539: Spawned Entity Infected (ZombieMaleBase<448033c0>, 100, -1, 15, 0) at <2100.402832, 5.363889, 3544.927002>
[COT 2024-12-3D 6h:12:43] 76561199282403539: Spawned Entity Brown Bear (Animal_UrsusArctos<5b2de3b0>, 100, -1, 15, 0) at <2101.265869, 5.496079, 3545.310303>
[COT 2024-12-3D 6h:13:32] 76561199282403539: Deleted Entity COT_Zombie:450 at <2092.376221, 5.051934, 3562.671143>
[COT 2024-12-3D 6h:13:45] 76561199282403539: Deleted Entity COT_Zombie:498 at <2091.960449, 5.038030, 3562.672363>
[COT 2024-12-3D 6h:13:49] 76561199282403539: Deleted Entity COT_Zombie:400 at <2092.174805, 5.046291, 3562.655762>
[COT 2024-12-3D 6h:14:4s] 76561199282403539: Spawned Entity  (Wreck_SantasSleigh<5b2bb1d0>, 100, -1, 15, 0) at <2093.626221, 5.332880, 3558.555176>
[COT 2024-12-3D 6h:14:10] 76561199282403539: Spawned Entity  (Wreck_SantasSleigh<5b2b7b70>, 100, -1, 15, 0) at <2110.509033, 6.470921, 3546.828857>
[COT 2024-12-3D 6h:14:27] 76561199282403539: Deleted Entity Wreck_SantasSleigh:12377 at <2110.509033, 6.470921, 3546.828857>
[COT 2024-12-3D 6h:14:33] 76561199282403539: Spawned Entity  (AnniversarySpotLight<5b2b7260>, 100, -1, 15, 0) at <2106.420166, 4.776550, 3540.903076>
[COT 2024-12-3D 6h:14:34] 76561199282403539: Spawned Entity  (AnniversarySpotLight<5b2b96a0>, 100, -1, 15, 0) at <2106.420898, 4.805399, 3540.998291>
[COT 2024-12-3D 6h:14:39] 76561199282403539: Spawned Entity  (ExplosionTest<5b2bfa50>, 100, -1, 15, 0) at <2101.882568, 9.495000, 3461.311768>
[COT 2024-12-3D 6h:14:40] 76561199282403539: Spawned Entity  (ExplosionTest<5b2b4e20>, 100, -1, 15, 0) at <2101.881836, 9.494732, 3461.312988>
[COT 2024-12-3D 6h:14:40] 76561199282403539: Spawned Entity  (ExplosionTest<5b2b5730>, 100, -1, 15, 0) at <2101.882568, 9.494699, 3461.313477>
[COT 2024-12-3D 6h:14:40] 76561199282403539: Spawned Entity  (ExplosionTest<5b2b8480>, 100, -1, 15, 0) at <2101.883301, 9.494796, 3461.313232>
[COT 2024-12-3D 6h:14:45] 76561199282403539: Spawned Entity  (Wreck_UH1Y<5b2b9fb0>, 100, -1, 15, 0) at <2101.880127, 9.494799, 3461.311768>
[COT 2024-12-3D 6h:14:46] 76561199282403539: Spawned Entity  (Wreck_UH1Y<5b2ba8c0>, 100, -1, 15, 0) at <2101.957031, 9.448220, 3462.635986>
[COT 2024-12-3D 6h:14:53] 76561199282403539: Spawned Entity  (Wreck_Mi8<5b2b6040>, 100, -1, 15, 0) at <2091.972656, 9.699449, 3456.548096>
[COT 2024-12-3D 6h:14:57] 76561199282403539: Spawned Entity  (Wreck_Mi8_Crashed<5b2bbae0>, 100, -1, 15, 0) at <2110.611572, 9.300466, 3466.810059>
[COT 2024-12-3D 6h:16:17] 76561199282403539: Deleted Entity Wreck_Mi8_Crashed:14787 at <2110.611572, 9.300466, 3466.810059>
[COT 2024-12-3D 6h:16:30] 76561199282403539: Deleted Entity Wreck_UH1Y:12026 at <2101.880127, 9.494799, 3461.311768>
[COT 2024-12-3D 6h:16:37] 76561199282403539: Deleted Entity Wreck_UH1Y:5278 at <2101.957031, 9.448220, 3462.635986>
[COT 2024-12-3D 6h:17:12] 76561199282403539: Deleted Entity Wreck_Mi8:17092 at <2091.972656, 9.699449, 3456.548096>
[COT 2024-12-3D 6h:17:42] 76561199282403539: Created Loadout 'Aminal_Convoy'
[COT 2024-12-3D 6h:18:17] 76561199282403539: Teleported ns259EoeT6sGy1yfIUvTfwxMqlfjSjm8ux0lgBia58w= to (Орлово, <10373.472656, 11.401254, 13349.896484>)
[COT 2024-12-3D 6h:18:54] 76561199282403539: Teleported ns259EoeT6sGy1yfIUvTfwxMqlfjSjm8ux0lgBia58w= to (Ногово, <7812.818359, 4.955430, 7947.817383>)
[COT 2024-12-3D 6h:21:14] 76561199282403539: Spawned Entity M3S Covered (Truck_01_Covered_Blue<48e2b950>, 100, 1500, 15, 0) at <2111.131592, 4.414767, 3527.729980>
[COT 2024-12-3D 6h:21:30] 76561199282403539: Spawned Entity M3S Covered (Truck_01_Covered_Blue<48e1a0e0>, 100, 1500, 15, 0) at <2111.071533, 4.500096, 3536.478027>
[COT 2024-12-3D 6h:21:37] 76561199282403539: Spawned Entity M3S Covered (Truck_01_Covered_Blue<48e3f9d0>, 100, 1500, 15, 0) at <2111.465576, 4.473289, 3519.528564>
[COT 2024-12-3D 6h:22:2s] 76561199282403539: Spawned Entity  (AnniversarySpotLight<5b2cd3d0>, 100, -1, 15, 0) at <2112.728760, 5.067746, 3505.169434>
[COT 2024-12-3D 6h:22:12] 76561199282403539: Spawned Entity  (AnniversarySpotLight<5b2cc1b0>, 100, -1, 15, 0) at <2111.541748, 4.728859, 3552.078369>
[COT 2024-12-3D 6h:22:26] 76561199282403539: Spawned Entity  (AnniversaryMusicSource<5b2cb8a0>, 100, -1, 15, 0) at <2111.540283, 4.814685, 3551.977539>
[COT 2024-12-3D 6h:22:35] 76561199282403539: ESP: Viewing ESP
[COT 2024-12-3D 6h:23:39] 76561199282403539: Created Loadout 'Animal_Convoy'
[COT 2024-12-3D 6h:24:15] 76561199282403539: Loadout set JMLoadout<1cb10db0> spawned at <12287.934570, 3.815414, 2354.956299>
[COT 2024-12-3D 6h:24:34] 76561199282403539: Loadout set JMLoadout<18f5c330> spawned at <12333.333008, 5.073840, 2309.128662>
[COT 2024-12-3D 6h:24:46] 76561199282403539: Loadout set JMLoadout<56bc31b0> spawned at <12333.358398, 4.772110, 2313.532471>
[COT 2024-12-3D 6h:24:55] 76561199282403539: Loadout set JMLoadout<18f600f0> spawned at <12368.581055, 6.608033, 2275.326172>
[COT 2024-12-3D 6h:24:55] 76561199282403539: Loadout set JMLoadout<18ae0c20> spawned at <12368.581055, 6.608930, 2275.320801>
[COT 2024-12-3D 6h:25:7s] 76561199282403539: Loadout set JMLoadout<17459d20> spawned at <12443.256836, 6.758056, 2339.681152>
[COT 2024-12-3D 6h:25:18] 76561199282403539: Loadout set JMLoadout<107b0ab0> spawned at <12425.191406, 6.648058, 2298.471191>
[COT 2024-12-3D 6h:25:40] 76561199282403539: Loadout set JMLoadout<152852f0> spawned at <12503.230469, 11.704648, 2253.956055>
[COT 2024-12-3D 6h:25:51] 76561199282403539: Loadout set JMLoadout<5e2c9f40> spawned at <12538.071289, 17.564135, 2202.373291>
[COT 2024-12-3D 6h:25:52] 76561199282403539: Loadout set JMLoadout<5cbe5220> spawned at <12538.071289, 17.564184, 2202.371826>
[COT 2024-12-3D 6h:25:52] 76561199282403539: Loadout set JMLoadout<5cbe6060> spawned at <12538.072266, 17.564346, 2202.371094>
[COT 2024-12-3D 6h:25:54] 76561199282403539: Loadout set JMLoadout<5cbe68a0> spawned at <12602.201172, 45.217033, 2074.184082>
[COT 2024-12-3D 6h:25:54] 76561199282403539: Loadout set JMLoadout<5cbe6a60> spawned at <12602.201172, 45.217003, 2074.184082>
[COT 2024-12-3D 6h:25:55] 76561199282403539: Loadout set JMLoadout<5cbe79a0> spawned at <12602.200195, 45.217163, 2074.183838>
[COT 2024-12-3D 6h:25:57] 76561199282403539: Deleted 'Aminal_Convoy'
[COT 2024-12-3D 6h:26:0s] 76561199282403539: Loadout set JMLoadout<5e2bacc0> spawned at <12520.753906, 15.770800, 2205.152588>
[COT 2024-12-3D 6h:26:3s] 76561199282403539: Loadout set JMLoadout<5fc85960> spawned at <12509.621094, 18.262253, 2188.862549>
[COT 2024-12-3D 6h:26:4s] 76561199282403539: Loadout set JMLoadout<106f9a30> spawned at <12509.622070, 18.262493, 2188.862061>
[COT 2024-12-3D 6h:26:4s] 76561199282403539: Loadout set JMLoadout<20b2d460> spawned at <12509.622070, 18.262501, 2188.861816>
[COT 2024-12-3D 6h:26:29] 76561199282403539: ESP: Clearing ESP
[COT 2024-12-3D 6h:27:13] 76561199282403539: ESP: ESP updating
[COT 2024-12-3D 6h:27:23] 76561199282403539: Created Deletion Backup '2024-12-3D_6h-27-23'
[COT 2024-12-3D 6h:27:23] 76561199282403539: ESP index=0 target=Truck_01_Covered_Blue:17670 position=<12540.073242, 17.795855, 2204.826904> action=delete
[COT 2024-12-3D 6h:27:23] 76561199282403539: ESP index=1 target=Truck_01_Covered_Blue:10574 position=<12535.906250, 16.913740, 2212.667236> action=delete
[COT 2024-12-3D 6h:27:23] 76561199282403539: ESP index=2 target=Truck_01_Covered_Blue:5183 position=<12545.403320, 20.495975, 2196.981689> action=delete
[COT 2024-12-3D 6h:27:23] 76561199282403539: ESP index=3 target=Offroad_02:17582 position=<12458.230469, 8.766252, 2266.899902> action=delete
[COT 2024-12-3D 6h:27:23] 76561199282403539: ESP index=4 target=Offroad_02:17525 position=<12536.294922, 16.808054, 2222.386475> action=delete
[COT 2024-12-3D 6h:27:23] 76561199282403539: ESP index=5 target=Offroad_02:17487 position=<12476.294922, 8.188169, 2308.110840> action=delete
[COT 2024-12-3D 6h:27:23] 76561199282403539: ESP index=6 target=Animal_VulpesVulpes:514 position=<12439.644531, 24.400341, 2280.827637> action=delete
[COT 2024-12-3D 6h:27:23] 76561199282403539: ESP index=7 target=Animal_VulpesVulpes:510 position=<12439.648438, 24.400337, 2280.829590> action=delete
[COT 2024-12-3D 6h:27:23] 76561199282403539: ESP index=8 target=Animal_VulpesVulpes:497 position=<12450.780273, 21.908644, 2297.120117> action=delete
[COT 2024-12-3D 6h:27:23] 76561199282403539: ESP index=9 target=Animal_OvisAries:507 position=<12465.453125, 19.474567, 2220.726074> action=delete
[COT 2024-12-3D 6h:27:23] 76561199282403539: ESP index=10 target=Animal_VulpesVulpes:506 position=<12439.644531, 24.400093, 2280.827148> action=delete
[COT 2024-12-3D 6h:27:23] 76561199282403539: ESP index=11 target=Animal_OvisAries:492 position=<12465.452148, 19.474327, 2220.726563> action=delete
[COT 2024-12-3D 6h:27:23] 76561199282403539: ESP index=12 target=Animal_CanisLupus_Grey:505 position=<12542.135742, 16.752069, 2177.557617> action=delete
[COT 2024-12-3D 6h:27:23] 76561199282403539: ESP index=13 target=Animal_OvisAries:511 position=<12465.453125, 19.474575, 2220.725830> action=delete
[COT 2024-12-3D 6h:27:23] 76561199282403539: ESP index=14 target=Animal_UrsusArctos:400 position=<12548.707031, 16.332727, 2181.419434> action=delete
[COT 2024-12-3D 6h:27:23] 76561199282403539: ESP index=15 target=Animal_CanisLupus_Grey:482 position=<12524.612305, 12.685917, 2226.361084> action=delete
[COT 2024-12-3D 6h:27:23] 76561199282403539: ESP index=16 target=Animal_OvisAries:491 position=<12459.061523, 12.916721, 2285.820068> action=delete
[COT 2024-12-3D 6h:27:23] 76561199282403539: ESP index=17 target=Animal_UrsusArctos:402 position=<12531.183594, 12.266575, 2230.222900> action=delete
[COT 2024-12-3D 6h:27:23] 76561199282403539: ESP index=18 target=Animal_OvisAries:474 position=<12476.584961, 16.982872, 2237.016602> action=delete
[COT 2024-12-3D 6h:27:23] 76561199282403539: ESP index=19 target=Animal_CanisLupus_Grey:485 position=<12446.573242, 7.629328, 2270.876221> action=delete
[COT 2024-12-3D 6h:27:23] 76561199282403539: ESP index=20 target=Animal_CanisLupus_Grey:488 position=<12464.638672, 7.739325, 2312.086182> action=delete
[COT 2024-12-3D 6h:27:23] 76561199282403539: ESP index=21 target=Animal_UrsusArctos:397 position=<12453.144531, 7.209986, 2274.738037> action=delete
[COT 2024-12-3D 6h:27:23] 76561199282403539: ESP index=22 target=Animal_UrsusArctos:478 position=<12471.209961, 7.319983, 2315.947998> action=delete
[COT 2024-12-3D 6h:27:23] 76561199282403539: ESP index=23 target=Animal_VulpesVulpes:459 position=<2028.469360, 14.714373, 3652.801758> action=delete
[COT 2024-12-3D 6h:27:23] 76561199282403539: ESP index=24 target=Animal_UrsusArctos:493 position=<2106.345215, 5.064513, 3554.019531> action=delete
[COT 2024-12-3D 6h:27:23] 76561199282403539: ESP index=25 target=Animal_CanisLupus_Grey:467 position=<2099.774170, 5.483855, 3550.157715> action=delete
[COT 2024-12-3D 6h:27:23] 76561199282403539: ESP index=26 target=Animal_OvisAries:366 position=<2007.340698, 6.304716, 3582.083496> action=delete
[COT 2024-12-3D 6h:27:23] 76561199282403539: ESP index=27 target=HeadlightH7:4349 position=<12366.865234, 7.202096, 2285.044189> action=delete
[COT 2024-12-3D 6h:27:23] 76561199282403539: ESP index=28 target=Offroad_02:16285 position=<12366.427734, 6.441548, 2278.066650> action=delete
[COT 2024-12-3D 6h:27:23] 76561199282403539: ESP index=29 target=Offroad_02:12440 position=<2111.436523, 4.675513, 3546.179932> action=delete
[COT 2024-12-3D 6h:27:23] 76561199282403539: ESP index=30 target=Offroad_02:7005 position=<12366.377930, 6.282722, 2283.020752> action=delete
[COT 2024-12-3D 6h:27:23] 76561199282403539: ESP action=delete_all count=31 attempted=31
[COT 2024-12-3D 6h:27:27] 76561199282403539: Created Deletion Backup '2024-12-3D_6h-27-27'
[COT 2024-12-3D 6h:27:27] 76561199282403539: ESP index=0 target=Offroad_02:17700 position=<12532.496094, 22.008974, 2169.638428> action=delete
[COT 2024-12-3D 6h:27:27] 76561199282403539: ESP index=1 target=Offroad_02:10336 position=<12533.401367, 21.864502, 2172.045654> action=delete
[COT 2024-12-3D 6h:27:27] 76561199282403539: ESP index=2 target=Offroad_02:17451 position=<12399.406250, 8.644679, 2244.644043> action=delete
[COT 2024-12-3D 6h:27:27] 76561199282403539: ESP index=3 target=Animal_UrsusArctos:479 position=<12396.534180, 7.170857, 2251.587646> action=delete
[COT 2024-12-3D 6h:27:27] 76561199282403539: ESP index=4 target=Animal_CanisLupus_Grey:454 position=<12389.962891, 7.590199, 2247.725830> action=delete
[COT 2024-12-3D 6h:27:27] 76561199282403539: ESP index=5 target=Animal_UrsusArctos:460 position=<12396.534180, 7.169960, 2251.593018> action=delete
[COT 2024-12-3D 6h:27:27] 76561199282403539: ESP index=6 target=Animal_CanisLupus_Grey:280 position=<12389.962891, 7.589303, 2247.731201> action=delete
[COT 2024-12-3D 6h:27:27] 76561199282403539: ESP index=7 target=CraterellusMushroom:10204 position=<12455.134766, 32.477417, 2158.177979> action=delete
[COT 2024-12-3D 6h:27:27] 76561199282403539: ESP index=8 target=CraterellusMushroom:16459 position=<12477.115234, 27.671440, 2159.246826> action=delete
[COT 2024-12-3D 6h:27:27] 76561199282403539: ESP index=9 target=Offroad_02:17390 position=<12402.404297, 8.606003, 2243.447266> action=delete
[COT 2024-12-3D 6h:27:27] 76561199282403539: ESP action=delete_all count=10 attempted=10
[COT 2024-12-3D 6h:27:31] 76561199282403539: Created Deletion Backup '2024-12-3D_6h-27-31'
[COT 2024-12-3D 6h:28:5s] 76561199282403539: Created Deletion Backup '2024-12-3D_6h-28-5s'
[COT 2024-12-3D 6h:28:5s] 76561199282403539: ESP index=0 target=Offroad_02:5165 position=<12553.792969, 22.316954, 2173.589600> action=delete
[COT 2024-12-3D 6h:28:5s] 76561199282403539: ESP index=1 target=Offroad_02:8240 position=<12536.772461, 23.597273, 2158.862549> action=delete
[COT 2024-12-3D 6h:28:5s] 76561199282403539: ESP index=2 target=Animal_UrsusArctos:513 position=<12537.575195, 18.824429, 2165.128662> action=delete
[COT 2024-12-3D 6h:28:5s] 76561199282403539: ESP index=3 target=Animal_CanisLupus_Grey:512 position=<12531.003906, 19.243771, 2161.266846> action=delete
[COT 2024-12-3D 6h:28:5s] 76561199282403539: ESP index=4 target=Animal_UrsusArctos:509 position=<12537.575195, 18.824421, 2165.128906> action=delete
[COT 2024-12-3D 6h:28:5s] 76561199282403539: ESP index=5 target=Animal_CanisLupus_Grey:508 position=<12531.003906, 19.243763, 2161.267090> action=delete
[COT 2024-12-3D 6h:28:5s] 76561199282403539: ESP index=6 target=Animal_CanisLupus_Grey:424 position=<12531.002930, 19.243523, 2161.267578> action=delete
[COT 2024-12-3D 6h:28:5s] 76561199282403539: ESP index=7 target=Animal_UrsusArctos:489 position=<12537.574219, 18.824181, 2165.129395> action=delete
[COT 2024-12-3D 6h:28:5s] 76561199282403539: ESP action=delete_all count=8 attempted=8
[COT 2024-12-3D 6h:28:7s] 76561199282403539: Created Deletion Backup '2024-12-3D_6h-28-7s'
[COT 2024-12-3D 6h:28:9s] 76561199282403539: Created Deletion Backup '2024-12-3D_6h-28-9s'
[COT 2024-12-3D 6h:28:24] 76561199282403539: Created Deletion Backup '2024-12-3D_6h-28-24'
[COT 2024-12-3D 6h:28:26] 76561199282403539: Created Deletion Backup '2024-12-3D_6h-28-26'
[COT 2024-12-3D 6h:28:26] 76561199282403539: Created Deletion Backup '2024-12-3D_6h-28-26'
[COT 2024-12-3D 6h:28:26] 76561199282403539: Created Deletion Backup '2024-12-3D_6h-28-26'
[COT 2024-12-3D 6h:28:27] 76561199282403539: Created Deletion Backup '2024-12-3D_6h-28-27'
[COT 2024-12-3D 6h:28:29] 76561199282403539: Created Deletion Backup '2024-12-3D_6h-28-29'
[COT 2024-12-3D 6h:47:28] 76561199282403539: Teleported to <7231.021484, 2.765457, 7817.812500> [guid=UgsmoBZt4qprfyAH_7niKVOpmYzsI_ACFJel5XnK_Ms=]
[COT 2024-12-3D 6h:47:40] 76561199282403539: ESP: Clearing ESP
[COT 2024-12-3D 6h:47:48] 76561199282403539: Set GodMode To false [guid=ns259EoeT6sGy1yfIUvTfwxMqlfjSjm8ux0lgBia58w=]
[COT 2024-12-3D 6h:47:51] 76561199282403539: Deactivated Community Online Tools [guid=ns259EoeT6sGy1yfIUvTfwxMqlfjSjm8ux0lgBia58w=]
[COT 2024-12-3D 6h:50:48] 76561199282403539: Activated Community Online Tools [guid=ns259EoeT6sGy1yfIUvTfwxMqlfjSjm8ux0lgBia58w=]
[COT 2024-12-3D 6h:51:4s] 76561199282403539: Set GodMode To true [guid=ns259EoeT6sGy1yfIUvTfwxMqlfjSjm8ux0lgBia58w=]
[COT 2024-12-3D 6h:51:34] 76561199282403539: Deleted 'Animal_Convoy'
[COT 2024-12-3D 6h:51:43] 76561199282403539: Set Invisibility To 1 [guid=ns259EoeT6sGy1yfIUvTfwxMqlfjSjm8ux0lgBia58w=]
[COT 2024-12-3D 6h:51:45] 76561199282403539: Set UnlimitedStamina To true [guid=ns259EoeT6sGy1yfIUvTfwxMqlfjSjm8ux0lgBia58w=]
[COT 2024-12-3D 6h:51:46] 76561199282403539: Set UnlimitedAmmo To true [guid=ns259EoeT6sGy1yfIUvTfwxMqlfjSjm8ux0lgBia58w=]
[COT 2024-12-3D 6h:53:19] 76561199282403539: Spawned Entity Large Tent (LargeTent<41ddbfd0>, 100, 2000, 15, 0) at <4628.864746, 53.227573, 4103.389160>
[COT 2024-12-3D 6h:53:21] 76561199282403539: Spawned Entity Large Tent (LargeTent<66464c80>, 100, 2000, 15, 0) at <4628.668457, 53.227566, 4105.355469>
[COT 2024-12-3D 6h:53:23] 76561199282403539: Spawned Entity Large Tent (LargeTent<6645e2e0>, 100, 2000, 15, 0) at <4626.286621, 53.227577, 4106.032715>
[COT 2024-12-3D 6h:55:29] 76561199282403539: Spawned Entity Anniversary T-Shirt Box (AnniversaryBox<154185c0>, 4, -1, 15, 0) at <4620.130371, 53.227573, 4101.146973>
[COT 2024-12-3D 6h:55:32] 76561199282403539: Spawned Entity Anniversary T-Shirt Box (AnniversaryBox<154230d0>, 4, -1, 15, 0) at <4620.289551, 53.227573, 4103.972656>
[COT 2024-12-3D 6h:55:35] 76561199282403539: Spawned Entity Anniversary T-Shirt Box (AnniversaryBox<154212a0>, 4, -1, 15, 0) at <4621.625977, 53.227570, 4106.402832>
[COT 2024-12-3D 6h:56:18] 76561199282403539: Spawned Entity Fronta Lemonade (SodaCan_ColorBase<1b1b8e90>, 330, 30, 15, 0) at <4623.002930, 53.227573, 4105.339844>
[COT 2024-12-3D 6h:56:22] 76561199282403539: Spawned Entity Zagorky Chocolate (Zagorky_ColorBase<1b1b98a0>, 100, 20, 15, 0) at <4621.654785, 53.227570, 4104.786621>
[COT 2024-12-3D 6h:56:25] 76561199282403539: Spawned Entity Crackers (Snack_ColorBase<1b1c1160>, 50, 20, 15, 0) at <4621.363281, 53.227573, 4100.296875>
[COT 2024-12-3D 6h:57:8s] 76561199282403539: Spawned Entity Bear Trap (BearTrap<7416f570>, 50, 200, 15, 0) at <4620.288574, 53.227573, 4102.956543>
[COT 2024-12-3D 6h:57:11] 76561199282403539: Spawned Entity Bear Trap (BearTrap<41de68d0>, 50, 200, 15, 0) at <4624.210449, 53.227573, 4105.484863>
[COT 2024-12-3D 6h:57:13] 76561199282403539: Spawned Entity Bear Trap (BearTrap<66462cd0>, 50, 200, 15, 0) at <4623.136230, 53.227573, 4104.577637>
[COT 2024-12-3D 6h:58:22] 76561199282403539: Spawned Entity Ghillie Suit (GhillieSuit_Winter<17159cc0>, 20, 50, 15, 0) at <4624.071289, 53.227573, 4102.833008>
[COT 2024-12-3D 6h:59:12] 76561199282403539: Spawned Entity M1025 (Offroad_02<48e35990>, 100, 1000, 15, 0) at <4616.659180, 53.227570, 4095.925781>
[COT 2024-12-3D 6h:59:21] 76561199282403539: Spawned Entity Ada 4x4 (OffroadHatchback<48e3a9b0>, 100, 1000, 15, 0) at <4613.138184, 53.227573, 4100.297363>
[COT 2024-12-3D 6h:59:52] 76561199282403539: Spawned Entity KA-74 (AK74<86f11e0>, 100, 250, 15, 0) at <4620.356445, 53.227573, 4098.411133>
[COT 2024-12-3D 7h:0m:30] 76561199282403539: Spawned Entity CR-527 (CZ527_Base<86f79f0>, 100, 300, 15, 0) at <4612.250000, 53.227581, 4099.888184>
[COT 2024-12-3D 7h:0m:59] 76561199282403539: Spawned Entity VS-89 (SV98_Base<86e07f0>, 100, 250, 15, 0) at <4619.525879, 53.227573, 4097.549316>
[COT 2024-12-3D 7h:1m:11] 76561199282403539: Spawned Entity Tactical Gloves (TacticalGloves_Green<1035e640>, 100, 165, 15, 0) at <4619.562988, 53.227573, 4097.529785>
[COT 2024-12-3D 7h:1m:16] 76561199282403539: Spawned Entity Tactical Gloves (TacticalGloves_Black<20b94170>, 100, 165, 15, 0) at <4619.587402, 53.227573, 4097.177246>
[COT 2024-12-3D 7h:2m:42] 76561199282403539: Spawned Entity Wool Gloves (WoolGloves_Green<52f57c40>, 225, 110, 15, 0) at <4614.336914, 53.227577, 4101.264648>
[COT 2024-12-3D 7h:2m:56] 76561199282403539: Spawned Entity Ski Gloves (SkiGloves_90s<52f55400>, 225, 120, 15, 0) at <4613.849121, 53.227577, 4100.520020>
[COT 2024-12-3D 7h:3m:32] 76561199282403539: Spawned Entity Combat Backpack (TortillaBag<1aa06180>, 225, 180, 15, 0) at <4613.981445, 53.248169, 4100.554688>
[COT 2024-12-3D 7h:3m:39] 76561199282403539: Spawned Entity Hunter Backpack (HuntingBag<1aa12ac0>, 225, 160, 15, 0) at <4624.968750, 53.227573, 4101.357910>
[COT 2024-12-3D 7h:4m:5s] 76561199282403539: Spawned Entity  (ItemBase<5000faf0>, 225, 100, 15, 0) on HuntingBag<1aa12ac0> at <4625.149414, 53.456230, 4101.569336>
[COT 2024-12-3D 7h:4m:24] 76561199282403539: Spawned Entity Hiking Backpack (TaloonBag_Violet<cf97620>, 225, 110, 15, 0) on OffroadHatchback<48e3a9b0> at <4613.980469, 54.056095, 4099.876953>
[COT 2024-12-3D 7h:4m:38] 76561199282403539: Spawned Entity Hiking Backpack (TaloonBag_Violet<cf9eee0>, 225, 110, 15, 0) on OffroadHatchback<48e3a9b0> at <4612.289063, 54.204929, 4100.025879>
[COT 2024-12-3D 7h:5m:30] 76561199282403539: ESP: Viewing ESP
[COT 2024-12-3D 7h:5m:46] 76561199282403539: Created Deletion Backup '2024-12-3D_7h-5m-46'
[COT 2024-12-3D 7h:5m:46] 76561199282403539: ESP index=0 target=WoolGloves_Green:14068 position=<4614.336914, 53.227978, 4101.264648> action=delete
[COT 2024-12-3D 7h:5m:46] 76561199282403539: ESP index=1 target=SkiGloves_90s:9156 position=<4613.849121, 53.279484, 4100.520020> action=delete
[COT 2024-12-3D 7h:5m:46] 76561199282403539: ESP index=2 target=OffroadHatchback:13981 position=<4613.138184, 53.268330, 4100.312500> action=delete
[COT 2024-12-3D 7h:5m:46] 76561199282403539: ESP index=3 target=Offroad_02:7380 position=<4616.659180, 53.255802, 4095.920410> action=delete
[COT 2024-12-3D 7h:5m:46] 76561199282403539: ESP index=4 target=TacticalGloves_Black:9444 position=<4619.587402, 53.231949, 4097.177246> action=delete
[COT 2024-12-3D 7h:5m:46] 76561199282403539: ESP index=5 target=TortillaBag:11955 position=<4613.981445, 53.352947, 4100.554688> action=delete
[COT 2024-12-3D 7h:5m:46] 76561199282403539: ESP index=6 target=AnniversaryBox:8500 position=<4620.130371, 53.240669, 4101.146973> action=delete
[COT 2024-12-3D 7h:5m:46] 76561199282403539: ESP index=7 target=TacticalGloves_Green:12243 position=<4619.562988, 53.231949, 4097.529785> action=delete
[COT 2024-12-3D 7h:5m:46] 76561199282403539: ESP index=8 target=TaloonBag_Violet:9085 position=<4613.310547, 53.304508, 4097.945313> action=delete
[COT 2024-12-3D 7h:5m:46] 76561199282403539: ESP index=9 target=TaloonBag_Violet:5838 position=<4613.310547, 53.304508, 4097.945313> action=delete
[COT 2024-12-3D 7h:5m:46] 76561199282403539: ESP index=10 target=MilitaryBoots_Beige:5523 position=<4597.001465, 53.339180, 4101.102051> action=delete
[COT 2024-12-3D 7h:5m:46] 76561199282403539: ESP index=11 target=CZ527_Green:11867 position=<4612.250000, 53.248207, 4099.888184> action=delete
[COT 2024-12-3D 7h:5m:46] 76561199282403539: ESP index=12 target=AK74_Green:5411 position=<4620.356445, 53.261112, 4098.411133> action=delete
[COT 2024-12-3D 7h:5m:46] 76561199282403539: ESP index=13 target=SV98:7260 position=<4619.525879, 53.248280, 4097.549316> action=delete
[COT 2024-12-3D 7h:5m:46] 76561199282403539: ESP action=delete_all count=14 attempted=14
[COT 2024-12-3D 7h:5m:48] 76561199282403539: Created Deletion Backup '2024-12-3D_7h-5m-48'
[COT 2024-12-3D 7h:5m:55] 76561199282403539: Created Deletion Backup '2024-12-3D_7h-5m-55'
[COT 2024-12-3D 7h:5m:55] 76561199282403539: ESP index=0 target=LargeTent:4237 position=<4626.416016, 53.202019, 4102.750000> action=delete
[COT 2024-12-3D 7h:5m:55] 76561199282403539: ESP index=1 target=BearTrap:7045 position=<4623.136230, 53.227570, 4104.577637> action=delete
[COT 2024-12-3D 7h:5m:55] 76561199282403539: ESP index=2 target=LargeTent:4999 position=<4626.286621, 53.240677, 4106.032715> action=delete
[COT 2024-12-3D 7h:5m:55] 76561199282403539: ESP index=3 target=BearTrap:17404 position=<4624.210449, 53.227570, 4105.484863> action=delete
[COT 2024-12-3D 7h:5m:55] 76561199282403539: ESP index=4 target=BearTrap:17166 position=<4620.288574, 53.227570, 4102.956543> action=delete
[COT 2024-12-3D 7h:5m:55] 76561199282403539: ESP index=5 target=Crackers:10853 position=<4621.363281, 53.243576, 4100.296875> action=delete
[COT 2024-12-3D 7h:5m:55] 76561199282403539: ESP index=6 target=ZagorkyChocolate:11708 position=<4621.654785, 53.241447, 4104.786621> action=delete
[COT 2024-12-3D 7h:5m:55] 76561199282403539: ESP index=7 target=SodaCan_Fronta:14583 position=<4623.002930, 53.289749, 4105.339844> action=delete
[COT 2024-12-3D 7h:5m:55] 76561199282403539: ESP index=8 target=HuntingBag:7874 position=<4624.968750, 53.323162, 4101.357910> action=delete
[COT 2024-12-3D 7h:5m:55] 76561199282403539: ESP index=9 target=GhillieSuit_Winter:13017 position=<4624.071289, 53.392879, 4102.833008> action=delete
[COT 2024-12-3D 7h:5m:55] 76561199282403539: ESP index=10 target=AnniversaryBox:14220 position=<4620.289551, 53.240669, 4103.972656> action=delete
[COT 2024-12-3D 7h:5m:55] 76561199282403539: ESP index=11 target=AnniversaryBox:5837 position=<4621.625977, 53.240665, 4106.402832> action=delete
[COT 2024-12-3D 7h:5m:55] 76561199282403539: ESP action=delete_all count=12 attempted=12
[COT 2024-12-3D 7h:5m:57] 76561199282403539: Created Deletion Backup '2024-12-3D_7h-5m-57'
[COT 2024-12-3D 7h:5m:57] 76561199282403539: ESP index=0 target=LargeTent:13495 position=<4628.864746, 53.240673, 4103.389160> action=delete
[COT 2024-12-3D 7h:5m:57] 76561199282403539: ESP action=delete_all count=1 attempted=1
[COT 2024-12-3D 7h:17:55] 76561199282403539: ESP: Clearing ESP
