[COT 2024-12-7D 1h:23:11] 76561199282403539: Activated Community Online Tools [guid=ns259EoeT6sGy1yfIUvTfwxMqlfjSjm8ux0lgBia58w=]
[COT 2024-12-7D 1h:24:27] 76561199282403539: Teleported ns259EoeT6sGy1yfIUvTfwxMqlfjSjm8ux0lgBia58w= to (Ногово, <7812.784180, 5.114654, 7949.221680>)
[COT 2024-12-7D 1h:24:45] 76561199282403539: ESP: ESP updating
[COT 2024-12-7D 1h:25:59] 76561199282403539: ESP: Clearing ESP
[COT 2024-12-7D 1h:26:12] 76561199282403539: ESP: Viewing ESP
[COT 2024-12-7D 1h:28:5s] 76561199282403539: Teleported ns259EoeT6sGy1yfIUvTfwxMqlfjSjm8ux0lgBia58w= to (Петропавловск-Сахальский, <4747.915527, 0.693762, 10696.009766>)
[COT 2024-12-7D 1h:29:20] 76561199282403539: Deactivated Community Online Tools [guid=ns259EoeT6sGy1yfIUvTfwxMqlfjSjm8ux0lgBia58w=]
[COT 2024-12-7D 1h:29:22] 76561199282403539: Activated Community Online Tools [guid=ns259EoeT6sGy1yfIUvTfwxMqlfjSjm8ux0lgBia58w=]
[COT 2024-12-7D 1h:33:33] 76561199282403539: Set GodMode To true [guid=ns259EoeT6sGy1yfIUvTfwxMqlfjSjm8ux0lgBia58w=]
[COT 2024-12-7D 1h:33:37] 76561199282403539: Entered the Free Camera
[COT 2024-12-7D 1h:33:37] 76561199282403539: Left the Free Camera
[COT 2024-12-7D 1h:33:39] 76561199282403539: Entered the Free Camera
[COT 2024-12-7D 1h:33:39] 76561199282403539: Left the Free Camera
[COT 2024-12-7D 1h:33:43] 76561199282403539: Deactivated Community Online Tools [guid=ns259EoeT6sGy1yfIUvTfwxMqlfjSjm8ux0lgBia58w=]
[COT 2024-12-7D 1h:33:44] 76561199282403539: Activated Community Online Tools [guid=ns259EoeT6sGy1yfIUvTfwxMqlfjSjm8ux0lgBia58w=]
[COT 2024-12-7D 1h:33:45] 76561199282403539: Deactivated Community Online Tools [guid=ns259EoeT6sGy1yfIUvTfwxMqlfjSjm8ux0lgBia58w=]
[COT 2024-12-7D 1h:33:46] 76561199282403539: Activated Community Online Tools [guid=ns259EoeT6sGy1yfIUvTfwxMqlfjSjm8ux0lgBia58w=]
[COT 2024-12-7D 1h:33:55] 76561199282403539: Set GodMode To false [guid=ns259EoeT6sGy1yfIUvTfwxMqlfjSjm8ux0lgBia58w=]
[COT 2024-12-7D 1h:33:56] 76561199282403539: Set GodMode To true [guid=ns259EoeT6sGy1yfIUvTfwxMqlfjSjm8ux0lgBia58w=]
[COT 2024-12-7D 1h:38:35] 76561199282403539: Set GodMode To false [guid=ns259EoeT6sGy1yfIUvTfwxMqlfjSjm8ux0lgBia58w=]
[COT 2024-12-7D 1h:39:12] 76561199282403539: ESP: Clearing ESP
[COT 2024-12-7D 1h:39:22] 76561199282403539: Spawned Entity Car Radiator (CarRadiator<9bed9fe0>, 100, 250, 15, 0) at <11410.353516, 17.536663, 6198.455078>
[COT 2024-12-7D 1h:40:46] 76561199282403539: Set GodMode To true [guid=ns259EoeT6sGy1yfIUvTfwxMqlfjSjm8ux0lgBia58w=]
[COT 2024-12-7D 1h:40:47] 76561199282403539: Set GodMode To false [guid=ns259EoeT6sGy1yfIUvTfwxMqlfjSjm8ux0lgBia58w=]
[COT 2024-12-7D 1h:54:55] 76561199282403539: Set GodMode To true [guid=ns259EoeT6sGy1yfIUvTfwxMqlfjSjm8ux0lgBia58w=]
[COT 2024-12-7D 1h:54:57] 76561199282403539: Set GodMode To false [guid=ns259EoeT6sGy1yfIUvTfwxMqlfjSjm8ux0lgBia58w=]
