[COT 2024-12-2D 10:45:41] 76561199282403539: Activated Community Online Tools [guid=ns259EoeT6sGy1yfIUvTfwxMqlfjSjm8ux0lgBia58w=]
[COT 2024-12-2D 10:45:55] 76561199282403539: Deactivated Community Online Tools [guid=ns259EoeT6sGy1yfIUvTfwxMqlfjSjm8ux0lgBia58w=]
[COT 2024-12-2D 10:54:47] 76561199282403539: Activated Community Online Tools [guid=ns259EoeT6sGy1yfIUvTfwxMqlfjSjm8ux0lgBia58w=]
[COT 2024-12-2D 10:55:16] 76561199282403539: ESP: ESP updating
[COT 2024-12-2D 10:56:53] 76561199282403539: Entered the Free Camera
[COT 2024-12-2D 10:57:10] 76561199282403539: ESP: Clearing ESP
[COT 2024-12-2D 10:57:12] 76561199282403539: ESP: ESP updating
[COT 2024-12-2D 10:58:11] 76561199282403539: Left the Free Camera
[COT 2024-12-2D 11:4m:13] 76561199282403539: ESP: Clearing ESP
[COT 2024-12-2D 11:4m:14] 76561199282403539: ESP: ESP updating
[COT 2024-12-2D 11:7m:8s] 76561199282403539: ESP: Clearing ESP
[COT 2024-12-2D 11:7m:9s] 76561199282403539: ESP: ESP updating
[COT 2024-12-2D 11:8m:38] 76561199282403539: Entered the Free Camera
[COT 2024-12-2D 11:8m:57] 76561199282403539: Left the Free Camera
[COT 2024-12-2D 11:9m:47] 76561199282403539: ESP: Clearing ESP
[COT 2024-12-2D 11:9m:47] 76561199282403539: ESP: ESP updating
[COT 2024-12-2D 11:47:47] 76561199282403539: Deactivated Community Online Tools [guid=ns259EoeT6sGy1yfIUvTfwxMqlfjSjm8ux0lgBia58w=]
[COT 2024-12-2D 11:47:50] 76561199282403539: Activated Community Online Tools [guid=ns259EoeT6sGy1yfIUvTfwxMqlfjSjm8ux0lgBia58w=]
[COT 2024-12-2D 11:47:55] 76561199282403539: Deactivated Community Online Tools [guid=ns259EoeT6sGy1yfIUvTfwxMqlfjSjm8ux0lgBia58w=]
[COT 2024-12-2D 12:9m:50] 76561199282403539: Activated Community Online Tools [guid=ns259EoeT6sGy1yfIUvTfwxMqlfjSjm8ux0lgBia58w=]
[COT 2024-12-2D 12:10:7s] 76561199282403539: Deactivated Community Online Tools [guid=ns259EoeT6sGy1yfIUvTfwxMqlfjSjm8ux0lgBia58w=]
[COT 2024-12-2D 12:29:33] 76561199282403539: Activated Community Online Tools [guid=ns259EoeT6sGy1yfIUvTfwxMqlfjSjm8ux0lgBia58w=]
[COT 2024-12-2D 12:29:40] 76561199282403539: Deactivated Community Online Tools [guid=ns259EoeT6sGy1yfIUvTfwxMqlfjSjm8ux0lgBia58w=]
