[12-15-2024][00.00.22] New Synch Log File Created!
[00:26:02] Player (northcorr, 76561199018838024)(<12457.237305, 48.206120, 8419.958008>) requested data for lock!
[00:26:04] Player (akay_annie, 76561199562776827)(<12457.237305, 48.206120, 8419.958008>) requested data for lock!
[00:41:28] Player (Vellath, 76561198068537513)(<11127.880859, 106.702026, 9501.662109>) requested data for lock!
[01:47:39] Player (Vellath, 76561198068537513)(<7626.640137, 10.043794, 8539.677734>) requested data for lock!
[01:47:40] Player (Vellath, 76561198068537513)(<7631.311035, 12.787427, 8534.870117>) requested data for lock!
[01:54:02] Player (Vellath, 76561198068537513)(<7224.133301, 10.915239, 7848.691406>) requested data for lock!
[01:54:07] Player (Vellath, 76561198068537513)(<7241.480957, 3.950430, 7825.958984>) requested data for lock!
[01:54:07] Player (Vellath, 76561198068537513)(<7244.721680, 3.842066, 7828.232910>) requested data for lock!
[04:09:35] Player (Daryl Dixon, 76561199573099150)(<8899.131836, 15.554780, 1105.990234>) requested data for lock!
[04:09:36] Player (Daryl Dixon, 76561199573099150)(<8909.085938, 15.889824, 1105.763916>) requested data for lock!
[04:42:46] Player (Big_Steve, 76561198071307767)(<11127.880859, 106.702026, 9501.662109>) requested data for lock!
[04:53:51] Player (Vojd, 76561197996307588)(<12457.237305, 48.206120, 8419.958008>) requested data for lock!
[12-15-2024][05.00.22] Log file reloaded ( Server Restart )
[05:06:53] Player (Big_Steve, 76561198071307767)(<11127.880859, 106.702026, 9501.662109>) requested data for lock!
[06:50:56] Player (Draco, 76561198302078718)(<4870.733887, 5.627413, 11321.759766>) requested data for lock!
[07:16:21] Player (Draco, 76561198302078718)(<4860.642578, 5.412148, 11283.935547>) requested data for lock!
[07:19:57] Player (Big_Steve, 76561198071307767)(<7355.947266, 84.361282, 12388.909180>) requested data for lock!
[07:19:58] Player (Big_Steve, 76561198071307767)(<7355.812500, 81.730453, 12388.950195>) requested data for lock!
[07:21:44] Player (Draco, 76561198302078718)(<6042.112793, 34.846451, 10435.593750>) requested data for lock!
[07:21:45] Player (Draco, 76561198302078718)(<6044.596680, 34.846451, 10431.335938>) requested data for lock!
[07:22:04] Player (Big_Steve, 76561198071307767)(<9318.663086, 54.329174, 13091.610352>) requested data for lock!
[07:22:04] Player (Big_Steve, 76561198071307767)(<9316.858398, 54.329174, 13092.093750>) requested data for lock!
[07:22:04] Player (Big_Steve, 76561198071307767)(<9317.154297, 54.329174, 13091.982422>) requested data for lock!
[07:23:35] Player (Big_Steve, 76561198071307767)(<9318.663086, 54.329174, 13091.610352>) requested data for lock!
[07:23:35] Player (Big_Steve, 76561198071307767)(<9316.858398, 54.329174, 13092.093750>) requested data for lock!
[07:23:35] Player (Big_Steve, 76561198071307767)(<9317.154297, 54.329174, 13091.982422>) requested data for lock!
[07:24:07] Player (Big_Steve, 76561198071307767)(<7355.947266, 84.361282, 12388.909180>) requested data for lock!
[07:24:08] Player (Big_Steve, 76561198071307767)(<7355.812500, 81.730453, 12388.950195>) requested data for lock!
[07:24:09] Player (Big_Steve, 76561198071307767)(<7334.590332, 81.730453, 12397.067383>) requested data for lock!
[07:24:09] Player (Big_Steve, 76561198071307767)(<7334.517578, 83.857002, 12397.041992>) requested data for lock!
[07:24:09] Player (Big_Steve, 76561198071307767)(<7334.545410, 81.730453, 12396.727539>) requested data for lock!
[07:24:09] Player (Big_Steve, 76561198071307767)(<7334.615234, 81.730453, 12396.931641>) requested data for lock!
[07:24:47] Player (Draco, 76561198302078718)(<5746.929199, 70.849586, 8893.775391>) requested data for lock!
[07:26:28] Player (Draco, 76561198302078718)(<7224.133301, 10.915239, 7848.691406>) requested data for lock!
[07:26:29] Player (Draco, 76561198302078718)(<7241.480957, 3.950430, 7825.958984>) requested data for lock!
[07:26:29] Player (Draco, 76561198302078718)(<7244.721680, 3.842066, 7828.232910>) requested data for lock!
[07:27:00] Player (Big_Steve, 76561198071307767)(<9316.858398, 54.329174, 13092.093750>) requested data for lock!
[07:27:00] Player (Big_Steve, 76561198071307767)(<9317.154297, 54.329174, 13091.982422>) requested data for lock!
[07:27:00] Player (Big_Steve, 76561198071307767)(<9318.663086, 54.329174, 13091.610352>) requested data for lock!
[07:27:02] Player (Draco, 76561198302078718)(<7626.640137, 10.043794, 8539.677734>) requested data for lock!
[07:27:02] Player (Draco, 76561198302078718)(<7631.311035, 12.787427, 8534.870117>) requested data for lock!
[07:32:34] Player (Big_Steve, 76561198071307767)(<9318.663086, 54.329174, 13091.610352>) requested data for lock!
[07:32:34] Player (Big_Steve, 76561198071307767)(<9316.858398, 54.329174, 13092.093750>) requested data for lock!
[07:32:35] Player (Big_Steve, 76561198071307767)(<9317.154297, 54.329174, 13091.982422>) requested data for lock!
[07:41:47] Player (Luiz, 76561198008639541)(<7334.590332, 81.730453, 12397.067383>) requested data for lock!
[07:41:47] Player (Luiz, 76561198008639541)(<7334.517578, 83.857002, 12397.041992>) requested data for lock!
[07:41:47] Player (Luiz, 76561198008639541)(<7334.545410, 81.730453, 12396.727539>) requested data for lock!
[07:41:47] Player (Luiz, 76561198008639541)(<7355.947266, 84.361282, 12388.909180>) requested data for lock!
[07:41:47] Player (Luiz, 76561198008639541)(<7334.615234, 81.730453, 12396.931641>) requested data for lock!
[07:41:47] Player (Luiz, 76561198008639541)(<7355.812500, 81.730453, 12388.950195>) requested data for lock!
[07:42:39] Player (Big_Steve, 76561198071307767)(<9316.858398, 54.329174, 13092.093750>) requested data for lock!
[07:42:40] Player (Big_Steve, 76561198071307767)(<9317.154297, 54.329174, 13091.982422>) requested data for lock!
[07:42:40] Player (Big_Steve, 76561198071307767)(<9318.663086, 54.329174, 13091.610352>) requested data for lock!
[07:43:11] Player (Big_Steve, 76561198071307767)(<7355.947266, 84.361282, 12388.909180>) requested data for lock!
[07:43:11] Player (Big_Steve, 76561198071307767)(<7355.812500, 81.730453, 12388.950195>) requested data for lock!
[07:43:12] Player (Big_Steve, 76561198071307767)(<7334.590332, 81.730453, 12397.067383>) requested data for lock!
[07:43:12] Player (Big_Steve, 76561198071307767)(<7334.517578, 83.857002, 12397.041992>) requested data for lock!
[07:43:13] Player (Big_Steve, 76561198071307767)(<7334.545410, 81.730453, 12396.727539>) requested data for lock!
[07:43:13] Player (Big_Steve, 76561198071307767)(<7334.615234, 81.730453, 12396.931641>) requested data for lock!
[07:43:34] Player (Big_Steve, 76561198071307767)(<9318.663086, 54.329174, 13091.610352>) requested data for lock!
[07:43:34] Player (Big_Steve, 76561198071307767)(<9316.858398, 54.329174, 13092.093750>) requested data for lock!
[07:43:34] Player (Big_Steve, 76561198071307767)(<9317.154297, 54.329174, 13091.982422>) requested data for lock!
[07:44:43] Player (Big_Steve, 76561198071307767)(<7355.947266, 84.361282, 12388.909180>) requested data for lock!
[07:44:43] Player (Big_Steve, 76561198071307767)(<7355.812500, 81.730453, 12388.950195>) requested data for lock!
[07:46:12] Player (Draco, 76561198302078718)(<5746.929199, 70.849586, 8893.775391>) requested data for lock!
[07:48:47] Player (Draco, 76561198302078718)(<6042.112793, 34.846451, 10435.593750>) requested data for lock!
[07:48:47] Player (Draco, 76561198302078718)(<6044.596680, 34.846451, 10431.335938>) requested data for lock!
[07:53:18] Player (Draco, 76561198302078718)(<4860.642578, 5.412148, 11283.935547>) requested data for lock!
[07:53:28] Player (Draco, 76561198302078718)(<4870.733887, 5.627413, 11321.759766>) requested data for lock!
[07:54:11] Player (Draco, 76561198302078718)(<4860.642578, 5.412148, 11283.935547>) requested data for lock!
[07:54:17] Player (Draco, 76561198302078718)(<4870.733887, 5.627413, 11321.759766>) requested data for lock!
[08:01:28] Player (Luiz, 76561198008639541)(<7355.576172, 81.730453, 12388.914063>) requested data for lock!
[08:07:23] Player (Draco, 76561198302078718)(<6042.112793, 34.846451, 10435.593750>) requested data for lock!
[08:07:23] Player (Draco, 76561198302078718)(<6044.596680, 34.846451, 10431.335938>) requested data for lock!
[08:10:51] Player (Draco, 76561198302078718)(<4860.642578, 5.412148, 11283.935547>) requested data for lock!
[08:21:36] Player (Draco, 76561198302078718)(<4860.642578, 5.412148, 11283.935547>) requested data for lock!
[08:21:38] Player (Draco, 76561198302078718)(<4870.733887, 5.627413, 11321.759766>) requested data for lock!
[08:39:21] Player ([GDF] BAL4COBACO, 76561198296387027)(<7334.590332, 81.730453, 12397.067383>) requested data for lock!
[08:39:21] Player ([GDF] BAL4COBACO, 76561198296387027)(<7334.517578, 83.857002, 12397.041992>) requested data for lock!
[08:39:21] Player ([GDF] BAL4COBACO, 76561198296387027)(<7355.576172, 81.730453, 12388.914063>) requested data for lock!
[08:39:21] Player ([GDF] BAL4COBACO, 76561198296387027)(<7334.545410, 81.730453, 12396.727539>) requested data for lock!
[08:39:21] Player ([GDF] BAL4COBACO, 76561198296387027)(<7355.947266, 84.361282, 12388.909180>) requested data for lock!
[08:39:21] Player ([GDF] BAL4COBACO, 76561198296387027)(<7334.615234, 81.730453, 12396.931641>) requested data for lock!
[08:39:21] Player ([GDF] BAL4COBACO, 76561198296387027)(<7355.812500, 81.730453, 12388.950195>) requested data for lock!
[08:52:40] Player (Big_Steve, 76561198071307767)(<9481.520508, 95.982422, 10884.832031>) requested data for lock!
[08:54:28] Player (Big_Steve, 76561198071307767)(<9481.520508, 95.982422, 10884.832031>) requested data for lock!
[12-15-2024][09.00.21] Log file reloaded ( Server Restart )
[09:00:52] Player ([GDF] BAL4COBACO, 76561198296387027)(<7334.590332, 81.730453, 12397.067383>) requested data for lock!
[09:00:52] Player ([GDF] BAL4COBACO, 76561198296387027)(<7355.812500, 81.730453, 12388.950195>) requested data for lock!
[09:00:52] Player ([GDF] BAL4COBACO, 76561198296387027)(<7334.615234, 81.730453, 12396.931641>) requested data for lock!
[09:00:52] Player ([GDF] BAL4COBACO, 76561198296387027)(<7355.947266, 84.361282, 12388.909180>) requested data for lock!
[09:00:52] Player ([GDF] BAL4COBACO, 76561198296387027)(<7334.545410, 81.730453, 12396.727539>) requested data for lock!
[09:00:52] Player ([GDF] BAL4COBACO, 76561198296387027)(<7334.517578, 83.857002, 12397.041992>) requested data for lock!
[09:00:52] Player ([GDF] BAL4COBACO, 76561198296387027)(<7355.576172, 81.730453, 12388.914063>) requested data for lock!
[09:01:09] Player (Big_Steve, 76561198071307767)(<9481.520508, 95.982422, 10884.832031>) requested data for lock!
[09:07:34] Player (Luiz, 76561198008639541)(<7334.590332, 81.730453, 12397.067383>) requested data for lock!
[09:07:34] Player (Luiz, 76561198008639541)(<7355.812500, 81.730453, 12388.950195>) requested data for lock!
[09:07:34] Player (Luiz, 76561198008639541)(<7334.615234, 81.730453, 12396.931641>) requested data for lock!
[09:07:34] Player (Luiz, 76561198008639541)(<7355.947266, 84.361282, 12388.909180>) requested data for lock!
[09:07:36] Player (Luiz, 76561198008639541)(<7334.545410, 81.730453, 12396.727539>) requested data for lock!
[09:07:36] Player (Luiz, 76561198008639541)(<7334.517578, 83.857002, 12397.041992>) requested data for lock!
[09:07:36] Player (Luiz, 76561198008639541)(<7355.576172, 81.730453, 12388.914063>) requested data for lock!
[09:13:11] Player ([GDF] BAL4COBACO, 76561198296387027)(<7334.590332, 81.730453, 12397.067383>) requested data for lock!
[09:13:11] Player ([GDF] BAL4COBACO, 76561198296387027)(<7334.615234, 81.730453, 12396.931641>) requested data for lock!
[09:13:11] Player ([GDF] BAL4COBACO, 76561198296387027)(<7334.545410, 81.730453, 12396.727539>) requested data for lock!
[09:13:11] Player ([GDF] BAL4COBACO, 76561198296387027)(<7334.517578, 83.857002, 12397.041992>) requested data for lock!
[09:13:20] Player ([GDF] BAL4COBACO, 76561198296387027)(<7334.590332, 81.730453, 12397.067383>) requested data for lock!
[09:13:26] Player ([GDF] BAL4COBACO, 76561198296387027)(<7334.590332, 81.730453, 12397.067383>) requested data for lock!
[09:13:26] Player ([GDF] BAL4COBACO, 76561198296387027)(<7334.615234, 81.730453, 12396.931641>) requested data for lock!
[09:13:27] Player ([GDF] BAL4COBACO, 76561198296387027)(<7334.545410, 81.730453, 12396.727539>) requested data for lock!
[09:13:27] Player ([GDF] BAL4COBACO, 76561198296387027)(<7334.517578, 83.857002, 12397.041992>) requested data for lock!
[09:13:41] Player ([GDF] BAL4COBACO, 76561198296387027)(<7334.590332, 81.730453, 12397.067383>) requested data for lock!
[09:13:41] Player ([GDF] BAL4COBACO, 76561198296387027)(<7334.615234, 81.730453, 12396.931641>) requested data for lock!
[09:13:41] Player ([GDF] BAL4COBACO, 76561198296387027)(<7334.545410, 81.730453, 12396.727539>) requested data for lock!
[09:13:42] Player ([GDF] BAL4COBACO, 76561198296387027)(<7334.517578, 83.857002, 12397.041992>) requested data for lock!
[09:14:16] Player ([GDF] BAL4COBACO, 76561198296387027)(<7334.590332, 81.730453, 12397.067383>) requested data for lock!
[09:14:16] Player ([GDF] BAL4COBACO, 76561198296387027)(<7334.615234, 81.730453, 12396.931641>) requested data for lock!
[09:14:16] Player ([GDF] BAL4COBACO, 76561198296387027)(<7334.545410, 81.730453, 12396.727539>) requested data for lock!
[09:14:16] Player ([GDF] BAL4COBACO, 76561198296387027)(<7334.517578, 83.857002, 12397.041992>) requested data for lock!
[09:14:54] Player ([GDF] BAL4COBACO, 76561198296387027)(<7355.812500, 81.730453, 12388.950195>) requested data for lock!
[09:14:54] Player ([GDF] BAL4COBACO, 76561198296387027)(<7355.947266, 84.361282, 12388.909180>) requested data for lock!
[09:14:55] Player ([GDF] BAL4COBACO, 76561198296387027)(<7355.576172, 81.730453, 12388.914063>) requested data for lock!
[09:43:50] Player (Florre1984, 76561198271304685)(<12457.237305, 48.206120, 8419.958008>) requested data for lock!
[10:04:56] Player (Florre1984, 76561198271304685)(<12457.237305, 48.206120, 8419.958008>) requested data for lock!
[11:09:49] Player (Scorpion, 76561197993341683)(<7244.721680, 3.842066, 7828.232910>) requested data for lock!
[11:09:49] Player (Scorpion, 76561197993341683)(<7241.480957, 3.950430, 7825.958984>) requested data for lock!
[11:09:49] Player (Scorpion, 76561197993341683)(<7224.133301, 10.915239, 7848.691406>) requested data for lock!
[12:29:23] Player (Daryl Dixon, 76561199573099150)(<8899.131836, 15.554780, 1105.990234>) requested data for lock!
[12:29:23] Player (Daryl Dixon, 76561199573099150)(<8909.085938, 15.889824, 1105.763916>) requested data for lock!
[12:40:05] Player (Code Man, 76561197981923190)(<9316.858398, 54.329174, 13092.093750>) requested data for lock!
[12:40:05] Player (Code Man, 76561197981923190)(<9317.154297, 54.329174, 13091.982422>) requested data for lock!
[12:40:05] Player (Code Man, 76561197981923190)(<9318.663086, 54.329174, 13091.610352>) requested data for lock!
[12:51:42] Player (Code Man, 76561197981923190)(<9316.858398, 54.329174, 13092.093750>) requested data for lock!
[12:51:42] Player (Code Man, 76561197981923190)(<9317.154297, 54.329174, 13091.982422>) requested data for lock!
[12:51:42] Player (Code Man, 76561197981923190)(<9318.663086, 54.329174, 13091.610352>) requested data for lock!
[12:56:49] Player (luizredfield30, 76561198008639541)(<7334.590332, 81.730453, 12397.067383>) requested data for lock!
[12:56:49] Player (luizredfield30, 76561198008639541)(<7355.812500, 81.730453, 12388.950195>) requested data for lock!
[12:56:49] Player (luizredfield30, 76561198008639541)(<7334.615234, 81.730453, 12396.931641>) requested data for lock!
[12:56:49] Player (luizredfield30, 76561198008639541)(<7355.947266, 84.361282, 12388.909180>) requested data for lock!
[12:56:49] Player (luizredfield30, 76561198008639541)(<7334.545410, 81.730453, 12396.727539>) requested data for lock!
[12:56:49] Player (luizredfield30, 76561198008639541)(<7334.517578, 83.857002, 12397.041992>) requested data for lock!
[12:56:49] Player (luizredfield30, 76561198008639541)(<7355.576172, 81.730453, 12388.914063>) requested data for lock!
[12-15-2024][13.00.24] Log file reloaded ( Server Restart )
[13:00:58] Player (Code Man, 76561197981923190)(<9317.154297, 54.329174, 13091.982422>) requested data for lock!
[13:00:58] Player (Code Man, 76561197981923190)(<9318.663086, 54.329174, 13091.610352>) requested data for lock!
[13:00:58] Player (Code Man, 76561197981923190)(<9316.858398, 54.329174, 13092.093750>) requested data for lock!
[13:01:09] Player (luizredfield30, 76561198008639541)(<7334.545410, 81.730453, 12396.727539>) requested data for lock!
[13:01:09] Player (luizredfield30, 76561198008639541)(<7355.947266, 84.361282, 12388.909180>) requested data for lock!
[13:01:09] Player (luizredfield30, 76561198008639541)(<7355.812500, 81.730453, 12388.950195>) requested data for lock!
[13:01:09] Player (luizredfield30, 76561198008639541)(<7334.615234, 81.730453, 12396.931641>) requested data for lock!
[13:01:09] Player (luizredfield30, 76561198008639541)(<7355.576172, 81.730453, 12388.914063>) requested data for lock!
[13:01:09] Player (luizredfield30, 76561198008639541)(<7334.517578, 83.857002, 12397.041992>) requested data for lock!
[13:01:09] Player (luizredfield30, 76561198008639541)(<7334.590332, 81.730453, 12397.067383>) requested data for lock!
[13:03:25] Player (luizredfield30, 76561198008639541)(<7355.947266, 84.361282, 12388.909180>) requested data for lock!
[13:03:25] Player (luizredfield30, 76561198008639541)(<7355.812500, 81.730453, 12388.950195>) requested data for lock!
[13:03:25] Player (luizredfield30, 76561198008639541)(<7355.576172, 81.730453, 12388.914063>) requested data for lock!
[13:08:03] Player (AssGasket, 76561197974341881)(<7244.721680, 3.842066, 7828.232910>) requested data for lock!
[13:08:03] Player (AssGasket, 76561197974341881)(<7241.480957, 3.950430, 7825.958984>) requested data for lock!
[13:08:03] Player (AssGasket, 76561197974341881)(<7224.133301, 10.915239, 7848.691406>) requested data for lock!
[13:08:37] Player (Scorpion, 76561197993341683)(<7244.721680, 3.842066, 7828.232910>) requested data for lock!
[13:08:37] Player (Scorpion, 76561197993341683)(<7241.480957, 3.950430, 7825.958984>) requested data for lock!
[13:08:37] Player (Scorpion, 76561197993341683)(<7224.133301, 10.915239, 7848.691406>) requested data for lock!
[13:15:14] Player (HighTechTerror, 76561197972187582)(<7244.721680, 3.842066, 7828.232910>) requested data for lock!
[13:15:14] Player (HighTechTerror, 76561197972187582)(<7241.480957, 3.950430, 7825.958984>) requested data for lock!
[13:15:14] Player (HighTechTerror, 76561197972187582)(<7224.133301, 10.915239, 7848.691406>) requested data for lock!
[13:18:05] Player (Code Man, 76561197981923190)(<9317.154297, 54.329174, 13091.982422>) requested data for lock!
[13:18:05] Player (Code Man, 76561197981923190)(<9318.663086, 54.329174, 13091.610352>) requested data for lock!
[13:18:05] Player (Code Man, 76561197981923190)(<9316.858398, 54.329174, 13092.093750>) requested data for lock!
[13:25:36] Player (luizredfield30, 76561198008639541)(<7334.545410, 81.730453, 12396.727539>) requested data for lock!
[13:25:36] Player (luizredfield30, 76561198008639541)(<7334.615234, 81.730453, 12396.931641>) requested data for lock!
[13:25:36] Player (luizredfield30, 76561198008639541)(<7334.517578, 83.857002, 12397.041992>) requested data for lock!
[13:25:36] Player (luizredfield30, 76561198008639541)(<7334.590332, 81.730453, 12397.067383>) requested data for lock!
[13:25:38] Player (luizredfield30, 76561198008639541)(<7355.947266, 84.361282, 12388.909180>) requested data for lock!
[13:25:38] Player (luizredfield30, 76561198008639541)(<7355.812500, 81.730453, 12388.950195>) requested data for lock!
[13:25:39] Player (luizredfield30, 76561198008639541)(<7355.576172, 81.730453, 12388.914063>) requested data for lock!
[13:25:58] Player (HighTechTerror, 76561197972187582)(<7626.640137, 10.043794, 8539.677734>) requested data for lock!
[13:25:58] Player (HighTechTerror, 76561197972187582)(<7631.311035, 12.787427, 8534.870117>) requested data for lock!
[13:26:23] Player (AssGasket, 76561197974341881)(<7626.640137, 10.043794, 8539.677734>) requested data for lock!
[13:26:23] Player (AssGasket, 76561197974341881)(<7631.311035, 12.787427, 8534.870117>) requested data for lock!
[13:26:27] Player (Scorpion, 76561197993341683)(<7626.640137, 10.043794, 8539.677734>) requested data for lock!
[13:26:27] Player (Scorpion, 76561197993341683)(<7631.311035, 12.787427, 8534.870117>) requested data for lock!
[13:27:31] Player (luizredfield30, 76561198008639541)(<9317.154297, 54.329174, 13091.982422>) requested data for lock!
[13:27:31] Player (luizredfield30, 76561198008639541)(<9318.663086, 54.329174, 13091.610352>) requested data for lock!
[13:27:31] Player (luizredfield30, 76561198008639541)(<9316.858398, 54.329174, 13092.093750>) requested data for lock!
[13:28:54] Player (Sk3tch, 76561199350668750)(<7244.721680, 3.842066, 7828.232910>) requested data for lock!
[13:28:54] Player (Sk3tch, 76561199350668750)(<7626.640137, 10.043794, 8539.677734>) requested data for lock!
[13:28:54] Player (Sk3tch, 76561199350668750)(<7241.480957, 3.950430, 7825.958984>) requested data for lock!
[13:28:54] Player (Sk3tch, 76561199350668750)(<7631.311035, 12.787427, 8534.870117>) requested data for lock!
[13:28:54] Player (Sk3tch, 76561199350668750)(<7224.133301, 10.915239, 7848.691406>) requested data for lock!
[13:29:35] Player (Code Man, 76561197981923190)(<9481.520508, 95.982422, 10884.832031>) requested data for lock!
[13:29:37] Player (HighTechTerror, 76561197972187582)(<5746.929199, 70.849586, 8893.775391>) requested data for lock!
[13:29:42] Player (Scorpion, 76561197993341683)(<5746.929199, 70.849586, 8893.775391>) requested data for lock!
[13:29:42] Player (AssGasket, 76561197974341881)(<5746.929199, 70.849586, 8893.775391>) requested data for lock!
[13:29:59] Player (Sk3tch, 76561199350668750)(<5746.929199, 70.849586, 8893.775391>) requested data for lock!
[13:32:12] Player (Sk3tch, 76561199350668750)(<11127.880859, 106.702026, 9501.662109>) requested data for lock!
[13:34:18] Player ([ISG] Nescau, 76561198440552318)(<9317.154297, 54.329174, 13091.982422>) requested data for lock!
[13:34:18] Player ([ISG] Nescau, 76561198440552318)(<9318.663086, 54.329174, 13091.610352>) requested data for lock!
[13:34:19] Player ([ISG] Nescau, 76561198440552318)(<9316.858398, 54.329174, 13092.093750>) requested data for lock!
[13:34:19] Player (luizredfield30, 76561198008639541)(<9317.154297, 54.329174, 13091.982422>) requested data for lock!
[13:34:19] Player (luizredfield30, 76561198008639541)(<9318.663086, 54.329174, 13091.610352>) requested data for lock!
[13:34:19] Player (luizredfield30, 76561198008639541)(<9316.858398, 54.329174, 13092.093750>) requested data for lock!
[13:34:24] Player (Sk3tch, 76561199350668750)(<4870.733887, 5.627413, 11321.759766>) requested data for lock!
[13:34:24] Player (Sk3tch, 76561199350668750)(<4860.642578, 5.412148, 11283.935547>) requested data for lock!
[13:39:40] Player ([ISG] Nescau, 76561198440552318)(<7334.615234, 81.730453, 12396.931641>) requested data for lock!
[13:39:40] Player (luizredfield30, 76561198008639541)(<7334.545410, 81.730453, 12396.727539>) requested data for lock!
[13:39:40] Player ([ISG] Nescau, 76561198440552318)(<7334.517578, 83.857002, 12397.041992>) requested data for lock!
[13:39:40] Player (luizredfield30, 76561198008639541)(<7334.615234, 81.730453, 12396.931641>) requested data for lock!
[13:39:40] Player (luizredfield30, 76561198008639541)(<7334.517578, 83.857002, 12397.041992>) requested data for lock!
[13:39:40] Player ([ISG] Nescau, 76561198440552318)(<7334.590332, 81.730453, 12397.067383>) requested data for lock!
[13:39:40] Player (luizredfield30, 76561198008639541)(<7334.590332, 81.730453, 12397.067383>) requested data for lock!
[13:39:40] Player ([ISG] Nescau, 76561198440552318)(<7334.545410, 81.730453, 12396.727539>) requested data for lock!
[13:39:41] Player ([ISG] Nescau, 76561198440552318)(<7355.947266, 84.361282, 12388.909180>) requested data for lock!
[13:39:41] Player (luizredfield30, 76561198008639541)(<7355.947266, 84.361282, 12388.909180>) requested data for lock!
[13:39:42] Player ([ISG] Nescau, 76561198440552318)(<7355.812500, 81.730453, 12388.950195>) requested data for lock!
[13:39:42] Player (luizredfield30, 76561198008639541)(<7355.812500, 81.730453, 12388.950195>) requested data for lock!
[13:39:42] Player ([ISG] Nescau, 76561198440552318)(<7355.576172, 81.730453, 12388.914063>) requested data for lock!
[13:39:42] Player (luizredfield30, 76561198008639541)(<7355.576172, 81.730453, 12388.914063>) requested data for lock!
[13:40:26] Player ([ISG] Nescau, 76561198440552318)(<7334.545410, 81.730453, 12396.727539>) requested data for lock!
[13:40:26] Player ([ISG] Nescau, 76561198440552318)(<7334.615234, 81.730453, 12396.931641>) requested data for lock!
[13:40:26] Player (luizredfield30, 76561198008639541)(<7334.545410, 81.730453, 12396.727539>) requested data for lock!
[13:40:26] Player (luizredfield30, 76561198008639541)(<7334.615234, 81.730453, 12396.931641>) requested data for lock!
[13:40:26] Player (luizredfield30, 76561198008639541)(<7334.517578, 83.857002, 12397.041992>) requested data for lock!
[13:40:26] Player ([ISG] Nescau, 76561198440552318)(<7334.517578, 83.857002, 12397.041992>) requested data for lock!
[13:40:26] Player (luizredfield30, 76561198008639541)(<7334.590332, 81.730453, 12397.067383>) requested data for lock!
[13:40:26] Player ([ISG] Nescau, 76561198440552318)(<7334.590332, 81.730453, 12397.067383>) requested data for lock!
[13:40:30] Player (luizredfield30, 76561198008639541)(<7355.947266, 84.361282, 12388.909180>) requested data for lock!
[13:40:30] Player (luizredfield30, 76561198008639541)(<7355.812500, 81.730453, 12388.950195>) requested data for lock!
[13:40:30] Player ([ISG] Nescau, 76561198440552318)(<7355.947266, 84.361282, 12388.909180>) requested data for lock!
[13:40:30] Player ([ISG] Nescau, 76561198440552318)(<7355.812500, 81.730453, 12388.950195>) requested data for lock!
[13:40:30] Player (luizredfield30, 76561198008639541)(<7355.576172, 81.730453, 12388.914063>) requested data for lock!
[13:40:30] Player ([ISG] Nescau, 76561198440552318)(<7355.576172, 81.730453, 12388.914063>) requested data for lock!
[13:49:12] Player (HighTechTerror, 76561197972187582)(<6044.596680, 34.846451, 10431.335938>) requested data for lock!
[13:49:15] Player (HighTechTerror, 76561197972187582)(<6042.112793, 34.846451, 10435.593750>) requested data for lock!
[13:49:16] Player (AssGasket, 76561197974341881)(<6044.596680, 34.846451, 10431.335938>) requested data for lock!
[13:49:19] Player (AssGasket, 76561197974341881)(<6042.112793, 34.846451, 10435.593750>) requested data for lock!
[13:49:34] Player (Scorpion, 76561197993341683)(<6044.596680, 34.846451, 10431.335938>) requested data for lock!
[13:49:36] Player (Scorpion, 76561197993341683)(<6042.112793, 34.846451, 10435.593750>) requested data for lock!
[13:56:03] Player (HighTechTerror, 76561197972187582)(<6044.596680, 34.846451, 10431.335938>) requested data for lock!
[13:56:03] Player (HighTechTerror, 76561197972187582)(<6042.112793, 34.846451, 10435.593750>) requested data for lock!
[13:56:03] Player (AssGasket, 76561197974341881)(<6044.596680, 34.846451, 10431.335938>) requested data for lock!
[13:56:04] Player (AssGasket, 76561197974341881)(<6042.112793, 34.846451, 10435.593750>) requested data for lock!
[13:56:04] Player (Scorpion, 76561197993341683)(<6044.596680, 34.846451, 10431.335938>) requested data for lock!
[13:56:05] Player (Scorpion, 76561197993341683)(<6042.112793, 34.846451, 10435.593750>) requested data for lock!
[14:07:23] Player (koril, 76561197969243293)(<9317.154297, 54.329174, 13091.982422>) requested data for lock!
[14:07:23] Player (koril, 76561197969243293)(<9318.663086, 54.329174, 13091.610352>) requested data for lock!
[14:07:23] Player (koril, 76561197969243293)(<9316.858398, 54.329174, 13092.093750>) requested data for lock!
[14:11:07] Player (koril, 76561197969243293)(<9317.154297, 54.329174, 13091.982422>) requested data for lock!
[14:11:07] Player (koril, 76561197969243293)(<9318.663086, 54.329174, 13091.610352>) requested data for lock!
[14:11:07] Player (koril, 76561197969243293)(<9316.858398, 54.329174, 13092.093750>) requested data for lock!
[14:16:16] Player ([ISG] Nescau, 76561198440552318)(<7334.545410, 81.730453, 12396.727539>) requested data for lock!
[14:16:16] Player (luizredfield30, 76561198008639541)(<7334.545410, 81.730453, 12396.727539>) requested data for lock!
[14:16:18] Player (koril, 76561197969243293)(<9317.154297, 54.329174, 13091.982422>) requested data for lock!
[14:16:18] Player (koril, 76561197969243293)(<9318.663086, 54.329174, 13091.610352>) requested data for lock!
[14:16:18] Player (koril, 76561197969243293)(<9316.858398, 54.329174, 13092.093750>) requested data for lock!
[14:16:22] Player ([ISG] Nescau, 76561198440552318)(<7334.615234, 81.730453, 12396.931641>) requested data for lock!
[14:16:22] Player (luizredfield30, 76561198008639541)(<7334.615234, 81.730453, 12396.931641>) requested data for lock!
[14:16:31] Player ([ISG] Nescau, 76561198440552318)(<7334.590332, 81.730453, 12397.067383>) requested data for lock!
[14:16:31] Player (luizredfield30, 76561198008639541)(<7334.590332, 81.730453, 12397.067383>) requested data for lock!
[14:18:23] Player (koril, 76561197969243293)(<9317.154297, 54.329174, 13091.982422>) requested data for lock!
[14:18:23] Player (koril, 76561197969243293)(<9316.858398, 54.329174, 13092.093750>) requested data for lock!
[14:25:38] Player (koril, 76561197969243293)(<9481.520508, 95.982422, 10884.832031>) requested data for lock!
[14:32:44] Player (spamin8r, 76561197975275353)(<11127.880859, 106.702026, 9501.662109>) requested data for lock!
[14:39:13] Player (spamin8r, 76561197975275353)(<9481.520508, 95.982422, 10884.832031>) requested data for lock!
[14:40:25] Player (Kurdish Space Monkey, 76561198085909974)(<9481.520508, 95.982422, 10884.832031>) requested data for lock!
[14:44:39] Player (Sk3tch, 76561199350668750)(<9317.154297, 54.329174, 13091.982422>) requested data for lock!
[14:44:39] Player (Sk3tch, 76561199350668750)(<9318.663086, 54.329174, 13091.610352>) requested data for lock!
[14:44:39] Player (Sk3tch, 76561199350668750)(<9316.858398, 54.329174, 13092.093750>) requested data for lock!
[14:46:36] Player (spamin8r, 76561197975275353)(<11127.880859, 106.702026, 9501.662109>) requested data for lock!
[14:52:44] Player (Scorpion, 76561197993341683)(<7626.640137, 10.043794, 8539.677734>) requested data for lock!
[14:52:46] Player (Scorpion, 76561197993341683)(<7631.311035, 12.787427, 8534.870117>) requested data for lock!
[14:58:35] Player (spamin8r, 76561197975275353)(<9481.520508, 95.982422, 10884.832031>) requested data for lock!
[15:09:47] Player (AssGasket, 76561197974341881)(<9481.520508, 95.982422, 10884.832031>) requested data for lock!
[15:09:51] Player (HighTechTerror, 76561197972187582)(<9481.520508, 95.982422, 10884.832031>) requested data for lock!
[15:10:09] Player (Scorpion, 76561197993341683)(<9481.520508, 95.982422, 10884.832031>) requested data for lock!
[15:12:26] Player (spamin8r, 76561197975275353)(<9481.520508, 95.982422, 10884.832031>) requested data for lock!
[15:22:39] Player (Scorpion, 76561197993341683)(<11127.880859, 106.702026, 9501.662109>) requested data for lock!
[15:22:42] Player (HighTechTerror, 76561197972187582)(<11127.880859, 106.702026, 9501.662109>) requested data for lock!
[15:22:43] Player (AssGasket, 76561197974341881)(<11127.880859, 106.702026, 9501.662109>) requested data for lock!
[15:22:47] Player (spamin8r, 76561197975275353)(<11127.880859, 106.702026, 9501.662109>) requested data for lock!
[15:29:17] Player (spamin8r, 76561197975275353)(<9481.520508, 95.982422, 10884.832031>) requested data for lock!
[15:29:18] Player (Scorpion, 76561197993341683)(<9481.520508, 95.982422, 10884.832031>) requested data for lock!
[15:29:18] Player (HighTechTerror, 76561197972187582)(<9481.520508, 95.982422, 10884.832031>) requested data for lock!
[15:29:24] Player (AssGasket, 76561197974341881)(<9481.520508, 95.982422, 10884.832031>) requested data for lock!
[15:31:03] Player (HighTechTerror, 76561197972187582)(<11127.880859, 106.702026, 9501.662109>) requested data for lock!
[15:31:05] Player (spamin8r, 76561197975275353)(<11127.880859, 106.702026, 9501.662109>) requested data for lock!
[15:31:08] Player (AssGasket, 76561197974341881)(<11127.880859, 106.702026, 9501.662109>) requested data for lock!
[15:31:09] Player (Scorpion, 76561197993341683)(<11127.880859, 106.702026, 9501.662109>) requested data for lock!
[15:38:31] Player ([ISG] Nescau, 76561198440552318)(<7334.545410, 81.730453, 12396.727539>) requested data for lock!
[15:38:31] Player ([ISG] Nescau, 76561198440552318)(<7355.947266, 84.361282, 12388.909180>) requested data for lock!
[15:38:31] Player ([ISG] Nescau, 76561198440552318)(<7355.812500, 81.730453, 12388.950195>) requested data for lock!
[15:38:31] Player ([ISG] Nescau, 76561198440552318)(<7334.615234, 81.730453, 12396.931641>) requested data for lock!
[15:38:31] Player ([ISG] Nescau, 76561198440552318)(<7355.576172, 81.730453, 12388.914063>) requested data for lock!
[15:38:31] Player ([ISG] Nescau, 76561198440552318)(<7334.517578, 83.857002, 12397.041992>) requested data for lock!
[15:38:31] Player ([ISG] Nescau, 76561198440552318)(<7334.590332, 81.730453, 12397.067383>) requested data for lock!
[15:43:30] Player (Draco, 76561198302078718)(<4870.733887, 5.627413, 11321.759766>) requested data for lock!
[15:43:30] Player (Draco, 76561198302078718)(<4860.642578, 5.412148, 11283.935547>) requested data for lock!
[15:52:51] Player (Armando, 76561198032779089)(<5746.929199, 70.849586, 8893.775391>) requested data for lock!
[16:04:09] Player ([ISG] Nescau, 76561198440552318)(<7334.545410, 81.730453, 12396.727539>) requested data for lock!
[16:04:10] Player ([ISG] Nescau, 76561198440552318)(<7355.947266, 84.361282, 12388.909180>) requested data for lock!
[16:04:10] Player ([ISG] Nescau, 76561198440552318)(<7355.812500, 81.730453, 12388.950195>) requested data for lock!
[16:04:10] Player ([ISG] Nescau, 76561198440552318)(<7334.615234, 81.730453, 12396.931641>) requested data for lock!
[16:04:10] Player ([ISG] Nescau, 76561198440552318)(<7355.576172, 81.730453, 12388.914063>) requested data for lock!
[16:04:10] Player ([ISG] Nescau, 76561198440552318)(<7334.517578, 83.857002, 12397.041992>) requested data for lock!
[16:04:11] Player ([ISG] Nescau, 76561198440552318)(<7334.590332, 81.730453, 12397.067383>) requested data for lock!
[16:05:07] Player ([GDF] BAL4COBACO, 76561198296387027)(<7334.545410, 81.730453, 12396.727539>) requested data for lock!
[16:05:07] Player ([GDF] BAL4COBACO, 76561198296387027)(<7355.947266, 84.361282, 12388.909180>) requested data for lock!
[16:05:07] Player ([GDF] BAL4COBACO, 76561198296387027)(<7355.812500, 81.730453, 12388.950195>) requested data for lock!
[16:05:07] Player ([GDF] BAL4COBACO, 76561198296387027)(<7334.615234, 81.730453, 12396.931641>) requested data for lock!
[16:05:07] Player ([GDF] BAL4COBACO, 76561198296387027)(<7355.576172, 81.730453, 12388.914063>) requested data for lock!
[16:05:07] Player ([GDF] BAL4COBACO, 76561198296387027)(<7334.517578, 83.857002, 12397.041992>) requested data for lock!
[16:05:07] Player ([GDF] BAL4COBACO, 76561198296387027)(<7334.590332, 81.730453, 12397.067383>) requested data for lock!
[16:09:55] Player (AssGasket, 76561197974341881)(<7241.480957, 3.950430, 7825.958984>) requested data for lock!
[16:09:58] Player (AssGasket, 76561197974341881)(<7244.721680, 3.842066, 7828.232910>) requested data for lock!
[16:10:00] Player (AssGasket, 76561197974341881)(<7224.133301, 10.915239, 7848.691406>) requested data for lock!
[16:10:03] Player (Scorpion, 76561197993341683)(<7241.480957, 3.950430, 7825.958984>) requested data for lock!
[16:10:05] Player (Scorpion, 76561197993341683)(<7244.721680, 3.842066, 7828.232910>) requested data for lock!
[16:10:08] Player (spamin8r, 76561197975275353)(<7241.480957, 3.950430, 7825.958984>) requested data for lock!
[16:10:10] Player (Scorpion, 76561197993341683)(<7224.133301, 10.915239, 7848.691406>) requested data for lock!
[16:10:11] Player (spamin8r, 76561197975275353)(<7244.721680, 3.842066, 7828.232910>) requested data for lock!
[16:10:13] Player (HighTechTerror, 76561197972187582)(<7244.721680, 3.842066, 7828.232910>) requested data for lock!
[16:10:13] Player (HighTechTerror, 76561197972187582)(<7241.480957, 3.950430, 7825.958984>) requested data for lock!
[16:10:16] Player (spamin8r, 76561197975275353)(<7224.133301, 10.915239, 7848.691406>) requested data for lock!
[16:10:18] Player (HighTechTerror, 76561197972187582)(<7224.133301, 10.915239, 7848.691406>) requested data for lock!
[16:13:46] Player (Draco, 76561198302078718)(<6042.112793, 34.846451, 10435.593750>) requested data for lock!
[16:13:46] Player (Draco, 76561198302078718)(<6044.596680, 34.846451, 10431.335938>) requested data for lock!
[16:31:32] Player (spamin8r, 76561197975275353)(<7626.640137, 10.043794, 8539.677734>) requested data for lock!
[16:31:32] Player (spamin8r, 76561197975275353)(<7631.311035, 12.787427, 8534.870117>) requested data for lock!
[16:31:42] Player (AssGasket, 76561197974341881)(<7631.311035, 12.787427, 8534.870117>) requested data for lock!
[16:31:48] Player (AssGasket, 76561197974341881)(<7626.640137, 10.043794, 8539.677734>) requested data for lock!
[16:31:48] Player (AssGasket, 76561197974341881)(<7631.311035, 12.787427, 8534.870117>) requested data for lock!
[16:35:30] Player (Scorpion, 76561197993341683)(<7626.640137, 10.043794, 8539.677734>) requested data for lock!
[16:35:30] Player (Scorpion, 76561197993341683)(<7631.311035, 12.787427, 8534.870117>) requested data for lock!
[16:36:25] Player (HighTechTerror, 76561197972187582)(<7626.640137, 10.043794, 8539.677734>) requested data for lock!
[16:36:25] Player (HighTechTerror, 76561197972187582)(<7631.311035, 12.787427, 8534.870117>) requested data for lock!
[16:36:51] Player (AssGasket, 76561197974341881)(<7626.640137, 10.043794, 8539.677734>) requested data for lock!
[16:36:51] Player (AssGasket, 76561197974341881)(<7631.311035, 12.787427, 8534.870117>) requested data for lock!
[16:37:03] Player (AssGasket, 76561197974341881)(<7626.640137, 10.043794, 8539.677734>) requested data for lock!
[16:37:03] Player (AssGasket, 76561197974341881)(<7631.311035, 12.787427, 8534.870117>) requested data for lock!
[16:37:54] Player (Scorpion, 76561197993341683)(<7626.640137, 10.043794, 8539.677734>) requested data for lock!
[16:37:54] Player (Scorpion, 76561197993341683)(<7631.311035, 12.787427, 8534.870117>) requested data for lock!
[16:37:56] Player (spamin8r, 76561197975275353)(<7626.640137, 10.043794, 8539.677734>) requested data for lock!
[16:37:57] Player (spamin8r, 76561197975275353)(<7631.311035, 12.787427, 8534.870117>) requested data for lock!
[16:39:13] Player (spamin8r, 76561197975275353)(<7626.640137, 10.043794, 8539.677734>) requested data for lock!
[16:39:13] Player (spamin8r, 76561197975275353)(<7631.311035, 12.787427, 8534.870117>) requested data for lock!
[16:39:35] Player (HighTechTerror, 76561197972187582)(<7626.640137, 10.043794, 8539.677734>) requested data for lock!
[16:39:36] Player (HighTechTerror, 76561197972187582)(<7631.311035, 12.787427, 8534.870117>) requested data for lock!
[16:40:48] Player (spamin8r, 76561197975275353)(<7631.311035, 12.787427, 8534.870117>) requested data for lock!
[16:40:49] Player (spamin8r, 76561197975275353)(<7626.640137, 10.043794, 8539.677734>) requested data for lock!
[16:41:44] Player (spamin8r, 76561197975275353)(<7631.311035, 12.787427, 8534.870117>) requested data for lock!
[16:41:47] Player (spamin8r, 76561197975275353)(<7626.640137, 10.043794, 8539.677734>) requested data for lock!
[16:41:47] Player (spamin8r, 76561197975275353)(<7631.311035, 12.787427, 8534.870117>) requested data for lock!
[16:53:18] Player (spamin8r, 76561197975275353)(<7244.721680, 3.842066, 7828.232910>) requested data for lock!
[16:53:18] Player (spamin8r, 76561197975275353)(<7241.480957, 3.950430, 7825.958984>) requested data for lock!
[16:53:18] Player (spamin8r, 76561197975275353)(<7224.133301, 10.915239, 7848.691406>) requested data for lock!
[12-15-2024][17.00.25] Log file reloaded ( Server Restart )
[17:00:56] Player (spamin8r, 76561197975275353)(<7241.480957, 3.950430, 7825.958984>) requested data for lock!
[17:00:56] Player (spamin8r, 76561197975275353)(<7224.133301, 10.915239, 7848.691406>) requested data for lock!
[17:00:56] Player (spamin8r, 76561197975275353)(<7244.721680, 3.842066, 7828.232910>) requested data for lock!
[17:01:04] Player (HighTechTerror, 76561197972187582)(<7241.480957, 3.950430, 7825.958984>) requested data for lock!
[17:01:04] Player (HighTechTerror, 76561197972187582)(<7224.133301, 10.915239, 7848.691406>) requested data for lock!
[17:01:04] Player (HighTechTerror, 76561197972187582)(<7244.721680, 3.842066, 7828.232910>) requested data for lock!
[17:38:00] Player (Sk3tch, 76561199350668750)(<9316.858398, 54.329174, 13092.093750>) requested data for lock!
[17:38:00] Player (Sk3tch, 76561199350668750)(<9317.154297, 54.329174, 13091.982422>) requested data for lock!
[17:38:00] Player (Sk3tch, 76561199350668750)(<9318.663086, 54.329174, 13091.610352>) requested data for lock!
[17:50:20] Player (luizredfield30, 76561198008639541)(<7334.545410, 81.730453, 12396.727539>) requested data for lock!
[17:50:20] Player (luizredfield30, 76561198008639541)(<7355.812500, 81.730453, 12388.950195>) requested data for lock!
[17:50:20] Player (luizredfield30, 76561198008639541)(<7334.590332, 81.730453, 12397.067383>) requested data for lock!
[17:50:20] Player (luizredfield30, 76561198008639541)(<7355.576172, 81.730453, 12388.914063>) requested data for lock!
[17:50:20] Player (luizredfield30, 76561198008639541)(<7334.615234, 81.730453, 12396.931641>) requested data for lock!
[17:50:20] Player (luizredfield30, 76561198008639541)(<7355.947266, 84.361282, 12388.909180>) requested data for lock!
[17:50:20] Player (luizredfield30, 76561198008639541)(<7334.517578, 83.857002, 12397.041992>) requested data for lock!
[17:56:33] Player (luizredfield30, 76561198008639541)(<7355.454102, 81.730453, 12388.909180>) requested data for lock!
[17:58:17] Player ([ISG] Nescau, 76561198440552318)(<7334.545410, 81.730453, 12396.727539>) requested data for lock!
[17:58:17] Player ([ISG] Nescau, 76561198440552318)(<7355.454102, 81.730453, 12388.909180>) requested data for lock!
[17:58:17] Player ([ISG] Nescau, 76561198440552318)(<7355.812500, 81.730453, 12388.950195>) requested data for lock!
[17:58:17] Player ([ISG] Nescau, 76561198440552318)(<7334.590332, 81.730453, 12397.067383>) requested data for lock!
[17:58:17] Player ([ISG] Nescau, 76561198440552318)(<7355.576172, 81.730453, 12388.914063>) requested data for lock!
[17:58:17] Player ([ISG] Nescau, 76561198440552318)(<7334.615234, 81.730453, 12396.931641>) requested data for lock!
[17:58:17] Player ([ISG] Nescau, 76561198440552318)(<7355.947266, 84.361282, 12388.909180>) requested data for lock!
[17:58:17] Player ([ISG] Nescau, 76561198440552318)(<7334.517578, 83.857002, 12397.041992>) requested data for lock!
[18:08:57] Player (Crashfool, 76561198289145406)(<11127.880859, 106.702026, 9501.662109>) requested data for lock!
[18:21:34] Player ([GDF] BAL4COBACO, 76561198296387027)(<7334.545410, 81.730453, 12396.727539>) requested data for lock!
[18:21:34] Player ([GDF] BAL4COBACO, 76561198296387027)(<7355.454102, 81.730453, 12388.909180>) requested data for lock!
[18:21:34] Player ([GDF] BAL4COBACO, 76561198296387027)(<7355.812500, 81.730453, 12388.950195>) requested data for lock!
[18:21:34] Player ([GDF] BAL4COBACO, 76561198296387027)(<7334.590332, 81.730453, 12397.067383>) requested data for lock!
[18:21:34] Player ([GDF] BAL4COBACO, 76561198296387027)(<7355.576172, 81.730453, 12388.914063>) requested data for lock!
[18:21:34] Player ([GDF] BAL4COBACO, 76561198296387027)(<7334.615234, 81.730453, 12396.931641>) requested data for lock!
[18:21:34] Player ([GDF] BAL4COBACO, 76561198296387027)(<7355.947266, 84.361282, 12388.909180>) requested data for lock!
[18:21:34] Player ([GDF] BAL4COBACO, 76561198296387027)(<7334.517578, 83.857002, 12397.041992>) requested data for lock!
[18:24:02] Player ([GDF] BAL4COBACO, 76561198296387027)(<7355.248535, 81.730453, 12388.920898>) requested data for lock!
[18:24:02] Player (luizredfield30, 76561198008639541)(<7355.248535, 81.730453, 12388.920898>) requested data for lock!
[18:35:10] Player ([ISG] Nescau, 76561198440552318)(<7334.545410, 81.730453, 12396.727539>) requested data for lock!
[18:35:10] Player ([ISG] Nescau, 76561198440552318)(<7355.454102, 81.730453, 12388.909180>) requested data for lock!
[18:35:10] Player ([ISG] Nescau, 76561198440552318)(<7355.812500, 81.730453, 12388.950195>) requested data for lock!
[18:35:10] Player ([ISG] Nescau, 76561198440552318)(<7355.248535, 81.730453, 12388.920898>) requested data for lock!
[18:35:10] Player ([ISG] Nescau, 76561198440552318)(<7334.590332, 81.730453, 12397.067383>) requested data for lock!
[18:35:10] Player ([ISG] Nescau, 76561198440552318)(<7355.576172, 81.730453, 12388.914063>) requested data for lock!
[18:35:10] Player ([ISG] Nescau, 76561198440552318)(<7334.615234, 81.730453, 12396.931641>) requested data for lock!
[18:35:10] Player ([ISG] Nescau, 76561198440552318)(<7355.947266, 84.361282, 12388.909180>) requested data for lock!
[18:35:10] Player ([ISG] Nescau, 76561198440552318)(<7334.517578, 83.857002, 12397.041992>) requested data for lock!
[18:43:11] Player ([GDF] BAL4COBACO, 76561198296387027)(<4870.733887, 5.627413, 11321.759766>) requested data for lock!
[18:43:11] Player ([ISG] Nescau, 76561198440552318)(<4870.733887, 5.627413, 11321.759766>) requested data for lock!
[18:43:11] Player (luizredfield30, 76561198008639541)(<4870.733887, 5.627413, 11321.759766>) requested data for lock!
[18:43:13] Player ([GDF] BAL4COBACO, 76561198296387027)(<4860.642578, 5.412148, 11283.935547>) requested data for lock!
[18:43:13] Player ([ISG] Nescau, 76561198440552318)(<4860.642578, 5.412148, 11283.935547>) requested data for lock!
[18:43:13] Player (luizredfield30, 76561198008639541)(<4860.642578, 5.412148, 11283.935547>) requested data for lock!
[18:43:42] Player (Crashfool, 76561198289145406)(<9481.520508, 95.982422, 10884.832031>) requested data for lock!
[18:44:50] Player ([ISG] Nescau, 76561198440552318)(<6042.112793, 34.846451, 10435.593750>) requested data for lock!
[18:44:50] Player ([GDF] BAL4COBACO, 76561198296387027)(<6044.596680, 34.846451, 10431.335938>) requested data for lock!
[18:44:50] Player ([GDF] BAL4COBACO, 76561198296387027)(<6042.112793, 34.846451, 10435.593750>) requested data for lock!
[18:44:50] Player (luizredfield30, 76561198008639541)(<6044.596680, 34.846451, 10431.335938>) requested data for lock!
[18:44:50] Player (luizredfield30, 76561198008639541)(<6042.112793, 34.846451, 10435.593750>) requested data for lock!
[18:44:51] Player ([ISG] Nescau, 76561198440552318)(<6044.596680, 34.846451, 10431.335938>) requested data for lock!
[18:46:21] Player (Draco, 76561198302078718)(<6044.596680, 34.846451, 10431.335938>) requested data for lock!
[18:46:21] Player (Draco, 76561198302078718)(<6042.112793, 34.846451, 10435.593750>) requested data for lock!
[18:47:20] Player ([GDF] BAL4COBACO, 76561198296387027)(<6044.596680, 34.846451, 10431.335938>) requested data for lock!
[18:47:20] Player ([GDF] BAL4COBACO, 76561198296387027)(<6042.112793, 34.846451, 10435.593750>) requested data for lock!
[18:47:20] Player ([ISG] Nescau, 76561198440552318)(<6044.596680, 34.846451, 10431.335938>) requested data for lock!
[18:47:20] Player ([ISG] Nescau, 76561198440552318)(<6042.112793, 34.846451, 10435.593750>) requested data for lock!
[18:47:21] Player (luizredfield30, 76561198008639541)(<6044.596680, 34.846451, 10431.335938>) requested data for lock!
[18:47:21] Player (luizredfield30, 76561198008639541)(<6042.112793, 34.846451, 10435.593750>) requested data for lock!
[18:47:22] Player (Draco, 76561198302078718)(<4860.642578, 5.412148, 11283.935547>) requested data for lock!
[18:47:25] Player (Draco, 76561198302078718)(<4870.733887, 5.627413, 11321.759766>) requested data for lock!
[18:48:12] Player ([GDF] BAL4COBACO, 76561198296387027)(<4860.642578, 5.412148, 11283.935547>) requested data for lock!
[18:48:12] Player (luizredfield30, 76561198008639541)(<4860.642578, 5.412148, 11283.935547>) requested data for lock!
[18:48:12] Player ([ISG] Nescau, 76561198440552318)(<4860.642578, 5.412148, 11283.935547>) requested data for lock!
[18:48:14] Player ([GDF] BAL4COBACO, 76561198296387027)(<4870.733887, 5.627413, 11321.759766>) requested data for lock!
[18:48:14] Player (luizredfield30, 76561198008639541)(<4870.733887, 5.627413, 11321.759766>) requested data for lock!
[18:48:14] Player ([ISG] Nescau, 76561198440552318)(<4870.733887, 5.627413, 11321.759766>) requested data for lock!
[18:51:11] Player ([GDF] BAL4COBACO, 76561198296387027)(<7334.545410, 81.730453, 12396.727539>) requested data for lock!
[18:51:11] Player ([GDF] BAL4COBACO, 76561198296387027)(<7334.590332, 81.730453, 12397.067383>) requested data for lock!
[18:51:11] Player ([GDF] BAL4COBACO, 76561198296387027)(<7334.615234, 81.730453, 12396.931641>) requested data for lock!
[18:51:11] Player ([GDF] BAL4COBACO, 76561198296387027)(<7334.517578, 83.857002, 12397.041992>) requested data for lock!
[18:51:11] Player ([ISG] Nescau, 76561198440552318)(<7334.545410, 81.730453, 12396.727539>) requested data for lock!
[18:51:11] Player ([ISG] Nescau, 76561198440552318)(<7334.590332, 81.730453, 12397.067383>) requested data for lock!
[18:51:11] Player ([ISG] Nescau, 76561198440552318)(<7334.615234, 81.730453, 12396.931641>) requested data for lock!
[18:51:11] Player ([ISG] Nescau, 76561198440552318)(<7334.517578, 83.857002, 12397.041992>) requested data for lock!
[18:51:11] Player (luizredfield30, 76561198008639541)(<7334.545410, 81.730453, 12396.727539>) requested data for lock!
[18:51:11] Player (luizredfield30, 76561198008639541)(<7334.590332, 81.730453, 12397.067383>) requested data for lock!
[18:51:11] Player (luizredfield30, 76561198008639541)(<7334.615234, 81.730453, 12396.931641>) requested data for lock!
[18:51:11] Player (luizredfield30, 76561198008639541)(<7334.517578, 83.857002, 12397.041992>) requested data for lock!
[18:51:13] Player (luizredfield30, 76561198008639541)(<7355.454102, 81.730453, 12388.909180>) requested data for lock!
[18:51:13] Player ([GDF] BAL4COBACO, 76561198296387027)(<7355.454102, 81.730453, 12388.909180>) requested data for lock!
[18:51:13] Player (luizredfield30, 76561198008639541)(<7355.812500, 81.730453, 12388.950195>) requested data for lock!
[18:51:13] Player ([GDF] BAL4COBACO, 76561198296387027)(<7355.812500, 81.730453, 12388.950195>) requested data for lock!
[18:51:13] Player (luizredfield30, 76561198008639541)(<7355.248535, 81.730453, 12388.920898>) requested data for lock!
[18:51:13] Player ([GDF] BAL4COBACO, 76561198296387027)(<7355.248535, 81.730453, 12388.920898>) requested data for lock!
[18:51:13] Player ([ISG] Nescau, 76561198440552318)(<7355.454102, 81.730453, 12388.909180>) requested data for lock!
[18:51:13] Player ([ISG] Nescau, 76561198440552318)(<7355.812500, 81.730453, 12388.950195>) requested data for lock!
[18:51:13] Player ([ISG] Nescau, 76561198440552318)(<7355.248535, 81.730453, 12388.920898>) requested data for lock!
[18:51:13] Player ([ISG] Nescau, 76561198440552318)(<7355.576172, 81.730453, 12388.914063>) requested data for lock!
[18:51:13] Player ([GDF] BAL4COBACO, 76561198296387027)(<7355.576172, 81.730453, 12388.914063>) requested data for lock!
[18:51:13] Player ([GDF] BAL4COBACO, 76561198296387027)(<7355.947266, 84.361282, 12388.909180>) requested data for lock!
[18:51:13] Player ([ISG] Nescau, 76561198440552318)(<7355.947266, 84.361282, 12388.909180>) requested data for lock!
[18:51:13] Player (luizredfield30, 76561198008639541)(<7355.576172, 81.730453, 12388.914063>) requested data for lock!
[18:51:13] Player (luizredfield30, 76561198008639541)(<7355.947266, 84.361282, 12388.909180>) requested data for lock!
[18:52:23] Player (luizredfield30, 76561198008639541)(<7334.545410, 81.730453, 12396.727539>) requested data for lock!
[18:52:23] Player (luizredfield30, 76561198008639541)(<7334.590332, 81.730453, 12397.067383>) requested data for lock!
[18:52:23] Player (luizredfield30, 76561198008639541)(<7334.615234, 81.730453, 12396.931641>) requested data for lock!
[18:52:24] Player (luizredfield30, 76561198008639541)(<7334.517578, 83.857002, 12397.041992>) requested data for lock!
[18:52:26] Player (luizredfield30, 76561198008639541)(<7355.454102, 81.730453, 12388.909180>) requested data for lock!
[18:52:26] Player (luizredfield30, 76561198008639541)(<7355.812500, 81.730453, 12388.950195>) requested data for lock!
[18:52:26] Player (luizredfield30, 76561198008639541)(<7355.248535, 81.730453, 12388.920898>) requested data for lock!
[18:52:26] Player (luizredfield30, 76561198008639541)(<7355.576172, 81.730453, 12388.914063>) requested data for lock!
[18:52:26] Player (luizredfield30, 76561198008639541)(<7355.947266, 84.361282, 12388.909180>) requested data for lock!
[18:53:19] Player (Crashfool, 76561198289145406)(<9481.520508, 95.982422, 10884.832031>) requested data for lock!
[18:53:53] Player (Crashfool, 76561198289145406)(<9481.520508, 95.982422, 10884.832031>) requested data for lock!
[18:55:06] Player (Crashfool, 76561198289145406)(<9481.520508, 95.982422, 10884.832031>) requested data for lock!
[19:00:23] Player ([ISG] Nescau, 76561198440552318)(<7355.454102, 81.730453, 12388.909180>) requested data for lock!
[19:00:23] Player ([ISG] Nescau, 76561198440552318)(<7355.812500, 81.730453, 12388.950195>) requested data for lock!
[19:00:23] Player ([ISG] Nescau, 76561198440552318)(<7355.248535, 81.730453, 12388.920898>) requested data for lock!
[19:00:23] Player ([ISG] Nescau, 76561198440552318)(<7355.576172, 81.730453, 12388.914063>) requested data for lock!
[19:00:23] Player ([ISG] Nescau, 76561198440552318)(<7355.947266, 84.361282, 12388.909180>) requested data for lock!
[19:05:24] Player (brysonZ28, 76561198412009942)(<5746.929199, 70.849586, 8893.775391>) requested data for lock!
[19:05:25] Player (sans, 76561199229421873)(<5746.929199, 70.849586, 8893.775391>) requested data for lock!
[19:05:42] Player (Crashfool, 76561198289145406)(<9316.858398, 54.329174, 13092.093750>) requested data for lock!
[19:05:42] Player (Crashfool, 76561198289145406)(<9317.154297, 54.329174, 13091.982422>) requested data for lock!
[19:05:42] Player (Crashfool, 76561198289145406)(<9318.663086, 54.329174, 13091.610352>) requested data for lock!
[19:06:06] Player ([GDF] BAL4COBACO, 76561198296387027)(<7355.454102, 81.730453, 12388.909180>) requested data for lock!
[19:06:06] Player ([GDF] BAL4COBACO, 76561198296387027)(<7355.812500, 81.730453, 12388.950195>) requested data for lock!
[19:06:06] Player ([GDF] BAL4COBACO, 76561198296387027)(<7355.248535, 81.730453, 12388.920898>) requested data for lock!
[19:06:06] Player ([GDF] BAL4COBACO, 76561198296387027)(<7355.576172, 81.730453, 12388.914063>) requested data for lock!
[19:06:06] Player ([GDF] BAL4COBACO, 76561198296387027)(<7355.947266, 84.361282, 12388.909180>) requested data for lock!
[19:07:22] Player (luizredfield30, 76561198008639541)(<7334.545410, 81.730453, 12396.727539>) requested data for lock!
[19:07:22] Player (luizredfield30, 76561198008639541)(<7334.590332, 81.730453, 12397.067383>) requested data for lock!
[19:07:22] Player (luizredfield30, 76561198008639541)(<7334.615234, 81.730453, 12396.931641>) requested data for lock!
[19:07:22] Player ([ISG] Nescau, 76561198440552318)(<7334.545410, 81.730453, 12396.727539>) requested data for lock!
[19:07:22] Player (luizredfield30, 76561198008639541)(<7334.517578, 83.857002, 12397.041992>) requested data for lock!
[19:07:22] Player ([ISG] Nescau, 76561198440552318)(<7334.590332, 81.730453, 12397.067383>) requested data for lock!
[19:07:22] Player ([ISG] Nescau, 76561198440552318)(<7334.615234, 81.730453, 12396.931641>) requested data for lock!
[19:07:22] Player ([ISG] Nescau, 76561198440552318)(<7334.517578, 83.857002, 12397.041992>) requested data for lock!
[19:07:24] Player (luizredfield30, 76561198008639541)(<7355.454102, 81.730453, 12388.909180>) requested data for lock!
[19:07:24] Player (luizredfield30, 76561198008639541)(<7355.812500, 81.730453, 12388.950195>) requested data for lock!
[19:07:24] Player (luizredfield30, 76561198008639541)(<7355.248535, 81.730453, 12388.920898>) requested data for lock!
[19:07:24] Player (luizredfield30, 76561198008639541)(<7355.576172, 81.730453, 12388.914063>) requested data for lock!
[19:07:24] Player (luizredfield30, 76561198008639541)(<7355.947266, 84.361282, 12388.909180>) requested data for lock!
[19:07:24] Player ([ISG] Nescau, 76561198440552318)(<7355.454102, 81.730453, 12388.909180>) requested data for lock!
[19:07:24] Player ([ISG] Nescau, 76561198440552318)(<7355.812500, 81.730453, 12388.950195>) requested data for lock!
[19:07:25] Player ([ISG] Nescau, 76561198440552318)(<7355.248535, 81.730453, 12388.920898>) requested data for lock!
[19:07:25] Player ([ISG] Nescau, 76561198440552318)(<7355.576172, 81.730453, 12388.914063>) requested data for lock!
[19:07:25] Player ([ISG] Nescau, 76561198440552318)(<7355.947266, 84.361282, 12388.909180>) requested data for lock!
[19:07:27] Player (sans, 76561199229421873)(<7224.133301, 10.915239, 7848.691406>) requested data for lock!
[19:07:28] Player (brysonZ28, 76561198412009942)(<7224.133301, 10.915239, 7848.691406>) requested data for lock!
[19:07:28] Player (sans, 76561199229421873)(<7241.480957, 3.950430, 7825.958984>) requested data for lock!
[19:07:28] Player (brysonZ28, 76561198412009942)(<7241.480957, 3.950430, 7825.958984>) requested data for lock!
[19:07:28] Player (brysonZ28, 76561198412009942)(<7244.721680, 3.842066, 7828.232910>) requested data for lock!
[19:07:28] Player (sans, 76561199229421873)(<7244.721680, 3.842066, 7828.232910>) requested data for lock!
[19:08:16] Player (brysonZ28, 76561198412009942)(<7626.640137, 10.043794, 8539.677734>) requested data for lock!
[19:08:16] Player (brysonZ28, 76561198412009942)(<7631.311035, 12.787427, 8534.870117>) requested data for lock!
[19:08:16] Player (sans, 76561199229421873)(<7626.640137, 10.043794, 8539.677734>) requested data for lock!
[19:08:17] Player (sans, 76561199229421873)(<7631.311035, 12.787427, 8534.870117>) requested data for lock!
[19:10:03] Player (Draco, 76561198302078718)(<6042.112793, 34.846451, 10435.593750>) requested data for lock!
[19:10:04] Player (Draco, 76561198302078718)(<6044.596680, 34.846451, 10431.335938>) requested data for lock!
[19:10:05] Player ([ISG] Nescau, 76561198440552318)(<4870.733887, 5.627413, 11321.759766>) requested data for lock!
[19:10:05] Player (luizredfield30, 76561198008639541)(<4870.733887, 5.627413, 11321.759766>) requested data for lock!
[19:10:06] Player ([GDF] BAL4COBACO, 76561198296387027)(<4870.733887, 5.627413, 11321.759766>) requested data for lock!
[19:10:08] Player ([ISG] Nescau, 76561198440552318)(<4860.642578, 5.412148, 11283.935547>) requested data for lock!
[19:10:08] Player (luizredfield30, 76561198008639541)(<4860.642578, 5.412148, 11283.935547>) requested data for lock!
[19:10:08] Player ([GDF] BAL4COBACO, 76561198296387027)(<4860.642578, 5.412148, 11283.935547>) requested data for lock!
[19:11:42] Player ([ISG] Nescau, 76561198440552318)(<6044.596680, 34.846451, 10431.335938>) requested data for lock!
[19:11:42] Player ([ISG] Nescau, 76561198440552318)(<6042.112793, 34.846451, 10435.593750>) requested data for lock!
[19:11:42] Player (luizredfield30, 76561198008639541)(<6044.596680, 34.846451, 10431.335938>) requested data for lock!
[19:11:42] Player (luizredfield30, 76561198008639541)(<6042.112793, 34.846451, 10435.593750>) requested data for lock!
[19:11:42] Player ([GDF] BAL4COBACO, 76561198296387027)(<6044.596680, 34.846451, 10431.335938>) requested data for lock!
[19:11:42] Player ([GDF] BAL4COBACO, 76561198296387027)(<6042.112793, 34.846451, 10435.593750>) requested data for lock!
[19:13:28] Player (Draco, 76561198302078718)(<5746.929199, 70.849586, 8893.775391>) requested data for lock!
[19:14:22] Player (FreeRanger, 76561198035689928)(<7626.640137, 10.043794, 8539.677734>) requested data for lock!
[19:14:22] Player (FreeRanger, 76561198035689928)(<7241.480957, 3.950430, 7825.958984>) requested data for lock!
[19:14:22] Player (FreeRanger, 76561198035689928)(<7631.311035, 12.787427, 8534.870117>) requested data for lock!
[19:14:22] Player (FreeRanger, 76561198035689928)(<7224.133301, 10.915239, 7848.691406>) requested data for lock!
[19:14:22] Player (FreeRanger, 76561198035689928)(<7244.721680, 3.842066, 7828.232910>) requested data for lock!
[19:15:04] Player (Draco, 76561198302078718)(<7224.133301, 10.915239, 7848.691406>) requested data for lock!
[19:15:04] Player (Draco, 76561198302078718)(<7241.480957, 3.950430, 7825.958984>) requested data for lock!
[19:15:04] Player (Draco, 76561198302078718)(<7244.721680, 3.842066, 7828.232910>) requested data for lock!
[19:15:11] Player ([ISG] Nescau, 76561198440552318)(<5746.929199, 70.849586, 8893.775391>) requested data for lock!
[19:15:11] Player ([GDF] BAL4COBACO, 76561198296387027)(<5746.929199, 70.849586, 8893.775391>) requested data for lock!
[19:15:11] Player (luizredfield30, 76561198008639541)(<5746.929199, 70.849586, 8893.775391>) requested data for lock!
[19:15:41] Player (Draco, 76561198302078718)(<7626.640137, 10.043794, 8539.677734>) requested data for lock!
[19:15:41] Player (Draco, 76561198302078718)(<7631.311035, 12.787427, 8534.870117>) requested data for lock!
[19:17:05] Player ([GDF] BAL4COBACO, 76561198296387027)(<7224.133301, 10.915239, 7848.691406>) requested data for lock!
[19:17:06] Player ([ISG] Nescau, 76561198440552318)(<7224.133301, 10.915239, 7848.691406>) requested data for lock!
[19:17:06] Player (luizredfield30, 76561198008639541)(<7224.133301, 10.915239, 7848.691406>) requested data for lock!
[19:17:06] Player ([ISG] Nescau, 76561198440552318)(<7241.480957, 3.950430, 7825.958984>) requested data for lock!
[19:17:06] Player ([GDF] BAL4COBACO, 76561198296387027)(<7241.480957, 3.950430, 7825.958984>) requested data for lock!
[19:17:06] Player ([GDF] BAL4COBACO, 76561198296387027)(<7244.721680, 3.842066, 7828.232910>) requested data for lock!
[19:17:06] Player (luizredfield30, 76561198008639541)(<7241.480957, 3.950430, 7825.958984>) requested data for lock!
[19:17:06] Player ([ISG] Nescau, 76561198440552318)(<7244.721680, 3.842066, 7828.232910>) requested data for lock!
[19:17:06] Player (luizredfield30, 76561198008639541)(<7244.721680, 3.842066, 7828.232910>) requested data for lock!
[19:17:15] Player (sans, 76561199229421873)(<7626.640137, 10.043794, 8539.677734>) requested data for lock!
[19:17:15] Player (sans, 76561199229421873)(<7241.480957, 3.950430, 7825.958984>) requested data for lock!
[19:17:15] Player (sans, 76561199229421873)(<7631.311035, 12.787427, 8534.870117>) requested data for lock!
[19:17:15] Player (sans, 76561199229421873)(<7224.133301, 10.915239, 7848.691406>) requested data for lock!
[19:17:15] Player (sans, 76561199229421873)(<7244.721680, 3.842066, 7828.232910>) requested data for lock!
[19:18:05] Player ([GDF] BAL4COBACO, 76561198296387027)(<7626.640137, 10.043794, 8539.677734>) requested data for lock!
[19:18:05] Player ([ISG] Nescau, 76561198440552318)(<7626.640137, 10.043794, 8539.677734>) requested data for lock!
[19:18:05] Player ([GDF] BAL4COBACO, 76561198296387027)(<7631.311035, 12.787427, 8534.870117>) requested data for lock!
[19:18:05] Player ([ISG] Nescau, 76561198440552318)(<7631.311035, 12.787427, 8534.870117>) requested data for lock!
[19:18:05] Player (luizredfield30, 76561198008639541)(<7626.640137, 10.043794, 8539.677734>) requested data for lock!
[19:18:05] Player (luizredfield30, 76561198008639541)(<7631.311035, 12.787427, 8534.870117>) requested data for lock!
[19:19:30] Player (sans, 76561199229421873)(<7626.640137, 10.043794, 8539.677734>) requested data for lock!
[19:19:30] Player (sans, 76561199229421873)(<7241.480957, 3.950430, 7825.958984>) requested data for lock!
[19:19:30] Player (sans, 76561199229421873)(<7631.311035, 12.787427, 8534.870117>) requested data for lock!
[19:19:30] Player (sans, 76561199229421873)(<7224.133301, 10.915239, 7848.691406>) requested data for lock!
[19:19:30] Player (sans, 76561199229421873)(<7244.721680, 3.842066, 7828.232910>) requested data for lock!
[19:23:49] Player (sans, 76561199229421873)(<9316.858398, 54.329174, 13092.093750>) requested data for lock!
[19:23:49] Player (sans, 76561199229421873)(<9317.154297, 54.329174, 13091.982422>) requested data for lock!
[19:23:49] Player (sans, 76561199229421873)(<9318.663086, 54.329174, 13091.610352>) requested data for lock!
[19:25:26] Player (Crashfool, 76561198289145406)(<9481.520508, 95.982422, 10884.832031>) requested data for lock!
[19:28:57] Player (luizredfield30, 76561198008639541)(<5746.929199, 70.849586, 8893.775391>) requested data for lock!
[19:31:44] Player (luizredfield30, 76561198008639541)(<6044.596680, 34.846451, 10431.335938>) requested data for lock!
[19:31:44] Player (luizredfield30, 76561198008639541)(<6042.112793, 34.846451, 10435.593750>) requested data for lock!
[19:32:39] Player (luizredfield30, 76561198008639541)(<4860.642578, 5.412148, 11283.935547>) requested data for lock!
[19:32:41] Player (luizredfield30, 76561198008639541)(<4870.733887, 5.627413, 11321.759766>) requested data for lock!
[19:35:51] Player (luizredfield30, 76561198008639541)(<7334.545410, 81.730453, 12396.727539>) requested data for lock!
[19:35:51] Player (luizredfield30, 76561198008639541)(<7334.590332, 81.730453, 12397.067383>) requested data for lock!
[19:35:51] Player (luizredfield30, 76561198008639541)(<7334.615234, 81.730453, 12396.931641>) requested data for lock!
[19:35:51] Player (luizredfield30, 76561198008639541)(<7334.517578, 83.857002, 12397.041992>) requested data for lock!
[19:35:53] Player (luizredfield30, 76561198008639541)(<7355.454102, 81.730453, 12388.909180>) requested data for lock!
[19:35:53] Player (luizredfield30, 76561198008639541)(<7355.812500, 81.730453, 12388.950195>) requested data for lock!
[19:35:53] Player (luizredfield30, 76561198008639541)(<7355.248535, 81.730453, 12388.920898>) requested data for lock!
[19:35:53] Player (luizredfield30, 76561198008639541)(<7355.576172, 81.730453, 12388.914063>) requested data for lock!
[19:35:53] Player (luizredfield30, 76561198008639541)(<7355.947266, 84.361282, 12388.909180>) requested data for lock!
[19:36:57] Player (sans, 76561199229421873)(<9316.858398, 54.329174, 13092.093750>) requested data for lock!
[19:36:57] Player (sans, 76561199229421873)(<9317.154297, 54.329174, 13091.982422>) requested data for lock!
[19:36:58] Player (sans, 76561199229421873)(<9318.663086, 54.329174, 13091.610352>) requested data for lock!
[19:41:34] Player (sans, 76561199229421873)(<9316.858398, 54.329174, 13092.093750>) requested data for lock!
[19:41:34] Player (sans, 76561199229421873)(<9317.154297, 54.329174, 13091.982422>) requested data for lock!
[19:41:34] Player (sans, 76561199229421873)(<9318.663086, 54.329174, 13091.610352>) requested data for lock!
[19:41:52] Player (sans, 76561199229421873)(<9316.858398, 54.329174, 13092.093750>) requested data for lock!
[19:41:52] Player (sans, 76561199229421873)(<9317.154297, 54.329174, 13091.982422>) requested data for lock!
[19:41:52] Player (sans, 76561199229421873)(<9318.663086, 54.329174, 13091.610352>) requested data for lock!
[19:42:11] Player (sans, 76561199229421873)(<9316.858398, 54.329174, 13092.093750>) requested data for lock!
[19:42:12] Player (sans, 76561199229421873)(<9317.154297, 54.329174, 13091.982422>) requested data for lock!
[19:42:12] Player (sans, 76561199229421873)(<9318.663086, 54.329174, 13091.610352>) requested data for lock!
[19:50:27] Player (luizredfield30, 76561198008639541)(<7334.545410, 81.730453, 12396.727539>) requested data for lock!
[19:50:27] Player (luizredfield30, 76561198008639541)(<7334.590332, 81.730453, 12397.067383>) requested data for lock!
[19:50:27] Player (luizredfield30, 76561198008639541)(<7334.615234, 81.730453, 12396.931641>) requested data for lock!
[19:50:27] Player (luizredfield30, 76561198008639541)(<7334.517578, 83.857002, 12397.041992>) requested data for lock!
[19:50:30] Player (luizredfield30, 76561198008639541)(<7355.454102, 81.730453, 12388.909180>) requested data for lock!
[19:50:30] Player (luizredfield30, 76561198008639541)(<7355.812500, 81.730453, 12388.950195>) requested data for lock!
[19:50:30] Player (luizredfield30, 76561198008639541)(<7355.248535, 81.730453, 12388.920898>) requested data for lock!
[19:50:30] Player (luizredfield30, 76561198008639541)(<7355.576172, 81.730453, 12388.914063>) requested data for lock!
[19:50:30] Player (luizredfield30, 76561198008639541)(<7355.947266, 84.361282, 12388.909180>) requested data for lock!
[19:52:13] Player (luizredfield30, 76561198008639541)(<9316.858398, 54.329174, 13092.093750>) requested data for lock!
[19:52:13] Player (luizredfield30, 76561198008639541)(<9317.154297, 54.329174, 13091.982422>) requested data for lock!
[19:52:13] Player (luizredfield30, 76561198008639541)(<9318.663086, 54.329174, 13091.610352>) requested data for lock!
[19:54:26] Player (FreeRanger, 76561198035689928)(<7626.640137, 10.043794, 8539.677734>) requested data for lock!
[19:54:26] Player (FreeRanger, 76561198035689928)(<7241.480957, 3.950430, 7825.958984>) requested data for lock!
[19:54:26] Player (FreeRanger, 76561198035689928)(<7631.311035, 12.787427, 8534.870117>) requested data for lock!
[19:54:26] Player (FreeRanger, 76561198035689928)(<7224.133301, 10.915239, 7848.691406>) requested data for lock!
[19:54:26] Player (FreeRanger, 76561198035689928)(<7244.721680, 3.842066, 7828.232910>) requested data for lock!
[20:01:40] Player (Crashfool, 76561198289145406)(<7626.640137, 10.043794, 8539.677734>) requested data for lock!
[20:01:40] Player (Crashfool, 76561198289145406)(<7631.311035, 12.787427, 8534.870117>) requested data for lock!
[20:06:11] Player ([ISG] Nescau, 76561198440552318)(<12457.237305, 48.206120, 8419.958008>) requested data for lock!
[20:06:11] Player (luizredfield30, 76561198008639541)(<12457.237305, 48.206120, 8419.958008>) requested data for lock!
[20:16:03] Player (luizredfield30, 76561198008639541)(<7241.480957, 3.950430, 7825.958984>) requested data for lock!
[20:16:03] Player (luizredfield30, 76561198008639541)(<7244.721680, 3.842066, 7828.232910>) requested data for lock!
[20:16:03] Player ([ISG] Nescau, 76561198440552318)(<7241.480957, 3.950430, 7825.958984>) requested data for lock!
[20:16:03] Player ([ISG] Nescau, 76561198440552318)(<7244.721680, 3.842066, 7828.232910>) requested data for lock!
[20:16:04] Player (luizredfield30, 76561198008639541)(<7224.133301, 10.915239, 7848.691406>) requested data for lock!
[20:16:04] Player ([ISG] Nescau, 76561198440552318)(<7224.133301, 10.915239, 7848.691406>) requested data for lock!
[20:16:57] Player ([ISG] Nescau, 76561198440552318)(<7626.640137, 10.043794, 8539.677734>) requested data for lock!
[20:16:58] Player ([ISG] Nescau, 76561198440552318)(<7631.311035, 12.787427, 8534.870117>) requested data for lock!
[20:16:58] Player (luizredfield30, 76561198008639541)(<7626.640137, 10.043794, 8539.677734>) requested data for lock!
[20:16:58] Player (luizredfield30, 76561198008639541)(<7631.311035, 12.787427, 8534.870117>) requested data for lock!
[20:21:06] Player (Crashfool, 76561198289145406)(<7224.133301, 10.915239, 7848.691406>) requested data for lock!
[20:21:12] Player (Crashfool, 76561198289145406)(<7241.480957, 3.950430, 7825.958984>) requested data for lock!
[20:21:12] Player (Crashfool, 76561198289145406)(<7244.721680, 3.842066, 7828.232910>) requested data for lock!
[20:22:09] Player (brysonZ28, 76561198412009942)(<12457.237305, 48.206120, 8419.958008>) requested data for lock!
[20:22:13] Player ([ISG] Nescau, 76561198440552318)(<7626.640137, 10.043794, 8539.677734>) requested data for lock!
[20:22:13] Player ([ISG] Nescau, 76561198440552318)(<7631.311035, 12.787427, 8534.870117>) requested data for lock!
[20:22:14] Player (luizredfield30, 76561198008639541)(<7626.640137, 10.043794, 8539.677734>) requested data for lock!
[20:22:14] Player (luizredfield30, 76561198008639541)(<7631.311035, 12.787427, 8534.870117>) requested data for lock!
[20:24:12] Player ([GDF] BAL4COBACO, 76561198296387027)(<7626.640137, 10.043794, 8539.677734>) requested data for lock!
[20:24:12] Player ([GDF] BAL4COBACO, 76561198296387027)(<7241.480957, 3.950430, 7825.958984>) requested data for lock!
[20:24:12] Player ([GDF] BAL4COBACO, 76561198296387027)(<7631.311035, 12.787427, 8534.870117>) requested data for lock!
[20:24:12] Player ([GDF] BAL4COBACO, 76561198296387027)(<7224.133301, 10.915239, 7848.691406>) requested data for lock!
[20:24:12] Player ([GDF] BAL4COBACO, 76561198296387027)(<7244.721680, 3.842066, 7828.232910>) requested data for lock!
[20:39:41] Player ([ISG] Nescau, 76561198440552318)(<7626.640137, 10.043794, 8539.677734>) requested data for lock!
[20:39:41] Player ([ISG] Nescau, 76561198440552318)(<7631.311035, 12.787427, 8534.870117>) requested data for lock!
[20:46:37] Player (spamin8r, 76561197975275353)(<7241.480957, 3.950430, 7825.958984>) requested data for lock!
[20:46:37] Player (spamin8r, 76561197975275353)(<7224.133301, 10.915239, 7848.691406>) requested data for lock!
[20:46:37] Player (spamin8r, 76561197975275353)(<7244.721680, 3.842066, 7828.232910>) requested data for lock!
[20:47:07] Player (HighTechTerror, 76561197972187582)(<7241.480957, 3.950430, 7825.958984>) requested data for lock!
[20:47:07] Player (HighTechTerror, 76561197972187582)(<7224.133301, 10.915239, 7848.691406>) requested data for lock!
[20:47:07] Player (HighTechTerror, 76561197972187582)(<7244.721680, 3.842066, 7828.232910>) requested data for lock!
[20:49:36] Player (luizredfield30, 76561198008639541)(<5746.929199, 70.849586, 8893.775391>) requested data for lock!
[20:49:39] Player ([ISG] Nescau, 76561198440552318)(<5746.929199, 70.849586, 8893.775391>) requested data for lock!
[20:49:39] Player ([GDF] BAL4COBACO, 76561198296387027)(<5746.929199, 70.849586, 8893.775391>) requested data for lock!
[20:51:21] Player (sans, 76561199229421873)(<9316.858398, 54.329174, 13092.093750>) requested data for lock!
[20:51:21] Player (sans, 76561199229421873)(<9317.154297, 54.329174, 13091.982422>) requested data for lock!
[20:51:21] Player (sans, 76561199229421873)(<9318.663086, 54.329174, 13091.610352>) requested data for lock!
[20:52:19] Player (luizredfield30, 76561198008639541)(<6044.596680, 34.846451, 10431.335938>) requested data for lock!
[20:52:19] Player (luizredfield30, 76561198008639541)(<6042.112793, 34.846451, 10435.593750>) requested data for lock!
[20:52:21] Player ([ISG] Nescau, 76561198440552318)(<6044.596680, 34.846451, 10431.335938>) requested data for lock!
[20:52:21] Player ([ISG] Nescau, 76561198440552318)(<6042.112793, 34.846451, 10435.593750>) requested data for lock!
[20:52:22] Player ([GDF] BAL4COBACO, 76561198296387027)(<6044.596680, 34.846451, 10431.335938>) requested data for lock!
[20:52:22] Player ([GDF] BAL4COBACO, 76561198296387027)(<6042.112793, 34.846451, 10435.593750>) requested data for lock!
[20:53:14] Player (luizredfield30, 76561198008639541)(<4860.642578, 5.412148, 11283.935547>) requested data for lock!
[20:53:16] Player (luizredfield30, 76561198008639541)(<4870.733887, 5.627413, 11321.759766>) requested data for lock!
[20:53:24] Player ([ISG] Nescau, 76561198440552318)(<4860.642578, 5.412148, 11283.935547>) requested data for lock!
[20:53:24] Player ([GDF] BAL4COBACO, 76561198296387027)(<4860.642578, 5.412148, 11283.935547>) requested data for lock!
[20:53:27] Player ([GDF] BAL4COBACO, 76561198296387027)(<4870.733887, 5.627413, 11321.759766>) requested data for lock!
[20:53:27] Player ([ISG] Nescau, 76561198440552318)(<4870.733887, 5.627413, 11321.759766>) requested data for lock!
[20:56:24] Player (luizredfield30, 76561198008639541)(<7334.545410, 81.730453, 12396.727539>) requested data for lock!
[20:56:24] Player (luizredfield30, 76561198008639541)(<7334.590332, 81.730453, 12397.067383>) requested data for lock!
[20:56:24] Player (luizredfield30, 76561198008639541)(<7334.615234, 81.730453, 12396.931641>) requested data for lock!
[20:56:24] Player (luizredfield30, 76561198008639541)(<7334.517578, 83.857002, 12397.041992>) requested data for lock!
[20:56:25] Player (luizredfield30, 76561198008639541)(<7355.454102, 81.730453, 12388.909180>) requested data for lock!
[20:56:26] Player (luizredfield30, 76561198008639541)(<7355.248535, 81.730453, 12388.920898>) requested data for lock!
[20:56:26] Player (luizredfield30, 76561198008639541)(<7355.812500, 81.730453, 12388.950195>) requested data for lock!
[20:56:26] Player (luizredfield30, 76561198008639541)(<7355.576172, 81.730453, 12388.914063>) requested data for lock!
[20:56:26] Player (luizredfield30, 76561198008639541)(<7355.947266, 84.361282, 12388.909180>) requested data for lock!
[20:56:46] Player ([ISG] Nescau, 76561198440552318)(<7334.545410, 81.730453, 12396.727539>) requested data for lock!
[20:56:46] Player ([ISG] Nescau, 76561198440552318)(<7334.590332, 81.730453, 12397.067383>) requested data for lock!
[20:56:46] Player ([ISG] Nescau, 76561198440552318)(<7334.615234, 81.730453, 12396.931641>) requested data for lock!
[20:56:46] Player ([ISG] Nescau, 76561198440552318)(<7334.517578, 83.857002, 12397.041992>) requested data for lock!
[20:56:47] Player ([GDF] BAL4COBACO, 76561198296387027)(<7334.545410, 81.730453, 12396.727539>) requested data for lock!
[20:56:47] Player ([GDF] BAL4COBACO, 76561198296387027)(<7334.590332, 81.730453, 12397.067383>) requested data for lock!
[20:56:47] Player ([GDF] BAL4COBACO, 76561198296387027)(<7334.615234, 81.730453, 12396.931641>) requested data for lock!
[20:56:47] Player ([GDF] BAL4COBACO, 76561198296387027)(<7334.517578, 83.857002, 12397.041992>) requested data for lock!
[20:56:52] Player ([GDF] BAL4COBACO, 76561198296387027)(<7355.454102, 81.730453, 12388.909180>) requested data for lock!
[20:56:52] Player ([GDF] BAL4COBACO, 76561198296387027)(<7355.812500, 81.730453, 12388.950195>) requested data for lock!
[20:56:52] Player ([GDF] BAL4COBACO, 76561198296387027)(<7355.248535, 81.730453, 12388.920898>) requested data for lock!
[20:56:52] Player ([GDF] BAL4COBACO, 76561198296387027)(<7355.576172, 81.730453, 12388.914063>) requested data for lock!
[20:56:52] Player ([GDF] BAL4COBACO, 76561198296387027)(<7355.947266, 84.361282, 12388.909180>) requested data for lock!
[20:56:53] Player ([ISG] Nescau, 76561198440552318)(<7355.454102, 81.730453, 12388.909180>) requested data for lock!
[20:56:53] Player ([ISG] Nescau, 76561198440552318)(<7355.812500, 81.730453, 12388.950195>) requested data for lock!
[20:56:53] Player ([ISG] Nescau, 76561198440552318)(<7355.248535, 81.730453, 12388.920898>) requested data for lock!
[20:56:53] Player ([ISG] Nescau, 76561198440552318)(<7355.576172, 81.730453, 12388.914063>) requested data for lock!
[20:56:53] Player ([ISG] Nescau, 76561198440552318)(<7355.947266, 84.361282, 12388.909180>) requested data for lock!
[12-15-2024][21.00.22] Log file reloaded ( Server Restart )
[21:00:51] Player (spamin8r, 76561197975275353)(<7244.721680, 3.842066, 7828.232910>) requested data for lock!
[21:00:51] Player (spamin8r, 76561197975275353)(<7224.133301, 10.915239, 7848.691406>) requested data for lock!
[21:00:52] Player (spamin8r, 76561197975275353)(<7241.480957, 3.950430, 7825.958984>) requested data for lock!
[21:00:52] Player (HighTechTerror, 76561197972187582)(<7244.721680, 3.842066, 7828.232910>) requested data for lock!
[21:00:52] Player (HighTechTerror, 76561197972187582)(<7224.133301, 10.915239, 7848.691406>) requested data for lock!
[21:00:52] Player (HighTechTerror, 76561197972187582)(<7241.480957, 3.950430, 7825.958984>) requested data for lock!
[21:00:53] Player (luizredfield30, 76561198008639541)(<7334.545410, 81.730453, 12396.727539>) requested data for lock!
[21:00:53] Player (luizredfield30, 76561198008639541)(<7355.947266, 84.361282, 12388.909180>) requested data for lock!
[21:00:53] Player (luizredfield30, 76561198008639541)(<7355.576172, 81.730453, 12388.914063>) requested data for lock!
[21:00:55] Player (luizredfield30, 76561198008639541)(<7334.615234, 81.730453, 12396.931641>) requested data for lock!
[21:00:55] Player (luizredfield30, 76561198008639541)(<7355.454102, 81.730453, 12388.909180>) requested data for lock!
[21:00:55] Player (luizredfield30, 76561198008639541)(<7334.517578, 83.857002, 12397.041992>) requested data for lock!
[21:00:55] Player (luizredfield30, 76561198008639541)(<7355.812500, 81.730453, 12388.950195>) requested data for lock!
[21:00:55] Player (luizredfield30, 76561198008639541)(<7355.248535, 81.730453, 12388.920898>) requested data for lock!
[21:00:55] Player (luizredfield30, 76561198008639541)(<7334.590332, 81.730453, 12397.067383>) requested data for lock!
[21:00:57] Player ([GDF] BAL4COBACO, 76561198296387027)(<7334.545410, 81.730453, 12396.727539>) requested data for lock!
[21:00:57] Player ([GDF] BAL4COBACO, 76561198296387027)(<7355.947266, 84.361282, 12388.909180>) requested data for lock!
[21:00:57] Player ([GDF] BAL4COBACO, 76561198296387027)(<7355.576172, 81.730453, 12388.914063>) requested data for lock!
[21:00:57] Player ([GDF] BAL4COBACO, 76561198296387027)(<7334.615234, 81.730453, 12396.931641>) requested data for lock!
[21:00:57] Player ([GDF] BAL4COBACO, 76561198296387027)(<7355.454102, 81.730453, 12388.909180>) requested data for lock!
[21:00:57] Player ([GDF] BAL4COBACO, 76561198296387027)(<7334.517578, 83.857002, 12397.041992>) requested data for lock!
[21:00:58] Player ([GDF] BAL4COBACO, 76561198296387027)(<7355.812500, 81.730453, 12388.950195>) requested data for lock!
[21:00:58] Player ([GDF] BAL4COBACO, 76561198296387027)(<7355.248535, 81.730453, 12388.920898>) requested data for lock!
[21:00:58] Player ([GDF] BAL4COBACO, 76561198296387027)(<7334.590332, 81.730453, 12397.067383>) requested data for lock!
[21:01:23] Player ([ISG] Nescau, 76561198440552318)(<7334.545410, 81.730453, 12396.727539>) requested data for lock!
[21:01:23] Player ([ISG] Nescau, 76561198440552318)(<7355.947266, 84.361282, 12388.909180>) requested data for lock!
[21:01:23] Player ([ISG] Nescau, 76561198440552318)(<7355.576172, 81.730453, 12388.914063>) requested data for lock!
[21:01:23] Player ([ISG] Nescau, 76561198440552318)(<7334.615234, 81.730453, 12396.931641>) requested data for lock!
[21:01:23] Player ([ISG] Nescau, 76561198440552318)(<7355.454102, 81.730453, 12388.909180>) requested data for lock!
[21:01:23] Player ([ISG] Nescau, 76561198440552318)(<7334.517578, 83.857002, 12397.041992>) requested data for lock!
[21:01:23] Player ([ISG] Nescau, 76561198440552318)(<7355.812500, 81.730453, 12388.950195>) requested data for lock!
[21:01:23] Player ([ISG] Nescau, 76561198440552318)(<7355.248535, 81.730453, 12388.920898>) requested data for lock!
[21:01:23] Player ([ISG] Nescau, 76561198440552318)(<7334.590332, 81.730453, 12397.067383>) requested data for lock!
[21:21:30] Player (HighTechTerror, 76561197972187582)(<7224.133301, 10.915239, 7848.691406>) requested data for lock!
[21:21:45] Player (HighTechTerror, 76561197972187582)(<7224.133301, 10.915239, 7848.691406>) requested data for lock!
[21:21:47] Player (HighTechTerror, 76561197972187582)(<7244.721680, 3.842066, 7828.232910>) requested data for lock!
[21:21:48] Player (HighTechTerror, 76561197972187582)(<7241.480957, 3.950430, 7825.958984>) requested data for lock!
[21:21:52] Player (spamin8r, 76561197975275353)(<7224.133301, 10.915239, 7848.691406>) requested data for lock!
[21:21:55] Player (spamin8r, 76561197975275353)(<7241.480957, 3.950430, 7825.958984>) requested data for lock!
[21:21:58] Player (spamin8r, 76561197975275353)(<7244.721680, 3.842066, 7828.232910>) requested data for lock!
[21:22:27] Player (HighTechTerror, 76561197972187582)(<7241.480957, 3.950430, 7825.958984>) requested data for lock!
[21:22:30] Player (HighTechTerror, 76561197972187582)(<7244.721680, 3.842066, 7828.232910>) requested data for lock!
[21:24:12] Player (HighTechTerror, 76561197972187582)(<7224.133301, 10.915239, 7848.691406>) requested data for lock!
[21:24:15] Player (HighTechTerror, 76561197972187582)(<7244.721680, 3.842066, 7828.232910>) requested data for lock!
[21:24:16] Player (HighTechTerror, 76561197972187582)(<7241.480957, 3.950430, 7825.958984>) requested data for lock!
[21:42:14] Player (Big_Steve, 76561198071307767)(<9481.520508, 95.982422, 10884.832031>) requested data for lock!
[21:42:42] Player (HighTechTerror, 76561197972187582)(<7224.133301, 10.915239, 7848.691406>) requested data for lock!
[21:42:46] Player (spamin8r, 76561197975275353)(<7224.133301, 10.915239, 7848.691406>) requested data for lock!
[21:42:51] Player (HighTechTerror, 76561197972187582)(<7241.480957, 3.950430, 7825.958984>) requested data for lock!
[21:42:54] Player (HighTechTerror, 76561197972187582)(<7244.721680, 3.842066, 7828.232910>) requested data for lock!
[21:42:55] Player (spamin8r, 76561197975275353)(<7241.480957, 3.950430, 7825.958984>) requested data for lock!
[21:48:29] Player (HighTechTerror, 76561197972187582)(<5746.929199, 70.849586, 8893.775391>) requested data for lock!
[21:48:41] Player (spamin8r, 76561197975275353)(<5746.929199, 70.849586, 8893.775391>) requested data for lock!
[21:52:09] Player (Draco, 76561198302078718)(<12457.237305, 48.206120, 8419.958008>) requested data for lock!
[21:52:43] Player (Draco, 76561198302078718)(<12457.237305, 48.206120, 8419.958008>) requested data for lock!
[21:53:13] Player (Draco, 76561198302078718)(<12457.237305, 48.206120, 8419.958008>) requested data for lock!
[22:04:08] Player (HighTechTerror, 76561197972187582)(<5746.929199, 70.849586, 8893.775391>) requested data for lock!
[22:04:56] Player (spamin8r, 76561197975275353)(<5746.929199, 70.849586, 8893.775391>) requested data for lock!
[22:09:59] Player (Draco, 76561198302078718)(<11127.880859, 106.702026, 9501.662109>) requested data for lock!
