[12-14-2024][00.00.22] New Synch Log File Created!
[12-14-2024][05.00.22] Log file reloaded ( Server Restart )
[06:01:03] Player (Big_Steve, 76561198071307767)(<11127.880859, 106.702026, 9501.662109>) requested data for lock!
[06:39:28] Player (Draco, 76561198302078718)(<4870.733887, 5.627413, 11321.759766>) requested data for lock!
[06:55:21] Player (Draco, 76561198302078718)(<6042.112793, 34.846451, 10435.593750>) requested data for lock!
[06:55:30] Player (Draco, 76561198302078718)(<6042.112793, 34.846451, 10435.593750>) requested data for lock!
[06:55:30] Player (Draco, 76561198302078718)(<6044.596680, 34.846451, 10431.335938>) requested data for lock!
[07:07:10] Player (Big_Steve, 76561198071307767)(<11127.880859, 106.702026, 9501.662109>) requested data for lock!
[07:22:36] Player (Casey, 76561199573099150)(<7626.640137, 10.043794, 8539.677734>) requested data for lock!
[07:22:36] Player (Casey, 76561199573099150)(<7631.311035, 12.787427, 8534.870117>) requested data for lock!
[07:29:49] Player (Casey, 76561199573099150)(<7631.311035, 12.787427, 8534.870117>) requested data for lock!
[07:31:16] Player (Casey, 76561199573099150)(<7626.640137, 10.043794, 8539.677734>) requested data for lock!
[07:31:16] Player (Casey, 76561199573099150)(<7631.311035, 12.787427, 8534.870117>) requested data for lock!
[07:31:58] Player (Casey, 76561199573099150)(<7626.640137, 10.043794, 8539.677734>) requested data for lock!
[07:31:58] Player (Casey, 76561199573099150)(<7631.311035, 12.787427, 8534.870117>) requested data for lock!
[07:57:30] Player (Casey, 76561199573099150)(<7631.311035, 12.787427, 8534.870117>) requested data for lock!
[08:02:50] Player (Casey, 76561199573099150)(<7241.480957, 3.950430, 7825.958984>) requested data for lock!
[08:02:50] Player (Casey, 76561199573099150)(<7244.721680, 3.842066, 7828.232910>) requested data for lock!
[08:02:55] Player (Casey, 76561199573099150)(<7224.133301, 10.915239, 7848.691406>) requested data for lock!
[12-14-2024][09.00.20] Log file reloaded ( Server Restart )
[09:22:57] Player (Casey, 76561199573099150)(<8899.131836, 15.554780, 1105.990234>) requested data for lock!
[09:23:00] Player (Casey, 76561199573099150)(<8909.085938, 15.889824, 1105.763916>) requested data for lock!
[09:27:58] Player (Casey, 76561199573099150)(<8899.131836, 15.554780, 1105.990234>) requested data for lock!
[11:41:35] Player (Casey, 76561199573099150)(<8909.085938, 15.889824, 1105.763916>) requested data for lock!
[11:41:36] Player (Casey, 76561199573099150)(<8899.131836, 15.554780, 1105.990234>) requested data for lock!
[12:28:50] Player (Casey, 76561199643612211)(<8899.131836, 15.554780, 1105.990234>) requested data for lock!
[12:28:50] Player (Casey, 76561199643612211)(<8909.085938, 15.889824, 1105.763916>) requested data for lock!
[12:36:41] Player (Casey, 76561199573099150)(<8899.131836, 15.554780, 1105.990234>) requested data for lock!
[12:36:41] Player (Casey, 76561199573099150)(<8909.085938, 15.889824, 1105.763916>) requested data for lock!
[12:44:33] Player (Casey, 76561199643612211)(<8899.131836, 15.554780, 1105.990234>) requested data for lock!
[12:44:33] Player (Casey, 76561199643612211)(<8909.085938, 15.889824, 1105.763916>) requested data for lock!
[12-14-2024][13.00.23] Log file reloaded ( Server Restart )
[13:04:31] Player (Casey, 76561199643612211)(<8899.131836, 15.554780, 1105.990234>) requested data for lock!
[13:04:31] Player (Casey, 76561199643612211)(<8909.085938, 15.889824, 1105.763916>) requested data for lock!
[14:04:39] Player (Casey, 76561199573099150)(<8899.131836, 15.554780, 1105.990234>) requested data for lock!
[14:04:39] Player (Casey, 76561199573099150)(<8909.085938, 15.889824, 1105.763916>) requested data for lock!
[15:10:18] Player (koril, 76561197969243293)(<9316.858398, 54.329174, 13092.093750>) requested data for lock!
[15:10:18] Player (koril, 76561197969243293)(<9317.154297, 54.329174, 13091.982422>) requested data for lock!
[15:10:18] Player (koril, 76561197969243293)(<9318.663086, 54.329174, 13091.610352>) requested data for lock!
[15:13:16] Player (koril, 76561197969243293)(<9316.858398, 54.329174, 13092.093750>) requested data for lock!
[15:13:16] Player (koril, 76561197969243293)(<9317.154297, 54.329174, 13091.982422>) requested data for lock!
[15:13:16] Player (koril, 76561197969243293)(<9318.663086, 54.329174, 13091.610352>) requested data for lock!
[15:40:15] Player (FreeRanger, 76561198035689928)(<5746.929199, 70.849586, 8893.775391>) requested data for lock!
[16:03:38] Player (FreeRanger, 76561198035689928)(<7224.133301, 10.915239, 7848.691406>) requested data for lock!
[16:03:43] Player (FreeRanger, 76561198035689928)(<7241.480957, 3.950430, 7825.958984>) requested data for lock!
[16:03:45] Player (FreeRanger, 76561198035689928)(<7244.721680, 3.842066, 7828.232910>) requested data for lock!
[16:09:25] Player (FreeRanger, 76561198035689928)(<7626.640137, 10.043794, 8539.677734>) requested data for lock!
[16:09:25] Player (FreeRanger, 76561198035689928)(<7631.311035, 12.787427, 8534.870117>) requested data for lock!
[16:25:05] Player (luizredfield30, 76561199770341255)(<7334.517578, 83.857002, 12397.041992>) requested data for lock!
[16:25:05] Player (luizredfield30, 76561199770341255)(<7355.812500, 81.730453, 12388.950195>) requested data for lock!
[16:25:05] Player (luizredfield30, 76561199770341255)(<7355.947266, 84.361282, 12388.909180>) requested data for lock!
[16:25:05] Player (luizredfield30, 76561199770341255)(<7334.590332, 81.730453, 12397.067383>) requested data for lock!
[16:25:05] Player (luizredfield30, 76561199770341255)(<7334.545410, 81.730453, 12396.727539>) requested data for lock!
[16:25:05] Player (luizredfield30, 76561199770341255)(<7334.615234, 81.730453, 12396.931641>) requested data for lock!
[16:28:44] Player (Luiz, 76561198008639541)(<12457.237305, 48.206120, 8419.958008>) requested data for lock!
[16:40:52] Player (Luiz, 76561198008639541)(<12457.237305, 48.206120, 8419.958008>) requested data for lock!
[16:51:39] Player (Luiz, 76561198008639541)(<9316.858398, 54.329174, 13092.093750>) requested data for lock!
[16:51:40] Player (Luiz, 76561198008639541)(<9317.154297, 54.329174, 13091.982422>) requested data for lock!
[16:51:40] Player (Luiz, 76561198008639541)(<9318.663086, 54.329174, 13091.610352>) requested data for lock!
[12-14-2024][17.00.23] Log file reloaded ( Server Restart )
[17:25:24] Player (sans, 76561199229421873)(<5746.929199, 70.849586, 8893.775391>) requested data for lock!
[17:25:24] Player (brysonZ28, 76561198412009942)(<5746.929199, 70.849586, 8893.775391>) requested data for lock!
[17:30:43] Player (brysonZ28, 76561198412009942)(<5746.929199, 70.849586, 8893.775391>) requested data for lock!
[17:30:43] Player (sans, 76561199229421873)(<5746.929199, 70.849586, 8893.775391>) requested data for lock!
[17:56:56] Player (koril, 76561197969243293)(<9318.663086, 54.329174, 13091.610352>) requested data for lock!
[17:56:56] Player (koril, 76561197969243293)(<9317.154297, 54.329174, 13091.982422>) requested data for lock!
[17:56:56] Player (koril, 76561197969243293)(<9316.858398, 54.329174, 13092.093750>) requested data for lock!
[18:02:21] Player (koril, 76561197969243293)(<9318.663086, 54.329174, 13091.610352>) requested data for lock!
[18:02:21] Player (koril, 76561197969243293)(<9317.154297, 54.329174, 13091.982422>) requested data for lock!
[18:02:21] Player (koril, 76561197969243293)(<9316.858398, 54.329174, 13092.093750>) requested data for lock!
[18:11:27] Player (sans, 76561199229421873)(<7224.133301, 10.915239, 7848.691406>) requested data for lock!
[18:12:02] Player (sans, 76561199229421873)(<7244.721680, 3.842066, 7828.232910>) requested data for lock!
[18:12:02] Player (sans, 76561199229421873)(<7224.133301, 10.915239, 7848.691406>) requested data for lock!
[18:12:02] Player (sans, 76561199229421873)(<7241.480957, 3.950430, 7825.958984>) requested data for lock!
[18:12:28] Player (sans, 76561199229421873)(<7244.721680, 3.842066, 7828.232910>) requested data for lock!
[18:12:33] Player (sans, 76561199229421873)(<7244.721680, 3.842066, 7828.232910>) requested data for lock!
[18:15:38] Player (sans, 76561199229421873)(<7224.133301, 10.915239, 7848.691406>) requested data for lock!
[18:15:38] Player (brysonZ28, 76561198412009942)(<7224.133301, 10.915239, 7848.691406>) requested data for lock!
[18:15:40] Player (sans, 76561199229421873)(<7244.721680, 3.842066, 7828.232910>) requested data for lock!
[18:15:40] Player (brysonZ28, 76561198412009942)(<7244.721680, 3.842066, 7828.232910>) requested data for lock!
[18:15:40] Player (sans, 76561199229421873)(<7241.480957, 3.950430, 7825.958984>) requested data for lock!
[18:15:41] Player (brysonZ28, 76561198412009942)(<7241.480957, 3.950430, 7825.958984>) requested data for lock!
[18:16:34] Player (koril, 76561197969243293)(<9318.663086, 54.329174, 13091.610352>) requested data for lock!
[18:16:35] Player (koril, 76561197969243293)(<9317.154297, 54.329174, 13091.982422>) requested data for lock!
[18:16:35] Player (koril, 76561197969243293)(<9316.858398, 54.329174, 13092.093750>) requested data for lock!
[18:16:43] Player (brysonZ28, 76561198412009942)(<7626.640137, 10.043794, 8539.677734>) requested data for lock!
[18:16:43] Player (brysonZ28, 76561198412009942)(<7631.311035, 12.787427, 8534.870117>) requested data for lock!
[18:16:43] Player (sans, 76561199229421873)(<7626.640137, 10.043794, 8539.677734>) requested data for lock!
[18:16:43] Player (sans, 76561199229421873)(<7631.311035, 12.787427, 8534.870117>) requested data for lock!
[18:28:37] Player (Draco, 76561198302078718)(<7626.640137, 10.043794, 8539.677734>) requested data for lock!
[18:28:37] Player (Draco, 76561198302078718)(<7631.311035, 12.787427, 8534.870117>) requested data for lock!
[18:31:33] Player (sans, 76561199229421873)(<5746.929199, 70.849586, 8893.775391>) requested data for lock!
[18:31:33] Player (brysonZ28, 76561198412009942)(<5746.929199, 70.849586, 8893.775391>) requested data for lock!
[18:31:33] Player (Draco, 76561198302078718)(<7224.133301, 10.915239, 7848.691406>) requested data for lock!
[18:31:37] Player (Draco, 76561198302078718)(<7244.721680, 3.842066, 7828.232910>) requested data for lock!
[18:31:40] Player (Draco, 76561198302078718)(<7241.480957, 3.950430, 7825.958984>) requested data for lock!
[18:37:15] Player (Draco, 76561198302078718)(<5746.929199, 70.849586, 8893.775391>) requested data for lock!
[18:39:32] Player (Crashfool, 76561198289145406)(<9318.663086, 54.329174, 13091.610352>) requested data for lock!
[18:39:32] Player (Crashfool, 76561198289145406)(<9317.154297, 54.329174, 13091.982422>) requested data for lock!
[18:39:32] Player (Crashfool, 76561198289145406)(<9316.858398, 54.329174, 13092.093750>) requested data for lock!
[18:43:38] Player (FreeRanger, 76561198035689928)(<7626.640137, 10.043794, 8539.677734>) requested data for lock!
[18:43:38] Player (FreeRanger, 76561198035689928)(<7244.721680, 3.842066, 7828.232910>) requested data for lock!
[18:43:38] Player (FreeRanger, 76561198035689928)(<7224.133301, 10.915239, 7848.691406>) requested data for lock!
[18:43:38] Player (FreeRanger, 76561198035689928)(<7631.311035, 12.787427, 8534.870117>) requested data for lock!
[18:43:38] Player (FreeRanger, 76561198035689928)(<7241.480957, 3.950430, 7825.958984>) requested data for lock!
[18:57:08] Player (Crashfool, 76561198289145406)(<9318.663086, 54.329174, 13091.610352>) requested data for lock!
[18:57:08] Player (Crashfool, 76561198289145406)(<9317.154297, 54.329174, 13091.982422>) requested data for lock!
[18:57:08] Player (Crashfool, 76561198289145406)(<9316.858398, 54.329174, 13092.093750>) requested data for lock!
[18:59:30] Player (Crashfool, 76561198289145406)(<9318.663086, 54.329174, 13091.610352>) requested data for lock!
[18:59:31] Player (Crashfool, 76561198289145406)(<9317.154297, 54.329174, 13091.982422>) requested data for lock!
[18:59:31] Player (Crashfool, 76561198289145406)(<9316.858398, 54.329174, 13092.093750>) requested data for lock!
[19:02:54] Player (Draco, 76561198302078718)(<6042.112793, 34.846451, 10435.593750>) requested data for lock!
[19:02:54] Player (Draco, 76561198302078718)(<6044.596680, 34.846451, 10431.335938>) requested data for lock!
[19:08:35] Player (Draco, 76561198302078718)(<4870.733887, 5.627413, 11321.759766>) requested data for lock!
[19:43:05] Player (FreeRanger, 76561198035689928)(<7631.311035, 12.787427, 8534.870117>) requested data for lock!
[19:43:06] Player (FreeRanger, 76561198035689928)(<7626.640137, 10.043794, 8539.677734>) requested data for lock!
[19:44:25] Player (FreeRanger, 76561198035689928)(<7244.721680, 3.842066, 7828.232910>) requested data for lock!
[19:44:25] Player (FreeRanger, 76561198035689928)(<7241.480957, 3.950430, 7825.958984>) requested data for lock!
[19:44:28] Player (FreeRanger, 76561198035689928)(<7224.133301, 10.915239, 7848.691406>) requested data for lock!
[19:44:37] Player (Crashfool, 76561198289145406)(<11127.880859, 106.702026, 9501.662109>) requested data for lock!
[19:51:14] Player (Luiz, 76561198008639541)(<7334.517578, 83.857002, 12397.041992>) requested data for lock!
[19:51:14] Player (Luiz, 76561198008639541)(<7334.545410, 81.730453, 12396.727539>) requested data for lock!
[19:51:14] Player (Luiz, 76561198008639541)(<7334.615234, 81.730453, 12396.931641>) requested data for lock!
[19:51:14] Player (Luiz, 76561198008639541)(<7334.590332, 81.730453, 12397.067383>) requested data for lock!
[19:51:15] Player (Luiz, 76561198008639541)(<7355.947266, 84.361282, 12388.909180>) requested data for lock!
[19:51:15] Player (Luiz, 76561198008639541)(<7355.812500, 81.730453, 12388.950195>) requested data for lock!
[19:55:05] Player (Luiz, 76561198008639541)(<7355.947266, 84.361282, 12388.909180>) requested data for lock!
[19:55:05] Player (Luiz, 76561198008639541)(<7355.812500, 81.730453, 12388.950195>) requested data for lock!
[19:55:09] Player ([GDF] BAL4COBACO, 76561198296387027)(<7334.517578, 83.857002, 12397.041992>) requested data for lock!
[19:55:09] Player ([GDF] BAL4COBACO, 76561198296387027)(<7334.545410, 81.730453, 12396.727539>) requested data for lock!
[19:55:09] Player ([GDF] BAL4COBACO, 76561198296387027)(<7334.615234, 81.730453, 12396.931641>) requested data for lock!
[19:55:09] Player ([GDF] BAL4COBACO, 76561198296387027)(<7355.947266, 84.361282, 12388.909180>) requested data for lock!
[19:55:09] Player ([GDF] BAL4COBACO, 76561198296387027)(<7355.812500, 81.730453, 12388.950195>) requested data for lock!
[19:55:09] Player ([GDF] BAL4COBACO, 76561198296387027)(<7334.590332, 81.730453, 12397.067383>) requested data for lock!
[19:58:39] Player (sans, 76561199229421873)(<5746.929199, 70.849586, 8893.775391>) requested data for lock!
[19:58:39] Player (brysonZ28, 76561198412009942)(<5746.929199, 70.849586, 8893.775391>) requested data for lock!
[20:01:01] Player (Luiz, 76561198008639541)(<7355.947266, 84.361282, 12388.909180>) requested data for lock!
[20:01:01] Player (Luiz, 76561198008639541)(<7355.812500, 81.730453, 12388.950195>) requested data for lock!
[20:03:07] Player ([GDF] BAL4COBACO, 76561198296387027)(<9318.663086, 54.329174, 13091.610352>) requested data for lock!
[20:03:07] Player ([GDF] BAL4COBACO, 76561198296387027)(<9317.154297, 54.329174, 13091.982422>) requested data for lock!
[20:03:07] Player ([GDF] BAL4COBACO, 76561198296387027)(<9316.858398, 54.329174, 13092.093750>) requested data for lock!
[20:05:02] Player ([GDF] BAL4COBACO, 76561198296387027)(<7355.947266, 84.361282, 12388.909180>) requested data for lock!
[20:05:02] Player ([GDF] BAL4COBACO, 76561198296387027)(<7355.812500, 81.730453, 12388.950195>) requested data for lock!
[20:05:08] Player ([GDF] BAL4COBACO, 76561198296387027)(<7334.517578, 83.857002, 12397.041992>) requested data for lock!
[20:05:08] Player ([GDF] BAL4COBACO, 76561198296387027)(<7334.545410, 81.730453, 12396.727539>) requested data for lock!
[20:05:08] Player ([GDF] BAL4COBACO, 76561198296387027)(<7334.615234, 81.730453, 12396.931641>) requested data for lock!
[20:05:08] Player ([GDF] BAL4COBACO, 76561198296387027)(<7334.590332, 81.730453, 12397.067383>) requested data for lock!
[20:06:36] Player (sans, 76561199229421873)(<5746.929199, 70.849586, 8893.775391>) requested data for lock!
[20:06:37] Player (Luiz, 76561198008639541)(<7355.947266, 84.361282, 12388.909180>) requested data for lock!
[20:06:37] Player (Luiz, 76561198008639541)(<7355.812500, 81.730453, 12388.950195>) requested data for lock!
[20:06:39] Player (brysonZ28, 76561198412009942)(<5746.929199, 70.849586, 8893.775391>) requested data for lock!
[20:07:34] Player (Luiz, 76561198008639541)(<7334.517578, 83.857002, 12397.041992>) requested data for lock!
[20:07:34] Player (Luiz, 76561198008639541)(<7334.545410, 81.730453, 12396.727539>) requested data for lock!
[20:07:34] Player (Luiz, 76561198008639541)(<7334.615234, 81.730453, 12396.931641>) requested data for lock!
[20:07:34] Player (Luiz, 76561198008639541)(<7334.590332, 81.730453, 12397.067383>) requested data for lock!
[20:07:38] Player (Luiz, 76561198008639541)(<7355.947266, 84.361282, 12388.909180>) requested data for lock!
[20:07:38] Player (Luiz, 76561198008639541)(<7355.812500, 81.730453, 12388.950195>) requested data for lock!
[20:24:59] Player (Draco, 76561198302078718)(<4870.733887, 5.627413, 11321.759766>) requested data for lock!
[20:49:05] Player ([GDF] BAL4COBACO, 76561198296387027)(<4870.733887, 5.627413, 11321.759766>) requested data for lock!
[20:49:07] Player (Luiz, 76561198008639541)(<4870.733887, 5.627413, 11321.759766>) requested data for lock!
[20:52:26] Player ([GDF] BAL4COBACO, 76561198296387027)(<7334.517578, 83.857002, 12397.041992>) requested data for lock!
[20:52:27] Player ([GDF] BAL4COBACO, 76561198296387027)(<7334.545410, 81.730453, 12396.727539>) requested data for lock!
[20:52:27] Player ([GDF] BAL4COBACO, 76561198296387027)(<7334.615234, 81.730453, 12396.931641>) requested data for lock!
[20:52:27] Player ([GDF] BAL4COBACO, 76561198296387027)(<7334.590332, 81.730453, 12397.067383>) requested data for lock!
[20:52:28] Player (Luiz, 76561198008639541)(<7334.517578, 83.857002, 12397.041992>) requested data for lock!
[20:52:28] Player (Luiz, 76561198008639541)(<7334.545410, 81.730453, 12396.727539>) requested data for lock!
[20:52:29] Player (Luiz, 76561198008639541)(<7334.615234, 81.730453, 12396.931641>) requested data for lock!
[20:52:29] Player (Luiz, 76561198008639541)(<7334.590332, 81.730453, 12397.067383>) requested data for lock!
[20:52:32] Player ([GDF] BAL4COBACO, 76561198296387027)(<7355.947266, 84.361282, 12388.909180>) requested data for lock!
[20:52:32] Player ([GDF] BAL4COBACO, 76561198296387027)(<7355.812500, 81.730453, 12388.950195>) requested data for lock!
[20:52:33] Player (Luiz, 76561198008639541)(<7355.947266, 84.361282, 12388.909180>) requested data for lock!
[20:52:33] Player (Luiz, 76561198008639541)(<7355.812500, 81.730453, 12388.950195>) requested data for lock!
[12-14-2024][21.00.22] Log file reloaded ( Server Restart )
[21:01:12] Player ([GDF] BAL4COBACO, 76561198296387027)(<7334.517578, 83.857002, 12397.041992>) requested data for lock!
[21:01:12] Player ([GDF] BAL4COBACO, 76561198296387027)(<7334.590332, 81.730453, 12397.067383>) requested data for lock!
[21:01:12] Player ([GDF] BAL4COBACO, 76561198296387027)(<7334.615234, 81.730453, 12396.931641>) requested data for lock!
[21:01:12] Player ([GDF] BAL4COBACO, 76561198296387027)(<7355.947266, 84.361282, 12388.909180>) requested data for lock!
[21:01:13] Player ([GDF] BAL4COBACO, 76561198296387027)(<7334.545410, 81.730453, 12396.727539>) requested data for lock!
[21:01:13] Player ([GDF] BAL4COBACO, 76561198296387027)(<7355.812500, 81.730453, 12388.950195>) requested data for lock!
[21:02:30] Player (Luiz, 76561198008639541)(<7334.517578, 83.857002, 12397.041992>) requested data for lock!
[21:02:30] Player (Luiz, 76561198008639541)(<7334.590332, 81.730453, 12397.067383>) requested data for lock!
[21:02:30] Player (Luiz, 76561198008639541)(<7334.615234, 81.730453, 12396.931641>) requested data for lock!
[21:02:30] Player (Luiz, 76561198008639541)(<7355.947266, 84.361282, 12388.909180>) requested data for lock!
[21:02:31] Player (Luiz, 76561198008639541)(<7334.545410, 81.730453, 12396.727539>) requested data for lock!
[21:02:31] Player (Luiz, 76561198008639541)(<7355.812500, 81.730453, 12388.950195>) requested data for lock!
[21:08:39] Player ([GDF] BAL4COBACO, 76561198296387027)(<7334.517578, 83.857002, 12397.041992>) requested data for lock!
[21:08:39] Player ([GDF] BAL4COBACO, 76561198296387027)(<7334.590332, 81.730453, 12397.067383>) requested data for lock!
[21:08:39] Player ([GDF] BAL4COBACO, 76561198296387027)(<7334.615234, 81.730453, 12396.931641>) requested data for lock!
[21:08:39] Player ([GDF] BAL4COBACO, 76561198296387027)(<7355.947266, 84.361282, 12388.909180>) requested data for lock!
[21:08:40] Player ([GDF] BAL4COBACO, 76561198296387027)(<7334.545410, 81.730453, 12396.727539>) requested data for lock!
[21:08:41] Player ([GDF] BAL4COBACO, 76561198296387027)(<7355.812500, 81.730453, 12388.950195>) requested data for lock!
[21:13:07] Player ([GDF] BAL4COBACO, 76561198296387027)(<7334.517578, 83.857002, 12397.041992>) requested data for lock!
[21:13:07] Player ([GDF] BAL4COBACO, 76561198296387027)(<7334.590332, 81.730453, 12397.067383>) requested data for lock!
[21:13:07] Player ([GDF] BAL4COBACO, 76561198296387027)(<7334.615234, 81.730453, 12396.931641>) requested data for lock!
[21:13:07] Player ([GDF] BAL4COBACO, 76561198296387027)(<7355.947266, 84.361282, 12388.909180>) requested data for lock!
[21:13:07] Player ([GDF] BAL4COBACO, 76561198296387027)(<7334.545410, 81.730453, 12396.727539>) requested data for lock!
[21:13:07] Player ([GDF] BAL4COBACO, 76561198296387027)(<7355.812500, 81.730453, 12388.950195>) requested data for lock!
[21:27:07] Player (Luiz, 76561198008639541)(<7355.947266, 84.361282, 12388.909180>) requested data for lock!
[21:27:07] Player (Luiz, 76561198008639541)(<7355.812500, 81.730453, 12388.950195>) requested data for lock!
[21:27:27] Player (Luiz, 76561198008639541)(<9318.663086, 54.329174, 13091.610352>) requested data for lock!
[21:27:28] Player (Luiz, 76561198008639541)(<9316.858398, 54.329174, 13092.093750>) requested data for lock!
[21:27:28] Player (Luiz, 76561198008639541)(<9317.154297, 54.329174, 13091.982422>) requested data for lock!
[21:27:29] Player ([GDF] BAL4COBACO, 76561198296387027)(<9318.663086, 54.329174, 13091.610352>) requested data for lock!
[21:27:29] Player ([GDF] BAL4COBACO, 76561198296387027)(<9316.858398, 54.329174, 13092.093750>) requested data for lock!
[21:27:29] Player ([GDF] BAL4COBACO, 76561198296387027)(<9317.154297, 54.329174, 13091.982422>) requested data for lock!
[21:29:19] Player (Luiz, 76561198008639541)(<9318.663086, 54.329174, 13091.610352>) requested data for lock!
[21:29:19] Player ([GDF] BAL4COBACO, 76561198296387027)(<9318.663086, 54.329174, 13091.610352>) requested data for lock!
[21:29:19] Player ([GDF] BAL4COBACO, 76561198296387027)(<9316.858398, 54.329174, 13092.093750>) requested data for lock!
[21:29:19] Player (Luiz, 76561198008639541)(<9316.858398, 54.329174, 13092.093750>) requested data for lock!
[21:29:19] Player ([GDF] BAL4COBACO, 76561198296387027)(<9317.154297, 54.329174, 13091.982422>) requested data for lock!
[21:29:19] Player (Luiz, 76561198008639541)(<9317.154297, 54.329174, 13091.982422>) requested data for lock!
[21:30:21] Player ([GDF] BAL4COBACO, 76561198296387027)(<7355.947266, 84.361282, 12388.909180>) requested data for lock!
[21:30:22] Player (Luiz, 76561198008639541)(<7355.947266, 84.361282, 12388.909180>) requested data for lock!
[21:30:22] Player ([GDF] BAL4COBACO, 76561198296387027)(<7355.812500, 81.730453, 12388.950195>) requested data for lock!
[21:30:22] Player (Luiz, 76561198008639541)(<7355.812500, 81.730453, 12388.950195>) requested data for lock!
[21:30:29] Player (Luiz, 76561198008639541)(<7334.517578, 83.857002, 12397.041992>) requested data for lock!
[21:30:29] Player (Luiz, 76561198008639541)(<7334.590332, 81.730453, 12397.067383>) requested data for lock!
[21:30:29] Player (Luiz, 76561198008639541)(<7334.615234, 81.730453, 12396.931641>) requested data for lock!
[21:30:29] Player (Luiz, 76561198008639541)(<7334.545410, 81.730453, 12396.727539>) requested data for lock!
[21:30:33] Player ([GDF] BAL4COBACO, 76561198296387027)(<7334.517578, 83.857002, 12397.041992>) requested data for lock!
[21:30:33] Player ([GDF] BAL4COBACO, 76561198296387027)(<7334.590332, 81.730453, 12397.067383>) requested data for lock!
[21:30:33] Player ([GDF] BAL4COBACO, 76561198296387027)(<7334.615234, 81.730453, 12396.931641>) requested data for lock!
[21:30:33] Player ([GDF] BAL4COBACO, 76561198296387027)(<7334.545410, 81.730453, 12396.727539>) requested data for lock!
[21:49:26] Player (Luiz, 76561198008639541)(<7334.517578, 83.857002, 12397.041992>) requested data for lock!
[21:49:26] Player (Luiz, 76561198008639541)(<7334.590332, 81.730453, 12397.067383>) requested data for lock!
[21:49:26] Player (Luiz, 76561198008639541)(<7334.615234, 81.730453, 12396.931641>) requested data for lock!
[21:49:27] Player (Luiz, 76561198008639541)(<7334.545410, 81.730453, 12396.727539>) requested data for lock!
[21:49:28] Player (Luiz, 76561198008639541)(<7355.947266, 84.361282, 12388.909180>) requested data for lock!
[21:49:28] Player (Luiz, 76561198008639541)(<7355.812500, 81.730453, 12388.950195>) requested data for lock!
[21:49:28] Player ([GDF] BAL4COBACO, 76561198296387027)(<7334.517578, 83.857002, 12397.041992>) requested data for lock!
[21:49:28] Player ([GDF] BAL4COBACO, 76561198296387027)(<7334.590332, 81.730453, 12397.067383>) requested data for lock!
[21:49:28] Player ([GDF] BAL4COBACO, 76561198296387027)(<7334.615234, 81.730453, 12396.931641>) requested data for lock!
[21:49:29] Player ([GDF] BAL4COBACO, 76561198296387027)(<7334.545410, 81.730453, 12396.727539>) requested data for lock!
[21:49:31] Player ([GDF] BAL4COBACO, 76561198296387027)(<7355.947266, 84.361282, 12388.909180>) requested data for lock!
[21:49:31] Player ([GDF] BAL4COBACO, 76561198296387027)(<7355.812500, 81.730453, 12388.950195>) requested data for lock!
[21:50:39] Player ([GDF] BAL4COBACO, 76561198296387027)(<7355.947266, 84.361282, 12388.909180>) requested data for lock!
[21:50:39] Player ([GDF] BAL4COBACO, 76561198296387027)(<7355.812500, 81.730453, 12388.950195>) requested data for lock!
[21:51:04] Player ([GDF] BAL4COBACO, 76561198296387027)(<7334.517578, 83.857002, 12397.041992>) requested data for lock!
[21:51:04] Player ([GDF] BAL4COBACO, 76561198296387027)(<7334.590332, 81.730453, 12397.067383>) requested data for lock!
[21:51:04] Player ([GDF] BAL4COBACO, 76561198296387027)(<7334.615234, 81.730453, 12396.931641>) requested data for lock!
[21:51:04] Player ([GDF] BAL4COBACO, 76561198296387027)(<7334.545410, 81.730453, 12396.727539>) requested data for lock!
[21:51:15] Player ([GDF] BAL4COBACO, 76561198296387027)(<7355.947266, 84.361282, 12388.909180>) requested data for lock!
[21:51:15] Player ([GDF] BAL4COBACO, 76561198296387027)(<7355.812500, 81.730453, 12388.950195>) requested data for lock!
[21:51:29] Player (Luiz, 76561198008639541)(<7334.517578, 83.857002, 12397.041992>) requested data for lock!
[21:51:29] Player (Luiz, 76561198008639541)(<7334.590332, 81.730453, 12397.067383>) requested data for lock!
[21:51:29] Player (Luiz, 76561198008639541)(<7334.615234, 81.730453, 12396.931641>) requested data for lock!
[21:51:29] Player (Luiz, 76561198008639541)(<7334.545410, 81.730453, 12396.727539>) requested data for lock!
[21:51:37] Player (Luiz, 76561198008639541)(<7355.947266, 84.361282, 12388.909180>) requested data for lock!
[21:51:37] Player (Luiz, 76561198008639541)(<7355.812500, 81.730453, 12388.950195>) requested data for lock!
[21:52:51] Player ([GDF] BAL4COBACO, 76561198296387027)(<7355.947266, 84.361282, 12388.909180>) requested data for lock!
[21:52:51] Player ([GDF] BAL4COBACO, 76561198296387027)(<7355.812500, 81.730453, 12388.950195>) requested data for lock!
[21:53:52] Player (Luiz, 76561198008639541)(<7334.517578, 83.857002, 12397.041992>) requested data for lock!
[21:53:52] Player (Luiz, 76561198008639541)(<7334.590332, 81.730453, 12397.067383>) requested data for lock!
[21:53:52] Player (Luiz, 76561198008639541)(<7334.615234, 81.730453, 12396.931641>) requested data for lock!
[21:53:52] Player (Luiz, 76561198008639541)(<7334.545410, 81.730453, 12396.727539>) requested data for lock!
[21:53:55] Player (Luiz, 76561198008639541)(<7355.947266, 84.361282, 12388.909180>) requested data for lock!
[21:53:55] Player (Luiz, 76561198008639541)(<7355.812500, 81.730453, 12388.950195>) requested data for lock!
[21:54:13] Player ([GDF] BAL4COBACO, 76561198296387027)(<7334.517578, 83.857002, 12397.041992>) requested data for lock!
[21:54:14] Player ([GDF] BAL4COBACO, 76561198296387027)(<7334.590332, 81.730453, 12397.067383>) requested data for lock!
[21:54:14] Player ([GDF] BAL4COBACO, 76561198296387027)(<7334.615234, 81.730453, 12396.931641>) requested data for lock!
[21:54:14] Player ([GDF] BAL4COBACO, 76561198296387027)(<7334.545410, 81.730453, 12396.727539>) requested data for lock!
[21:54:16] Player ([GDF] BAL4COBACO, 76561198296387027)(<7355.947266, 84.361282, 12388.909180>) requested data for lock!
[21:54:17] Player ([GDF] BAL4COBACO, 76561198296387027)(<7355.812500, 81.730453, 12388.950195>) requested data for lock!
[21:59:19] Player ([GDF] BAL4COBACO, 76561198296387027)(<7334.517578, 83.857002, 12397.041992>) requested data for lock!
[21:59:19] Player ([GDF] BAL4COBACO, 76561198296387027)(<7334.590332, 81.730453, 12397.067383>) requested data for lock!
[21:59:19] Player ([GDF] BAL4COBACO, 76561198296387027)(<7334.615234, 81.730453, 12396.931641>) requested data for lock!
[21:59:19] Player ([GDF] BAL4COBACO, 76561198296387027)(<7334.545410, 81.730453, 12396.727539>) requested data for lock!
[21:59:24] Player ([GDF] BAL4COBACO, 76561198296387027)(<7334.517578, 83.857002, 12397.041992>) requested data for lock!
[21:59:24] Player ([GDF] BAL4COBACO, 76561198296387027)(<7334.590332, 81.730453, 12397.067383>) requested data for lock!
[21:59:24] Player ([GDF] BAL4COBACO, 76561198296387027)(<7334.615234, 81.730453, 12396.931641>) requested data for lock!
[21:59:24] Player ([GDF] BAL4COBACO, 76561198296387027)(<7334.545410, 81.730453, 12396.727539>) requested data for lock!
[21:59:33] Player (Luiz, 76561198008639541)(<7334.517578, 83.857002, 12397.041992>) requested data for lock!
[21:59:33] Player (Luiz, 76561198008639541)(<7334.590332, 81.730453, 12397.067383>) requested data for lock!
[21:59:33] Player (Luiz, 76561198008639541)(<7334.615234, 81.730453, 12396.931641>) requested data for lock!
[21:59:33] Player (Luiz, 76561198008639541)(<7334.545410, 81.730453, 12396.727539>) requested data for lock!
[22:01:52] Player (Luiz, 76561198008639541)(<7334.517578, 83.857002, 12397.041992>) requested data for lock!
[22:01:52] Player (Luiz, 76561198008639541)(<7334.590332, 81.730453, 12397.067383>) requested data for lock!
[22:01:53] Player (Luiz, 76561198008639541)(<7334.615234, 81.730453, 12396.931641>) requested data for lock!
[22:01:53] Player (Luiz, 76561198008639541)(<7334.545410, 81.730453, 12396.727539>) requested data for lock!
[22:01:53] Player ([GDF] BAL4COBACO, 76561198296387027)(<7334.517578, 83.857002, 12397.041992>) requested data for lock!
[22:01:53] Player ([GDF] BAL4COBACO, 76561198296387027)(<7334.590332, 81.730453, 12397.067383>) requested data for lock!
[22:01:53] Player ([GDF] BAL4COBACO, 76561198296387027)(<7334.615234, 81.730453, 12396.931641>) requested data for lock!
[22:01:53] Player ([GDF] BAL4COBACO, 76561198296387027)(<7334.545410, 81.730453, 12396.727539>) requested data for lock!
[22:01:56] Player (Luiz, 76561198008639541)(<7355.947266, 84.361282, 12388.909180>) requested data for lock!
[22:01:56] Player (Luiz, 76561198008639541)(<7355.812500, 81.730453, 12388.950195>) requested data for lock!
[22:01:58] Player ([GDF] BAL4COBACO, 76561198296387027)(<7355.947266, 84.361282, 12388.909180>) requested data for lock!
[22:01:59] Player ([GDF] BAL4COBACO, 76561198296387027)(<7355.812500, 81.730453, 12388.950195>) requested data for lock!
[22:37:57] Player (koril, 76561197969243293)(<9318.663086, 54.329174, 13091.610352>) requested data for lock!
[22:37:57] Player (koril, 76561197969243293)(<9316.858398, 54.329174, 13092.093750>) requested data for lock!
[22:37:57] Player (koril, 76561197969243293)(<9317.154297, 54.329174, 13091.982422>) requested data for lock!
[22:42:25] Player (koril, 76561197969243293)(<9318.663086, 54.329174, 13091.610352>) requested data for lock!
[22:42:25] Player (koril, 76561197969243293)(<9316.858398, 54.329174, 13092.093750>) requested data for lock!
[22:42:25] Player (koril, 76561197969243293)(<9317.154297, 54.329174, 13091.982422>) requested data for lock!
[22:56:22] Player (Big_Steve, 76561198071307767)(<11127.880859, 106.702026, 9501.662109>) requested data for lock!
[23:01:45] Player (Big_Steve, 76561198071307767)(<11127.880859, 106.702026, 9501.662109>) requested data for lock!
[23:02:52] Player (Big_Steve, 76561198071307767)(<11127.880859, 106.702026, 9501.662109>) requested data for lock!
[23:03:53] Player (Big_Steve, 76561198071307767)(<11127.880859, 106.702026, 9501.662109>) requested data for lock!
