[12-09-2024][00.00.21] New Synch Log File Created!
[01:20:44] Player (Big_Steve, 76561198071307767)(<11127.880859, 106.702026, 9501.662109>) requested data for lock!
[01:27:46] Player (Big_Steve, 76561198071307767)(<11127.880859, 106.702026, 9501.662109>) requested data for lock!
[01:30:40] Player (Big_Steve, 76561198071307767)(<11127.880859, 106.702026, 9501.662109>) requested data for lock!
[01:31:22] Player (Big_Steve, 76561198071307767)(<11127.880859, 106.702026, 9501.662109>) requested data for lock!
[01:32:36] Player (Big_Steve, 76561198071307767)(<11127.880859, 106.702026, 9501.662109>) requested data for lock!
[01:35:42] Player (Big_Steve, 76561198071307767)(<11127.880859, 106.702026, 9501.662109>) requested data for lock!
[01:38:27] Player (Big_Steve, 76561198071307767)(<11127.880859, 106.702026, 9501.662109>) requested data for lock!
[02:03:17] Player (jwat, 76561198128499247)(<9317.154297, 54.329174, 13091.982422>) requested data for lock!
[02:03:18] Player (jwat, 76561198128499247)(<9316.858398, 54.329174, 13092.093750>) requested data for lock!
[02:03:18] Player (jwat, 76561198128499247)(<9318.663086, 54.329174, 13091.610352>) requested data for lock!
[03:32:53] Player (Big_Steve, 76561198071307767)(<7626.589844, 10.043742, 8539.645508>) requested data for lock!
[03:33:41] Player (Big_Steve, 76561198071307767)(<7224.133301, 10.915239, 7848.691406>) requested data for lock!
[03:33:43] Player (Big_Steve, 76561198071307767)(<7244.721680, 3.842066, 7828.232910>) requested data for lock!
[03:33:43] Player (Big_Steve, 76561198071307767)(<7241.480957, 3.950430, 7825.958984>) requested data for lock!
[03:50:45] Player (janggoroot, 76561199653822374)(<7626.589844, 10.043742, 8539.645508>) requested data for lock!
[04:18:19] Player (Big_Steve, 76561198071307767)(<11127.880859, 106.702026, 9501.662109>) requested data for lock!
[04:23:29] Player (Big_Steve, 76561198071307767)(<11127.880859, 106.702026, 9501.662109>) requested data for lock!
[12-09-2024][05.00.22] Log file reloaded ( Server Restart )
[08:54:40] Player (Luiz, 76561199770341255)(<7355.812500, 81.730453, 12388.950195>) requested data for lock!
[08:54:40] Player (Luiz, 76561199770341255)(<7355.576172, 81.730453, 12388.914063>) requested data for lock!
[08:54:40] Player (Luiz, 76561199770341255)(<7355.947266, 84.361282, 12388.909180>) requested data for lock!
[12-09-2024][09.00.22] Log file reloaded ( Server Restart )
[09:02:01] Player (Luiz, 76561199770341255)(<7355.812500, 81.730453, 12388.950195>) requested data for lock!
[09:02:01] Player (Luiz, 76561199770341255)(<7355.947266, 84.361282, 12388.909180>) requested data for lock!
[09:02:01] Player (Luiz, 76561199770341255)(<7355.576172, 81.730453, 12388.914063>) requested data for lock!
[09:20:32] Player (MANOWAR, 76561198978595280)(<11127.880859, 106.702026, 9501.662109>) requested data for lock!
[10:13:38] Player (jenkins , 76561197977588602)(<7244.721680, 3.842066, 7828.232910>) requested data for lock!
[10:13:38] Player (jenkins , 76561197977588602)(<7224.133301, 10.915239, 7848.691406>) requested data for lock!
[10:13:38] Player (jenkins , 76561197977588602)(<7241.480957, 3.950430, 7825.958984>) requested data for lock!
[10:46:15] Player (Luiz, 76561199770341255)(<7355.812500, 81.730453, 12388.950195>) requested data for lock!
[10:46:15] Player (Luiz, 76561199770341255)(<7355.947266, 84.361282, 12388.909180>) requested data for lock!
[10:46:15] Player (Luiz, 76561199770341255)(<7355.576172, 81.730453, 12388.914063>) requested data for lock!
[11:17:48] Player (jenkins , 76561197977588602)(<7626.589844, 10.043742, 8539.645508>) requested data for lock!
[11:17:57] Player (jenkins , 76561197977588602)(<7626.589844, 10.043742, 8539.645508>) requested data for lock!
[11:18:59] Player (jenkins , 76561197977588602)(<7626.589844, 10.043742, 8539.645508>) requested data for lock!
[11:19:13] Player (Luiz, 76561199770341255)(<7355.812500, 81.730453, 12388.950195>) requested data for lock!
[11:19:13] Player (Luiz, 76561199770341255)(<7355.947266, 84.361282, 12388.909180>) requested data for lock!
[11:19:13] Player (Luiz, 76561199770341255)(<7355.576172, 81.730453, 12388.914063>) requested data for lock!
[11:19:16] Player (jenkins , 76561197977588602)(<7626.589844, 10.043742, 8539.645508>) requested data for lock!
[11:24:13] Player (Luiz, 76561199770341255)(<9318.663086, 54.329174, 13091.610352>) requested data for lock!
[11:24:13] Player (Luiz, 76561199770341255)(<9317.154297, 54.329174, 13091.982422>) requested data for lock!
[11:24:13] Player (Luiz, 76561199770341255)(<9316.858398, 54.329174, 13092.093750>) requested data for lock!
[11:50:29] Player (jenkins , 76561197977588602)(<7224.133301, 10.915239, 7848.691406>) requested data for lock!
[11:50:33] Player (jenkins , 76561197977588602)(<7241.480957, 3.950430, 7825.958984>) requested data for lock!
[11:50:35] Player (jenkins , 76561197977588602)(<7244.721680, 3.842066, 7828.232910>) requested data for lock!
[11:50:44] Player (jenkins , 76561197977588602)(<7244.721680, 3.842066, 7828.232910>) requested data for lock!
[11:51:06] Player (jenkins , 76561197977588602)(<7224.133301, 10.915239, 7848.691406>) requested data for lock!
[12:07:37] Player (Luiz, 76561198008639541)(<9318.663086, 54.329174, 13091.610352>) requested data for lock!
[12:07:37] Player (Luiz, 76561198008639541)(<9317.154297, 54.329174, 13091.982422>) requested data for lock!
[12:07:37] Player (Luiz, 76561198008639541)(<9316.858398, 54.329174, 13092.093750>) requested data for lock!
[12:27:15] Player (Luiz, 76561198008639541)(<7355.812500, 81.730453, 12388.950195>) requested data for lock!
[12:27:15] Player (Luiz, 76561198008639541)(<7355.947266, 84.361282, 12388.909180>) requested data for lock!
[12:27:21] Player (Luiz, 76561198008639541)(<7355.576172, 81.730453, 12388.914063>) requested data for lock!
[12:46:14] Player (Luiz, 76561199770341255)(<9318.663086, 54.329174, 13091.610352>) requested data for lock!
[12:46:14] Player (Luiz, 76561199770341255)(<9317.154297, 54.329174, 13091.982422>) requested data for lock!
[12:46:14] Player (Luiz, 76561199770341255)(<9316.858398, 54.329174, 13092.093750>) requested data for lock!
[12-09-2024][13.00.24] Log file reloaded ( Server Restart )
[13:01:01] Player (Luiz, 76561199770341255)(<9317.154297, 54.329174, 13091.982422>) requested data for lock!
[13:01:02] Player (Luiz, 76561199770341255)(<9316.858398, 54.329174, 13092.093750>) requested data for lock!
[13:01:02] Player (Luiz, 76561199770341255)(<9318.663086, 54.329174, 13091.610352>) requested data for lock!
[13:05:38] Player (Luiz, 76561199770341255)(<9317.154297, 54.329174, 13091.982422>) requested data for lock!
[13:05:38] Player (Luiz, 76561199770341255)(<9316.858398, 54.329174, 13092.093750>) requested data for lock!
[13:06:06] Player (Luiz, 76561199770341255)(<9317.154297, 54.329174, 13091.982422>) requested data for lock!
[13:06:06] Player (Luiz, 76561199770341255)(<9316.858398, 54.329174, 13092.093750>) requested data for lock!
[13:06:06] Player (Luiz, 76561199770341255)(<9318.663086, 54.329174, 13091.610352>) requested data for lock!
[13:06:39] Player (Luiz, 76561199770341255)(<9317.154297, 54.329174, 13091.982422>) requested data for lock!
[13:06:39] Player (Luiz, 76561199770341255)(<9316.858398, 54.329174, 13092.093750>) requested data for lock!
[13:06:42] Player (Luiz, 76561199770341255)(<9318.663086, 54.329174, 13091.610352>) requested data for lock!
[13:06:48] Player (Luiz, 76561199770341255)(<9317.154297, 54.329174, 13091.982422>) requested data for lock!
[13:06:48] Player (Luiz, 76561199770341255)(<9316.858398, 54.329174, 13092.093750>) requested data for lock!
[13:07:06] Player (Luiz, 76561199770341255)(<9317.154297, 54.329174, 13091.982422>) requested data for lock!
[13:07:06] Player (Luiz, 76561199770341255)(<9316.858398, 54.329174, 13092.093750>) requested data for lock!
[13:07:06] Player (Luiz, 76561199770341255)(<9318.663086, 54.329174, 13091.610352>) requested data for lock!
[13:07:23] Player (Luiz, 76561199770341255)(<9317.154297, 54.329174, 13091.982422>) requested data for lock!
[13:07:23] Player (Luiz, 76561199770341255)(<9316.858398, 54.329174, 13092.093750>) requested data for lock!
[13:07:23] Player (Luiz, 76561199770341255)(<9318.663086, 54.329174, 13091.610352>) requested data for lock!
[13:07:32] Player (Luiz, 76561199770341255)(<9317.154297, 54.329174, 13091.982422>) requested data for lock!
[13:07:32] Player (Luiz, 76561199770341255)(<9318.663086, 54.329174, 13091.610352>) requested data for lock!
[13:08:28] Player (Luiz, 76561199770341255)(<9317.154297, 54.329174, 13091.982422>) requested data for lock!
[13:08:28] Player (Luiz, 76561199770341255)(<9316.858398, 54.329174, 13092.093750>) requested data for lock!
[13:08:28] Player (Luiz, 76561199770341255)(<9318.663086, 54.329174, 13091.610352>) requested data for lock!
[13:08:40] Player (Luiz, 76561199770341255)(<9316.858398, 54.329174, 13092.093750>) requested data for lock!
[13:08:46] Player (Luiz, 76561199770341255)(<9317.154297, 54.329174, 13091.982422>) requested data for lock!
[13:08:46] Player (Luiz, 76561199770341255)(<9316.858398, 54.329174, 13092.093750>) requested data for lock!
[13:08:55] Player (Luiz, 76561199770341255)(<9318.663086, 54.329174, 13091.610352>) requested data for lock!
[13:10:37] Player (Luiz, 76561199770341255)(<7355.812500, 81.730453, 12388.950195>) requested data for lock!
[13:10:37] Player (Luiz, 76561199770341255)(<7355.947266, 84.361282, 12388.909180>) requested data for lock!
[13:10:37] Player (Luiz, 76561199770341255)(<7355.576172, 81.730453, 12388.914063>) requested data for lock!
[13:11:16] Player (Luiz, 76561199770341255)(<7355.812500, 81.730453, 12388.950195>) requested data for lock!
[13:11:16] Player (Luiz, 76561199770341255)(<7355.947266, 84.361282, 12388.909180>) requested data for lock!
[13:11:17] Player (Luiz, 76561199770341255)(<7355.576172, 81.730453, 12388.914063>) requested data for lock!
[13:21:33] Player (Casey, 76561199643612211)(<8909.085938, 15.889824, 1105.763916>) requested data for lock!
[13:24:03] Player (Casey, 76561199643612211)(<8909.085938, 15.889824, 1105.763916>) requested data for lock!
[13:27:23] Player (Casey, 76561199573099150)(<12457.237305, 48.206120, 8419.958008>) requested data for lock!
[13:33:18] Player (janggoroot, 76561199653822374)(<7626.589844, 10.043742, 8539.645508>) requested data for lock!
[13:56:34] Player (Florre1984, 76561198271304685)(<12457.237305, 48.206120, 8419.958008>) requested data for lock!
[14:19:23] Player (Florre1984, 76561198271304685)(<12457.237305, 48.206120, 8419.958008>) requested data for lock!
[14:49:33] Player (janggoroot, 76561199653822374)(<7626.589844, 10.043742, 8539.645508>) requested data for lock!
[16:14:32] Player (sans, 76561199229421873)(<12457.237305, 48.206120, 8419.958008>) requested data for lock!
[16:14:34] Player (brysonZ28, 76561198412009942)(<12457.237305, 48.206120, 8419.958008>) requested data for lock!
[16:30:16] Player (Luiz, 76561199770341255)(<7355.812500, 81.730453, 12388.950195>) requested data for lock!
[16:30:16] Player (Luiz, 76561199770341255)(<7355.947266, 84.361282, 12388.909180>) requested data for lock!
[16:30:16] Player (Luiz, 76561199770341255)(<7355.576172, 81.730453, 12388.914063>) requested data for lock!
[12-09-2024][17.00.24] Log file reloaded ( Server Restart )
[17:00:55] Player (Luiz, 76561199770341255)(<7355.576172, 81.730453, 12388.914063>) requested data for lock!
[17:00:57] Player (Luiz, 76561199770341255)(<7355.812500, 81.730453, 12388.950195>) requested data for lock!
[17:00:57] Player (Luiz, 76561199770341255)(<7355.947266, 84.361282, 12388.909180>) requested data for lock!
[17:29:31] Player (Artur_vs_Swider, 76561198397000155)(<7224.133301, 10.915239, 7848.691406>) requested data for lock!
[17:29:35] Player (Artur_vs_Swider, 76561198397000155)(<7241.480957, 3.950430, 7825.958984>) requested data for lock!
[17:29:36] Player (Artur_vs_Swider, 76561198397000155)(<7244.721680, 3.842066, 7828.232910>) requested data for lock!
[17:34:29] Player (Artur_vs_Swider, 76561198397000155)(<7241.480957, 3.950430, 7825.958984>) requested data for lock!
[17:34:35] Player (Artur_vs_Swider, 76561198397000155)(<7244.721680, 3.842066, 7828.232910>) requested data for lock!
[17:34:58] Player (Artur_vs_Swider, 76561198397000155)(<7626.589844, 10.043742, 8539.645508>) requested data for lock!
[18:32:19] Player (Luiz, 76561199770341255)(<7355.576172, 81.730453, 12388.914063>) requested data for lock!
[18:32:19] Player (Luiz, 76561199770341255)(<7355.812500, 81.730453, 12388.950195>) requested data for lock!
[18:32:19] Player (Luiz, 76561199770341255)(<7355.947266, 84.361282, 12388.909180>) requested data for lock!
[18:35:44] Player (Artur_vs_Swider, 76561198397000155)(<7241.480957, 3.950430, 7825.958984>) requested data for lock!
[18:35:44] Player (Artur_vs_Swider, 76561198397000155)(<7626.589844, 10.043742, 8539.645508>) requested data for lock!
[18:35:44] Player (Artur_vs_Swider, 76561198397000155)(<7244.721680, 3.842066, 7828.232910>) requested data for lock!
[18:35:44] Player (Artur_vs_Swider, 76561198397000155)(<7224.133301, 10.915239, 7848.691406>) requested data for lock!
[18:59:29] Player (Luiz, 76561199770341255)(<7355.576172, 81.730453, 12388.914063>) requested data for lock!
[18:59:29] Player (Luiz, 76561199770341255)(<7355.812500, 81.730453, 12388.950195>) requested data for lock!
[18:59:29] Player (Luiz, 76561199770341255)(<7355.947266, 84.361282, 12388.909180>) requested data for lock!
[19:10:41] Player (Luiz, 76561199770341255)(<7355.576172, 81.730453, 12388.914063>) requested data for lock!
[19:10:41] Player (Luiz, 76561199770341255)(<7355.812500, 81.730453, 12388.950195>) requested data for lock!
[19:10:42] Player (Luiz, 76561199770341255)(<7355.947266, 84.361282, 12388.909180>) requested data for lock!
[19:21:10] Player (Casey, 76561199573099150)(<12457.237305, 48.206120, 8419.958008>) requested data for lock!
[19:29:24] Player (Luiz, 76561199770341255)(<7355.576172, 81.730453, 12388.914063>) requested data for lock!
[19:29:24] Player (Luiz, 76561199770341255)(<7355.812500, 81.730453, 12388.950195>) requested data for lock!
[19:29:24] Player (Luiz, 76561199770341255)(<7355.947266, 84.361282, 12388.909180>) requested data for lock!
[19:31:01] Player (Luiz, 76561199770341255)(<9317.154297, 54.329174, 13091.982422>) requested data for lock!
[19:31:01] Player (Luiz, 76561199770341255)(<9318.663086, 54.329174, 13091.610352>) requested data for lock!
[19:31:01] Player (Luiz, 76561199770341255)(<9316.858398, 54.329174, 13092.093750>) requested data for lock!
[19:40:21] Player (HighTechTerror, 76561197972187582)(<7241.480957, 3.950430, 7825.958984>) requested data for lock!
[19:40:21] Player (HighTechTerror, 76561197972187582)(<7244.721680, 3.842066, 7828.232910>) requested data for lock!
[19:40:23] Player (AssGasket, 76561197974341881)(<7241.480957, 3.950430, 7825.958984>) requested data for lock!
[19:40:23] Player (AssGasket, 76561197974341881)(<7244.721680, 3.842066, 7828.232910>) requested data for lock!
[19:40:32] Player (AssGasket, 76561197974341881)(<7224.133301, 10.915239, 7848.691406>) requested data for lock!
[19:40:33] Player (HighTechTerror, 76561197972187582)(<7224.133301, 10.915239, 7848.691406>) requested data for lock!
[19:42:05] Player (Artur_vs_Swider, 76561198397000155)(<7626.589844, 10.043742, 8539.645508>) requested data for lock!
[19:50:50] Player (Artur_vs_Swider, 76561198397000155)(<7626.589844, 10.043742, 8539.645508>) requested data for lock!
[20:03:26] Player (Artur_vs_Swider, 76561198397000155)(<7224.133301, 10.915239, 7848.691406>) requested data for lock!
[20:03:33] Player (Artur_vs_Swider, 76561198397000155)(<7241.480957, 3.950430, 7825.958984>) requested data for lock!
[20:03:33] Player (Artur_vs_Swider, 76561198397000155)(<7244.721680, 3.842066, 7828.232910>) requested data for lock!
[20:13:04] Player (Luiz, 76561199770341255)(<7355.576172, 81.730453, 12388.914063>) requested data for lock!
[20:13:04] Player (Luiz, 76561199770341255)(<7355.812500, 81.730453, 12388.950195>) requested data for lock!
[20:13:04] Player (Luiz, 76561199770341255)(<7355.947266, 84.361282, 12388.909180>) requested data for lock!
[20:20:46] Player (Casey, 76561199643612211)(<8909.085938, 15.889824, 1105.763916>) requested data for lock!
[12-09-2024][21.00.22] Log file reloaded ( Server Restart )
[21:00:55] Player (Luiz, 76561199770341255)(<7355.576172, 81.730453, 12388.914063>) requested data for lock!
[21:00:55] Player (Luiz, 76561199770341255)(<7355.812500, 81.730453, 12388.950195>) requested data for lock!
[21:00:57] Player (Luiz, 76561199770341255)(<7355.947266, 84.361282, 12388.909180>) requested data for lock!
[21:22:43] Player (Casey, 76561199643612211)(<8909.085938, 15.889824, 1105.763916>) requested data for lock!
[21:31:43] Player (Casey, 76561199643612211)(<8899.131836, 15.554780, 1105.990234>) requested data for lock!
[21:57:23] Player (Luiz, 76561199770341255)(<7355.576172, 81.730453, 12388.914063>) requested data for lock!
[21:57:23] Player (Luiz, 76561199770341255)(<7355.812500, 81.730453, 12388.950195>) requested data for lock!
[21:57:24] Player (Luiz, 76561199770341255)(<7355.947266, 84.361282, 12388.909180>) requested data for lock!
[22:31:14] Player (Casey, 76561199643612211)(<8909.085938, 15.889824, 1105.763916>) requested data for lock!
[22:31:14] Player (Casey, 76561199643612211)(<8899.131836, 15.554780, 1105.990234>) requested data for lock!
[22:33:12] Player (Casey, 76561199643612211)(<8909.085938, 15.889824, 1105.763916>) requested data for lock!
[22:33:12] Player (Casey, 76561199643612211)(<8899.131836, 15.554780, 1105.990234>) requested data for lock!
