[12-22-2024][00.00.22] New Synch Log File Created!
[02:05:22] Player (Draco, 76561198302078718)(<4860.642578, 5.412148, 11283.935547>) requested data for lock!
[02:05:22] Player (Draco, 76561198302078718)(<4862.399414, 5.761878, 11325.787109>) requested data for lock!
[02:05:22] Player (Draco, 76561198302078718)(<4870.733887, 5.627413, 11321.759766>) requested data for lock!
[02:05:22] Player (Draco, 76561198302078718)(<4871.779297, 5.720881, 11321.981445>) requested data for lock!
[02:05:22] Player (Draco, 76561198302078718)(<4859.762207, 5.448579, 11280.096680>) requested data for lock!
[02:19:52] Player (Draco, 76561198302078718)(<6042.112793, 34.846451, 10435.593750>) requested data for lock!
[02:19:53] Player (Draco, 76561198302078718)(<6044.596680, 34.846451, 10431.335938>) requested data for lock!
[02:22:52] Player (Draco, 76561198302078718)(<5746.929199, 70.849586, 8893.775391>) requested data for lock!
[02:42:30] Player (Draco, 76561198302078718)(<4870.733887, 5.627413, 11321.759766>) requested data for lock!
[02:42:31] Player (Draco, 76561198302078718)(<4871.779297, 5.720881, 11321.981445>) requested data for lock!
[02:42:32] Player (Draco, 76561198302078718)(<4862.399414, 5.761878, 11325.787109>) requested data for lock!
[02:42:33] Player (Draco, 76561198302078718)(<4860.642578, 5.412148, 11283.935547>) requested data for lock!
[02:42:33] Player (Draco, 76561198302078718)(<4859.762207, 5.448579, 11280.096680>) requested data for lock!
[02:45:23] Player (Draco, 76561198302078718)(<6044.596680, 34.846451, 10431.335938>) requested data for lock!
[02:45:23] Player (Draco, 76561198302078718)(<6042.112793, 34.846451, 10435.593750>) requested data for lock!
[02:54:52] Player (Draco, 76561198302078718)(<6042.112793, 34.846451, 10435.593750>) requested data for lock!
[02:54:54] Player (Draco, 76561198302078718)(<6044.596680, 34.846451, 10431.335938>) requested data for lock!
[03:11:05] Player (Draco, 76561198302078718)(<4870.733887, 5.627413, 11321.759766>) requested data for lock!
[12-22-2024][05.00.22] Log file reloaded ( Server Restart )
[07:17:14] Player (Luiz, 76561199770341255)(<12457.237305, 48.206120, 8419.958008>) requested data for lock!
[07:24:00] Player (Luiz, 76561199770341255)(<12457.237305, 48.206120, 8419.958008>) requested data for lock!
[07:30:46] Player (Luiz, 76561199770341255)(<9316.858398, 54.329174, 13092.093750>) requested data for lock!
[07:30:46] Player (Luiz, 76561199770341255)(<9318.663086, 54.329174, 13091.610352>) requested data for lock!
[07:30:47] Player (Luiz, 76561199770341255)(<9317.154297, 54.329174, 13091.982422>) requested data for lock!
[12-22-2024][09.00.21] Log file reloaded ( Server Restart )
[09:13:07] Player (Daryl Dixon, 76561199573099150)(<8868.722656, 16.043911, 1134.363281>) requested data for lock!
[09:13:07] Player (Daryl Dixon, 76561199573099150)(<8909.085938, 15.889824, 1105.763916>) requested data for lock!
[09:13:07] Player (Daryl Dixon, 76561199573099150)(<8871.601563, 16.228077, 1138.634155>) requested data for lock!
[09:13:07] Player (Daryl Dixon, 76561199573099150)(<8899.131836, 15.554780, 1105.990234>) requested data for lock!
[09:16:35] Player (Draco, 76561198302078718)(<4862.399414, 5.761878, 11325.787109>) requested data for lock!
[09:16:35] Player (Draco, 76561198302078718)(<4870.733887, 5.627413, 11321.759766>) requested data for lock!
[09:16:35] Player (Draco, 76561198302078718)(<4871.779297, 5.720881, 11321.981445>) requested data for lock!
[09:16:35] Player (Draco, 76561198302078718)(<4859.762207, 5.448579, 11280.096680>) requested data for lock!
[09:16:35] Player (Draco, 76561198302078718)(<4860.642578, 5.412148, 11283.935547>) requested data for lock!
[12:47:32] Player (Scorpion, 76561197993341683)(<5746.929199, 70.849586, 8893.775391>) requested data for lock!
[12-22-2024][13.00.23] Log file reloaded ( Server Restart )
[13:00:56] Player (Scorpion, 76561197993341683)(<5746.929199, 70.849586, 8893.775391>) requested data for lock!
[13:33:06] Player (HighTechTerror, 76561197972187582)(<5746.929199, 70.849586, 8893.775391>) requested data for lock!
[13:33:11] Player (AssGasket, 76561197974341881)(<5746.929199, 70.849586, 8893.775391>) requested data for lock!
[13:56:12] Player (koril, 76561197969243293)(<9318.663086, 54.329174, 13091.610352>) requested data for lock!
[13:56:12] Player (koril, 76561197969243293)(<9316.858398, 54.329174, 13092.093750>) requested data for lock!
[13:56:12] Player (koril, 76561197969243293)(<9317.154297, 54.329174, 13091.982422>) requested data for lock!
[13:58:10] Player (spamin8r, 76561197975275353)(<5746.929199, 70.849586, 8893.775391>) requested data for lock!
[13:58:21] Player (FreeRanger, 76561198035689928)(<7626.640137, 10.043794, 8539.677734>) requested data for lock!
[14:00:54] Player (koril, 76561197969243293)(<9318.663086, 54.329174, 13091.610352>) requested data for lock!
[14:00:54] Player (koril, 76561197969243293)(<9316.858398, 54.329174, 13092.093750>) requested data for lock!
[14:00:54] Player (koril, 76561197969243293)(<9317.154297, 54.329174, 13091.982422>) requested data for lock!
[14:07:44] Player (koril, 76561197969243293)(<9318.663086, 54.329174, 13091.610352>) requested data for lock!
[14:07:44] Player (koril, 76561197969243293)(<9316.858398, 54.329174, 13092.093750>) requested data for lock!
[14:07:44] Player (koril, 76561197969243293)(<9317.154297, 54.329174, 13091.982422>) requested data for lock!
[14:15:57] Player (FreeRanger, 76561198035689928)(<8041.888184, 27.662138, 7867.689453>) requested data for lock!
[14:15:57] Player (FreeRanger, 76561198035689928)(<8046.105957, 27.662138, 7867.672363>) requested data for lock!
[14:15:57] Player (FreeRanger, 76561198035689928)(<8048.060547, 27.662161, 7867.532227>) requested data for lock!
[14:15:58] Player (FreeRanger, 76561198035689928)(<8072.392578, 27.662115, 7855.935059>) requested data for lock!
[14:15:59] Player (FreeRanger, 76561198035689928)(<8066.057129, 27.662161, 7856.242676>) requested data for lock!
[14:15:59] Player (FreeRanger, 76561198035689928)(<8051.116699, 27.662161, 7863.484375>) requested data for lock!
[14:15:59] Player (FreeRanger, 76561198035689928)(<8064.213379, 27.662161, 7856.570801>) requested data for lock!
[14:21:08] Player (FreeRanger, 76561198035689928)(<7244.721680, 3.842066, 7828.232910>) requested data for lock!
[14:21:11] Player (FreeRanger, 76561198035689928)(<7241.480957, 3.950430, 7825.958984>) requested data for lock!
[14:21:12] Player (FreeRanger, 76561198035689928)(<7224.133301, 10.915239, 7848.691406>) requested data for lock!
[14:27:06] Player (FreeRanger, 76561198035689928)(<7241.480957, 3.950430, 7825.958984>) requested data for lock!
[14:27:07] Player (FreeRanger, 76561198035689928)(<7244.721680, 3.842066, 7828.232910>) requested data for lock!
[14:27:08] Player (FreeRanger, 76561198035689928)(<7224.133301, 10.915239, 7848.691406>) requested data for lock!
[14:37:13] Player (koril, 76561197969243293)(<7334.590332, 81.730453, 12397.067383>) requested data for lock!
[14:37:14] Player (koril, 76561197969243293)(<7334.545410, 81.730453, 12396.727539>) requested data for lock!
[14:37:14] Player (koril, 76561197969243293)(<7334.615234, 81.730453, 12396.931641>) requested data for lock!
[14:37:14] Player (koril, 76561197969243293)(<7334.517578, 83.857002, 12397.041992>) requested data for lock!
[14:37:15] Player (koril, 76561197969243293)(<7359.518066, 86.602303, 12394.140625>) requested data for lock!
[14:37:18] Player (koril, 76561197969243293)(<7355.248535, 81.730453, 12388.920898>) requested data for lock!
[14:37:18] Player (koril, 76561197969243293)(<7355.454102, 81.730453, 12388.909180>) requested data for lock!
[14:37:18] Player (koril, 76561197969243293)(<7360.089844, 82.019249, 12389.973633>) requested data for lock!
[14:37:18] Player (koril, 76561197969243293)(<7355.812500, 81.730453, 12388.950195>) requested data for lock!
[14:37:19] Player (koril, 76561197969243293)(<7355.947266, 84.361282, 12388.909180>) requested data for lock!
[14:37:19] Player (koril, 76561197969243293)(<7355.576172, 81.730453, 12388.914063>) requested data for lock!
[14:39:28] Player (koril, 76561197969243293)(<7334.590332, 81.730453, 12397.067383>) requested data for lock!
[14:39:28] Player (koril, 76561197969243293)(<7334.545410, 81.730453, 12396.727539>) requested data for lock!
[14:39:28] Player (koril, 76561197969243293)(<7334.615234, 81.730453, 12396.931641>) requested data for lock!
[14:39:29] Player (koril, 76561197969243293)(<7334.517578, 83.857002, 12397.041992>) requested data for lock!
[14:39:33] Player (koril, 76561197969243293)(<7355.248535, 81.730453, 12388.920898>) requested data for lock!
[14:39:33] Player (koril, 76561197969243293)(<7355.454102, 81.730453, 12388.909180>) requested data for lock!
[14:39:33] Player (koril, 76561197969243293)(<7355.812500, 81.730453, 12388.950195>) requested data for lock!
[14:39:34] Player (koril, 76561197969243293)(<7355.947266, 84.361282, 12388.909180>) requested data for lock!
[14:39:34] Player (koril, 76561197969243293)(<7359.518066, 86.602303, 12394.140625>) requested data for lock!
[14:39:34] Player (koril, 76561197969243293)(<7355.576172, 81.730453, 12388.914063>) requested data for lock!
[14:39:36] Player (koril, 76561197969243293)(<7360.089844, 82.019249, 12389.973633>) requested data for lock!
[14:49:29] Player (spamin8r, 76561197975275353)(<7241.480957, 3.950430, 7825.958984>) requested data for lock!
[14:49:30] Player (spamin8r, 76561197975275353)(<7224.133301, 10.915239, 7848.691406>) requested data for lock!
[14:49:32] Player (spamin8r, 76561197975275353)(<7244.721680, 3.842066, 7828.232910>) requested data for lock!
[14:49:47] Player (spamin8r, 76561197975275353)(<7241.480957, 3.950430, 7825.958984>) requested data for lock!
[14:49:48] Player (spamin8r, 76561197975275353)(<7224.133301, 10.915239, 7848.691406>) requested data for lock!
[14:49:51] Player (spamin8r, 76561197975275353)(<7244.721680, 3.842066, 7828.232910>) requested data for lock!
[14:49:57] Player (spamin8r, 76561197975275353)(<7244.721680, 3.842066, 7828.232910>) requested data for lock!
[14:50:12] Player (HighTechTerror, 76561197972187582)(<7224.133301, 10.915239, 7848.691406>) requested data for lock!
[14:50:15] Player (HighTechTerror, 76561197972187582)(<7241.480957, 3.950430, 7825.958984>) requested data for lock!
[14:50:18] Player (Scorpion, 76561197993341683)(<7241.480957, 3.950430, 7825.958984>) requested data for lock!
[14:50:18] Player (Scorpion, 76561197993341683)(<7224.133301, 10.915239, 7848.691406>) requested data for lock!
[14:50:23] Player (Scorpion, 76561197993341683)(<7244.721680, 3.842066, 7828.232910>) requested data for lock!
[14:50:34] Player (HighTechTerror, 76561197972187582)(<7241.480957, 3.950430, 7825.958984>) requested data for lock!
[14:50:34] Player (HighTechTerror, 76561197972187582)(<7224.133301, 10.915239, 7848.691406>) requested data for lock!
[14:51:16] Player (spamin8r, 76561197975275353)(<7241.480957, 3.950430, 7825.958984>) requested data for lock!
[14:51:16] Player (spamin8r, 76561197975275353)(<7244.721680, 3.842066, 7828.232910>) requested data for lock!
[14:51:16] Player (spamin8r, 76561197975275353)(<7224.133301, 10.915239, 7848.691406>) requested data for lock!
[14:51:29] Player (Scorpion, 76561197993341683)(<7241.480957, 3.950430, 7825.958984>) requested data for lock!
[14:51:29] Player (Scorpion, 76561197993341683)(<7224.133301, 10.915239, 7848.691406>) requested data for lock!
[14:51:32] Player (Scorpion, 76561197993341683)(<7244.721680, 3.842066, 7828.232910>) requested data for lock!
[14:52:43] Player (HighTechTerror, 76561197972187582)(<7224.133301, 10.915239, 7848.691406>) requested data for lock!
[14:52:44] Player (AssGasket, 76561197974341881)(<7224.133301, 10.915239, 7848.691406>) requested data for lock!
[14:52:46] Player (HighTechTerror, 76561197972187582)(<7241.480957, 3.950430, 7825.958984>) requested data for lock!
[14:52:46] Player (HighTechTerror, 76561197972187582)(<7244.721680, 3.842066, 7828.232910>) requested data for lock!
[14:52:47] Player (AssGasket, 76561197974341881)(<7241.480957, 3.950430, 7825.958984>) requested data for lock!
[14:52:50] Player (AssGasket, 76561197974341881)(<7244.721680, 3.842066, 7828.232910>) requested data for lock!
[15:11:17] Player (Luiz, 76561199770341255)(<9318.663086, 54.329174, 13091.610352>) requested data for lock!
[15:11:17] Player (Luiz, 76561199770341255)(<9316.858398, 54.329174, 13092.093750>) requested data for lock!
[15:11:17] Player (Luiz, 76561199770341255)(<9317.154297, 54.329174, 13091.982422>) requested data for lock!
[15:20:57] Player (spamin8r, 76561197975275353)(<8041.888184, 27.662138, 7867.689453>) requested data for lock!
[15:20:57] Player (spamin8r, 76561197975275353)(<8046.105957, 27.662138, 7867.672363>) requested data for lock!
[15:20:57] Player (spamin8r, 76561197975275353)(<8048.060547, 27.662161, 7867.532227>) requested data for lock!
[15:20:58] Player (spamin8r, 76561197975275353)(<8051.116699, 27.662161, 7863.484375>) requested data for lock!
[15:21:38] Player (spamin8r, 76561197975275353)(<8046.105957, 27.662138, 7867.672363>) requested data for lock!
[15:21:41] Player (spamin8r, 76561197975275353)(<8048.060547, 27.662161, 7867.532227>) requested data for lock!
[15:21:41] Player (spamin8r, 76561197975275353)(<8051.116699, 27.662161, 7863.484375>) requested data for lock!
[15:21:44] Player (Scorpion, 76561197993341683)(<8041.888184, 27.662138, 7867.689453>) requested data for lock!
[15:21:44] Player (Scorpion, 76561197993341683)(<8046.105957, 27.662138, 7867.672363>) requested data for lock!
[15:21:47] Player (Scorpion, 76561197993341683)(<8048.060547, 27.662161, 7867.532227>) requested data for lock!
[15:21:47] Player (Scorpion, 76561197993341683)(<8051.116699, 27.662161, 7863.484375>) requested data for lock!
[15:21:52] Player (HighTechTerror, 76561197972187582)(<8041.888184, 27.662138, 7867.689453>) requested data for lock!
[15:21:53] Player (HighTechTerror, 76561197972187582)(<8046.105957, 27.662138, 7867.672363>) requested data for lock!
[15:21:53] Player (HighTechTerror, 76561197972187582)(<8048.060547, 27.662161, 7867.532227>) requested data for lock!
[15:21:53] Player (HighTechTerror, 76561197972187582)(<8051.116699, 27.662161, 7863.484375>) requested data for lock!
[15:21:53] Player (Scorpion, 76561197993341683)(<8066.057129, 27.662161, 7856.242676>) requested data for lock!
[15:21:53] Player (Scorpion, 76561197993341683)(<8064.213379, 27.662161, 7856.570801>) requested data for lock!
[15:21:56] Player (AssGasket, 76561197974341881)(<8041.888184, 27.662138, 7867.689453>) requested data for lock!
[15:21:56] Player (AssGasket, 76561197974341881)(<8046.105957, 27.662138, 7867.672363>) requested data for lock!
[15:21:57] Player (AssGasket, 76561197974341881)(<8048.060547, 27.662161, 7867.532227>) requested data for lock!
[15:21:57] Player (AssGasket, 76561197974341881)(<8051.116699, 27.662161, 7863.484375>) requested data for lock!
[15:21:59] Player (HighTechTerror, 76561197972187582)(<8072.392578, 27.662115, 7855.935059>) requested data for lock!
[15:21:59] Player (HighTechTerror, 76561197972187582)(<8066.057129, 27.662161, 7856.242676>) requested data for lock!
[15:21:59] Player (HighTechTerror, 76561197972187582)(<8064.213379, 27.662161, 7856.570801>) requested data for lock!
[15:22:02] Player (Scorpion, 76561197993341683)(<8064.213379, 27.662161, 7856.570801>) requested data for lock!
[15:22:05] Player (Scorpion, 76561197993341683)(<8072.392578, 27.662115, 7855.935059>) requested data for lock!
[15:22:05] Player (Scorpion, 76561197993341683)(<8066.057129, 27.662161, 7856.242676>) requested data for lock!
[15:22:57] Player (spamin8r, 76561197975275353)(<8064.213379, 27.662161, 7856.570801>) requested data for lock!
[15:23:00] Player (spamin8r, 76561197975275353)(<8066.057129, 27.662161, 7856.242676>) requested data for lock!
[15:24:41] Player (FreeRanger, 76561198035689928)(<7626.640137, 10.043794, 8539.677734>) requested data for lock!
[15:36:13] Player (AssGasket, 76561197974341881)(<8041.888184, 27.662138, 7867.689453>) requested data for lock!
[15:36:22] Player (AssGasket, 76561197974341881)(<8046.105957, 27.662138, 7867.672363>) requested data for lock!
[15:42:20] Player (HighTechTerror, 76561197972187582)(<7626.640137, 10.043794, 8539.677734>) requested data for lock!
[15:42:22] Player (spamin8r, 76561197975275353)(<7626.640137, 10.043794, 8539.677734>) requested data for lock!
[15:42:25] Player (Scorpion, 76561197993341683)(<7626.640137, 10.043794, 8539.677734>) requested data for lock!
[15:42:28] Player (AssGasket, 76561197974341881)(<7626.640137, 10.043794, 8539.677734>) requested data for lock!
[15:43:29] Player (spamin8r, 76561197975275353)(<8041.888184, 27.662138, 7867.689453>) requested data for lock!
[15:43:29] Player (spamin8r, 76561197975275353)(<8046.105957, 27.662138, 7867.672363>) requested data for lock!
[15:43:31] Player (spamin8r, 76561197975275353)(<8048.060547, 27.662161, 7867.532227>) requested data for lock!
[15:43:31] Player (spamin8r, 76561197975275353)(<8051.116699, 27.662161, 7863.484375>) requested data for lock!
[15:43:33] Player (HighTechTerror, 76561197972187582)(<8041.888184, 27.662138, 7867.689453>) requested data for lock!
[15:43:34] Player (HighTechTerror, 76561197972187582)(<8046.105957, 27.662138, 7867.672363>) requested data for lock!
[15:43:34] Player (HighTechTerror, 76561197972187582)(<8048.060547, 27.662161, 7867.532227>) requested data for lock!
[15:43:34] Player (HighTechTerror, 76561197972187582)(<8051.116699, 27.662161, 7863.484375>) requested data for lock!
[15:43:39] Player (spamin8r, 76561197975275353)(<8066.057129, 27.662161, 7856.242676>) requested data for lock!
[15:43:39] Player (spamin8r, 76561197975275353)(<8064.213379, 27.662161, 7856.570801>) requested data for lock!
[15:43:39] Player (HighTechTerror, 76561197972187582)(<8066.057129, 27.662161, 7856.242676>) requested data for lock!
[15:43:39] Player (HighTechTerror, 76561197972187582)(<8064.213379, 27.662161, 7856.570801>) requested data for lock!
[15:43:40] Player (spamin8r, 76561197975275353)(<8072.392578, 27.662115, 7855.935059>) requested data for lock!
[15:43:42] Player (HighTechTerror, 76561197972187582)(<8072.392578, 27.662115, 7855.935059>) requested data for lock!
[15:43:52] Player (AssGasket, 76561197974341881)(<8041.888184, 27.662138, 7867.689453>) requested data for lock!
[15:44:22] Player (AssGasket, 76561197974341881)(<8046.105957, 27.662138, 7867.672363>) requested data for lock!
[15:44:22] Player (AssGasket, 76561197974341881)(<8048.060547, 27.662161, 7867.532227>) requested data for lock!
[15:44:22] Player (AssGasket, 76561197974341881)(<8051.116699, 27.662161, 7863.484375>) requested data for lock!
[15:44:24] Player (Scorpion, 76561197993341683)(<8041.888184, 27.662138, 7867.689453>) requested data for lock!
[15:44:24] Player (Scorpion, 76561197993341683)(<8046.105957, 27.662138, 7867.672363>) requested data for lock!
[15:44:24] Player (Scorpion, 76561197993341683)(<8048.060547, 27.662161, 7867.532227>) requested data for lock!
[15:44:24] Player (Scorpion, 76561197993341683)(<8051.116699, 27.662161, 7863.484375>) requested data for lock!
[15:44:26] Player (AssGasket, 76561197974341881)(<8072.392578, 27.662115, 7855.935059>) requested data for lock!
[15:44:26] Player (AssGasket, 76561197974341881)(<8066.057129, 27.662161, 7856.242676>) requested data for lock!
[15:44:27] Player (AssGasket, 76561197974341881)(<8064.213379, 27.662161, 7856.570801>) requested data for lock!
[15:44:29] Player (Scorpion, 76561197993341683)(<8066.057129, 27.662161, 7856.242676>) requested data for lock!
[15:44:29] Player (Scorpion, 76561197993341683)(<8064.213379, 27.662161, 7856.570801>) requested data for lock!
[15:44:32] Player (Scorpion, 76561197993341683)(<8072.392578, 27.662115, 7855.935059>) requested data for lock!
[15:51:16] Player (spamin8r, 76561197975275353)(<8072.392578, 27.662115, 7855.935059>) requested data for lock!
[15:52:33] Player (HighTechTerror, 76561197972187582)(<8048.060547, 27.662161, 7867.532227>) requested data for lock!
[15:52:52] Player (HighTechTerror, 76561197972187582)(<8051.116699, 27.662161, 7863.484375>) requested data for lock!
[15:53:27] Player (HighTechTerror, 76561197972187582)(<8066.057129, 27.662161, 7856.242676>) requested data for lock!
[15:53:27] Player (HighTechTerror, 76561197972187582)(<8064.213379, 27.662161, 7856.570801>) requested data for lock!
[15:53:33] Player (HighTechTerror, 76561197972187582)(<8072.392578, 27.662115, 7855.935059>) requested data for lock!
[15:54:29] Player (HighTechTerror, 76561197972187582)(<8072.392578, 27.662115, 7855.935059>) requested data for lock!
[15:55:28] Player (AssGasket, 76561197974341881)(<8066.057129, 27.662161, 7856.242676>) requested data for lock!
[15:55:28] Player (AssGasket, 76561197974341881)(<8064.213379, 27.662161, 7856.570801>) requested data for lock!
[15:55:31] Player (AssGasket, 76561197974341881)(<8072.392578, 27.662115, 7855.935059>) requested data for lock!
[15:55:32] Player (HighTechTerror, 76561197972187582)(<8072.392578, 27.662115, 7855.935059>) requested data for lock!
[16:36:41] Player (Luiz, 76561199770341255)(<9318.663086, 54.329174, 13091.610352>) requested data for lock!
[16:36:43] Player (Luiz, 76561199770341255)(<9316.858398, 54.329174, 13092.093750>) requested data for lock!
[16:36:43] Player (Luiz, 76561199770341255)(<9317.154297, 54.329174, 13091.982422>) requested data for lock!
[16:47:41] Player (Crashfool, 76561198289145406)(<6044.596680, 34.846451, 10431.335938>) requested data for lock!
[16:47:41] Player (Crashfool, 76561198289145406)(<6042.112793, 34.846451, 10435.593750>) requested data for lock!
[16:47:41] Player (Crashfool, 76561198289145406)(<5746.929199, 70.849586, 8893.775391>) requested data for lock!
[16:50:11] Player (BILL, 76561198814955756)(<8072.392578, 27.662115, 7855.935059>) requested data for lock!
[16:50:11] Player (BILL, 76561198814955756)(<8066.057129, 27.662161, 7856.242676>) requested data for lock!
[16:50:11] Player (BILL, 76561198814955756)(<8064.213379, 27.662161, 7856.570801>) requested data for lock!
[16:50:15] Player (BILL, 76561198814955756)(<8046.105957, 27.662138, 7867.672363>) requested data for lock!
[16:50:15] Player (BILL, 76561198814955756)(<8048.060547, 27.662161, 7867.532227>) requested data for lock!
[16:50:15] Player (BILL, 76561198814955756)(<8051.116699, 27.662161, 7863.484375>) requested data for lock!
[16:50:16] Player (BILL, 76561198814955756)(<8041.888184, 27.662138, 7867.689453>) requested data for lock!
[16:52:24] Player (BILL, 76561198814955756)(<7241.480957, 3.950430, 7825.958984>) requested data for lock!
[16:52:24] Player (BILL, 76561198814955756)(<7244.721680, 3.842066, 7828.232910>) requested data for lock!
[16:52:29] Player (BILL, 76561198814955756)(<7224.133301, 10.915239, 7848.691406>) requested data for lock!
[16:52:32] Player (BILL, 76561198814955756)(<7626.640137, 10.043794, 8539.677734>) requested data for lock!
[16:53:08] Player (Luiz, 76561199770341255)(<7360.089844, 82.019249, 12389.973633>) requested data for lock!
[16:53:09] Player (Luiz, 76561199770341255)(<7359.518066, 86.602303, 12394.140625>) requested data for lock!
[16:53:14] Player (Luiz, 76561199770341255)(<7355.248535, 81.730453, 12388.920898>) requested data for lock!
[16:53:15] Player (Luiz, 76561199770341255)(<7355.454102, 81.730453, 12388.909180>) requested data for lock!
[16:53:15] Player (Luiz, 76561199770341255)(<7355.812500, 81.730453, 12388.950195>) requested data for lock!
[16:53:15] Player (Luiz, 76561199770341255)(<7355.947266, 84.361282, 12388.909180>) requested data for lock!
[16:53:15] Player (Luiz, 76561199770341255)(<7355.576172, 81.730453, 12388.914063>) requested data for lock!
[16:53:27] Player (Luiz, 76561199770341255)(<7334.590332, 81.730453, 12397.067383>) requested data for lock!
[16:53:27] Player (Luiz, 76561199770341255)(<7334.545410, 81.730453, 12396.727539>) requested data for lock!
[16:53:27] Player (Luiz, 76561199770341255)(<7334.615234, 81.730453, 12396.931641>) requested data for lock!
[16:53:27] Player (Luiz, 76561199770341255)(<7334.517578, 83.857002, 12397.041992>) requested data for lock!
[16:54:39] Player (Crashfool, 76561198289145406)(<6044.596680, 34.846451, 10431.335938>) requested data for lock!
[16:54:39] Player (Crashfool, 76561198289145406)(<6042.112793, 34.846451, 10435.593750>) requested data for lock!
[16:57:14] Player (HighTechTerror, 76561197972187582)(<9318.663086, 54.329174, 13091.610352>) requested data for lock!
[16:57:15] Player (HighTechTerror, 76561197972187582)(<9316.858398, 54.329174, 13092.093750>) requested data for lock!
[16:57:15] Player (HighTechTerror, 76561197972187582)(<9317.154297, 54.329174, 13091.982422>) requested data for lock!
[16:57:19] Player (Scorpion, 76561197993341683)(<9318.663086, 54.329174, 13091.610352>) requested data for lock!
[16:57:19] Player (Scorpion, 76561197993341683)(<9316.858398, 54.329174, 13092.093750>) requested data for lock!
[16:57:19] Player (Scorpion, 76561197993341683)(<9317.154297, 54.329174, 13091.982422>) requested data for lock!
[16:57:29] Player (AssGasket, 76561197974341881)(<9318.663086, 54.329174, 13091.610352>) requested data for lock!
[16:57:29] Player (AssGasket, 76561197974341881)(<9316.858398, 54.329174, 13092.093750>) requested data for lock!
[16:57:30] Player (AssGasket, 76561197974341881)(<9317.154297, 54.329174, 13091.982422>) requested data for lock!
[16:57:33] Player (spamin8r, 76561197975275353)(<9318.663086, 54.329174, 13091.610352>) requested data for lock!
[16:57:34] Player (spamin8r, 76561197975275353)(<9316.858398, 54.329174, 13092.093750>) requested data for lock!
[16:57:34] Player (spamin8r, 76561197975275353)(<9317.154297, 54.329174, 13091.982422>) requested data for lock!
[16:57:57] Player (Scorpion, 76561197993341683)(<9318.663086, 54.329174, 13091.610352>) requested data for lock!
[16:57:57] Player (Scorpion, 76561197993341683)(<9316.858398, 54.329174, 13092.093750>) requested data for lock!
[16:57:57] Player (Scorpion, 76561197993341683)(<9317.154297, 54.329174, 13091.982422>) requested data for lock!
[12-22-2024][17.00.23] Log file reloaded ( Server Restart )
[17:00:58] Player (Scorpion, 76561197993341683)(<9316.858398, 54.329174, 13092.093750>) requested data for lock!
[17:00:58] Player (Scorpion, 76561197993341683)(<9318.663086, 54.329174, 13091.610352>) requested data for lock!
[17:00:58] Player (Scorpion, 76561197993341683)(<9317.154297, 54.329174, 13091.982422>) requested data for lock!
[17:00:59] Player (spamin8r, 76561197975275353)(<9316.858398, 54.329174, 13092.093750>) requested data for lock!
[17:00:59] Player (spamin8r, 76561197975275353)(<9318.663086, 54.329174, 13091.610352>) requested data for lock!
[17:00:59] Player (spamin8r, 76561197975275353)(<9317.154297, 54.329174, 13091.982422>) requested data for lock!
[17:00:59] Player (AssGasket, 76561197974341881)(<9316.858398, 54.329174, 13092.093750>) requested data for lock!
[17:00:59] Player (AssGasket, 76561197974341881)(<9318.663086, 54.329174, 13091.610352>) requested data for lock!
[17:00:59] Player (AssGasket, 76561197974341881)(<9317.154297, 54.329174, 13091.982422>) requested data for lock!
[17:01:00] Player (HighTechTerror, 76561197972187582)(<9316.858398, 54.329174, 13092.093750>) requested data for lock!
[17:01:00] Player (HighTechTerror, 76561197972187582)(<9318.663086, 54.329174, 13091.610352>) requested data for lock!
[17:01:00] Player (HighTechTerror, 76561197972187582)(<9317.154297, 54.329174, 13091.982422>) requested data for lock!
[17:01:36] Player (Luiz, 76561199770341255)(<7334.545410, 81.730453, 12396.727539>) requested data for lock!
[17:01:37] Player (Luiz, 76561199770341255)(<7334.590332, 81.730453, 12397.067383>) requested data for lock!
[17:01:37] Player (Luiz, 76561199770341255)(<7334.517578, 83.857002, 12397.041992>) requested data for lock!
[17:01:37] Player (Luiz, 76561199770341255)(<7355.812500, 81.730453, 12388.950195>) requested data for lock!
[17:01:38] Player (Luiz, 76561199770341255)(<7359.518066, 86.602303, 12394.140625>) requested data for lock!
[17:01:38] Player (Luiz, 76561199770341255)(<7355.454102, 81.730453, 12388.909180>) requested data for lock!
[17:01:38] Player (Luiz, 76561199770341255)(<7360.089844, 82.019249, 12389.973633>) requested data for lock!
[17:01:38] Player (Luiz, 76561199770341255)(<7355.947266, 84.361282, 12388.909180>) requested data for lock!
[17:01:38] Player (Luiz, 76561199770341255)(<7334.615234, 81.730453, 12396.931641>) requested data for lock!
[17:01:38] Player (Luiz, 76561199770341255)(<7355.248535, 81.730453, 12388.920898>) requested data for lock!
[17:01:39] Player (Luiz, 76561199770341255)(<7355.576172, 81.730453, 12388.914063>) requested data for lock!
[17:03:02] Player (BILL, 76561198814955756)(<7626.640137, 10.043794, 8539.677734>) requested data for lock!
[17:03:02] Player (BILL, 76561198814955756)(<7244.721680, 3.842066, 7828.232910>) requested data for lock!
[17:03:02] Player (BILL, 76561198814955756)(<7224.133301, 10.915239, 7848.691406>) requested data for lock!
[17:03:02] Player (BILL, 76561198814955756)(<7241.480957, 3.950430, 7825.958984>) requested data for lock!
[17:03:02] Player (BILL, 76561198814955756)(<8048.060547, 27.662161, 7867.532227>) requested data for lock!
[17:03:03] Player (BILL, 76561198814955756)(<8064.213379, 27.662161, 7856.570801>) requested data for lock!
[17:03:03] Player (BILL, 76561198814955756)(<8046.105957, 27.662138, 7867.672363>) requested data for lock!
[17:03:03] Player (BILL, 76561198814955756)(<8072.392578, 27.662115, 7855.935059>) requested data for lock!
[17:03:03] Player (BILL, 76561198814955756)(<8051.116699, 27.662161, 7863.484375>) requested data for lock!
[17:03:03] Player (BILL, 76561198814955756)(<8066.057129, 27.662161, 7856.242676>) requested data for lock!
[17:03:04] Player (BILL, 76561198814955756)(<8041.888184, 27.662138, 7867.689453>) requested data for lock!
[17:05:32] Player (Crashfool, 76561198289145406)(<5746.929199, 70.849586, 8893.775391>) requested data for lock!
[17:05:33] Player (Crashfool, 76561198289145406)(<6042.112793, 34.846451, 10435.593750>) requested data for lock!
[17:05:33] Player (Crashfool, 76561198289145406)(<6044.596680, 34.846451, 10431.335938>) requested data for lock!
[17:27:59] Player (Luiz, 76561199770341255)(<6042.112793, 34.846451, 10435.593750>) requested data for lock!
[17:27:59] Player (Luiz, 76561199770341255)(<6044.596680, 34.846451, 10431.335938>) requested data for lock!
[17:33:38] Player (koril, 76561197969243293)(<7334.545410, 81.730453, 12396.727539>) requested data for lock!
[17:33:38] Player (koril, 76561197969243293)(<7334.590332, 81.730453, 12397.067383>) requested data for lock!
[17:33:38] Player (koril, 76561197969243293)(<7334.517578, 83.857002, 12397.041992>) requested data for lock!
[17:33:38] Player (koril, 76561197969243293)(<7355.812500, 81.730453, 12388.950195>) requested data for lock!
[17:33:38] Player (koril, 76561197969243293)(<7359.518066, 86.602303, 12394.140625>) requested data for lock!
[17:33:38] Player (koril, 76561197969243293)(<7355.454102, 81.730453, 12388.909180>) requested data for lock!
[17:33:38] Player (koril, 76561197969243293)(<7360.089844, 82.019249, 12389.973633>) requested data for lock!
[17:33:38] Player (koril, 76561197969243293)(<7355.947266, 84.361282, 12388.909180>) requested data for lock!
[17:33:38] Player (koril, 76561197969243293)(<7334.615234, 81.730453, 12396.931641>) requested data for lock!
[17:33:38] Player (koril, 76561197969243293)(<7355.248535, 81.730453, 12388.920898>) requested data for lock!
[17:33:38] Player (koril, 76561197969243293)(<7355.576172, 81.730453, 12388.914063>) requested data for lock!
[17:41:14] Player (Crashfool, 76561198289145406)(<5746.929199, 70.849586, 8893.775391>) requested data for lock!
[17:41:35] Player (Crashfool, 76561198289145406)(<5746.929199, 70.849586, 8893.775391>) requested data for lock!
[17:42:34] Player (koril, 76561197969243293)(<4871.779297, 5.720881, 11321.981445>) requested data for lock!
[17:42:35] Player (koril, 76561197969243293)(<4870.733887, 5.627413, 11321.759766>) requested data for lock!
[17:42:35] Player (koril, 76561197969243293)(<4862.399414, 5.761878, 11325.787109>) requested data for lock!
[17:42:41] Player (koril, 76561197969243293)(<4860.642578, 5.412148, 11283.935547>) requested data for lock!
[17:42:44] Player (koril, 76561197969243293)(<4859.762207, 5.448579, 11280.096680>) requested data for lock!
[17:42:45] Player (Luiz, 76561199770341255)(<7626.640137, 10.043794, 8539.677734>) requested data for lock!
[17:49:09] Player (Luiz, 76561199770341255)(<8048.060547, 27.662161, 7867.532227>) requested data for lock!
[17:49:09] Player (Luiz, 76561199770341255)(<8046.105957, 27.662138, 7867.672363>) requested data for lock!
[17:49:09] Player (Luiz, 76561199770341255)(<8041.888184, 27.662138, 7867.689453>) requested data for lock!
[17:49:10] Player (Luiz, 76561199770341255)(<8051.116699, 27.662161, 7863.484375>) requested data for lock!
[17:49:29] Player (Luiz, 76561199770341255)(<7224.133301, 10.915239, 7848.691406>) requested data for lock!
[17:49:34] Player (Luiz, 76561199770341255)(<7244.721680, 3.842066, 7828.232910>) requested data for lock!
[17:49:34] Player (Luiz, 76561199770341255)(<7241.480957, 3.950430, 7825.958984>) requested data for lock!
[17:49:42] Player (Luiz, 76561199770341255)(<8041.888184, 27.662138, 7867.689453>) requested data for lock!
[17:49:44] Player (Luiz, 76561199770341255)(<8048.060547, 27.662161, 7867.532227>) requested data for lock!
[17:49:45] Player (Luiz, 76561199770341255)(<8046.105957, 27.662138, 7867.672363>) requested data for lock!
[17:49:59] Player (Luiz, 76561199770341255)(<8051.116699, 27.662161, 7863.484375>) requested data for lock!
[17:50:07] Player (BILL, 76561198814955756)(<8048.060547, 27.662161, 7867.532227>) requested data for lock!
[17:50:07] Player (BILL, 76561198814955756)(<8046.105957, 27.662138, 7867.672363>) requested data for lock!
[17:50:07] Player (BILL, 76561198814955756)(<8051.116699, 27.662161, 7863.484375>) requested data for lock!
[17:50:07] Player (BILL, 76561198814955756)(<8041.888184, 27.662138, 7867.689453>) requested data for lock!
[17:50:10] Player (BILL, 76561198814955756)(<8064.213379, 27.662161, 7856.570801>) requested data for lock!
[17:50:10] Player (BILL, 76561198814955756)(<8066.057129, 27.662161, 7856.242676>) requested data for lock!
[17:50:18] Player (Luiz, 76561199770341255)(<8051.116699, 27.662161, 7863.484375>) requested data for lock!
[17:50:47] Player (Luiz, 76561199770341255)(<8064.213379, 27.662161, 7856.570801>) requested data for lock!
[17:50:47] Player (Luiz, 76561199770341255)(<8066.057129, 27.662161, 7856.242676>) requested data for lock!
[17:50:50] Player (Luiz, 76561199770341255)(<8072.392578, 27.662115, 7855.935059>) requested data for lock!
[17:57:53] Player (BILL, 76561198814955756)(<8064.213379, 27.662161, 7856.570801>) requested data for lock!
[17:57:53] Player (BILL, 76561198814955756)(<8072.392578, 27.662115, 7855.935059>) requested data for lock!
[17:57:53] Player (BILL, 76561198814955756)(<8066.057129, 27.662161, 7856.242676>) requested data for lock!
[18:01:39] Player (Draco, 76561198302078718)(<4859.762207, 5.448579, 11280.096680>) requested data for lock!
[18:01:39] Player (Draco, 76561198302078718)(<4871.779297, 5.720881, 11321.981445>) requested data for lock!
[18:01:39] Player (Draco, 76561198302078718)(<4870.733887, 5.627413, 11321.759766>) requested data for lock!
[18:01:39] Player (Draco, 76561198302078718)(<4860.642578, 5.412148, 11283.935547>) requested data for lock!
[18:01:39] Player (Draco, 76561198302078718)(<4862.399414, 5.761878, 11325.787109>) requested data for lock!
[18:09:49] Player (Luiz, 76561199770341255)(<7626.640137, 10.043794, 8539.677734>) requested data for lock!
[18:09:49] Player (Luiz, 76561199770341255)(<7244.721680, 3.842066, 7828.232910>) requested data for lock!
[18:09:49] Player (Luiz, 76561199770341255)(<7224.133301, 10.915239, 7848.691406>) requested data for lock!
[18:09:49] Player (Luiz, 76561199770341255)(<7241.480957, 3.950430, 7825.958984>) requested data for lock!
[18:09:49] Player (Luiz, 76561199770341255)(<8048.060547, 27.662161, 7867.532227>) requested data for lock!
[18:09:49] Player (Luiz, 76561199770341255)(<8064.213379, 27.662161, 7856.570801>) requested data for lock!
[18:09:49] Player (Luiz, 76561199770341255)(<8046.105957, 27.662138, 7867.672363>) requested data for lock!
[18:09:49] Player (Luiz, 76561199770341255)(<8072.392578, 27.662115, 7855.935059>) requested data for lock!
[18:09:49] Player (Luiz, 76561199770341255)(<8051.116699, 27.662161, 7863.484375>) requested data for lock!
[18:09:49] Player (Luiz, 76561199770341255)(<8066.057129, 27.662161, 7856.242676>) requested data for lock!
[18:09:49] Player (Luiz, 76561199770341255)(<8041.888184, 27.662138, 7867.689453>) requested data for lock!
[18:21:03] Player (Luiz, 76561199770341255)(<5746.929199, 70.849586, 8893.775391>) requested data for lock!
[19:23:47] Player (FreeRanger, 76561198035689928)(<7626.640137, 10.043794, 8539.677734>) requested data for lock!
[19:23:47] Player (FreeRanger, 76561198035689928)(<7244.721680, 3.842066, 7828.232910>) requested data for lock!
[19:23:47] Player (FreeRanger, 76561198035689928)(<7224.133301, 10.915239, 7848.691406>) requested data for lock!
[19:23:47] Player (FreeRanger, 76561198035689928)(<7241.480957, 3.950430, 7825.958984>) requested data for lock!
[19:23:47] Player (FreeRanger, 76561198035689928)(<8048.060547, 27.662161, 7867.532227>) requested data for lock!
[19:23:47] Player (FreeRanger, 76561198035689928)(<8064.213379, 27.662161, 7856.570801>) requested data for lock!
[19:23:47] Player (FreeRanger, 76561198035689928)(<8046.105957, 27.662138, 7867.672363>) requested data for lock!
[19:23:47] Player (FreeRanger, 76561198035689928)(<8072.392578, 27.662115, 7855.935059>) requested data for lock!
[19:23:47] Player (FreeRanger, 76561198035689928)(<8051.116699, 27.662161, 7863.484375>) requested data for lock!
[19:23:47] Player (FreeRanger, 76561198035689928)(<8066.057129, 27.662161, 7856.242676>) requested data for lock!
[19:23:47] Player (FreeRanger, 76561198035689928)(<8041.888184, 27.662138, 7867.689453>) requested data for lock!
[19:44:06] Player (FreeRanger, 76561198035689928)(<7626.640137, 10.043794, 8539.677734>) requested data for lock!
[19:49:25] Player (FreeRanger, 76561198035689928)(<7224.133301, 10.915239, 7848.691406>) requested data for lock!
[19:49:25] Player (FreeRanger, 76561198035689928)(<8041.888184, 27.662138, 7867.689453>) requested data for lock!
[19:49:26] Player (FreeRanger, 76561198035689928)(<8048.060547, 27.662161, 7867.532227>) requested data for lock!
[19:49:27] Player (FreeRanger, 76561198035689928)(<8046.105957, 27.662138, 7867.672363>) requested data for lock!
[19:49:27] Player (FreeRanger, 76561198035689928)(<8051.116699, 27.662161, 7863.484375>) requested data for lock!
[19:49:28] Player (FreeRanger, 76561198035689928)(<7244.721680, 3.842066, 7828.232910>) requested data for lock!
[19:49:28] Player (FreeRanger, 76561198035689928)(<7241.480957, 3.950430, 7825.958984>) requested data for lock!
[19:49:28] Player (FreeRanger, 76561198035689928)(<8064.213379, 27.662161, 7856.570801>) requested data for lock!
[19:49:28] Player (FreeRanger, 76561198035689928)(<8072.392578, 27.662115, 7855.935059>) requested data for lock!
[19:49:29] Player (FreeRanger, 76561198035689928)(<8066.057129, 27.662161, 7856.242676>) requested data for lock!
[19:49:43] Player (FreeRanger, 76561198035689928)(<8072.392578, 27.662115, 7855.935059>) requested data for lock!
[19:58:50] Player (Dexbonus, 76561198011458101)(<12457.237305, 48.206120, 8419.958008>) requested data for lock!
[20:08:18] Player (Dexbonus, 76561198011458101)(<12457.237305, 48.206120, 8419.958008>) requested data for lock!
[12-22-2024][21.00.23] Log file reloaded ( Server Restart )
[21:01:10] Player (FreeRanger, 76561198035689928)(<7626.640137, 10.043794, 8539.677734>) requested data for lock!
[21:01:10] Player (FreeRanger, 76561198035689928)(<7241.480957, 3.950430, 7825.958984>) requested data for lock!
[21:01:10] Player (FreeRanger, 76561198035689928)(<7244.721680, 3.842066, 7828.232910>) requested data for lock!
[21:01:10] Player (FreeRanger, 76561198035689928)(<7224.133301, 10.915239, 7848.691406>) requested data for lock!
[21:01:10] Player (FreeRanger, 76561198035689928)(<8046.105957, 27.662138, 7867.672363>) requested data for lock!
[21:01:10] Player (FreeRanger, 76561198035689928)(<8066.057129, 27.662161, 7856.242676>) requested data for lock!
[21:01:11] Player (FreeRanger, 76561198035689928)(<8041.888184, 27.662138, 7867.689453>) requested data for lock!
[21:01:11] Player (FreeRanger, 76561198035689928)(<8064.213379, 27.662161, 7856.570801>) requested data for lock!
[21:01:11] Player (FreeRanger, 76561198035689928)(<8051.116699, 27.662161, 7863.484375>) requested data for lock!
[21:01:11] Player (FreeRanger, 76561198035689928)(<8072.392578, 27.662115, 7855.935059>) requested data for lock!
[21:01:11] Player (FreeRanger, 76561198035689928)(<8048.060547, 27.662161, 7867.532227>) requested data for lock!
[21:20:00] Player (Peppermint Mooseknuckle , 76561198085909974)(<9317.154297, 54.329174, 13091.982422>) requested data for lock!
[21:20:00] Player (Peppermint Mooseknuckle , 76561198085909974)(<9316.858398, 54.329174, 13092.093750>) requested data for lock!
[21:20:00] Player (Peppermint Mooseknuckle , 76561198085909974)(<9318.663086, 54.329174, 13091.610352>) requested data for lock!
[21:20:07] Player (Kandy Kane Kinkster, 76561199350668750)(<9317.154297, 54.329174, 13091.982422>) requested data for lock!
[21:20:07] Player (Kandy Kane Kinkster, 76561199350668750)(<9316.858398, 54.329174, 13092.093750>) requested data for lock!
[21:20:07] Player (Kandy Kane Kinkster, 76561199350668750)(<9318.663086, 54.329174, 13091.610352>) requested data for lock!
[21:24:37] Player (Peppermint Mooseknuckle , 76561198085909974)(<9317.154297, 54.329174, 13091.982422>) requested data for lock!
[21:24:37] Player (Peppermint Mooseknuckle , 76561198085909974)(<9316.858398, 54.329174, 13092.093750>) requested data for lock!
[21:24:37] Player (Peppermint Mooseknuckle , 76561198085909974)(<9318.663086, 54.329174, 13091.610352>) requested data for lock!
[21:26:28] Player (anotherbuffoon, 76561198041157323)(<11127.880859, 106.702026, 9501.662109>) requested data for lock!
[21:26:29] Player (Daidax238, 76561198168407981)(<11127.880859, 106.702026, 9501.662109>) requested data for lock!
[21:34:04] Player (Kandy Kane Kinkster, 76561199350668750)(<9318.663086, 54.329174, 13091.610352>) requested data for lock!
[21:34:08] Player (Kandy Kane Kinkster, 76561199350668750)(<9317.154297, 54.329174, 13091.982422>) requested data for lock!
[21:34:08] Player (Kandy Kane Kinkster, 76561199350668750)(<9316.858398, 54.329174, 13092.093750>) requested data for lock!
[21:36:05] Player (Jort, 76561198112503879)(<11127.880859, 106.702026, 9501.662109>) requested data for lock!
[21:49:49] Player (Draco, 76561198302078718)(<4859.762207, 5.448579, 11280.096680>) requested data for lock!
[21:49:49] Player (Draco, 76561198302078718)(<4862.399414, 5.761878, 11325.787109>) requested data for lock!
[21:49:49] Player (Draco, 76561198302078718)(<4871.779297, 5.720881, 11321.981445>) requested data for lock!
[21:49:49] Player (Draco, 76561198302078718)(<4870.733887, 5.627413, 11321.759766>) requested data for lock!
[21:49:49] Player (Draco, 76561198302078718)(<4860.642578, 5.412148, 11283.935547>) requested data for lock!
[21:56:54] Player (anotherbuffoon, 76561198041157323)(<11127.880859, 106.702026, 9501.662109>) requested data for lock!
[21:58:55] Player (FreeRanger, 76561198035689928)(<8072.392578, 27.662115, 7855.935059>) requested data for lock!
[21:58:56] Player (FreeRanger, 76561198035689928)(<8066.057129, 27.662161, 7856.242676>) requested data for lock!
[21:58:57] Player (FreeRanger, 76561198035689928)(<8064.213379, 27.662161, 7856.570801>) requested data for lock!
[21:58:57] Player (FreeRanger, 76561198035689928)(<8051.116699, 27.662161, 7863.484375>) requested data for lock!
[21:58:57] Player (FreeRanger, 76561198035689928)(<8048.060547, 27.662161, 7867.532227>) requested data for lock!
[21:58:58] Player (FreeRanger, 76561198035689928)(<8046.105957, 27.662138, 7867.672363>) requested data for lock!
[21:58:58] Player (FreeRanger, 76561198035689928)(<8041.888184, 27.662138, 7867.689453>) requested data for lock!
[22:00:18] Player (FreeRanger, 76561198035689928)(<8072.392578, 27.662115, 7855.935059>) requested data for lock!
[22:00:19] Player (FreeRanger, 76561198035689928)(<8046.105957, 27.662138, 7867.672363>) requested data for lock!
[22:00:19] Player (FreeRanger, 76561198035689928)(<8066.057129, 27.662161, 7856.242676>) requested data for lock!
[22:00:19] Player (FreeRanger, 76561198035689928)(<8064.213379, 27.662161, 7856.570801>) requested data for lock!
[22:00:19] Player (FreeRanger, 76561198035689928)(<8051.116699, 27.662161, 7863.484375>) requested data for lock!
[22:00:20] Player (FreeRanger, 76561198035689928)(<8048.060547, 27.662161, 7867.532227>) requested data for lock!
[22:00:21] Player (FreeRanger, 76561198035689928)(<8041.888184, 27.662138, 7867.689453>) requested data for lock!
[22:00:48] Player (FreeRanger, 76561198035689928)(<7626.640137, 10.043794, 8539.677734>) requested data for lock!
[22:04:08] Player (FreeRanger, 76561198035689928)(<7241.480957, 3.950430, 7825.958984>) requested data for lock!
[22:04:09] Player (FreeRanger, 76561198035689928)(<7244.721680, 3.842066, 7828.232910>) requested data for lock!
[22:04:11] Player (FreeRanger, 76561198035689928)(<7224.133301, 10.915239, 7848.691406>) requested data for lock!
[22:04:55] Player (Draco, 76561198302078718)(<6042.112793, 34.846451, 10435.593750>) requested data for lock!
[22:04:56] Player (Draco, 76561198302078718)(<6044.596680, 34.846451, 10431.335938>) requested data for lock!
[22:19:29] Player (Jort, 76561198112503879)(<11127.880859, 106.702026, 9501.662109>) requested data for lock!
[23:04:28] Player (Shazbot, 76561198047887191)(<12474.789063, 10.632333, 2383.812988>) requested data for lock!
[23:06:02] Player (jstone113, 76561199013854003)(<12474.789063, 10.632333, 2383.812988>) requested data for lock!
[23:29:55] Player (Shazbot, 76561198047887191)(<12474.789063, 10.632333, 2383.812988>) requested data for lock!
[23:35:19] Player (jstone113, 76561199013854003)(<12474.789063, 10.632333, 2383.812988>) requested data for lock!
[23:36:18] Player (jstone113, 76561199013854003)(<12474.789063, 10.632333, 2383.812988>) requested data for lock!
[23:37:11] Player (jstone113, 76561199013854003)(<12474.789063, 10.632333, 2383.812988>) requested data for lock!
[23:38:30] Player ((DDAB) Tsar James, 76561198032650597)(<12457.237305, 48.206120, 8419.958008>) requested data for lock!
[23:43:24] Player (Shazbot, 76561198047887191)(<12474.789063, 10.632333, 2383.812988>) requested data for lock!
[23:49:58] Player (CONTROL, 76561197967168101)(<5746.929199, 70.849586, 8893.775391>) requested data for lock!
