[12-03-2024][00.00.24] New Synch Log File Created!
[00:00:56] Player (Str8OutOfSakhal, 76561198059271375)(<7224.133301, 10.915239, 7848.691406>) requested data for lock!
[00:00:56] Player (Str8OutOfSakhal, 76561198059271375)(<7241.480957, 3.950430, 7825.958984>) requested data for lock!
[00:01:45] Player (Draco, 76561198302078718)(<7224.133301, 10.915239, 7848.691406>) requested data for lock!
[00:01:45] Player (Draco, 76561198302078718)(<7241.480957, 3.950430, 7825.958984>) requested data for lock!
[00:27:51] Player (Str8OutOfSakhal, 76561198059271375)(<7224.133301, 10.915239, 7848.691406>) requested data for lock!
[00:27:51] Player (Draco, 76561198302078718)(<7224.133301, 10.915239, 7848.691406>) requested data for lock!
[00:27:53] Player (Str8OutOfSakhal, 76561198059271375)(<7241.480957, 3.950430, 7825.958984>) requested data for lock!
[00:27:54] Player (Draco, 76561198302078718)(<7241.480957, 3.950430, 7825.958984>) requested data for lock!
[00:45:59] Player (Draco, 76561198302078718)(<7241.480957, 3.950430, 7825.958984>) requested data for lock!
[00:45:59] Player (Str8OutOfSakhal, 76561198059271375)(<7241.480957, 3.950430, 7825.958984>) requested data for lock!
[00:46:01] Player (Draco, 76561198302078718)(<7224.133301, 10.915239, 7848.691406>) requested data for lock!
[00:46:01] Player (Str8OutOfSakhal, 76561198059271375)(<7224.133301, 10.915239, 7848.691406>) requested data for lock!
[01:01:51] Player (Str8OutOfSakhal, 76561198059271375)(<7244.721680, 3.842066, 7828.232910>) requested data for lock!
[01:01:51] Player (Draco, 76561198302078718)(<7244.721680, 3.842066, 7828.232910>) requested data for lock!
[01:02:06] Player (Str8OutOfSakhal, 76561198059271375)(<7244.721680, 3.842066, 7828.232910>) requested data for lock!
[01:02:06] Player (Draco, 76561198302078718)(<7244.721680, 3.842066, 7828.232910>) requested data for lock!
[01:18:55] Player (Loki, 76561199282403539)(<7244.721680, 3.842066, 7828.232910>) requested data for lock!
[01:18:55] Player (Loki, 76561199282403539)(<7224.133301, 10.915239, 7848.691406>) requested data for lock!
[01:18:56] Player (Loki, 76561199282403539)(<7241.480957, 3.950430, 7825.958984>) requested data for lock!
[01:19:36] Player (Str8OutOfSakhal, 76561198059271375)(<7244.721680, 3.842066, 7828.232910>) requested data for lock!
[01:19:36] Player (Loki, 76561199282403539)(<7244.721680, 3.842066, 7828.232910>) requested data for lock!
[01:38:53] Player (Draco, 76561198302078718)(<7224.133301, 10.915239, 7848.691406>) requested data for lock!
[01:39:02] Player (Draco, 76561198302078718)(<7241.480957, 3.950430, 7825.958984>) requested data for lock!
[01:39:03] Player (Draco, 76561198302078718)(<7244.721680, 3.842066, 7828.232910>) requested data for lock!
[01:45:54] Player (Draco, 76561198302078718)(<7244.721680, 3.842066, 7828.232910>) requested data for lock!
[01:47:30] Player (Loki, 76561199282403539)(<7244.721680, 3.842066, 7828.232910>) requested data for lock!
[01:47:31] Player (Loki, 76561199282403539)(<7224.133301, 10.915239, 7848.691406>) requested data for lock!
[01:47:33] Player (Loki, 76561199282403539)(<7241.480957, 3.950430, 7825.958984>) requested data for lock!
[02:48:23] Player (Draco, 76561199543393674)(<9318.663086, 54.329174, 13091.610352>) requested data for lock!
[02:48:23] Player (Draco, 76561199543393674)(<9317.154297, 54.329174, 13091.982422>) requested data for lock!
[02:58:19] Player (Draco, 76561199543393674)(<9318.663086, 54.329174, 13091.610352>) requested data for lock!
[02:58:19] Player (Draco, 76561199543393674)(<9317.154297, 54.329174, 13091.982422>) requested data for lock!
[12-03-2024][05.00.24] Log file reloaded ( Server Restart )
[05:51:20] Player ([amoeba-pl] mpp, 76561198005164849)(<7244.721680, 3.842066, 7828.232910>) requested data for lock!
[05:51:21] Player ([amoeba-pl] mpp, 76561198005164849)(<7241.480957, 3.950430, 7825.958984>) requested data for lock!
[05:51:22] Player (Solis, 76561198168999541)(<7244.721680, 3.842066, 7828.232910>) requested data for lock!
[05:51:23] Player (Solis, 76561198168999541)(<7241.480957, 3.950430, 7825.958984>) requested data for lock!
[05:51:23] Player ([amoeba-pl] mpp, 76561198005164849)(<7224.133301, 10.915239, 7848.691406>) requested data for lock!
[05:51:25] Player (Solis, 76561198168999541)(<7224.133301, 10.915239, 7848.691406>) requested data for lock!
[06:59:26] Player ([amoeba-pl] mpp, 76561198005164849)(<7244.721680, 3.842066, 7828.232910>) requested data for lock!
[06:59:26] Player ([amoeba-pl] mpp, 76561198005164849)(<7224.133301, 10.915239, 7848.691406>) requested data for lock!
[06:59:26] Player ([amoeba-pl] mpp, 76561198005164849)(<7241.480957, 3.950430, 7825.958984>) requested data for lock!
[08:11:52] Player ([amoeba-pl] mpp, 76561198005164849)(<7244.721680, 3.842066, 7828.232910>) requested data for lock!
[08:11:52] Player ([amoeba-pl] mpp, 76561198005164849)(<7224.133301, 10.915239, 7848.691406>) requested data for lock!
[08:11:52] Player ([amoeba-pl] mpp, 76561198005164849)(<7241.480957, 3.950430, 7825.958984>) requested data for lock!
[08:27:36] Player (Luiz, 76561199770341255)(<9318.663086, 54.329174, 13091.610352>) requested data for lock!
[08:27:36] Player (Luiz, 76561199770341255)(<9317.154297, 54.329174, 13091.982422>) requested data for lock!
[08:31:31] Player (Luiz, 76561199770341255)(<9318.663086, 54.329174, 13091.610352>) requested data for lock!
[08:31:43] Player (Luiz, 76561199770341255)(<9317.154297, 54.329174, 13091.982422>) requested data for lock!
[08:38:49] Player (Luiz, 76561198008639541)(<9318.663086, 54.329174, 13091.610352>) requested data for lock!
[08:38:49] Player (Luiz, 76561198008639541)(<9317.154297, 54.329174, 13091.982422>) requested data for lock!
[08:40:43] Player (Solis, 76561198168999541)(<7244.721680, 3.842066, 7828.232910>) requested data for lock!
[08:40:43] Player (Solis, 76561198168999541)(<7224.133301, 10.915239, 7848.691406>) requested data for lock!
[08:40:43] Player (Solis, 76561198168999541)(<7241.480957, 3.950430, 7825.958984>) requested data for lock!
[08:45:22] Player ([amoeba-pl] mpp, 76561198005164849)(<7244.721680, 3.842066, 7828.232910>) requested data for lock!
[08:45:22] Player ([amoeba-pl] mpp, 76561198005164849)(<7224.133301, 10.915239, 7848.691406>) requested data for lock!
[08:45:22] Player ([amoeba-pl] mpp, 76561198005164849)(<7241.480957, 3.950430, 7825.958984>) requested data for lock!
[12-03-2024][09.00.22] Log file reloaded ( Server Restart )
[09:00:56] Player (Solis, 76561198168999541)(<7244.721680, 3.842066, 7828.232910>) requested data for lock!
[09:00:56] Player (Solis, 76561198168999541)(<7224.133301, 10.915239, 7848.691406>) requested data for lock!
[09:00:56] Player (Solis, 76561198168999541)(<7241.480957, 3.950430, 7825.958984>) requested data for lock!
[09:01:17] Player ([amoeba-pl] mpp, 76561198005164849)(<7244.721680, 3.842066, 7828.232910>) requested data for lock!
[09:01:17] Player ([amoeba-pl] mpp, 76561198005164849)(<7224.133301, 10.915239, 7848.691406>) requested data for lock!
[09:01:17] Player ([amoeba-pl] mpp, 76561198005164849)(<7241.480957, 3.950430, 7825.958984>) requested data for lock!
[09:02:13] Player (Luiz, 76561198008639541)(<9318.663086, 54.329174, 13091.610352>) requested data for lock!
[09:02:13] Player (Luiz, 76561198008639541)(<9317.154297, 54.329174, 13091.982422>) requested data for lock!
[10:37:12] Player ([GDF] BAL4COBACO, 76561198296387027)(<9318.663086, 54.329174, 13091.610352>) requested data for lock!
[10:37:12] Player ([GDF] BAL4COBACO, 76561198296387027)(<9317.154297, 54.329174, 13091.982422>) requested data for lock!
[11:17:44] Player (Solis, 76561198168999541)(<7244.721680, 3.842066, 7828.232910>) requested data for lock!
[11:17:44] Player (Solis, 76561198168999541)(<7224.133301, 10.915239, 7848.691406>) requested data for lock!
[11:17:44] Player (Solis, 76561198168999541)(<7241.480957, 3.950430, 7825.958984>) requested data for lock!
[12:38:08] Player (Siets, 76561197968205278)(<7244.721680, 3.842066, 7828.232910>) requested data for lock!
[12:38:11] Player (Siets, 76561197968205278)(<7241.480957, 3.950430, 7825.958984>) requested data for lock!
[12:38:17] Player (Siets, 76561197968205278)(<7224.133301, 10.915239, 7848.691406>) requested data for lock!
[12:40:15] Player (FreeRanger, 76561198035689928)(<7244.721680, 3.842066, 7828.232910>) requested data for lock!
[12:40:15] Player (FreeRanger, 76561198035689928)(<7224.133301, 10.915239, 7848.691406>) requested data for lock!
[12:40:15] Player (FreeRanger, 76561198035689928)(<7241.480957, 3.950430, 7825.958984>) requested data for lock!
[12:45:35] Player (CONTROL, 76561197967168101)(<6044.596680, 34.846451, 10431.335938>) requested data for lock!
[12-03-2024][13.00.24] Log file reloaded ( Server Restart )
[13:55:08] Player (Str8OutOfSakhal, 76561198059271375)(<7224.133301, 10.915239, 7848.691406>) requested data for lock!
[13:55:08] Player (Str8OutOfSakhal, 76561198059271375)(<7244.721680, 3.842066, 7828.232910>) requested data for lock!
[13:55:08] Player (Str8OutOfSakhal, 76561198059271375)(<7241.480957, 3.950430, 7825.958984>) requested data for lock!
[14:01:35] Player (Siets, 76561197968205278)(<7224.133301, 10.915239, 7848.691406>) requested data for lock!
[14:01:35] Player (Siets, 76561197968205278)(<7244.721680, 3.842066, 7828.232910>) requested data for lock!
[14:01:35] Player (Siets, 76561197968205278)(<7241.480957, 3.950430, 7825.958984>) requested data for lock!
[14:19:48] Player (CONTROL, 76561197967168101)(<6044.596680, 34.846451, 10431.335938>) requested data for lock!
[14:26:32] Player (CONTROL, 76561197967168101)(<6042.112793, 34.846451, 10435.593750>) requested data for lock!
[14:33:20] Player (Str8OutOfSakhal, 76561198059271375)(<7224.133301, 10.915239, 7848.691406>) requested data for lock!
[14:33:20] Player (Str8OutOfSakhal, 76561198059271375)(<7244.721680, 3.842066, 7828.232910>) requested data for lock!
[14:33:20] Player (Str8OutOfSakhal, 76561198059271375)(<7241.480957, 3.950430, 7825.958984>) requested data for lock!
[14:38:24] Player ([amoeba-pl] mpp, 76561198005164849)(<7224.133301, 10.915239, 7848.691406>) requested data for lock!
[14:38:24] Player ([amoeba-pl] mpp, 76561198005164849)(<7244.721680, 3.842066, 7828.232910>) requested data for lock!
[14:38:24] Player ([amoeba-pl] mpp, 76561198005164849)(<7241.480957, 3.950430, 7825.958984>) requested data for lock!
[14:48:07] Player (Luiz, 76561198008639541)(<9318.663086, 54.329174, 13091.610352>) requested data for lock!
[14:48:07] Player (Luiz, 76561198008639541)(<9317.154297, 54.329174, 13091.982422>) requested data for lock!
[15:01:54] Player (Draco, 76561198302078718)(<7224.133301, 10.915239, 7848.691406>) requested data for lock!
[15:01:54] Player (Draco, 76561198302078718)(<7244.721680, 3.842066, 7828.232910>) requested data for lock!
[15:01:54] Player (Draco, 76561198302078718)(<7241.480957, 3.950430, 7825.958984>) requested data for lock!
[15:02:34] Player (Str8OutOfSakhal, 76561198059271375)(<7224.133301, 10.915239, 7848.691406>) requested data for lock!
[15:02:34] Player (Str8OutOfSakhal, 76561198059271375)(<7244.721680, 3.842066, 7828.232910>) requested data for lock!
[15:02:34] Player (Str8OutOfSakhal, 76561198059271375)(<7241.480957, 3.950430, 7825.958984>) requested data for lock!
[15:03:48] Player (Str8OutOfSakhal, 76561198059271375)(<7224.133301, 10.915239, 7848.691406>) requested data for lock!
[15:03:48] Player (Str8OutOfSakhal, 76561198059271375)(<7244.721680, 3.842066, 7828.232910>) requested data for lock!
[15:03:48] Player (Str8OutOfSakhal, 76561198059271375)(<7241.480957, 3.950430, 7825.958984>) requested data for lock!
[15:10:49] Player (brysonZ28, 76561198412009942)(<12457.237305, 48.206120, 8419.958008>) requested data for lock!
[15:10:49] Player (Florre1984, 76561198271304685)(<12457.237305, 48.206120, 8419.958008>) requested data for lock!
[15:10:55] Player (Luiz, 76561199770341255)(<9318.663086, 54.329174, 13091.610352>) requested data for lock!
[15:10:55] Player (Luiz, 76561199770341255)(<9317.154297, 54.329174, 13091.982422>) requested data for lock!
[15:20:12] Player (Florre1984, 76561198271304685)(<12457.237305, 48.206120, 8419.958008>) requested data for lock!
[16:13:05] Player (brysonZ28, 76561198412009942)(<12457.237305, 48.206120, 8419.958008>) requested data for lock!
[16:39:00] Player (Armando, 76561198032779089)(<6044.596680, 34.846451, 10431.335938>) requested data for lock!
[16:39:01] Player (Armando, 76561198032779089)(<6042.112793, 34.846451, 10435.593750>) requested data for lock!
[16:48:16] Player (Armando, 76561198032779089)(<6042.112793, 34.846451, 10435.593750>) requested data for lock!
[16:48:16] Player (Armando, 76561198032779089)(<6044.596680, 34.846451, 10431.335938>) requested data for lock!
[16:56:43] Player (brysonZ28, 76561198412009942)(<12457.237305, 48.206120, 8419.958008>) requested data for lock!
[16:57:05] Player (brysonZ28, 76561198412009942)(<12457.237305, 48.206120, 8419.958008>) requested data for lock!
[16:57:25] Player (brysonZ28, 76561198412009942)(<12457.237305, 48.206120, 8419.958008>) requested data for lock!
[12-03-2024][17.00.26] Log file reloaded ( Server Restart )
[17:01:57] Player (brysonZ28, 76561198412009942)(<12457.237305, 48.206120, 8419.958008>) requested data for lock!
[17:02:15] Player (Armando, 76561198032779089)(<6042.112793, 34.846451, 10435.593750>) requested data for lock!
[17:02:15] Player (Armando, 76561198032779089)(<6044.596680, 34.846451, 10431.335938>) requested data for lock!
[17:04:39] Player (brysonZ28, 76561198412009942)(<12457.237305, 48.206120, 8419.958008>) requested data for lock!
[17:37:07] Player (CONTROL, 76561197967168101)(<6042.112793, 34.846451, 10435.593750>) requested data for lock!
[17:37:07] Player (CONTROL, 76561197967168101)(<6044.596680, 34.846451, 10431.335938>) requested data for lock!
[18:51:57] Player (Luiz, 76561198008639541)(<9318.663086, 54.329174, 13091.610352>) requested data for lock!
[18:51:57] Player (Luiz, 76561198008639541)(<9317.154297, 54.329174, 13091.982422>) requested data for lock!
[19:18:13] Player (Siets, 76561197968205278)(<7241.480957, 3.950430, 7825.958984>) requested data for lock!
[19:18:13] Player (Siets, 76561197968205278)(<7244.721680, 3.842066, 7828.232910>) requested data for lock!
[19:18:13] Player (Siets, 76561197968205278)(<7224.133301, 10.915239, 7848.691406>) requested data for lock!
[19:27:16] Player ([GDF] BAL4COBACO, 76561198296387027)(<9318.663086, 54.329174, 13091.610352>) requested data for lock!
[19:27:16] Player ([GDF] BAL4COBACO, 76561198296387027)(<9317.154297, 54.329174, 13091.982422>) requested data for lock!
[19:30:08] Player ([GDF] BAL4COBACO, 76561198296387027)(<9318.663086, 54.329174, 13091.610352>) requested data for lock!
[19:30:08] Player (Luiz, 76561198008639541)(<9318.663086, 54.329174, 13091.610352>) requested data for lock!
[19:30:19] Player ([GDF] BAL4COBACO, 76561198296387027)(<9317.154297, 54.329174, 13091.982422>) requested data for lock!
[19:30:19] Player (Luiz, 76561198008639541)(<9317.154297, 54.329174, 13091.982422>) requested data for lock!
[19:36:21] Player ([GDF] BAL4COBACO, 76561198296387027)(<9318.663086, 54.329174, 13091.610352>) requested data for lock!
[19:36:21] Player ([GDF] BAL4COBACO, 76561198296387027)(<9317.154297, 54.329174, 13091.982422>) requested data for lock!
[19:43:44] Player ([GDF] BAL4COBACO, 76561198296387027)(<9318.663086, 54.329174, 13091.610352>) requested data for lock!
[19:43:44] Player ([GDF] BAL4COBACO, 76561198296387027)(<9317.154297, 54.329174, 13091.982422>) requested data for lock!
[20:28:15] Player (Luiz, 76561198008639541)(<9317.154297, 54.329174, 13091.982422>) requested data for lock!
[20:28:22] Player ([GDF] BAL4COBACO, 76561198296387027)(<9318.663086, 54.329174, 13091.610352>) requested data for lock!
[20:28:22] Player ([GDF] BAL4COBACO, 76561198296387027)(<9317.154297, 54.329174, 13091.982422>) requested data for lock!
[20:30:15] Player (Luiz, 76561198008639541)(<9318.663086, 54.329174, 13091.610352>) requested data for lock!
[20:30:15] Player (Luiz, 76561198008639541)(<9317.154297, 54.329174, 13091.982422>) requested data for lock!
[20:32:43] Player (Luiz, 76561198008639541)(<9318.663086, 54.329174, 13091.610352>) requested data for lock!
[20:32:43] Player (Luiz, 76561198008639541)(<9317.154297, 54.329174, 13091.982422>) requested data for lock!
[20:49:46] Player (Luiz, 76561198008639541)(<9318.663086, 54.329174, 13091.610352>) requested data for lock!
[20:49:46] Player (Luiz, 76561198008639541)(<9317.154297, 54.329174, 13091.982422>) requested data for lock!
[20:50:37] Player (Luiz, 76561198008639541)(<9318.663086, 54.329174, 13091.610352>) requested data for lock!
[20:50:37] Player (Luiz, 76561198008639541)(<9317.154297, 54.329174, 13091.982422>) requested data for lock!
[12-03-2024][21.00.24] Log file reloaded ( Server Restart )
[21:07:17] Player (Luiz, 76561198008639541)(<9318.663086, 54.329174, 13091.610352>) requested data for lock!
[21:07:17] Player (Luiz, 76561198008639541)(<9317.154297, 54.329174, 13091.982422>) requested data for lock!
[21:07:18] Player ([GDF] BAL4COBACO, 76561198296387027)(<9318.663086, 54.329174, 13091.610352>) requested data for lock!
[21:07:18] Player ([GDF] BAL4COBACO, 76561198296387027)(<9317.154297, 54.329174, 13091.982422>) requested data for lock!
[21:54:16] Player (SlickDaddy187, 76561199086507158)(<7244.721680, 3.842066, 7828.232910>) requested data for lock!
[21:54:16] Player (SlickDaddy187, 76561199086507158)(<7241.480957, 3.950430, 7825.958984>) requested data for lock!
[21:54:16] Player (SlickDaddy187, 76561199086507158)(<7224.133301, 10.915239, 7848.691406>) requested data for lock!
[22:22:37] Player (Luiz, 76561198008639541)(<9318.663086, 54.329174, 13091.610352>) requested data for lock!
[22:22:37] Player (Luiz, 76561198008639541)(<9317.154297, 54.329174, 13091.982422>) requested data for lock!
[22:28:59] Player (Jazz, 76561198052354579)(<12457.237305, 48.206120, 8419.958008>) requested data for lock!
[23:24:13] Player (Luiz, 76561198008639541)(<9666.972656, 10.980086, 13563.481445>) requested data for lock!
[23:32:49] Player (CONTROL, 76561197967168101)(<7224.133301, 10.915239, 7848.691406>) requested data for lock!
[23:32:53] Player (CONTROL, 76561197967168101)(<7241.480957, 3.950430, 7825.958984>) requested data for lock!
[23:32:56] Player (CONTROL, 76561197967168101)(<7244.721680, 3.842066, 7828.232910>) requested data for lock!
[23:49:46] Player (CONTROL, 76561197967168101)(<7244.721680, 3.842066, 7828.232910>) requested data for lock!
[23:49:46] Player (CONTROL, 76561197967168101)(<7241.480957, 3.950430, 7825.958984>) requested data for lock!
