[12-11-2024][00.00.21] New Synch Log File Created!
[00:02:03] Player (CONTROL, 76561197967168101)(<6044.596680, 34.846451, 10431.335938>) requested data for lock!
[00:02:03] Player (CONTROL, 76561197967168101)(<6042.112793, 34.846451, 10435.593750>) requested data for lock!
[01:09:29] Player (Draco, 76561198302078718)(<6044.596680, 34.846451, 10431.335938>) requested data for lock!
[01:09:29] Player (Draco, 76561198302078718)(<6042.112793, 34.846451, 10435.593750>) requested data for lock!
[01:10:43] Player (Draco, 76561198302078718)(<4870.733887, 5.627413, 11321.759766>) requested data for lock!
[12-11-2024][05.00.22] Log file reloaded ( Server Restart )
[08:41:24] Player (DukeCats, 76561199767250928)(<7244.721680, 3.842066, 7828.232910>) requested data for lock!
[08:41:24] Player (DukeCats, 76561199767250928)(<7241.480957, 3.950430, 7825.958984>) requested data for lock!
[08:41:29] Player (DukeCats, 76561199767250928)(<7224.133301, 10.915239, 7848.691406>) requested data for lock!
[08:58:29] Player (DukeCats, 76561199767250928)(<7626.589844, 10.043742, 8539.645508>) requested data for lock!
[12-11-2024][09.00.20] Log file reloaded ( Server Restart )
[09:05:16] Player (DukeCats, 76561199767250928)(<7224.133301, 10.915239, 7848.691406>) requested data for lock!
[09:05:16] Player (DukeCats, 76561199767250928)(<7244.721680, 3.842066, 7828.232910>) requested data for lock!
[09:05:16] Player (DukeCats, 76561199767250928)(<7241.480957, 3.950430, 7825.958984>) requested data for lock!
[09:05:16] Player (DukeCats, 76561199767250928)(<7626.589844, 10.043742, 8539.645508>) requested data for lock!
[10:03:07] Player (luizredfield30, 76561199770341255)(<7355.947266, 84.361282, 12388.909180>) requested data for lock!
[10:03:07] Player (luizredfield30, 76561199770341255)(<7355.576172, 81.730453, 12388.914063>) requested data for lock!
[10:03:07] Player (luizredfield30, 76561199770341255)(<7355.812500, 81.730453, 12388.950195>) requested data for lock!
[10:39:06] Player (luizredfield30, 76561199770341255)(<7355.947266, 84.361282, 12388.909180>) requested data for lock!
[10:39:06] Player (luizredfield30, 76561199770341255)(<7355.576172, 81.730453, 12388.914063>) requested data for lock!
[10:39:06] Player (luizredfield30, 76561199770341255)(<7355.812500, 81.730453, 12388.950195>) requested data for lock!
[10:59:51] Player (luizredfield30, 76561199770341255)(<7355.947266, 84.361282, 12388.909180>) requested data for lock!
[10:59:51] Player (luizredfield30, 76561199770341255)(<7355.576172, 81.730453, 12388.914063>) requested data for lock!
[10:59:51] Player (luizredfield30, 76561199770341255)(<7355.812500, 81.730453, 12388.950195>) requested data for lock!
[12-11-2024][13.00.21] Log file reloaded ( Server Restart )
[14:25:29] Player (luizredfield30, 76561199770341255)(<7355.576172, 81.730453, 12388.914063>) requested data for lock!
[14:25:29] Player (luizredfield30, 76561199770341255)(<7355.947266, 84.361282, 12388.909180>) requested data for lock!
[14:25:29] Player (luizredfield30, 76561199770341255)(<7355.812500, 81.730453, 12388.950195>) requested data for lock!
[14:28:37] Player (Zion, 76561199089418226)(<12457.237305, 48.206120, 8419.958008>) requested data for lock!
[14:35:53] Player (Zion, 76561199089418226)(<11127.880859, 106.702026, 9501.662109>) requested data for lock!
[14:40:19] Player (luizredfield30, 76561199770341255)(<7355.576172, 81.730453, 12388.914063>) requested data for lock!
[14:40:19] Player (luizredfield30, 76561199770341255)(<7355.947266, 84.361282, 12388.909180>) requested data for lock!
[14:40:19] Player (luizredfield30, 76561199770341255)(<7355.812500, 81.730453, 12388.950195>) requested data for lock!
[14:48:39] Player ([GDF] BAL4COBACO, 76561198296387027)(<7355.576172, 81.730453, 12388.914063>) requested data for lock!
[14:48:39] Player ([GDF] BAL4COBACO, 76561198296387027)(<7355.947266, 84.361282, 12388.909180>) requested data for lock!
[14:48:39] Player ([GDF] BAL4COBACO, 76561198296387027)(<7355.812500, 81.730453, 12388.950195>) requested data for lock!
[15:01:46] Player (Zion, 76561199089418226)(<11127.880859, 106.702026, 9501.662109>) requested data for lock!
[15:19:13] Player ([GDF] BAL4COBACO, 76561198296387027)(<7355.576172, 81.730453, 12388.914063>) requested data for lock!
[15:19:13] Player ([GDF] BAL4COBACO, 76561198296387027)(<7355.947266, 84.361282, 12388.909180>) requested data for lock!
[15:19:14] Player ([GDF] BAL4COBACO, 76561198296387027)(<7355.812500, 81.730453, 12388.950195>) requested data for lock!
[15:47:59] Player ([GDF] BAL4COBACO, 76561198296387027)(<6042.112793, 34.846451, 10435.593750>) requested data for lock!
[15:47:59] Player ([GDF] BAL4COBACO, 76561198296387027)(<6044.596680, 34.846451, 10431.335938>) requested data for lock!
[15:51:34] Player ([GDF] BAL4COBACO, 76561198296387027)(<7355.576172, 81.730453, 12388.914063>) requested data for lock!
[15:51:34] Player ([GDF] BAL4COBACO, 76561198296387027)(<7355.947266, 84.361282, 12388.909180>) requested data for lock!
[15:51:34] Player ([GDF] BAL4COBACO, 76561198296387027)(<7355.812500, 81.730453, 12388.950195>) requested data for lock!
[16:16:07] Player (Artur_vs_Swider, 76561198397000155)(<7244.721680, 3.842066, 7828.232910>) requested data for lock!
[16:16:07] Player (Artur_vs_Swider, 76561198397000155)(<7241.480957, 3.950430, 7825.958984>) requested data for lock!
[16:16:07] Player (Artur_vs_Swider, 76561198397000155)(<7224.133301, 10.915239, 7848.691406>) requested data for lock!
[16:16:07] Player (Artur_vs_Swider, 76561198397000155)(<7626.589844, 10.043742, 8539.645508>) requested data for lock!
[16:19:54] Player (luizredfield30, 76561199770341255)(<7355.576172, 81.730453, 12388.914063>) requested data for lock!
[16:19:54] Player (luizredfield30, 76561199770341255)(<7355.947266, 84.361282, 12388.909180>) requested data for lock!
[16:19:54] Player (luizredfield30, 76561199770341255)(<7355.812500, 81.730453, 12388.950195>) requested data for lock!
[16:37:10] Player (DukeCats, 76561199767250928)(<7244.721680, 3.842066, 7828.232910>) requested data for lock!
[16:37:10] Player (DukeCats, 76561199767250928)(<7241.480957, 3.950430, 7825.958984>) requested data for lock!
[16:37:10] Player (DukeCats, 76561199767250928)(<7224.133301, 10.915239, 7848.691406>) requested data for lock!
[16:37:10] Player (DukeCats, 76561199767250928)(<7626.589844, 10.043742, 8539.645508>) requested data for lock!
[16:38:15] Player (sans, 76561199229421873)(<4605.464844, 38.641354, 4113.434570>) requested data for lock!
[16:38:15] Player (brysonZ28, 76561198412009942)(<4605.464844, 38.641354, 4113.434570>) requested data for lock!
[16:39:17] Player (luizredfield30, 76561199770341255)(<7355.576172, 81.730453, 12388.914063>) requested data for lock!
[16:39:17] Player (luizredfield30, 76561199770341255)(<7355.947266, 84.361282, 12388.909180>) requested data for lock!
[16:39:18] Player (luizredfield30, 76561199770341255)(<7355.812500, 81.730453, 12388.950195>) requested data for lock!
[16:48:38] Player (sans, 76561199229421873)(<4605.464844, 38.641354, 4113.434570>) requested data for lock!
[16:48:39] Player (brysonZ28, 76561198412009942)(<4605.464844, 38.641354, 4113.434570>) requested data for lock!
[16:52:02] Player (Artur_vs_Swider, 76561198397000155)(<6042.112793, 34.846451, 10435.593750>) requested data for lock!
[16:52:02] Player (Artur_vs_Swider, 76561198397000155)(<6044.596680, 34.846451, 10431.335938>) requested data for lock!
[16:52:30] Player (DukeCats, 76561199767250928)(<7244.721680, 3.842066, 7828.232910>) requested data for lock!
[16:52:30] Player (DukeCats, 76561199767250928)(<7241.480957, 3.950430, 7825.958984>) requested data for lock!
[16:52:30] Player (DukeCats, 76561199767250928)(<7224.133301, 10.915239, 7848.691406>) requested data for lock!
[16:52:30] Player (DukeCats, 76561199767250928)(<7626.589844, 10.043742, 8539.645508>) requested data for lock!
[12-11-2024][17.00.23] Log file reloaded ( Server Restart )
[17:02:16] Player ([GDF] BAL4COBACO, 76561198296387027)(<7355.947266, 84.361282, 12388.909180>) requested data for lock!
[17:02:16] Player ([GDF] BAL4COBACO, 76561198296387027)(<7355.812500, 81.730453, 12388.950195>) requested data for lock!
[17:02:16] Player ([GDF] BAL4COBACO, 76561198296387027)(<7355.576172, 81.730453, 12388.914063>) requested data for lock!
[17:02:22] Player (luizredfield30, 76561199770341255)(<7355.947266, 84.361282, 12388.909180>) requested data for lock!
[17:02:22] Player (luizredfield30, 76561199770341255)(<7355.812500, 81.730453, 12388.950195>) requested data for lock!
[17:02:22] Player (luizredfield30, 76561199770341255)(<7355.576172, 81.730453, 12388.914063>) requested data for lock!
[17:09:33] Player (Scorpion, 76561197993341683)(<7241.480957, 3.950430, 7825.958984>) requested data for lock!
[17:09:36] Player (Scorpion, 76561197993341683)(<7244.721680, 3.842066, 7828.232910>) requested data for lock!
[17:09:41] Player (Scorpion, 76561197993341683)(<7224.133301, 10.915239, 7848.691406>) requested data for lock!
[17:18:41] Player ([GDF] BAL4COBACO, 76561198296387027)(<9318.663086, 54.329174, 13091.610352>) requested data for lock!
[17:18:41] Player ([GDF] BAL4COBACO, 76561198296387027)(<9316.858398, 54.329174, 13092.093750>) requested data for lock!
[17:18:42] Player ([GDF] BAL4COBACO, 76561198296387027)(<9317.154297, 54.329174, 13091.982422>) requested data for lock!
[17:19:56] Player ([GDF] BAL4COBACO, 76561198296387027)(<7355.947266, 84.361282, 12388.909180>) requested data for lock!
[17:19:56] Player ([GDF] BAL4COBACO, 76561198296387027)(<7355.812500, 81.730453, 12388.950195>) requested data for lock!
[17:19:56] Player ([GDF] BAL4COBACO, 76561198296387027)(<7355.576172, 81.730453, 12388.914063>) requested data for lock!
[17:23:22] Player (DukeCats, 76561199767250928)(<7626.589844, 10.043742, 8539.645508>) requested data for lock!
[17:23:22] Player (DukeCats, 76561199767250928)(<7241.480957, 3.950430, 7825.958984>) requested data for lock!
[17:23:22] Player (DukeCats, 76561199767250928)(<7224.133301, 10.915239, 7848.691406>) requested data for lock!
[17:23:22] Player (DukeCats, 76561199767250928)(<7244.721680, 3.842066, 7828.232910>) requested data for lock!
[17:23:26] Player (Artur_vs_Swider, 76561198397000155)(<7224.133301, 10.915239, 7848.691406>) requested data for lock!
[17:23:31] Player (Artur_vs_Swider, 76561198397000155)(<7626.589844, 10.043742, 8539.645508>) requested data for lock!
[17:23:33] Player (Artur_vs_Swider, 76561198397000155)(<7241.480957, 3.950430, 7825.958984>) requested data for lock!
[17:23:33] Player (Artur_vs_Swider, 76561198397000155)(<7244.721680, 3.842066, 7828.232910>) requested data for lock!
[17:54:21] Player (FreeRanger, 76561198035689928)(<7241.480957, 3.950430, 7825.958984>) requested data for lock!
[17:54:21] Player (FreeRanger, 76561198035689928)(<7224.133301, 10.915239, 7848.691406>) requested data for lock!
[17:54:21] Player (FreeRanger, 76561198035689928)(<7244.721680, 3.842066, 7828.232910>) requested data for lock!
[17:59:28] Player (FreeRanger, 76561198035689928)(<7626.640137, 10.043794, 8539.677734>) requested data for lock!
[17:59:28] Player (Artur_vs_Swider, 76561198397000155)(<7626.640137, 10.043794, 8539.677734>) requested data for lock!
[18:36:16] Player ([GDF] BAL4COBACO, 76561198296387027)(<6044.596680, 34.846451, 10431.335938>) requested data for lock!
[18:36:16] Player ([GDF] BAL4COBACO, 76561198296387027)(<6042.112793, 34.846451, 10435.593750>) requested data for lock!
[18:36:17] Player (luizredfield30, 76561199770341255)(<6044.596680, 34.846451, 10431.335938>) requested data for lock!
[18:36:18] Player (luizredfield30, 76561199770341255)(<6042.112793, 34.846451, 10435.593750>) requested data for lock!
[18:37:01] Player (Zion, 76561199089418226)(<11127.880859, 106.702026, 9501.662109>) requested data for lock!
[18:37:27] Player (FreeRanger, 76561198035689928)(<7241.480957, 3.950430, 7825.958984>) requested data for lock!
[18:37:27] Player (FreeRanger, 76561198035689928)(<7224.133301, 10.915239, 7848.691406>) requested data for lock!
[18:37:27] Player (FreeRanger, 76561198035689928)(<7244.721680, 3.842066, 7828.232910>) requested data for lock!
[18:37:30] Player (FreeRanger, 76561198035689928)(<7626.640137, 10.043794, 8539.677734>) requested data for lock!
[18:41:46] Player (FreeRanger, 76561198035689928)(<7241.480957, 3.950430, 7825.958984>) requested data for lock!
[18:41:46] Player (FreeRanger, 76561198035689928)(<7224.133301, 10.915239, 7848.691406>) requested data for lock!
[18:41:46] Player (FreeRanger, 76561198035689928)(<7244.721680, 3.842066, 7828.232910>) requested data for lock!
[18:41:46] Player (FreeRanger, 76561198035689928)(<7626.640137, 10.043794, 8539.677734>) requested data for lock!
[18:52:18] Player (Zion, 76561199089418226)(<9318.663086, 54.329174, 13091.610352>) requested data for lock!
[18:52:18] Player (Zion, 76561199089418226)(<9316.858398, 54.329174, 13092.093750>) requested data for lock!
[18:52:18] Player (Zion, 76561199089418226)(<9317.154297, 54.329174, 13091.982422>) requested data for lock!
[18:55:07] Player (FreeRanger, 76561198035689928)(<12457.237305, 48.206120, 8419.958008>) requested data for lock!
[19:00:35] Player (luizredfield30, 76561199770341255)(<4870.733887, 5.627413, 11321.759766>) requested data for lock!
[19:00:36] Player ([GDF] BAL4COBACO, 76561198296387027)(<4870.733887, 5.627413, 11321.759766>) requested data for lock!
[19:05:25] Player (Zion, 76561199089418226)(<12457.237305, 48.206120, 8419.958008>) requested data for lock!
[19:07:26] Player ([GDF] BAL4COBACO, 76561198296387027)(<6042.112793, 34.846451, 10435.593750>) requested data for lock!
[19:07:29] Player ([GDF] BAL4COBACO, 76561198296387027)(<6044.596680, 34.846451, 10431.335938>) requested data for lock!
[19:18:14] Player (Loki, 76561199282403539)(<4605.464844, 38.641354, 4113.434570>) requested data for lock!
[19:25:24] Player (Zion, 76561199089418226)(<9318.663086, 54.329174, 13091.610352>) requested data for lock!
[19:25:24] Player (Zion, 76561199089418226)(<9316.858398, 54.329174, 13092.093750>) requested data for lock!
[19:25:24] Player (Zion, 76561199089418226)(<9317.154297, 54.329174, 13091.982422>) requested data for lock!
[19:29:20] Player ([GDF] BAL4COBACO, 76561198296387027)(<7355.947266, 84.361282, 12388.909180>) requested data for lock!
[19:29:20] Player ([GDF] BAL4COBACO, 76561198296387027)(<7355.812500, 81.730453, 12388.950195>) requested data for lock!
[19:29:20] Player ([GDF] BAL4COBACO, 76561198296387027)(<7355.576172, 81.730453, 12388.914063>) requested data for lock!
[19:29:42] Player (luizredfield30, 76561199770341255)(<7355.947266, 84.361282, 12388.909180>) requested data for lock!
[19:29:42] Player (luizredfield30, 76561199770341255)(<7355.812500, 81.730453, 12388.950195>) requested data for lock!
[19:29:42] Player (luizredfield30, 76561199770341255)(<7355.576172, 81.730453, 12388.914063>) requested data for lock!
[19:31:22] Player (HighTechTerror, 76561197972187582)(<7241.480957, 3.950430, 7825.958984>) requested data for lock!
[19:31:22] Player (HighTechTerror, 76561197972187582)(<7224.133301, 10.915239, 7848.691406>) requested data for lock!
[19:31:22] Player (HighTechTerror, 76561197972187582)(<7244.721680, 3.842066, 7828.232910>) requested data for lock!
[19:47:26] Player (LilCampy, 76561199130738646)(<7355.947266, 84.361282, 12388.909180>) requested data for lock!
[19:47:26] Player (LilCampy, 76561199130738646)(<7355.812500, 81.730453, 12388.950195>) requested data for lock!
[19:47:26] Player (LilCampy, 76561199130738646)(<7355.576172, 81.730453, 12388.914063>) requested data for lock!
[19:50:30] Player (LilCampy, 76561199130738646)(<7355.454102, 81.730453, 12388.909180>) requested data for lock!
[19:50:30] Player ([GDF] BAL4COBACO, 76561198296387027)(<7355.454102, 81.730453, 12388.909180>) requested data for lock!
[19:50:30] Player (luizredfield30, 76561199770341255)(<7355.454102, 81.730453, 12388.909180>) requested data for lock!
[19:56:39] Player ([GDF] BAL4COBACO, 76561198296387027)(<7355.947266, 84.361282, 12388.909180>) requested data for lock!
[19:56:39] Player ([GDF] BAL4COBACO, 76561198296387027)(<7355.812500, 81.730453, 12388.950195>) requested data for lock!
[19:56:39] Player ([GDF] BAL4COBACO, 76561198296387027)(<7355.576172, 81.730453, 12388.914063>) requested data for lock!
[19:56:39] Player ([GDF] BAL4COBACO, 76561198296387027)(<7355.454102, 81.730453, 12388.909180>) requested data for lock!
[20:02:49] Player (Zion, 76561199089418226)(<7626.640137, 10.043794, 8539.677734>) requested data for lock!
[20:18:01] Player (luizredfield30, 76561199770341255)(<7355.454102, 81.730453, 12388.909180>) requested data for lock!
[20:18:01] Player ([GDF] BAL4COBACO, 76561198296387027)(<7355.454102, 81.730453, 12388.909180>) requested data for lock!
[20:22:20] Player (LilCampy, 76561199130738646)(<7355.947266, 84.361282, 12388.909180>) requested data for lock!
[20:22:20] Player (LilCampy, 76561199130738646)(<7355.812500, 81.730453, 12388.950195>) requested data for lock!
[20:22:21] Player (LilCampy, 76561199130738646)(<7355.576172, 81.730453, 12388.914063>) requested data for lock!
[20:22:21] Player (LilCampy, 76561199130738646)(<7355.454102, 81.730453, 12388.909180>) requested data for lock!
[20:30:44] Player (Zion, 76561199089418226)(<7224.133301, 10.915239, 7848.691406>) requested data for lock!
[20:30:46] Player (Zion, 76561199089418226)(<7244.721680, 3.842066, 7828.232910>) requested data for lock!
[20:30:48] Player (Zion, 76561199089418226)(<7241.480957, 3.950430, 7825.958984>) requested data for lock!
[20:31:55] Player (LilCampy, 76561199130738646)(<7355.454102, 81.730453, 12388.909180>) requested data for lock!
[20:51:59] Player (FreeRanger, 76561198035689928)(<12457.237305, 48.206120, 8419.958008>) requested data for lock!
[12-11-2024][21.00.22] Log file reloaded ( Server Restart )
[21:33:46] Player (Kurt, 76561198031613647)(<12457.237305, 48.206120, 8419.958008>) requested data for lock!
[21:36:33] Player (Zion, 76561199089418226)(<7224.133301, 10.915239, 7848.691406>) requested data for lock!
[21:36:33] Player (Zion, 76561199089418226)(<7626.640137, 10.043794, 8539.677734>) requested data for lock!
[21:36:33] Player (Zion, 76561199089418226)(<7241.480957, 3.950430, 7825.958984>) requested data for lock!
[21:36:33] Player (Zion, 76561199089418226)(<7244.721680, 3.842066, 7828.232910>) requested data for lock!
[21:40:35] Player (Kurt, 76561198031613647)(<12457.237305, 48.206120, 8419.958008>) requested data for lock!
[21:41:33] Player (Zion, 76561199089418226)(<7626.640137, 10.043794, 8539.677734>) requested data for lock!
[21:42:00] Player (Zion, 76561199089418226)(<7626.640137, 10.043794, 8539.677734>) requested data for lock!
[21:58:11] Player (FreeRanger, 76561198035689928)(<7241.480957, 3.950430, 7825.958984>) requested data for lock!
[21:58:11] Player (FreeRanger, 76561198035689928)(<7244.721680, 3.842066, 7828.232910>) requested data for lock!
[21:58:16] Player (FreeRanger, 76561198035689928)(<7224.133301, 10.915239, 7848.691406>) requested data for lock!
[22:00:45] Player (FreeRanger, 76561198035689928)(<7626.640137, 10.043794, 8539.677734>) requested data for lock!
[22:30:30] Player (The AJ Kid, 76561198019138178)(<12457.237305, 48.206120, 8419.958008>) requested data for lock!
[22:32:44] Player (JONEZ, 76561199069114562)(<9316.858398, 54.329174, 13092.093750>) requested data for lock!
[22:32:44] Player (JONEZ, 76561199069114562)(<9318.663086, 54.329174, 13091.610352>) requested data for lock!
[22:32:44] Player (JONEZ, 76561199069114562)(<9317.154297, 54.329174, 13091.982422>) requested data for lock!
[23:07:32] Player (LilCampy, 76561199130738646)(<7355.947266, 84.361282, 12388.909180>) requested data for lock!
[23:07:32] Player (LilCampy, 76561199130738646)(<7355.454102, 81.730453, 12388.909180>) requested data for lock!
[23:07:32] Player (LilCampy, 76561199130738646)(<7355.576172, 81.730453, 12388.914063>) requested data for lock!
[23:07:32] Player (LilCampy, 76561199130738646)(<7355.812500, 81.730453, 12388.950195>) requested data for lock!
[23:28:59] Player (LilCampy, 76561199130738646)(<7355.947266, 84.361282, 12388.909180>) requested data for lock!
[23:28:59] Player (LilCampy, 76561199130738646)(<7355.454102, 81.730453, 12388.909180>) requested data for lock!
[23:28:59] Player (LilCampy, 76561199130738646)(<7355.576172, 81.730453, 12388.914063>) requested data for lock!
[23:28:59] Player (LilCampy, 76561199130738646)(<7355.812500, 81.730453, 12388.950195>) requested data for lock!
[23:48:39] Player (JONEZ, 76561199069114562)(<9316.858398, 54.329174, 13092.093750>) requested data for lock!
[23:48:39] Player (JONEZ, 76561199069114562)(<9318.663086, 54.329174, 13091.610352>) requested data for lock!
[23:48:39] Player (JONEZ, 76561199069114562)(<9317.154297, 54.329174, 13091.982422>) requested data for lock!
[23:48:43] Player (Bignutz, 76561199031400186)(<9316.858398, 54.329174, 13092.093750>) requested data for lock!
[23:48:43] Player (Bignutz, 76561199031400186)(<9318.663086, 54.329174, 13091.610352>) requested data for lock!
[23:48:43] Player (Bignutz, 76561199031400186)(<9317.154297, 54.329174, 13091.982422>) requested data for lock!
[23:48:56] Player (The AJ Kid, 76561198019138178)(<9316.858398, 54.329174, 13092.093750>) requested data for lock!
[23:48:56] Player (The AJ Kid, 76561198019138178)(<9318.663086, 54.329174, 13091.610352>) requested data for lock!
[23:48:56] Player (The AJ Kid, 76561198019138178)(<9317.154297, 54.329174, 13091.982422>) requested data for lock!
[23:48:59] Player (Bobby, 76561198215739855)(<9316.858398, 54.329174, 13092.093750>) requested data for lock!
[23:49:00] Player (Bobby, 76561198215739855)(<9318.663086, 54.329174, 13091.610352>) requested data for lock!
[23:49:00] Player (Bobby, 76561198215739855)(<9317.154297, 54.329174, 13091.982422>) requested data for lock!
[23:51:15] Player (The AJ Kid, 76561198019138178)(<9316.858398, 54.329174, 13092.093750>) requested data for lock!
[23:51:15] Player (The AJ Kid, 76561198019138178)(<9318.663086, 54.329174, 13091.610352>) requested data for lock!
[23:51:15] Player (The AJ Kid, 76561198019138178)(<9317.154297, 54.329174, 13091.982422>) requested data for lock!
[23:51:20] Player (JONEZ, 76561199069114562)(<9316.858398, 54.329174, 13092.093750>) requested data for lock!
[23:51:20] Player (JONEZ, 76561199069114562)(<9318.663086, 54.329174, 13091.610352>) requested data for lock!
[23:51:20] Player (JONEZ, 76561199069114562)(<9317.154297, 54.329174, 13091.982422>) requested data for lock!
[23:51:20] Player (Bignutz, 76561199031400186)(<9316.858398, 54.329174, 13092.093750>) requested data for lock!
[23:51:21] Player (Bignutz, 76561199031400186)(<9318.663086, 54.329174, 13091.610352>) requested data for lock!
[23:51:21] Player (Bignutz, 76561199031400186)(<9317.154297, 54.329174, 13091.982422>) requested data for lock!
