[12-13-2024][00.00.22] New Synch Log File Created!
[12-13-2024][05.00.20] Log file reloaded ( Server Restart )
[05:18:13] Player (Draco, 76561198302078718)(<4870.733887, 5.627413, 11321.759766>) requested data for lock!
[05:22:15] Player (Draco, 76561198302078718)(<6042.112793, 34.846451, 10435.593750>) requested data for lock!
[05:22:16] Player (Draco, 76561198302078718)(<6044.596680, 34.846451, 10431.335938>) requested data for lock!
[05:25:50] Player (Draco, 76561198302078718)(<6044.596680, 34.846451, 10431.335938>) requested data for lock!
[05:25:52] Player (Draco, 76561198302078718)(<6042.112793, 34.846451, 10435.593750>) requested data for lock!
[05:36:06] Player (Draco, 76561198302078718)(<7224.133301, 10.915239, 7848.691406>) requested data for lock!
[05:36:06] Player (Draco, 76561198302078718)(<7241.480957, 3.950430, 7825.958984>) requested data for lock!
[05:36:07] Player (Draco, 76561198302078718)(<7244.721680, 3.842066, 7828.232910>) requested data for lock!
[05:36:58] Player (Draco, 76561198302078718)(<7626.640137, 10.043794, 8539.677734>) requested data for lock!
[06:01:35] Player (Draco, 76561198302078718)(<6042.112793, 34.846451, 10435.593750>) requested data for lock!
[06:01:35] Player (Draco, 76561198302078718)(<6044.596680, 34.846451, 10431.335938>) requested data for lock!
[06:02:38] Player (Draco, 76561198302078718)(<4870.733887, 5.627413, 11321.759766>) requested data for lock!
[06:21:09] Player (Draco, 76561198302078718)(<4870.733887, 5.627413, 11321.759766>) requested data for lock!
[06:33:17] Player (Draco, 76561198302078718)(<6042.112793, 34.846451, 10435.593750>) requested data for lock!
[06:33:17] Player (Draco, 76561198302078718)(<6044.596680, 34.846451, 10431.335938>) requested data for lock!
[06:33:25] Player (Draco, 76561198302078718)(<6044.596680, 34.846451, 10431.335938>) requested data for lock!
[07:04:05] Player (Draco, 76561198302078718)(<6042.112793, 34.846451, 10435.593750>) requested data for lock!
[07:04:07] Player (Draco, 76561198302078718)(<6044.596680, 34.846451, 10431.335938>) requested data for lock!
[12-13-2024][09.00.20] Log file reloaded ( Server Restart )
[09:50:00] Player (luizredfield30, 76561199770341255)(<7334.615234, 81.730453, 12396.931641>) requested data for lock!
[09:50:00] Player (luizredfield30, 76561199770341255)(<7355.947266, 84.361282, 12388.909180>) requested data for lock!
[09:50:00] Player (luizredfield30, 76561199770341255)(<7334.545410, 81.730453, 12396.727539>) requested data for lock!
[09:50:00] Player (luizredfield30, 76561199770341255)(<7355.576172, 81.730453, 12388.914063>) requested data for lock!
[09:50:00] Player (luizredfield30, 76561199770341255)(<7334.590332, 81.730453, 12397.067383>) requested data for lock!
[09:50:00] Player (luizredfield30, 76561199770341255)(<7355.812500, 81.730453, 12388.950195>) requested data for lock!
[09:59:24] Player ([GDF] BAL4COBACO, 76561198296387027)(<7626.640137, 10.043794, 8539.677734>) requested data for lock!
[10:05:50] Player (luizredfield30, 76561199770341255)(<4870.733887, 5.627413, 11321.759766>) requested data for lock!
[10:07:30] Player (luizredfield30, 76561199770341255)(<6042.112793, 34.846451, 10435.593750>) requested data for lock!
[10:07:31] Player (luizredfield30, 76561199770341255)(<6044.596680, 34.846451, 10431.335938>) requested data for lock!
[10:19:08] Player ([GDF] BAL4COBACO, 76561198296387027)(<6044.596680, 34.846451, 10431.335938>) requested data for lock!
[10:19:08] Player (luizredfield30, 76561199770341255)(<6044.596680, 34.846451, 10431.335938>) requested data for lock!
[10:19:08] Player (luizredfield30, 76561199770341255)(<6042.112793, 34.846451, 10435.593750>) requested data for lock!
[10:19:08] Player ([GDF] BAL4COBACO, 76561198296387027)(<6042.112793, 34.846451, 10435.593750>) requested data for lock!
[10:20:22] Player (luizredfield30, 76561199770341255)(<4870.733887, 5.627413, 11321.759766>) requested data for lock!
[10:20:22] Player ([GDF] BAL4COBACO, 76561198296387027)(<4870.733887, 5.627413, 11321.759766>) requested data for lock!
[10:21:47] Player (luizredfield30, 76561199770341255)(<6044.596680, 34.846451, 10431.335938>) requested data for lock!
[10:21:47] Player (luizredfield30, 76561199770341255)(<6042.112793, 34.846451, 10435.593750>) requested data for lock!
[10:21:48] Player ([GDF] BAL4COBACO, 76561198296387027)(<6044.596680, 34.846451, 10431.335938>) requested data for lock!
[10:21:48] Player ([GDF] BAL4COBACO, 76561198296387027)(<6042.112793, 34.846451, 10435.593750>) requested data for lock!
[10:25:13] Player ([GDF] BAL4COBACO, 76561198296387027)(<6044.596680, 34.846451, 10431.335938>) requested data for lock!
[10:25:16] Player (luizredfield30, 76561199770341255)(<6042.112793, 34.846451, 10435.593750>) requested data for lock!
[10:25:17] Player (luizredfield30, 76561199770341255)(<6044.596680, 34.846451, 10431.335938>) requested data for lock!
[10:25:43] Player ([GDF] BAL4COBACO, 76561198296387027)(<6044.596680, 34.846451, 10431.335938>) requested data for lock!
[10:25:49] Player ([GDF] BAL4COBACO, 76561198296387027)(<6044.596680, 34.846451, 10431.335938>) requested data for lock!
[10:26:03] Player ([GDF] BAL4COBACO, 76561198296387027)(<6042.112793, 34.846451, 10435.593750>) requested data for lock!
[10:26:06] Player ([GDF] BAL4COBACO, 76561198296387027)(<6044.596680, 34.846451, 10431.335938>) requested data for lock!
[10:38:03] Player (luizredfield30, 76561199770341255)(<4870.733887, 5.627413, 11321.759766>) requested data for lock!
[10:40:04] Player ([GDF] BAL4COBACO, 76561198296387027)(<6042.112793, 34.846451, 10435.593750>) requested data for lock!
[10:40:47] Player ([GDF] BAL4COBACO, 76561198296387027)(<6044.596680, 34.846451, 10431.335938>) requested data for lock!
[10:41:08] Player ([GDF] BAL4COBACO, 76561198296387027)(<6042.112793, 34.846451, 10435.593750>) requested data for lock!
[10:41:11] Player ([GDF] BAL4COBACO, 76561198296387027)(<6044.596680, 34.846451, 10431.335938>) requested data for lock!
[10:42:08] Player ([GDF] BAL4COBACO, 76561198296387027)(<6042.112793, 34.846451, 10435.593750>) requested data for lock!
[10:42:09] Player ([GDF] BAL4COBACO, 76561198296387027)(<6044.596680, 34.846451, 10431.335938>) requested data for lock!
[10:42:16] Player (luizredfield30, 76561199770341255)(<6044.596680, 34.846451, 10431.335938>) requested data for lock!
[10:42:16] Player (luizredfield30, 76561199770341255)(<6042.112793, 34.846451, 10435.593750>) requested data for lock!
[10:42:22] Player ([GDF] BAL4COBACO, 76561198296387027)(<6044.596680, 34.846451, 10431.335938>) requested data for lock!
[10:42:22] Player ([GDF] BAL4COBACO, 76561198296387027)(<6042.112793, 34.846451, 10435.593750>) requested data for lock!
[10:50:27] Player ([GDF] BAL4COBACO, 76561198296387027)(<7334.615234, 81.730453, 12396.931641>) requested data for lock!
[10:50:27] Player (luizredfield30, 76561199770341255)(<7334.615234, 81.730453, 12396.931641>) requested data for lock!
[10:50:27] Player (luizredfield30, 76561199770341255)(<7334.545410, 81.730453, 12396.727539>) requested data for lock!
[10:50:27] Player ([GDF] BAL4COBACO, 76561198296387027)(<7334.545410, 81.730453, 12396.727539>) requested data for lock!
[10:50:27] Player (luizredfield30, 76561199770341255)(<7334.590332, 81.730453, 12397.067383>) requested data for lock!
[10:50:27] Player ([GDF] BAL4COBACO, 76561198296387027)(<7334.590332, 81.730453, 12397.067383>) requested data for lock!
[10:50:28] Player ([GDF] BAL4COBACO, 76561198296387027)(<7355.947266, 84.361282, 12388.909180>) requested data for lock!
[10:50:28] Player (luizredfield30, 76561199770341255)(<7355.947266, 84.361282, 12388.909180>) requested data for lock!
[10:50:29] Player ([GDF] BAL4COBACO, 76561198296387027)(<7355.576172, 81.730453, 12388.914063>) requested data for lock!
[10:50:29] Player (luizredfield30, 76561199770341255)(<7355.576172, 81.730453, 12388.914063>) requested data for lock!
[10:50:29] Player (luizredfield30, 76561199770341255)(<7355.812500, 81.730453, 12388.950195>) requested data for lock!
[10:50:29] Player ([GDF] BAL4COBACO, 76561198296387027)(<7355.812500, 81.730453, 12388.950195>) requested data for lock!
[10:59:24] Player ([GDF] BAL4COBACO, 76561198296387027)(<4870.733887, 5.627413, 11321.759766>) requested data for lock!
[10:59:24] Player (luizredfield30, 76561199770341255)(<4870.733887, 5.627413, 11321.759766>) requested data for lock!
[11:00:50] Player (luizredfield30, 76561199770341255)(<6042.112793, 34.846451, 10435.593750>) requested data for lock!
[11:00:51] Player ([GDF] BAL4COBACO, 76561198296387027)(<6044.596680, 34.846451, 10431.335938>) requested data for lock!
[11:00:51] Player ([GDF] BAL4COBACO, 76561198296387027)(<6042.112793, 34.846451, 10435.593750>) requested data for lock!
[11:00:51] Player (luizredfield30, 76561199770341255)(<6044.596680, 34.846451, 10431.335938>) requested data for lock!
[11:05:22] Player ([GDF] BAL4COBACO, 76561198296387027)(<7334.615234, 81.730453, 12396.931641>) requested data for lock!
[11:05:22] Player ([GDF] BAL4COBACO, 76561198296387027)(<7334.545410, 81.730453, 12396.727539>) requested data for lock!
[11:05:22] Player ([GDF] BAL4COBACO, 76561198296387027)(<7334.590332, 81.730453, 12397.067383>) requested data for lock!
[11:05:25] Player (luizredfield30, 76561199770341255)(<7334.615234, 81.730453, 12396.931641>) requested data for lock!
[11:05:25] Player (luizredfield30, 76561199770341255)(<7334.545410, 81.730453, 12396.727539>) requested data for lock!
[11:05:25] Player (luizredfield30, 76561199770341255)(<7334.590332, 81.730453, 12397.067383>) requested data for lock!
[11:05:25] Player ([GDF] BAL4COBACO, 76561198296387027)(<7355.947266, 84.361282, 12388.909180>) requested data for lock!
[11:05:25] Player ([GDF] BAL4COBACO, 76561198296387027)(<7355.576172, 81.730453, 12388.914063>) requested data for lock!
[11:05:25] Player ([GDF] BAL4COBACO, 76561198296387027)(<7355.812500, 81.730453, 12388.950195>) requested data for lock!
[11:05:27] Player (luizredfield30, 76561199770341255)(<7355.947266, 84.361282, 12388.909180>) requested data for lock!
[11:05:27] Player (luizredfield30, 76561199770341255)(<7355.576172, 81.730453, 12388.914063>) requested data for lock!
[11:05:27] Player (luizredfield30, 76561199770341255)(<7355.812500, 81.730453, 12388.950195>) requested data for lock!
[11:08:51] Player ([GDF] BAL4COBACO, 76561198296387027)(<7334.590332, 81.730453, 12397.067383>) requested data for lock!
[11:08:51] Player (luizredfield30, 76561199770341255)(<7334.590332, 81.730453, 12397.067383>) requested data for lock!
[11:08:56] Player ([GDF] BAL4COBACO, 76561198296387027)(<7334.615234, 81.730453, 12396.931641>) requested data for lock!
[11:08:56] Player (luizredfield30, 76561199770341255)(<7334.615234, 81.730453, 12396.931641>) requested data for lock!
[11:09:02] Player ([GDF] BAL4COBACO, 76561198296387027)(<7334.545410, 81.730453, 12396.727539>) requested data for lock!
[11:09:02] Player (luizredfield30, 76561199770341255)(<7334.545410, 81.730453, 12396.727539>) requested data for lock!
[11:24:26] Player (luizredfield30, 76561198008639541)(<7334.615234, 81.730453, 12396.931641>) requested data for lock!
[11:24:26] Player (luizredfield30, 76561198008639541)(<7355.947266, 84.361282, 12388.909180>) requested data for lock!
[11:24:26] Player (luizredfield30, 76561198008639541)(<7334.545410, 81.730453, 12396.727539>) requested data for lock!
[11:24:26] Player (luizredfield30, 76561198008639541)(<7355.576172, 81.730453, 12388.914063>) requested data for lock!
[11:24:26] Player (luizredfield30, 76561198008639541)(<7334.590332, 81.730453, 12397.067383>) requested data for lock!
[11:24:26] Player (luizredfield30, 76561198008639541)(<7355.812500, 81.730453, 12388.950195>) requested data for lock!
[11:28:38] Player ([GDF] BAL4COBACO, 76561198296387027)(<7334.517578, 83.857002, 12397.041992>) requested data for lock!
[11:28:38] Player (luizredfield30, 76561198008639541)(<7334.517578, 83.857002, 12397.041992>) requested data for lock!
[11:29:07] Player ([GDF] BAL4COBACO, 76561198296387027)(<7334.517578, 83.857002, 12397.041992>) requested data for lock!
[11:29:08] Player (luizredfield30, 76561198008639541)(<7334.517578, 83.857002, 12397.041992>) requested data for lock!
[11:43:57] Player (luizredfield30, 76561198008639541)(<7334.590332, 81.730453, 12397.067383>) requested data for lock!
[11:43:57] Player ([GDF] BAL4COBACO, 76561198296387027)(<7334.590332, 81.730453, 12397.067383>) requested data for lock!
[12:34:06] Player (luizredfield30, 76561198008639541)(<7334.615234, 81.730453, 12396.931641>) requested data for lock!
[12:34:06] Player (luizredfield30, 76561198008639541)(<7355.947266, 84.361282, 12388.909180>) requested data for lock!
[12:34:06] Player (luizredfield30, 76561198008639541)(<7334.545410, 81.730453, 12396.727539>) requested data for lock!
[12:34:06] Player (luizredfield30, 76561198008639541)(<7334.517578, 83.857002, 12397.041992>) requested data for lock!
[12:34:06] Player (luizredfield30, 76561198008639541)(<7334.590332, 81.730453, 12397.067383>) requested data for lock!
[12:34:06] Player (luizredfield30, 76561198008639541)(<7355.812500, 81.730453, 12388.950195>) requested data for lock!
[12:45:15] Player (luizredfield30, 76561198008639541)(<7355.947266, 84.361282, 12388.909180>) requested data for lock!
[12:45:15] Player (luizredfield30, 76561198008639541)(<7355.812500, 81.730453, 12388.950195>) requested data for lock!
[12:51:07] Player (luizredfield30, 76561198008639541)(<7334.615234, 81.730453, 12396.931641>) requested data for lock!
[12:51:07] Player (luizredfield30, 76561198008639541)(<7334.545410, 81.730453, 12396.727539>) requested data for lock!
[12:51:07] Player (luizredfield30, 76561198008639541)(<7334.517578, 83.857002, 12397.041992>) requested data for lock!
[12:51:07] Player (luizredfield30, 76561198008639541)(<7334.590332, 81.730453, 12397.067383>) requested data for lock!
[12:51:12] Player (luizredfield30, 76561198008639541)(<7355.947266, 84.361282, 12388.909180>) requested data for lock!
[12:51:12] Player (luizredfield30, 76561198008639541)(<7355.812500, 81.730453, 12388.950195>) requested data for lock!
[12-13-2024][13.00.22] Log file reloaded ( Server Restart )
[13:00:56] Player (luizredfield30, 76561198008639541)(<7355.812500, 81.730453, 12388.950195>) requested data for lock!
[13:00:56] Player (luizredfield30, 76561198008639541)(<7334.545410, 81.730453, 12396.727539>) requested data for lock!
[13:00:56] Player (luizredfield30, 76561198008639541)(<7355.947266, 84.361282, 12388.909180>) requested data for lock!
[13:00:56] Player (luizredfield30, 76561198008639541)(<7334.517578, 83.857002, 12397.041992>) requested data for lock!
[13:00:56] Player (luizredfield30, 76561198008639541)(<7334.590332, 81.730453, 12397.067383>) requested data for lock!
[13:00:56] Player (luizredfield30, 76561198008639541)(<7334.615234, 81.730453, 12396.931641>) requested data for lock!
[13:06:41] Player (luizredfield30, 76561198008639541)(<7334.615234, 81.730453, 12396.931641>) requested data for lock!
[13:06:49] Player (luizredfield30, 76561198008639541)(<7334.545410, 81.730453, 12396.727539>) requested data for lock!
[13:27:22] Player (luizredfield30, 76561198008639541)(<7334.545410, 81.730453, 12396.727539>) requested data for lock!
[13:27:22] Player (luizredfield30, 76561198008639541)(<7334.517578, 83.857002, 12397.041992>) requested data for lock!
[13:27:23] Player (luizredfield30, 76561198008639541)(<7334.590332, 81.730453, 12397.067383>) requested data for lock!
[13:27:23] Player (luizredfield30, 76561198008639541)(<7334.615234, 81.730453, 12396.931641>) requested data for lock!
[13:27:25] Player (luizredfield30, 76561198008639541)(<7355.812500, 81.730453, 12388.950195>) requested data for lock!
[13:27:25] Player (luizredfield30, 76561198008639541)(<7355.947266, 84.361282, 12388.909180>) requested data for lock!
[13:29:00] Player (luizredfield30, 76561198008639541)(<9316.858398, 54.329174, 13092.093750>) requested data for lock!
[13:29:00] Player (luizredfield30, 76561198008639541)(<9318.663086, 54.329174, 13091.610352>) requested data for lock!
[13:29:00] Player (luizredfield30, 76561198008639541)(<9317.154297, 54.329174, 13091.982422>) requested data for lock!
[14:05:37] Player (nategriffith6327, 76561198255288426)(<12457.237305, 48.206120, 8419.958008>) requested data for lock!
[14:21:39] Player (Emaj, 76561198290808263)(<9316.858398, 54.329174, 13092.093750>) requested data for lock!
[14:21:39] Player (Emaj, 76561198290808263)(<9318.663086, 54.329174, 13091.610352>) requested data for lock!
[14:21:40] Player (Emaj, 76561198290808263)(<9317.154297, 54.329174, 13091.982422>) requested data for lock!
[14:35:28] Player (luizredfield30, 76561198008639541)(<9316.858398, 54.329174, 13092.093750>) requested data for lock!
[14:35:28] Player (luizredfield30, 76561198008639541)(<9318.663086, 54.329174, 13091.610352>) requested data for lock!
[14:35:28] Player (luizredfield30, 76561198008639541)(<9317.154297, 54.329174, 13091.982422>) requested data for lock!
[14:38:51] Player (luizredfield30, 76561199770341255)(<7355.812500, 81.730453, 12388.950195>) requested data for lock!
[14:38:51] Player (luizredfield30, 76561199770341255)(<7334.545410, 81.730453, 12396.727539>) requested data for lock!
[14:38:51] Player (luizredfield30, 76561199770341255)(<7355.947266, 84.361282, 12388.909180>) requested data for lock!
[14:38:51] Player (luizredfield30, 76561199770341255)(<7334.517578, 83.857002, 12397.041992>) requested data for lock!
[14:38:51] Player (luizredfield30, 76561199770341255)(<7334.590332, 81.730453, 12397.067383>) requested data for lock!
[14:38:51] Player (luizredfield30, 76561199770341255)(<7334.615234, 81.730453, 12396.931641>) requested data for lock!
[14:43:45] Player (luizredfield30, 76561199770341255)(<9316.858398, 54.329174, 13092.093750>) requested data for lock!
[14:43:45] Player (luizredfield30, 76561199770341255)(<9318.663086, 54.329174, 13091.610352>) requested data for lock!
[14:43:45] Player (luizredfield30, 76561199770341255)(<9317.154297, 54.329174, 13091.982422>) requested data for lock!
[14:56:35] Player (luizredfield30, 76561199770341255)(<7334.517578, 83.857002, 12397.041992>) requested data for lock!
[14:56:36] Player (luizredfield30, 76561199770341255)(<7334.590332, 81.730453, 12397.067383>) requested data for lock!
[14:56:36] Player (luizredfield30, 76561199770341255)(<7334.615234, 81.730453, 12396.931641>) requested data for lock!
[14:56:36] Player (luizredfield30, 76561199770341255)(<7334.545410, 81.730453, 12396.727539>) requested data for lock!
[14:56:37] Player (luizredfield30, 76561199770341255)(<7355.812500, 81.730453, 12388.950195>) requested data for lock!
[14:56:37] Player (luizredfield30, 76561199770341255)(<7355.947266, 84.361282, 12388.909180>) requested data for lock!
[14:57:17] Player (luizredfield30, 76561199770341255)(<7334.545410, 81.730453, 12396.727539>) requested data for lock!
[14:57:17] Player (luizredfield30, 76561199770341255)(<7334.517578, 83.857002, 12397.041992>) requested data for lock!
[14:57:17] Player (luizredfield30, 76561199770341255)(<7334.590332, 81.730453, 12397.067383>) requested data for lock!
[14:57:17] Player (luizredfield30, 76561199770341255)(<7334.615234, 81.730453, 12396.931641>) requested data for lock!
[14:57:19] Player (luizredfield30, 76561199770341255)(<7355.812500, 81.730453, 12388.950195>) requested data for lock!
[14:57:19] Player (luizredfield30, 76561199770341255)(<7355.947266, 84.361282, 12388.909180>) requested data for lock!
[15:05:15] Player (luizredfield30, 76561199770341255)(<7334.517578, 83.857002, 12397.041992>) requested data for lock!
[15:56:51] Player (CONTROL, 76561197967168101)(<6042.112793, 34.846451, 10435.593750>) requested data for lock!
[15:56:51] Player (CONTROL, 76561197967168101)(<6044.596680, 34.846451, 10431.335938>) requested data for lock!
[12-13-2024][17.00.23] Log file reloaded ( Server Restart )
[17:00:55] Player (Artur_vs_Swider, 76561198397000155)(<7224.133301, 10.915239, 7848.691406>) requested data for lock!
[17:00:55] Player (Artur_vs_Swider, 76561198397000155)(<7244.721680, 3.842066, 7828.232910>) requested data for lock!
[17:00:55] Player (Artur_vs_Swider, 76561198397000155)(<7241.480957, 3.950430, 7825.958984>) requested data for lock!
[17:16:22] Player (Artur_vs_Swider, 76561198397000155)(<7626.640137, 10.043794, 8539.677734>) requested data for lock!
[17:33:06] Player (Crashfool, 76561198289145406)(<12457.237305, 48.206120, 8419.958008>) requested data for lock!
[17:33:23] Player (Crashfool, 76561198289145406)(<12457.237305, 48.206120, 8419.958008>) requested data for lock!
[17:33:47] Player (Crashfool, 76561198289145406)(<12457.237305, 48.206120, 8419.958008>) requested data for lock!
[17:57:19] Player (Crashfool, 76561198289145406)(<11127.880859, 106.702026, 9501.662109>) requested data for lock!
[18:12:52] Player (Artur_vs_Swider, 76561198397000155)(<7626.640137, 10.043794, 8539.677734>) requested data for lock!
[18:17:20] Player (Crashfool, 76561198289145406)(<11127.880859, 106.702026, 9501.662109>) requested data for lock!
[18:55:01] Player (Artur_vs_Swider, 76561198397000155)(<7631.311035, 12.787427, 8534.870117>) requested data for lock!
[19:17:58] Player (Artur_vs_Swider, 76561198397000155)(<6044.596680, 34.846451, 10431.335938>) requested data for lock!
[19:17:58] Player (Artur_vs_Swider, 76561198397000155)(<6042.112793, 34.846451, 10435.593750>) requested data for lock!
[19:27:50] Player (luizredfield30, 76561198008639541)(<9318.663086, 54.329174, 13091.610352>) requested data for lock!
[19:27:50] Player (luizredfield30, 76561198008639541)(<9316.858398, 54.329174, 13092.093750>) requested data for lock!
[19:27:50] Player (luizredfield30, 76561198008639541)(<9317.154297, 54.329174, 13091.982422>) requested data for lock!
[19:33:53] Player (luizredfield30, 76561198008639541)(<9318.663086, 54.329174, 13091.610352>) requested data for lock!
[19:33:54] Player (luizredfield30, 76561198008639541)(<9316.858398, 54.329174, 13092.093750>) requested data for lock!
[19:33:54] Player (luizredfield30, 76561198008639541)(<9317.154297, 54.329174, 13091.982422>) requested data for lock!
[19:35:12] Player (luizredfield30, 76561198008639541)(<7355.947266, 84.361282, 12388.909180>) requested data for lock!
[19:35:12] Player (luizredfield30, 76561198008639541)(<7355.812500, 81.730453, 12388.950195>) requested data for lock!
[19:35:21] Player (luizredfield30, 76561198008639541)(<7334.615234, 81.730453, 12396.931641>) requested data for lock!
[19:35:21] Player (luizredfield30, 76561198008639541)(<7334.545410, 81.730453, 12396.727539>) requested data for lock!
[19:35:21] Player (luizredfield30, 76561198008639541)(<7334.590332, 81.730453, 12397.067383>) requested data for lock!
[19:35:22] Player (luizredfield30, 76561198008639541)(<7334.517578, 83.857002, 12397.041992>) requested data for lock!
[19:35:23] Player (Crashfool, 76561198289145406)(<9318.663086, 54.329174, 13091.610352>) requested data for lock!
[19:35:23] Player (Crashfool, 76561198289145406)(<9316.858398, 54.329174, 13092.093750>) requested data for lock!
[19:35:23] Player (Crashfool, 76561198289145406)(<9317.154297, 54.329174, 13091.982422>) requested data for lock!
[19:40:52] Player ([GDF] BAL4COBACO, 76561198296387027)(<7334.615234, 81.730453, 12396.931641>) requested data for lock!
[19:40:52] Player ([GDF] BAL4COBACO, 76561198296387027)(<7334.545410, 81.730453, 12396.727539>) requested data for lock!
[19:40:52] Player ([GDF] BAL4COBACO, 76561198296387027)(<7334.590332, 81.730453, 12397.067383>) requested data for lock!
[19:40:52] Player ([GDF] BAL4COBACO, 76561198296387027)(<7355.947266, 84.361282, 12388.909180>) requested data for lock!
[19:40:52] Player ([GDF] BAL4COBACO, 76561198296387027)(<7355.812500, 81.730453, 12388.950195>) requested data for lock!
[19:40:52] Player ([GDF] BAL4COBACO, 76561198296387027)(<7334.517578, 83.857002, 12397.041992>) requested data for lock!
[19:44:07] Player (Artur_vs_Swider, 76561198397000155)(<7626.640137, 10.043794, 8539.677734>) requested data for lock!
[19:44:09] Player (Artur_vs_Swider, 76561198397000155)(<7631.311035, 12.787427, 8534.870117>) requested data for lock!
[19:44:33] Player (Crashfool, 76561198289145406)(<9318.663086, 54.329174, 13091.610352>) requested data for lock!
[19:44:33] Player (Crashfool, 76561198289145406)(<9316.858398, 54.329174, 13092.093750>) requested data for lock!
[19:44:33] Player (Crashfool, 76561198289145406)(<9317.154297, 54.329174, 13091.982422>) requested data for lock!
[19:46:51] Player (Artur_vs_Swider, 76561198397000155)(<7224.133301, 10.915239, 7848.691406>) requested data for lock!
[19:50:00] Player (Artur_vs_Swider, 76561198397000155)(<7244.721680, 3.842066, 7828.232910>) requested data for lock!
[19:50:00] Player (Artur_vs_Swider, 76561198397000155)(<7241.480957, 3.950430, 7825.958984>) requested data for lock!
[20:00:53] Player (Rick Grimes, 76561199573099150)(<9318.663086, 54.329174, 13091.610352>) requested data for lock!
[20:00:53] Player (Rick Grimes, 76561199573099150)(<9316.858398, 54.329174, 13092.093750>) requested data for lock!
[20:00:53] Player (Rick Grimes, 76561199573099150)(<9317.154297, 54.329174, 13091.982422>) requested data for lock!
[20:01:25] Player ([GDF] BAL4COBACO, 76561198296387027)(<4870.733887, 5.627413, 11321.759766>) requested data for lock!
[20:01:25] Player (luizredfield30, 76561198008639541)(<4870.733887, 5.627413, 11321.759766>) requested data for lock!
[20:02:45] Player ([GDF] BAL4COBACO, 76561198296387027)(<6042.112793, 34.846451, 10435.593750>) requested data for lock!
[20:02:46] Player (luizredfield30, 76561198008639541)(<6042.112793, 34.846451, 10435.593750>) requested data for lock!
[20:02:46] Player ([GDF] BAL4COBACO, 76561198296387027)(<6044.596680, 34.846451, 10431.335938>) requested data for lock!
[20:02:46] Player (luizredfield30, 76561198008639541)(<6044.596680, 34.846451, 10431.335938>) requested data for lock!
[20:03:06] Player (Rick Grimes, 76561199573099150)(<9318.663086, 54.329174, 13091.610352>) requested data for lock!
[20:03:06] Player (Rick Grimes, 76561199573099150)(<9316.858398, 54.329174, 13092.093750>) requested data for lock!
[20:03:06] Player (Rick Grimes, 76561199573099150)(<9317.154297, 54.329174, 13091.982422>) requested data for lock!
[20:10:59] Player (luizredfield30, 76561198008639541)(<12457.237305, 48.206120, 8419.958008>) requested data for lock!
[20:16:43] Player (luizredfield30, 76561199770341255)(<7334.615234, 81.730453, 12396.931641>) requested data for lock!
[20:16:43] Player (luizredfield30, 76561199770341255)(<7334.545410, 81.730453, 12396.727539>) requested data for lock!
[20:16:43] Player (luizredfield30, 76561199770341255)(<7334.590332, 81.730453, 12397.067383>) requested data for lock!
[20:16:43] Player (luizredfield30, 76561199770341255)(<7355.947266, 84.361282, 12388.909180>) requested data for lock!
[20:16:43] Player (luizredfield30, 76561199770341255)(<7355.812500, 81.730453, 12388.950195>) requested data for lock!
[20:16:43] Player (luizredfield30, 76561199770341255)(<7334.517578, 83.857002, 12397.041992>) requested data for lock!
[20:19:30] Player (Rick Grimes, 76561199573099150)(<9318.663086, 54.329174, 13091.610352>) requested data for lock!
[20:19:30] Player (Rick Grimes, 76561199573099150)(<9316.858398, 54.329174, 13092.093750>) requested data for lock!
[20:19:30] Player (Rick Grimes, 76561199573099150)(<9317.154297, 54.329174, 13091.982422>) requested data for lock!
[20:21:33] Player (luizredfield30, 76561199770341255)(<4870.733887, 5.627413, 11321.759766>) requested data for lock!
[20:23:08] Player (luizredfield30, 76561199770341255)(<6044.596680, 34.846451, 10431.335938>) requested data for lock!
[20:23:08] Player (luizredfield30, 76561199770341255)(<6042.112793, 34.846451, 10435.593750>) requested data for lock!
[20:55:59] Player (Rick Grimes, 76561199573099150)(<9318.663086, 54.329174, 13091.610352>) requested data for lock!
[20:55:59] Player (Rick Grimes, 76561199573099150)(<9316.858398, 54.329174, 13092.093750>) requested data for lock!
[20:55:59] Player (Rick Grimes, 76561199573099150)(<9317.154297, 54.329174, 13091.982422>) requested data for lock!
[20:57:18] Player (Rick Grimes, 76561199573099150)(<9318.663086, 54.329174, 13091.610352>) requested data for lock!
[20:57:18] Player (Rick Grimes, 76561199573099150)(<9316.858398, 54.329174, 13092.093750>) requested data for lock!
[20:57:18] Player (Rick Grimes, 76561199573099150)(<9317.154297, 54.329174, 13091.982422>) requested data for lock!
[12-13-2024][21.00.22] Log file reloaded ( Server Restart )
[21:19:15] Player (luizredfield30, 76561199770341255)(<6042.112793, 34.846451, 10435.593750>) requested data for lock!
[21:19:16] Player (luizredfield30, 76561199770341255)(<6044.596680, 34.846451, 10431.335938>) requested data for lock!
[21:19:16] Player ([GDF] BAL4COBACO, 76561198296387027)(<6042.112793, 34.846451, 10435.593750>) requested data for lock!
[21:19:16] Player ([GDF] BAL4COBACO, 76561198296387027)(<6044.596680, 34.846451, 10431.335938>) requested data for lock!
[21:20:16] Player ([GDF] BAL4COBACO, 76561198296387027)(<4870.733887, 5.627413, 11321.759766>) requested data for lock!
[21:20:17] Player (luizredfield30, 76561199770341255)(<4870.733887, 5.627413, 11321.759766>) requested data for lock!
[21:23:55] Player (luizredfield30, 76561199770341255)(<7334.615234, 81.730453, 12396.931641>) requested data for lock!
[21:23:55] Player (luizredfield30, 76561199770341255)(<7334.590332, 81.730453, 12397.067383>) requested data for lock!
[21:23:55] Player (luizredfield30, 76561199770341255)(<7334.517578, 83.857002, 12397.041992>) requested data for lock!
[21:23:55] Player (luizredfield30, 76561199770341255)(<7334.545410, 81.730453, 12396.727539>) requested data for lock!
[21:23:55] Player ([GDF] BAL4COBACO, 76561198296387027)(<7334.615234, 81.730453, 12396.931641>) requested data for lock!
[21:23:55] Player ([GDF] BAL4COBACO, 76561198296387027)(<7334.590332, 81.730453, 12397.067383>) requested data for lock!
[21:23:55] Player ([GDF] BAL4COBACO, 76561198296387027)(<7334.517578, 83.857002, 12397.041992>) requested data for lock!
[21:23:55] Player ([GDF] BAL4COBACO, 76561198296387027)(<7334.545410, 81.730453, 12396.727539>) requested data for lock!
[21:23:57] Player ([GDF] BAL4COBACO, 76561198296387027)(<7355.812500, 81.730453, 12388.950195>) requested data for lock!
[21:23:57] Player (luizredfield30, 76561199770341255)(<7355.812500, 81.730453, 12388.950195>) requested data for lock!
[21:23:57] Player ([GDF] BAL4COBACO, 76561198296387027)(<7355.947266, 84.361282, 12388.909180>) requested data for lock!
[21:23:57] Player (luizredfield30, 76561199770341255)(<7355.947266, 84.361282, 12388.909180>) requested data for lock!
[21:26:11] Player (Rick Grimes, 76561199573099150)(<7631.311035, 12.787427, 8534.870117>) requested data for lock!
[21:26:13] Player (Rick Grimes, 76561199573099150)(<7626.640137, 10.043794, 8539.677734>) requested data for lock!
[21:31:24] Player (Rick Grimes, 76561199573099150)(<7631.311035, 12.787427, 8534.870117>) requested data for lock!
[21:34:54] Player (Rick Grimes, 76561199573099150)(<7631.311035, 12.787427, 8534.870117>) requested data for lock!
[21:34:54] Player (Rick Grimes, 76561199573099150)(<7626.640137, 10.043794, 8539.677734>) requested data for lock!
[21:47:09] Player (koril, 76561197969243293)(<11127.880859, 106.702026, 9501.662109>) requested data for lock!
[21:59:44] Player (koril, 76561197969243293)(<11127.880859, 106.702026, 9501.662109>) requested data for lock!
[22:10:12] Player (Rick Grimes, 76561199643612211)(<8899.131836, 15.554780, 1105.990234>) requested data for lock!
[22:10:12] Player (Rick Grimes, 76561199643612211)(<8909.085938, 15.889824, 1105.763916>) requested data for lock!
[22:20:52] Player (koril, 76561197969243293)(<9318.663086, 54.329174, 13091.610352>) requested data for lock!
[22:20:55] Player (koril, 76561197969243293)(<9316.858398, 54.329174, 13092.093750>) requested data for lock!
[22:20:55] Player (koril, 76561197969243293)(<9317.154297, 54.329174, 13091.982422>) requested data for lock!
[22:26:51] Player (CONTROL, 76561197967168101)(<5747.844238, 70.894112, 8893.360352>) requested data for lock!
[22:32:09] Player (koril, 76561197969243293)(<9318.663086, 54.329174, 13091.610352>) requested data for lock!
[22:32:09] Player (koril, 76561197969243293)(<9316.858398, 54.329174, 13092.093750>) requested data for lock!
[22:32:10] Player (koril, 76561197969243293)(<9317.154297, 54.329174, 13091.982422>) requested data for lock!
[22:41:57] Player (CONTROL, 76561197967168101)(<5746.929199, 70.849586, 8893.775391>) requested data for lock!
[22:52:59] Player (CONTROL, 76561197967168101)(<6042.112793, 34.846451, 10435.593750>) requested data for lock!
[22:52:59] Player (CONTROL, 76561197967168101)(<6044.596680, 34.846451, 10431.335938>) requested data for lock!
[23:00:23] Player (CONTROL, 76561197967168101)(<5746.929199, 70.849586, 8893.775391>) requested data for lock!
[23:14:26] Player (CONTROL, 76561197967168101)(<4870.733887, 5.627413, 11321.759766>) requested data for lock!
[23:20:11] Player (CONTROL, 76561197967168101)(<4870.733887, 5.627413, 11321.759766>) requested data for lock!
[23:20:26] Player (CONTROL, 76561197967168101)(<4870.733887, 5.627413, 11321.759766>) requested data for lock!
[23:22:33] Player (CONTROL, 76561197967168101)(<4870.733887, 5.627413, 11321.759766>) requested data for lock!
