[12-06-2024][00.00.24] New Synch Log File Created!
[00:02:14] Player (CONTROL, 76561197967168101)(<6044.596680, 34.846451, 10431.335938>) requested data for lock!
[00:02:14] Player (CONTROL, 76561197967168101)(<6042.112793, 34.846451, 10435.593750>) requested data for lock!
[00:31:41] Player (CONTROL, 76561197967168101)(<6044.596680, 34.846451, 10431.335938>) requested data for lock!
[02:35:44] Player (Clean, 76561198063623637)(<9668.629883, 10.955507, 13562.585938>) requested data for lock!
[02:35:44] Player (Clean, 76561198063623637)(<9666.972656, 10.980086, 13563.481445>) requested data for lock!
[02:35:44] Player (Clean, 76561198063623637)(<9318.663086, 54.329174, 13091.610352>) requested data for lock!
[02:35:44] Player (Clean, 76561198063623637)(<9317.154297, 54.329174, 13091.982422>) requested data for lock!
[12-06-2024][05.00.23] Log file reloaded ( Server Restart )
[12-06-2024][09.00.23] Log file reloaded ( Server Restart )
[12-06-2024][13.00.23] Log file reloaded ( Server Restart )
[14:04:28] Player (Luiz, 76561198008639541)(<9318.663086, 54.329174, 13091.610352>) requested data for lock!
[14:04:28] Player (Luiz, 76561198008639541)(<9317.154297, 54.329174, 13091.982422>) requested data for lock!
[14:05:29] Player (Luiz, 76561198008639541)(<9318.663086, 54.329174, 13091.610352>) requested data for lock!
[14:05:30] Player (Luiz, 76561198008639541)(<9317.154297, 54.329174, 13091.982422>) requested data for lock!
[14:09:14] Player (Luiz, 76561198008639541)(<9668.629883, 10.955507, 13562.585938>) requested data for lock!
[14:09:14] Player (Luiz, 76561198008639541)(<9666.972656, 10.980086, 13563.481445>) requested data for lock!
[15:23:28] Player (Luiz, 76561198008639541)(<9316.858398, 54.329174, 13092.093750>) requested data for lock!
[16:03:54] Player (Luiz, 76561198008639541)(<9318.663086, 54.329174, 13091.610352>) requested data for lock!
[16:03:55] Player (Luiz, 76561198008639541)(<9316.858398, 54.329174, 13092.093750>) requested data for lock!
[16:03:55] Player (Luiz, 76561198008639541)(<9317.154297, 54.329174, 13091.982422>) requested data for lock!
[16:04:11] Player (KRage, 76561198011791367)(<11127.880859, 106.702026, 9501.662109>) requested data for lock!
[12-06-2024][17.00.25] Log file reloaded ( Server Restart )
[17:51:15] Player (Artur_vs_Swider, 76561198397000155)(<12457.237305, 48.206120, 8419.958008>) requested data for lock!
[17:57:01] Player (Artur_vs_Swider, 76561198397000155)(<12457.237305, 48.206120, 8419.958008>) requested data for lock!
[17:59:14] Player (Artur_vs_Swider, 76561198397000155)(<12457.237305, 48.206120, 8419.958008>) requested data for lock!
[18:09:11] Player (KRage, 76561198011791367)(<11127.880859, 106.702026, 9501.662109>) requested data for lock!
[20:17:30] Player (Loki, 76561199282403539)(<6042.112793, 34.846451, 10435.593750>) requested data for lock!
[20:17:30] Player (Loki, 76561199282403539)(<6044.596680, 34.846451, 10431.335938>) requested data for lock!
[20:21:54] Player (Daryl Dixon, 76561199573099150)(<9317.154297, 54.329174, 13091.982422>) requested data for lock!
[20:21:54] Player (Daryl Dixon, 76561199573099150)(<9318.663086, 54.329174, 13091.610352>) requested data for lock!
[20:21:54] Player (Daryl Dixon, 76561199573099150)(<9316.858398, 54.329174, 13092.093750>) requested data for lock!
[20:24:27] Player (Daryl Dixon, 76561199573099150)(<9668.629883, 10.955507, 13562.585938>) requested data for lock!
[20:24:28] Player (Daryl Dixon, 76561199573099150)(<9666.972656, 10.980086, 13563.481445>) requested data for lock!
[20:24:28] Player (Loki, 76561199282403539)(<7241.480957, 3.950430, 7825.958984>) requested data for lock!
[20:24:28] Player (Loki, 76561199282403539)(<7244.721680, 3.842066, 7828.232910>) requested data for lock!
[20:24:28] Player (Loki, 76561199282403539)(<7224.133301, 10.915239, 7848.691406>) requested data for lock!
[20:28:14] Player (Loki, 76561199282403539)(<6042.112793, 34.846451, 10435.593750>) requested data for lock!
[20:28:14] Player (Loki, 76561199282403539)(<6044.596680, 34.846451, 10431.335938>) requested data for lock!
[20:29:15] Player (Loki, 76561199282403539)(<6042.112793, 34.846451, 10435.593750>) requested data for lock!
[20:29:15] Player (Loki, 76561199282403539)(<6044.596680, 34.846451, 10431.335938>) requested data for lock!
[20:35:25] Player (Loki, 76561199282403539)(<7241.480957, 3.950430, 7825.958984>) requested data for lock!
[20:35:25] Player (Loki, 76561199282403539)(<7244.721680, 3.842066, 7828.232910>) requested data for lock!
[20:35:25] Player (Loki, 76561199282403539)(<7224.133301, 10.915239, 7848.691406>) requested data for lock!
[20:38:31] Player (Daryl Dixon, 76561199573099150)(<9317.154297, 54.329174, 13091.982422>) requested data for lock!
[20:38:31] Player (Daryl Dixon, 76561199573099150)(<9318.663086, 54.329174, 13091.610352>) requested data for lock!
[20:38:31] Player (Daryl Dixon, 76561199573099150)(<9316.858398, 54.329174, 13092.093750>) requested data for lock!
[20:45:21] Player (Daryl Dixon, 76561199573099150)(<9668.629883, 10.955507, 13562.585938>) requested data for lock!
[20:45:21] Player (Daryl Dixon, 76561199573099150)(<9666.972656, 10.980086, 13563.481445>) requested data for lock!
[20:46:34] Player (Loki, 76561199282403539)(<12457.237305, 48.206120, 8419.958008>) requested data for lock!
[20:50:20] Player (KRage, 76561198011791367)(<11127.880859, 106.702026, 9501.662109>) requested data for lock!
[20:51:49] Player (Loki, 76561199282403539)(<11127.880859, 106.702026, 9501.662109>) requested data for lock!
[12-06-2024][21.00.22] Log file reloaded ( Server Restart )
[21:02:06] Player (KRage, 76561198011791367)(<11127.880859, 106.702026, 9501.662109>) requested data for lock!
[21:05:15] Player (Loki, 76561199282403539)(<11127.880859, 106.702026, 9501.662109>) requested data for lock!
[21:09:24] Player (Daryl Dixon, 76561199573099150)(<9666.972656, 10.980086, 13563.481445>) requested data for lock!
[21:09:25] Player (Daryl Dixon, 76561199573099150)(<9668.629883, 10.955507, 13562.585938>) requested data for lock!
[21:32:55] Player (Bubbawest, 76561198037988310)(<11127.880859, 106.702026, 9501.662109>) requested data for lock!
[21:33:41] Player (FreeRanger, 76561198035689928)(<7244.721680, 3.842066, 7828.232910>) requested data for lock!
[21:33:41] Player (FreeRanger, 76561198035689928)(<7241.480957, 3.950430, 7825.958984>) requested data for lock!
[21:33:41] Player (FreeRanger, 76561198035689928)(<7224.133301, 10.915239, 7848.691406>) requested data for lock!
[21:34:37] Player (Loki, 76561199282403539)(<11127.880859, 106.702026, 9501.662109>) requested data for lock!
[21:40:32] Player (Bubbawest, 76561198037988310)(<11127.880859, 106.702026, 9501.662109>) requested data for lock!
[21:41:03] Player (Bubbawest, 76561198037988310)(<11127.880859, 106.702026, 9501.662109>) requested data for lock!
[21:41:03] Player (Loki, 76561199282403539)(<11127.880859, 106.702026, 9501.662109>) requested data for lock!
[21:41:03] Player (KRage, 76561198011791367)(<11127.880859, 106.702026, 9501.662109>) requested data for lock!
[22:06:07] Player (Bubbawest, 76561198037988310)(<9316.858398, 54.329174, 13092.093750>) requested data for lock!
[22:06:07] Player (Bubbawest, 76561198037988310)(<9318.663086, 54.329174, 13091.610352>) requested data for lock!
[22:06:07] Player (Bubbawest, 76561198037988310)(<9317.154297, 54.329174, 13091.982422>) requested data for lock!
[22:06:08] Player (Loki, 76561199282403539)(<9316.858398, 54.329174, 13092.093750>) requested data for lock!
[22:06:08] Player (Loki, 76561199282403539)(<9318.663086, 54.329174, 13091.610352>) requested data for lock!
[22:06:08] Player (KRage, 76561198011791367)(<9316.858398, 54.329174, 13092.093750>) requested data for lock!
[22:06:08] Player (Loki, 76561199282403539)(<9317.154297, 54.329174, 13091.982422>) requested data for lock!
[22:06:08] Player (KRage, 76561198011791367)(<9318.663086, 54.329174, 13091.610352>) requested data for lock!
[22:06:09] Player (KRage, 76561198011791367)(<9317.154297, 54.329174, 13091.982422>) requested data for lock!
[22:21:32] Player (KRage, 76561198011791367)(<11127.880859, 106.702026, 9501.662109>) requested data for lock!
[22:21:33] Player (Bubbawest, 76561198037988310)(<11127.880859, 106.702026, 9501.662109>) requested data for lock!
[22:43:07] Player (KRage, 76561198011791367)(<11127.880859, 106.702026, 9501.662109>) requested data for lock!
[22:43:07] Player (Bubbawest, 76561198037988310)(<11127.880859, 106.702026, 9501.662109>) requested data for lock!
[22:51:07] Player (Bubbawest, 76561198037988310)(<7224.133301, 10.915239, 7848.691406>) requested data for lock!
[22:51:07] Player (KRage, 76561198011791367)(<7224.133301, 10.915239, 7848.691406>) requested data for lock!
[22:51:09] Player (Bubbawest, 76561198037988310)(<7244.721680, 3.842066, 7828.232910>) requested data for lock!
[22:51:09] Player (KRage, 76561198011791367)(<7244.721680, 3.842066, 7828.232910>) requested data for lock!
[22:51:10] Player (Bubbawest, 76561198037988310)(<7241.480957, 3.950430, 7825.958984>) requested data for lock!
[22:51:10] Player (KRage, 76561198011791367)(<7241.480957, 3.950430, 7825.958984>) requested data for lock!
