[12-05-2024][00.00.24] New Synch Log File Created!
[00:06:35] Player (FrogMan, 76561199003815685)(<7224.133301, 10.915239, 7848.691406>) requested data for lock!
[00:06:35] Player (FrogMan, 76561199003815685)(<7241.480957, 3.950430, 7825.958984>) requested data for lock!
[00:06:35] Player (FrogMan, 76561199003815685)(<7244.721680, 3.842066, 7828.232910>) requested data for lock!
[00:08:05] Player (Vellath, 76561198068537513)(<7224.133301, 10.915239, 7848.691406>) requested data for lock!
[00:08:05] Player (Vellath, 76561198068537513)(<7241.480957, 3.950430, 7825.958984>) requested data for lock!
[00:08:05] Player (Vellath, 76561198068537513)(<7244.721680, 3.842066, 7828.232910>) requested data for lock!
[00:16:04] Player (AssGasket, 76561197974341881)(<9668.629883, 10.955507, 13562.585938>) requested data for lock!
[00:16:05] Player (AssGasket, 76561197974341881)(<9666.972656, 10.980086, 13563.481445>) requested data for lock!
[00:48:23] Player (AssGasket, 76561197974341881)(<12457.237305, 48.206120, 8419.958008>) requested data for lock!
[01:01:45] Player (Vellath, 76561198068537513)(<7241.480957, 3.950430, 7825.958984>) requested data for lock!
[01:01:45] Player (Vellath, 76561198068537513)(<7244.721680, 3.842066, 7828.232910>) requested data for lock!
[01:01:48] Player (FrogMan, 76561199003815685)(<7241.480957, 3.950430, 7825.958984>) requested data for lock!
[01:01:50] Player (FrogMan, 76561199003815685)(<7244.721680, 3.842066, 7828.232910>) requested data for lock!
[01:05:09] Player (FrogMan, 76561199003815685)(<7224.133301, 10.915239, 7848.691406>) requested data for lock!
[01:05:14] Player (Vellath, 76561198068537513)(<7224.133301, 10.915239, 7848.691406>) requested data for lock!
[01:05:18] Player (FrogMan, 76561199003815685)(<7241.480957, 3.950430, 7825.958984>) requested data for lock!
[01:05:18] Player (FrogMan, 76561199003815685)(<7244.721680, 3.842066, 7828.232910>) requested data for lock!
[01:05:20] Player (Vellath, 76561198068537513)(<7241.480957, 3.950430, 7825.958984>) requested data for lock!
[01:05:20] Player (Vellath, 76561198068537513)(<7244.721680, 3.842066, 7828.232910>) requested data for lock!
[02:52:20] Player (Loki, 76561199282403539)(<4619.111328, 54.488945, 4107.292480>) requested data for lock!
[03:43:36] Player (Loki, 76561199282403539)(<4625.984863, 54.488869, 4108.668457>) requested data for lock!
[04:20:44] Player (StreamSniped, 76561199687348350)(<12457.237305, 48.206120, 8419.958008>) requested data for lock!
[04:25:25] Player (StreamSniped, 76561199687348350)(<12457.237305, 48.206120, 8419.958008>) requested data for lock!
[12-05-2024][05.00.23] Log file reloaded ( Server Restart )
[12-05-2024][09.00.22] Log file reloaded ( Server Restart )
[10:34:47] Player (jenkins , 76561197977588602)(<7241.480957, 3.950430, 7825.958984>) requested data for lock!
[10:35:57] Player (jenkins , 76561197977588602)(<7244.721680, 3.842066, 7828.232910>) requested data for lock!
[10:36:04] Player (jenkins , 76561197977588602)(<7224.133301, 10.915239, 7848.691406>) requested data for lock!
[10:57:30] Player (Luiz, 76561199770341255)(<9668.629883, 10.955507, 13562.585938>) requested data for lock!
[10:57:30] Player (Luiz, 76561199770341255)(<9666.972656, 10.980086, 13563.481445>) requested data for lock!
[10:57:30] Player (Luiz, 76561199770341255)(<9318.663086, 54.329174, 13091.610352>) requested data for lock!
[10:57:30] Player (Luiz, 76561199770341255)(<9317.154297, 54.329174, 13091.982422>) requested data for lock!
[11:02:24] Player (MANOWAR, 76561198978595280)(<12457.237305, 48.206120, 8419.958008>) requested data for lock!
[11:25:08] Player (MANOWAR, 76561198978595280)(<12457.237305, 48.206120, 8419.958008>) requested data for lock!
[11:28:05] Player (Luiz, 76561199770341255)(<9666.972656, 10.980086, 13563.481445>) requested data for lock!
[11:28:12] Player (Luiz, 76561199770341255)(<9668.629883, 10.955507, 13562.585938>) requested data for lock!
[11:29:22] Player (MANOWAR, 76561198978595280)(<12457.237305, 48.206120, 8419.958008>) requested data for lock!
[11:29:55] Player (MANOWAR, 76561198978595280)(<12457.237305, 48.206120, 8419.958008>) requested data for lock!
[11:46:27] Player (Luiz, 76561199770341255)(<9668.629883, 10.955507, 13562.585938>) requested data for lock!
[11:46:27] Player (Luiz, 76561199770341255)(<9666.972656, 10.980086, 13563.481445>) requested data for lock!
[11:46:27] Player (Luiz, 76561199770341255)(<9318.663086, 54.329174, 13091.610352>) requested data for lock!
[11:46:27] Player (Luiz, 76561199770341255)(<9317.154297, 54.329174, 13091.982422>) requested data for lock!
[12:17:13] Player (Luiz, 76561199770341255)(<9318.663086, 54.329174, 13091.610352>) requested data for lock!
[12:17:13] Player (Luiz, 76561199770341255)(<9317.154297, 54.329174, 13091.982422>) requested data for lock!
[12:22:36] Player (Luiz, 76561199770341255)(<9318.663086, 54.329174, 13091.610352>) requested data for lock!
[12:22:37] Player (Luiz, 76561199770341255)(<9317.154297, 54.329174, 13091.982422>) requested data for lock!
[12:45:44] Player (Luiz, 76561199770341255)(<9318.663086, 54.329174, 13091.610352>) requested data for lock!
[12:45:44] Player (Luiz, 76561199770341255)(<9317.154297, 54.329174, 13091.982422>) requested data for lock!
[12:47:30] Player (Luiz, 76561199770341255)(<9318.663086, 54.329174, 13091.610352>) requested data for lock!
[12:47:30] Player (Luiz, 76561199770341255)(<9317.154297, 54.329174, 13091.982422>) requested data for lock!
[12:48:59] Player (Luiz, 76561199770341255)(<9668.629883, 10.955507, 13562.585938>) requested data for lock!
[12:48:59] Player (Luiz, 76561199770341255)(<9666.972656, 10.980086, 13563.481445>) requested data for lock!
[12-05-2024][13.00.26] Log file reloaded ( Server Restart )
[15:27:51] Player (sans, 76561199229421873)(<6042.112793, 34.846451, 10435.593750>) requested data for lock!
[15:27:51] Player (sans, 76561199229421873)(<6044.596680, 34.846451, 10431.335938>) requested data for lock!
[15:27:53] Player (brysonZ28, 76561198412009942)(<6044.596680, 34.846451, 10431.335938>) requested data for lock!
[15:27:54] Player (brysonZ28, 76561198412009942)(<6042.112793, 34.846451, 10435.593750>) requested data for lock!
[15:42:40] Player (Scorpion, 76561197993341683)(<9668.629883, 10.955507, 13562.585938>) requested data for lock!
[15:42:40] Player (Scorpion, 76561197993341683)(<9666.972656, 10.980086, 13563.481445>) requested data for lock!
[15:54:26] Player (Scorpion, 76561197993341683)(<9318.663086, 54.329174, 13091.610352>) requested data for lock!
[15:54:30] Player (Scorpion, 76561197993341683)(<9317.154297, 54.329174, 13091.982422>) requested data for lock!
[16:25:36] Player (Scorpion, 76561197993341683)(<9318.663086, 54.329174, 13091.610352>) requested data for lock!
[16:25:36] Player (Scorpion, 76561197993341683)(<9317.154297, 54.329174, 13091.982422>) requested data for lock!
[16:36:44] Player (sans, 76561199229421873)(<6042.112793, 34.846451, 10435.593750>) requested data for lock!
[16:36:45] Player (sans, 76561199229421873)(<6044.596680, 34.846451, 10431.335938>) requested data for lock!
[12-05-2024][17.00.25] Log file reloaded ( Server Restart )
[17:01:25] Player (brysonZ28, 76561198412009942)(<6044.596680, 34.846451, 10431.335938>) requested data for lock!
[17:01:25] Player (brysonZ28, 76561198412009942)(<6042.112793, 34.846451, 10435.593750>) requested data for lock!
[17:01:28] Player (sans, 76561199229421873)(<6044.596680, 34.846451, 10431.335938>) requested data for lock!
[17:01:28] Player (sans, 76561199229421873)(<6042.112793, 34.846451, 10435.593750>) requested data for lock!
[17:05:38] Player (Scorpion, 76561197993341683)(<9668.629883, 10.955507, 13562.585938>) requested data for lock!
[17:05:38] Player (Scorpion, 76561197993341683)(<9666.972656, 10.980086, 13563.481445>) requested data for lock!
[17:09:48] Player (Scorpion, 76561197993341683)(<9318.663086, 54.329174, 13091.610352>) requested data for lock!
[17:09:48] Player (Scorpion, 76561197993341683)(<9317.154297, 54.329174, 13091.982422>) requested data for lock!
[17:58:57] Player (Scorpion, 76561197993341683)(<9318.663086, 54.329174, 13091.610352>) requested data for lock!
[17:58:57] Player (Scorpion, 76561197993341683)(<9317.154297, 54.329174, 13091.982422>) requested data for lock!
[19:10:36] Player (FrogMan, 76561199003815685)(<7241.480957, 3.950430, 7825.958984>) requested data for lock!
[19:10:36] Player (FrogMan, 76561199003815685)(<7244.721680, 3.842066, 7828.232910>) requested data for lock!
[19:10:36] Player (FrogMan, 76561199003815685)(<7224.133301, 10.915239, 7848.691406>) requested data for lock!
[19:22:16] Player (FreeRanger, 76561198035689928)(<7241.480957, 3.950430, 7825.958984>) requested data for lock!
[19:22:16] Player (FreeRanger, 76561198035689928)(<7244.721680, 3.842066, 7828.232910>) requested data for lock!
[19:22:16] Player (FreeRanger, 76561198035689928)(<7224.133301, 10.915239, 7848.691406>) requested data for lock!
[19:24:14] Player (FreeRanger, 76561198035689928)(<7241.480957, 3.950430, 7825.958984>) requested data for lock!
[19:24:14] Player (FreeRanger, 76561198035689928)(<7244.721680, 3.842066, 7828.232910>) requested data for lock!
[19:24:18] Player (FreeRanger, 76561198035689928)(<7224.133301, 10.915239, 7848.691406>) requested data for lock!
[19:39:32] Player (Luiz, 76561199770341255)(<9318.663086, 54.329174, 13091.610352>) requested data for lock!
[19:39:32] Player (Luiz, 76561199770341255)(<9668.629883, 10.955507, 13562.585938>) requested data for lock!
[19:39:32] Player (Luiz, 76561199770341255)(<9666.972656, 10.980086, 13563.481445>) requested data for lock!
[19:39:32] Player (Luiz, 76561199770341255)(<9317.154297, 54.329174, 13091.982422>) requested data for lock!
[19:46:18] Player ([GDF] BAL4COBACO, 76561198296387027)(<9318.663086, 54.329174, 13091.610352>) requested data for lock!
[19:46:18] Player ([GDF] BAL4COBACO, 76561198296387027)(<9668.629883, 10.955507, 13562.585938>) requested data for lock!
[19:46:18] Player ([GDF] BAL4COBACO, 76561198296387027)(<9666.972656, 10.980086, 13563.481445>) requested data for lock!
[19:46:18] Player ([GDF] BAL4COBACO, 76561198296387027)(<9317.154297, 54.329174, 13091.982422>) requested data for lock!
[20:42:29] Player (Luiz, 76561199770341255)(<9318.663086, 54.329174, 13091.610352>) requested data for lock!
[20:42:29] Player (Luiz, 76561199770341255)(<9317.154297, 54.329174, 13091.982422>) requested data for lock!
[20:42:46] Player ([GDF] BAL4COBACO, 76561198296387027)(<9318.663086, 54.329174, 13091.610352>) requested data for lock!
[20:42:47] Player ([GDF] BAL4COBACO, 76561198296387027)(<9317.154297, 54.329174, 13091.982422>) requested data for lock!
[20:44:03] Player (Luiz, 76561199770341255)(<9668.629883, 10.955507, 13562.585938>) requested data for lock!
[20:44:03] Player (Luiz, 76561199770341255)(<9666.972656, 10.980086, 13563.481445>) requested data for lock!
[20:44:20] Player ([GDF] BAL4COBACO, 76561198296387027)(<9668.629883, 10.955507, 13562.585938>) requested data for lock!
[20:44:20] Player ([GDF] BAL4COBACO, 76561198296387027)(<9666.972656, 10.980086, 13563.481445>) requested data for lock!
[12-05-2024][21.00.24] Log file reloaded ( Server Restart )
[21:03:42] Player (Luiz, 76561199770341255)(<9666.972656, 10.980086, 13563.481445>) requested data for lock!
[21:03:42] Player (Luiz, 76561199770341255)(<9668.629883, 10.955507, 13562.585938>) requested data for lock!
[21:03:42] Player (Luiz, 76561199770341255)(<9318.663086, 54.329174, 13091.610352>) requested data for lock!
[21:03:42] Player (Luiz, 76561199770341255)(<9317.154297, 54.329174, 13091.982422>) requested data for lock!
[22:15:24] Player (CONTROL, 76561197967168101)(<7224.133301, 10.915239, 7848.691406>) requested data for lock!
[22:16:08] Player (CONTROL, 76561197967168101)(<7244.721680, 3.842066, 7828.232910>) requested data for lock!
[22:16:10] Player (CONTROL, 76561197967168101)(<7241.480957, 3.950430, 7825.958984>) requested data for lock!
[23:05:40] Player (CONTROL, 76561197967168101)(<6044.596680, 34.846451, 10431.335938>) requested data for lock!
[23:05:41] Player (CONTROL, 76561197967168101)(<6042.112793, 34.846451, 10435.593750>) requested data for lock!
