[12-21-2024][00.00.21] New Synch Log File Created!
[00:03:28] Player (Daidax238, 76561198168407981)(<7355.812500, 81.730453, 12388.950195>) requested data for lock!
[00:03:28] Player (Daidax238, 76561198168407981)(<7334.517578, 83.857002, 12397.041992>) requested data for lock!
[00:03:28] Player (Daidax238, 76561198168407981)(<7334.545410, 81.730453, 12396.727539>) requested data for lock!
[00:03:28] Player (Daidax238, 76561198168407981)(<7355.454102, 81.730453, 12388.909180>) requested data for lock!
[00:03:29] Player (Daidax238, 76561198168407981)(<7355.248535, 81.730453, 12388.920898>) requested data for lock!
[00:03:29] Player (Daidax238, 76561198168407981)(<7355.947266, 84.361282, 12388.909180>) requested data for lock!
[00:03:29] Player (Daidax238, 76561198168407981)(<7355.576172, 81.730453, 12388.914063>) requested data for lock!
[00:03:29] Player (Daidax238, 76561198168407981)(<7334.615234, 81.730453, 12396.931641>) requested data for lock!
[00:03:29] Player (Daidax238, 76561198168407981)(<7359.518066, 86.602303, 12394.140625>) requested data for lock!
[00:03:29] Player (Daidax238, 76561198168407981)(<7334.590332, 81.730453, 12397.067383>) requested data for lock!
[00:03:29] Player (Daidax238, 76561198168407981)(<7360.089844, 82.019249, 12389.973633>) requested data for lock!
[00:05:45] Player (anotherbuffoon, 76561198041157323)(<7355.812500, 81.730453, 12388.950195>) requested data for lock!
[00:05:45] Player (anotherbuffoon, 76561198041157323)(<7334.517578, 83.857002, 12397.041992>) requested data for lock!
[00:05:45] Player (anotherbuffoon, 76561198041157323)(<7334.545410, 81.730453, 12396.727539>) requested data for lock!
[00:05:45] Player (anotherbuffoon, 76561198041157323)(<7355.454102, 81.730453, 12388.909180>) requested data for lock!
[00:05:45] Player (anotherbuffoon, 76561198041157323)(<7355.248535, 81.730453, 12388.920898>) requested data for lock!
[00:05:45] Player (anotherbuffoon, 76561198041157323)(<7355.947266, 84.361282, 12388.909180>) requested data for lock!
[00:05:45] Player (anotherbuffoon, 76561198041157323)(<7355.576172, 81.730453, 12388.914063>) requested data for lock!
[00:05:45] Player (anotherbuffoon, 76561198041157323)(<7334.615234, 81.730453, 12396.931641>) requested data for lock!
[00:05:46] Player (anotherbuffoon, 76561198041157323)(<7359.518066, 86.602303, 12394.140625>) requested data for lock!
[00:05:46] Player (anotherbuffoon, 76561198041157323)(<7334.590332, 81.730453, 12397.067383>) requested data for lock!
[00:05:46] Player (anotherbuffoon, 76561198041157323)(<7360.089844, 82.019249, 12389.973633>) requested data for lock!
[00:06:15] Player (anotherbuffoon, 76561198041157323)(<9317.154297, 54.329174, 13091.982422>) requested data for lock!
[00:06:15] Player (anotherbuffoon, 76561198041157323)(<9318.663086, 54.329174, 13091.610352>) requested data for lock!
[00:06:15] Player (anotherbuffoon, 76561198041157323)(<9316.858398, 54.329174, 13092.093750>) requested data for lock!
[00:06:17] Player (Daidax238, 76561198168407981)(<9317.154297, 54.329174, 13091.982422>) requested data for lock!
[00:06:17] Player (Daidax238, 76561198168407981)(<9318.663086, 54.329174, 13091.610352>) requested data for lock!
[00:06:17] Player (Daidax238, 76561198168407981)(<9316.858398, 54.329174, 13092.093750>) requested data for lock!
[00:21:17] Player (BILL, 76561198814955756)(<7626.640137, 10.043794, 8539.677734>) requested data for lock!
[00:21:17] Player (BILL, 76561198814955756)(<7244.721680, 3.842066, 7828.232910>) requested data for lock!
[00:21:17] Player (BILL, 76561198814955756)(<7241.480957, 3.950430, 7825.958984>) requested data for lock!
[00:21:17] Player (BILL, 76561198814955756)(<7631.311035, 12.787427, 8534.870117>) requested data for lock!
[00:21:17] Player (BILL, 76561198814955756)(<7224.133301, 10.915239, 7848.691406>) requested data for lock!
[00:21:17] Player (BILL, 76561198814955756)(<8046.105957, 27.662138, 7867.672363>) requested data for lock!
[00:21:18] Player (BILL, 76561198814955756)(<8072.392578, 27.662115, 7855.935059>) requested data for lock!
[00:21:18] Player (BILL, 76561198814955756)(<8066.057129, 27.662161, 7856.242676>) requested data for lock!
[00:21:18] Player (BILL, 76561198814955756)(<8048.060547, 27.662161, 7867.532227>) requested data for lock!
[00:21:18] Player (BILL, 76561198814955756)(<8041.888184, 27.662138, 7867.689453>) requested data for lock!
[00:21:19] Player (BILL, 76561198814955756)(<8066.684570, 27.662138, 7855.720215>) requested data for lock!
[00:21:45] Player (Daidax238, 76561198168407981)(<9317.154297, 54.329174, 13091.982422>) requested data for lock!
[00:21:46] Player (Daidax238, 76561198168407981)(<9318.663086, 54.329174, 13091.610352>) requested data for lock!
[00:21:46] Player (Daidax238, 76561198168407981)(<9316.858398, 54.329174, 13092.093750>) requested data for lock!
[00:23:51] Player (Daidax238, 76561198168407981)(<9481.520508, 95.982422, 10884.832031>) requested data for lock!
[00:24:00] Player (anotherbuffoon, 76561198041157323)(<9481.520508, 95.982422, 10884.832031>) requested data for lock!
[00:41:06] Player (BILL, 76561198814955756)(<7626.640137, 10.043794, 8539.677734>) requested data for lock!
[00:41:06] Player (BILL, 76561198814955756)(<7244.721680, 3.842066, 7828.232910>) requested data for lock!
[00:41:06] Player (BILL, 76561198814955756)(<7241.480957, 3.950430, 7825.958984>) requested data for lock!
[00:41:06] Player (BILL, 76561198814955756)(<7631.311035, 12.787427, 8534.870117>) requested data for lock!
[00:41:06] Player (BILL, 76561198814955756)(<7224.133301, 10.915239, 7848.691406>) requested data for lock!
[00:41:06] Player (BILL, 76561198814955756)(<8046.105957, 27.662138, 7867.672363>) requested data for lock!
[00:41:06] Player (BILL, 76561198814955756)(<8072.392578, 27.662115, 7855.935059>) requested data for lock!
[00:41:06] Player (BILL, 76561198814955756)(<8066.057129, 27.662161, 7856.242676>) requested data for lock!
[00:41:06] Player (BILL, 76561198814955756)(<8048.060547, 27.662161, 7867.532227>) requested data for lock!
[00:41:06] Player (BILL, 76561198814955756)(<8041.888184, 27.662138, 7867.689453>) requested data for lock!
[00:41:06] Player (BILL, 76561198814955756)(<8066.684570, 27.662138, 7855.720215>) requested data for lock!
[01:01:28] Player (anotherbuffoon, 76561198041157323)(<11127.880859, 106.702026, 9501.662109>) requested data for lock!
[01:01:28] Player (Daidax238, 76561198168407981)(<11127.880859, 106.702026, 9501.662109>) requested data for lock!
[01:15:45] Player (CONTROL, 76561197967168101)(<6042.112793, 34.846451, 10435.593750>) requested data for lock!
[01:15:45] Player (CONTROL, 76561197967168101)(<6044.596680, 34.846451, 10431.335938>) requested data for lock!
[01:18:59] Player (Daidax238, 76561198168407981)(<9481.520508, 95.982422, 10884.832031>) requested data for lock!
[01:18:59] Player (anotherbuffoon, 76561198041157323)(<9481.520508, 95.982422, 10884.832031>) requested data for lock!
[01:31:45] Player (BILL, 76561198814955756)(<9481.520508, 95.982422, 10884.832031>) requested data for lock!
[01:35:49] Player (CONTROL, 76561197967168101)(<6042.112793, 34.846451, 10435.593750>) requested data for lock!
[01:35:49] Player (CONTROL, 76561197967168101)(<6044.596680, 34.846451, 10431.335938>) requested data for lock!
[01:42:25] Player (CONTROL, 76561197967168101)(<5746.929199, 70.849586, 8893.775391>) requested data for lock!
[01:56:52] Player (CONTROL, 76561197967168101)(<6042.112793, 34.846451, 10435.593750>) requested data for lock!
[01:56:53] Player (CONTROL, 76561197967168101)(<6044.596680, 34.846451, 10431.335938>) requested data for lock!
[01:57:48] Player (CONTROL, 76561197967168101)(<4860.642578, 5.412148, 11283.935547>) requested data for lock!
[01:57:51] Player (CONTROL, 76561197967168101)(<4870.733887, 5.627413, 11321.759766>) requested data for lock!
[01:59:14] Player (BILL, 76561198814955756)(<7626.640137, 10.043794, 8539.677734>) requested data for lock!
[01:59:15] Player (BILL, 76561198814955756)(<7631.311035, 12.787427, 8534.870117>) requested data for lock!
[02:02:51] Player (BILL, 76561198814955756)(<8046.105957, 27.662138, 7867.672363>) requested data for lock!
[02:02:51] Player (BILL, 76561198814955756)(<8048.060547, 27.662161, 7867.532227>) requested data for lock!
[02:02:51] Player (BILL, 76561198814955756)(<8041.888184, 27.662138, 7867.689453>) requested data for lock!
[02:02:53] Player (BILL, 76561198814955756)(<8072.392578, 27.662115, 7855.935059>) requested data for lock!
[02:02:53] Player (BILL, 76561198814955756)(<8066.057129, 27.662161, 7856.242676>) requested data for lock!
[02:02:53] Player (BILL, 76561198814955756)(<8066.684570, 27.662138, 7855.720215>) requested data for lock!
[02:03:01] Player (BILL, 76561198814955756)(<7224.133301, 10.915239, 7848.691406>) requested data for lock!
[02:03:08] Player (BILL, 76561198814955756)(<7244.721680, 3.842066, 7828.232910>) requested data for lock!
[02:03:08] Player (BILL, 76561198814955756)(<7241.480957, 3.950430, 7825.958984>) requested data for lock!
[02:09:44] Player (CONTROL, 76561197967168101)(<7334.517578, 83.857002, 12397.041992>) requested data for lock!
[02:09:44] Player (CONTROL, 76561197967168101)(<7334.545410, 81.730453, 12396.727539>) requested data for lock!
[02:09:44] Player (CONTROL, 76561197967168101)(<7334.615234, 81.730453, 12396.931641>) requested data for lock!
[02:09:44] Player (CONTROL, 76561197967168101)(<7334.590332, 81.730453, 12397.067383>) requested data for lock!
[02:09:47] Player (CONTROL, 76561197967168101)(<7355.812500, 81.730453, 12388.950195>) requested data for lock!
[02:09:47] Player (CONTROL, 76561197967168101)(<7355.454102, 81.730453, 12388.909180>) requested data for lock!
[02:09:48] Player (CONTROL, 76561197967168101)(<7355.248535, 81.730453, 12388.920898>) requested data for lock!
[02:09:48] Player (CONTROL, 76561197967168101)(<7355.947266, 84.361282, 12388.909180>) requested data for lock!
[02:09:48] Player (CONTROL, 76561197967168101)(<7355.576172, 81.730453, 12388.914063>) requested data for lock!
[02:09:48] Player (CONTROL, 76561197967168101)(<7359.518066, 86.602303, 12394.140625>) requested data for lock!
[02:09:49] Player (CONTROL, 76561197967168101)(<7360.089844, 82.019249, 12389.973633>) requested data for lock!
[02:15:46] Player (CONTROL, 76561197967168101)(<7334.517578, 83.857002, 12397.041992>) requested data for lock!
[02:15:46] Player (CONTROL, 76561197967168101)(<7334.545410, 81.730453, 12396.727539>) requested data for lock!
[02:15:47] Player (CONTROL, 76561197967168101)(<7334.615234, 81.730453, 12396.931641>) requested data for lock!
[02:15:47] Player (CONTROL, 76561197967168101)(<7334.590332, 81.730453, 12397.067383>) requested data for lock!
[02:15:49] Player (CONTROL, 76561197967168101)(<7355.812500, 81.730453, 12388.950195>) requested data for lock!
[02:15:49] Player (CONTROL, 76561197967168101)(<7355.454102, 81.730453, 12388.909180>) requested data for lock!
[02:15:49] Player (CONTROL, 76561197967168101)(<7355.248535, 81.730453, 12388.920898>) requested data for lock!
[02:15:49] Player (CONTROL, 76561197967168101)(<7355.947266, 84.361282, 12388.909180>) requested data for lock!
[02:15:49] Player (CONTROL, 76561197967168101)(<7355.576172, 81.730453, 12388.914063>) requested data for lock!
[02:15:50] Player (CONTROL, 76561197967168101)(<7359.518066, 86.602303, 12394.140625>) requested data for lock!
[02:15:50] Player (CONTROL, 76561197967168101)(<7360.089844, 82.019249, 12389.973633>) requested data for lock!
[02:24:17] Player (Draco, 76561198302078718)(<9317.154297, 54.329174, 13091.982422>) requested data for lock!
[02:24:17] Player (Draco, 76561198302078718)(<9318.663086, 54.329174, 13091.610352>) requested data for lock!
[02:24:17] Player (Draco, 76561198302078718)(<9316.858398, 54.329174, 13092.093750>) requested data for lock!
[02:26:57] Player (CONTROL, 76561197967168101)(<9317.154297, 54.329174, 13091.982422>) requested data for lock!
[02:26:57] Player (CONTROL, 76561197967168101)(<9318.663086, 54.329174, 13091.610352>) requested data for lock!
[02:26:58] Player (CONTROL, 76561197967168101)(<9316.858398, 54.329174, 13092.093750>) requested data for lock!
[02:28:21] Player (Draco, 76561198302078718)(<9317.154297, 54.329174, 13091.982422>) requested data for lock!
[02:28:21] Player (Draco, 76561198302078718)(<9318.663086, 54.329174, 13091.610352>) requested data for lock!
[02:28:21] Player (Draco, 76561198302078718)(<9316.858398, 54.329174, 13092.093750>) requested data for lock!
[02:31:45] Player (Draco, 76561198302078718)(<9317.154297, 54.329174, 13091.982422>) requested data for lock!
[02:31:45] Player (Draco, 76561198302078718)(<9318.663086, 54.329174, 13091.610352>) requested data for lock!
[02:31:45] Player (Draco, 76561198302078718)(<9316.858398, 54.329174, 13092.093750>) requested data for lock!
[02:36:38] Player (Draco, 76561198302078718)(<9317.154297, 54.329174, 13091.982422>) requested data for lock!
[02:36:38] Player (Draco, 76561198302078718)(<9316.858398, 54.329174, 13092.093750>) requested data for lock!
[02:36:40] Player (CONTROL, 76561197967168101)(<9317.154297, 54.329174, 13091.982422>) requested data for lock!
[02:36:40] Player (CONTROL, 76561197967168101)(<9318.663086, 54.329174, 13091.610352>) requested data for lock!
[02:36:40] Player (CONTROL, 76561197967168101)(<9316.858398, 54.329174, 13092.093750>) requested data for lock!
[02:36:41] Player (Draco, 76561198302078718)(<9318.663086, 54.329174, 13091.610352>) requested data for lock!
[02:38:46] Player (Draco, 76561198302078718)(<9318.663086, 54.329174, 13091.610352>) requested data for lock!
[02:41:40] Player (CONTROL, 76561197967168101)(<9317.154297, 54.329174, 13091.982422>) requested data for lock!
[02:41:40] Player (CONTROL, 76561197967168101)(<9318.663086, 54.329174, 13091.610352>) requested data for lock!
[02:41:40] Player (CONTROL, 76561197967168101)(<9316.858398, 54.329174, 13092.093750>) requested data for lock!
[02:41:45] Player (Draco, 76561198302078718)(<9317.154297, 54.329174, 13091.982422>) requested data for lock!
[02:41:45] Player (Draco, 76561198302078718)(<9318.663086, 54.329174, 13091.610352>) requested data for lock!
[02:41:45] Player (Draco, 76561198302078718)(<9316.858398, 54.329174, 13092.093750>) requested data for lock!
[02:46:01] Player (CONTROL, 76561197967168101)(<9317.154297, 54.329174, 13091.982422>) requested data for lock!
[02:46:02] Player (CONTROL, 76561197967168101)(<9318.663086, 54.329174, 13091.610352>) requested data for lock!
[02:46:02] Player (CONTROL, 76561197967168101)(<9316.858398, 54.329174, 13092.093750>) requested data for lock!
[02:47:22] Player (Draco, 76561198302078718)(<9317.154297, 54.329174, 13091.982422>) requested data for lock!
[02:47:22] Player (Draco, 76561198302078718)(<9318.663086, 54.329174, 13091.610352>) requested data for lock!
[02:47:23] Player (Draco, 76561198302078718)(<9316.858398, 54.329174, 13092.093750>) requested data for lock!
[02:50:43] Player (CONTROL, 76561197967168101)(<9316.858398, 54.329174, 13092.093750>) requested data for lock!
[02:50:45] Player (CONTROL, 76561197967168101)(<9317.154297, 54.329174, 13091.982422>) requested data for lock!
[02:50:45] Player (CONTROL, 76561197967168101)(<9318.663086, 54.329174, 13091.610352>) requested data for lock!
[02:50:53] Player (Draco, 76561198302078718)(<9317.154297, 54.329174, 13091.982422>) requested data for lock!
[02:50:53] Player (Draco, 76561198302078718)(<9318.663086, 54.329174, 13091.610352>) requested data for lock!
[02:50:53] Player (Draco, 76561198302078718)(<9316.858398, 54.329174, 13092.093750>) requested data for lock!
[02:52:24] Player (CONTROL, 76561197967168101)(<7334.517578, 83.857002, 12397.041992>) requested data for lock!
[02:52:24] Player (CONTROL, 76561197967168101)(<7334.590332, 81.730453, 12397.067383>) requested data for lock!
[02:52:25] Player (Draco, 76561198302078718)(<7334.517578, 83.857002, 12397.041992>) requested data for lock!
[02:52:25] Player (Draco, 76561198302078718)(<7334.545410, 81.730453, 12396.727539>) requested data for lock!
[02:52:25] Player (CONTROL, 76561197967168101)(<7334.545410, 81.730453, 12396.727539>) requested data for lock!
[02:52:25] Player (Draco, 76561198302078718)(<7334.615234, 81.730453, 12396.931641>) requested data for lock!
[02:52:25] Player (Draco, 76561198302078718)(<7334.590332, 81.730453, 12397.067383>) requested data for lock!
[02:52:25] Player (CONTROL, 76561197967168101)(<7334.615234, 81.730453, 12396.931641>) requested data for lock!
[02:52:26] Player (CONTROL, 76561197967168101)(<7359.518066, 86.602303, 12394.140625>) requested data for lock!
[02:52:26] Player (Draco, 76561198302078718)(<7359.518066, 86.602303, 12394.140625>) requested data for lock!
[02:52:26] Player (CONTROL, 76561197967168101)(<7360.089844, 82.019249, 12389.973633>) requested data for lock!
[02:52:27] Player (Draco, 76561198302078718)(<7355.812500, 81.730453, 12388.950195>) requested data for lock!
[02:52:27] Player (Draco, 76561198302078718)(<7355.454102, 81.730453, 12388.909180>) requested data for lock!
[02:52:27] Player (Draco, 76561198302078718)(<7355.248535, 81.730453, 12388.920898>) requested data for lock!
[02:52:27] Player (Draco, 76561198302078718)(<7355.947266, 84.361282, 12388.909180>) requested data for lock!
[02:52:27] Player (CONTROL, 76561197967168101)(<7355.812500, 81.730453, 12388.950195>) requested data for lock!
[02:52:27] Player (Draco, 76561198302078718)(<7355.576172, 81.730453, 12388.914063>) requested data for lock!
[02:52:27] Player (CONTROL, 76561197967168101)(<7355.454102, 81.730453, 12388.909180>) requested data for lock!
[02:52:27] Player (CONTROL, 76561197967168101)(<7355.248535, 81.730453, 12388.920898>) requested data for lock!
[02:52:27] Player (CONTROL, 76561197967168101)(<7355.947266, 84.361282, 12388.909180>) requested data for lock!
[02:52:27] Player (CONTROL, 76561197967168101)(<7355.576172, 81.730453, 12388.914063>) requested data for lock!
[02:52:28] Player (Draco, 76561198302078718)(<7360.089844, 82.019249, 12389.973633>) requested data for lock!
[02:53:08] Player (CONTROL, 76561197967168101)(<7334.517578, 83.857002, 12397.041992>) requested data for lock!
[02:53:08] Player (CONTROL, 76561197967168101)(<7334.545410, 81.730453, 12396.727539>) requested data for lock!
[02:53:08] Player (CONTROL, 76561197967168101)(<7334.615234, 81.730453, 12396.931641>) requested data for lock!
[02:53:08] Player (CONTROL, 76561197967168101)(<7334.590332, 81.730453, 12397.067383>) requested data for lock!
[02:53:08] Player (Draco, 76561198302078718)(<7334.517578, 83.857002, 12397.041992>) requested data for lock!
[02:53:08] Player (Draco, 76561198302078718)(<7334.545410, 81.730453, 12396.727539>) requested data for lock!
[02:53:08] Player (Draco, 76561198302078718)(<7334.615234, 81.730453, 12396.931641>) requested data for lock!
[02:53:08] Player (Draco, 76561198302078718)(<7334.590332, 81.730453, 12397.067383>) requested data for lock!
[02:53:10] Player (CONTROL, 76561197967168101)(<7355.812500, 81.730453, 12388.950195>) requested data for lock!
[02:53:10] Player (CONTROL, 76561197967168101)(<7355.454102, 81.730453, 12388.909180>) requested data for lock!
[02:53:10] Player (CONTROL, 76561197967168101)(<7355.248535, 81.730453, 12388.920898>) requested data for lock!
[02:53:10] Player (CONTROL, 76561197967168101)(<7355.947266, 84.361282, 12388.909180>) requested data for lock!
[02:53:10] Player (Draco, 76561198302078718)(<7355.812500, 81.730453, 12388.950195>) requested data for lock!
[02:53:10] Player (Draco, 76561198302078718)(<7355.454102, 81.730453, 12388.909180>) requested data for lock!
[02:53:10] Player (Draco, 76561198302078718)(<7355.248535, 81.730453, 12388.920898>) requested data for lock!
[02:53:10] Player (CONTROL, 76561197967168101)(<7355.576172, 81.730453, 12388.914063>) requested data for lock!
[02:53:10] Player (Draco, 76561198302078718)(<7355.947266, 84.361282, 12388.909180>) requested data for lock!
[02:53:10] Player (Draco, 76561198302078718)(<7355.576172, 81.730453, 12388.914063>) requested data for lock!
[02:53:10] Player (CONTROL, 76561197967168101)(<7359.518066, 86.602303, 12394.140625>) requested data for lock!
[02:53:10] Player (Draco, 76561198302078718)(<7359.518066, 86.602303, 12394.140625>) requested data for lock!
[02:53:11] Player (Draco, 76561198302078718)(<7360.089844, 82.019249, 12389.973633>) requested data for lock!
[02:53:11] Player (CONTROL, 76561197967168101)(<7360.089844, 82.019249, 12389.973633>) requested data for lock!
[02:54:06] Player (BILL, 76561198814955756)(<8046.105957, 27.662138, 7867.672363>) requested data for lock!
[02:54:58] Player (Draco, 76561198302078718)(<4870.733887, 5.627413, 11321.759766>) requested data for lock!
[02:54:58] Player (CONTROL, 76561197967168101)(<4870.733887, 5.627413, 11321.759766>) requested data for lock!
[02:55:01] Player (CONTROL, 76561197967168101)(<4860.642578, 5.412148, 11283.935547>) requested data for lock!
[02:55:01] Player (Draco, 76561198302078718)(<4860.642578, 5.412148, 11283.935547>) requested data for lock!
[02:55:10] Player (BILL, 76561198814955756)(<8048.060547, 27.662161, 7867.532227>) requested data for lock!
[02:56:26] Player (CONTROL, 76561197967168101)(<6042.112793, 34.846451, 10435.593750>) requested data for lock!
[02:56:27] Player (Draco, 76561198302078718)(<6042.112793, 34.846451, 10435.593750>) requested data for lock!
[02:56:28] Player (Draco, 76561198302078718)(<6044.596680, 34.846451, 10431.335938>) requested data for lock!
[02:56:28] Player (CONTROL, 76561197967168101)(<6044.596680, 34.846451, 10431.335938>) requested data for lock!
[02:56:36] Player (BILL, 76561198814955756)(<8066.057129, 27.662161, 7856.242676>) requested data for lock!
[02:59:47] Player (CONTROL, 76561197967168101)(<6042.112793, 34.846451, 10435.593750>) requested data for lock!
[02:59:47] Player (CONTROL, 76561197967168101)(<6044.596680, 34.846451, 10431.335938>) requested data for lock!
[03:13:32] Player (Draco, 76561198302078718)(<4860.642578, 5.412148, 11283.935547>) requested data for lock!
[03:13:35] Player (Draco, 76561198302078718)(<4870.733887, 5.627413, 11321.759766>) requested data for lock!
[03:13:36] Player (CONTROL, 76561197967168101)(<4860.642578, 5.412148, 11283.935547>) requested data for lock!
[03:13:38] Player (CONTROL, 76561197967168101)(<4870.733887, 5.627413, 11321.759766>) requested data for lock!
[04:18:54] Player (Draco, 76561198302078718)(<4860.642578, 5.412148, 11283.935547>) requested data for lock!
[04:18:54] Player (Draco, 76561198302078718)(<4870.733887, 5.627413, 11321.759766>) requested data for lock!
[04:18:54] Player (Draco, 76561198302078718)(<6042.112793, 34.846451, 10435.593750>) requested data for lock!
[04:18:54] Player (Draco, 76561198302078718)(<6044.596680, 34.846451, 10431.335938>) requested data for lock!
[04:34:18] Player (Draco, 76561198302078718)(<4870.733887, 5.627413, 11321.759766>) requested data for lock!
[04:34:21] Player (Draco, 76561198302078718)(<4860.642578, 5.412148, 11283.935547>) requested data for lock!
[12-21-2024][05.00.22] Log file reloaded ( Server Restart )
[05:37:48] Player (Draco, 76561198302078718)(<4870.733887, 5.627413, 11321.759766>) requested data for lock!
[05:37:48] Player (Draco, 76561198302078718)(<4860.642578, 5.412148, 11283.935547>) requested data for lock!
[05:47:26] Player (Draco, 76561198302078718)(<6042.112793, 34.846451, 10435.593750>) requested data for lock!
[05:47:28] Player (Draco, 76561198302078718)(<6044.596680, 34.846451, 10431.335938>) requested data for lock!
[05:59:24] Player (Draco, 76561198302078718)(<6042.112793, 34.846451, 10435.593750>) requested data for lock!
[05:59:25] Player (Draco, 76561198302078718)(<6044.596680, 34.846451, 10431.335938>) requested data for lock!
[06:01:37] Player (Draco, 76561198302078718)(<6042.112793, 34.846451, 10435.593750>) requested data for lock!
[06:01:39] Player (Draco, 76561198302078718)(<6044.596680, 34.846451, 10431.335938>) requested data for lock!
[06:51:14] Player (Draco, 76561198302078718)(<4871.779297, 5.720881, 11321.981445>) requested data for lock!
[07:45:54] Player (Draco, 76561198302078718)(<4859.762207, 5.448579, 11280.096680>) requested data for lock!
[12-21-2024][09.00.21] Log file reloaded ( Server Restart )
[09:03:18] Player (Scorpion, 76561197993341683)(<5746.929199, 70.849586, 8893.775391>) requested data for lock!
[11:11:46] Player (Oxy, 76561197965891110)(<8899.131836, 15.554780, 1105.990234>) requested data for lock!
[11:11:47] Player (Oxy, 76561197965891110)(<8909.085938, 15.889824, 1105.763916>) requested data for lock!
[11:19:52] Player (Oxy, 76561197965891110)(<12474.789063, 10.632333, 2383.812988>) requested data for lock!
[11:21:06] Player (Lozergod, 76561197970728664)(<6042.112793, 34.846451, 10435.593750>) requested data for lock!
[11:21:06] Player (Lozergod, 76561197970728664)(<6044.596680, 34.846451, 10431.335938>) requested data for lock!
[11:23:00] Player (Oxy, 76561197965891110)(<12474.789063, 10.632333, 2383.812988>) requested data for lock!
[11:31:56] Player (Oxy, 76561197965891110)(<12474.789063, 10.632333, 2383.812988>) requested data for lock!
[12:21:08] Player (Lozergod, 76561197970728664)(<6042.112793, 34.846451, 10435.593750>) requested data for lock!
[12:21:08] Player (Lozergod, 76561197970728664)(<6044.596680, 34.846451, 10431.335938>) requested data for lock!
[12:21:58] Player (Lozergod, 76561197970728664)(<5746.929199, 70.849586, 8893.775391>) requested data for lock!
[12:25:28] Player (Lozergod, 76561197970728664)(<5746.929199, 70.849586, 8893.775391>) requested data for lock!
[12:26:03] Player (Oxy, 76561197965891110)(<12457.237305, 48.206120, 8419.958008>) requested data for lock!
[12-21-2024][13.00.23] Log file reloaded ( Server Restart )
[13:54:59] Player (Florre1984, 76561198271304685)(<12457.237305, 48.206120, 8419.958008>) requested data for lock!
[13:58:47] Player (Rick Grimes, 76561199573099150)(<8909.085938, 15.889824, 1105.763916>) requested data for lock!
[13:58:48] Player (Rick Grimes, 76561199573099150)(<8899.131836, 15.554780, 1105.990234>) requested data for lock!
[12-21-2024][14.06.45] Log file reloaded ( Server Restart )
[14:09:29] Player (Rick Grimes, 76561199573099150)(<8909.085938, 15.889824, 1105.763916>) requested data for lock!
[14:09:29] Player (Rick Grimes, 76561199573099150)(<8899.131836, 15.554780, 1105.990234>) requested data for lock!
[15:19:45] Player (koril, 76561197969243293)(<9316.858398, 54.329174, 13092.093750>) requested data for lock!
[15:19:46] Player (koril, 76561197969243293)(<9317.154297, 54.329174, 13091.982422>) requested data for lock!
[15:19:46] Player (koril, 76561197969243293)(<9318.663086, 54.329174, 13091.610352>) requested data for lock!
[16:32:29] Player (BILL, 76561198814955756)(<7241.480957, 3.950430, 7825.958984>) requested data for lock!
[16:32:29] Player (BILL, 76561198814955756)(<7626.640137, 10.043794, 8539.677734>) requested data for lock!
[16:32:29] Player (BILL, 76561198814955756)(<7244.721680, 3.842066, 7828.232910>) requested data for lock!
[16:32:29] Player (BILL, 76561198814955756)(<7224.133301, 10.915239, 7848.691406>) requested data for lock!
[16:32:29] Player (BILL, 76561198814955756)(<8066.684570, 27.662138, 7855.720215>) requested data for lock!
[16:32:29] Player (BILL, 76561198814955756)(<8041.888184, 27.662138, 7867.689453>) requested data for lock!
[16:32:29] Player (BILL, 76561198814955756)(<8046.105957, 27.662138, 7867.672363>) requested data for lock!
[16:32:29] Player (BILL, 76561198814955756)(<8066.057129, 27.662161, 7856.242676>) requested data for lock!
[16:32:29] Player (BILL, 76561198814955756)(<8072.392578, 27.662115, 7855.935059>) requested data for lock!
[16:32:29] Player (BILL, 76561198814955756)(<8048.060547, 27.662161, 7867.532227>) requested data for lock!
[12-21-2024][17.00.21] Log file reloaded ( Server Restart )
[17:05:10] Player (Draco, 76561198302078718)(<4860.642578, 5.412148, 11283.935547>) requested data for lock!
[17:05:10] Player (Draco, 76561198302078718)(<4870.733887, 5.627413, 11321.759766>) requested data for lock!
[17:05:10] Player (Draco, 76561198302078718)(<4859.762207, 5.448579, 11280.096680>) requested data for lock!
[17:05:10] Player (Draco, 76561198302078718)(<4871.779297, 5.720881, 11321.981445>) requested data for lock!
[17:20:04] Player (luizredfield30, 76561199770341255)(<7359.518066, 86.602303, 12394.140625>) requested data for lock!
[17:20:04] Player (luizredfield30, 76561199770341255)(<7334.615234, 81.730453, 12396.931641>) requested data for lock!
[17:20:04] Player (luizredfield30, 76561199770341255)(<7355.947266, 84.361282, 12388.909180>) requested data for lock!
[17:20:04] Player (luizredfield30, 76561199770341255)(<7334.517578, 83.857002, 12397.041992>) requested data for lock!
[17:20:04] Player (luizredfield30, 76561199770341255)(<7355.576172, 81.730453, 12388.914063>) requested data for lock!
[17:20:04] Player (luizredfield30, 76561199770341255)(<7355.454102, 81.730453, 12388.909180>) requested data for lock!
[17:20:04] Player (luizredfield30, 76561199770341255)(<7355.812500, 81.730453, 12388.950195>) requested data for lock!
[17:20:04] Player (luizredfield30, 76561199770341255)(<7360.089844, 82.019249, 12389.973633>) requested data for lock!
[17:20:04] Player (luizredfield30, 76561199770341255)(<7334.590332, 81.730453, 12397.067383>) requested data for lock!
[17:20:04] Player (luizredfield30, 76561199770341255)(<7334.545410, 81.730453, 12396.727539>) requested data for lock!
[17:20:04] Player (luizredfield30, 76561199770341255)(<7355.248535, 81.730453, 12388.920898>) requested data for lock!
[17:34:04] Player (Daryl Dixon, 76561199573099150)(<8909.085938, 15.889824, 1105.763916>) requested data for lock!
[17:34:04] Player (Daryl Dixon, 76561199573099150)(<8899.131836, 15.554780, 1105.990234>) requested data for lock!
[17:41:26] Player (Draco, 76561199543393674)(<4860.642578, 5.412148, 11283.935547>) requested data for lock!
[17:41:26] Player (Draco, 76561199543393674)(<4870.733887, 5.627413, 11321.759766>) requested data for lock!
[17:41:26] Player (Draco, 76561199543393674)(<4859.762207, 5.448579, 11280.096680>) requested data for lock!
[17:41:26] Player (Draco, 76561199543393674)(<4871.779297, 5.720881, 11321.981445>) requested data for lock!
[17:49:26] Player (Draco, 76561198302078718)(<4860.642578, 5.412148, 11283.935547>) requested data for lock!
[17:49:26] Player (Draco, 76561198302078718)(<4870.733887, 5.627413, 11321.759766>) requested data for lock!
[17:49:26] Player (Draco, 76561198302078718)(<4859.762207, 5.448579, 11280.096680>) requested data for lock!
[17:49:26] Player (Draco, 76561198302078718)(<4871.779297, 5.720881, 11321.981445>) requested data for lock!
[18:01:02] Player (luizredfield30, 76561199770341255)(<6042.112793, 34.846451, 10435.593750>) requested data for lock!
[18:01:03] Player (luizredfield30, 76561199770341255)(<6044.596680, 34.846451, 10431.335938>) requested data for lock!
[18:07:56] Player (Draco, 76561199543393674)(<4860.642578, 5.412148, 11283.935547>) requested data for lock!
[18:07:56] Player (Draco, 76561199543393674)(<4870.733887, 5.627413, 11321.759766>) requested data for lock!
[18:07:56] Player (Draco, 76561199543393674)(<4859.762207, 5.448579, 11280.096680>) requested data for lock!
[18:07:56] Player (Draco, 76561199543393674)(<4871.779297, 5.720881, 11321.981445>) requested data for lock!
[18:14:49] Player (Crashfool, 76561198289145406)(<6042.112793, 34.846451, 10435.593750>) requested data for lock!
[18:14:49] Player (Crashfool, 76561198289145406)(<6044.596680, 34.846451, 10431.335938>) requested data for lock!
[18:14:49] Player (Crashfool, 76561198289145406)(<5746.929199, 70.849586, 8893.775391>) requested data for lock!
[18:28:37] Player (luizredfield30, 76561199770341255)(<6042.112793, 34.846451, 10435.593750>) requested data for lock!
[18:28:37] Player (luizredfield30, 76561199770341255)(<6044.596680, 34.846451, 10431.335938>) requested data for lock!
[18:31:18] Player (luizredfield30, 76561199770341255)(<4860.642578, 5.412148, 11283.935547>) requested data for lock!
[18:31:18] Player (luizredfield30, 76561199770341255)(<4859.762207, 5.448579, 11280.096680>) requested data for lock!
[18:31:21] Player (luizredfield30, 76561199770341255)(<4870.733887, 5.627413, 11321.759766>) requested data for lock!
[18:31:23] Player (luizredfield30, 76561199770341255)(<4871.779297, 5.720881, 11321.981445>) requested data for lock!
[18:37:11] Player (FreeRanger, 76561198035689928)(<8046.105957, 27.662138, 7867.672363>) requested data for lock!
[18:37:11] Player (FreeRanger, 76561198035689928)(<8066.057129, 27.662161, 7856.242676>) requested data for lock!
[18:37:11] Player (FreeRanger, 76561198035689928)(<8041.888184, 27.662138, 7867.689453>) requested data for lock!
[18:37:11] Player (FreeRanger, 76561198035689928)(<8048.060547, 27.662161, 7867.532227>) requested data for lock!
[18:37:11] Player (FreeRanger, 76561198035689928)(<8066.684570, 27.662138, 7855.720215>) requested data for lock!
[18:37:11] Player (FreeRanger, 76561198035689928)(<8072.392578, 27.662115, 7855.935059>) requested data for lock!
[18:38:05] Player (luizredfield30, 76561199770341255)(<5746.929199, 70.849586, 8893.775391>) requested data for lock!
[18:38:26] Player (FreeRanger, 76561198035689928)(<7626.640137, 10.043794, 8539.677734>) requested data for lock!
[18:42:02] Player (FreeRanger, 76561198035689928)(<7244.721680, 3.842066, 7828.232910>) requested data for lock!
[18:42:04] Player (FreeRanger, 76561198035689928)(<7241.480957, 3.950430, 7825.958984>) requested data for lock!
[18:42:07] Player (FreeRanger, 76561198035689928)(<7224.133301, 10.915239, 7848.691406>) requested data for lock!
[18:43:03] Player (Draco, 76561198302078718)(<4860.642578, 5.412148, 11283.935547>) requested data for lock!
[18:43:03] Player (Draco, 76561198302078718)(<4870.733887, 5.627413, 11321.759766>) requested data for lock!
[18:43:03] Player (Draco, 76561198302078718)(<4859.762207, 5.448579, 11280.096680>) requested data for lock!
[18:43:03] Player (Draco, 76561198302078718)(<4871.779297, 5.720881, 11321.981445>) requested data for lock!
[18:54:47] Player (Draco, 76561198302078718)(<6042.112793, 34.846451, 10435.593750>) requested data for lock!
[18:54:47] Player (Draco, 76561198302078718)(<6044.596680, 34.846451, 10431.335938>) requested data for lock!
[18:57:21] Player (Draco, 76561198302078718)(<6042.112793, 34.846451, 10435.593750>) requested data for lock!
[18:57:21] Player (Draco, 76561198302078718)(<6044.596680, 34.846451, 10431.335938>) requested data for lock!
[19:01:30] Player (Draco, 76561198302078718)(<7334.615234, 81.730453, 12396.931641>) requested data for lock!
[19:01:30] Player (Draco, 76561198302078718)(<7334.517578, 83.857002, 12397.041992>) requested data for lock!
[19:01:30] Player (Draco, 76561198302078718)(<7334.590332, 81.730453, 12397.067383>) requested data for lock!
[19:01:30] Player (Draco, 76561198302078718)(<7334.545410, 81.730453, 12396.727539>) requested data for lock!
[19:01:34] Player (Draco, 76561198302078718)(<7355.947266, 84.361282, 12388.909180>) requested data for lock!
[19:01:34] Player (Draco, 76561198302078718)(<7355.576172, 81.730453, 12388.914063>) requested data for lock!
[19:01:34] Player (Draco, 76561198302078718)(<7355.454102, 81.730453, 12388.909180>) requested data for lock!
[19:01:34] Player (Draco, 76561198302078718)(<7355.812500, 81.730453, 12388.950195>) requested data for lock!
[19:01:35] Player (Draco, 76561198302078718)(<7355.248535, 81.730453, 12388.920898>) requested data for lock!
[19:01:35] Player (Draco, 76561198302078718)(<7359.518066, 86.602303, 12394.140625>) requested data for lock!
[19:01:36] Player (Draco, 76561198302078718)(<7360.089844, 82.019249, 12389.973633>) requested data for lock!
[19:50:26] Player (Draco, 76561198302078718)(<6042.112793, 34.846451, 10435.593750>) requested data for lock!
[19:50:26] Player (Draco, 76561198302078718)(<6044.596680, 34.846451, 10431.335938>) requested data for lock!
[20:02:03] Player (Draco, 76561198302078718)(<4859.762207, 5.448579, 11280.096680>) requested data for lock!
[20:02:04] Player (Draco, 76561198302078718)(<4860.642578, 5.412148, 11283.935547>) requested data for lock!
[20:02:06] Player (Draco, 76561198302078718)(<4870.733887, 5.627413, 11321.759766>) requested data for lock!
[20:02:06] Player (Draco, 76561198302078718)(<4871.779297, 5.720881, 11321.981445>) requested data for lock!
[20:07:37] Player (Daryl Dixon, 76561199573099150)(<8909.085938, 15.889824, 1105.763916>) requested data for lock!
[20:07:37] Player (Daryl Dixon, 76561199573099150)(<8899.131836, 15.554780, 1105.990234>) requested data for lock!
[20:10:11] Player (BioKid, 76561198168747244)(<12457.237305, 48.206120, 8419.958008>) requested data for lock!
[20:28:59] Player (CONTROL, 76561197967168101)(<6042.112793, 34.846451, 10435.593750>) requested data for lock!
[20:28:59] Player (CONTROL, 76561197967168101)(<6044.596680, 34.846451, 10431.335938>) requested data for lock!
[20:39:59] Player (BILL, 76561198814955756)(<7244.721680, 3.842066, 7828.232910>) requested data for lock!
[20:39:59] Player (BILL, 76561198814955756)(<7241.480957, 3.950430, 7825.958984>) requested data for lock!
[20:39:59] Player (BILL, 76561198814955756)(<7224.133301, 10.915239, 7848.691406>) requested data for lock!
[20:39:59] Player (BILL, 76561198814955756)(<7626.640137, 10.043794, 8539.677734>) requested data for lock!
[20:39:59] Player (BILL, 76561198814955756)(<8046.105957, 27.662138, 7867.672363>) requested data for lock!
[20:39:59] Player (BILL, 76561198814955756)(<8066.057129, 27.662161, 7856.242676>) requested data for lock!
[20:39:59] Player (BILL, 76561198814955756)(<8041.888184, 27.662138, 7867.689453>) requested data for lock!
[20:39:59] Player (BILL, 76561198814955756)(<8048.060547, 27.662161, 7867.532227>) requested data for lock!
[20:39:59] Player (BILL, 76561198814955756)(<8066.684570, 27.662138, 7855.720215>) requested data for lock!
[20:39:59] Player (BILL, 76561198814955756)(<8072.392578, 27.662115, 7855.935059>) requested data for lock!
[20:47:24] Player (Daryl Dixon, 76561199573099150)(<12474.789063, 10.632333, 2383.812988>) requested data for lock!
[20:49:15] Player (Draco, 76561198302078718)(<6042.112793, 34.846451, 10435.593750>) requested data for lock!
[20:49:15] Player (Draco, 76561198302078718)(<6044.596680, 34.846451, 10431.335938>) requested data for lock!
[12-21-2024][21.00.23] Log file reloaded ( Server Restart )
[21:11:03] Player (Draco, 76561198302078718)(<6044.596680, 34.846451, 10431.335938>) requested data for lock!
[21:11:03] Player (Draco, 76561198302078718)(<6042.112793, 34.846451, 10435.593750>) requested data for lock!
[21:12:18] Player (Rick Grimes, 76561199573099150)(<12474.789063, 10.632333, 2383.812988>) requested data for lock!
[21:15:12] Player (Draco, 76561198302078718)(<6044.596680, 34.846451, 10431.335938>) requested data for lock!
[21:15:12] Player (Draco, 76561198302078718)(<6042.112793, 34.846451, 10435.593750>) requested data for lock!
[21:15:35] Player (Draco, 76561198302078718)(<4859.762207, 5.448579, 11280.096680>) requested data for lock!
[21:15:38] Player (Draco, 76561198302078718)(<4860.642578, 5.412148, 11283.935547>) requested data for lock!
[21:15:40] Player (Draco, 76561198302078718)(<4871.779297, 5.720881, 11321.981445>) requested data for lock!
[21:15:40] Player (Draco, 76561198302078718)(<4870.733887, 5.627413, 11321.759766>) requested data for lock!
[21:15:59] Player (Draco, 76561198302078718)(<4871.779297, 5.720881, 11321.981445>) requested data for lock!
[21:15:59] Player (Draco, 76561198302078718)(<4870.733887, 5.627413, 11321.759766>) requested data for lock!
[21:19:52] Player (Draco, 76561198302078718)(<4859.762207, 5.448579, 11280.096680>) requested data for lock!
[21:19:52] Player (Draco, 76561198302078718)(<4871.779297, 5.720881, 11321.981445>) requested data for lock!
[21:19:52] Player (Draco, 76561198302078718)(<4870.733887, 5.627413, 11321.759766>) requested data for lock!
[21:19:52] Player (Draco, 76561198302078718)(<4860.642578, 5.412148, 11283.935547>) requested data for lock!
[21:19:52] Player (Draco, 76561198302078718)(<6044.596680, 34.846451, 10431.335938>) requested data for lock!
[21:19:54] Player (Draco, 76561198302078718)(<6042.112793, 34.846451, 10435.593750>) requested data for lock!
[21:24:25] Player (Draco, 76561198302078718)(<4859.762207, 5.448579, 11280.096680>) requested data for lock!
[21:24:25] Player (Draco, 76561198302078718)(<4871.779297, 5.720881, 11321.981445>) requested data for lock!
[21:24:25] Player (Draco, 76561198302078718)(<4870.733887, 5.627413, 11321.759766>) requested data for lock!
[21:24:25] Player (Draco, 76561198302078718)(<4860.642578, 5.412148, 11283.935547>) requested data for lock!
[21:24:25] Player (Draco, 76561198302078718)(<6044.596680, 34.846451, 10431.335938>) requested data for lock!
[21:24:25] Player (Draco, 76561198302078718)(<6042.112793, 34.846451, 10435.593750>) requested data for lock!
[21:37:45] Player (BILL, 76561198814955756)(<7626.640137, 10.043794, 8539.677734>) requested data for lock!
[21:39:38] Player (CONTROL, 76561197967168101)(<6044.596680, 34.846451, 10431.335938>) requested data for lock!
[21:39:38] Player (CONTROL, 76561197967168101)(<6042.112793, 34.846451, 10435.593750>) requested data for lock!
[21:43:40] Player (koril, 76561197969243293)(<9316.858398, 54.329174, 13092.093750>) requested data for lock!
[21:43:40] Player (koril, 76561197969243293)(<9318.663086, 54.329174, 13091.610352>) requested data for lock!
[21:43:40] Player (koril, 76561197969243293)(<9317.154297, 54.329174, 13091.982422>) requested data for lock!
[21:44:59] Player (BILL, 76561198814955756)(<8048.060547, 27.662161, 7867.532227>) requested data for lock!
[21:44:59] Player (BILL, 76561198814955756)(<8041.888184, 27.662138, 7867.689453>) requested data for lock!
[21:44:59] Player (BILL, 76561198814955756)(<8046.105957, 27.662138, 7867.672363>) requested data for lock!
[21:45:02] Player (BILL, 76561198814955756)(<8066.684570, 27.662138, 7855.720215>) requested data for lock!
[21:45:02] Player (BILL, 76561198814955756)(<8072.392578, 27.662115, 7855.935059>) requested data for lock!
[21:45:02] Player (BILL, 76561198814955756)(<8066.057129, 27.662161, 7856.242676>) requested data for lock!
[21:45:41] Player (BILL, 76561198814955756)(<7224.133301, 10.915239, 7848.691406>) requested data for lock!
[21:45:43] Player (BILL, 76561198814955756)(<7241.480957, 3.950430, 7825.958984>) requested data for lock!
[21:45:43] Player (BILL, 76561198814955756)(<7244.721680, 3.842066, 7828.232910>) requested data for lock!
[21:48:28] Player (BILL, 76561198814955756)(<8041.888184, 27.662138, 7867.689453>) requested data for lock!
[21:48:30] Player (BILL, 76561198814955756)(<8048.060547, 27.662161, 7867.532227>) requested data for lock!
[21:48:30] Player (BILL, 76561198814955756)(<8046.105957, 27.662138, 7867.672363>) requested data for lock!
[21:48:37] Player (BILL, 76561198814955756)(<8066.057129, 27.662161, 7856.242676>) requested data for lock!
[21:48:39] Player (BILL, 76561198814955756)(<8066.684570, 27.662138, 7855.720215>) requested data for lock!
[21:48:41] Player (BILL, 76561198814955756)(<8072.392578, 27.662115, 7855.935059>) requested data for lock!
[21:51:48] Player (BILL, 76561198814955756)(<8066.684570, 27.662138, 7855.720215>) requested data for lock!
[21:51:49] Player (BILL, 76561198814955756)(<8066.057129, 27.662161, 7856.242676>) requested data for lock!
[21:51:50] Player (BILL, 76561198814955756)(<8072.392578, 27.662115, 7855.935059>) requested data for lock!
[21:53:38] Player (CONTROL, 76561197967168101)(<4859.762207, 5.448579, 11280.096680>) requested data for lock!
[21:53:38] Player (CONTROL, 76561197967168101)(<4860.642578, 5.412148, 11283.935547>) requested data for lock!
[21:53:43] Player (Draco, 76561198302078718)(<4859.762207, 5.448579, 11280.096680>) requested data for lock!
[21:53:43] Player (Draco, 76561198302078718)(<4871.779297, 5.720881, 11321.981445>) requested data for lock!
[21:53:43] Player (Draco, 76561198302078718)(<4870.733887, 5.627413, 11321.759766>) requested data for lock!
[21:53:43] Player (Draco, 76561198302078718)(<4860.642578, 5.412148, 11283.935547>) requested data for lock!
[21:53:45] Player (CONTROL, 76561197967168101)(<4871.779297, 5.720881, 11321.981445>) requested data for lock!
[21:53:46] Player (CONTROL, 76561197967168101)(<4870.733887, 5.627413, 11321.759766>) requested data for lock!
[21:54:46] Player (koril, 76561197969243293)(<9316.858398, 54.329174, 13092.093750>) requested data for lock!
[21:54:46] Player (koril, 76561197969243293)(<9318.663086, 54.329174, 13091.610352>) requested data for lock!
[21:54:46] Player (koril, 76561197969243293)(<9317.154297, 54.329174, 13091.982422>) requested data for lock!
[22:04:31] Player (Rick Grimes, 76561199573099150)(<12474.789063, 10.632333, 2383.812988>) requested data for lock!
[22:11:47] Player (Rick Grimes, 76561199573099150)(<8909.085938, 15.889824, 1105.763916>) requested data for lock!
[22:11:48] Player (Rick Grimes, 76561199573099150)(<8899.131836, 15.554780, 1105.990234>) requested data for lock!
[22:14:04] Player (CONTROL, 76561197967168101)(<6042.112793, 34.846451, 10435.593750>) requested data for lock!
[22:14:06] Player (CONTROL, 76561197967168101)(<6044.596680, 34.846451, 10431.335938>) requested data for lock!
[22:17:59] Player (Rick Grimes, 76561199573099150)(<8871.601563, 16.228077, 1138.634155>) requested data for lock!
[22:18:31] Player (Rick Grimes, 76561199573099150)(<8868.722656, 16.043911, 1134.363281>) requested data for lock!
[22:29:36] Player (Draco, 76561198302078718)(<4859.762207, 5.448579, 11280.096680>) requested data for lock!
[22:29:36] Player (Draco, 76561198302078718)(<4871.779297, 5.720881, 11321.981445>) requested data for lock!
[22:29:36] Player (Draco, 76561198302078718)(<4870.733887, 5.627413, 11321.759766>) requested data for lock!
[22:29:36] Player (Draco, 76561198302078718)(<4860.642578, 5.412148, 11283.935547>) requested data for lock!
[22:29:54] Player (CONTROL, 76561197967168101)(<6044.596680, 34.846451, 10431.335938>) requested data for lock!
[22:29:54] Player (CONTROL, 76561197967168101)(<6042.112793, 34.846451, 10435.593750>) requested data for lock!
[22:32:36] Player (BILL, 76561198814955756)(<8051.116699, 27.662161, 7863.484375>) requested data for lock!
[22:34:05] Player (Draco, 76561198302078718)(<4862.399414, 5.761878, 11325.787109>) requested data for lock!
[22:41:48] Player (CONTROL, 76561197967168101)(<5746.929199, 70.849586, 8893.775391>) requested data for lock!
[22:42:06] Player (BILL, 76561198814955756)(<8064.213379, 27.662161, 7856.570801>) requested data for lock!
[23:16:18] Player (Draco, 76561198302078718)(<6042.112793, 34.846451, 10435.593750>) requested data for lock!
[23:16:20] Player (Draco, 76561198302078718)(<6044.596680, 34.846451, 10431.335938>) requested data for lock!
[23:17:07] Player (BILL, 76561198814955756)(<5746.929199, 70.849586, 8893.775391>) requested data for lock!
[23:31:43] Player (Draco, 76561198302078718)(<6044.596680, 34.846451, 10431.335938>) requested data for lock!
[23:31:43] Player (Draco, 76561198302078718)(<6042.112793, 34.846451, 10435.593750>) requested data for lock!
[23:35:56] Player (Draco, 76561198302078718)(<4871.779297, 5.720881, 11321.981445>) requested data for lock!
[23:35:56] Player (Draco, 76561198302078718)(<4870.733887, 5.627413, 11321.759766>) requested data for lock!
[23:35:58] Player (Draco, 76561198302078718)(<4862.399414, 5.761878, 11325.787109>) requested data for lock!
[23:35:58] Player (Draco, 76561198302078718)(<4860.642578, 5.412148, 11283.935547>) requested data for lock!
[23:36:03] Player (Draco, 76561198302078718)(<4859.762207, 5.448579, 11280.096680>) requested data for lock!
