[12-20-2024][00.00.21] New Synch Log File Created!
[02:09:06] Player (Draco, 76561198302078718)(<9316.858398, 54.329174, 13092.093750>) requested data for lock!
[02:09:06] Player (Draco, 76561198302078718)(<9318.663086, 54.329174, 13091.610352>) requested data for lock!
[02:09:06] Player (Draco, 76561198302078718)(<9317.154297, 54.329174, 13091.982422>) requested data for lock!
[02:12:15] Player (Draco, 76561198302078718)(<9316.858398, 54.329174, 13092.093750>) requested data for lock!
[02:12:15] Player (Draco, 76561198302078718)(<9318.663086, 54.329174, 13091.610352>) requested data for lock!
[02:12:15] Player (Draco, 76561198302078718)(<9317.154297, 54.329174, 13091.982422>) requested data for lock!
[03:25:30] Player (Big_Steve, 76561198071307767)(<9481.520508, 95.982422, 10884.832031>) requested data for lock!
[12-20-2024][05.00.21] Log file reloaded ( Server Restart )
[05:02:22] Player (Big_Steve, 76561198071307767)(<9481.520508, 95.982422, 10884.832031>) requested data for lock!
[05:24:07] Player (Big_Steve, 76561198071307767)(<9481.520508, 95.982422, 10884.832031>) requested data for lock!
[06:19:10] Player (Donhans, 76561198035813151)(<9481.520508, 95.982422, 10884.832031>) requested data for lock!
[07:25:49] Player (luizredfield30, 76561199770341255)(<7355.576172, 81.730453, 12388.914063>) requested data for lock!
[07:25:49] Player (luizredfield30, 76561199770341255)(<7334.590332, 81.730453, 12397.067383>) requested data for lock!
[07:25:49] Player (luizredfield30, 76561199770341255)(<7355.248535, 81.730453, 12388.920898>) requested data for lock!
[07:25:49] Player (luizredfield30, 76561199770341255)(<7359.518066, 86.602303, 12394.140625>) requested data for lock!
[07:25:49] Player (luizredfield30, 76561199770341255)(<7360.089844, 82.019249, 12389.973633>) requested data for lock!
[07:25:49] Player (luizredfield30, 76561199770341255)(<7334.615234, 81.730453, 12396.931641>) requested data for lock!
[07:25:49] Player (luizredfield30, 76561199770341255)(<7355.947266, 84.361282, 12388.909180>) requested data for lock!
[07:25:49] Player (luizredfield30, 76561199770341255)(<7334.545410, 81.730453, 12396.727539>) requested data for lock!
[07:25:49] Player (luizredfield30, 76561199770341255)(<7334.517578, 83.857002, 12397.041992>) requested data for lock!
[07:25:49] Player (luizredfield30, 76561199770341255)(<7355.454102, 81.730453, 12388.909180>) requested data for lock!
[07:25:49] Player (luizredfield30, 76561199770341255)(<7355.812500, 81.730453, 12388.950195>) requested data for lock!
[08:01:10] Player (luizredfield30, 76561199770341255)(<7355.576172, 81.730453, 12388.914063>) requested data for lock!
[08:01:10] Player (luizredfield30, 76561199770341255)(<7334.590332, 81.730453, 12397.067383>) requested data for lock!
[08:01:10] Player (luizredfield30, 76561199770341255)(<7355.248535, 81.730453, 12388.920898>) requested data for lock!
[08:01:10] Player (luizredfield30, 76561199770341255)(<7359.518066, 86.602303, 12394.140625>) requested data for lock!
[08:01:10] Player (luizredfield30, 76561199770341255)(<7360.089844, 82.019249, 12389.973633>) requested data for lock!
[08:01:10] Player (luizredfield30, 76561199770341255)(<7334.615234, 81.730453, 12396.931641>) requested data for lock!
[08:01:10] Player (luizredfield30, 76561199770341255)(<7355.947266, 84.361282, 12388.909180>) requested data for lock!
[08:01:10] Player (luizredfield30, 76561199770341255)(<7334.545410, 81.730453, 12396.727539>) requested data for lock!
[08:01:10] Player (luizredfield30, 76561199770341255)(<7334.517578, 83.857002, 12397.041992>) requested data for lock!
[08:01:10] Player (luizredfield30, 76561199770341255)(<7355.454102, 81.730453, 12388.909180>) requested data for lock!
[08:01:10] Player (luizredfield30, 76561199770341255)(<7355.812500, 81.730453, 12388.950195>) requested data for lock!
[12-20-2024][09.00.21] Log file reloaded ( Server Restart )
[11:58:55] Player (Nikoli, 76561198410836556)(<11127.880859, 106.702026, 9501.662109>) requested data for lock!
[12-20-2024][13.00.22] Log file reloaded ( Server Restart )
[13:22:54] Player (Nikoli, 76561198410836556)(<8066.684570, 27.662138, 7855.720215>) requested data for lock!
[13:22:54] Player (Nikoli, 76561198410836556)(<8066.057129, 27.662161, 7856.242676>) requested data for lock!
[13:22:59] Player (Nikoli, 76561198410836556)(<8048.060547, 27.662161, 7867.532227>) requested data for lock!
[13:22:59] Player (Nikoli, 76561198410836556)(<8046.105957, 27.662138, 7867.672363>) requested data for lock!
[13:24:16] Player (Nikoli, 76561198410836556)(<7631.311035, 12.787427, 8534.870117>) requested data for lock!
[13:24:18] Player (Nikoli, 76561198410836556)(<7626.640137, 10.043794, 8539.677734>) requested data for lock!
[13:26:58] Player (Nikoli, 76561198410836556)(<7241.480957, 3.950430, 7825.958984>) requested data for lock!
[13:26:58] Player (Nikoli, 76561198410836556)(<7244.721680, 3.842066, 7828.232910>) requested data for lock!
[13:27:01] Player (Nikoli, 76561198410836556)(<7224.133301, 10.915239, 7848.691406>) requested data for lock!
[14:06:50] Player (Lozergod, 76561197970728664)(<4870.733887, 5.627413, 11321.759766>) requested data for lock!
[14:06:58] Player (Lozergod, 76561197970728664)(<4860.642578, 5.412148, 11283.935547>) requested data for lock!
[14:15:21] Player (Lozergod, 76561197970728664)(<6042.112793, 34.846451, 10435.593750>) requested data for lock!
[14:15:21] Player (Lozergod, 76561197970728664)(<6044.596680, 34.846451, 10431.335938>) requested data for lock!
[14:15:35] Player (Lozergod, 76561197970728664)(<6042.112793, 34.846451, 10435.593750>) requested data for lock!
[14:15:38] Player (Lozergod, 76561197970728664)(<6044.596680, 34.846451, 10431.335938>) requested data for lock!
[14:38:15] Player (Lozergod, 76561197970728664)(<5746.929199, 70.849586, 8893.775391>) requested data for lock!
[14:43:43] Player (Lozergod, 76561197970728664)(<6044.596680, 34.846451, 10431.335938>) requested data for lock!
[14:43:45] Player (Lozergod, 76561197970728664)(<6042.112793, 34.846451, 10435.593750>) requested data for lock!
[15:00:23] Player (sans, 76561199229421873)(<9481.520508, 95.982422, 10884.832031>) requested data for lock!
[15:01:49] Player (Lozergod, 76561197970728664)(<5746.929199, 70.849586, 8893.775391>) requested data for lock!
[15:01:51] Player (Lozergod, 76561197970728664)(<6042.112793, 34.846451, 10435.593750>) requested data for lock!
[15:01:51] Player (Lozergod, 76561197970728664)(<6044.596680, 34.846451, 10431.335938>) requested data for lock!
[15:05:27] Player (brysonZ28, 76561198412009942)(<12457.237305, 48.206120, 8419.958008>) requested data for lock!
[15:05:44] Player (sans, 76561199229421873)(<9318.663086, 54.329174, 13091.610352>) requested data for lock!
[15:05:44] Player (sans, 76561199229421873)(<9316.858398, 54.329174, 13092.093750>) requested data for lock!
[15:05:44] Player (sans, 76561199229421873)(<9317.154297, 54.329174, 13091.982422>) requested data for lock!
[15:08:08] Player (sans, 76561199229421873)(<9481.520508, 95.982422, 10884.832031>) requested data for lock!
[15:28:02] Player (brysonZ28, 76561198412009942)(<11127.880859, 106.702026, 9501.662109>) requested data for lock!
[15:35:54] Player (sans, 76561199229421873)(<9481.520508, 95.982422, 10884.832031>) requested data for lock!
[15:42:20] Player (sans, 76561199229421873)(<9481.520508, 95.982422, 10884.832031>) requested data for lock!
[15:52:11] Player (sans, 76561199229421873)(<9481.520508, 95.982422, 10884.832031>) requested data for lock!
[15:58:38] Player (sans, 76561199229421873)(<11127.880859, 106.702026, 9501.662109>) requested data for lock!
[16:10:32] Player (CONTROL, 76561197967168101)(<6042.112793, 34.846451, 10435.593750>) requested data for lock!
[16:10:32] Player (CONTROL, 76561197967168101)(<6044.596680, 34.846451, 10431.335938>) requested data for lock!
[16:18:34] Player (Lozergod, 76561197970728664)(<6042.112793, 34.846451, 10435.593750>) requested data for lock!
[16:18:34] Player (Lozergod, 76561197970728664)(<6044.596680, 34.846451, 10431.335938>) requested data for lock!
[16:19:12] Player (Lozergod, 76561197970728664)(<5746.929199, 70.849586, 8893.775391>) requested data for lock!
[16:22:23] Player (Scorpion, 76561197993341683)(<5746.929199, 70.849586, 8893.775391>) requested data for lock!
[16:27:10] Player (brysonZ28, 76561198412009942)(<9481.520508, 95.982422, 10884.832031>) requested data for lock!
[16:29:28] Player (CONTROL, 76561197967168101)(<5746.929199, 70.849586, 8893.775391>) requested data for lock!
[16:45:38] Player (NaissoyX, 76561199472519891)(<9481.520508, 95.982422, 10884.832031>) requested data for lock!
[16:53:14] Player (brysonZ28, 76561198412009942)(<9481.520508, 95.982422, 10884.832031>) requested data for lock!
[16:57:03] Player (NaissoyX, 76561199472519891)(<12457.237305, 48.206120, 8419.958008>) requested data for lock!
[12-20-2024][17.00.24] Log file reloaded ( Server Restart )
[17:01:48] Player (NaissoyX, 76561199472519891)(<12457.237305, 48.206120, 8419.958008>) requested data for lock!
[17:03:09] Player (NaissoyX, 76561199472519891)(<12457.237305, 48.206120, 8419.958008>) requested data for lock!
[17:03:54] Player (NaissoyX, 76561199472519891)(<12457.237305, 48.206120, 8419.958008>) requested data for lock!
[17:04:03] Player ((DDAB) Tsar James, 76561198032650597)(<12474.789063, 10.632333, 2383.812988>) requested data for lock!
[17:05:35] Player (brysonZ28, 76561198412009942)(<9481.520508, 95.982422, 10884.832031>) requested data for lock!
[17:07:12] Player (brysonZ28, 76561198412009942)(<9481.520508, 95.982422, 10884.832031>) requested data for lock!
[17:07:37] Player (NaissoyX, 76561199472519891)(<12457.237305, 48.206120, 8419.958008>) requested data for lock!
[17:07:46] Player (NaissoyX, 76561199472519891)(<12457.237305, 48.206120, 8419.958008>) requested data for lock!
[17:21:35] Player ((DDAB) Tsar James, 76561198032650597)(<12474.789063, 10.632333, 2383.812988>) requested data for lock!
[17:24:32] Player (NaissoyX, 76561199472519891)(<12457.237305, 48.206120, 8419.958008>) requested data for lock!
[17:27:52] Player (NaissoyX, 76561199472519891)(<12457.237305, 48.206120, 8419.958008>) requested data for lock!
[17:31:45] Player ((DDAB) Tsar James, 76561198032650597)(<12474.789063, 10.632333, 2383.812988>) requested data for lock!
[17:34:17] Player (sans, 76561199229421873)(<11127.880859, 106.702026, 9501.662109>) requested data for lock!
[17:38:13] Player (sans, 76561199229421873)(<9481.520508, 95.982422, 10884.832031>) requested data for lock!
[17:38:49] Player (sans, 76561199229421873)(<11127.880859, 106.702026, 9501.662109>) requested data for lock!
[17:38:54] Player (BILL, 76561198814955756)(<8066.057129, 27.662161, 7856.242676>) requested data for lock!
[17:38:54] Player (BILL, 76561198814955756)(<8066.684570, 27.662138, 7855.720215>) requested data for lock!
[17:38:57] Player (BILL, 76561198814955756)(<8046.105957, 27.662138, 7867.672363>) requested data for lock!
[17:38:57] Player (BILL, 76561198814955756)(<8048.060547, 27.662161, 7867.532227>) requested data for lock!
[17:44:15] Player (BILL, 76561198814955756)(<7244.721680, 3.842066, 7828.232910>) requested data for lock!
[17:44:17] Player (BILL, 76561198814955756)(<7241.480957, 3.950430, 7825.958984>) requested data for lock!
[17:44:22] Player (BILL, 76561198814955756)(<7224.133301, 10.915239, 7848.691406>) requested data for lock!
[17:44:38] Player (BILL, 76561198814955756)(<7631.311035, 12.787427, 8534.870117>) requested data for lock!
[17:44:40] Player (BILL, 76561198814955756)(<7626.640137, 10.043794, 8539.677734>) requested data for lock!
[17:45:18] Player (NaissoyX, 76561199472519891)(<11127.880859, 106.702026, 9501.662109>) requested data for lock!
[17:56:49] Player ((DDAB) Tsar James, 76561198032650597)(<12474.789063, 10.632333, 2383.812988>) requested data for lock!
[18:03:43] Player (brysonZ28, 76561198412009942)(<9481.520508, 95.982422, 10884.832031>) requested data for lock!
[18:16:14] Player (Crashfool, 76561198289145406)(<6044.596680, 34.846451, 10431.335938>) requested data for lock!
[18:16:14] Player (Crashfool, 76561198289145406)(<6042.112793, 34.846451, 10435.593750>) requested data for lock!
[18:18:06] Player (Crashfool, 76561198289145406)(<4870.733887, 5.627413, 11321.759766>) requested data for lock!
[18:18:15] Player (Crashfool, 76561198289145406)(<4860.642578, 5.412148, 11283.935547>) requested data for lock!
[18:20:52] Player (sans, 76561199229421873)(<11127.880859, 106.702026, 9501.662109>) requested data for lock!
[18:21:43] Player (NaissoyX, 76561199472519891)(<9481.520508, 95.982422, 10884.832031>) requested data for lock!
[18:25:17] Player (sans, 76561199229421873)(<9481.520508, 95.982422, 10884.832031>) requested data for lock!
[18:37:29] Player (BILL, 76561198814955756)(<8072.392578, 27.662115, 7855.935059>) requested data for lock!
[18:44:19] Player (NaissoyX, 76561199472519891)(<9481.520508, 95.982422, 10884.832031>) requested data for lock!
[18:55:36] Player (sans, 76561199229421873)(<7626.640137, 10.043794, 8539.677734>) requested data for lock!
[18:55:36] Player (sans, 76561199229421873)(<7631.311035, 12.787427, 8534.870117>) requested data for lock!
[18:55:37] Player (brysonZ28, 76561198412009942)(<7626.640137, 10.043794, 8539.677734>) requested data for lock!
[18:55:39] Player (brysonZ28, 76561198412009942)(<7631.311035, 12.787427, 8534.870117>) requested data for lock!
[18:56:29] Player (NaissoyX, 76561199472519891)(<9481.520508, 95.982422, 10884.832031>) requested data for lock!
[18:58:14] Player (BILL, 76561198814955756)(<7626.640137, 10.043794, 8539.677734>) requested data for lock!
[18:58:14] Player (BILL, 76561198814955756)(<7631.311035, 12.787427, 8534.870117>) requested data for lock!
[19:00:01] Player (sans, 76561199229421873)(<7224.133301, 10.915239, 7848.691406>) requested data for lock!
[19:00:05] Player (brysonZ28, 76561198412009942)(<7224.133301, 10.915239, 7848.691406>) requested data for lock!
[19:00:07] Player (sans, 76561199229421873)(<7244.721680, 3.842066, 7828.232910>) requested data for lock!
[19:00:10] Player (sans, 76561199229421873)(<7241.480957, 3.950430, 7825.958984>) requested data for lock!
[19:00:14] Player (brysonZ28, 76561198412009942)(<7244.721680, 3.842066, 7828.232910>) requested data for lock!
[19:00:14] Player (brysonZ28, 76561198412009942)(<7241.480957, 3.950430, 7825.958984>) requested data for lock!
[19:02:42] Player (sans, 76561199229421873)(<8046.105957, 27.662138, 7867.672363>) requested data for lock!
[19:02:44] Player (brysonZ28, 76561198412009942)(<8046.105957, 27.662138, 7867.672363>) requested data for lock!
[19:02:44] Player (sans, 76561199229421873)(<8048.060547, 27.662161, 7867.532227>) requested data for lock!
[19:02:46] Player (brysonZ28, 76561198412009942)(<8048.060547, 27.662161, 7867.532227>) requested data for lock!
[19:02:47] Player (sans, 76561199229421873)(<8066.057129, 27.662161, 7856.242676>) requested data for lock!
[19:02:47] Player (sans, 76561199229421873)(<8066.684570, 27.662138, 7855.720215>) requested data for lock!
[19:02:47] Player (sans, 76561199229421873)(<8072.392578, 27.662115, 7855.935059>) requested data for lock!
[19:02:50] Player (brysonZ28, 76561198412009942)(<8066.057129, 27.662161, 7856.242676>) requested data for lock!
[19:02:50] Player (brysonZ28, 76561198412009942)(<8066.684570, 27.662138, 7855.720215>) requested data for lock!
[19:02:53] Player (brysonZ28, 76561198412009942)(<8072.392578, 27.662115, 7855.935059>) requested data for lock!
[19:04:25] Player (BILL, 76561198814955756)(<8046.105957, 27.662138, 7867.672363>) requested data for lock!
[19:04:25] Player (BILL, 76561198814955756)(<8048.060547, 27.662161, 7867.532227>) requested data for lock!
[19:04:29] Player (BILL, 76561198814955756)(<8066.057129, 27.662161, 7856.242676>) requested data for lock!
[19:04:29] Player (BILL, 76561198814955756)(<8066.684570, 27.662138, 7855.720215>) requested data for lock!
[19:04:30] Player (BILL, 76561198814955756)(<8072.392578, 27.662115, 7855.935059>) requested data for lock!
[19:07:27] Player (BILL, 76561198814955756)(<7244.721680, 3.842066, 7828.232910>) requested data for lock!
[19:07:28] Player (BILL, 76561198814955756)(<7224.133301, 10.915239, 7848.691406>) requested data for lock!
[19:07:28] Player (BILL, 76561198814955756)(<7241.480957, 3.950430, 7825.958984>) requested data for lock!
[19:54:57] Player (Crashfool, 76561198289145406)(<5746.929199, 70.849586, 8893.775391>) requested data for lock!
[20:17:53] Player (BILL, 76561198814955756)(<8041.888184, 27.662138, 7867.689453>) requested data for lock!
[20:57:24] Player (NaissoyX, 76561199472519891)(<7626.640137, 10.043794, 8539.677734>) requested data for lock!
[20:57:24] Player (NaissoyX, 76561199472519891)(<7631.311035, 12.787427, 8534.870117>) requested data for lock!
[12-20-2024][21.00.22] Log file reloaded ( Server Restart )
[21:04:04] Player (NaissoyX, 76561199472519891)(<7626.640137, 10.043794, 8539.677734>) requested data for lock!
[21:04:04] Player (NaissoyX, 76561199472519891)(<7631.311035, 12.787427, 8534.870117>) requested data for lock!
[21:08:21] Player (NaissoyX, 76561199472519891)(<8048.060547, 27.662161, 7867.532227>) requested data for lock!
[21:08:21] Player (NaissoyX, 76561199472519891)(<8046.105957, 27.662138, 7867.672363>) requested data for lock!
[21:08:22] Player (NaissoyX, 76561199472519891)(<8041.888184, 27.662138, 7867.689453>) requested data for lock!
[21:08:23] Player (NaissoyX, 76561199472519891)(<8066.684570, 27.662138, 7855.720215>) requested data for lock!
[21:08:23] Player (NaissoyX, 76561199472519891)(<8072.392578, 27.662115, 7855.935059>) requested data for lock!
[21:08:23] Player (NaissoyX, 76561199472519891)(<8066.057129, 27.662161, 7856.242676>) requested data for lock!
[21:12:49] Player (NaissoyX, 76561199472519891)(<7241.480957, 3.950430, 7825.958984>) requested data for lock!
[21:12:49] Player (NaissoyX, 76561199472519891)(<7224.133301, 10.915239, 7848.691406>) requested data for lock!
[21:12:49] Player (NaissoyX, 76561199472519891)(<7244.721680, 3.842066, 7828.232910>) requested data for lock!
[21:14:44] Player (NaissoyX, 76561199472519891)(<7241.480957, 3.950430, 7825.958984>) requested data for lock!
[21:14:44] Player (NaissoyX, 76561199472519891)(<7626.640137, 10.043794, 8539.677734>) requested data for lock!
[21:14:44] Player (NaissoyX, 76561199472519891)(<7224.133301, 10.915239, 7848.691406>) requested data for lock!
[21:14:44] Player (NaissoyX, 76561199472519891)(<7244.721680, 3.842066, 7828.232910>) requested data for lock!
[21:14:44] Player (NaissoyX, 76561199472519891)(<7631.311035, 12.787427, 8534.870117>) requested data for lock!
[21:14:44] Player (NaissoyX, 76561199472519891)(<8048.060547, 27.662161, 7867.532227>) requested data for lock!
[21:14:44] Player (NaissoyX, 76561199472519891)(<8066.684570, 27.662138, 7855.720215>) requested data for lock!
[21:14:44] Player (NaissoyX, 76561199472519891)(<8046.105957, 27.662138, 7867.672363>) requested data for lock!
[21:14:44] Player (NaissoyX, 76561199472519891)(<8041.888184, 27.662138, 7867.689453>) requested data for lock!
[21:14:44] Player (NaissoyX, 76561199472519891)(<8072.392578, 27.662115, 7855.935059>) requested data for lock!
[21:14:44] Player (NaissoyX, 76561199472519891)(<8066.057129, 27.662161, 7856.242676>) requested data for lock!
[21:17:45] Player (NaissoyX, 76561199472519891)(<8066.684570, 27.662138, 7855.720215>) requested data for lock!
[21:17:47] Player (NaissoyX, 76561199472519891)(<8072.392578, 27.662115, 7855.935059>) requested data for lock!
[21:18:40] Player (NaissoyX, 76561199472519891)(<8066.684570, 27.662138, 7855.720215>) requested data for lock!
[21:18:40] Player (NaissoyX, 76561199472519891)(<8066.057129, 27.662161, 7856.242676>) requested data for lock!
[21:18:43] Player (NaissoyX, 76561199472519891)(<8072.392578, 27.662115, 7855.935059>) requested data for lock!
[21:19:16] Player (NaissoyX, 76561199472519891)(<8041.888184, 27.662138, 7867.689453>) requested data for lock!
[21:31:20] Player (BILL, 76561198814955756)(<7241.480957, 3.950430, 7825.958984>) requested data for lock!
[21:31:20] Player (BILL, 76561198814955756)(<7626.640137, 10.043794, 8539.677734>) requested data for lock!
[21:31:20] Player (BILL, 76561198814955756)(<7224.133301, 10.915239, 7848.691406>) requested data for lock!
[21:31:20] Player (BILL, 76561198814955756)(<7244.721680, 3.842066, 7828.232910>) requested data for lock!
[21:31:20] Player (BILL, 76561198814955756)(<7631.311035, 12.787427, 8534.870117>) requested data for lock!
[21:31:20] Player (BILL, 76561198814955756)(<8048.060547, 27.662161, 7867.532227>) requested data for lock!
[21:31:20] Player (BILL, 76561198814955756)(<8066.684570, 27.662138, 7855.720215>) requested data for lock!
[21:31:21] Player (BILL, 76561198814955756)(<8046.105957, 27.662138, 7867.672363>) requested data for lock!
[21:31:21] Player (BILL, 76561198814955756)(<8041.888184, 27.662138, 7867.689453>) requested data for lock!
[21:31:21] Player (BILL, 76561198814955756)(<8072.392578, 27.662115, 7855.935059>) requested data for lock!
[21:31:21] Player (BILL, 76561198814955756)(<8066.057129, 27.662161, 7856.242676>) requested data for lock!
[21:38:06] Player (Daidax238, 76561198168407981)(<9317.154297, 54.329174, 13091.982422>) requested data for lock!
[21:38:06] Player (Daidax238, 76561198168407981)(<9316.858398, 54.329174, 13092.093750>) requested data for lock!
[21:38:07] Player (Daidax238, 76561198168407981)(<9318.663086, 54.329174, 13091.610352>) requested data for lock!
[21:39:37] Player (NaissoyX, 76561199472519891)(<7241.480957, 3.950430, 7825.958984>) requested data for lock!
[21:39:37] Player (NaissoyX, 76561199472519891)(<7626.640137, 10.043794, 8539.677734>) requested data for lock!
[21:39:37] Player (NaissoyX, 76561199472519891)(<7224.133301, 10.915239, 7848.691406>) requested data for lock!
[21:39:37] Player (NaissoyX, 76561199472519891)(<7244.721680, 3.842066, 7828.232910>) requested data for lock!
[21:39:37] Player (NaissoyX, 76561199472519891)(<7631.311035, 12.787427, 8534.870117>) requested data for lock!
[21:41:09] Player (NaissoyX, 76561199472519891)(<7626.640137, 10.043794, 8539.677734>) requested data for lock!
[21:41:09] Player (NaissoyX, 76561199472519891)(<7631.311035, 12.787427, 8534.870117>) requested data for lock!
[21:41:18] Player (NaissoyX, 76561199472519891)(<8041.888184, 27.662138, 7867.689453>) requested data for lock!
[21:41:21] Player (NaissoyX, 76561199472519891)(<8046.105957, 27.662138, 7867.672363>) requested data for lock!
[21:41:24] Player (NaissoyX, 76561199472519891)(<8048.060547, 27.662161, 7867.532227>) requested data for lock!
[21:47:22] Player (NaissoyX, 76561199472519891)(<8041.888184, 27.662138, 7867.689453>) requested data for lock!
[21:47:55] Player (NaissoyX, 76561199472519891)(<8046.105957, 27.662138, 7867.672363>) requested data for lock!
[21:48:06] Player (NaissoyX, 76561199472519891)(<8048.060547, 27.662161, 7867.532227>) requested data for lock!
[21:49:49] Player (NaissoyX, 76561199472519891)(<8041.888184, 27.662138, 7867.689453>) requested data for lock!
[21:53:12] Player (Lozergod, 76561197970728664)(<5746.929199, 70.849586, 8893.775391>) requested data for lock!
[21:53:12] Player (Lozergod, 76561197970728664)(<6044.596680, 34.846451, 10431.335938>) requested data for lock!
[21:53:12] Player (Lozergod, 76561197970728664)(<6042.112793, 34.846451, 10435.593750>) requested data for lock!
[21:54:54] Player (anotherbuffoon, 76561198041157323)(<9317.154297, 54.329174, 13091.982422>) requested data for lock!
[21:54:54] Player (anotherbuffoon, 76561198041157323)(<9316.858398, 54.329174, 13092.093750>) requested data for lock!
[21:54:55] Player (anotherbuffoon, 76561198041157323)(<9318.663086, 54.329174, 13091.610352>) requested data for lock!
[22:29:23] Player (BILL, 76561198814955756)(<9481.520508, 95.982422, 10884.832031>) requested data for lock!
[22:32:27] Player (anotherbuffoon, 76561198041157323)(<9317.154297, 54.329174, 13091.982422>) requested data for lock!
[22:32:28] Player (anotherbuffoon, 76561198041157323)(<9316.858398, 54.329174, 13092.093750>) requested data for lock!
[22:32:28] Player (anotherbuffoon, 76561198041157323)(<9318.663086, 54.329174, 13091.610352>) requested data for lock!
[22:41:45] Player (BILL, 76561198814955756)(<9317.154297, 54.329174, 13091.982422>) requested data for lock!
[22:41:46] Player (BILL, 76561198814955756)(<9316.858398, 54.329174, 13092.093750>) requested data for lock!
[22:41:46] Player (BILL, 76561198814955756)(<9318.663086, 54.329174, 13091.610352>) requested data for lock!
[22:44:05] Player (jstone113, 76561199013854003)(<12474.789063, 10.632333, 2383.812988>) requested data for lock!
[22:44:39] Player (BILL, 76561198814955756)(<9481.520508, 95.982422, 10884.832031>) requested data for lock!
[22:49:41] Player (BILL, 76561198814955756)(<9481.520508, 95.982422, 10884.832031>) requested data for lock!
[22:51:05] Player (BILL, 76561198814955756)(<9481.520508, 95.982422, 10884.832031>) requested data for lock!
[23:02:09] Player (Draco, 76561198302078718)(<9317.154297, 54.329174, 13091.982422>) requested data for lock!
[23:02:09] Player (Draco, 76561198302078718)(<9316.858398, 54.329174, 13092.093750>) requested data for lock!
[23:02:09] Player (Draco, 76561198302078718)(<9318.663086, 54.329174, 13091.610352>) requested data for lock!
[23:23:38] Player (Daryl Dixon, 76561199573099150)(<12457.237305, 48.206120, 8419.958008>) requested data for lock!
[23:27:45] Player (LilCampy, 76561199130738646)(<7334.545410, 81.730453, 12396.727539>) requested data for lock!
[23:27:45] Player (LilCampy, 76561199130738646)(<7334.615234, 81.730453, 12396.931641>) requested data for lock!
[23:27:45] Player (LilCampy, 76561199130738646)(<7334.517578, 83.857002, 12397.041992>) requested data for lock!
[23:27:45] Player (LilCampy, 76561199130738646)(<7334.590332, 81.730453, 12397.067383>) requested data for lock!
[23:27:51] Player (LilCampy, 76561199130738646)(<7334.545410, 81.730453, 12396.727539>) requested data for lock!
[23:27:51] Player (LilCampy, 76561199130738646)(<7334.615234, 81.730453, 12396.931641>) requested data for lock!
[23:27:51] Player (LilCampy, 76561199130738646)(<7334.517578, 83.857002, 12397.041992>) requested data for lock!
[23:27:51] Player (LilCampy, 76561199130738646)(<7334.590332, 81.730453, 12397.067383>) requested data for lock!
[23:27:56] Player (LilCampy, 76561199130738646)(<7355.248535, 81.730453, 12388.920898>) requested data for lock!
[23:27:56] Player (LilCampy, 76561199130738646)(<7355.454102, 81.730453, 12388.909180>) requested data for lock!
[23:27:56] Player (LilCampy, 76561199130738646)(<7355.812500, 81.730453, 12388.950195>) requested data for lock!
[23:27:56] Player (LilCampy, 76561199130738646)(<7355.947266, 84.361282, 12388.909180>) requested data for lock!
[23:27:56] Player (LilCampy, 76561199130738646)(<7359.518066, 86.602303, 12394.140625>) requested data for lock!
[23:27:56] Player (LilCampy, 76561199130738646)(<7355.576172, 81.730453, 12388.914063>) requested data for lock!
[23:27:59] Player (LilCampy, 76561199130738646)(<7360.089844, 82.019249, 12389.973633>) requested data for lock!
[23:29:39] Player (BILL, 76561198814955756)(<8072.392578, 27.662115, 7855.935059>) requested data for lock!
[23:29:41] Player (BILL, 76561198814955756)(<8048.060547, 27.662161, 7867.532227>) requested data for lock!
[23:29:41] Player (BILL, 76561198814955756)(<8066.684570, 27.662138, 7855.720215>) requested data for lock!
[23:29:41] Player (BILL, 76561198814955756)(<8066.057129, 27.662161, 7856.242676>) requested data for lock!
[23:29:43] Player (BILL, 76561198814955756)(<8046.105957, 27.662138, 7867.672363>) requested data for lock!
[23:29:43] Player (BILL, 76561198814955756)(<8041.888184, 27.662138, 7867.689453>) requested data for lock!
[23:30:34] Player (Daidax238, 76561198168407981)(<9317.154297, 54.329174, 13091.982422>) requested data for lock!
[23:30:34] Player (Daidax238, 76561198168407981)(<9316.858398, 54.329174, 13092.093750>) requested data for lock!
[23:30:34] Player (Daidax238, 76561198168407981)(<9318.663086, 54.329174, 13091.610352>) requested data for lock!
[23:31:07] Player (LilCampy, 76561199130738646)(<7334.615234, 81.730453, 12396.931641>) requested data for lock!
[23:31:07] Player (LilCampy, 76561199130738646)(<7334.517578, 83.857002, 12397.041992>) requested data for lock!
[23:31:07] Player (LilCampy, 76561199130738646)(<7334.590332, 81.730453, 12397.067383>) requested data for lock!
[23:36:36] Player (BILL, 76561198814955756)(<7631.311035, 12.787427, 8534.870117>) requested data for lock!
[23:36:37] Player (BILL, 76561198814955756)(<7626.640137, 10.043794, 8539.677734>) requested data for lock!
[23:37:40] Player (LilCampy, 76561199130738646)(<7360.089844, 82.019249, 12389.973633>) requested data for lock!
[23:37:41] Player (LilCampy, 76561199130738646)(<7359.518066, 86.602303, 12394.140625>) requested data for lock!
[23:37:43] Player (LilCampy, 76561199130738646)(<7355.248535, 81.730453, 12388.920898>) requested data for lock!
[23:37:44] Player (LilCampy, 76561199130738646)(<7355.454102, 81.730453, 12388.909180>) requested data for lock!
[23:37:44] Player (LilCampy, 76561199130738646)(<7334.545410, 81.730453, 12396.727539>) requested data for lock!
[23:37:44] Player (LilCampy, 76561199130738646)(<7334.615234, 81.730453, 12396.931641>) requested data for lock!
[23:37:44] Player (LilCampy, 76561199130738646)(<7334.517578, 83.857002, 12397.041992>) requested data for lock!
[23:37:44] Player (LilCampy, 76561199130738646)(<7355.812500, 81.730453, 12388.950195>) requested data for lock!
[23:37:44] Player (LilCampy, 76561199130738646)(<7355.947266, 84.361282, 12388.909180>) requested data for lock!
[23:37:45] Player (LilCampy, 76561199130738646)(<7334.590332, 81.730453, 12397.067383>) requested data for lock!
[23:37:45] Player (LilCampy, 76561199130738646)(<7355.576172, 81.730453, 12388.914063>) requested data for lock!
[23:38:24] Player (Daidax238, 76561198168407981)(<7334.545410, 81.730453, 12396.727539>) requested data for lock!
[23:38:24] Player (Daidax238, 76561198168407981)(<7334.615234, 81.730453, 12396.931641>) requested data for lock!
[23:38:24] Player (Daidax238, 76561198168407981)(<7334.517578, 83.857002, 12397.041992>) requested data for lock!
[23:38:25] Player (Daidax238, 76561198168407981)(<7359.518066, 86.602303, 12394.140625>) requested data for lock!
[23:38:25] Player (Daidax238, 76561198168407981)(<7334.590332, 81.730453, 12397.067383>) requested data for lock!
[23:38:26] Player (Daidax238, 76561198168407981)(<7355.248535, 81.730453, 12388.920898>) requested data for lock!
[23:38:27] Player (Daidax238, 76561198168407981)(<7355.454102, 81.730453, 12388.909180>) requested data for lock!
[23:38:27] Player (Daidax238, 76561198168407981)(<7360.089844, 82.019249, 12389.973633>) requested data for lock!
[23:38:27] Player (Daidax238, 76561198168407981)(<7355.812500, 81.730453, 12388.950195>) requested data for lock!
[23:38:27] Player (Daidax238, 76561198168407981)(<7355.947266, 84.361282, 12388.909180>) requested data for lock!
[23:38:27] Player (Daidax238, 76561198168407981)(<7355.576172, 81.730453, 12388.914063>) requested data for lock!
[23:38:27] Player (BILL, 76561198814955756)(<7244.721680, 3.842066, 7828.232910>) requested data for lock!
[23:38:29] Player (BILL, 76561198814955756)(<7241.480957, 3.950430, 7825.958984>) requested data for lock!
[23:38:32] Player (BILL, 76561198814955756)(<7224.133301, 10.915239, 7848.691406>) requested data for lock!
[23:43:55] Player (Daidax238, 76561198168407981)(<7360.089844, 82.019249, 12389.973633>) requested data for lock!
[23:43:56] Player (Daidax238, 76561198168407981)(<7359.518066, 86.602303, 12394.140625>) requested data for lock!
[23:43:57] Player (Daidax238, 76561198168407981)(<7355.248535, 81.730453, 12388.920898>) requested data for lock!
[23:43:58] Player (Daidax238, 76561198168407981)(<7355.454102, 81.730453, 12388.909180>) requested data for lock!
[23:43:58] Player (Daidax238, 76561198168407981)(<7334.545410, 81.730453, 12396.727539>) requested data for lock!
[23:43:58] Player (Daidax238, 76561198168407981)(<7334.615234, 81.730453, 12396.931641>) requested data for lock!
[23:43:58] Player (Daidax238, 76561198168407981)(<7334.517578, 83.857002, 12397.041992>) requested data for lock!
[23:43:58] Player (Daidax238, 76561198168407981)(<7355.812500, 81.730453, 12388.950195>) requested data for lock!
[23:43:59] Player (Daidax238, 76561198168407981)(<7355.947266, 84.361282, 12388.909180>) requested data for lock!
[23:43:59] Player (Daidax238, 76561198168407981)(<7334.590332, 81.730453, 12397.067383>) requested data for lock!
[23:43:59] Player (Daidax238, 76561198168407981)(<7355.576172, 81.730453, 12388.914063>) requested data for lock!
[23:43:59] Player (anotherbuffoon, 76561198041157323)(<7355.248535, 81.730453, 12388.920898>) requested data for lock!
[23:44:00] Player (anotherbuffoon, 76561198041157323)(<7355.454102, 81.730453, 12388.909180>) requested data for lock!
[23:44:00] Player (anotherbuffoon, 76561198041157323)(<7360.089844, 82.019249, 12389.973633>) requested data for lock!
[23:44:00] Player (anotherbuffoon, 76561198041157323)(<7355.812500, 81.730453, 12388.950195>) requested data for lock!
[23:44:00] Player (anotherbuffoon, 76561198041157323)(<7355.947266, 84.361282, 12388.909180>) requested data for lock!
[23:44:01] Player (anotherbuffoon, 76561198041157323)(<7359.518066, 86.602303, 12394.140625>) requested data for lock!
[23:44:01] Player (anotherbuffoon, 76561198041157323)(<7355.576172, 81.730453, 12388.914063>) requested data for lock!
[23:44:03] Player (anotherbuffoon, 76561198041157323)(<7334.545410, 81.730453, 12396.727539>) requested data for lock!
[23:44:03] Player (anotherbuffoon, 76561198041157323)(<7334.615234, 81.730453, 12396.931641>) requested data for lock!
[23:44:03] Player (anotherbuffoon, 76561198041157323)(<7334.517578, 83.857002, 12397.041992>) requested data for lock!
[23:44:03] Player (anotherbuffoon, 76561198041157323)(<7334.590332, 81.730453, 12397.067383>) requested data for lock!
[23:56:18] Player (anotherbuffoon, 76561198041157323)(<7360.089844, 82.019249, 12389.973633>) requested data for lock!
[23:56:18] Player (anotherbuffoon, 76561198041157323)(<7359.518066, 86.602303, 12394.140625>) requested data for lock!
[23:56:18] Player (Daidax238, 76561198168407981)(<7360.089844, 82.019249, 12389.973633>) requested data for lock!
[23:56:18] Player (Daidax238, 76561198168407981)(<7359.518066, 86.602303, 12394.140625>) requested data for lock!
[23:56:20] Player (anotherbuffoon, 76561198041157323)(<7355.248535, 81.730453, 12388.920898>) requested data for lock!
[23:56:20] Player (anotherbuffoon, 76561198041157323)(<7355.454102, 81.730453, 12388.909180>) requested data for lock!
[23:56:21] Player (anotherbuffoon, 76561198041157323)(<7355.812500, 81.730453, 12388.950195>) requested data for lock!
[23:56:21] Player (Daidax238, 76561198168407981)(<7355.248535, 81.730453, 12388.920898>) requested data for lock!
[23:56:21] Player (anotherbuffoon, 76561198041157323)(<7355.947266, 84.361282, 12388.909180>) requested data for lock!
[23:56:21] Player (Daidax238, 76561198168407981)(<7355.454102, 81.730453, 12388.909180>) requested data for lock!
[23:56:21] Player (anotherbuffoon, 76561198041157323)(<7355.576172, 81.730453, 12388.914063>) requested data for lock!
[23:56:21] Player (Daidax238, 76561198168407981)(<7355.812500, 81.730453, 12388.950195>) requested data for lock!
[23:56:21] Player (Daidax238, 76561198168407981)(<7355.947266, 84.361282, 12388.909180>) requested data for lock!
[23:56:21] Player (Daidax238, 76561198168407981)(<7355.576172, 81.730453, 12388.914063>) requested data for lock!
[23:56:24] Player (anotherbuffoon, 76561198041157323)(<7334.545410, 81.730453, 12396.727539>) requested data for lock!
[23:56:24] Player (anotherbuffoon, 76561198041157323)(<7334.615234, 81.730453, 12396.931641>) requested data for lock!
[23:56:24] Player (anotherbuffoon, 76561198041157323)(<7334.517578, 83.857002, 12397.041992>) requested data for lock!
[23:56:24] Player (anotherbuffoon, 76561198041157323)(<7334.590332, 81.730453, 12397.067383>) requested data for lock!
[23:56:25] Player (Daidax238, 76561198168407981)(<7334.545410, 81.730453, 12396.727539>) requested data for lock!
[23:56:26] Player (Daidax238, 76561198168407981)(<7334.615234, 81.730453, 12396.931641>) requested data for lock!
[23:56:26] Player (Daidax238, 76561198168407981)(<7334.517578, 83.857002, 12397.041992>) requested data for lock!
[23:56:26] Player (Daidax238, 76561198168407981)(<7334.590332, 81.730453, 12397.067383>) requested data for lock!
