[12-02-2024][00.00.23] New Synch Log File Created!
[12-02-2024][05.00.22] Log file reloaded ( Server Restart )
[06:52:44] Player (Loki, 76561199282403539)(<7241.480957, 3.950430, 7825.958984>) requested data for lock!
[06:52:44] Player (Str8OutOfCherno, 76561198059271375)(<7241.480957, 3.950430, 7825.958984>) requested data for lock!
[06:53:17] Player (Loki, 76561199282403539)(<7241.480957, 3.950430, 7825.958984>) requested data for lock!
[06:53:17] Player (Str8OutOfCherno, 76561198059271375)(<7241.480957, 3.950430, 7825.958984>) requested data for lock!
[07:02:58] Player (Loki, 76561199282403539)(<7241.480957, 3.950430, 7825.958984>) requested data for lock!
[07:03:06] Player (Str8OutOfCherno, 76561198059271375)(<7241.480957, 3.950430, 7825.958984>) requested data for lock!
[07:03:06] Player (Loki, 76561199282403539)(<7241.480957, 3.950430, 7825.958984>) requested data for lock!
[07:15:48] Player (Str8OutOfCherno, 76561198059271375)(<7224.133301, 10.915239, 7848.691406>) requested data for lock!
[07:15:48] Player (Loki, 76561199282403539)(<7224.133301, 10.915239, 7848.691406>) requested data for lock!
[07:27:32] Player (Loki, 76561199282403539)(<7224.133301, 10.915239, 7848.691406>) requested data for lock!
[07:27:32] Player (Str8OutOfCherno, 76561198059271375)(<7224.133301, 10.915239, 7848.691406>) requested data for lock!
[07:59:55] Player (Loki, 76561199282403539)(<7241.480957, 3.950430, 7825.958984>) requested data for lock!
[07:59:55] Player (Loki, 76561199282403539)(<7224.133301, 10.915239, 7848.691406>) requested data for lock!
[12-02-2024][09.00.23] Log file reloaded ( Server Restart )
[12-02-2024][13.00.24] Log file reloaded ( Server Restart )
[13:14:14] Player (luizredfield30, 76561198008639541)(<9318.663086, 54.329174, 13091.610352>) requested data for lock!
[13:15:07] Player (Solis, 76561198168999541)(<9318.663086, 54.329174, 13091.610352>) requested data for lock!
[13:29:47] Player (brysonZ28, 76561198412009942)(<9318.663086, 54.329174, 13091.610352>) requested data for lock!
[13:31:03] Player (brysonZ28, 76561198412009942)(<9318.663086, 54.329174, 13091.610352>) requested data for lock!
[13:35:10] Player (Rick Grimes, 76561199643612211)(<9318.663086, 54.329174, 13091.610352>) requested data for lock!
[13:58:16] Player (JASZCZUR, 76561198172687451)(<9318.663086, 54.329174, 13091.610352>) requested data for lock!
[14:03:46] Player (brysonZ28, 76561198412009942)(<9318.663086, 54.329174, 13091.610352>) requested data for lock!
[14:03:50] Player (JASZCZUR, 76561198172687451)(<9318.663086, 54.329174, 13091.610352>) requested data for lock!
[14:06:35] Player (JASZCZUR, 76561198172687451)(<9318.663086, 54.329174, 13091.610352>) requested data for lock!
[14:07:46] Player (JASZCZUR, 76561198172687451)(<9318.663086, 54.329174, 13091.610352>) requested data for lock!
[14:12:46] Player (JASZCZUR, 76561198172687451)(<9318.663086, 54.329174, 13091.610352>) requested data for lock!
[14:33:19] Player (Str8OutOfSakhal, 76561198059271375)(<7224.133301, 10.915239, 7848.691406>) requested data for lock!
[14:33:19] Player (Str8OutOfSakhal, 76561198059271375)(<7241.480957, 3.950430, 7825.958984>) requested data for lock!
[14:34:29] Player (luizredfield30, 76561198008639541)(<9318.663086, 54.329174, 13091.610352>) requested data for lock!
[14:35:11] Player (luizredfield30, 76561198008639541)(<9318.663086, 54.329174, 13091.610352>) requested data for lock!
[14:52:52] Player (Bubbawest, 76561198037988310)(<7224.133301, 10.915239, 7848.691406>) requested data for lock!
[14:52:55] Player (Bubbawest, 76561198037988310)(<7241.480957, 3.950430, 7825.958984>) requested data for lock!
[15:01:51] Player (Bubbawest, 76561198037988310)(<7241.480957, 3.950430, 7825.958984>) requested data for lock!
[15:04:04] Player (Str8OutOfSakhal, 76561198059271375)(<7224.133301, 10.915239, 7848.691406>) requested data for lock!
[15:04:04] Player (Str8OutOfSakhal, 76561198059271375)(<7241.480957, 3.950430, 7825.958984>) requested data for lock!
[15:28:33] Player (SlickDaddy187, 76561199086507158)(<7241.480957, 3.950430, 7825.958984>) requested data for lock!
[15:28:34] Player (SlickDaddy187, 76561199086507158)(<7224.133301, 10.915239, 7848.691406>) requested data for lock!
[15:57:10] Player (Str8OutOfSakhal, 76561198059271375)(<7224.133301, 10.915239, 7848.691406>) requested data for lock!
[15:57:10] Player (SlickDaddy187, 76561199086507158)(<7224.133301, 10.915239, 7848.691406>) requested data for lock!
[16:03:07] Player (Armando, 76561198032779089)(<9318.663086, 54.329174, 13091.610352>) requested data for lock!
[16:15:08] Player (Armando, 76561198032779089)(<9318.663086, 54.329174, 13091.610352>) requested data for lock!
[16:15:25] Player (Armando, 76561198032779089)(<9318.663086, 54.329174, 13091.610352>) requested data for lock!
[16:15:49] Player (Armando, 76561198032779089)(<9318.663086, 54.329174, 13091.610352>) requested data for lock!
[16:16:01] Player (Armando, 76561198032779089)(<9318.663086, 54.329174, 13091.610352>) requested data for lock!
[16:17:13] Player (Armando, 76561198032779089)(<9318.663086, 54.329174, 13091.610352>) requested data for lock!
[16:18:02] Player (Armando, 76561198032779089)(<9318.663086, 54.329174, 13091.610352>) requested data for lock!
[16:18:48] Player (Armando, 76561198032779089)(<9318.663086, 54.329174, 13091.610352>) requested data for lock!
[16:28:26] Player (Armando, 76561198032779089)(<9318.663086, 54.329174, 13091.610352>) requested data for lock!
[16:28:33] Player (Armando, 76561198032779089)(<9318.663086, 54.329174, 13091.610352>) requested data for lock!
[16:40:47] Player (Armando, 76561198032779089)(<9318.663086, 54.329174, 13091.610352>) requested data for lock!
[16:44:22] Player (SlickDaddy187, 76561199086507158)(<7224.133301, 10.915239, 7848.691406>) requested data for lock!
[16:44:22] Player (SlickDaddy187, 76561199086507158)(<7241.480957, 3.950430, 7825.958984>) requested data for lock!
[16:52:37] Player (Armando, 76561198032779089)(<9318.663086, 54.329174, 13091.610352>) requested data for lock!
[16:52:40] Player (SlickDaddy187, 76561199086507158)(<7241.480957, 3.950430, 7825.958984>) requested data for lock!
[16:52:40] Player (Str8OutOfSakhal, 76561198059271375)(<7241.480957, 3.950430, 7825.958984>) requested data for lock!
[16:55:48] Player (Armando, 76561198032779089)(<9318.663086, 54.329174, 13091.610352>) requested data for lock!
[12-02-2024][17.00.25] Log file reloaded ( Server Restart )
[17:06:08] Player (Str8OutOfSakhal, 76561198059271375)(<7241.480957, 3.950430, 7825.958984>) requested data for lock!
[17:06:08] Player (Str8OutOfSakhal, 76561198059271375)(<7224.133301, 10.915239, 7848.691406>) requested data for lock!
[17:12:05] Player (SlickDaddy187, 76561199086507158)(<7241.480957, 3.950430, 7825.958984>) requested data for lock!
[17:12:05] Player (SlickDaddy187, 76561199086507158)(<7224.133301, 10.915239, 7848.691406>) requested data for lock!
[17:26:33] Player (Draco, 76561198302078718)(<9318.663086, 54.329174, 13091.610352>) requested data for lock!
[17:26:38] Player (Luiz, 76561198008639541)(<9318.663086, 54.329174, 13091.610352>) requested data for lock!
[17:43:05] Player (Armando, 76561198032779089)(<9318.663086, 54.329174, 13091.610352>) requested data for lock!
[17:52:57] Player (Draco, 76561198302078718)(<9317.154297, 54.329174, 13091.982422>) requested data for lock!
[17:52:57] Player (Luiz, 76561198008639541)(<9317.154297, 54.329174, 13091.982422>) requested data for lock!
[18:04:57] Player (SlickDaddy187, 76561199086507158)(<7241.480957, 3.950430, 7825.958984>) requested data for lock!
[18:04:57] Player (SlickDaddy187, 76561199086507158)(<7224.133301, 10.915239, 7848.691406>) requested data for lock!
[18:05:53] Player (Draco, 76561198302078718)(<7241.480957, 3.950430, 7825.958984>) requested data for lock!
[18:05:55] Player (Draco, 76561198302078718)(<7224.133301, 10.915239, 7848.691406>) requested data for lock!
[18:14:41] Player (Rick Grimes, 76561199643612211)(<9318.663086, 54.329174, 13091.610352>) requested data for lock!
[18:14:41] Player (Rick Grimes, 76561199643612211)(<9317.154297, 54.329174, 13091.982422>) requested data for lock!
[18:15:22] Player (Str8OutOfSakhal, 76561198059271375)(<7241.480957, 3.950430, 7825.958984>) requested data for lock!
[18:15:22] Player (SlickDaddy187, 76561199086507158)(<7241.480957, 3.950430, 7825.958984>) requested data for lock!
[18:15:22] Player (Draco, 76561198302078718)(<7241.480957, 3.950430, 7825.958984>) requested data for lock!
[18:49:34] Player (Tokkenring, 76561197972104237)(<9318.663086, 54.329174, 13091.610352>) requested data for lock!
[18:49:35] Player (Tokkenring, 76561197972104237)(<9317.154297, 54.329174, 13091.982422>) requested data for lock!
[19:04:40] Player (SlickDaddy187, 76561199086507158)(<7224.133301, 10.915239, 7848.691406>) requested data for lock!
[19:04:45] Player (SlickDaddy187, 76561199086507158)(<7241.480957, 3.950430, 7825.958984>) requested data for lock!
[19:04:48] Player (Draco, 76561198302078718)(<7224.133301, 10.915239, 7848.691406>) requested data for lock!
[19:04:56] Player (Draco, 76561198302078718)(<7241.480957, 3.950430, 7825.958984>) requested data for lock!
[19:18:18] Player (Daryl Dixon, 76561199643612211)(<9318.663086, 54.329174, 13091.610352>) requested data for lock!
[19:18:18] Player (Daryl Dixon, 76561199643612211)(<9317.154297, 54.329174, 13091.982422>) requested data for lock!
[19:34:56] Player (FreeRanger, 76561198035689928)(<7241.480957, 3.950430, 7825.958984>) requested data for lock!
[19:34:56] Player (FreeRanger, 76561198035689928)(<7224.133301, 10.915239, 7848.691406>) requested data for lock!
[19:38:16] Player (Bubbawest, 76561198037988310)(<7241.480957, 3.950430, 7825.958984>) requested data for lock!
[19:38:16] Player (Bubbawest, 76561198037988310)(<7224.133301, 10.915239, 7848.691406>) requested data for lock!
[19:51:05] Player (sans, 76561199229421873)(<9318.663086, 54.329174, 13091.610352>) requested data for lock!
[19:51:05] Player (sans, 76561199229421873)(<9317.154297, 54.329174, 13091.982422>) requested data for lock!
[19:53:35] Player (sans, 76561199229421873)(<9318.663086, 54.329174, 13091.610352>) requested data for lock!
[19:53:35] Player (sans, 76561199229421873)(<9317.154297, 54.329174, 13091.982422>) requested data for lock!
[20:03:44] Player (Draco, 76561198302078718)(<7241.480957, 3.950430, 7825.958984>) requested data for lock!
[20:03:44] Player (Draco, 76561198302078718)(<7224.133301, 10.915239, 7848.691406>) requested data for lock!
[20:09:34] Player (sans, 76561199229421873)(<9318.663086, 54.329174, 13091.610352>) requested data for lock!
[20:09:37] Player (sans, 76561199229421873)(<9317.154297, 54.329174, 13091.982422>) requested data for lock!
[20:16:16] Player (SlickDaddy187, 76561199086507158)(<7241.480957, 3.950430, 7825.958984>) requested data for lock!
[20:16:16] Player (SlickDaddy187, 76561199086507158)(<7224.133301, 10.915239, 7848.691406>) requested data for lock!
[20:16:23] Player (Str8OutOfSakhal, 76561198059271375)(<7241.480957, 3.950430, 7825.958984>) requested data for lock!
[20:16:23] Player (Str8OutOfSakhal, 76561198059271375)(<7224.133301, 10.915239, 7848.691406>) requested data for lock!
[20:25:53] Player (SlickDaddy187, 76561199086507158)(<7241.480957, 3.950430, 7825.958984>) requested data for lock!
[20:25:53] Player (SlickDaddy187, 76561199086507158)(<7224.133301, 10.915239, 7848.691406>) requested data for lock!
[20:51:24] Player (CONTROL, 76561197967168101)(<9318.663086, 54.329174, 13091.610352>) requested data for lock!
[20:51:24] Player (CONTROL, 76561197967168101)(<9317.154297, 54.329174, 13091.982422>) requested data for lock!
[20:58:55] Player (luizredfield30, 76561199770341255)(<9318.663086, 54.329174, 13091.610352>) requested data for lock!
[20:58:55] Player (luizredfield30, 76561199770341255)(<9317.154297, 54.329174, 13091.982422>) requested data for lock!
[20:58:59] Player ([GDF] BAL4COBACO, 76561198296387027)(<9318.663086, 54.329174, 13091.610352>) requested data for lock!
[12-02-2024][21.00.24] Log file reloaded ( Server Restart )
[21:03:01] Player (CONTROL, 76561197967168101)(<9318.663086, 54.329174, 13091.610352>) requested data for lock!
[21:03:01] Player (CONTROL, 76561197967168101)(<9317.154297, 54.329174, 13091.982422>) requested data for lock!
[21:09:49] Player (CONTROL, 76561197967168101)(<9318.663086, 54.329174, 13091.610352>) requested data for lock!
[21:09:49] Player (CONTROL, 76561197967168101)(<9317.154297, 54.329174, 13091.982422>) requested data for lock!
[21:17:43] Player (Luiz, 76561198008639541)(<9318.663086, 54.329174, 13091.610352>) requested data for lock!
[21:17:43] Player (Luiz, 76561198008639541)(<9317.154297, 54.329174, 13091.982422>) requested data for lock!
[21:24:23] Player (FreeRanger, 76561198035689928)(<7241.480957, 3.950430, 7825.958984>) requested data for lock!
[21:24:24] Player (FreeRanger, 76561198035689928)(<7224.133301, 10.915239, 7848.691406>) requested data for lock!
[21:29:36] Player (Str8OutOfSakhal, 76561198059271375)(<7224.133301, 10.915239, 7848.691406>) requested data for lock!
[21:29:36] Player (SlickDaddy187, 76561199086507158)(<7224.133301, 10.915239, 7848.691406>) requested data for lock!
[21:29:36] Player (Draco, 76561198302078718)(<7224.133301, 10.915239, 7848.691406>) requested data for lock!
[21:29:37] Player (Str8OutOfSakhal, 76561198059271375)(<7241.480957, 3.950430, 7825.958984>) requested data for lock!
[21:29:37] Player (SlickDaddy187, 76561199086507158)(<7241.480957, 3.950430, 7825.958984>) requested data for lock!
[21:29:37] Player (Draco, 76561198302078718)(<7241.480957, 3.950430, 7825.958984>) requested data for lock!
[21:30:06] Player (0vercl0ck, 76561198139938741)(<9318.663086, 54.329174, 13091.610352>) requested data for lock!
[21:30:06] Player (0vercl0ck, 76561198139938741)(<9317.154297, 54.329174, 13091.982422>) requested data for lock!
[21:47:05] Player (SlickDaddy187, 76561199086507158)(<7241.480957, 3.950430, 7825.958984>) requested data for lock!
[21:47:05] Player (SlickDaddy187, 76561199086507158)(<7224.133301, 10.915239, 7848.691406>) requested data for lock!
[21:52:37] Player (Loki, 76561199282403539)(<7241.480957, 3.950430, 7825.958984>) requested data for lock!
[21:52:37] Player (Loki, 76561199282403539)(<7224.133301, 10.915239, 7848.691406>) requested data for lock!
[21:55:28] Player (0vercl0ck, 76561198139938741)(<9318.663086, 54.329174, 13091.610352>) requested data for lock!
[21:55:28] Player (0vercl0ck, 76561198139938741)(<9317.154297, 54.329174, 13091.982422>) requested data for lock!
[22:03:42] Player (Draco, 76561198302078718)(<7241.480957, 3.950430, 7825.958984>) requested data for lock!
[22:03:42] Player (Draco, 76561198302078718)(<7224.133301, 10.915239, 7848.691406>) requested data for lock!
[22:27:24] Player (NaissoyX, 76561199472519891)(<9318.663086, 54.329174, 13091.610352>) requested data for lock!
[22:27:24] Player (NaissoyX, 76561199472519891)(<9317.154297, 54.329174, 13091.982422>) requested data for lock!
[23:00:57] Player (Draco, 76561198302078718)(<7241.480957, 3.950430, 7825.958984>) requested data for lock!
[23:00:57] Player (Draco, 76561198302078718)(<7224.133301, 10.915239, 7848.691406>) requested data for lock!
[23:07:23] Player (Draco, 76561198302078718)(<7241.480957, 3.950430, 7825.958984>) requested data for lock!
[23:07:23] Player (Draco, 76561198302078718)(<7224.133301, 10.915239, 7848.691406>) requested data for lock!
[23:16:22] Player (SlickDaddy187, 76561199086507158)(<7241.480957, 3.950430, 7825.958984>) requested data for lock!
[23:16:22] Player (SlickDaddy187, 76561199086507158)(<7224.133301, 10.915239, 7848.691406>) requested data for lock!
[23:16:53] Player (Str8OutOfSakhal, 76561198059271375)(<7241.480957, 3.950430, 7825.958984>) requested data for lock!
[23:16:53] Player (Str8OutOfSakhal, 76561198059271375)(<7224.133301, 10.915239, 7848.691406>) requested data for lock!
[23:17:24] Player (Sk3tch, 76561199350668750)(<7241.480957, 3.950430, 7825.958984>) requested data for lock!
[23:17:24] Player (Sk3tch, 76561199350668750)(<7224.133301, 10.915239, 7848.691406>) requested data for lock!
[23:17:52] Player (Loki, 76561199282403539)(<7241.480957, 3.950430, 7825.958984>) requested data for lock!
[23:17:52] Player (Loki, 76561199282403539)(<7224.133301, 10.915239, 7848.691406>) requested data for lock!
[23:22:43] Player (Draco, 76561198302078718)(<7241.480957, 3.950430, 7825.958984>) requested data for lock!
[23:22:47] Player (Draco, 76561198302078718)(<7224.133301, 10.915239, 7848.691406>) requested data for lock!
[23:28:22] Player (Str8OutOfSakhal, 76561198059271375)(<7241.480957, 3.950430, 7825.958984>) requested data for lock!
[23:28:22] Player (Str8OutOfSakhal, 76561198059271375)(<7224.133301, 10.915239, 7848.691406>) requested data for lock!
