[12-17-2024][00.00.21] New Synch Log File Created!
[01:07:13] Player (Draco, 76561198302078718)(<7241.480957, 3.950430, 7825.958984>) requested data for lock!
[01:07:13] Player (Draco, 76561198302078718)(<7244.721680, 3.842066, 7828.232910>) requested data for lock!
[01:07:13] Player (Draco, 76561198302078718)(<7626.640137, 10.043794, 8539.677734>) requested data for lock!
[01:07:13] Player (Draco, 76561198302078718)(<7224.133301, 10.915239, 7848.691406>) requested data for lock!
[01:07:13] Player (Draco, 76561198302078718)(<7631.311035, 12.787427, 8534.870117>) requested data for lock!
[01:29:09] Player (Draco, 76561199543393674)(<7241.480957, 3.950430, 7825.958984>) requested data for lock!
[01:29:09] Player (Draco, 76561199543393674)(<7244.721680, 3.842066, 7828.232910>) requested data for lock!
[01:29:09] Player (Draco, 76561199543393674)(<7626.640137, 10.043794, 8539.677734>) requested data for lock!
[01:29:09] Player (Draco, 76561199543393674)(<7224.133301, 10.915239, 7848.691406>) requested data for lock!
[01:29:09] Player (Draco, 76561199543393674)(<7631.311035, 12.787427, 8534.870117>) requested data for lock!
[01:42:37] Player (Draco, 76561199543393674)(<5746.929199, 70.849586, 8893.775391>) requested data for lock!
[01:45:23] Player (Draco, 76561199543393674)(<6044.596680, 34.846451, 10431.335938>) requested data for lock!
[01:45:29] Player (Draco, 76561199543393674)(<6042.112793, 34.846451, 10435.593750>) requested data for lock!
[01:51:02] Player (Draco, 76561199543393674)(<4860.642578, 5.412148, 11283.935547>) requested data for lock!
[01:51:04] Player (Draco, 76561199543393674)(<4870.733887, 5.627413, 11321.759766>) requested data for lock!
[01:56:24] Player (Draco, 76561199543393674)(<6044.596680, 34.846451, 10431.335938>) requested data for lock!
[01:56:34] Player (Draco, 76561199543393674)(<6042.112793, 34.846451, 10435.593750>) requested data for lock!
[01:58:56] Player (Draco, 76561199543393674)(<4860.642578, 5.412148, 11283.935547>) requested data for lock!
[01:59:11] Player (Draco, 76561199543393674)(<4870.733887, 5.627413, 11321.759766>) requested data for lock!
[02:59:42] Player (Code Man, 76561197981923190)(<9481.520508, 95.982422, 10884.832031>) requested data for lock!
[03:01:04] Player (Big_Steve, 76561198071307767)(<9481.520508, 95.982422, 10884.832031>) requested data for lock!
[03:07:02] Player (Big_Steve, 76561198071307767)(<9481.520508, 95.982422, 10884.832031>) requested data for lock!
[03:36:59] Player (Big_Steve, 76561198071307767)(<6042.112793, 34.846451, 10435.593750>) requested data for lock!
[03:36:59] Player (Big_Steve, 76561198071307767)(<6044.596680, 34.846451, 10431.335938>) requested data for lock!
[04:12:12] Player (Code Man, 76561197981923190)(<7626.640137, 10.043794, 8539.677734>) requested data for lock!
[04:12:12] Player (Code Man, 76561197981923190)(<7631.311035, 12.787427, 8534.870117>) requested data for lock!
[04:38:17] Player (Code Man, 76561197981923190)(<7626.640137, 10.043794, 8539.677734>) requested data for lock!
[04:38:17] Player (Code Man, 76561197981923190)(<7631.311035, 12.787427, 8534.870117>) requested data for lock!
[04:55:13] Player (Code Man, 76561197981923190)(<7626.640137, 10.043794, 8539.677734>) requested data for lock!
[04:55:13] Player (Code Man, 76561197981923190)(<7631.311035, 12.787427, 8534.870117>) requested data for lock!
[04:55:28] Player (Big_Steve, 76561198071307767)(<5746.929199, 70.849586, 8893.775391>) requested data for lock!
[12-17-2024][05.00.22] Log file reloaded ( Server Restart )
[05:02:56] Player (Big_Steve, 76561198071307767)(<6042.112793, 34.846451, 10435.593750>) requested data for lock!
[05:02:57] Player (Big_Steve, 76561198071307767)(<6044.596680, 34.846451, 10431.335938>) requested data for lock!
[05:02:57] Player (Big_Steve, 76561198071307767)(<5746.929199, 70.849586, 8893.775391>) requested data for lock!
[05:53:02] Player (Big_Steve, 76561198071307767)(<9481.520508, 95.982422, 10884.832031>) requested data for lock!
[12-17-2024][09.00.21] Log file reloaded ( Server Restart )
[11:38:01] Player (luizredfield30, 76561199770341255)(<7334.615234, 81.730453, 12396.931641>) requested data for lock!
[11:38:01] Player (luizredfield30, 76561199770341255)(<7355.947266, 84.361282, 12388.909180>) requested data for lock!
[11:38:01] Player (luizredfield30, 76561199770341255)(<7355.454102, 81.730453, 12388.909180>) requested data for lock!
[11:38:01] Player (luizredfield30, 76561199770341255)(<7334.517578, 83.857002, 12397.041992>) requested data for lock!
[11:38:01] Player (luizredfield30, 76561199770341255)(<7355.248535, 81.730453, 12388.920898>) requested data for lock!
[11:38:01] Player (luizredfield30, 76561199770341255)(<7355.812500, 81.730453, 12388.950195>) requested data for lock!
[11:38:01] Player (luizredfield30, 76561199770341255)(<7355.576172, 81.730453, 12388.914063>) requested data for lock!
[11:38:01] Player (luizredfield30, 76561199770341255)(<7334.590332, 81.730453, 12397.067383>) requested data for lock!
[11:38:01] Player (luizredfield30, 76561199770341255)(<7334.545410, 81.730453, 12396.727539>) requested data for lock!
[12:05:09] Player (luizredfield30, 76561199770341255)(<7355.947266, 84.361282, 12388.909180>) requested data for lock!
[12:05:09] Player (luizredfield30, 76561199770341255)(<7355.454102, 81.730453, 12388.909180>) requested data for lock!
[12:05:09] Player (luizredfield30, 76561199770341255)(<7355.248535, 81.730453, 12388.920898>) requested data for lock!
[12:05:09] Player (luizredfield30, 76561199770341255)(<7355.812500, 81.730453, 12388.950195>) requested data for lock!
[12:05:09] Player (luizredfield30, 76561199770341255)(<7355.576172, 81.730453, 12388.914063>) requested data for lock!
[12:40:06] Player (luizredfield30, 76561199770341255)(<7360.089844, 82.019249, 12389.973633>) requested data for lock!
[12-17-2024][13.00.23] Log file reloaded ( Server Restart )
[13:03:23] Player (luizredfield30, 76561199770341255)(<7334.545410, 81.730453, 12396.727539>) requested data for lock!
[13:03:23] Player (luizredfield30, 76561199770341255)(<7334.590332, 81.730453, 12397.067383>) requested data for lock!
[13:03:23] Player (luizredfield30, 76561199770341255)(<7355.576172, 81.730453, 12388.914063>) requested data for lock!
[13:03:23] Player (luizredfield30, 76561199770341255)(<7334.615234, 81.730453, 12396.931641>) requested data for lock!
[13:03:24] Player (luizredfield30, 76561199770341255)(<7355.248535, 81.730453, 12388.920898>) requested data for lock!
[13:03:24] Player (luizredfield30, 76561199770341255)(<7360.089844, 82.019249, 12389.973633>) requested data for lock!
[13:03:24] Player (luizredfield30, 76561199770341255)(<7355.812500, 81.730453, 12388.950195>) requested data for lock!
[13:03:24] Player (luizredfield30, 76561199770341255)(<7334.517578, 83.857002, 12397.041992>) requested data for lock!
[13:03:24] Player (luizredfield30, 76561199770341255)(<7355.947266, 84.361282, 12388.909180>) requested data for lock!
[13:03:24] Player (luizredfield30, 76561199770341255)(<7355.454102, 81.730453, 12388.909180>) requested data for lock!
[13:27:29] Player (brysonZ28, 76561198412009942)(<11127.880859, 106.702026, 9501.662109>) requested data for lock!
[13:33:47] Player (Crashfool, 76561198289145406)(<7244.721680, 3.842066, 7828.232910>) requested data for lock!
[13:33:47] Player (Crashfool, 76561198289145406)(<7241.480957, 3.950430, 7825.958984>) requested data for lock!
[13:33:57] Player (Crashfool, 76561198289145406)(<7224.133301, 10.915239, 7848.691406>) requested data for lock!
[13:37:09] Player (brysonZ28, 76561198412009942)(<9481.520508, 95.982422, 10884.832031>) requested data for lock!
[13:48:04] Player (Crashfool, 76561198289145406)(<7631.311035, 12.787427, 8534.870117>) requested data for lock!
[13:48:04] Player (Crashfool, 76561198289145406)(<7626.640137, 10.043794, 8539.677734>) requested data for lock!
[14:33:20] Player (Crashfool, 76561198289145406)(<7631.311035, 12.787427, 8534.870117>) requested data for lock!
[14:33:20] Player (Crashfool, 76561198289145406)(<7626.640137, 10.043794, 8539.677734>) requested data for lock!
[14:36:27] Player (brysonZ28, 76561198412009942)(<9481.520508, 95.982422, 10884.832031>) requested data for lock!
[14:43:30] Player (Florre1984, 76561198271304685)(<11127.880859, 106.702026, 9501.662109>) requested data for lock!
[14:44:32] Player (Crashfool, 76561198289145406)(<5746.929199, 70.849586, 8893.775391>) requested data for lock!
[14:55:09] Player (sans, 76561199229421873)(<5746.929199, 70.849586, 8893.775391>) requested data for lock!
[15:00:28] Player (brysonZ28, 76561198412009942)(<11127.880859, 106.702026, 9501.662109>) requested data for lock!
[15:16:52] Player (sans, 76561199229421873)(<5746.929199, 70.849586, 8893.775391>) requested data for lock!
[15:29:45] Player (sans, 76561199229421873)(<7224.133301, 10.915239, 7848.691406>) requested data for lock!
[15:29:53] Player (sans, 76561199229421873)(<7244.721680, 3.842066, 7828.232910>) requested data for lock!
[15:29:53] Player (sans, 76561199229421873)(<7241.480957, 3.950430, 7825.958984>) requested data for lock!
[15:31:19] Player (sans, 76561199229421873)(<7626.640137, 10.043794, 8539.677734>) requested data for lock!
[15:31:23] Player (sans, 76561199229421873)(<7631.311035, 12.787427, 8534.870117>) requested data for lock!
[15:47:40] Player (luizredfield30, 76561199770341255)(<7334.545410, 81.730453, 12396.727539>) requested data for lock!
[15:47:40] Player (luizredfield30, 76561199770341255)(<7334.590332, 81.730453, 12397.067383>) requested data for lock!
[15:47:40] Player (luizredfield30, 76561199770341255)(<7355.576172, 81.730453, 12388.914063>) requested data for lock!
[15:47:40] Player (luizredfield30, 76561199770341255)(<7334.615234, 81.730453, 12396.931641>) requested data for lock!
[15:47:40] Player (luizredfield30, 76561199770341255)(<7355.248535, 81.730453, 12388.920898>) requested data for lock!
[15:47:40] Player (luizredfield30, 76561199770341255)(<7360.089844, 82.019249, 12389.973633>) requested data for lock!
[15:47:40] Player (luizredfield30, 76561199770341255)(<7355.812500, 81.730453, 12388.950195>) requested data for lock!
[15:47:40] Player (luizredfield30, 76561199770341255)(<7334.517578, 83.857002, 12397.041992>) requested data for lock!
[15:47:40] Player (luizredfield30, 76561199770341255)(<7355.947266, 84.361282, 12388.909180>) requested data for lock!
[15:47:40] Player (luizredfield30, 76561199770341255)(<7355.454102, 81.730453, 12388.909180>) requested data for lock!
[15:58:36] Player (sans, 76561199229421873)(<7631.311035, 12.787427, 8534.870117>) requested data for lock!
[15:59:01] Player (luizredfield30, 76561199770341255)(<7355.576172, 81.730453, 12388.914063>) requested data for lock!
[15:59:01] Player (luizredfield30, 76561199770341255)(<7355.248535, 81.730453, 12388.920898>) requested data for lock!
[15:59:01] Player (luizredfield30, 76561199770341255)(<7360.089844, 82.019249, 12389.973633>) requested data for lock!
[15:59:01] Player (luizredfield30, 76561199770341255)(<7355.812500, 81.730453, 12388.950195>) requested data for lock!
[15:59:01] Player (luizredfield30, 76561199770341255)(<7355.947266, 84.361282, 12388.909180>) requested data for lock!
[15:59:02] Player (luizredfield30, 76561199770341255)(<7355.454102, 81.730453, 12388.909180>) requested data for lock!
[16:07:43] Player (sans, 76561199229421873)(<7631.311035, 12.787427, 8534.870117>) requested data for lock!
[16:07:45] Player (sans, 76561199229421873)(<7626.640137, 10.043794, 8539.677734>) requested data for lock!
[16:08:17] Player (luizredfield30, 76561199770341255)(<9316.858398, 54.329174, 13092.093750>) requested data for lock!
[16:08:17] Player (luizredfield30, 76561199770341255)(<9317.154297, 54.329174, 13091.982422>) requested data for lock!
[16:08:17] Player (luizredfield30, 76561199770341255)(<9318.663086, 54.329174, 13091.610352>) requested data for lock!
[16:11:29] Player (sans, 76561199229421873)(<7626.640137, 10.043794, 8539.677734>) requested data for lock!
[16:13:00] Player (sans, 76561199229421873)(<7631.311035, 12.787427, 8534.870117>) requested data for lock!
[16:14:20] Player (sans, 76561199229421873)(<7631.311035, 12.787427, 8534.870117>) requested data for lock!
[16:14:20] Player (sans, 76561199229421873)(<7626.640137, 10.043794, 8539.677734>) requested data for lock!
[16:19:54] Player (sans, 76561199229421873)(<9481.520508, 95.982422, 10884.832031>) requested data for lock!
[16:23:54] Player (sans, 76561199229421873)(<9481.520508, 95.982422, 10884.832031>) requested data for lock!
[16:24:25] Player (brysonZ28, 76561198412009942)(<9481.520508, 95.982422, 10884.832031>) requested data for lock!
[16:34:58] Player (luizredfield30, 76561199770341255)(<7360.089844, 82.019249, 12389.973633>) requested data for lock!
[16:35:00] Player (luizredfield30, 76561199770341255)(<7355.576172, 81.730453, 12388.914063>) requested data for lock!
[16:35:00] Player (luizredfield30, 76561199770341255)(<7355.248535, 81.730453, 12388.920898>) requested data for lock!
[16:35:01] Player (luizredfield30, 76561199770341255)(<7355.812500, 81.730453, 12388.950195>) requested data for lock!
[16:35:01] Player (luizredfield30, 76561199770341255)(<7355.947266, 84.361282, 12388.909180>) requested data for lock!
[16:35:01] Player (luizredfield30, 76561199770341255)(<7355.454102, 81.730453, 12388.909180>) requested data for lock!
[16:35:07] Player (luizredfield30, 76561199770341255)(<7334.545410, 81.730453, 12396.727539>) requested data for lock!
[16:35:07] Player (luizredfield30, 76561199770341255)(<7334.590332, 81.730453, 12397.067383>) requested data for lock!
[16:35:08] Player (luizredfield30, 76561199770341255)(<7334.615234, 81.730453, 12396.931641>) requested data for lock!
[16:35:08] Player (luizredfield30, 76561199770341255)(<7334.517578, 83.857002, 12397.041992>) requested data for lock!
[16:47:27] Player (sans, 76561199229421873)(<9481.520508, 95.982422, 10884.832031>) requested data for lock!
[12-17-2024][17.00.24] Log file reloaded ( Server Restart )
[17:00:57] Player (brysonZ28, 76561198412009942)(<9481.520508, 95.982422, 10884.832031>) requested data for lock!
[17:01:36] Player (sans, 76561199229421873)(<9481.520508, 95.982422, 10884.832031>) requested data for lock!
[17:02:13] Player (luizredfield30, 76561199770341255)(<7334.590332, 81.730453, 12397.067383>) requested data for lock!
[17:02:13] Player (luizredfield30, 76561199770341255)(<7334.545410, 81.730453, 12396.727539>) requested data for lock!
[17:02:14] Player (luizredfield30, 76561199770341255)(<7355.576172, 81.730453, 12388.914063>) requested data for lock!
[17:02:14] Player (luizredfield30, 76561199770341255)(<7334.517578, 83.857002, 12397.041992>) requested data for lock!
[17:02:14] Player (luizredfield30, 76561199770341255)(<7355.947266, 84.361282, 12388.909180>) requested data for lock!
[17:02:14] Player (luizredfield30, 76561199770341255)(<7355.454102, 81.730453, 12388.909180>) requested data for lock!
[17:02:14] Player (luizredfield30, 76561199770341255)(<7360.089844, 82.019249, 12389.973633>) requested data for lock!
[17:02:15] Player (luizredfield30, 76561199770341255)(<7334.615234, 81.730453, 12396.931641>) requested data for lock!
[17:02:15] Player (luizredfield30, 76561199770341255)(<7355.812500, 81.730453, 12388.950195>) requested data for lock!
[17:02:15] Player (luizredfield30, 76561199770341255)(<7355.248535, 81.730453, 12388.920898>) requested data for lock!
[17:04:00] Player (sans, 76561199229421873)(<9481.520508, 95.982422, 10884.832031>) requested data for lock!
[17:12:53] Player (Scorpion, 76561197993341683)(<7241.480957, 3.950430, 7825.958984>) requested data for lock!
[17:12:53] Player (Scorpion, 76561197993341683)(<7244.721680, 3.842066, 7828.232910>) requested data for lock!
[17:12:53] Player (Scorpion, 76561197993341683)(<7224.133301, 10.915239, 7848.691406>) requested data for lock!
[17:42:10] Player (brysonZ28, 76561198412009942)(<9481.520508, 95.982422, 10884.832031>) requested data for lock!
[17:44:22] Player (Scorpion, 76561197993341683)(<5746.929199, 70.849586, 8893.775391>) requested data for lock!
[17:49:02] Player (brysonZ28, 76561198412009942)(<9318.663086, 54.329174, 13091.610352>) requested data for lock!
[17:49:03] Player (brysonZ28, 76561198412009942)(<9317.154297, 54.329174, 13091.982422>) requested data for lock!
[17:49:03] Player (brysonZ28, 76561198412009942)(<9316.858398, 54.329174, 13092.093750>) requested data for lock!
[17:51:31] Player (brysonZ28, 76561198412009942)(<9318.663086, 54.329174, 13091.610352>) requested data for lock!
[17:51:31] Player (brysonZ28, 76561198412009942)(<9317.154297, 54.329174, 13091.982422>) requested data for lock!
[17:51:32] Player (brysonZ28, 76561198412009942)(<9316.858398, 54.329174, 13092.093750>) requested data for lock!
[17:57:36] Player (Sk3tch, 76561199350668750)(<9318.663086, 54.329174, 13091.610352>) requested data for lock!
[17:57:36] Player (Sk3tch, 76561199350668750)(<9317.154297, 54.329174, 13091.982422>) requested data for lock!
[17:57:36] Player (Sk3tch, 76561199350668750)(<9316.858398, 54.329174, 13092.093750>) requested data for lock!
[18:14:08] Player (Artur_vs_Swider, 76561198397000155)(<7241.480957, 3.950430, 7825.958984>) requested data for lock!
[18:14:08] Player (Artur_vs_Swider, 76561198397000155)(<7626.640137, 10.043794, 8539.677734>) requested data for lock!
[18:14:08] Player (Artur_vs_Swider, 76561198397000155)(<7631.311035, 12.787427, 8534.870117>) requested data for lock!
[18:14:08] Player (Artur_vs_Swider, 76561198397000155)(<7244.721680, 3.842066, 7828.232910>) requested data for lock!
[18:14:08] Player (Artur_vs_Swider, 76561198397000155)(<7224.133301, 10.915239, 7848.691406>) requested data for lock!
[18:32:04] Player (brysonZ28, 76561198412009942)(<7360.089844, 82.019249, 12389.973633>) requested data for lock!
[18:32:08] Player (brysonZ28, 76561198412009942)(<7355.576172, 81.730453, 12388.914063>) requested data for lock!
[18:32:08] Player (brysonZ28, 76561198412009942)(<7355.947266, 84.361282, 12388.909180>) requested data for lock!
[18:32:08] Player (brysonZ28, 76561198412009942)(<7355.454102, 81.730453, 12388.909180>) requested data for lock!
[18:32:08] Player (brysonZ28, 76561198412009942)(<7355.812500, 81.730453, 12388.950195>) requested data for lock!
[18:32:08] Player (brysonZ28, 76561198412009942)(<7355.248535, 81.730453, 12388.920898>) requested data for lock!
[18:32:15] Player (brysonZ28, 76561198412009942)(<7334.590332, 81.730453, 12397.067383>) requested data for lock!
[18:32:15] Player (brysonZ28, 76561198412009942)(<7334.545410, 81.730453, 12396.727539>) requested data for lock!
[18:32:15] Player (brysonZ28, 76561198412009942)(<7334.517578, 83.857002, 12397.041992>) requested data for lock!
[18:32:16] Player (brysonZ28, 76561198412009942)(<7334.615234, 81.730453, 12396.931641>) requested data for lock!
[18:57:46] Player (brysonZ28, 76561198412009942)(<7360.089844, 82.019249, 12389.973633>) requested data for lock!
[18:57:50] Player (brysonZ28, 76561198412009942)(<7355.947266, 84.361282, 12388.909180>) requested data for lock!
[18:57:50] Player (brysonZ28, 76561198412009942)(<7355.812500, 81.730453, 12388.950195>) requested data for lock!
[18:57:52] Player (brysonZ28, 76561198412009942)(<7355.576172, 81.730453, 12388.914063>) requested data for lock!
[18:57:53] Player (brysonZ28, 76561198412009942)(<7355.454102, 81.730453, 12388.909180>) requested data for lock!
[18:57:53] Player (brysonZ28, 76561198412009942)(<7355.248535, 81.730453, 12388.920898>) requested data for lock!
[18:58:52] Player (brysonZ28, 76561198412009942)(<9318.663086, 54.329174, 13091.610352>) requested data for lock!
[18:58:52] Player (brysonZ28, 76561198412009942)(<9317.154297, 54.329174, 13091.982422>) requested data for lock!
[18:58:52] Player (brysonZ28, 76561198412009942)(<9316.858398, 54.329174, 13092.093750>) requested data for lock!
[19:08:09] Player (Artur_vs_Swider, 76561198397000155)(<7631.311035, 12.787427, 8534.870117>) requested data for lock!
[19:08:11] Player (Artur_vs_Swider, 76561198397000155)(<7626.640137, 10.043794, 8539.677734>) requested data for lock!
[19:09:51] Player (Artur_vs_Swider, 76561198397000155)(<7244.721680, 3.842066, 7828.232910>) requested data for lock!
[19:09:52] Player (Artur_vs_Swider, 76561198397000155)(<7241.480957, 3.950430, 7825.958984>) requested data for lock!
[19:09:54] Player (Artur_vs_Swider, 76561198397000155)(<7224.133301, 10.915239, 7848.691406>) requested data for lock!
[19:16:21] Player (brysonZ28, 76561198412009942)(<9318.663086, 54.329174, 13091.610352>) requested data for lock!
[19:16:23] Player (brysonZ28, 76561198412009942)(<9317.154297, 54.329174, 13091.982422>) requested data for lock!
[19:16:23] Player (brysonZ28, 76561198412009942)(<9316.858398, 54.329174, 13092.093750>) requested data for lock!
[19:22:24] Player (brysonZ28, 76561198412009942)(<9481.520508, 95.982422, 10884.832031>) requested data for lock!
[19:23:23] Player (brysonZ28, 76561198412009942)(<9481.520508, 95.982422, 10884.832031>) requested data for lock!
[19:29:31] Player (Armando, 76561198032779089)(<5746.929199, 70.849586, 8893.775391>) requested data for lock!
[19:37:53] Player (Artur_vs_Swider, 76561198397000155)(<7626.640137, 10.043794, 8539.677734>) requested data for lock!
[19:37:54] Player (Artur_vs_Swider, 76561198397000155)(<7631.311035, 12.787427, 8534.870117>) requested data for lock!
[19:46:01] Player (Crashfool, 76561198289145406)(<6044.596680, 34.846451, 10431.335938>) requested data for lock!
[19:46:02] Player (Crashfool, 76561198289145406)(<6042.112793, 34.846451, 10435.593750>) requested data for lock!
[19:52:16] Player (Crashfool, 76561198289145406)(<6044.596680, 34.846451, 10431.335938>) requested data for lock!
[19:52:16] Player (Crashfool, 76561198289145406)(<6042.112793, 34.846451, 10435.593750>) requested data for lock!
[20:25:31] Player (luizredfield30, 76561199770341255)(<7334.590332, 81.730453, 12397.067383>) requested data for lock!
[20:25:31] Player (luizredfield30, 76561199770341255)(<7334.545410, 81.730453, 12396.727539>) requested data for lock!
[20:25:31] Player (luizredfield30, 76561199770341255)(<7355.576172, 81.730453, 12388.914063>) requested data for lock!
[20:25:31] Player (luizredfield30, 76561199770341255)(<7334.517578, 83.857002, 12397.041992>) requested data for lock!
[20:25:31] Player (luizredfield30, 76561199770341255)(<7355.947266, 84.361282, 12388.909180>) requested data for lock!
[20:25:31] Player (luizredfield30, 76561199770341255)(<7355.454102, 81.730453, 12388.909180>) requested data for lock!
[20:25:31] Player (luizredfield30, 76561199770341255)(<7360.089844, 82.019249, 12389.973633>) requested data for lock!
[20:25:31] Player (luizredfield30, 76561199770341255)(<7334.615234, 81.730453, 12396.931641>) requested data for lock!
[20:25:31] Player (luizredfield30, 76561199770341255)(<7355.812500, 81.730453, 12388.950195>) requested data for lock!
[20:25:31] Player (luizredfield30, 76561199770341255)(<7355.248535, 81.730453, 12388.920898>) requested data for lock!
[20:44:01] Player (luizredfield30, 76561199770341255)(<7359.518066, 86.602303, 12394.140625>) requested data for lock!
[20:49:44] Player (FreeRanger, 76561198035689928)(<7241.480957, 3.950430, 7825.958984>) requested data for lock!
[20:49:44] Player (FreeRanger, 76561198035689928)(<7626.640137, 10.043794, 8539.677734>) requested data for lock!
[20:49:44] Player (FreeRanger, 76561198035689928)(<7631.311035, 12.787427, 8534.870117>) requested data for lock!
[20:49:44] Player (FreeRanger, 76561198035689928)(<7244.721680, 3.842066, 7828.232910>) requested data for lock!
[20:49:44] Player (FreeRanger, 76561198035689928)(<7224.133301, 10.915239, 7848.691406>) requested data for lock!
[12-17-2024][21.00.22] Log file reloaded ( Server Restart )
[21:01:02] Player (luizredfield30, 76561199770341255)(<7360.089844, 82.019249, 12389.973633>) requested data for lock!
[21:01:02] Player (luizredfield30, 76561199770341255)(<7359.518066, 86.602303, 12394.140625>) requested data for lock!
[21:01:02] Player (luizredfield30, 76561199770341255)(<7355.248535, 81.730453, 12388.920898>) requested data for lock!
[21:01:02] Player (luizredfield30, 76561199770341255)(<7355.812500, 81.730453, 12388.950195>) requested data for lock!
[21:01:02] Player (luizredfield30, 76561199770341255)(<7355.454102, 81.730453, 12388.909180>) requested data for lock!
[21:01:03] Player (luizredfield30, 76561199770341255)(<7334.517578, 83.857002, 12397.041992>) requested data for lock!
[21:01:03] Player (luizredfield30, 76561199770341255)(<7355.947266, 84.361282, 12388.909180>) requested data for lock!
[21:01:03] Player (luizredfield30, 76561199770341255)(<7334.615234, 81.730453, 12396.931641>) requested data for lock!
[21:01:03] Player (luizredfield30, 76561199770341255)(<7355.576172, 81.730453, 12388.914063>) requested data for lock!
[21:01:04] Player (luizredfield30, 76561199770341255)(<7334.590332, 81.730453, 12397.067383>) requested data for lock!
[21:01:04] Player (luizredfield30, 76561199770341255)(<7334.545410, 81.730453, 12396.727539>) requested data for lock!
[21:06:20] Player (FreeRanger, 76561198035689928)(<7241.480957, 3.950430, 7825.958984>) requested data for lock!
[21:06:20] Player (FreeRanger, 76561198035689928)(<7626.640137, 10.043794, 8539.677734>) requested data for lock!
[21:06:20] Player (FreeRanger, 76561198035689928)(<7631.311035, 12.787427, 8534.870117>) requested data for lock!
[21:06:20] Player (FreeRanger, 76561198035689928)(<7224.133301, 10.915239, 7848.691406>) requested data for lock!
[21:06:20] Player (FreeRanger, 76561198035689928)(<7244.721680, 3.842066, 7828.232910>) requested data for lock!
[12-17-2024][21.37.51] Log file reloaded ( Server Restart )
[12-17-2024][21.39.40] Log file reloaded ( Server Restart )
[12-17-2024][21.41.03] Log file reloaded ( Server Restart )
[12-17-2024][21.43.44] Log file reloaded ( Server Restart )
[12-17-2024][21.48.28] Log file reloaded ( Server Restart )
[12-17-2024][22.31.11] Log file reloaded ( Server Restart )
[22:41:46] Player ((DDAB) Tsar James, 76561198032650597)(<12474.789063, 10.632333, 2383.812988>) requested data for lock!
[22:57:10] Player (Draco, 76561199543393674)(<4870.733887, 5.627413, 11321.759766>) requested data for lock!
[22:57:10] Player (Draco, 76561199543393674)(<4860.642578, 5.412148, 11283.935547>) requested data for lock!
[23:02:32] Player (Draco, 76561198302078718)(<7244.721680, 3.842066, 7828.232910>) requested data for lock!
[23:02:32] Player (Draco, 76561198302078718)(<7631.311035, 12.787427, 8534.870117>) requested data for lock!
[23:02:32] Player (Draco, 76561198302078718)(<7626.640137, 10.043794, 8539.677734>) requested data for lock!
[23:02:32] Player (Draco, 76561198302078718)(<7224.133301, 10.915239, 7848.691406>) requested data for lock!
[23:02:32] Player (Draco, 76561198302078718)(<7241.480957, 3.950430, 7825.958984>) requested data for lock!
