[12-10-2024][00.00.20] New Synch Log File Created!
[00:30:51] Player (jwat, 76561198128499247)(<9318.663086, 54.329174, 13091.610352>) requested data for lock!
[00:30:51] Player (jwat, 76561198128499247)(<9316.858398, 54.329174, 13092.093750>) requested data for lock!
[00:30:51] Player (jwat, 76561198128499247)(<9317.154297, 54.329174, 13091.982422>) requested data for lock!
[01:11:10] Player (CONTROL, 76561197967168101)(<6042.112793, 34.846451, 10435.593750>) requested data for lock!
[01:11:10] Player (CONTROL, 76561197967168101)(<6044.596680, 34.846451, 10431.335938>) requested data for lock!
[01:22:30] Player (janggoroot, 76561199653822374)(<7244.721680, 3.842066, 7828.232910>) requested data for lock!
[01:22:30] Player (janggoroot, 76561199653822374)(<7241.480957, 3.950430, 7825.958984>) requested data for lock!
[01:22:37] Player (janggoroot, 76561199653822374)(<7224.133301, 10.915239, 7848.691406>) requested data for lock!
[01:51:39] Player (janggoroot, 76561199653822374)(<7244.721680, 3.842066, 7828.232910>) requested data for lock!
[01:51:39] Player (janggoroot, 76561199653822374)(<7224.133301, 10.915239, 7848.691406>) requested data for lock!
[01:51:39] Player (janggoroot, 76561199653822374)(<7241.480957, 3.950430, 7825.958984>) requested data for lock!
[02:32:46] Player (janggoroot, 76561199653822374)(<7244.721680, 3.842066, 7828.232910>) requested data for lock!
[02:32:46] Player (janggoroot, 76561199653822374)(<7224.133301, 10.915239, 7848.691406>) requested data for lock!
[02:32:46] Player (janggoroot, 76561199653822374)(<7241.480957, 3.950430, 7825.958984>) requested data for lock!
[02:35:57] Player (janggoroot, 76561199653822374)(<7626.589844, 10.043742, 8539.645508>) requested data for lock!
[02:41:05] Player (janggoroot, 76561199653822374)(<7244.721680, 3.842066, 7828.232910>) requested data for lock!
[02:41:05] Player (janggoroot, 76561199653822374)(<7224.133301, 10.915239, 7848.691406>) requested data for lock!
[02:41:05] Player (janggoroot, 76561199653822374)(<7241.480957, 3.950430, 7825.958984>) requested data for lock!
[02:41:05] Player (janggoroot, 76561199653822374)(<7626.589844, 10.043742, 8539.645508>) requested data for lock!
[03:20:28] Player (janggoroot, 76561199653822374)(<7244.721680, 3.842066, 7828.232910>) requested data for lock!
[03:20:28] Player (janggoroot, 76561199653822374)(<7224.133301, 10.915239, 7848.691406>) requested data for lock!
[03:20:28] Player (janggoroot, 76561199653822374)(<7241.480957, 3.950430, 7825.958984>) requested data for lock!
[03:20:28] Player (janggoroot, 76561199653822374)(<7626.589844, 10.043742, 8539.645508>) requested data for lock!
[03:41:18] Player (janggoroot, 76561199653822374)(<7244.721680, 3.842066, 7828.232910>) requested data for lock!
[03:41:18] Player (janggoroot, 76561199653822374)(<7224.133301, 10.915239, 7848.691406>) requested data for lock!
[03:41:18] Player (janggoroot, 76561199653822374)(<7241.480957, 3.950430, 7825.958984>) requested data for lock!
[03:41:18] Player (janggoroot, 76561199653822374)(<7626.589844, 10.043742, 8539.645508>) requested data for lock!
[03:51:24] Player (janggoroot, 76561199653822374)(<7244.721680, 3.842066, 7828.232910>) requested data for lock!
[03:51:24] Player (janggoroot, 76561199653822374)(<7224.133301, 10.915239, 7848.691406>) requested data for lock!
[03:51:24] Player (janggoroot, 76561199653822374)(<7241.480957, 3.950430, 7825.958984>) requested data for lock!
[03:51:24] Player (janggoroot, 76561199653822374)(<7626.589844, 10.043742, 8539.645508>) requested data for lock!
[12-10-2024][05.00.20] Log file reloaded ( Server Restart )
[06:49:54] Player (anur75, 76561199235186150)(<7355.812500, 81.730453, 12388.950195>) requested data for lock!
[06:49:55] Player (anur75, 76561199235186150)(<7355.576172, 81.730453, 12388.914063>) requested data for lock!
[06:49:55] Player (anur75, 76561199235186150)(<7355.947266, 84.361282, 12388.909180>) requested data for lock!
[07:36:48] Player (anur75, 76561199235186150)(<9317.154297, 54.329174, 13091.982422>) requested data for lock!
[07:36:48] Player (anur75, 76561199235186150)(<9316.858398, 54.329174, 13092.093750>) requested data for lock!
[07:36:48] Player (anur75, 76561199235186150)(<9318.663086, 54.329174, 13091.610352>) requested data for lock!
[07:38:19] Player (anur75, 76561199235186150)(<9317.154297, 54.329174, 13091.982422>) requested data for lock!
[07:38:19] Player (anur75, 76561199235186150)(<9316.858398, 54.329174, 13092.093750>) requested data for lock!
[07:38:19] Player (anur75, 76561199235186150)(<9318.663086, 54.329174, 13091.610352>) requested data for lock!
[07:38:49] Player (anur75, 76561199235186150)(<9317.154297, 54.329174, 13091.982422>) requested data for lock!
[07:38:49] Player (anur75, 76561199235186150)(<9316.858398, 54.329174, 13092.093750>) requested data for lock!
[07:40:38] Player (anur75, 76561199235186150)(<9317.154297, 54.329174, 13091.982422>) requested data for lock!
[07:42:54] Player (anur75, 76561199235186150)(<9317.154297, 54.329174, 13091.982422>) requested data for lock!
[07:42:54] Player (anur75, 76561199235186150)(<9316.858398, 54.329174, 13092.093750>) requested data for lock!
[07:42:55] Player (anur75, 76561199235186150)(<9318.663086, 54.329174, 13091.610352>) requested data for lock!
[07:43:19] Player (anur75, 76561199235186150)(<9316.858398, 54.329174, 13092.093750>) requested data for lock!
[07:44:43] Player (anur75, 76561199235186150)(<9317.154297, 54.329174, 13091.982422>) requested data for lock!
[07:44:43] Player (anur75, 76561199235186150)(<9316.858398, 54.329174, 13092.093750>) requested data for lock!
[07:44:44] Player (anur75, 76561199235186150)(<9318.663086, 54.329174, 13091.610352>) requested data for lock!
[07:47:36] Player (anur75, 76561199235186150)(<9317.154297, 54.329174, 13091.982422>) requested data for lock!
[07:47:36] Player (anur75, 76561199235186150)(<9316.858398, 54.329174, 13092.093750>) requested data for lock!
[07:47:36] Player (anur75, 76561199235186150)(<9318.663086, 54.329174, 13091.610352>) requested data for lock!
[07:48:24] Player (anur75, 76561199235186150)(<9317.154297, 54.329174, 13091.982422>) requested data for lock!
[07:48:24] Player (anur75, 76561199235186150)(<9316.858398, 54.329174, 13092.093750>) requested data for lock!
[07:48:24] Player (anur75, 76561199235186150)(<9318.663086, 54.329174, 13091.610352>) requested data for lock!
[12-10-2024][09.00.20] Log file reloaded ( Server Restart )
[09:02:01] Player (Luiz, 76561199770341255)(<7355.812500, 81.730453, 12388.950195>) requested data for lock!
[09:02:01] Player (Luiz, 76561199770341255)(<7355.576172, 81.730453, 12388.914063>) requested data for lock!
[09:02:01] Player (Luiz, 76561199770341255)(<7355.947266, 84.361282, 12388.909180>) requested data for lock!
[10:29:12] Player (Luiz, 76561199770341255)(<7355.812500, 81.730453, 12388.950195>) requested data for lock!
[10:29:12] Player (Luiz, 76561199770341255)(<7355.576172, 81.730453, 12388.914063>) requested data for lock!
[10:29:12] Player (Luiz, 76561199770341255)(<7355.947266, 84.361282, 12388.909180>) requested data for lock!
[10:39:17] Player (Luiz, 76561199770341255)(<7355.812500, 81.730453, 12388.950195>) requested data for lock!
[10:39:17] Player (Luiz, 76561199770341255)(<7355.576172, 81.730453, 12388.914063>) requested data for lock!
[10:39:17] Player (Luiz, 76561199770341255)(<7355.947266, 84.361282, 12388.909180>) requested data for lock!
[10:44:59] Player (Luiz, 76561199770341255)(<9316.858398, 54.329174, 13092.093750>) requested data for lock!
[10:44:59] Player (Luiz, 76561199770341255)(<9318.663086, 54.329174, 13091.610352>) requested data for lock!
[10:44:59] Player (Luiz, 76561199770341255)(<9317.154297, 54.329174, 13091.982422>) requested data for lock!
[10:55:24] Player (Luiz, 76561199770341255)(<9316.858398, 54.329174, 13092.093750>) requested data for lock!
[10:55:24] Player (Luiz, 76561199770341255)(<9318.663086, 54.329174, 13091.610352>) requested data for lock!
[10:55:24] Player (Luiz, 76561199770341255)(<9317.154297, 54.329174, 13091.982422>) requested data for lock!
[10:55:42] Player (Luiz, 76561199770341255)(<9316.858398, 54.329174, 13092.093750>) requested data for lock!
[10:55:43] Player (Luiz, 76561199770341255)(<9318.663086, 54.329174, 13091.610352>) requested data for lock!
[10:55:43] Player (Luiz, 76561199770341255)(<9317.154297, 54.329174, 13091.982422>) requested data for lock!
[11:41:14] Player (Luiz, 76561199770341255)(<7355.812500, 81.730453, 12388.950195>) requested data for lock!
[11:41:14] Player (Luiz, 76561199770341255)(<7355.576172, 81.730453, 12388.914063>) requested data for lock!
[11:41:14] Player (Luiz, 76561199770341255)(<7355.947266, 84.361282, 12388.909180>) requested data for lock!
[11:41:34] Player (Luiz, 76561199770341255)(<9316.858398, 54.329174, 13092.093750>) requested data for lock!
[11:41:35] Player (Luiz, 76561199770341255)(<9318.663086, 54.329174, 13091.610352>) requested data for lock!
[11:41:35] Player (Luiz, 76561199770341255)(<9317.154297, 54.329174, 13091.982422>) requested data for lock!
[12:27:09] Player (Draco, 76561199543393674)(<7355.812500, 81.730453, 12388.950195>) requested data for lock!
[12:27:09] Player (Draco, 76561199543393674)(<7355.576172, 81.730453, 12388.914063>) requested data for lock!
[12:27:09] Player (Draco, 76561199543393674)(<7355.947266, 84.361282, 12388.909180>) requested data for lock!
[12:43:29] Player (Luiz, 76561199770341255)(<9316.858398, 54.329174, 13092.093750>) requested data for lock!
[12:43:29] Player (Luiz, 76561199770341255)(<9318.663086, 54.329174, 13091.610352>) requested data for lock!
[12:43:29] Player (Luiz, 76561199770341255)(<9317.154297, 54.329174, 13091.982422>) requested data for lock!
[12:49:03] Player (Luiz, 76561199770341255)(<7355.812500, 81.730453, 12388.950195>) requested data for lock!
[12:49:03] Player (Luiz, 76561199770341255)(<7355.576172, 81.730453, 12388.914063>) requested data for lock!
[12:49:03] Player (Luiz, 76561199770341255)(<7355.947266, 84.361282, 12388.909180>) requested data for lock!
[12:49:51] Player (Luiz, 76561199770341255)(<7355.812500, 81.730453, 12388.950195>) requested data for lock!
[12:49:51] Player (Luiz, 76561199770341255)(<7355.576172, 81.730453, 12388.914063>) requested data for lock!
[12:49:51] Player (Luiz, 76561199770341255)(<7355.947266, 84.361282, 12388.909180>) requested data for lock!
[12-10-2024][13.00.23] Log file reloaded ( Server Restart )
[13:03:40] Player (Luiz, 76561199770341255)(<7355.576172, 81.730453, 12388.914063>) requested data for lock!
[13:03:40] Player (Luiz, 76561199770341255)(<7355.812500, 81.730453, 12388.950195>) requested data for lock!
[13:03:40] Player (Luiz, 76561199770341255)(<7355.947266, 84.361282, 12388.909180>) requested data for lock!
[13:06:39] Player (Luiz, 76561199770341255)(<7355.576172, 81.730453, 12388.914063>) requested data for lock!
[13:06:39] Player (Luiz, 76561199770341255)(<7355.812500, 81.730453, 12388.950195>) requested data for lock!
[13:06:39] Player (Luiz, 76561199770341255)(<7355.947266, 84.361282, 12388.909180>) requested data for lock!
[13:15:38] Player (SamA31, 76561198071405261)(<9318.663086, 54.329174, 13091.610352>) requested data for lock!
[13:15:38] Player (SamA31, 76561198071405261)(<9316.858398, 54.329174, 13092.093750>) requested data for lock!
[13:15:38] Player (SamA31, 76561198071405261)(<9317.154297, 54.329174, 13091.982422>) requested data for lock!
[13:22:27] Player (Casey, 76561199643612211)(<8899.131836, 15.554780, 1105.990234>) requested data for lock!
[13:22:27] Player (Casey, 76561199643612211)(<8909.085938, 15.889824, 1105.763916>) requested data for lock!
[13:24:04] Player (Casey, 76561199643612211)(<8899.131836, 15.554780, 1105.990234>) requested data for lock!
[13:24:04] Player (Casey, 76561199643612211)(<8909.085938, 15.889824, 1105.763916>) requested data for lock!
[13:25:03] Player (Draco, 76561199543393674)(<6044.596680, 34.846451, 10431.335938>) requested data for lock!
[13:25:03] Player (Draco, 76561199543393674)(<6042.112793, 34.846451, 10435.593750>) requested data for lock!
[13:29:01] Player (Draco, 76561199543393674)(<6042.112793, 34.846451, 10435.593750>) requested data for lock!
[13:29:33] Player (Draco, 76561199543393674)(<6042.112793, 34.846451, 10435.593750>) requested data for lock!
[13:29:44] Player (Draco, 76561199543393674)(<6044.596680, 34.846451, 10431.335938>) requested data for lock!
[13:29:44] Player (Draco, 76561199543393674)(<6042.112793, 34.846451, 10435.593750>) requested data for lock!
[13:30:00] Player (Draco, 76561199543393674)(<6042.112793, 34.846451, 10435.593750>) requested data for lock!
[13:32:08] Player (Draco, 76561199543393674)(<6044.596680, 34.846451, 10431.335938>) requested data for lock!
[13:32:08] Player (Draco, 76561199543393674)(<6042.112793, 34.846451, 10435.593750>) requested data for lock!
[14:35:04] Player (Draco, 76561198302078718)(<7224.133301, 10.915239, 7848.691406>) requested data for lock!
[14:35:04] Player (Draco, 76561198302078718)(<7244.721680, 3.842066, 7828.232910>) requested data for lock!
[14:35:04] Player (Draco, 76561198302078718)(<7241.480957, 3.950430, 7825.958984>) requested data for lock!
[14:35:04] Player (Draco, 76561198302078718)(<7626.589844, 10.043742, 8539.645508>) requested data for lock!
[14:44:33] Player (Draco, 76561198302078718)(<6044.596680, 34.846451, 10431.335938>) requested data for lock!
[14:44:33] Player (Draco, 76561198302078718)(<6042.112793, 34.846451, 10435.593750>) requested data for lock!
[15:18:15] Player (Draco, 76561199543393674)(<6044.596680, 34.846451, 10431.335938>) requested data for lock!
[15:18:15] Player (Draco, 76561199543393674)(<6042.112793, 34.846451, 10435.593750>) requested data for lock!
[15:45:03] Player (Draco, 76561199543393674)(<6044.596680, 34.846451, 10431.335938>) requested data for lock!
[15:45:03] Player (Draco, 76561199543393674)(<6042.112793, 34.846451, 10435.593750>) requested data for lock!
[15:58:52] Player (Draco, 76561199543393674)(<6044.596680, 34.846451, 10431.335938>) requested data for lock!
[15:58:52] Player (Draco, 76561199543393674)(<6042.112793, 34.846451, 10435.593750>) requested data for lock!
[16:01:04] Player (sans, 76561199229421873)(<7241.480957, 3.950430, 7825.958984>) requested data for lock!
[16:01:05] Player (brysonZ28, 76561198412009942)(<7244.721680, 3.842066, 7828.232910>) requested data for lock!
[16:01:05] Player (sans, 76561199229421873)(<7244.721680, 3.842066, 7828.232910>) requested data for lock!
[16:01:05] Player (brysonZ28, 76561198412009942)(<7241.480957, 3.950430, 7825.958984>) requested data for lock!
[16:01:05] Player (sans, 76561199229421873)(<7224.133301, 10.915239, 7848.691406>) requested data for lock!
[16:01:06] Player (brysonZ28, 76561198412009942)(<7224.133301, 10.915239, 7848.691406>) requested data for lock!
[16:03:38] Player (brysonZ28, 76561198412009942)(<7626.589844, 10.043742, 8539.645508>) requested data for lock!
[16:03:38] Player (sans, 76561199229421873)(<7626.589844, 10.043742, 8539.645508>) requested data for lock!
[16:03:41] Player (Draco, 76561199543393674)(<7224.133301, 10.915239, 7848.691406>) requested data for lock!
[16:03:42] Player (Draco, 76561199543393674)(<7244.721680, 3.842066, 7828.232910>) requested data for lock!
[16:03:42] Player (Draco, 76561199543393674)(<7241.480957, 3.950430, 7825.958984>) requested data for lock!
[16:04:22] Player (Draco, 76561199543393674)(<7626.589844, 10.043742, 8539.645508>) requested data for lock!
[16:05:49] Player (Luiz, 76561199770341255)(<7355.576172, 81.730453, 12388.914063>) requested data for lock!
[16:05:49] Player (Luiz, 76561199770341255)(<7355.812500, 81.730453, 12388.950195>) requested data for lock!
[16:05:49] Player (Luiz, 76561199770341255)(<7355.947266, 84.361282, 12388.909180>) requested data for lock!
[16:49:22] Player (Draco, 76561199543393674)(<6044.596680, 34.846451, 10431.335938>) requested data for lock!
[16:49:22] Player (Draco, 76561199543393674)(<6042.112793, 34.846451, 10435.593750>) requested data for lock!
[16:56:12] Player (Draco, 76561198302078718)(<6042.112793, 34.846451, 10435.593750>) requested data for lock!
[16:56:14] Player (Draco, 76561198302078718)(<6044.596680, 34.846451, 10431.335938>) requested data for lock!
[12-10-2024][17.00.23] Log file reloaded ( Server Restart )
[17:01:35] Player (sans, 76561199229421873)(<7244.721680, 3.842066, 7828.232910>) requested data for lock!
[17:01:35] Player (sans, 76561199229421873)(<7224.133301, 10.915239, 7848.691406>) requested data for lock!
[17:01:35] Player (sans, 76561199229421873)(<7241.480957, 3.950430, 7825.958984>) requested data for lock!
[17:01:48] Player (brysonZ28, 76561198412009942)(<7244.721680, 3.842066, 7828.232910>) requested data for lock!
[17:01:48] Player (brysonZ28, 76561198412009942)(<7224.133301, 10.915239, 7848.691406>) requested data for lock!
[17:01:48] Player (brysonZ28, 76561198412009942)(<7241.480957, 3.950430, 7825.958984>) requested data for lock!
[17:12:11] Player (brysonZ28, 76561198412009942)(<7244.721680, 3.842066, 7828.232910>) requested data for lock!
[17:12:11] Player (brysonZ28, 76561198412009942)(<7224.133301, 10.915239, 7848.691406>) requested data for lock!
[17:12:11] Player (brysonZ28, 76561198412009942)(<7241.480957, 3.950430, 7825.958984>) requested data for lock!
[17:20:02] Player (Draco, 76561198302078718)(<6044.596680, 34.846451, 10431.335938>) requested data for lock!
[17:20:02] Player (Draco, 76561198302078718)(<6042.112793, 34.846451, 10435.593750>) requested data for lock!
[17:26:54] Player (brysonZ28, 76561198412009942)(<7626.589844, 10.043742, 8539.645508>) requested data for lock!
[17:26:56] Player (sans, 76561199229421873)(<7626.589844, 10.043742, 8539.645508>) requested data for lock!
[17:30:19] Player (brysonZ28, 76561198412009942)(<7626.589844, 10.043742, 8539.645508>) requested data for lock!
[17:30:20] Player (sans, 76561199229421873)(<7626.589844, 10.043742, 8539.645508>) requested data for lock!
[19:39:09] Player (sans, 76561199229421873)(<7626.589844, 10.043742, 8539.645508>) requested data for lock!
[19:39:10] Player (brysonZ28, 76561198412009942)(<7626.589844, 10.043742, 8539.645508>) requested data for lock!
[19:41:12] Player (brysonZ28, 76561198412009942)(<7626.589844, 10.043742, 8539.645508>) requested data for lock!
[19:41:57] Player (sans, 76561199229421873)(<7626.589844, 10.043742, 8539.645508>) requested data for lock!
[19:49:10] Player (sans, 76561199229421873)(<7626.589844, 10.043742, 8539.645508>) requested data for lock!
[19:49:11] Player (brysonZ28, 76561198412009942)(<7626.589844, 10.043742, 8539.645508>) requested data for lock!
[19:57:46] Player (FreeRanger, 76561198035689928)(<7244.721680, 3.842066, 7828.232910>) requested data for lock!
[19:57:46] Player (FreeRanger, 76561198035689928)(<7224.133301, 10.915239, 7848.691406>) requested data for lock!
[19:57:46] Player (FreeRanger, 76561198035689928)(<7626.589844, 10.043742, 8539.645508>) requested data for lock!
[19:57:46] Player (FreeRanger, 76561198035689928)(<7241.480957, 3.950430, 7825.958984>) requested data for lock!
[20:04:52] Player (brysonZ28, 76561198412009942)(<7626.589844, 10.043742, 8539.645508>) requested data for lock!
[20:04:52] Player (sans, 76561199229421873)(<7626.589844, 10.043742, 8539.645508>) requested data for lock!
[20:05:50] Player (sans, 76561199229421873)(<7224.133301, 10.915239, 7848.691406>) requested data for lock!
[20:05:51] Player (brysonZ28, 76561198412009942)(<7224.133301, 10.915239, 7848.691406>) requested data for lock!
[20:05:53] Player (brysonZ28, 76561198412009942)(<7244.721680, 3.842066, 7828.232910>) requested data for lock!
[20:05:53] Player (sans, 76561199229421873)(<7244.721680, 3.842066, 7828.232910>) requested data for lock!
[20:05:53] Player (brysonZ28, 76561198412009942)(<7241.480957, 3.950430, 7825.958984>) requested data for lock!
[20:05:53] Player (sans, 76561199229421873)(<7241.480957, 3.950430, 7825.958984>) requested data for lock!
[20:09:19] Player (DukeCats, 76561199767250928)(<12457.237305, 48.206120, 8419.958008>) requested data for lock!
[20:35:16] Player (FreeRanger, 76561198035689928)(<7244.721680, 3.842066, 7828.232910>) requested data for lock!
[20:35:19] Player (FreeRanger, 76561198035689928)(<7241.480957, 3.950430, 7825.958984>) requested data for lock!
[20:35:44] Player (FreeRanger, 76561198035689928)(<7224.133301, 10.915239, 7848.691406>) requested data for lock!
[20:37:37] Player (Casey, 76561199643612211)(<8899.131836, 15.554780, 1105.990234>) requested data for lock!
[20:37:39] Player (Casey, 76561199643612211)(<8909.085938, 15.889824, 1105.763916>) requested data for lock!
[20:38:26] Player (FreeRanger, 76561198035689928)(<7626.589844, 10.043742, 8539.645508>) requested data for lock!
[20:42:53] Player (DukeCats, 76561199767250928)(<12457.237305, 48.206120, 8419.958008>) requested data for lock!
[20:54:22] Player (Draco, 76561198302078718)(<4870.733887, 5.627413, 11321.759766>) requested data for lock!
[12-10-2024][21.00.22] Log file reloaded ( Server Restart )
[21:15:37] Player (FreeRanger, 76561198035689928)(<7244.721680, 3.842066, 7828.232910>) requested data for lock!
[21:15:37] Player (FreeRanger, 76561198035689928)(<7241.480957, 3.950430, 7825.958984>) requested data for lock!
[21:15:37] Player (FreeRanger, 76561198035689928)(<7224.133301, 10.915239, 7848.691406>) requested data for lock!
[21:15:37] Player (FreeRanger, 76561198035689928)(<7626.589844, 10.043742, 8539.645508>) requested data for lock!
[21:25:11] Player (Casey, 76561199643612211)(<8909.085938, 15.889824, 1105.763916>) requested data for lock!
[21:25:11] Player (Casey, 76561199643612211)(<8899.131836, 15.554780, 1105.990234>) requested data for lock!
[21:35:33] Player (Draco, 76561198302078718)(<4870.733887, 5.627413, 11321.759766>) requested data for lock!
[21:50:06] Player (Draco, 76561198302078718)(<6042.112793, 34.846451, 10435.593750>) requested data for lock!
[21:50:08] Player (Draco, 76561198302078718)(<6044.596680, 34.846451, 10431.335938>) requested data for lock!
[21:52:25] Player (Draco, 76561198302078718)(<6044.596680, 34.846451, 10431.335938>) requested data for lock!
[21:52:52] Player (Draco, 76561198302078718)(<6042.112793, 34.846451, 10435.593750>) requested data for lock!
[21:52:58] Player (Draco, 76561198302078718)(<6042.112793, 34.846451, 10435.593750>) requested data for lock!
[21:53:37] Player (Draco, 76561198302078718)(<6042.112793, 34.846451, 10435.593750>) requested data for lock!
[21:53:38] Player (Draco, 76561198302078718)(<6044.596680, 34.846451, 10431.335938>) requested data for lock!
[21:56:23] Player (FreeRanger, 76561198035689928)(<7244.721680, 3.842066, 7828.232910>) requested data for lock!
[21:56:23] Player (FreeRanger, 76561198035689928)(<7241.480957, 3.950430, 7825.958984>) requested data for lock!
[21:56:23] Player (FreeRanger, 76561198035689928)(<7224.133301, 10.915239, 7848.691406>) requested data for lock!
[21:58:00] Player (Draco, 76561198302078718)(<6042.112793, 34.846451, 10435.593750>) requested data for lock!
[21:58:02] Player (Draco, 76561198302078718)(<6044.596680, 34.846451, 10431.335938>) requested data for lock!
[22:11:11] Player (FreeRanger, 76561198035689928)(<7626.589844, 10.043742, 8539.645508>) requested data for lock!
[22:28:30] Player (Draco, 76561198302078718)(<6044.596680, 34.846451, 10431.335938>) requested data for lock!
[22:28:30] Player (Draco, 76561198302078718)(<6042.112793, 34.846451, 10435.593750>) requested data for lock!
[22:31:03] Player (Casey, 76561199643612211)(<8909.085938, 15.889824, 1105.763916>) requested data for lock!
[22:31:04] Player (Casey, 76561199643612211)(<8899.131836, 15.554780, 1105.990234>) requested data for lock!
[22:33:12] Player (Draco, 76561198302078718)(<4870.733887, 5.627413, 11321.759766>) requested data for lock!
[22:41:55] Player (Draco, 76561198302078718)(<6042.112793, 34.846451, 10435.593750>) requested data for lock!
[22:41:56] Player (Draco, 76561198302078718)(<6044.596680, 34.846451, 10431.335938>) requested data for lock!
[23:42:09] Player (CONTROL, 76561197967168101)(<6044.596680, 34.846451, 10431.335938>) requested data for lock!
[23:42:09] Player (CONTROL, 76561197967168101)(<6042.112793, 34.846451, 10435.593750>) requested data for lock!
