[12-16-2024][00.00.22] New Synch Log File Created!
[02:51:35] Player (Draco, 76561198302078718)(<11127.880859, 106.702026, 9501.662109>) requested data for lock!
[02:51:35] Player (Draco, 76561198302078718)(<12457.237305, 48.206120, 8419.958008>) requested data for lock!
[03:41:37] Player (Draco, 76561198302078718)(<7631.311035, 12.787427, 8534.870117>) requested data for lock!
[03:41:53] Player (Draco, 76561198302078718)(<7626.640137, 10.043794, 8539.677734>) requested data for lock!
[03:43:27] Player (Draco, 76561198302078718)(<7631.311035, 12.787427, 8534.870117>) requested data for lock!
[03:43:40] Player (Draco, 76561198302078718)(<7631.311035, 12.787427, 8534.870117>) requested data for lock!
[03:43:49] Player (Draco, 76561198302078718)(<7631.311035, 12.787427, 8534.870117>) requested data for lock!
[03:43:50] Player (Draco, 76561198302078718)(<7626.640137, 10.043794, 8539.677734>) requested data for lock!
[03:43:57] Player (Draco, 76561198302078718)(<7244.721680, 3.842066, 7828.232910>) requested data for lock!
[03:43:58] Player (Draco, 76561198302078718)(<7241.480957, 3.950430, 7825.958984>) requested data for lock!
[03:44:02] Player (Draco, 76561198302078718)(<7224.133301, 10.915239, 7848.691406>) requested data for lock!
[03:52:13] Player (Draco, 76561198302078718)(<7631.311035, 12.787427, 8534.870117>) requested data for lock!
[03:52:39] Player (Draco, 76561198302078718)(<7626.640137, 10.043794, 8539.677734>) requested data for lock!
[04:52:39] Player (Big_Steve, 76561198071307767)(<11127.880859, 106.702026, 9501.662109>) requested data for lock!
[04:57:17] Player (Draco, 76561199543393674)(<12457.237305, 48.206120, 8419.958008>) requested data for lock!
[12-16-2024][05.00.20] Log file reloaded ( Server Restart )
[05:02:35] Player (Big_Steve, 76561198071307767)(<11127.880859, 106.702026, 9501.662109>) requested data for lock!
[05:14:46] Player (Draco, 76561199543393674)(<11127.880859, 106.702026, 9501.662109>) requested data for lock!
[05:23:47] Player (Big_Steve, 76561198071307767)(<9481.520508, 95.982422, 10884.832031>) requested data for lock!
[05:51:39] Player (Draco, 76561199543393674)(<7631.311035, 12.787427, 8534.870117>) requested data for lock!
[05:51:42] Player (Draco, 76561199543393674)(<7626.640137, 10.043794, 8539.677734>) requested data for lock!
[06:03:52] Player (Draco, 76561199543393674)(<7241.480957, 3.950430, 7825.958984>) requested data for lock!
[06:03:53] Player (Draco, 76561199543393674)(<7244.721680, 3.842066, 7828.232910>) requested data for lock!
[06:03:57] Player (Draco, 76561199543393674)(<7224.133301, 10.915239, 7848.691406>) requested data for lock!
[06:10:52] Player (Draco, 76561199543393674)(<7631.311035, 12.787427, 8534.870117>) requested data for lock!
[06:51:00] Player (Draco, 76561199543393674)(<7631.311035, 12.787427, 8534.870117>) requested data for lock!
[06:51:03] Player (Draco, 76561199543393674)(<7626.640137, 10.043794, 8539.677734>) requested data for lock!
[07:01:45] Player (Draco, 76561198302078718)(<7631.311035, 12.787427, 8534.870117>) requested data for lock!
[07:01:45] Player (Draco, 76561198302078718)(<7626.640137, 10.043794, 8539.677734>) requested data for lock!
[07:01:45] Player (Draco, 76561198302078718)(<7224.133301, 10.915239, 7848.691406>) requested data for lock!
[07:01:45] Player (Draco, 76561198302078718)(<7241.480957, 3.950430, 7825.958984>) requested data for lock!
[07:01:45] Player (Draco, 76561198302078718)(<7244.721680, 3.842066, 7828.232910>) requested data for lock!
[07:08:04] Player (Draco, 76561198302078718)(<7631.311035, 12.787427, 8534.870117>) requested data for lock!
[07:08:04] Player (Draco, 76561198302078718)(<7626.640137, 10.043794, 8539.677734>) requested data for lock!
[07:08:04] Player (Draco, 76561198302078718)(<7224.133301, 10.915239, 7848.691406>) requested data for lock!
[07:08:04] Player (Draco, 76561198302078718)(<7241.480957, 3.950430, 7825.958984>) requested data for lock!
[07:08:04] Player (Draco, 76561198302078718)(<7244.721680, 3.842066, 7828.232910>) requested data for lock!
[07:19:43] Player (PastyMuncher, 76561198979223033)(<7334.545410, 81.730453, 12396.727539>) requested data for lock!
[07:19:43] Player (PastyMuncher, 76561198979223033)(<7334.517578, 83.857002, 12397.041992>) requested data for lock!
[07:19:43] Player (PastyMuncher, 76561198979223033)(<7355.576172, 81.730453, 12388.914063>) requested data for lock!
[07:19:43] Player (PastyMuncher, 76561198979223033)(<7334.590332, 81.730453, 12397.067383>) requested data for lock!
[07:19:43] Player (PastyMuncher, 76561198979223033)(<7334.615234, 81.730453, 12396.931641>) requested data for lock!
[07:19:43] Player (PastyMuncher, 76561198979223033)(<7355.454102, 81.730453, 12388.909180>) requested data for lock!
[07:19:43] Player (PastyMuncher, 76561198979223033)(<7355.248535, 81.730453, 12388.920898>) requested data for lock!
[07:19:43] Player (PastyMuncher, 76561198979223033)(<7355.812500, 81.730453, 12388.950195>) requested data for lock!
[07:19:43] Player (PastyMuncher, 76561198979223033)(<7355.947266, 84.361282, 12388.909180>) requested data for lock!
[07:22:26] Player (PastyMuncher, 76561198979223033)(<9316.858398, 54.329174, 13092.093750>) requested data for lock!
[07:22:26] Player (PastyMuncher, 76561198979223033)(<9318.663086, 54.329174, 13091.610352>) requested data for lock!
[07:22:26] Player (PastyMuncher, 76561198979223033)(<9317.154297, 54.329174, 13091.982422>) requested data for lock!
[07:24:09] Player (PastyMuncher, 76561198979223033)(<9316.858398, 54.329174, 13092.093750>) requested data for lock!
[07:24:09] Player (PastyMuncher, 76561198979223033)(<9318.663086, 54.329174, 13091.610352>) requested data for lock!
[07:24:09] Player (PastyMuncher, 76561198979223033)(<9317.154297, 54.329174, 13091.982422>) requested data for lock!
[07:25:36] Player (PastyMuncher, 76561198979223033)(<7334.545410, 81.730453, 12396.727539>) requested data for lock!
[07:25:36] Player (PastyMuncher, 76561198979223033)(<7334.517578, 83.857002, 12397.041992>) requested data for lock!
[07:25:36] Player (PastyMuncher, 76561198979223033)(<7334.590332, 81.730453, 12397.067383>) requested data for lock!
[07:25:36] Player (PastyMuncher, 76561198979223033)(<7334.615234, 81.730453, 12396.931641>) requested data for lock!
[07:38:11] Player (PastyMuncher, 76561198979223033)(<7355.576172, 81.730453, 12388.914063>) requested data for lock!
[07:38:11] Player (PastyMuncher, 76561198979223033)(<7355.454102, 81.730453, 12388.909180>) requested data for lock!
[07:38:11] Player (PastyMuncher, 76561198979223033)(<7355.248535, 81.730453, 12388.920898>) requested data for lock!
[07:38:12] Player (PastyMuncher, 76561198979223033)(<7355.812500, 81.730453, 12388.950195>) requested data for lock!
[07:38:12] Player (PastyMuncher, 76561198979223033)(<7355.947266, 84.361282, 12388.909180>) requested data for lock!
[07:38:21] Player (PastyMuncher, 76561198979223033)(<7334.545410, 81.730453, 12396.727539>) requested data for lock!
[07:38:21] Player (PastyMuncher, 76561198979223033)(<7334.517578, 83.857002, 12397.041992>) requested data for lock!
[07:38:21] Player (PastyMuncher, 76561198979223033)(<7334.590332, 81.730453, 12397.067383>) requested data for lock!
[07:38:21] Player (PastyMuncher, 76561198979223033)(<7334.615234, 81.730453, 12396.931641>) requested data for lock!
[08:22:10] Player (PastyMuncher, 76561198979223033)(<7334.545410, 81.730453, 12396.727539>) requested data for lock!
[08:22:10] Player (PastyMuncher, 76561198979223033)(<7334.517578, 83.857002, 12397.041992>) requested data for lock!
[08:22:10] Player (PastyMuncher, 76561198979223033)(<7355.576172, 81.730453, 12388.914063>) requested data for lock!
[08:22:10] Player (PastyMuncher, 76561198979223033)(<7334.590332, 81.730453, 12397.067383>) requested data for lock!
[08:22:10] Player (PastyMuncher, 76561198979223033)(<7334.615234, 81.730453, 12396.931641>) requested data for lock!
[08:22:10] Player (PastyMuncher, 76561198979223033)(<7355.454102, 81.730453, 12388.909180>) requested data for lock!
[08:22:10] Player (PastyMuncher, 76561198979223033)(<7355.248535, 81.730453, 12388.920898>) requested data for lock!
[08:22:10] Player (PastyMuncher, 76561198979223033)(<7355.812500, 81.730453, 12388.950195>) requested data for lock!
[08:22:10] Player (PastyMuncher, 76561198979223033)(<7355.947266, 84.361282, 12388.909180>) requested data for lock!
[08:28:13] Player (PastyMuncher, 76561198979223033)(<7355.576172, 81.730453, 12388.914063>) requested data for lock!
[08:28:13] Player (PastyMuncher, 76561198979223033)(<7355.454102, 81.730453, 12388.909180>) requested data for lock!
[08:28:13] Player (PastyMuncher, 76561198979223033)(<7355.248535, 81.730453, 12388.920898>) requested data for lock!
[08:28:13] Player (PastyMuncher, 76561198979223033)(<7355.812500, 81.730453, 12388.950195>) requested data for lock!
[08:28:13] Player (PastyMuncher, 76561198979223033)(<7355.947266, 84.361282, 12388.909180>) requested data for lock!
[08:29:55] Player (PastyMuncher, 76561198979223033)(<7355.576172, 81.730453, 12388.914063>) requested data for lock!
[08:29:55] Player (PastyMuncher, 76561198979223033)(<7355.812500, 81.730453, 12388.950195>) requested data for lock!
[08:29:55] Player (PastyMuncher, 76561198979223033)(<7355.947266, 84.361282, 12388.909180>) requested data for lock!
[08:29:57] Player (PastyMuncher, 76561198979223033)(<7355.454102, 81.730453, 12388.909180>) requested data for lock!
[08:29:57] Player (PastyMuncher, 76561198979223033)(<7355.248535, 81.730453, 12388.920898>) requested data for lock!
[08:44:43] Player (Crashfool, 76561198289145406)(<9316.858398, 54.329174, 13092.093750>) requested data for lock!
[08:44:43] Player (Crashfool, 76561198289145406)(<9318.663086, 54.329174, 13091.610352>) requested data for lock!
[08:44:43] Player (Crashfool, 76561198289145406)(<9317.154297, 54.329174, 13091.982422>) requested data for lock!
[08:46:59] Player (PastyMuncher, 76561198979223033)(<9316.858398, 54.329174, 13092.093750>) requested data for lock!
[08:46:59] Player (PastyMuncher, 76561198979223033)(<9318.663086, 54.329174, 13091.610352>) requested data for lock!
[08:47:00] Player (PastyMuncher, 76561198979223033)(<9317.154297, 54.329174, 13091.982422>) requested data for lock!
[08:48:41] Player (PastyMuncher, 76561198979223033)(<9316.858398, 54.329174, 13092.093750>) requested data for lock!
[08:48:41] Player (PastyMuncher, 76561198979223033)(<9318.663086, 54.329174, 13091.610352>) requested data for lock!
[08:48:42] Player (PastyMuncher, 76561198979223033)(<9317.154297, 54.329174, 13091.982422>) requested data for lock!
[12-16-2024][09.00.20] Log file reloaded ( Server Restart )
[09:20:25] Player (PastyMuncher, 76561198979223033)(<9317.154297, 54.329174, 13091.982422>) requested data for lock!
[09:20:25] Player (PastyMuncher, 76561198979223033)(<9316.858398, 54.329174, 13092.093750>) requested data for lock!
[09:20:25] Player (PastyMuncher, 76561198979223033)(<9318.663086, 54.329174, 13091.610352>) requested data for lock!
[09:20:56] Player (Crashfool, 76561198289145406)(<9317.154297, 54.329174, 13091.982422>) requested data for lock!
[09:20:56] Player (Crashfool, 76561198289145406)(<9316.858398, 54.329174, 13092.093750>) requested data for lock!
[09:20:56] Player (Crashfool, 76561198289145406)(<9318.663086, 54.329174, 13091.610352>) requested data for lock!
[09:23:26] Player (PastyMuncher, 76561198979223033)(<9317.154297, 54.329174, 13091.982422>) requested data for lock!
[09:23:26] Player (PastyMuncher, 76561198979223033)(<9316.858398, 54.329174, 13092.093750>) requested data for lock!
[09:23:26] Player (PastyMuncher, 76561198979223033)(<9318.663086, 54.329174, 13091.610352>) requested data for lock!
[09:25:38] Player (PastyMuncher, 76561198979223033)(<9481.520508, 95.982422, 10884.832031>) requested data for lock!
[09:37:04] Player (PastyMuncher, 76561198979223033)(<9481.520508, 95.982422, 10884.832031>) requested data for lock!
[09:37:51] Player (PastyMuncher, 76561198979223033)(<9481.520508, 95.982422, 10884.832031>) requested data for lock!
[09:39:00] Player (PastyMuncher, 76561198979223033)(<9481.520508, 95.982422, 10884.832031>) requested data for lock!
[09:43:54] Player (PastyMuncher, 76561198979223033)(<9481.520508, 95.982422, 10884.832031>) requested data for lock!
[10:04:19] Player (PastyMuncher, 76561198979223033)(<11127.880859, 106.702026, 9501.662109>) requested data for lock!
[10:05:32] Player (PastyMuncher, 76561198979223033)(<11127.880859, 106.702026, 9501.662109>) requested data for lock!
[10:21:11] Player (Florre1984, 76561198271304685)(<12457.237305, 48.206120, 8419.958008>) requested data for lock!
[10:26:09] Player (Florre1984, 76561198271304685)(<11127.880859, 106.702026, 9501.662109>) requested data for lock!
[10:41:34] Player (Crashfool, 76561198289145406)(<9317.154297, 54.329174, 13091.982422>) requested data for lock!
[10:41:34] Player (Crashfool, 76561198289145406)(<9316.858398, 54.329174, 13092.093750>) requested data for lock!
[10:41:34] Player (Crashfool, 76561198289145406)(<9318.663086, 54.329174, 13091.610352>) requested data for lock!
[12:14:11] Player (Crashfool, 76561198289145406)(<11127.880859, 106.702026, 9501.662109>) requested data for lock!
[12-16-2024][13.00.23] Log file reloaded ( Server Restart )
[13:42:11] Player (AssGasket, 76561197974341881)(<7241.480957, 3.950430, 7825.958984>) requested data for lock!
[13:42:11] Player (AssGasket, 76561197974341881)(<7224.133301, 10.915239, 7848.691406>) requested data for lock!
[13:42:11] Player (AssGasket, 76561197974341881)(<7244.721680, 3.842066, 7828.232910>) requested data for lock!
[13:49:39] Player (AssGasket, 76561197974341881)(<5746.929199, 70.849586, 8893.775391>) requested data for lock!
[13:51:50] Player (HighTechTerror, 76561197972187582)(<5746.929199, 70.849586, 8893.775391>) requested data for lock!
[16:17:32] Player (Crashfool, 76561198289145406)(<11127.880859, 106.702026, 9501.662109>) requested data for lock!
[16:50:08] Player (Crashfool, 76561198289145406)(<12457.237305, 48.206120, 8419.958008>) requested data for lock!
[12-16-2024][17.00.23] Log file reloaded ( Server Restart )
[17:41:51] Player (Crashfool, 76561198289145406)(<12457.237305, 48.206120, 8419.958008>) requested data for lock!
[18:20:50] Player (luizredfield30, 76561199770341255)(<7334.590332, 81.730453, 12397.067383>) requested data for lock!
[18:20:50] Player (luizredfield30, 76561199770341255)(<7334.517578, 83.857002, 12397.041992>) requested data for lock!
[18:20:50] Player (luizredfield30, 76561199770341255)(<7355.947266, 84.361282, 12388.909180>) requested data for lock!
[18:20:50] Player (luizredfield30, 76561199770341255)(<7355.812500, 81.730453, 12388.950195>) requested data for lock!
[18:20:50] Player (luizredfield30, 76561199770341255)(<7355.576172, 81.730453, 12388.914063>) requested data for lock!
[18:20:50] Player (luizredfield30, 76561199770341255)(<7355.454102, 81.730453, 12388.909180>) requested data for lock!
[18:20:50] Player (luizredfield30, 76561199770341255)(<7334.615234, 81.730453, 12396.931641>) requested data for lock!
[18:20:50] Player (luizredfield30, 76561199770341255)(<7355.248535, 81.730453, 12388.920898>) requested data for lock!
[18:20:50] Player (luizredfield30, 76561199770341255)(<7334.545410, 81.730453, 12396.727539>) requested data for lock!
[18:35:32] Player (Crashfool, 76561198289145406)(<12457.237305, 48.206120, 8419.958008>) requested data for lock!
[18:40:35] Player (luizredfield30, 76561199770341255)(<7355.454102, 81.730453, 12388.909180>) requested data for lock!
[18:40:50] Player (luizredfield30, 76561199770341255)(<7355.248535, 81.730453, 12388.920898>) requested data for lock!
[18:41:02] Player (luizredfield30, 76561199770341255)(<7355.576172, 81.730453, 12388.914063>) requested data for lock!
[19:11:36] Player (FreeRanger, 76561198035689928)(<7224.133301, 10.915239, 7848.691406>) requested data for lock!
[19:11:36] Player (FreeRanger, 76561198035689928)(<7244.721680, 3.842066, 7828.232910>) requested data for lock!
[19:11:36] Player (FreeRanger, 76561198035689928)(<7631.311035, 12.787427, 8534.870117>) requested data for lock!
[19:11:36] Player (FreeRanger, 76561198035689928)(<7626.640137, 10.043794, 8539.677734>) requested data for lock!
[19:11:36] Player (FreeRanger, 76561198035689928)(<7241.480957, 3.950430, 7825.958984>) requested data for lock!
[19:40:25] Player ([ISG] Nescau, 76561198440552318)(<7334.590332, 81.730453, 12397.067383>) requested data for lock!
[19:40:25] Player ([ISG] Nescau, 76561198440552318)(<7334.517578, 83.857002, 12397.041992>) requested data for lock!
[19:40:25] Player ([ISG] Nescau, 76561198440552318)(<7355.947266, 84.361282, 12388.909180>) requested data for lock!
[19:40:25] Player ([ISG] Nescau, 76561198440552318)(<7355.812500, 81.730453, 12388.950195>) requested data for lock!
[19:40:25] Player ([ISG] Nescau, 76561198440552318)(<7355.576172, 81.730453, 12388.914063>) requested data for lock!
[19:40:25] Player ([ISG] Nescau, 76561198440552318)(<7355.454102, 81.730453, 12388.909180>) requested data for lock!
[19:40:25] Player ([ISG] Nescau, 76561198440552318)(<7334.615234, 81.730453, 12396.931641>) requested data for lock!
[19:40:25] Player ([ISG] Nescau, 76561198440552318)(<7355.248535, 81.730453, 12388.920898>) requested data for lock!
[19:40:25] Player ([ISG] Nescau, 76561198440552318)(<7334.545410, 81.730453, 12396.727539>) requested data for lock!
[20:08:16] Player (brysonZ28, 76561198412009942)(<11127.880859, 106.702026, 9501.662109>) requested data for lock!
[20:13:59] Player (luizredfield30, 76561199770341255)(<7355.947266, 84.361282, 12388.909180>) requested data for lock!
[20:13:59] Player (luizredfield30, 76561199770341255)(<7355.812500, 81.730453, 12388.950195>) requested data for lock!
[20:13:59] Player (luizredfield30, 76561199770341255)(<7355.576172, 81.730453, 12388.914063>) requested data for lock!
[20:13:59] Player (luizredfield30, 76561199770341255)(<7355.454102, 81.730453, 12388.909180>) requested data for lock!
[20:13:59] Player (luizredfield30, 76561199770341255)(<7355.248535, 81.730453, 12388.920898>) requested data for lock!
[20:14:04] Player (luizredfield30, 76561199770341255)(<7334.590332, 81.730453, 12397.067383>) requested data for lock!
[20:14:04] Player (luizredfield30, 76561199770341255)(<7334.517578, 83.857002, 12397.041992>) requested data for lock!
[20:14:04] Player (luizredfield30, 76561199770341255)(<7334.615234, 81.730453, 12396.931641>) requested data for lock!
[20:14:04] Player (luizredfield30, 76561199770341255)(<7334.545410, 81.730453, 12396.727539>) requested data for lock!
[20:18:54] Player (luizredfield30, 76561199770341255)(<7355.947266, 84.361282, 12388.909180>) requested data for lock!
[20:18:54] Player (luizredfield30, 76561199770341255)(<7355.812500, 81.730453, 12388.950195>) requested data for lock!
[20:18:54] Player (luizredfield30, 76561199770341255)(<7355.576172, 81.730453, 12388.914063>) requested data for lock!
[20:18:54] Player (luizredfield30, 76561199770341255)(<7355.454102, 81.730453, 12388.909180>) requested data for lock!
[20:18:55] Player (luizredfield30, 76561199770341255)(<7355.248535, 81.730453, 12388.920898>) requested data for lock!
[20:19:10] Player ([ISG] Nescau, 76561198440552318)(<7355.947266, 84.361282, 12388.909180>) requested data for lock!
[20:19:10] Player ([ISG] Nescau, 76561198440552318)(<7355.812500, 81.730453, 12388.950195>) requested data for lock!
[20:19:10] Player ([ISG] Nescau, 76561198440552318)(<7355.576172, 81.730453, 12388.914063>) requested data for lock!
[20:19:10] Player ([ISG] Nescau, 76561198440552318)(<7355.454102, 81.730453, 12388.909180>) requested data for lock!
[20:19:10] Player ([ISG] Nescau, 76561198440552318)(<7355.248535, 81.730453, 12388.920898>) requested data for lock!
[20:19:51] Player ([ISG] Nescau, 76561198440552318)(<9318.663086, 54.329174, 13091.610352>) requested data for lock!
[20:19:51] Player ([ISG] Nescau, 76561198440552318)(<9316.858398, 54.329174, 13092.093750>) requested data for lock!
[20:19:51] Player ([ISG] Nescau, 76561198440552318)(<9317.154297, 54.329174, 13091.982422>) requested data for lock!
[20:20:06] Player (luizredfield30, 76561199770341255)(<9318.663086, 54.329174, 13091.610352>) requested data for lock!
[20:20:07] Player (luizredfield30, 76561199770341255)(<9316.858398, 54.329174, 13092.093750>) requested data for lock!
[20:20:07] Player (luizredfield30, 76561199770341255)(<9317.154297, 54.329174, 13091.982422>) requested data for lock!
[20:21:20] Player (luizredfield30, 76561199770341255)(<7334.590332, 81.730453, 12397.067383>) requested data for lock!
[20:21:21] Player (luizredfield30, 76561199770341255)(<7334.517578, 83.857002, 12397.041992>) requested data for lock!
[20:21:21] Player (luizredfield30, 76561199770341255)(<7334.615234, 81.730453, 12396.931641>) requested data for lock!
[20:21:21] Player (luizredfield30, 76561199770341255)(<7334.545410, 81.730453, 12396.727539>) requested data for lock!
[20:21:21] Player ([ISG] Nescau, 76561198440552318)(<7334.590332, 81.730453, 12397.067383>) requested data for lock!
[20:21:21] Player ([ISG] Nescau, 76561198440552318)(<7334.517578, 83.857002, 12397.041992>) requested data for lock!
[20:21:21] Player ([ISG] Nescau, 76561198440552318)(<7334.615234, 81.730453, 12396.931641>) requested data for lock!
[20:21:22] Player ([ISG] Nescau, 76561198440552318)(<7334.545410, 81.730453, 12396.727539>) requested data for lock!
[12-16-2024][21.00.21] Log file reloaded ( Server Restart )
[21:01:36] Player (luizredfield30, 76561199770341255)(<7355.947266, 84.361282, 12388.909180>) requested data for lock!
[21:01:36] Player (luizredfield30, 76561199770341255)(<7334.615234, 81.730453, 12396.931641>) requested data for lock!
[21:01:36] Player (luizredfield30, 76561199770341255)(<7355.812500, 81.730453, 12388.950195>) requested data for lock!
[21:01:36] Player (luizredfield30, 76561199770341255)(<7355.454102, 81.730453, 12388.909180>) requested data for lock!
[21:01:37] Player (luizredfield30, 76561199770341255)(<7355.576172, 81.730453, 12388.914063>) requested data for lock!
[21:01:37] Player (luizredfield30, 76561199770341255)(<7334.545410, 81.730453, 12396.727539>) requested data for lock!
[21:01:37] Player (luizredfield30, 76561199770341255)(<7334.517578, 83.857002, 12397.041992>) requested data for lock!
[21:01:37] Player (luizredfield30, 76561199770341255)(<7355.248535, 81.730453, 12388.920898>) requested data for lock!
[21:01:37] Player (luizredfield30, 76561199770341255)(<7334.590332, 81.730453, 12397.067383>) requested data for lock!
[21:01:55] Player (brysonZ28, 76561198412009942)(<11127.880859, 106.702026, 9501.662109>) requested data for lock!
[22:30:27] Player ((DDAB) Tsar James, 76561198032650597)(<12474.789063, 10.632333, 2383.812988>) requested data for lock!
[22:30:27] Player (Shazbot, 76561198047887191)(<12474.789063, 10.632333, 2383.812988>) requested data for lock!
[22:30:27] Player (jstone113, 76561199013854003)(<12474.789063, 10.632333, 2383.812988>) requested data for lock!
[22:30:55] Player (Shazbot, 76561198047887191)(<12474.789063, 10.632333, 2383.812988>) requested data for lock!
[22:30:55] Player ((DDAB) Tsar James, 76561198032650597)(<12474.789063, 10.632333, 2383.812988>) requested data for lock!
[22:30:55] Player (jstone113, 76561199013854003)(<12474.789063, 10.632333, 2383.812988>) requested data for lock!
[22:41:16] Player ((DDAB) Tsar James, 76561198032650597)(<12474.789063, 10.632333, 2383.812988>) requested data for lock!
[22:41:16] Player (Shazbot, 76561198047887191)(<12474.789063, 10.632333, 2383.812988>) requested data for lock!
[22:41:16] Player (jstone113, 76561199013854003)(<12474.789063, 10.632333, 2383.812988>) requested data for lock!
[22:52:36] Player (Shazbot, 76561198047887191)(<12474.789063, 10.632333, 2383.812988>) requested data for lock!
[22:53:09] Player (jstone113, 76561199013854003)(<12474.789063, 10.632333, 2383.812988>) requested data for lock!
[22:58:00] Player ((DDAB) Tsar James, 76561198032650597)(<12474.789063, 10.632333, 2383.812988>) requested data for lock!
