[12-23-2024][00.00.22] New Synch Log File Created!
[00:43:32] Player (BILL, 76561198814955756)(<8072.392578, 27.662115, 7855.935059>) requested data for lock!
[00:43:32] Player (BILL, 76561198814955756)(<8066.057129, 27.662161, 7856.242676>) requested data for lock!
[00:43:33] Player (BILL, 76561198814955756)(<8064.213379, 27.662161, 7856.570801>) requested data for lock!
[00:43:36] Player (BILL, 76561198814955756)(<8046.105957, 27.662138, 7867.672363>) requested data for lock!
[00:43:36] Player (BILL, 76561198814955756)(<8051.116699, 27.662161, 7863.484375>) requested data for lock!
[00:43:36] Player (BILL, 76561198814955756)(<8048.060547, 27.662161, 7867.532227>) requested data for lock!
[00:43:37] Player (BILL, 76561198814955756)(<8041.888184, 27.662138, 7867.689453>) requested data for lock!
[00:49:16] Player (BILL, 76561198814955756)(<7626.640137, 10.043794, 8539.677734>) requested data for lock!
[00:49:38] Player (BILL, 76561198814955756)(<7241.480957, 3.950430, 7825.958984>) requested data for lock!
[00:49:38] Player (BILL, 76561198814955756)(<7244.721680, 3.842066, 7828.232910>) requested data for lock!
[00:49:41] Player (BILL, 76561198814955756)(<7224.133301, 10.915239, 7848.691406>) requested data for lock!
[01:53:27] Player (Code Man, 76561197981923190)(<7626.640137, 10.043794, 8539.677734>) requested data for lock!
[01:59:49] Player (Big_Steve, 76561198071307767)(<9481.520508, 95.982422, 10884.832031>) requested data for lock!
[02:20:15] Player (Big_Steve, 76561198071307767)(<7360.089844, 82.019249, 12389.973633>) requested data for lock!
[02:20:15] Player (Big_Steve, 76561198071307767)(<7359.518066, 86.602303, 12394.140625>) requested data for lock!
[02:20:16] Player (Big_Steve, 76561198071307767)(<7355.576172, 81.730453, 12388.914063>) requested data for lock!
[02:20:16] Player (Big_Steve, 76561198071307767)(<7355.248535, 81.730453, 12388.920898>) requested data for lock!
[02:20:16] Player (Big_Steve, 76561198071307767)(<7355.812500, 81.730453, 12388.950195>) requested data for lock!
[02:20:16] Player (Big_Steve, 76561198071307767)(<7355.947266, 84.361282, 12388.909180>) requested data for lock!
[02:20:17] Player (Big_Steve, 76561198071307767)(<7355.454102, 81.730453, 12388.909180>) requested data for lock!
[02:22:21] Player (Big_Steve, 76561198071307767)(<9316.858398, 54.329174, 13092.093750>) requested data for lock!
[02:22:21] Player (Big_Steve, 76561198071307767)(<9317.154297, 54.329174, 13091.982422>) requested data for lock!
[02:22:21] Player (Big_Steve, 76561198071307767)(<9318.663086, 54.329174, 13091.610352>) requested data for lock!
[02:23:58] Player (Big_Steve, 76561198071307767)(<9316.858398, 54.329174, 13092.093750>) requested data for lock!
[02:23:58] Player (Big_Steve, 76561198071307767)(<9317.154297, 54.329174, 13091.982422>) requested data for lock!
[02:23:59] Player (Big_Steve, 76561198071307767)(<9318.663086, 54.329174, 13091.610352>) requested data for lock!
[02:24:22] Player (Big_Steve, 76561198071307767)(<7360.089844, 82.019249, 12389.973633>) requested data for lock!
[02:24:23] Player (Big_Steve, 76561198071307767)(<7355.576172, 81.730453, 12388.914063>) requested data for lock!
[02:24:23] Player (Big_Steve, 76561198071307767)(<7355.248535, 81.730453, 12388.920898>) requested data for lock!
[02:24:23] Player (Big_Steve, 76561198071307767)(<7355.812500, 81.730453, 12388.950195>) requested data for lock!
[02:24:24] Player (Big_Steve, 76561198071307767)(<7355.947266, 84.361282, 12388.909180>) requested data for lock!
[02:24:24] Player (Big_Steve, 76561198071307767)(<7355.454102, 81.730453, 12388.909180>) requested data for lock!
[02:24:24] Player (Big_Steve, 76561198071307767)(<7359.518066, 86.602303, 12394.140625>) requested data for lock!
[02:24:26] Player (Big_Steve, 76561198071307767)(<7334.615234, 81.730453, 12396.931641>) requested data for lock!
[02:24:26] Player (Big_Steve, 76561198071307767)(<7334.517578, 83.857002, 12397.041992>) requested data for lock!
[02:24:26] Player (Big_Steve, 76561198071307767)(<7334.545410, 81.730453, 12396.727539>) requested data for lock!
[02:24:26] Player (Big_Steve, 76561198071307767)(<7334.590332, 81.730453, 12397.067383>) requested data for lock!
[02:26:39] Player (Big_Steve, 76561198071307767)(<9316.858398, 54.329174, 13092.093750>) requested data for lock!
[02:26:39] Player (Big_Steve, 76561198071307767)(<9317.154297, 54.329174, 13091.982422>) requested data for lock!
[02:26:39] Player (Big_Steve, 76561198071307767)(<9318.663086, 54.329174, 13091.610352>) requested data for lock!
[02:28:33] Player (Big_Steve, 76561198071307767)(<9316.858398, 54.329174, 13092.093750>) requested data for lock!
[02:28:34] Player (Big_Steve, 76561198071307767)(<9317.154297, 54.329174, 13091.982422>) requested data for lock!
[02:28:34] Player (Big_Steve, 76561198071307767)(<9318.663086, 54.329174, 13091.610352>) requested data for lock!
[02:29:10] Player (Big_Steve, 76561198071307767)(<9316.858398, 54.329174, 13092.093750>) requested data for lock!
[02:29:10] Player (Big_Steve, 76561198071307767)(<9317.154297, 54.329174, 13091.982422>) requested data for lock!
[02:29:10] Player (Big_Steve, 76561198071307767)(<9318.663086, 54.329174, 13091.610352>) requested data for lock!
[02:29:31] Player (Big_Steve, 76561198071307767)(<9318.663086, 54.329174, 13091.610352>) requested data for lock!
[02:30:04] Player (Big_Steve, 76561198071307767)(<9316.858398, 54.329174, 13092.093750>) requested data for lock!
[02:30:04] Player (Big_Steve, 76561198071307767)(<9317.154297, 54.329174, 13091.982422>) requested data for lock!
[02:30:04] Player (Big_Steve, 76561198071307767)(<9318.663086, 54.329174, 13091.610352>) requested data for lock!
[02:30:25] Player (Big_Steve, 76561198071307767)(<9316.858398, 54.329174, 13092.093750>) requested data for lock!
[02:30:26] Player (Big_Steve, 76561198071307767)(<9317.154297, 54.329174, 13091.982422>) requested data for lock!
[02:30:26] Player (Big_Steve, 76561198071307767)(<9318.663086, 54.329174, 13091.610352>) requested data for lock!
[02:31:14] Player (Big_Steve, 76561198071307767)(<9316.858398, 54.329174, 13092.093750>) requested data for lock!
[02:31:14] Player (Big_Steve, 76561198071307767)(<9317.154297, 54.329174, 13091.982422>) requested data for lock!
[02:31:14] Player (Big_Steve, 76561198071307767)(<9318.663086, 54.329174, 13091.610352>) requested data for lock!
[02:40:47] Player (Big_Steve, 76561198071307767)(<9318.663086, 54.329174, 13091.610352>) requested data for lock!
[02:41:05] Player (Big_Steve, 76561198071307767)(<9316.858398, 54.329174, 13092.093750>) requested data for lock!
[02:41:05] Player (Big_Steve, 76561198071307767)(<9317.154297, 54.329174, 13091.982422>) requested data for lock!
[02:41:05] Player (Big_Steve, 76561198071307767)(<9318.663086, 54.329174, 13091.610352>) requested data for lock!
[02:57:00] Player (Big_Steve, 76561198071307767)(<9316.858398, 54.329174, 13092.093750>) requested data for lock!
[02:57:01] Player (Big_Steve, 76561198071307767)(<9317.154297, 54.329174, 13091.982422>) requested data for lock!
[02:57:01] Player (Big_Steve, 76561198071307767)(<9318.663086, 54.329174, 13091.610352>) requested data for lock!
[02:57:03] Player (Tarasta, 76561198007679838)(<9316.858398, 54.329174, 13092.093750>) requested data for lock!
[02:57:03] Player (Tarasta, 76561198007679838)(<9317.154297, 54.329174, 13091.982422>) requested data for lock!
[02:57:03] Player (Tarasta, 76561198007679838)(<9318.663086, 54.329174, 13091.610352>) requested data for lock!
[03:01:42] Player (Big_Steve, 76561198071307767)(<9316.858398, 54.329174, 13092.093750>) requested data for lock!
[03:02:13] Player (Big_Steve, 76561198071307767)(<9317.154297, 54.329174, 13091.982422>) requested data for lock!
[03:02:13] Player (Big_Steve, 76561198071307767)(<9318.663086, 54.329174, 13091.610352>) requested data for lock!
[03:02:14] Player (Big_Steve, 76561198071307767)(<9316.858398, 54.329174, 13092.093750>) requested data for lock!
[03:04:20] Player (Tarasta, 76561198007679838)(<9316.858398, 54.329174, 13092.093750>) requested data for lock!
[03:04:20] Player (Tarasta, 76561198007679838)(<9317.154297, 54.329174, 13091.982422>) requested data for lock!
[03:04:20] Player (Tarasta, 76561198007679838)(<9318.663086, 54.329174, 13091.610352>) requested data for lock!
[03:08:05] Player (Big_Steve, 76561198071307767)(<9316.858398, 54.329174, 13092.093750>) requested data for lock!
[03:08:06] Player (Big_Steve, 76561198071307767)(<9317.154297, 54.329174, 13091.982422>) requested data for lock!
[03:08:06] Player (Big_Steve, 76561198071307767)(<9318.663086, 54.329174, 13091.610352>) requested data for lock!
[03:08:35] Player (Big_Steve, 76561198071307767)(<7355.576172, 81.730453, 12388.914063>) requested data for lock!
[03:08:35] Player (Big_Steve, 76561198071307767)(<7355.248535, 81.730453, 12388.920898>) requested data for lock!
[03:08:36] Player (Big_Steve, 76561198071307767)(<7355.812500, 81.730453, 12388.950195>) requested data for lock!
[03:08:36] Player (Big_Steve, 76561198071307767)(<7355.947266, 84.361282, 12388.909180>) requested data for lock!
[03:08:36] Player (Big_Steve, 76561198071307767)(<7360.089844, 82.019249, 12389.973633>) requested data for lock!
[03:08:37] Player (Big_Steve, 76561198071307767)(<7355.454102, 81.730453, 12388.909180>) requested data for lock!
[03:08:37] Player (Big_Steve, 76561198071307767)(<7359.518066, 86.602303, 12394.140625>) requested data for lock!
[03:08:38] Player (Big_Steve, 76561198071307767)(<7334.615234, 81.730453, 12396.931641>) requested data for lock!
[03:08:38] Player (Big_Steve, 76561198071307767)(<7334.517578, 83.857002, 12397.041992>) requested data for lock!
[03:08:38] Player (Big_Steve, 76561198071307767)(<7334.545410, 81.730453, 12396.727539>) requested data for lock!
[03:08:38] Player (Big_Steve, 76561198071307767)(<7334.590332, 81.730453, 12397.067383>) requested data for lock!
[03:08:59] Player (Big_Steve, 76561198071307767)(<9316.858398, 54.329174, 13092.093750>) requested data for lock!
[03:08:59] Player (Big_Steve, 76561198071307767)(<9317.154297, 54.329174, 13091.982422>) requested data for lock!
[03:08:59] Player (Big_Steve, 76561198071307767)(<9318.663086, 54.329174, 13091.610352>) requested data for lock!
[03:09:37] Player (Big_Steve, 76561198071307767)(<7360.089844, 82.019249, 12389.973633>) requested data for lock!
[03:09:37] Player (Big_Steve, 76561198071307767)(<7359.518066, 86.602303, 12394.140625>) requested data for lock!
[03:09:38] Player (Big_Steve, 76561198071307767)(<7355.576172, 81.730453, 12388.914063>) requested data for lock!
[03:09:38] Player (Big_Steve, 76561198071307767)(<7355.248535, 81.730453, 12388.920898>) requested data for lock!
[03:09:38] Player (Big_Steve, 76561198071307767)(<7355.812500, 81.730453, 12388.950195>) requested data for lock!
[03:09:38] Player (Big_Steve, 76561198071307767)(<7355.947266, 84.361282, 12388.909180>) requested data for lock!
[03:09:38] Player (Big_Steve, 76561198071307767)(<7355.454102, 81.730453, 12388.909180>) requested data for lock!
[03:09:42] Player (Big_Steve, 76561198071307767)(<7334.615234, 81.730453, 12396.931641>) requested data for lock!
[03:09:42] Player (Big_Steve, 76561198071307767)(<7334.517578, 83.857002, 12397.041992>) requested data for lock!
[03:09:42] Player (Big_Steve, 76561198071307767)(<7334.545410, 81.730453, 12396.727539>) requested data for lock!
[03:09:42] Player (Big_Steve, 76561198071307767)(<7334.590332, 81.730453, 12397.067383>) requested data for lock!
[03:15:16] Player (Big_Steve, 76561198071307767)(<9481.520508, 95.982422, 10884.832031>) requested data for lock!
[03:19:54] Player (Code Man, 76561197981923190)(<7626.640137, 10.043794, 8539.677734>) requested data for lock!
[03:30:32] Player (Tarasta, 76561198007679838)(<9481.520508, 95.982422, 10884.832031>) requested data for lock!
[03:41:44] Player (Tarasta, 76561198007679838)(<7355.576172, 81.730453, 12388.914063>) requested data for lock!
[03:41:44] Player (Tarasta, 76561198007679838)(<7355.248535, 81.730453, 12388.920898>) requested data for lock!
[03:41:44] Player (Tarasta, 76561198007679838)(<7355.812500, 81.730453, 12388.950195>) requested data for lock!
[03:41:44] Player (Tarasta, 76561198007679838)(<7355.947266, 84.361282, 12388.909180>) requested data for lock!
[03:41:44] Player (Tarasta, 76561198007679838)(<7360.089844, 82.019249, 12389.973633>) requested data for lock!
[03:41:45] Player (Tarasta, 76561198007679838)(<7355.454102, 81.730453, 12388.909180>) requested data for lock!
[03:41:45] Player (Tarasta, 76561198007679838)(<7359.518066, 86.602303, 12394.140625>) requested data for lock!
[03:44:09] Player (Tarasta, 76561198007679838)(<7334.615234, 81.730453, 12396.931641>) requested data for lock!
[03:44:09] Player (Tarasta, 76561198007679838)(<7334.517578, 83.857002, 12397.041992>) requested data for lock!
[03:44:09] Player (Tarasta, 76561198007679838)(<7334.545410, 81.730453, 12396.727539>) requested data for lock!
[03:44:09] Player (Tarasta, 76561198007679838)(<7334.590332, 81.730453, 12397.067383>) requested data for lock!
[04:17:38] Player (Tarasta, 76561198007679838)(<9481.520508, 95.982422, 10884.832031>) requested data for lock!
[04:31:32] Player (Tarasta, 76561198007679838)(<9481.520508, 95.982422, 10884.832031>) requested data for lock!
[12-23-2024][05.00.21] Log file reloaded ( Server Restart )
[06:45:50] Player (BILL, 76561198814955756)(<7224.133301, 10.915239, 7848.691406>) requested data for lock!
[06:45:50] Player (BILL, 76561198814955756)(<7241.480957, 3.950430, 7825.958984>) requested data for lock!
[06:45:50] Player (BILL, 76561198814955756)(<7244.721680, 3.842066, 7828.232910>) requested data for lock!
[06:45:50] Player (BILL, 76561198814955756)(<7626.640137, 10.043794, 8539.677734>) requested data for lock!
[06:45:50] Player (BILL, 76561198814955756)(<8046.105957, 27.662138, 7867.672363>) requested data for lock!
[06:45:50] Player (BILL, 76561198814955756)(<8072.392578, 27.662115, 7855.935059>) requested data for lock!
[06:45:50] Player (BILL, 76561198814955756)(<8048.060547, 27.662161, 7867.532227>) requested data for lock!
[06:45:50] Player (BILL, 76561198814955756)(<8051.116699, 27.662161, 7863.484375>) requested data for lock!
[06:45:50] Player (BILL, 76561198814955756)(<8064.213379, 27.662161, 7856.570801>) requested data for lock!
[06:45:50] Player (BILL, 76561198814955756)(<8041.888184, 27.662138, 7867.689453>) requested data for lock!
[06:45:50] Player (BILL, 76561198814955756)(<8066.057129, 27.662161, 7856.242676>) requested data for lock!
[07:37:06] Player (BILL, 76561198814955756)(<9481.520508, 95.982422, 10884.832031>) requested data for lock!
[08:01:22] Player (BILL, 76561198814955756)(<7626.640137, 10.043794, 8539.677734>) requested data for lock!
[08:01:52] Player (BILL, 76561198814955756)(<8046.105957, 27.662138, 7867.672363>) requested data for lock!
[08:01:52] Player (BILL, 76561198814955756)(<8048.060547, 27.662161, 7867.532227>) requested data for lock!
[08:01:53] Player (BILL, 76561198814955756)(<8041.888184, 27.662138, 7867.689453>) requested data for lock!
[08:01:53] Player (BILL, 76561198814955756)(<8051.116699, 27.662161, 7863.484375>) requested data for lock!
[08:01:53] Player (BILL, 76561198814955756)(<8072.392578, 27.662115, 7855.935059>) requested data for lock!
[08:01:53] Player (BILL, 76561198814955756)(<8064.213379, 27.662161, 7856.570801>) requested data for lock!
[08:01:54] Player (BILL, 76561198814955756)(<8066.057129, 27.662161, 7856.242676>) requested data for lock!
[08:01:54] Player (BILL, 76561198814955756)(<7224.133301, 10.915239, 7848.691406>) requested data for lock!
[08:01:55] Player (BILL, 76561198814955756)(<7241.480957, 3.950430, 7825.958984>) requested data for lock!
[08:01:55] Player (BILL, 76561198814955756)(<7244.721680, 3.842066, 7828.232910>) requested data for lock!
[08:02:13] Player (BILL, 76561198814955756)(<8064.213379, 27.662161, 7856.570801>) requested data for lock!
[08:02:13] Player (BILL, 76561198814955756)(<8066.057129, 27.662161, 7856.242676>) requested data for lock!
[08:02:14] Player (BILL, 76561198814955756)(<8072.392578, 27.662115, 7855.935059>) requested data for lock!
[12-23-2024][09.00.21] Log file reloaded ( Server Restart )
[11:58:49] Player (luizredfield30, 76561199770341255)(<9318.663086, 54.329174, 13091.610352>) requested data for lock!
[11:58:51] Player (luizredfield30, 76561199770341255)(<9316.858398, 54.329174, 13092.093750>) requested data for lock!
[11:58:51] Player (luizredfield30, 76561199770341255)(<9317.154297, 54.329174, 13091.982422>) requested data for lock!
[12:21:40] Player (luizredfield30, 76561199770341255)(<9316.858398, 54.329174, 13092.093750>) requested data for lock!
[12:21:40] Player (luizredfield30, 76561199770341255)(<9318.663086, 54.329174, 13091.610352>) requested data for lock!
[12:21:41] Player (luizredfield30, 76561199770341255)(<9317.154297, 54.329174, 13091.982422>) requested data for lock!
[12-23-2024][13.00.23] Log file reloaded ( Server Restart )
[13:09:39] Player (HighTechTerror, 76561197972187582)(<9318.663086, 54.329174, 13091.610352>) requested data for lock!
[13:09:39] Player (HighTechTerror, 76561197972187582)(<9316.858398, 54.329174, 13092.093750>) requested data for lock!
[13:09:39] Player (HighTechTerror, 76561197972187582)(<9317.154297, 54.329174, 13091.982422>) requested data for lock!
[13:09:40] Player (spamin8r, 76561197975275353)(<9318.663086, 54.329174, 13091.610352>) requested data for lock!
[13:09:40] Player (spamin8r, 76561197975275353)(<9316.858398, 54.329174, 13092.093750>) requested data for lock!
[13:09:40] Player (spamin8r, 76561197975275353)(<9317.154297, 54.329174, 13091.982422>) requested data for lock!
[13:11:36] Player (AssGasket, 76561197974341881)(<9318.663086, 54.329174, 13091.610352>) requested data for lock!
[13:11:36] Player (AssGasket, 76561197974341881)(<9316.858398, 54.329174, 13092.093750>) requested data for lock!
[13:11:36] Player (AssGasket, 76561197974341881)(<9317.154297, 54.329174, 13091.982422>) requested data for lock!
[13:11:38] Player (HighTechTerror, 76561197972187582)(<9318.663086, 54.329174, 13091.610352>) requested data for lock!
[13:11:38] Player (HighTechTerror, 76561197972187582)(<9316.858398, 54.329174, 13092.093750>) requested data for lock!
[13:11:38] Player (HighTechTerror, 76561197972187582)(<9317.154297, 54.329174, 13091.982422>) requested data for lock!
[14:10:02] Player (AssGasket, 76561197974341881)(<11127.880859, 106.702026, 9501.662109>) requested data for lock!
[14:10:06] Player (spamin8r, 76561197975275353)(<11127.880859, 106.702026, 9501.662109>) requested data for lock!
[14:10:07] Player (HighTechTerror, 76561197972187582)(<11127.880859, 106.702026, 9501.662109>) requested data for lock!
[14:15:00] Player (luizredfield30, 76561199770341255)(<7334.545410, 81.730453, 12396.727539>) requested data for lock!
[14:15:00] Player (luizredfield30, 76561199770341255)(<7334.590332, 81.730453, 12397.067383>) requested data for lock!
[14:15:01] Player (luizredfield30, 76561199770341255)(<7334.615234, 81.730453, 12396.931641>) requested data for lock!
[14:15:01] Player (luizredfield30, 76561199770341255)(<7334.517578, 83.857002, 12397.041992>) requested data for lock!
[14:15:06] Player (luizredfield30, 76561199770341255)(<7359.518066, 86.602303, 12394.140625>) requested data for lock!
[14:15:09] Player (luizredfield30, 76561199770341255)(<7355.454102, 81.730453, 12388.909180>) requested data for lock!
[14:15:09] Player (luizredfield30, 76561199770341255)(<7360.089844, 82.019249, 12389.973633>) requested data for lock!
[14:15:09] Player (luizredfield30, 76561199770341255)(<7355.947266, 84.361282, 12388.909180>) requested data for lock!
[14:15:09] Player (luizredfield30, 76561199770341255)(<7355.576172, 81.730453, 12388.914063>) requested data for lock!
[14:15:09] Player (luizredfield30, 76561199770341255)(<7355.248535, 81.730453, 12388.920898>) requested data for lock!
[14:15:09] Player (luizredfield30, 76561199770341255)(<7355.812500, 81.730453, 12388.950195>) requested data for lock!
[14:28:06] Player (Luiz, 76561199770341255)(<7355.454102, 81.730453, 12388.909180>) requested data for lock!
[14:28:06] Player (Luiz, 76561199770341255)(<7334.545410, 81.730453, 12396.727539>) requested data for lock!
[14:28:06] Player (Luiz, 76561199770341255)(<7334.590332, 81.730453, 12397.067383>) requested data for lock!
[14:28:06] Player (Luiz, 76561199770341255)(<7334.615234, 81.730453, 12396.931641>) requested data for lock!
[14:28:06] Player (Luiz, 76561199770341255)(<7334.517578, 83.857002, 12397.041992>) requested data for lock!
[14:28:06] Player (Luiz, 76561199770341255)(<7360.089844, 82.019249, 12389.973633>) requested data for lock!
[14:28:06] Player (Luiz, 76561199770341255)(<7355.947266, 84.361282, 12388.909180>) requested data for lock!
[14:28:06] Player (Luiz, 76561199770341255)(<7355.576172, 81.730453, 12388.914063>) requested data for lock!
[14:28:06] Player (Luiz, 76561199770341255)(<7359.518066, 86.602303, 12394.140625>) requested data for lock!
[14:28:06] Player (Luiz, 76561199770341255)(<7355.248535, 81.730453, 12388.920898>) requested data for lock!
[14:28:06] Player (Luiz, 76561199770341255)(<7355.812500, 81.730453, 12388.950195>) requested data for lock!
[14:55:19] Player (spamin8r, 76561197975275353)(<8072.392578, 27.662115, 7855.935059>) requested data for lock!
[14:55:20] Player (spamin8r, 76561197975275353)(<8064.213379, 27.662161, 7856.570801>) requested data for lock!
[14:55:20] Player (spamin8r, 76561197975275353)(<8066.057129, 27.662161, 7856.242676>) requested data for lock!
[14:55:21] Player (HighTechTerror, 76561197972187582)(<8072.392578, 27.662115, 7855.935059>) requested data for lock!
[14:55:21] Player (HighTechTerror, 76561197972187582)(<8064.213379, 27.662161, 7856.570801>) requested data for lock!
[14:55:21] Player (HighTechTerror, 76561197972187582)(<8066.057129, 27.662161, 7856.242676>) requested data for lock!
[14:55:22] Player (spamin8r, 76561197975275353)(<8051.116699, 27.662161, 7863.484375>) requested data for lock!
[14:55:22] Player (spamin8r, 76561197975275353)(<8048.060547, 27.662161, 7867.532227>) requested data for lock!
[14:55:23] Player (spamin8r, 76561197975275353)(<8046.105957, 27.662138, 7867.672363>) requested data for lock!
[14:55:24] Player (HighTechTerror, 76561197972187582)(<8051.116699, 27.662161, 7863.484375>) requested data for lock!
[14:55:24] Player (HighTechTerror, 76561197972187582)(<8048.060547, 27.662161, 7867.532227>) requested data for lock!
[14:55:25] Player (spamin8r, 76561197975275353)(<8041.888184, 27.662138, 7867.689453>) requested data for lock!
[14:55:27] Player (HighTechTerror, 76561197972187582)(<8041.888184, 27.662138, 7867.689453>) requested data for lock!
[14:55:27] Player (HighTechTerror, 76561197972187582)(<8046.105957, 27.662138, 7867.672363>) requested data for lock!
[14:57:13] Player (spamin8r, 76561197975275353)(<7626.640137, 10.043794, 8539.677734>) requested data for lock!
[14:57:15] Player (HighTechTerror, 76561197972187582)(<7626.640137, 10.043794, 8539.677734>) requested data for lock!
[15:01:09] Player (spamin8r, 76561197975275353)(<7244.721680, 3.842066, 7828.232910>) requested data for lock!
[15:01:10] Player (HighTechTerror, 76561197972187582)(<7244.721680, 3.842066, 7828.232910>) requested data for lock!
[15:01:13] Player (spamin8r, 76561197975275353)(<7241.480957, 3.950430, 7825.958984>) requested data for lock!
[15:01:13] Player (HighTechTerror, 76561197972187582)(<7241.480957, 3.950430, 7825.958984>) requested data for lock!
[15:01:15] Player (spamin8r, 76561197975275353)(<7224.133301, 10.915239, 7848.691406>) requested data for lock!
[15:01:15] Player (HighTechTerror, 76561197972187582)(<7224.133301, 10.915239, 7848.691406>) requested data for lock!
[15:08:30] Player (Luiz, 76561199770341255)(<6044.596680, 34.846451, 10431.335938>) requested data for lock!
[15:08:30] Player (Luiz, 76561199770341255)(<6042.112793, 34.846451, 10435.593750>) requested data for lock!
[15:18:24] Player (Luiz, 76561199770341255)(<6044.596680, 34.846451, 10431.335938>) requested data for lock!
[15:18:24] Player (Luiz, 76561199770341255)(<6042.112793, 34.846451, 10435.593750>) requested data for lock!
[15:21:48] Player (Luiz, 76561199770341255)(<5746.929199, 70.849586, 8893.775391>) requested data for lock!
[15:57:12] Player (oswald, 76561199194608176)(<12457.237305, 48.206120, 8419.958008>) requested data for lock!
[15:59:07] Player (oswald, 76561199194608176)(<12457.237305, 48.206120, 8419.958008>) requested data for lock!
[16:14:14] Player (jstone113, 76561199013854003)(<12474.789063, 10.632333, 2383.812988>) requested data for lock!
[16:35:44] Player (Shazbot, 76561198047887191)(<12474.789063, 10.632333, 2383.812988>) requested data for lock!
[16:37:30] Player (jstone113, 76561199013854003)(<12474.789063, 10.632333, 2383.812988>) requested data for lock!
[12-23-2024][17.00.24] Log file reloaded ( Server Restart )
[17:00:58] Player (Shazbot, 76561198047887191)(<12474.789063, 10.632333, 2383.812988>) requested data for lock!
[17:01:08] Player (jstone113, 76561199013854003)(<12474.789063, 10.632333, 2383.812988>) requested data for lock!
[17:02:10] Player (garcialouie179, 76561199026767091)(<12457.237305, 48.206120, 8419.958008>) requested data for lock!
[17:15:45] Player (garcialouie179, 76561199026767091)(<9316.858398, 54.329174, 13092.093750>) requested data for lock!
[17:15:46] Player (garcialouie179, 76561199026767091)(<9317.154297, 54.329174, 13091.982422>) requested data for lock!
[17:15:46] Player (garcialouie179, 76561199026767091)(<9318.663086, 54.329174, 13091.610352>) requested data for lock!
[17:28:11] Player (jstone113, 76561199013854003)(<12457.237305, 48.206120, 8419.958008>) requested data for lock!
[17:31:48] Player (Shazbot, 76561198047887191)(<12457.237305, 48.206120, 8419.958008>) requested data for lock!
[17:32:47] Player (Rejected Raccoon, 76561198059882428)(<12457.237305, 48.206120, 8419.958008>) requested data for lock!
[17:34:15] Player (jstone113, 76561199013854003)(<12457.237305, 48.206120, 8419.958008>) requested data for lock!
[17:36:48] Player (Shazbot, 76561198047887191)(<12457.237305, 48.206120, 8419.958008>) requested data for lock!
[17:38:28] Player (Shazbot, 76561198047887191)(<12457.237305, 48.206120, 8419.958008>) requested data for lock!
[17:39:01] Player (Shazbot, 76561198047887191)(<12457.237305, 48.206120, 8419.958008>) requested data for lock!
[17:39:05] Player (jstone113, 76561199013854003)(<12457.237305, 48.206120, 8419.958008>) requested data for lock!
[17:59:57] Player (Rejected Raccoon, 76561198059882428)(<12457.237305, 48.206120, 8419.958008>) requested data for lock!
[20:31:27] Player (BILL, 76561198814955756)(<8072.392578, 27.662115, 7855.935059>) requested data for lock!
[20:31:27] Player (BILL, 76561198814955756)(<7626.640137, 10.043794, 8539.677734>) requested data for lock!
[20:31:27] Player (BILL, 76561198814955756)(<7241.480957, 3.950430, 7825.958984>) requested data for lock!
[20:31:27] Player (BILL, 76561198814955756)(<7244.721680, 3.842066, 7828.232910>) requested data for lock!
[20:31:27] Player (BILL, 76561198814955756)(<7224.133301, 10.915239, 7848.691406>) requested data for lock!
[20:31:27] Player (BILL, 76561198814955756)(<8046.105957, 27.662138, 7867.672363>) requested data for lock!
[20:31:27] Player (BILL, 76561198814955756)(<8051.116699, 27.662161, 7863.484375>) requested data for lock!
[20:31:27] Player (BILL, 76561198814955756)(<8048.060547, 27.662161, 7867.532227>) requested data for lock!
[20:31:27] Player (BILL, 76561198814955756)(<8066.057129, 27.662161, 7856.242676>) requested data for lock!
[20:31:27] Player (BILL, 76561198814955756)(<8041.888184, 27.662138, 7867.689453>) requested data for lock!
[20:31:27] Player (BILL, 76561198814955756)(<8064.213379, 27.662161, 7856.570801>) requested data for lock!
[20:38:07] Player (BILL, 76561198814955756)(<8066.695801, 27.662138, 7855.750000>) requested data for lock!
[20:54:08] Player (FreeRanger, 76561198035689928)(<8072.392578, 27.662115, 7855.935059>) requested data for lock!
[20:54:08] Player (FreeRanger, 76561198035689928)(<7626.640137, 10.043794, 8539.677734>) requested data for lock!
[20:54:08] Player (FreeRanger, 76561198035689928)(<7241.480957, 3.950430, 7825.958984>) requested data for lock!
[20:54:08] Player (FreeRanger, 76561198035689928)(<7244.721680, 3.842066, 7828.232910>) requested data for lock!
[20:54:08] Player (FreeRanger, 76561198035689928)(<7224.133301, 10.915239, 7848.691406>) requested data for lock!
[20:54:08] Player (FreeRanger, 76561198035689928)(<8046.105957, 27.662138, 7867.672363>) requested data for lock!
[20:54:08] Player (FreeRanger, 76561198035689928)(<8051.116699, 27.662161, 7863.484375>) requested data for lock!
[20:54:08] Player (FreeRanger, 76561198035689928)(<8048.060547, 27.662161, 7867.532227>) requested data for lock!
[20:54:08] Player (FreeRanger, 76561198035689928)(<8066.057129, 27.662161, 7856.242676>) requested data for lock!
[20:54:08] Player (FreeRanger, 76561198035689928)(<8066.695801, 27.662138, 7855.750000>) requested data for lock!
[20:54:08] Player (FreeRanger, 76561198035689928)(<8041.888184, 27.662138, 7867.689453>) requested data for lock!
[20:54:08] Player (FreeRanger, 76561198035689928)(<8064.213379, 27.662161, 7856.570801>) requested data for lock!
[20:55:48] Player (luizredfield30, 76561198008639541)(<7334.615234, 81.730453, 12396.931641>) requested data for lock!
[20:55:48] Player (luizredfield30, 76561198008639541)(<7334.590332, 81.730453, 12397.067383>) requested data for lock!
[20:55:48] Player (luizredfield30, 76561198008639541)(<7355.576172, 81.730453, 12388.914063>) requested data for lock!
[20:55:48] Player (luizredfield30, 76561198008639541)(<7360.089844, 82.019249, 12389.973633>) requested data for lock!
[20:55:48] Player (luizredfield30, 76561198008639541)(<7355.947266, 84.361282, 12388.909180>) requested data for lock!
[20:55:48] Player (luizredfield30, 76561198008639541)(<7334.545410, 81.730453, 12396.727539>) requested data for lock!
[20:55:48] Player (luizredfield30, 76561198008639541)(<7355.812500, 81.730453, 12388.950195>) requested data for lock!
[20:55:48] Player (luizredfield30, 76561198008639541)(<7355.454102, 81.730453, 12388.909180>) requested data for lock!
[20:55:48] Player (luizredfield30, 76561198008639541)(<7334.517578, 83.857002, 12397.041992>) requested data for lock!
[20:55:48] Player (luizredfield30, 76561198008639541)(<7355.248535, 81.730453, 12388.920898>) requested data for lock!
[20:55:48] Player (luizredfield30, 76561198008639541)(<7359.518066, 86.602303, 12394.140625>) requested data for lock!
[12-23-2024][21.00.21] Log file reloaded ( Server Restart )
[21:00:57] Player (luizredfield30, 76561198008639541)(<7360.089844, 82.019249, 12389.973633>) requested data for lock!
[21:00:57] Player (luizredfield30, 76561198008639541)(<7355.576172, 81.730453, 12388.914063>) requested data for lock!
[21:00:57] Player (luizredfield30, 76561198008639541)(<7355.248535, 81.730453, 12388.920898>) requested data for lock!
[21:00:59] Player (luizredfield30, 76561198008639541)(<7359.518066, 86.602303, 12394.140625>) requested data for lock!
[21:00:59] Player (luizredfield30, 76561198008639541)(<7355.812500, 81.730453, 12388.950195>) requested data for lock!
[21:00:59] Player (luizredfield30, 76561198008639541)(<7334.590332, 81.730453, 12397.067383>) requested data for lock!
[21:00:59] Player (luizredfield30, 76561198008639541)(<7334.545410, 81.730453, 12396.727539>) requested data for lock!
[21:00:59] Player (luizredfield30, 76561198008639541)(<7334.517578, 83.857002, 12397.041992>) requested data for lock!
[21:01:00] Player (luizredfield30, 76561198008639541)(<7334.615234, 81.730453, 12396.931641>) requested data for lock!
[21:01:00] Player (luizredfield30, 76561198008639541)(<7355.454102, 81.730453, 12388.909180>) requested data for lock!
[21:01:00] Player (luizredfield30, 76561198008639541)(<7355.947266, 84.361282, 12388.909180>) requested data for lock!
[21:02:16] Player (BILL, 76561198814955756)(<7241.480957, 3.950430, 7825.958984>) requested data for lock!
[21:02:16] Player (BILL, 76561198814955756)(<7626.640137, 10.043794, 8539.677734>) requested data for lock!
[21:02:16] Player (BILL, 76561198814955756)(<7224.133301, 10.915239, 7848.691406>) requested data for lock!
[21:02:16] Player (BILL, 76561198814955756)(<7244.721680, 3.842066, 7828.232910>) requested data for lock!
[21:02:16] Player (BILL, 76561198814955756)(<8072.392578, 27.662115, 7855.935059>) requested data for lock!
[21:02:16] Player (BILL, 76561198814955756)(<8066.057129, 27.662161, 7856.242676>) requested data for lock!
[21:02:16] Player (BILL, 76561198814955756)(<8048.060547, 27.662161, 7867.532227>) requested data for lock!
[21:02:16] Player (BILL, 76561198814955756)(<8046.105957, 27.662138, 7867.672363>) requested data for lock!
[21:02:17] Player (BILL, 76561198814955756)(<8041.888184, 27.662138, 7867.689453>) requested data for lock!
[21:02:17] Player (BILL, 76561198814955756)(<8066.695801, 27.662138, 7855.750000>) requested data for lock!
[21:02:17] Player (BILL, 76561198814955756)(<8064.213379, 27.662161, 7856.570801>) requested data for lock!
[21:02:17] Player (BILL, 76561198814955756)(<8051.116699, 27.662161, 7863.484375>) requested data for lock!
[21:22:04] Player (Draco, 76561198302078718)(<6044.596680, 34.846451, 10431.335938>) requested data for lock!
[21:22:04] Player (Draco, 76561198302078718)(<6042.112793, 34.846451, 10435.593750>) requested data for lock!
[21:26:54] Player (Draco, 76561198302078718)(<4871.779297, 5.720881, 11321.981445>) requested data for lock!
[21:26:54] Player (Draco, 76561198302078718)(<4870.733887, 5.627413, 11321.759766>) requested data for lock!
[21:26:56] Player (Draco, 76561198302078718)(<4862.399414, 5.761878, 11325.787109>) requested data for lock!
[21:26:56] Player (Draco, 76561198302078718)(<4859.762207, 5.448579, 11280.096680>) requested data for lock!
[21:26:56] Player (Draco, 76561198302078718)(<4860.642578, 5.412148, 11283.935547>) requested data for lock!
[21:36:59] Player (BILL, 76561198814955756)(<8072.392578, 27.662115, 7855.935059>) requested data for lock!
[21:36:59] Player (BILL, 76561198814955756)(<8066.057129, 27.662161, 7856.242676>) requested data for lock!
[21:36:59] Player (BILL, 76561198814955756)(<8066.695801, 27.662138, 7855.750000>) requested data for lock!
[21:37:00] Player (BILL, 76561198814955756)(<8064.213379, 27.662161, 7856.570801>) requested data for lock!
[22:15:44] Player (HighTechTerror, 76561197972187582)(<7241.480957, 3.950430, 7825.958984>) requested data for lock!
[22:15:44] Player (HighTechTerror, 76561197972187582)(<7224.133301, 10.915239, 7848.691406>) requested data for lock!
[22:15:44] Player (HighTechTerror, 76561197972187582)(<7244.721680, 3.842066, 7828.232910>) requested data for lock!
[22:16:14] Player (spamin8r, 76561197975275353)(<7241.480957, 3.950430, 7825.958984>) requested data for lock!
[22:16:14] Player (spamin8r, 76561197975275353)(<7224.133301, 10.915239, 7848.691406>) requested data for lock!
[22:16:14] Player (spamin8r, 76561197975275353)(<7244.721680, 3.842066, 7828.232910>) requested data for lock!
[22:18:05] Player (HighTechTerror, 76561197972187582)(<7241.480957, 3.950430, 7825.958984>) requested data for lock!
[22:18:05] Player (HighTechTerror, 76561197972187582)(<7224.133301, 10.915239, 7848.691406>) requested data for lock!
[22:18:17] Player (HighTechTerror, 76561197972187582)(<7224.133301, 10.915239, 7848.691406>) requested data for lock!
[22:18:29] Player (HighTechTerror, 76561197972187582)(<7241.480957, 3.950430, 7825.958984>) requested data for lock!
[22:18:29] Player (HighTechTerror, 76561197972187582)(<7224.133301, 10.915239, 7848.691406>) requested data for lock!
[22:18:32] Player (HighTechTerror, 76561197972187582)(<7244.721680, 3.842066, 7828.232910>) requested data for lock!
[22:18:38] Player (HighTechTerror, 76561197972187582)(<7244.721680, 3.842066, 7828.232910>) requested data for lock!
[22:19:14] Player (HighTechTerror, 76561197972187582)(<7224.133301, 10.915239, 7848.691406>) requested data for lock!
[22:19:30] Player (spamin8r, 76561197975275353)(<7224.133301, 10.915239, 7848.691406>) requested data for lock!
[22:38:04] Player (spamin8r, 76561197975275353)(<5746.929199, 70.849586, 8893.775391>) requested data for lock!
[22:38:26] Player (HighTechTerror, 76561197972187582)(<5746.929199, 70.849586, 8893.775391>) requested data for lock!
[22:45:11] Player (BILL, 76561198814955756)(<7626.640137, 10.043794, 8539.677734>) requested data for lock!
