[12-24-2024][00.00.22] New Synch Log File Created!
[00:44:45] Player (BILL, 76561198814955756)(<11127.880859, 106.702026, 9501.662109>) requested data for lock!
[03:00:50] Player (Michael Gramlin, 76561197999377814)(<12457.237305, 48.206120, 8419.958008>) requested data for lock!
[12-24-2024][05.00.22] Log file reloaded ( Server Restart )
[12-24-2024][09.00.21] Log file reloaded ( Server Restart )
[10:47:35] Player (Daryl Dixon, 76561199643612211)(<9318.663086, 54.329174, 13091.610352>) requested data for lock!
[10:47:35] Player (Daryl Dixon, 76561199643612211)(<9317.154297, 54.329174, 13091.982422>) requested data for lock!
[10:47:35] Player (Daryl Dixon, 76561199643612211)(<9316.858398, 54.329174, 13092.093750>) requested data for lock!
[11:11:36] Player (Daryl Dixon, 76561199643612211)(<9318.663086, 54.329174, 13091.610352>) requested data for lock!
[11:11:36] Player (Daryl Dixon, 76561199643612211)(<9317.154297, 54.329174, 13091.982422>) requested data for lock!
[11:11:36] Player (Daryl Dixon, 76561199643612211)(<9316.858398, 54.329174, 13092.093750>) requested data for lock!
[11:11:51] Player (Daryl Dixon, 76561199643612211)(<9316.858398, 54.329174, 13092.093750>) requested data for lock!
[11:11:53] Player (Daryl Dixon, 76561199643612211)(<9318.663086, 54.329174, 13091.610352>) requested data for lock!
[11:11:53] Player (Daryl Dixon, 76561199643612211)(<9317.154297, 54.329174, 13091.982422>) requested data for lock!
[11:12:00] Player (Daryl Dixon, 76561199643612211)(<9318.663086, 54.329174, 13091.610352>) requested data for lock!
[11:12:00] Player (Daryl Dixon, 76561199643612211)(<9317.154297, 54.329174, 13091.982422>) requested data for lock!
[11:12:00] Player (Daryl Dixon, 76561199643612211)(<9316.858398, 54.329174, 13092.093750>) requested data for lock!
[11:28:13] Player (Daryl Dixon, 76561199643612211)(<9318.663086, 54.329174, 13091.610352>) requested data for lock!
[11:28:26] Player (Daryl Dixon, 76561199643612211)(<9318.663086, 54.329174, 13091.610352>) requested data for lock!
[12:18:20] Player (Daryl Dixon, 76561199643612211)(<7334.517578, 83.857002, 12397.041992>) requested data for lock!
[12:18:20] Player (Daryl Dixon, 76561199643612211)(<7334.590332, 81.730453, 12397.067383>) requested data for lock!
[12:18:23] Player (Daryl Dixon, 76561199643612211)(<7334.545410, 81.730453, 12396.727539>) requested data for lock!
[12:18:23] Player (Daryl Dixon, 76561199643612211)(<7334.615234, 81.730453, 12396.931641>) requested data for lock!
[12:23:49] Player (Daryl Dixon, 76561199643612211)(<7334.517578, 83.857002, 12397.041992>) requested data for lock!
[12:23:49] Player (Daryl Dixon, 76561199643612211)(<7334.590332, 81.730453, 12397.067383>) requested data for lock!
[12:23:49] Player (Daryl Dixon, 76561199643612211)(<7334.545410, 81.730453, 12396.727539>) requested data for lock!
[12:23:49] Player (Daryl Dixon, 76561199643612211)(<7334.615234, 81.730453, 12396.931641>) requested data for lock!
[12:23:52] Player (Daryl Dixon, 76561199643612211)(<7355.947266, 84.361282, 12388.909180>) requested data for lock!
[12:23:52] Player (Daryl Dixon, 76561199643612211)(<7355.812500, 81.730453, 12388.950195>) requested data for lock!
[12:23:52] Player (Daryl Dixon, 76561199643612211)(<7359.518066, 86.602303, 12394.140625>) requested data for lock!
[12:23:52] Player (Daryl Dixon, 76561199643612211)(<7355.248535, 81.730453, 12388.920898>) requested data for lock!
[12:23:52] Player (Daryl Dixon, 76561199643612211)(<7355.576172, 81.730453, 12388.914063>) requested data for lock!
[12:23:52] Player (Daryl Dixon, 76561199643612211)(<7355.454102, 81.730453, 12388.909180>) requested data for lock!
[12:23:53] Player (Daryl Dixon, 76561199643612211)(<7360.089844, 82.019249, 12389.973633>) requested data for lock!
[12:24:32] Player (Daryl Dixon, 76561199643612211)(<7359.518066, 86.602303, 12394.140625>) requested data for lock!
[12:24:47] Player (Daryl Dixon, 76561199643612211)(<7355.947266, 84.361282, 12388.909180>) requested data for lock!
[12:24:50] Player (Daryl Dixon, 76561199643612211)(<7359.518066, 86.602303, 12394.140625>) requested data for lock!
[12:26:48] Player (Daryl Dixon, 76561199643612211)(<7334.517578, 83.857002, 12397.041992>) requested data for lock!
[12:26:48] Player (Daryl Dixon, 76561199643612211)(<7334.590332, 81.730453, 12397.067383>) requested data for lock!
[12:26:48] Player (Daryl Dixon, 76561199643612211)(<7334.545410, 81.730453, 12396.727539>) requested data for lock!
[12:26:48] Player (Daryl Dixon, 76561199643612211)(<7334.615234, 81.730453, 12396.931641>) requested data for lock!
[12:28:09] Player (Daryl Dixon, 76561199643612211)(<7334.517578, 83.857002, 12397.041992>) requested data for lock!
[12:28:09] Player (Daryl Dixon, 76561199643612211)(<7334.590332, 81.730453, 12397.067383>) requested data for lock!
[12:28:09] Player (Daryl Dixon, 76561199643612211)(<7334.545410, 81.730453, 12396.727539>) requested data for lock!
[12:28:09] Player (Daryl Dixon, 76561199643612211)(<7334.615234, 81.730453, 12396.931641>) requested data for lock!
[12:40:55] Player (Luiz, 76561198008639541)(<7334.517578, 83.857002, 12397.041992>) requested data for lock!
[12:40:55] Player (Luiz, 76561198008639541)(<7334.590332, 81.730453, 12397.067383>) requested data for lock!
[12:40:55] Player (Luiz, 76561198008639541)(<7355.947266, 84.361282, 12388.909180>) requested data for lock!
[12:40:55] Player (Luiz, 76561198008639541)(<7334.545410, 81.730453, 12396.727539>) requested data for lock!
[12:40:55] Player (Luiz, 76561198008639541)(<7355.812500, 81.730453, 12388.950195>) requested data for lock!
[12:40:55] Player (Luiz, 76561198008639541)(<7359.518066, 86.602303, 12394.140625>) requested data for lock!
[12:40:55] Player (Luiz, 76561198008639541)(<7355.248535, 81.730453, 12388.920898>) requested data for lock!
[12:40:55] Player (Luiz, 76561198008639541)(<7355.576172, 81.730453, 12388.914063>) requested data for lock!
[12:40:55] Player (Luiz, 76561198008639541)(<7355.454102, 81.730453, 12388.909180>) requested data for lock!
[12:40:55] Player (Luiz, 76561198008639541)(<7334.615234, 81.730453, 12396.931641>) requested data for lock!
[12:40:55] Player (Luiz, 76561198008639541)(<7360.089844, 82.019249, 12389.973633>) requested data for lock!
[12:41:21] Player (Daryl Dixon, 76561199643612211)(<7334.517578, 83.857002, 12397.041992>) requested data for lock!
[12:41:21] Player (Daryl Dixon, 76561199643612211)(<7334.590332, 81.730453, 12397.067383>) requested data for lock!
[12:41:22] Player (Daryl Dixon, 76561199643612211)(<7334.545410, 81.730453, 12396.727539>) requested data for lock!
[12:41:22] Player (Daryl Dixon, 76561199643612211)(<7334.615234, 81.730453, 12396.931641>) requested data for lock!
[12:42:09] Player (Daryl Dixon, 76561199643612211)(<7334.517578, 83.857002, 12397.041992>) requested data for lock!
[12:42:09] Player (Daryl Dixon, 76561199643612211)(<7334.590332, 81.730453, 12397.067383>) requested data for lock!
[12:42:10] Player (Daryl Dixon, 76561199643612211)(<7334.545410, 81.730453, 12396.727539>) requested data for lock!
[12:42:10] Player (Daryl Dixon, 76561199643612211)(<7334.615234, 81.730453, 12396.931641>) requested data for lock!
[12:42:35] Player (Daryl Dixon, 76561199643612211)(<7355.947266, 84.361282, 12388.909180>) requested data for lock!
[12:42:35] Player (Daryl Dixon, 76561199643612211)(<7355.812500, 81.730453, 12388.950195>) requested data for lock!
[12:42:36] Player (Daryl Dixon, 76561199643612211)(<7359.518066, 86.602303, 12394.140625>) requested data for lock!
[12:42:36] Player (Daryl Dixon, 76561199643612211)(<7355.248535, 81.730453, 12388.920898>) requested data for lock!
[12:42:36] Player (Daryl Dixon, 76561199643612211)(<7355.576172, 81.730453, 12388.914063>) requested data for lock!
[12:42:36] Player (Daryl Dixon, 76561199643612211)(<7355.454102, 81.730453, 12388.909180>) requested data for lock!
[12:42:36] Player (Daryl Dixon, 76561199643612211)(<7360.089844, 82.019249, 12389.973633>) requested data for lock!
[12:45:46] Player (Daryl Dixon, 76561199643612211)(<7334.517578, 83.857002, 12397.041992>) requested data for lock!
[12:45:46] Player (Daryl Dixon, 76561199643612211)(<7334.590332, 81.730453, 12397.067383>) requested data for lock!
[12:45:46] Player (Daryl Dixon, 76561199643612211)(<7334.545410, 81.730453, 12396.727539>) requested data for lock!
[12:45:46] Player (Daryl Dixon, 76561199643612211)(<7334.615234, 81.730453, 12396.931641>) requested data for lock!
[12:45:49] Player (Daryl Dixon, 76561199643612211)(<7355.947266, 84.361282, 12388.909180>) requested data for lock!
[12:45:49] Player (Daryl Dixon, 76561199643612211)(<7355.812500, 81.730453, 12388.950195>) requested data for lock!
[12:45:49] Player (Daryl Dixon, 76561199643612211)(<7359.518066, 86.602303, 12394.140625>) requested data for lock!
[12:45:49] Player (Daryl Dixon, 76561199643612211)(<7355.248535, 81.730453, 12388.920898>) requested data for lock!
[12:45:49] Player (Daryl Dixon, 76561199643612211)(<7355.576172, 81.730453, 12388.914063>) requested data for lock!
[12:45:50] Player (Daryl Dixon, 76561199643612211)(<7355.454102, 81.730453, 12388.909180>) requested data for lock!
[12:45:51] Player (Daryl Dixon, 76561199643612211)(<7360.089844, 82.019249, 12389.973633>) requested data for lock!
[12-24-2024][13.00.24] Log file reloaded ( Server Restart )
[13:29:02] Player (Daryl Dixon, 76561199643612211)(<7355.454102, 81.730453, 12388.909180>) requested data for lock!
[13:29:02] Player (Daryl Dixon, 76561199643612211)(<7359.518066, 86.602303, 12394.140625>) requested data for lock!
[13:29:02] Player (Daryl Dixon, 76561199643612211)(<7355.248535, 81.730453, 12388.920898>) requested data for lock!
[13:29:02] Player (Daryl Dixon, 76561199643612211)(<7334.615234, 81.730453, 12396.931641>) requested data for lock!
[13:29:02] Player (Daryl Dixon, 76561199643612211)(<7334.545410, 81.730453, 12396.727539>) requested data for lock!
[13:29:02] Player (Daryl Dixon, 76561199643612211)(<7355.812500, 81.730453, 12388.950195>) requested data for lock!
[13:29:02] Player (Daryl Dixon, 76561199643612211)(<7334.517578, 83.857002, 12397.041992>) requested data for lock!
[13:29:02] Player (Daryl Dixon, 76561199643612211)(<7334.590332, 81.730453, 12397.067383>) requested data for lock!
[13:29:02] Player (Daryl Dixon, 76561199643612211)(<7355.947266, 84.361282, 12388.909180>) requested data for lock!
[13:29:03] Player (Daryl Dixon, 76561199643612211)(<7360.089844, 82.019249, 12389.973633>) requested data for lock!
[13:29:04] Player (Daryl Dixon, 76561199643612211)(<7355.576172, 81.730453, 12388.914063>) requested data for lock!
[13:29:08] Player (Luiz, 76561198008639541)(<6044.596680, 34.846451, 10431.335938>) requested data for lock!
[13:29:08] Player (Luiz, 76561198008639541)(<6042.112793, 34.846451, 10435.593750>) requested data for lock!
[13:36:39] Player (Luiz, 76561198008639541)(<5746.929199, 70.849586, 8893.775391>) requested data for lock!
[13:37:59] Player (Luiz, 76561198008639541)(<5746.929199, 70.849586, 8893.775391>) requested data for lock!
[14:05:07] Player (Daryl Dixon, 76561199643612211)(<4871.779297, 5.720881, 11321.981445>) requested data for lock!
[14:05:07] Player (Daryl Dixon, 76561199643612211)(<4870.733887, 5.627413, 11321.759766>) requested data for lock!
[14:05:08] Player (Daryl Dixon, 76561199643612211)(<4862.399414, 5.761878, 11325.787109>) requested data for lock!
[14:05:13] Player (Daryl Dixon, 76561199643612211)(<4860.642578, 5.412148, 11283.935547>) requested data for lock!
[14:05:14] Player (Daryl Dixon, 76561199643612211)(<4859.762207, 5.448579, 11280.096680>) requested data for lock!
[14:13:37] Player (Daryl Dixon, 76561199643612211)(<6042.112793, 34.846451, 10435.593750>) requested data for lock!
[14:13:44] Player (Daryl Dixon, 76561199643612211)(<6044.596680, 34.846451, 10431.335938>) requested data for lock!
[14:14:38] Player (Daryl Dixon, 76561199643612211)(<6044.596680, 34.846451, 10431.335938>) requested data for lock!
[14:17:55] Player (Daryl Dixon, 76561199643612211)(<6042.112793, 34.846451, 10435.593750>) requested data for lock!
[14:17:57] Player (Daryl Dixon, 76561199643612211)(<6044.596680, 34.846451, 10431.335938>) requested data for lock!
[14:40:50] Player (Daryl Dixon, 76561199643612211)(<4871.779297, 5.720881, 11321.981445>) requested data for lock!
[14:40:50] Player (Daryl Dixon, 76561199643612211)(<4862.399414, 5.761878, 11325.787109>) requested data for lock!
[14:40:50] Player (Daryl Dixon, 76561199643612211)(<4860.642578, 5.412148, 11283.935547>) requested data for lock!
[14:40:50] Player (Daryl Dixon, 76561199643612211)(<4870.733887, 5.627413, 11321.759766>) requested data for lock!
[14:40:50] Player (Daryl Dixon, 76561199643612211)(<4859.762207, 5.448579, 11280.096680>) requested data for lock!
[14:40:50] Player (Daryl Dixon, 76561199643612211)(<6044.596680, 34.846451, 10431.335938>) requested data for lock!
[14:40:50] Player (Daryl Dixon, 76561199643612211)(<6042.112793, 34.846451, 10435.593750>) requested data for lock!
[14:56:16] Player (Daryl Dixon, 76561199643612211)(<4862.399414, 5.761878, 11325.787109>) requested data for lock!
[15:57:13] Player (Daryl Dixon, 76561199643612211)(<4871.779297, 5.720881, 11321.981445>) requested data for lock!
[15:57:13] Player (Daryl Dixon, 76561199643612211)(<4862.399414, 5.761878, 11325.787109>) requested data for lock!
[15:57:13] Player (Daryl Dixon, 76561199643612211)(<4870.733887, 5.627413, 11321.759766>) requested data for lock!
[15:57:19] Player (Daryl Dixon, 76561199643612211)(<4860.642578, 5.412148, 11283.935547>) requested data for lock!
[15:57:21] Player (Daryl Dixon, 76561199643612211)(<4859.762207, 5.448579, 11280.096680>) requested data for lock!
[16:11:44] Player (Daryl Dixon, 76561199643612211)(<6042.112793, 34.846451, 10435.593750>) requested data for lock!
[16:11:51] Player (Daryl Dixon, 76561199643612211)(<6044.596680, 34.846451, 10431.335938>) requested data for lock!
[16:11:57] Player (Daryl Dixon, 76561199643612211)(<6044.596680, 34.846451, 10431.335938>) requested data for lock!
[16:12:04] Player (Daryl Dixon, 76561199643612211)(<6044.596680, 34.846451, 10431.335938>) requested data for lock!
[16:12:05] Player (Daryl Dixon, 76561199643612211)(<6042.112793, 34.846451, 10435.593750>) requested data for lock!
[16:19:51] Player (Daryl Dixon, 76561199643612211)(<4860.642578, 5.412148, 11283.935547>) requested data for lock!
[16:19:51] Player (Daryl Dixon, 76561199643612211)(<4859.762207, 5.448579, 11280.096680>) requested data for lock!
[16:20:00] Player (Daryl Dixon, 76561199643612211)(<4871.779297, 5.720881, 11321.981445>) requested data for lock!
[16:20:00] Player (Daryl Dixon, 76561199643612211)(<4870.733887, 5.627413, 11321.759766>) requested data for lock!
[16:20:34] Player (Daryl Dixon, 76561199643612211)(<4871.779297, 5.720881, 11321.981445>) requested data for lock!
[16:20:34] Player (Daryl Dixon, 76561199643612211)(<4870.733887, 5.627413, 11321.759766>) requested data for lock!
[16:46:58] Player (Daryl Dixon, 76561199643612211)(<4860.642578, 5.412148, 11283.935547>) requested data for lock!
[16:46:58] Player (Daryl Dixon, 76561199643612211)(<4859.762207, 5.448579, 11280.096680>) requested data for lock!
[16:47:08] Player (Daryl Dixon, 76561199643612211)(<4871.779297, 5.720881, 11321.981445>) requested data for lock!
[16:47:08] Player (Daryl Dixon, 76561199643612211)(<4870.733887, 5.627413, 11321.759766>) requested data for lock!
[16:47:09] Player (Daryl Dixon, 76561199643612211)(<4862.399414, 5.761878, 11325.787109>) requested data for lock!
[16:52:24] Player (Daryl Dixon, 76561199643612211)(<6042.112793, 34.846451, 10435.593750>) requested data for lock!
[16:52:27] Player (Daryl Dixon, 76561199643612211)(<6044.596680, 34.846451, 10431.335938>) requested data for lock!
[12-24-2024][17.00.23] Log file reloaded ( Server Restart )
[19:02:07] Player (Daryl Dixon, 76561199643612211)(<7334.517578, 83.857002, 12397.041992>) requested data for lock!
[19:02:07] Player (Daryl Dixon, 76561199643612211)(<7334.590332, 81.730453, 12397.067383>) requested data for lock!
[19:02:07] Player (Daryl Dixon, 76561199643612211)(<7334.545410, 81.730453, 12396.727539>) requested data for lock!
[19:02:07] Player (Daryl Dixon, 76561199643612211)(<7334.615234, 81.730453, 12396.931641>) requested data for lock!
[19:02:13] Player (Daryl Dixon, 76561199643612211)(<7355.248535, 81.730453, 12388.920898>) requested data for lock!
[19:02:14] Player (Daryl Dixon, 76561199643612211)(<7355.454102, 81.730453, 12388.909180>) requested data for lock!
[19:02:14] Player (Daryl Dixon, 76561199643612211)(<7360.089844, 82.019249, 12389.973633>) requested data for lock!
[19:02:15] Player (Daryl Dixon, 76561199643612211)(<7355.812500, 81.730453, 12388.950195>) requested data for lock!
[19:02:15] Player (Daryl Dixon, 76561199643612211)(<7355.576172, 81.730453, 12388.914063>) requested data for lock!
[19:02:15] Player (Daryl Dixon, 76561199643612211)(<7359.518066, 86.602303, 12394.140625>) requested data for lock!
[19:02:15] Player (Daryl Dixon, 76561199643612211)(<7355.947266, 84.361282, 12388.909180>) requested data for lock!
[19:04:45] Player (Daryl Dixon, 76561199643612211)(<7334.517578, 83.857002, 12397.041992>) requested data for lock!
[19:04:45] Player (Daryl Dixon, 76561199643612211)(<7334.590332, 81.730453, 12397.067383>) requested data for lock!
[19:04:45] Player (Daryl Dixon, 76561199643612211)(<7334.545410, 81.730453, 12396.727539>) requested data for lock!
[19:04:45] Player (Daryl Dixon, 76561199643612211)(<7334.615234, 81.730453, 12396.931641>) requested data for lock!
[19:07:41] Player (Daryl Dixon, 76561199643612211)(<7334.517578, 83.857002, 12397.041992>) requested data for lock!
[19:07:41] Player (Daryl Dixon, 76561199643612211)(<7334.590332, 81.730453, 12397.067383>) requested data for lock!
[19:07:41] Player (Daryl Dixon, 76561199643612211)(<7334.545410, 81.730453, 12396.727539>) requested data for lock!
[19:07:42] Player (Daryl Dixon, 76561199643612211)(<7334.615234, 81.730453, 12396.931641>) requested data for lock!
[19:07:52] Player (Daryl Dixon, 76561199643612211)(<7355.248535, 81.730453, 12388.920898>) requested data for lock!
[19:07:55] Player (Daryl Dixon, 76561199643612211)(<7355.454102, 81.730453, 12388.909180>) requested data for lock!
[19:07:55] Player (Daryl Dixon, 76561199643612211)(<7355.812500, 81.730453, 12388.950195>) requested data for lock!
[19:07:55] Player (Daryl Dixon, 76561199643612211)(<7355.576172, 81.730453, 12388.914063>) requested data for lock!
[19:07:55] Player (Daryl Dixon, 76561199643612211)(<7355.947266, 84.361282, 12388.909180>) requested data for lock!
[19:07:58] Player (Daryl Dixon, 76561199643612211)(<7360.089844, 82.019249, 12389.973633>) requested data for lock!
[19:07:58] Player (Daryl Dixon, 76561199643612211)(<7359.518066, 86.602303, 12394.140625>) requested data for lock!
[19:08:09] Player (Daryl Dixon, 76561199643612211)(<7355.248535, 81.730453, 12388.920898>) requested data for lock!
[19:08:11] Player (Daryl Dixon, 76561199643612211)(<7355.454102, 81.730453, 12388.909180>) requested data for lock!
[19:08:11] Player (Daryl Dixon, 76561199643612211)(<7360.089844, 82.019249, 12389.973633>) requested data for lock!
[19:08:11] Player (Daryl Dixon, 76561199643612211)(<7355.812500, 81.730453, 12388.950195>) requested data for lock!
[19:08:12] Player (Daryl Dixon, 76561199643612211)(<7355.576172, 81.730453, 12388.914063>) requested data for lock!
[19:08:12] Player (Daryl Dixon, 76561199643612211)(<7359.518066, 86.602303, 12394.140625>) requested data for lock!
[19:08:12] Player (Daryl Dixon, 76561199643612211)(<7355.947266, 84.361282, 12388.909180>) requested data for lock!
[19:17:18] Player (Daryl Dixon, 76561199643612211)(<7334.517578, 83.857002, 12397.041992>) requested data for lock!
[19:17:18] Player (Daryl Dixon, 76561199643612211)(<7334.590332, 81.730453, 12397.067383>) requested data for lock!
[19:17:19] Player (Daryl Dixon, 76561199643612211)(<7334.545410, 81.730453, 12396.727539>) requested data for lock!
[19:17:19] Player (Daryl Dixon, 76561199643612211)(<7334.615234, 81.730453, 12396.931641>) requested data for lock!
[19:17:23] Player (Daryl Dixon, 76561199643612211)(<7355.454102, 81.730453, 12388.909180>) requested data for lock!
[19:17:23] Player (Daryl Dixon, 76561199643612211)(<7360.089844, 82.019249, 12389.973633>) requested data for lock!
[19:17:24] Player (Daryl Dixon, 76561199643612211)(<7355.248535, 81.730453, 12388.920898>) requested data for lock!
[19:17:24] Player (Daryl Dixon, 76561199643612211)(<7355.812500, 81.730453, 12388.950195>) requested data for lock!
[19:17:24] Player (Daryl Dixon, 76561199643612211)(<7355.576172, 81.730453, 12388.914063>) requested data for lock!
[19:17:24] Player (Daryl Dixon, 76561199643612211)(<7359.518066, 86.602303, 12394.140625>) requested data for lock!
[19:17:25] Player (Daryl Dixon, 76561199643612211)(<7355.947266, 84.361282, 12388.909180>) requested data for lock!
[19:18:48] Player (Daryl Dixon, 76561199643612211)(<7355.454102, 81.730453, 12388.909180>) requested data for lock!
[19:18:48] Player (Daryl Dixon, 76561199643612211)(<7360.089844, 82.019249, 12389.973633>) requested data for lock!
[19:18:48] Player (Daryl Dixon, 76561199643612211)(<7355.248535, 81.730453, 12388.920898>) requested data for lock!
[19:18:49] Player (Daryl Dixon, 76561199643612211)(<7355.812500, 81.730453, 12388.950195>) requested data for lock!
[19:18:49] Player (Daryl Dixon, 76561199643612211)(<7355.576172, 81.730453, 12388.914063>) requested data for lock!
[19:18:49] Player (Daryl Dixon, 76561199643612211)(<7359.518066, 86.602303, 12394.140625>) requested data for lock!
[19:18:49] Player (Daryl Dixon, 76561199643612211)(<7355.947266, 84.361282, 12388.909180>) requested data for lock!
[19:20:16] Player (Daryl Dixon, 76561199643612211)(<7334.517578, 83.857002, 12397.041992>) requested data for lock!
[19:20:16] Player (Daryl Dixon, 76561199643612211)(<7334.545410, 81.730453, 12396.727539>) requested data for lock!
[19:20:17] Player (Daryl Dixon, 76561199643612211)(<7334.615234, 81.730453, 12396.931641>) requested data for lock!
[19:20:19] Player (Daryl Dixon, 76561199643612211)(<7355.454102, 81.730453, 12388.909180>) requested data for lock!
[19:20:19] Player (Daryl Dixon, 76561199643612211)(<7360.089844, 82.019249, 12389.973633>) requested data for lock!
[19:20:19] Player (Daryl Dixon, 76561199643612211)(<7355.248535, 81.730453, 12388.920898>) requested data for lock!
[19:20:19] Player (Daryl Dixon, 76561199643612211)(<7355.812500, 81.730453, 12388.950195>) requested data for lock!
[19:20:19] Player (Daryl Dixon, 76561199643612211)(<7355.576172, 81.730453, 12388.914063>) requested data for lock!
[19:20:20] Player (Daryl Dixon, 76561199643612211)(<7359.518066, 86.602303, 12394.140625>) requested data for lock!
[19:20:20] Player (Daryl Dixon, 76561199643612211)(<7355.947266, 84.361282, 12388.909180>) requested data for lock!
[19:56:22] Player (Daryl Dixon, 76561199643612211)(<9318.663086, 54.329174, 13091.610352>) requested data for lock!
[19:56:22] Player (Daryl Dixon, 76561199643612211)(<9317.154297, 54.329174, 13091.982422>) requested data for lock!
[19:56:22] Player (Daryl Dixon, 76561199643612211)(<9316.858398, 54.329174, 13092.093750>) requested data for lock!
[20:03:51] Player (Daryl Dixon, 76561199643612211)(<9318.663086, 54.329174, 13091.610352>) requested data for lock!
[20:03:51] Player (Daryl Dixon, 76561199643612211)(<9317.154297, 54.329174, 13091.982422>) requested data for lock!
[20:03:51] Player (Daryl Dixon, 76561199643612211)(<9316.858398, 54.329174, 13092.093750>) requested data for lock!
[20:04:19] Player (Daryl Dixon, 76561199643612211)(<9317.154297, 54.329174, 13091.982422>) requested data for lock!
[20:04:19] Player (Daryl Dixon, 76561199643612211)(<9316.858398, 54.329174, 13092.093750>) requested data for lock!
[20:04:22] Player (Daryl Dixon, 76561199643612211)(<9318.663086, 54.329174, 13091.610352>) requested data for lock!
[20:07:54] Player (Daryl Dixon, 76561199643612211)(<9318.663086, 54.329174, 13091.610352>) requested data for lock!
[20:07:54] Player (Daryl Dixon, 76561199643612211)(<9317.154297, 54.329174, 13091.982422>) requested data for lock!
[20:07:54] Player (Daryl Dixon, 76561199643612211)(<9316.858398, 54.329174, 13092.093750>) requested data for lock!
[20:13:11] Player (Luiz, 76561197987254655)(<9318.663086, 54.329174, 13091.610352>) requested data for lock!
[20:13:11] Player (Luiz, 76561197987254655)(<9317.154297, 54.329174, 13091.982422>) requested data for lock!
[20:13:12] Player (Luiz, 76561197987254655)(<9316.858398, 54.329174, 13092.093750>) requested data for lock!
[20:16:34] Player (Luiz, 76561197987254655)(<12457.237305, 48.206120, 8419.958008>) requested data for lock!
[20:34:22] Player (Luiz, 76561197987254655)(<9318.663086, 54.329174, 13091.610352>) requested data for lock!
[20:34:22] Player (Luiz, 76561197987254655)(<9317.154297, 54.329174, 13091.982422>) requested data for lock!
[20:34:22] Player (Luiz, 76561197987254655)(<9316.858398, 54.329174, 13092.093750>) requested data for lock!
[20:39:32] Player (Daryl Dixon, 76561199643612211)(<7334.517578, 83.857002, 12397.041992>) requested data for lock!
[20:39:32] Player (Daryl Dixon, 76561199643612211)(<7334.590332, 81.730453, 12397.067383>) requested data for lock!
[20:39:33] Player (Daryl Dixon, 76561199643612211)(<7334.545410, 81.730453, 12396.727539>) requested data for lock!
[20:39:33] Player (Daryl Dixon, 76561199643612211)(<7334.615234, 81.730453, 12396.931641>) requested data for lock!
[20:39:35] Player (Daryl Dixon, 76561199643612211)(<7355.454102, 81.730453, 12388.909180>) requested data for lock!
[20:39:35] Player (Daryl Dixon, 76561199643612211)(<7360.089844, 82.019249, 12389.973633>) requested data for lock!
[20:39:35] Player (Daryl Dixon, 76561199643612211)(<7355.248535, 81.730453, 12388.920898>) requested data for lock!
[20:39:35] Player (Daryl Dixon, 76561199643612211)(<7355.812500, 81.730453, 12388.950195>) requested data for lock!
[20:39:36] Player (Daryl Dixon, 76561199643612211)(<7355.576172, 81.730453, 12388.914063>) requested data for lock!
[20:39:36] Player (Daryl Dixon, 76561199643612211)(<7359.518066, 86.602303, 12394.140625>) requested data for lock!
[20:39:36] Player (Daryl Dixon, 76561199643612211)(<7355.947266, 84.361282, 12388.909180>) requested data for lock!
[20:45:51] Player (Luiz, 76561197987254655)(<7359.518066, 86.602303, 12394.140625>) requested data for lock!
[20:45:52] Player (Luiz, 76561197987254655)(<7355.454102, 81.730453, 12388.909180>) requested data for lock!
[20:45:53] Player (Luiz, 76561197987254655)(<7360.089844, 82.019249, 12389.973633>) requested data for lock!
[20:45:53] Player (Luiz, 76561197987254655)(<7355.248535, 81.730453, 12388.920898>) requested data for lock!
[20:45:53] Player (Luiz, 76561197987254655)(<7355.812500, 81.730453, 12388.950195>) requested data for lock!
[20:45:53] Player (Luiz, 76561197987254655)(<7355.576172, 81.730453, 12388.914063>) requested data for lock!
[20:45:53] Player (Luiz, 76561197987254655)(<7355.947266, 84.361282, 12388.909180>) requested data for lock!
[20:45:55] Player (Luiz, 76561197987254655)(<7334.517578, 83.857002, 12397.041992>) requested data for lock!
[20:45:55] Player (Luiz, 76561197987254655)(<7334.590332, 81.730453, 12397.067383>) requested data for lock!
[20:45:55] Player (Luiz, 76561197987254655)(<7334.545410, 81.730453, 12396.727539>) requested data for lock!
[20:45:56] Player (Luiz, 76561197987254655)(<7334.615234, 81.730453, 12396.931641>) requested data for lock!
[12-24-2024][21.00.21] Log file reloaded ( Server Restart )
[21:23:03] Player (Daryl Dixon, 76561199643612211)(<5778.326172, 27.668261, 12257.393555>) requested data for lock!
