[12-04-2024][00.00.23] New Synch Log File Created!
[03:55:00] Player (Draco, 76561198302078718)(<7241.480957, 3.950430, 7825.958984>) requested data for lock!
[03:55:00] Player (Draco, 76561198302078718)(<7244.721680, 3.842066, 7828.232910>) requested data for lock!
[03:55:00] Player (Draco, 76561198302078718)(<7224.133301, 10.915239, 7848.691406>) requested data for lock!
[04:01:54] Player (Loki, 76561199282403539)(<5057.292480, 38.958858, 3755.490479>) requested data for lock!
[04:02:07] Player (Loki, 76561199282403539)(<5057.019043, 39.008591, 3747.856689>) requested data for lock!
[04:02:18] Player (Loki, 76561199282403539)(<5049.927246, 39.004066, 3746.304688>) requested data for lock!
[04:02:32] Player (Loki, 76561199282403539)(<5050.418457, 38.991932, 3754.114990>) requested data for lock!
[04:24:37] Player (Loki, 76561199282403539)(<5076.719238, 37.915318, 3754.784912>) requested data for lock!
[12-04-2024][05.00.22] Log file reloaded ( Server Restart )
[08:12:47] Player (Luiz, 76561198008639541)(<9666.972656, 10.980086, 13563.481445>) requested data for lock!
[08:12:47] Player (Luiz, 76561198008639541)(<9317.154297, 54.329174, 13091.982422>) requested data for lock!
[08:12:47] Player (Luiz, 76561198008639541)(<9318.663086, 54.329174, 13091.610352>) requested data for lock!
[08:56:04] Player (Luiz, 76561198008639541)(<9668.629883, 10.955507, 13562.585938>) requested data for lock!
[12-04-2024][09.00.24] Log file reloaded ( Server Restart )
[09:11:35] Player (Luiz, 76561198008639541)(<9317.154297, 54.329174, 13091.982422>) requested data for lock!
[09:11:35] Player (Luiz, 76561198008639541)(<9318.663086, 54.329174, 13091.610352>) requested data for lock!
[09:11:35] Player (Luiz, 76561198008639541)(<9666.972656, 10.980086, 13563.481445>) requested data for lock!
[09:11:35] Player (Luiz, 76561198008639541)(<9668.629883, 10.955507, 13562.585938>) requested data for lock!
[09:12:45] Player (Luiz, 76561198008639541)(<9317.154297, 54.329174, 13091.982422>) requested data for lock!
[09:12:45] Player (Luiz, 76561198008639541)(<9318.663086, 54.329174, 13091.610352>) requested data for lock!
[09:12:45] Player (Luiz, 76561198008639541)(<9666.972656, 10.980086, 13563.481445>) requested data for lock!
[09:12:45] Player (Luiz, 76561198008639541)(<9668.629883, 10.955507, 13562.585938>) requested data for lock!
[09:48:40] Player (jenkins , 76561197977588602)(<12457.237305, 48.206120, 8419.958008>) requested data for lock!
[10:21:02] Player (Luiz, 76561198008639541)(<9317.154297, 54.329174, 13091.982422>) requested data for lock!
[10:21:03] Player (Luiz, 76561198008639541)(<9318.663086, 54.329174, 13091.610352>) requested data for lock!
[10:21:04] Player ([GDF] BAL4COBACO, 76561198296387027)(<9317.154297, 54.329174, 13091.982422>) requested data for lock!
[10:21:04] Player ([GDF] BAL4COBACO, 76561198296387027)(<9318.663086, 54.329174, 13091.610352>) requested data for lock!
[10:23:47] Player (Luiz, 76561198008639541)(<9317.154297, 54.329174, 13091.982422>) requested data for lock!
[10:23:47] Player (Luiz, 76561198008639541)(<9318.663086, 54.329174, 13091.610352>) requested data for lock!
[10:24:19] Player ([GDF] BAL4COBACO, 76561198296387027)(<9317.154297, 54.329174, 13091.982422>) requested data for lock!
[10:24:19] Player ([GDF] BAL4COBACO, 76561198296387027)(<9318.663086, 54.329174, 13091.610352>) requested data for lock!
[10:26:05] Player (Luiz, 76561198008639541)(<9666.972656, 10.980086, 13563.481445>) requested data for lock!
[10:26:05] Player (Luiz, 76561198008639541)(<9668.629883, 10.955507, 13562.585938>) requested data for lock!
[10:30:40] Player (jenkins , 76561197977588602)(<12457.237305, 48.206120, 8419.958008>) requested data for lock!
[10:34:16] Player (Florre1984, 76561198271304685)(<12457.237305, 48.206120, 8419.958008>) requested data for lock!
[10:46:23] Player (Florre1984, 76561198271304685)(<12457.237305, 48.206120, 8419.958008>) requested data for lock!
[12-04-2024][13.00.24] Log file reloaded ( Server Restart )
[13:29:59] Player (MANOWAR, 76561198978595280)(<7244.721680, 3.842066, 7828.232910>) requested data for lock!
[13:29:59] Player (MANOWAR, 76561198978595280)(<7241.480957, 3.950430, 7825.958984>) requested data for lock!
[13:30:06] Player (MANOWAR, 76561198978595280)(<7224.133301, 10.915239, 7848.691406>) requested data for lock!
[13:32:19] Player (sans, 76561199229421873)(<9666.972656, 10.980086, 13563.481445>) requested data for lock!
[13:32:19] Player (sans, 76561199229421873)(<9317.154297, 54.329174, 13091.982422>) requested data for lock!
[13:32:19] Player (sans, 76561199229421873)(<9318.663086, 54.329174, 13091.610352>) requested data for lock!
[13:32:19] Player (sans, 76561199229421873)(<9668.629883, 10.955507, 13562.585938>) requested data for lock!
[14:44:51] Player (MANOWAR, 76561198978595280)(<7244.721680, 3.842066, 7828.232910>) requested data for lock!
[14:44:51] Player (MANOWAR, 76561198978595280)(<7241.480957, 3.950430, 7825.958984>) requested data for lock!
[14:44:51] Player (MANOWAR, 76561198978595280)(<7224.133301, 10.915239, 7848.691406>) requested data for lock!
[16:22:22] Player (skelz, 76561198107539292)(<12457.237305, 48.206120, 8419.958008>) requested data for lock!
[16:35:00] Player ([GDF] BAL4COBACO, 76561198296387027)(<9666.972656, 10.980086, 13563.481445>) requested data for lock!
[16:35:00] Player ([GDF] BAL4COBACO, 76561198296387027)(<9668.629883, 10.955507, 13562.585938>) requested data for lock!
[16:36:56] Player (Luiz, 76561199770341255)(<9666.972656, 10.980086, 13563.481445>) requested data for lock!
[16:36:56] Player (Luiz, 76561199770341255)(<9317.154297, 54.329174, 13091.982422>) requested data for lock!
[16:36:56] Player (Luiz, 76561199770341255)(<9318.663086, 54.329174, 13091.610352>) requested data for lock!
[16:36:56] Player (Luiz, 76561199770341255)(<9668.629883, 10.955507, 13562.585938>) requested data for lock!
[16:37:18] Player ([GDF] BAL4COBACO, 76561198296387027)(<9318.663086, 54.329174, 13091.610352>) requested data for lock!
[16:37:20] Player ([GDF] BAL4COBACO, 76561198296387027)(<9317.154297, 54.329174, 13091.982422>) requested data for lock!
[16:46:34] Player (skelz, 76561198107539292)(<12457.237305, 48.206120, 8419.958008>) requested data for lock!
[12-04-2024][17.00.26] Log file reloaded ( Server Restart )
[17:01:09] Player (Luiz, 76561199770341255)(<9668.629883, 10.955507, 13562.585938>) requested data for lock!
[17:01:10] Player (Luiz, 76561199770341255)(<9317.154297, 54.329174, 13091.982422>) requested data for lock!
[17:01:10] Player (Luiz, 76561199770341255)(<9318.663086, 54.329174, 13091.610352>) requested data for lock!
[17:01:10] Player (Luiz, 76561199770341255)(<9666.972656, 10.980086, 13563.481445>) requested data for lock!
[17:01:37] Player ([GDF] BAL4COBACO, 76561198296387027)(<9668.629883, 10.955507, 13562.585938>) requested data for lock!
[17:01:38] Player ([GDF] BAL4COBACO, 76561198296387027)(<9317.154297, 54.329174, 13091.982422>) requested data for lock!
[17:01:38] Player ([GDF] BAL4COBACO, 76561198296387027)(<9318.663086, 54.329174, 13091.610352>) requested data for lock!
[17:01:38] Player ([GDF] BAL4COBACO, 76561198296387027)(<9666.972656, 10.980086, 13563.481445>) requested data for lock!
[17:04:58] Player (skelz, 76561198107539292)(<12457.237305, 48.206120, 8419.958008>) requested data for lock!
[17:13:15] Player ([GDF] BAL4COBACO, 76561198296387027)(<9317.154297, 54.329174, 13091.982422>) requested data for lock!
[17:13:15] Player ([GDF] BAL4COBACO, 76561198296387027)(<9318.663086, 54.329174, 13091.610352>) requested data for lock!
[17:13:22] Player (Luiz, 76561199770341255)(<9317.154297, 54.329174, 13091.982422>) requested data for lock!
[17:13:22] Player (Luiz, 76561199770341255)(<9318.663086, 54.329174, 13091.610352>) requested data for lock!
[17:15:12] Player (Luiz, 76561199770341255)(<9668.629883, 10.955507, 13562.585938>) requested data for lock!
[17:15:12] Player (Luiz, 76561199770341255)(<9666.972656, 10.980086, 13563.481445>) requested data for lock!
[17:15:14] Player ([GDF] BAL4COBACO, 76561198296387027)(<9666.972656, 10.980086, 13563.481445>) requested data for lock!
[17:15:16] Player ([GDF] BAL4COBACO, 76561198296387027)(<9668.629883, 10.955507, 13562.585938>) requested data for lock!
[17:31:34] Player (Luiz, 76561199770341255)(<6042.112793, 34.846451, 10435.593750>) requested data for lock!
[17:31:34] Player ([GDF] BAL4COBACO, 76561198296387027)(<6044.596680, 34.846451, 10431.335938>) requested data for lock!
[17:31:34] Player ([GDF] BAL4COBACO, 76561198296387027)(<6042.112793, 34.846451, 10435.593750>) requested data for lock!
[17:31:34] Player (Luiz, 76561199770341255)(<6044.596680, 34.846451, 10431.335938>) requested data for lock!
[18:24:34] Player (FrogMan, 76561199003815685)(<9668.629883, 10.955507, 13562.585938>) requested data for lock!
[18:24:34] Player (FrogMan, 76561199003815685)(<9317.154297, 54.329174, 13091.982422>) requested data for lock!
[18:24:34] Player (FrogMan, 76561199003815685)(<9318.663086, 54.329174, 13091.610352>) requested data for lock!
[18:24:34] Player (FrogMan, 76561199003815685)(<9666.972656, 10.980086, 13563.481445>) requested data for lock!
[18:32:37] Player (FrogMan, 76561199003815685)(<9317.154297, 54.329174, 13091.982422>) requested data for lock!
[18:32:37] Player (FrogMan, 76561199003815685)(<9318.663086, 54.329174, 13091.610352>) requested data for lock!
[18:44:17] Player (FrogMan, 76561199003815685)(<9317.154297, 54.329174, 13091.982422>) requested data for lock!
[18:44:17] Player (FrogMan, 76561199003815685)(<9318.663086, 54.329174, 13091.610352>) requested data for lock!
[18:48:35] Player (Luiz, 76561199770341255)(<6044.596680, 34.846451, 10431.335938>) requested data for lock!
[18:48:35] Player (Luiz, 76561199770341255)(<6042.112793, 34.846451, 10435.593750>) requested data for lock!
[18:48:35] Player ([GDF] BAL4COBACO, 76561198296387027)(<6044.596680, 34.846451, 10431.335938>) requested data for lock!
[18:48:35] Player ([GDF] BAL4COBACO, 76561198296387027)(<6042.112793, 34.846451, 10435.593750>) requested data for lock!
[18:48:51] Player (Scorpion, 76561197993341683)(<9668.629883, 10.955507, 13562.585938>) requested data for lock!
[18:48:51] Player (Scorpion, 76561197993341683)(<9317.154297, 54.329174, 13091.982422>) requested data for lock!
[18:48:51] Player (Scorpion, 76561197993341683)(<9318.663086, 54.329174, 13091.610352>) requested data for lock!
[18:48:51] Player (Scorpion, 76561197993341683)(<9666.972656, 10.980086, 13563.481445>) requested data for lock!
[18:56:29] Player (Luiz, 76561199770341255)(<9317.154297, 54.329174, 13091.982422>) requested data for lock!
[18:56:29] Player (Luiz, 76561199770341255)(<9318.663086, 54.329174, 13091.610352>) requested data for lock!
[18:56:30] Player ([GDF] BAL4COBACO, 76561198296387027)(<9317.154297, 54.329174, 13091.982422>) requested data for lock!
[18:56:30] Player ([GDF] BAL4COBACO, 76561198296387027)(<9318.663086, 54.329174, 13091.610352>) requested data for lock!
[18:56:54] Player ([GDF] BAL4COBACO, 76561198296387027)(<9668.629883, 10.955507, 13562.585938>) requested data for lock!
[18:56:54] Player ([GDF] BAL4COBACO, 76561198296387027)(<9666.972656, 10.980086, 13563.481445>) requested data for lock!
[18:56:54] Player (Luiz, 76561199770341255)(<9668.629883, 10.955507, 13562.585938>) requested data for lock!
[18:56:54] Player (Luiz, 76561199770341255)(<9666.972656, 10.980086, 13563.481445>) requested data for lock!
[18:56:58] Player (Siets, 76561197968205278)(<7241.480957, 3.950430, 7825.958984>) requested data for lock!
[18:56:58] Player (Siets, 76561197968205278)(<7224.133301, 10.915239, 7848.691406>) requested data for lock!
[18:56:58] Player (Siets, 76561197968205278)(<7244.721680, 3.842066, 7828.232910>) requested data for lock!
[19:03:35] Player (Siets, 76561197968205278)(<7241.480957, 3.950430, 7825.958984>) requested data for lock!
[19:03:35] Player (Siets, 76561197968205278)(<7224.133301, 10.915239, 7848.691406>) requested data for lock!
[19:03:35] Player (Siets, 76561197968205278)(<7244.721680, 3.842066, 7828.232910>) requested data for lock!
[19:03:44] Player (Scorpion, 76561197993341683)(<9317.154297, 54.329174, 13091.982422>) requested data for lock!
[19:03:44] Player (Scorpion, 76561197993341683)(<9318.663086, 54.329174, 13091.610352>) requested data for lock!
[19:40:03] Player (MANOWAR, 76561198978595280)(<7241.480957, 3.950430, 7825.958984>) requested data for lock!
[19:40:03] Player (MANOWAR, 76561198978595280)(<7224.133301, 10.915239, 7848.691406>) requested data for lock!
[19:40:03] Player (MANOWAR, 76561198978595280)(<7244.721680, 3.842066, 7828.232910>) requested data for lock!
[20:04:26] Player (Scorpion, 76561197993341683)(<9318.663086, 54.329174, 13091.610352>) requested data for lock!
[20:07:22] Player (Scorpion, 76561197993341683)(<9317.154297, 54.329174, 13091.982422>) requested data for lock!
[20:07:25] Player (Scorpion, 76561197993341683)(<9318.663086, 54.329174, 13091.610352>) requested data for lock!
[20:15:29] Player (Scorpion, 76561197993341683)(<9318.663086, 54.329174, 13091.610352>) requested data for lock!
[20:15:36] Player (Scorpion, 76561197993341683)(<9317.154297, 54.329174, 13091.982422>) requested data for lock!
[20:32:34] Player (sans, 76561199229421873)(<6044.596680, 34.846451, 10431.335938>) requested data for lock!
[20:32:35] Player (brysonZ28, 76561198412009942)(<6044.596680, 34.846451, 10431.335938>) requested data for lock!
[20:32:35] Player (brysonZ28, 76561198412009942)(<6042.112793, 34.846451, 10435.593750>) requested data for lock!
[20:32:37] Player (sans, 76561199229421873)(<6042.112793, 34.846451, 10435.593750>) requested data for lock!
[20:44:13] Player (Scorpion, 76561197993341683)(<9318.663086, 54.329174, 13091.610352>) requested data for lock!
[20:44:16] Player (Scorpion, 76561197993341683)(<9317.154297, 54.329174, 13091.982422>) requested data for lock!
[12-04-2024][21.00.23] Log file reloaded ( Server Restart )
[22:19:46] Player (FrogMan, 76561199003815685)(<12457.237305, 48.206120, 8419.958008>) requested data for lock!
[22:19:48] Player (Vellath, 76561198068537513)(<12457.237305, 48.206120, 8419.958008>) requested data for lock!
[22:21:10] Player (FrogMan, 76561199003815685)(<12457.237305, 48.206120, 8419.958008>) requested data for lock!
[22:21:39] Player (FrogMan, 76561199003815685)(<12457.237305, 48.206120, 8419.958008>) requested data for lock!
[22:21:41] Player (Vellath, 76561198068537513)(<12457.237305, 48.206120, 8419.958008>) requested data for lock!
[22:32:13] Player (FreeRanger, 76561198035689928)(<7224.133301, 10.915239, 7848.691406>) requested data for lock!
[22:32:13] Player (FreeRanger, 76561198035689928)(<7241.480957, 3.950430, 7825.958984>) requested data for lock!
[22:32:13] Player (FreeRanger, 76561198035689928)(<7244.721680, 3.842066, 7828.232910>) requested data for lock!
[23:40:45] Player (AssGasket, 76561197974341881)(<12457.237305, 48.206120, 8419.958008>) requested data for lock!
[23:40:45] Player (Vellath, 76561198068537513)(<7241.480957, 3.950430, 7825.958984>) requested data for lock!
[23:40:46] Player (FrogMan, 76561199003815685)(<7241.480957, 3.950430, 7825.958984>) requested data for lock!
[23:40:48] Player (Vellath, 76561198068537513)(<7244.721680, 3.842066, 7828.232910>) requested data for lock!
[23:40:49] Player (FrogMan, 76561199003815685)(<7244.721680, 3.842066, 7828.232910>) requested data for lock!
[23:40:57] Player (Vellath, 76561198068537513)(<7224.133301, 10.915239, 7848.691406>) requested data for lock!
[23:41:01] Player (FrogMan, 76561199003815685)(<7224.133301, 10.915239, 7848.691406>) requested data for lock!
