[12-08-2024][00.00.22] New Synch Log File Created!
[00:01:01] Player (KRage, 76561198011791367)(<6042.112793, 34.846451, 10435.593750>) requested data for lock!
[00:01:02] Player (KRage, 76561198011791367)(<6044.596680, 34.846451, 10431.335938>) requested data for lock!
[00:01:11] Player (Siets, 76561197968205278)(<6042.112793, 34.846451, 10435.593750>) requested data for lock!
[00:01:12] Player (Siets, 76561197968205278)(<6044.596680, 34.846451, 10431.335938>) requested data for lock!
[00:16:25] Player (Shazbot, 76561198047887191)(<9318.663086, 54.329174, 13091.610352>) requested data for lock!
[00:16:25] Player (Shazbot, 76561198047887191)(<9317.154297, 54.329174, 13091.982422>) requested data for lock!
[00:16:25] Player (Shazbot, 76561198047887191)(<9316.858398, 54.329174, 13092.093750>) requested data for lock!
[00:19:30] Player (Shazbot, 76561198047887191)(<9318.663086, 54.329174, 13091.610352>) requested data for lock!
[00:19:30] Player (Shazbot, 76561198047887191)(<9317.154297, 54.329174, 13091.982422>) requested data for lock!
[00:19:30] Player (Shazbot, 76561198047887191)(<9316.858398, 54.329174, 13092.093750>) requested data for lock!
[00:21:25] Player ((DDAB) Tsar James, 76561198032650597)(<9318.663086, 54.329174, 13091.610352>) requested data for lock!
[00:21:25] Player ((DDAB) Tsar James, 76561198032650597)(<9317.154297, 54.329174, 13091.982422>) requested data for lock!
[00:21:25] Player ((DDAB) Tsar James, 76561198032650597)(<9316.858398, 54.329174, 13092.093750>) requested data for lock!
[00:32:26] Player (jstone113, 76561199013854003)(<9318.663086, 54.329174, 13091.610352>) requested data for lock!
[00:32:26] Player (jstone113, 76561199013854003)(<9317.154297, 54.329174, 13091.982422>) requested data for lock!
[00:32:26] Player (jstone113, 76561199013854003)(<9316.858398, 54.329174, 13092.093750>) requested data for lock!
[00:35:54] Player (jstone113, 76561199013854003)(<9318.663086, 54.329174, 13091.610352>) requested data for lock!
[00:35:54] Player (jstone113, 76561199013854003)(<9317.154297, 54.329174, 13091.982422>) requested data for lock!
[00:35:54] Player (jstone113, 76561199013854003)(<9316.858398, 54.329174, 13092.093750>) requested data for lock!
[00:55:34] Player (Shazbot, 76561198047887191)(<7355.576172, 81.730453, 12388.914063>) requested data for lock!
[00:55:34] Player (Shazbot, 76561198047887191)(<7355.947266, 84.361282, 12388.909180>) requested data for lock!
[00:55:35] Player (Shazbot, 76561198047887191)(<7355.812500, 81.730453, 12388.950195>) requested data for lock!
[00:57:03] Player (Shazbot, 76561198047887191)(<9317.154297, 54.329174, 13091.982422>) requested data for lock!
[00:57:04] Player (Shazbot, 76561198047887191)(<9316.858398, 54.329174, 13092.093750>) requested data for lock!
[00:57:06] Player (Shazbot, 76561198047887191)(<9318.663086, 54.329174, 13091.610352>) requested data for lock!
[01:01:58] Player (Richy, 76561198145117949)(<11127.880859, 106.702026, 9501.662109>) requested data for lock!
[01:42:18] Player (Siets, 76561197968205278)(<11127.880859, 106.702026, 9501.662109>) requested data for lock!
[01:42:19] Player (KRage, 76561198011791367)(<11127.880859, 106.702026, 9501.662109>) requested data for lock!
[02:52:19] Player (macybecker0, 76561199095520311)(<9318.663086, 54.329174, 13091.610352>) requested data for lock!
[02:52:19] Player (macybecker0, 76561199095520311)(<9317.154297, 54.329174, 13091.982422>) requested data for lock!
[02:52:19] Player (macybecker0, 76561199095520311)(<9316.858398, 54.329174, 13092.093750>) requested data for lock!
[03:47:09] Player (Code Man, 76561197981923190)(<7241.480957, 3.950430, 7825.958984>) requested data for lock!
[03:47:09] Player (Code Man, 76561197981923190)(<7224.133301, 10.915239, 7848.691406>) requested data for lock!
[03:47:09] Player (Code Man, 76561197981923190)(<7244.721680, 3.842066, 7828.232910>) requested data for lock!
[12-08-2024][05.00.22] Log file reloaded ( Server Restart )
[06:42:46] Player (Big_Steve, 76561198071307767)(<11127.880859, 106.702026, 9501.662109>) requested data for lock!
[07:16:25] Player (Big_Steve, 76561198071307767)(<11127.880859, 106.702026, 9501.662109>) requested data for lock!
[07:31:19] Player (Big_Steve, 76561198071307767)(<11127.880859, 106.702026, 9501.662109>) requested data for lock!
[07:31:25] Player (Big_Steve, 76561198071307767)(<11127.880859, 106.702026, 9501.662109>) requested data for lock!
[07:48:24] Player (Big_Steve, 76561198071307767)(<11127.880859, 106.702026, 9501.662109>) requested data for lock!
[07:48:58] Player (Big_Steve, 76561198071307767)(<11127.880859, 106.702026, 9501.662109>) requested data for lock!
[08:20:34] Player (Big_Steve, 76561198071307767)(<11127.880859, 106.702026, 9501.662109>) requested data for lock!
[12-08-2024][09.00.21] Log file reloaded ( Server Restart )
[09:01:17] Player (Luiz, 76561198008639541)(<9318.663086, 54.329174, 13091.610352>) requested data for lock!
[09:01:17] Player (Luiz, 76561198008639541)(<9316.858398, 54.329174, 13092.093750>) requested data for lock!
[09:01:17] Player (Luiz, 76561198008639541)(<9317.154297, 54.329174, 13091.982422>) requested data for lock!
[09:09:19] Player (Luiz, 76561198008639541)(<9318.663086, 54.329174, 13091.610352>) requested data for lock!
[09:09:19] Player (Luiz, 76561198008639541)(<9316.858398, 54.329174, 13092.093750>) requested data for lock!
[09:09:19] Player (Luiz, 76561198008639541)(<9317.154297, 54.329174, 13091.982422>) requested data for lock!
[09:11:05] Player (Daryl Dixon, 76561199573099150)(<8909.085938, 15.889824, 1105.763916>) requested data for lock!
[09:22:32] Player (Luiz, 76561198008639541)(<7355.812500, 81.730453, 12388.950195>) requested data for lock!
[09:22:32] Player (Luiz, 76561198008639541)(<7355.947266, 84.361282, 12388.909180>) requested data for lock!
[09:22:32] Player (Luiz, 76561198008639541)(<7355.576172, 81.730453, 12388.914063>) requested data for lock!
[09:24:33] Player (Luiz, 76561198008639541)(<9316.858398, 54.329174, 13092.093750>) requested data for lock!
[09:24:33] Player (Luiz, 76561198008639541)(<9317.154297, 54.329174, 13091.982422>) requested data for lock!
[09:24:35] Player (Luiz, 76561198008639541)(<9318.663086, 54.329174, 13091.610352>) requested data for lock!
[09:46:46] Player (Daryl Dixon, 76561199573099150)(<8909.085938, 15.889824, 1105.763916>) requested data for lock!
[10:19:17] Player (koril, 76561197969243293)(<11127.880859, 106.702026, 9501.662109>) requested data for lock!
[11:37:52] Player (Sid, 76561198079535574)(<12457.237305, 48.206120, 8419.958008>) requested data for lock!
[11:41:03] Player (Richy, 76561198145117949)(<11127.880859, 106.702026, 9501.662109>) requested data for lock!
[11:58:46] Player (Richy, 76561198145117949)(<11127.880859, 106.702026, 9501.662109>) requested data for lock!
[12:04:53] Player (Scorpion, 76561197993341683)(<11127.880859, 106.702026, 9501.662109>) requested data for lock!
[12:34:30] Player (Daryl Dixon, 76561199573099150)(<8909.085938, 15.889824, 1105.763916>) requested data for lock!
[12:47:46] Player (Scorpion, 76561197993341683)(<11127.880859, 106.702026, 9501.662109>) requested data for lock!
[12:49:53] Player (AssGasket, 76561197974341881)(<11127.880859, 106.702026, 9501.662109>) requested data for lock!
[12:55:05] Player (HighTechTerror, 76561197972187582)(<11127.880859, 106.702026, 9501.662109>) requested data for lock!
[12-08-2024][13.00.23] Log file reloaded ( Server Restart )
[13:01:23] Player (Scorpion, 76561197993341683)(<11127.880859, 106.702026, 9501.662109>) requested data for lock!
[13:01:24] Player (HighTechTerror, 76561197972187582)(<11127.880859, 106.702026, 9501.662109>) requested data for lock!
[13:01:30] Player (AssGasket, 76561197974341881)(<11127.880859, 106.702026, 9501.662109>) requested data for lock!
[13:04:56] Player (Daryl Dixon, 76561199573099150)(<8909.085938, 15.889824, 1105.763916>) requested data for lock!
[13:33:42] Player (Scorpion, 76561197993341683)(<11127.880859, 106.702026, 9501.662109>) requested data for lock!
[13:36:25] Player (Scorpion, 76561197993341683)(<11127.880859, 106.702026, 9501.662109>) requested data for lock!
[13:36:59] Player (Luiz, 76561198008639541)(<9316.858398, 54.329174, 13092.093750>) requested data for lock!
[13:36:59] Player (Luiz, 76561198008639541)(<9317.154297, 54.329174, 13091.982422>) requested data for lock!
[13:36:59] Player (Luiz, 76561198008639541)(<9318.663086, 54.329174, 13091.610352>) requested data for lock!
[13:42:09] Player (Scorpion, 76561197993341683)(<11127.880859, 106.702026, 9501.662109>) requested data for lock!
[13:50:52] Player (HighTechTerror, 76561197972187582)(<12457.237305, 48.206120, 8419.958008>) requested data for lock!
[13:51:08] Player (HighTechTerror, 76561197972187582)(<12457.237305, 48.206120, 8419.958008>) requested data for lock!
[13:51:43] Player (HighTechTerror, 76561197972187582)(<12457.237305, 48.206120, 8419.958008>) requested data for lock!
[13:56:07] Player (HighTechTerror, 76561197972187582)(<12457.237305, 48.206120, 8419.958008>) requested data for lock!
[13:56:24] Player (HighTechTerror, 76561197972187582)(<12457.237305, 48.206120, 8419.958008>) requested data for lock!
[13:56:46] Player (HighTechTerror, 76561197972187582)(<12457.237305, 48.206120, 8419.958008>) requested data for lock!
[14:21:05] Player (HighTechTerror, 76561197972187582)(<11127.880859, 106.702026, 9501.662109>) requested data for lock!
[14:21:10] Player (Florre1984, 76561198271304685)(<12457.237305, 48.206120, 8419.958008>) requested data for lock!
[14:35:21] Player (spamin8r, 76561197975275353)(<9316.858398, 54.329174, 13092.093750>) requested data for lock!
[14:35:21] Player (spamin8r, 76561197975275353)(<9317.154297, 54.329174, 13091.982422>) requested data for lock!
[14:35:21] Player (spamin8r, 76561197975275353)(<9318.663086, 54.329174, 13091.610352>) requested data for lock!
[14:50:08] Player (spamin8r, 76561197975275353)(<9316.858398, 54.329174, 13092.093750>) requested data for lock!
[14:50:08] Player (spamin8r, 76561197975275353)(<9317.154297, 54.329174, 13091.982422>) requested data for lock!
[14:50:08] Player (spamin8r, 76561197975275353)(<9318.663086, 54.329174, 13091.610352>) requested data for lock!
[15:12:30] Player (AssGasket, 76561197974341881)(<12457.237305, 48.206120, 8419.958008>) requested data for lock!
[15:13:05] Player (Daryl Dixon, 76561199573099150)(<8909.085938, 15.889824, 1105.763916>) requested data for lock!
[15:23:19] Player (Florre1984, 76561198271304685)(<12457.237305, 48.206120, 8419.958008>) requested data for lock!
[15:46:38] Player (Florre1984, 76561198271304685)(<12457.237305, 48.206120, 8419.958008>) requested data for lock!
[15:46:54] Player (Florre1984, 76561198271304685)(<12457.237305, 48.206120, 8419.958008>) requested data for lock!
[15:47:18] Player (Florre1984, 76561198271304685)(<12457.237305, 48.206120, 8419.958008>) requested data for lock!
[15:49:31] Player (Florre1984, 76561198271304685)(<12457.237305, 48.206120, 8419.958008>) requested data for lock!
[16:03:13] Player (MANOWAR, 76561198978595280)(<11127.880859, 106.702026, 9501.662109>) requested data for lock!
[16:43:28] Player (macybecker0, 76561199095520311)(<9316.858398, 54.329174, 13092.093750>) requested data for lock!
[16:43:28] Player (macybecker0, 76561199095520311)(<9317.154297, 54.329174, 13091.982422>) requested data for lock!
[16:43:28] Player (macybecker0, 76561199095520311)(<9318.663086, 54.329174, 13091.610352>) requested data for lock!
[16:46:04] Player (Artur_vs_Swider, 76561198397000155)(<12457.237305, 48.206120, 8419.958008>) requested data for lock!
[16:50:10] Player (macybecker0, 76561199095520311)(<9316.858398, 54.329174, 13092.093750>) requested data for lock!
[16:50:10] Player (macybecker0, 76561199095520311)(<9317.154297, 54.329174, 13091.982422>) requested data for lock!
[16:50:10] Player (macybecker0, 76561199095520311)(<9318.663086, 54.329174, 13091.610352>) requested data for lock!
[16:55:18] Player (macybecker0, 76561199095520311)(<9316.858398, 54.329174, 13092.093750>) requested data for lock!
[16:55:18] Player (macybecker0, 76561199095520311)(<9317.154297, 54.329174, 13091.982422>) requested data for lock!
[16:55:18] Player (macybecker0, 76561199095520311)(<9318.663086, 54.329174, 13091.610352>) requested data for lock!
[16:56:46] Player (Daryl Dixon, 76561199643612211)(<8909.085938, 15.889824, 1105.763916>) requested data for lock!
[12-08-2024][17.00.25] Log file reloaded ( Server Restart )
[17:00:54] Player (Daryl Dixon, 76561199643612211)(<8909.085938, 15.889824, 1105.763916>) requested data for lock!
[17:02:59] Player (Daryl Dixon, 76561199643612211)(<8909.085938, 15.889824, 1105.763916>) requested data for lock!
[17:17:29] Player (MANOWAR, 76561198978595280)(<11127.880859, 106.702026, 9501.662109>) requested data for lock!
[17:17:55] Player (MANOWAR, 76561198978595280)(<11127.880859, 106.702026, 9501.662109>) requested data for lock!
[17:18:50] Player (Richy, 76561198145117949)(<11127.880859, 106.702026, 9501.662109>) requested data for lock!
[17:20:47] Player (macybecker0, 76561199095520311)(<11127.880859, 106.702026, 9501.662109>) requested data for lock!
[17:46:33] Player (LovetheLord7, 76561199803650048)(<9318.663086, 54.329174, 13091.610352>) requested data for lock!
[17:46:33] Player (LovetheLord7, 76561199803650048)(<9317.154297, 54.329174, 13091.982422>) requested data for lock!
[17:46:33] Player (LovetheLord7, 76561199803650048)(<9316.858398, 54.329174, 13092.093750>) requested data for lock!
[17:53:18] Player (Artur_vs_Swider, 76561198397000155)(<7244.721680, 3.842066, 7828.232910>) requested data for lock!
[17:53:18] Player (Artur_vs_Swider, 76561198397000155)(<7241.480957, 3.950430, 7825.958984>) requested data for lock!
[17:53:21] Player (Artur_vs_Swider, 76561198397000155)(<7224.133301, 10.915239, 7848.691406>) requested data for lock!
[18:21:46] Player (Richy, 76561198145117949)(<11127.880859, 106.702026, 9501.662109>) requested data for lock!
[18:28:14] Player ([GDF] BAL4COBACO, 76561198296387027)(<7355.812500, 81.730453, 12388.950195>) requested data for lock!
[18:28:14] Player ([GDF] BAL4COBACO, 76561198296387027)(<7355.576172, 81.730453, 12388.914063>) requested data for lock!
[18:28:14] Player ([GDF] BAL4COBACO, 76561198296387027)(<7355.947266, 84.361282, 12388.909180>) requested data for lock!
[18:36:50] Player ([GDF] BAL4COBACO, 76561198296387027)(<7355.576172, 81.730453, 12388.914063>) requested data for lock!
[18:46:19] Player ([GDF] BAL4COBACO, 76561198296387027)(<7355.812500, 81.730453, 12388.950195>) requested data for lock!
[18:46:19] Player ([GDF] BAL4COBACO, 76561198296387027)(<7355.576172, 81.730453, 12388.914063>) requested data for lock!
[18:46:19] Player ([GDF] BAL4COBACO, 76561198296387027)(<7355.947266, 84.361282, 12388.909180>) requested data for lock!
[19:00:23] Player (Artur_vs_Swider, 76561198397000155)(<7626.589844, 10.043742, 8539.645508>) requested data for lock!
[19:20:10] Player (Richy, 76561198145117949)(<7244.721680, 3.842066, 7828.232910>) requested data for lock!
[19:20:10] Player (Richy, 76561198145117949)(<7241.480957, 3.950430, 7825.958984>) requested data for lock!
[19:20:12] Player (Richy, 76561198145117949)(<7224.133301, 10.915239, 7848.691406>) requested data for lock!
[19:28:26] Player (Casey, 76561199643612211)(<8909.085938, 15.889824, 1105.763916>) requested data for lock!
[19:35:49] Player (sans, 76561199229421873)(<8909.085938, 15.889824, 1105.763916>) requested data for lock!
[19:35:49] Player (brysonZ28, 76561198412009942)(<8909.085938, 15.889824, 1105.763916>) requested data for lock!
[20:04:51] Player (Casey, 76561199573099150)(<12457.237305, 48.206120, 8419.958008>) requested data for lock!
[20:23:47] Player (janggoroot, 76561199653822374)(<7626.589844, 10.043742, 8539.645508>) requested data for lock!
[20:24:30] Player ([GDF] BAL4COBACO, 76561198296387027)(<9318.663086, 54.329174, 13091.610352>) requested data for lock!
[20:24:31] Player ([GDF] BAL4COBACO, 76561198296387027)(<9317.154297, 54.329174, 13091.982422>) requested data for lock!
[20:24:31] Player ([GDF] BAL4COBACO, 76561198296387027)(<9316.858398, 54.329174, 13092.093750>) requested data for lock!
[20:32:18] Player ([GDF] BAL4COBACO, 76561198296387027)(<9318.663086, 54.329174, 13091.610352>) requested data for lock!
[20:32:18] Player ([GDF] BAL4COBACO, 76561198296387027)(<9317.154297, 54.329174, 13091.982422>) requested data for lock!
[20:32:18] Player ([GDF] BAL4COBACO, 76561198296387027)(<9316.858398, 54.329174, 13092.093750>) requested data for lock!
[20:34:34] Player ([GDF] BAL4COBACO, 76561198296387027)(<7355.812500, 81.730453, 12388.950195>) requested data for lock!
[20:34:34] Player ([GDF] BAL4COBACO, 76561198296387027)(<7355.576172, 81.730453, 12388.914063>) requested data for lock!
[20:34:34] Player ([GDF] BAL4COBACO, 76561198296387027)(<7355.947266, 84.361282, 12388.909180>) requested data for lock!
[20:34:53] Player (ThinkFirst, 76561198353028907)(<11127.880859, 106.702026, 9501.662109>) requested data for lock!
[20:40:38] Player ([GDF] BAL4COBACO, 76561198296387027)(<7355.812500, 81.730453, 12388.950195>) requested data for lock!
[20:40:38] Player ([GDF] BAL4COBACO, 76561198296387027)(<7355.576172, 81.730453, 12388.914063>) requested data for lock!
[20:40:38] Player ([GDF] BAL4COBACO, 76561198296387027)(<7355.947266, 84.361282, 12388.909180>) requested data for lock!
[20:41:15] Player ([GDF] BAL4COBACO, 76561198296387027)(<7355.812500, 81.730453, 12388.950195>) requested data for lock!
[20:41:15] Player ([GDF] BAL4COBACO, 76561198296387027)(<7355.576172, 81.730453, 12388.914063>) requested data for lock!
[20:41:16] Player ([GDF] BAL4COBACO, 76561198296387027)(<7355.947266, 84.361282, 12388.909180>) requested data for lock!
[20:43:30] Player ([GDF] BAL4COBACO, 76561198296387027)(<7355.812500, 81.730453, 12388.950195>) requested data for lock!
[20:43:30] Player ([GDF] BAL4COBACO, 76561198296387027)(<7355.576172, 81.730453, 12388.914063>) requested data for lock!
[20:43:30] Player ([GDF] BAL4COBACO, 76561198296387027)(<7355.947266, 84.361282, 12388.909180>) requested data for lock!
[20:43:33] Player (ThinkFirst, 76561198353028907)(<11127.880859, 106.702026, 9501.662109>) requested data for lock!
[20:44:20] Player (janggoroot, 76561199653822374)(<7626.589844, 10.043742, 8539.645508>) requested data for lock!
[20:56:31] Player (Draco, 76561198302078718)(<7244.721680, 3.842066, 7828.232910>) requested data for lock!
[20:56:31] Player (Draco, 76561198302078718)(<7224.133301, 10.915239, 7848.691406>) requested data for lock!
[20:56:31] Player (Draco, 76561198302078718)(<7241.480957, 3.950430, 7825.958984>) requested data for lock!
[20:56:31] Player (Draco, 76561198302078718)(<7626.589844, 10.043742, 8539.645508>) requested data for lock!
[12-08-2024][21.00.23] Log file reloaded ( Server Restart )
[21:00:53] Player (ThinkFirst, 76561198353028907)(<11127.880859, 106.702026, 9501.662109>) requested data for lock!
[21:12:44] Player (Luiz, 76561199770341255)(<7355.576172, 81.730453, 12388.914063>) requested data for lock!
[21:12:44] Player (Luiz, 76561199770341255)(<7355.947266, 84.361282, 12388.909180>) requested data for lock!
[21:12:44] Player (Luiz, 76561199770341255)(<7355.812500, 81.730453, 12388.950195>) requested data for lock!
[21:28:19] Player (janggoroot, 76561199653822374)(<7626.589844, 10.043742, 8539.645508>) requested data for lock!
[21:45:59] Player (Luiz, 76561199770341255)(<7355.576172, 81.730453, 12388.914063>) requested data for lock!
[21:45:59] Player (Luiz, 76561199770341255)(<7355.947266, 84.361282, 12388.909180>) requested data for lock!
[21:45:59] Player (Luiz, 76561199770341255)(<7355.812500, 81.730453, 12388.950195>) requested data for lock!
[23:22:06] Player (janggoroot, 76561199653822374)(<7626.589844, 10.043742, 8539.645508>) requested data for lock!
[23:23:43] Player (Hazed, 76561198841151222)(<12457.237305, 48.206120, 8419.958008>) requested data for lock!
[23:24:01] Player (Hazed, 76561198841151222)(<12457.237305, 48.206120, 8419.958008>) requested data for lock!
[23:28:09] Player (Hazed, 76561198841151222)(<11127.880859, 106.702026, 9501.662109>) requested data for lock!
[23:35:16] Player (janggoroot, 76561199653822374)(<7626.589844, 10.043742, 8539.645508>) requested data for lock!
