[12-19-2024][00.00.22] New Synch Log File Created!
[02:38:59] Player (BILL, 76561198814955756)(<7626.640137, 10.043794, 8539.677734>) requested data for lock!
[02:38:59] Player (BILL, 76561198814955756)(<7631.311035, 12.787427, 8534.870117>) requested data for lock!
[02:38:59] Player (BILL, 76561198814955756)(<7241.480957, 3.950430, 7825.958984>) requested data for lock!
[02:38:59] Player (BILL, 76561198814955756)(<7244.721680, 3.842066, 7828.232910>) requested data for lock!
[02:38:59] Player (BILL, 76561198814955756)(<7224.133301, 10.915239, 7848.691406>) requested data for lock!
[02:38:59] Player (BILL, 76561198814955756)(<8046.105957, 27.662138, 7867.672363>) requested data for lock!
[02:38:59] Player (BILL, 76561198814955756)(<8048.060547, 27.662161, 7867.532227>) requested data for lock!
[03:10:33] Player (BILL, 76561198814955756)(<12457.237305, 48.206120, 8419.958008>) requested data for lock!
[03:30:44] Player (BILL, 76561198814955756)(<12457.237305, 48.206120, 8419.958008>) requested data for lock!
[03:31:55] Player (Big_Steve, 76561198071307767)(<9481.520508, 95.982422, 10884.832031>) requested data for lock!
[03:47:07] Player (BILL, 76561198814955756)(<7241.480957, 3.950430, 7825.958984>) requested data for lock!
[03:47:08] Player (BILL, 76561198814955756)(<7244.721680, 3.842066, 7828.232910>) requested data for lock!
[03:47:09] Player (BILL, 76561198814955756)(<7224.133301, 10.915239, 7848.691406>) requested data for lock!
[03:47:12] Player (BILL, 76561198814955756)(<8046.105957, 27.662138, 7867.672363>) requested data for lock!
[03:47:12] Player (BILL, 76561198814955756)(<8048.060547, 27.662161, 7867.532227>) requested data for lock!
[03:48:00] Player (BILL, 76561198814955756)(<7626.640137, 10.043794, 8539.677734>) requested data for lock!
[03:48:00] Player (BILL, 76561198814955756)(<7631.311035, 12.787427, 8534.870117>) requested data for lock!
[04:09:10] Player (BILL, 76561198814955756)(<8066.057129, 27.662161, 7856.242676>) requested data for lock!
[04:11:29] Player (Big_Steve, 76561198071307767)(<9481.520508, 95.982422, 10884.832031>) requested data for lock!
[04:37:58] Player (Draco, 76561198302078718)(<4860.642578, 5.412148, 11283.935547>) requested data for lock!
[04:37:58] Player (Draco, 76561198302078718)(<4870.733887, 5.627413, 11321.759766>) requested data for lock!
[12-19-2024][05.00.21] Log file reloaded ( Server Restart )
[05:11:32] Player (Big_Steve, 76561198071307767)(<9481.520508, 95.982422, 10884.832031>) requested data for lock!
[06:35:18] Player (Draco, 76561198302078718)(<7334.590332, 81.730453, 12397.067383>) requested data for lock!
[06:35:18] Player (Draco, 76561198302078718)(<7334.517578, 83.857002, 12397.041992>) requested data for lock!
[06:35:18] Player (Draco, 76561198302078718)(<7334.615234, 81.730453, 12396.931641>) requested data for lock!
[06:35:18] Player (Draco, 76561198302078718)(<7334.545410, 81.730453, 12396.727539>) requested data for lock!
[06:35:21] Player (Draco, 76561198302078718)(<7355.576172, 81.730453, 12388.914063>) requested data for lock!
[06:35:21] Player (Draco, 76561198302078718)(<7355.454102, 81.730453, 12388.909180>) requested data for lock!
[06:35:21] Player (Draco, 76561198302078718)(<7355.248535, 81.730453, 12388.920898>) requested data for lock!
[06:35:21] Player (Draco, 76561198302078718)(<7355.947266, 84.361282, 12388.909180>) requested data for lock!
[06:35:22] Player (Draco, 76561198302078718)(<7355.812500, 81.730453, 12388.950195>) requested data for lock!
[06:35:23] Player (Draco, 76561198302078718)(<7359.518066, 86.602303, 12394.140625>) requested data for lock!
[06:35:23] Player (Draco, 76561198302078718)(<7360.089844, 82.019249, 12389.973633>) requested data for lock!
[08:27:52] Player (Draco, 76561198302078718)(<7355.576172, 81.730453, 12388.914063>) requested data for lock!
[08:27:52] Player (Draco, 76561198302078718)(<7355.454102, 81.730453, 12388.909180>) requested data for lock!
[08:27:52] Player (Draco, 76561198302078718)(<7359.518066, 86.602303, 12394.140625>) requested data for lock!
[08:27:52] Player (Draco, 76561198302078718)(<7355.248535, 81.730453, 12388.920898>) requested data for lock!
[08:27:52] Player (Draco, 76561198302078718)(<7360.089844, 82.019249, 12389.973633>) requested data for lock!
[08:27:52] Player (Draco, 76561198302078718)(<7334.590332, 81.730453, 12397.067383>) requested data for lock!
[08:27:52] Player (Draco, 76561198302078718)(<7355.947266, 84.361282, 12388.909180>) requested data for lock!
[08:27:52] Player (Draco, 76561198302078718)(<7334.517578, 83.857002, 12397.041992>) requested data for lock!
[08:27:52] Player (Draco, 76561198302078718)(<7334.615234, 81.730453, 12396.931641>) requested data for lock!
[08:27:52] Player (Draco, 76561198302078718)(<7334.545410, 81.730453, 12396.727539>) requested data for lock!
[08:27:52] Player (Draco, 76561198302078718)(<7355.812500, 81.730453, 12388.950195>) requested data for lock!
[08:38:25] Player (Draco, 76561198302078718)(<9316.858398, 54.329174, 13092.093750>) requested data for lock!
[08:38:25] Player (Draco, 76561198302078718)(<9317.154297, 54.329174, 13091.982422>) requested data for lock!
[08:38:25] Player (Draco, 76561198302078718)(<9318.663086, 54.329174, 13091.610352>) requested data for lock!
[12-19-2024][09.00.20] Log file reloaded ( Server Restart )
[09:03:49] Player (luizredfield30, 76561198008639541)(<7334.615234, 81.730453, 12396.931641>) requested data for lock!
[09:03:49] Player (luizredfield30, 76561198008639541)(<7334.517578, 83.857002, 12397.041992>) requested data for lock!
[09:03:49] Player (luizredfield30, 76561198008639541)(<7334.545410, 81.730453, 12396.727539>) requested data for lock!
[09:03:49] Player (luizredfield30, 76561198008639541)(<7334.590332, 81.730453, 12397.067383>) requested data for lock!
[09:03:49] Player (luizredfield30, 76561198008639541)(<7355.812500, 81.730453, 12388.950195>) requested data for lock!
[09:03:49] Player (luizredfield30, 76561198008639541)(<7355.248535, 81.730453, 12388.920898>) requested data for lock!
[09:03:49] Player (luizredfield30, 76561198008639541)(<7360.089844, 82.019249, 12389.973633>) requested data for lock!
[09:03:49] Player (luizredfield30, 76561198008639541)(<7359.518066, 86.602303, 12394.140625>) requested data for lock!
[09:03:49] Player (luizredfield30, 76561198008639541)(<7355.947266, 84.361282, 12388.909180>) requested data for lock!
[09:03:49] Player (luizredfield30, 76561198008639541)(<7355.576172, 81.730453, 12388.914063>) requested data for lock!
[09:03:49] Player (luizredfield30, 76561198008639541)(<7355.454102, 81.730453, 12388.909180>) requested data for lock!
[09:07:55] Player (luizredfield30, 76561198008639541)(<7360.089844, 82.019249, 12389.973633>) requested data for lock!
[09:08:31] Player (luizredfield30, 76561198008639541)(<7359.518066, 86.602303, 12394.140625>) requested data for lock!
[09:25:01] Player (Luiz, 76561199770341255)(<7334.615234, 81.730453, 12396.931641>) requested data for lock!
[09:25:01] Player (Luiz, 76561199770341255)(<7334.517578, 83.857002, 12397.041992>) requested data for lock!
[09:25:01] Player (Luiz, 76561199770341255)(<7334.545410, 81.730453, 12396.727539>) requested data for lock!
[09:25:01] Player (Luiz, 76561199770341255)(<7334.590332, 81.730453, 12397.067383>) requested data for lock!
[09:25:01] Player (Luiz, 76561199770341255)(<7355.812500, 81.730453, 12388.950195>) requested data for lock!
[09:25:01] Player (Luiz, 76561199770341255)(<7355.248535, 81.730453, 12388.920898>) requested data for lock!
[09:25:01] Player (Luiz, 76561199770341255)(<7360.089844, 82.019249, 12389.973633>) requested data for lock!
[09:25:01] Player (Luiz, 76561199770341255)(<7359.518066, 86.602303, 12394.140625>) requested data for lock!
[09:25:01] Player (Luiz, 76561199770341255)(<7355.947266, 84.361282, 12388.909180>) requested data for lock!
[09:25:01] Player (Luiz, 76561199770341255)(<7355.576172, 81.730453, 12388.914063>) requested data for lock!
[09:25:01] Player (Luiz, 76561199770341255)(<7355.454102, 81.730453, 12388.909180>) requested data for lock!
[09:56:08] Player (Lozergod, 76561197970728664)(<9316.858398, 54.329174, 13092.093750>) requested data for lock!
[09:56:08] Player (Lozergod, 76561197970728664)(<9318.663086, 54.329174, 13091.610352>) requested data for lock!
[09:56:08] Player (Lozergod, 76561197970728664)(<9317.154297, 54.329174, 13091.982422>) requested data for lock!
[10:28:26] Player (BILL, 76561198814955756)(<7244.721680, 3.842066, 7828.232910>) requested data for lock!
[10:28:26] Player (BILL, 76561198814955756)(<7631.311035, 12.787427, 8534.870117>) requested data for lock!
[10:28:26] Player (BILL, 76561198814955756)(<7626.640137, 10.043794, 8539.677734>) requested data for lock!
[10:28:26] Player (BILL, 76561198814955756)(<7224.133301, 10.915239, 7848.691406>) requested data for lock!
[10:28:26] Player (BILL, 76561198814955756)(<7241.480957, 3.950430, 7825.958984>) requested data for lock!
[10:28:26] Player (BILL, 76561198814955756)(<8066.057129, 27.662161, 7856.242676>) requested data for lock!
[10:28:26] Player (BILL, 76561198814955756)(<8046.105957, 27.662138, 7867.672363>) requested data for lock!
[10:28:26] Player (BILL, 76561198814955756)(<8048.060547, 27.662161, 7867.532227>) requested data for lock!
[10:32:41] Player (CONTROL, 76561197967168101)(<6042.112793, 34.846451, 10435.593750>) requested data for lock!
[10:32:41] Player (CONTROL, 76561197967168101)(<6044.596680, 34.846451, 10431.335938>) requested data for lock!
[10:41:10] Player (BILL, 76561198814955756)(<8066.057129, 27.662161, 7856.242676>) requested data for lock!
[10:50:16] Player (CONTROL, 76561197967168101)(<5746.929199, 70.849586, 8893.775391>) requested data for lock!
[10:55:00] Player (CONTROL, 76561197967168101)(<5746.929199, 70.849586, 8893.775391>) requested data for lock!
[10:56:45] Player (Oxy, 76561197965891110)(<9316.858398, 54.329174, 13092.093750>) requested data for lock!
[10:56:45] Player (Oxy, 76561197965891110)(<9318.663086, 54.329174, 13091.610352>) requested data for lock!
[10:56:45] Player (Oxy, 76561197965891110)(<9317.154297, 54.329174, 13091.982422>) requested data for lock!
[11:03:23] Player (Lozergod, 76561197970728664)(<9316.858398, 54.329174, 13092.093750>) requested data for lock!
[11:03:23] Player (Lozergod, 76561197970728664)(<9318.663086, 54.329174, 13091.610352>) requested data for lock!
[11:03:23] Player (Lozergod, 76561197970728664)(<9317.154297, 54.329174, 13091.982422>) requested data for lock!
[11:06:40] Player (CONTROL, 76561197967168101)(<6044.596680, 34.846451, 10431.335938>) requested data for lock!
[11:07:39] Player (CONTROL, 76561197967168101)(<6042.112793, 34.846451, 10435.593750>) requested data for lock!
[11:50:38] Player (Oxy, 76561197965891110)(<9316.858398, 54.329174, 13092.093750>) requested data for lock!
[11:50:38] Player (Oxy, 76561197965891110)(<9318.663086, 54.329174, 13091.610352>) requested data for lock!
[11:50:38] Player (Oxy, 76561197965891110)(<9317.154297, 54.329174, 13091.982422>) requested data for lock!
[11:56:03] Player (BILL, 76561198814955756)(<7244.721680, 3.842066, 7828.232910>) requested data for lock!
[11:56:05] Player (BILL, 76561198814955756)(<7241.480957, 3.950430, 7825.958984>) requested data for lock!
[11:56:08] Player (BILL, 76561198814955756)(<7224.133301, 10.915239, 7848.691406>) requested data for lock!
[12:08:32] Player (Oxy, 76561197965891110)(<7334.615234, 81.730453, 12396.931641>) requested data for lock!
[12:08:32] Player (Oxy, 76561197965891110)(<7334.517578, 83.857002, 12397.041992>) requested data for lock!
[12:08:32] Player (Oxy, 76561197965891110)(<7334.545410, 81.730453, 12396.727539>) requested data for lock!
[12:08:32] Player (Oxy, 76561197965891110)(<7334.590332, 81.730453, 12397.067383>) requested data for lock!
[12:08:33] Player (Oxy, 76561197965891110)(<7360.089844, 82.019249, 12389.973633>) requested data for lock!
[12:08:33] Player (Oxy, 76561197965891110)(<7359.518066, 86.602303, 12394.140625>) requested data for lock!
[12:08:34] Player (Oxy, 76561197965891110)(<7355.812500, 81.730453, 12388.950195>) requested data for lock!
[12:08:34] Player (Oxy, 76561197965891110)(<7355.248535, 81.730453, 12388.920898>) requested data for lock!
[12:08:34] Player (Oxy, 76561197965891110)(<7355.947266, 84.361282, 12388.909180>) requested data for lock!
[12:08:34] Player (Oxy, 76561197965891110)(<7355.576172, 81.730453, 12388.914063>) requested data for lock!
[12:08:34] Player (Oxy, 76561197965891110)(<7355.454102, 81.730453, 12388.909180>) requested data for lock!
[12:12:13] Player (Big_Steve, 76561198071307767)(<9481.520508, 95.982422, 10884.832031>) requested data for lock!
[12:15:54] Player (BILL, 76561198814955756)(<7631.311035, 12.787427, 8534.870117>) requested data for lock!
[12:16:00] Player (BILL, 76561198814955756)(<7626.640137, 10.043794, 8539.677734>) requested data for lock!
[12:39:59] Player (Lozergod, 76561197970728664)(<9316.858398, 54.329174, 13092.093750>) requested data for lock!
[12:39:59] Player (Lozergod, 76561197970728664)(<9318.663086, 54.329174, 13091.610352>) requested data for lock!
[12:39:59] Player (Lozergod, 76561197970728664)(<9317.154297, 54.329174, 13091.982422>) requested data for lock!
[12:44:55] Player (BILL, 76561198814955756)(<8066.684570, 27.662138, 7855.720215>) requested data for lock!
[12:55:16] Player (Lozergod, 76561197970728664)(<9316.858398, 54.329174, 13092.093750>) requested data for lock!
[12:55:17] Player (Lozergod, 76561197970728664)(<9318.663086, 54.329174, 13091.610352>) requested data for lock!
[12:55:17] Player (Lozergod, 76561197970728664)(<9317.154297, 54.329174, 13091.982422>) requested data for lock!
[12:56:05] Player (Lozergod, 76561197970728664)(<9316.858398, 54.329174, 13092.093750>) requested data for lock!
[12:56:32] Player (Lozergod, 76561197970728664)(<9316.858398, 54.329174, 13092.093750>) requested data for lock!
[12:56:57] Player (Lozergod, 76561197970728664)(<9317.154297, 54.329174, 13091.982422>) requested data for lock!
[12-19-2024][13.00.23] Log file reloaded ( Server Restart )
[13:03:52] Player (Lozergod, 76561197970728664)(<9316.858398, 54.329174, 13092.093750>) requested data for lock!
[13:03:52] Player (Lozergod, 76561197970728664)(<9317.154297, 54.329174, 13091.982422>) requested data for lock!
[13:05:07] Player (Lozergod, 76561197970728664)(<9316.858398, 54.329174, 13092.093750>) requested data for lock!
[13:05:07] Player (Lozergod, 76561197970728664)(<9317.154297, 54.329174, 13091.982422>) requested data for lock!
[13:05:07] Player (Lozergod, 76561197970728664)(<9318.663086, 54.329174, 13091.610352>) requested data for lock!
[13:09:28] Player (Lozergod, 76561197970728664)(<7355.454102, 81.730453, 12388.909180>) requested data for lock!
[13:09:28] Player (Lozergod, 76561197970728664)(<7355.812500, 81.730453, 12388.950195>) requested data for lock!
[13:09:28] Player (Lozergod, 76561197970728664)(<7355.576172, 81.730453, 12388.914063>) requested data for lock!
[13:09:28] Player (Lozergod, 76561197970728664)(<7355.947266, 84.361282, 12388.909180>) requested data for lock!
[13:09:28] Player (Lozergod, 76561197970728664)(<7360.089844, 82.019249, 12389.973633>) requested data for lock!
[13:09:28] Player (Lozergod, 76561197970728664)(<7359.518066, 86.602303, 12394.140625>) requested data for lock!
[13:09:28] Player (Lozergod, 76561197970728664)(<7355.248535, 81.730453, 12388.920898>) requested data for lock!
[13:09:32] Player (Lozergod, 76561197970728664)(<7334.615234, 81.730453, 12396.931641>) requested data for lock!
[13:09:32] Player (Lozergod, 76561197970728664)(<7334.517578, 83.857002, 12397.041992>) requested data for lock!
[13:09:32] Player (Lozergod, 76561197970728664)(<7334.545410, 81.730453, 12396.727539>) requested data for lock!
[13:09:32] Player (Lozergod, 76561197970728664)(<7334.590332, 81.730453, 12397.067383>) requested data for lock!
[13:17:12] Player (Lozergod, 76561197970728664)(<7334.615234, 81.730453, 12396.931641>) requested data for lock!
[13:17:12] Player (Lozergod, 76561197970728664)(<7334.517578, 83.857002, 12397.041992>) requested data for lock!
[13:17:12] Player (Lozergod, 76561197970728664)(<7334.545410, 81.730453, 12396.727539>) requested data for lock!
[13:17:13] Player (Lozergod, 76561197970728664)(<7334.590332, 81.730453, 12397.067383>) requested data for lock!
[13:17:13] Player (Lozergod, 76561197970728664)(<7359.518066, 86.602303, 12394.140625>) requested data for lock!
[13:17:14] Player (Lozergod, 76561197970728664)(<7355.454102, 81.730453, 12388.909180>) requested data for lock!
[13:17:14] Player (Lozergod, 76561197970728664)(<7355.812500, 81.730453, 12388.950195>) requested data for lock!
[13:17:15] Player (Lozergod, 76561197970728664)(<7355.576172, 81.730453, 12388.914063>) requested data for lock!
[13:17:15] Player (Lozergod, 76561197970728664)(<7355.947266, 84.361282, 12388.909180>) requested data for lock!
[13:17:15] Player (Lozergod, 76561197970728664)(<7360.089844, 82.019249, 12389.973633>) requested data for lock!
[13:17:15] Player (Lozergod, 76561197970728664)(<7355.248535, 81.730453, 12388.920898>) requested data for lock!
[13:19:10] Player (Lozergod, 76561197970728664)(<7360.089844, 82.019249, 12389.973633>) requested data for lock!
[13:19:10] Player (Lozergod, 76561197970728664)(<7359.518066, 86.602303, 12394.140625>) requested data for lock!
[13:19:16] Player (Lozergod, 76561197970728664)(<7355.454102, 81.730453, 12388.909180>) requested data for lock!
[13:19:16] Player (Lozergod, 76561197970728664)(<7355.812500, 81.730453, 12388.950195>) requested data for lock!
[13:19:16] Player (Lozergod, 76561197970728664)(<7355.576172, 81.730453, 12388.914063>) requested data for lock!
[13:19:16] Player (Lozergod, 76561197970728664)(<7355.947266, 84.361282, 12388.909180>) requested data for lock!
[13:19:17] Player (Lozergod, 76561197970728664)(<7355.248535, 81.730453, 12388.920898>) requested data for lock!
[13:19:58] Player (Lozergod, 76561197970728664)(<7360.089844, 82.019249, 12389.973633>) requested data for lock!
[13:20:01] Player (Lozergod, 76561197970728664)(<7355.454102, 81.730453, 12388.909180>) requested data for lock!
[13:20:01] Player (Lozergod, 76561197970728664)(<7355.812500, 81.730453, 12388.950195>) requested data for lock!
[13:20:01] Player (Lozergod, 76561197970728664)(<7355.576172, 81.730453, 12388.914063>) requested data for lock!
[13:20:01] Player (Lozergod, 76561197970728664)(<7355.947266, 84.361282, 12388.909180>) requested data for lock!
[13:20:01] Player (Lozergod, 76561197970728664)(<7355.248535, 81.730453, 12388.920898>) requested data for lock!
[13:30:01] Player (Lozergod, 76561197970728664)(<7334.615234, 81.730453, 12396.931641>) requested data for lock!
[13:30:01] Player (Lozergod, 76561197970728664)(<7334.517578, 83.857002, 12397.041992>) requested data for lock!
[13:30:01] Player (Lozergod, 76561197970728664)(<7334.545410, 81.730453, 12396.727539>) requested data for lock!
[13:30:01] Player (Lozergod, 76561197970728664)(<7334.590332, 81.730453, 12397.067383>) requested data for lock!
[13:39:17] Player (Big_Steve, 76561198071307767)(<9481.520508, 95.982422, 10884.832031>) requested data for lock!
[14:11:14] Player (Big_Steve, 76561198071307767)(<9481.520508, 95.982422, 10884.832031>) requested data for lock!
[14:19:38] Player (Oxy, 76561197965891110)(<7355.454102, 81.730453, 12388.909180>) requested data for lock!
[14:19:38] Player (Oxy, 76561197965891110)(<7334.615234, 81.730453, 12396.931641>) requested data for lock!
[14:19:38] Player (Oxy, 76561197965891110)(<7355.812500, 81.730453, 12388.950195>) requested data for lock!
[14:19:38] Player (Oxy, 76561197965891110)(<7334.517578, 83.857002, 12397.041992>) requested data for lock!
[14:19:38] Player (Oxy, 76561197965891110)(<7334.545410, 81.730453, 12396.727539>) requested data for lock!
[14:19:38] Player (Oxy, 76561197965891110)(<7355.576172, 81.730453, 12388.914063>) requested data for lock!
[14:19:38] Player (Oxy, 76561197965891110)(<7334.590332, 81.730453, 12397.067383>) requested data for lock!
[14:19:38] Player (Oxy, 76561197965891110)(<7355.947266, 84.361282, 12388.909180>) requested data for lock!
[14:19:38] Player (Oxy, 76561197965891110)(<7360.089844, 82.019249, 12389.973633>) requested data for lock!
[14:19:38] Player (Oxy, 76561197965891110)(<7359.518066, 86.602303, 12394.140625>) requested data for lock!
[14:19:38] Player (Oxy, 76561197965891110)(<7355.248535, 81.730453, 12388.920898>) requested data for lock!
[14:22:15] Player (Oxy, 76561197965891110)(<7355.812500, 81.730453, 12388.950195>) requested data for lock!
[14:22:15] Player (Oxy, 76561197965891110)(<7360.089844, 82.019249, 12389.973633>) requested data for lock!
[14:22:18] Player (Oxy, 76561197965891110)(<7355.454102, 81.730453, 12388.909180>) requested data for lock!
[14:22:18] Player (Oxy, 76561197965891110)(<7355.576172, 81.730453, 12388.914063>) requested data for lock!
[14:22:18] Player (Oxy, 76561197965891110)(<7355.947266, 84.361282, 12388.909180>) requested data for lock!
[14:22:18] Player (Oxy, 76561197965891110)(<7355.248535, 81.730453, 12388.920898>) requested data for lock!
[14:24:54] Player (Oxy, 76561197965891110)(<7334.615234, 81.730453, 12396.931641>) requested data for lock!
[14:24:54] Player (Oxy, 76561197965891110)(<7334.517578, 83.857002, 12397.041992>) requested data for lock!
[14:24:54] Player (Oxy, 76561197965891110)(<7334.545410, 81.730453, 12396.727539>) requested data for lock!
[14:24:54] Player (Oxy, 76561197965891110)(<7334.590332, 81.730453, 12397.067383>) requested data for lock!
[14:24:58] Player (Oxy, 76561197965891110)(<7355.454102, 81.730453, 12388.909180>) requested data for lock!
[14:24:58] Player (Oxy, 76561197965891110)(<7355.812500, 81.730453, 12388.950195>) requested data for lock!
[14:24:58] Player (Oxy, 76561197965891110)(<7355.576172, 81.730453, 12388.914063>) requested data for lock!
[14:24:58] Player (Oxy, 76561197965891110)(<7359.518066, 86.602303, 12394.140625>) requested data for lock!
[14:24:58] Player (Oxy, 76561197965891110)(<7355.248535, 81.730453, 12388.920898>) requested data for lock!
[14:25:02] Player (Oxy, 76561197965891110)(<7355.454102, 81.730453, 12388.909180>) requested data for lock!
[14:25:02] Player (Oxy, 76561197965891110)(<7355.812500, 81.730453, 12388.950195>) requested data for lock!
[14:25:02] Player (Oxy, 76561197965891110)(<7355.576172, 81.730453, 12388.914063>) requested data for lock!
[14:25:02] Player (Oxy, 76561197965891110)(<7355.947266, 84.361282, 12388.909180>) requested data for lock!
[14:25:02] Player (Oxy, 76561197965891110)(<7360.089844, 82.019249, 12389.973633>) requested data for lock!
[14:25:02] Player (Oxy, 76561197965891110)(<7355.248535, 81.730453, 12388.920898>) requested data for lock!
[14:26:16] Player (Oxy, 76561197965891110)(<7334.615234, 81.730453, 12396.931641>) requested data for lock!
[14:26:16] Player (Oxy, 76561197965891110)(<7334.517578, 83.857002, 12397.041992>) requested data for lock!
[14:26:16] Player (Oxy, 76561197965891110)(<7334.545410, 81.730453, 12396.727539>) requested data for lock!
[14:26:16] Player (Oxy, 76561197965891110)(<7334.590332, 81.730453, 12397.067383>) requested data for lock!
[14:26:17] Player (Oxy, 76561197965891110)(<7355.454102, 81.730453, 12388.909180>) requested data for lock!
[14:26:17] Player (Oxy, 76561197965891110)(<7355.812500, 81.730453, 12388.950195>) requested data for lock!
[14:26:17] Player (Oxy, 76561197965891110)(<7355.576172, 81.730453, 12388.914063>) requested data for lock!
[14:26:18] Player (Oxy, 76561197965891110)(<7355.947266, 84.361282, 12388.909180>) requested data for lock!
[14:26:18] Player (Oxy, 76561197965891110)(<7360.089844, 82.019249, 12389.973633>) requested data for lock!
[14:26:18] Player (Oxy, 76561197965891110)(<7359.518066, 86.602303, 12394.140625>) requested data for lock!
[14:26:18] Player (Oxy, 76561197965891110)(<7355.248535, 81.730453, 12388.920898>) requested data for lock!
[14:34:52] Player (Oxy, 76561197965891110)(<7334.615234, 81.730453, 12396.931641>) requested data for lock!
[14:34:52] Player (Oxy, 76561197965891110)(<7334.517578, 83.857002, 12397.041992>) requested data for lock!
[14:34:52] Player (Oxy, 76561197965891110)(<7334.545410, 81.730453, 12396.727539>) requested data for lock!
[14:34:53] Player (Oxy, 76561197965891110)(<7334.590332, 81.730453, 12397.067383>) requested data for lock!
[14:35:41] Player (Oxy, 76561197965891110)(<7334.615234, 81.730453, 12396.931641>) requested data for lock!
[14:35:41] Player (Oxy, 76561197965891110)(<7334.517578, 83.857002, 12397.041992>) requested data for lock!
[14:35:41] Player (Oxy, 76561197965891110)(<7334.545410, 81.730453, 12396.727539>) requested data for lock!
[14:35:41] Player (Oxy, 76561197965891110)(<7334.590332, 81.730453, 12397.067383>) requested data for lock!
[14:36:51] Player (Oxy, 76561197965891110)(<7334.615234, 81.730453, 12396.931641>) requested data for lock!
[14:36:51] Player (Oxy, 76561197965891110)(<7334.517578, 83.857002, 12397.041992>) requested data for lock!
[14:36:51] Player (Oxy, 76561197965891110)(<7334.545410, 81.730453, 12396.727539>) requested data for lock!
[14:36:51] Player (Oxy, 76561197965891110)(<7334.590332, 81.730453, 12397.067383>) requested data for lock!
[14:37:30] Player (Oxy, 76561197965891110)(<7334.615234, 81.730453, 12396.931641>) requested data for lock!
[14:37:30] Player (Oxy, 76561197965891110)(<7334.517578, 83.857002, 12397.041992>) requested data for lock!
[14:37:30] Player (Oxy, 76561197965891110)(<7334.545410, 81.730453, 12396.727539>) requested data for lock!
[14:37:30] Player (Oxy, 76561197965891110)(<7334.590332, 81.730453, 12397.067383>) requested data for lock!
[14:37:45] Player (Oxy, 76561197965891110)(<7334.615234, 81.730453, 12396.931641>) requested data for lock!
[14:37:45] Player (Oxy, 76561197965891110)(<7334.517578, 83.857002, 12397.041992>) requested data for lock!
[14:37:45] Player (Oxy, 76561197965891110)(<7334.545410, 81.730453, 12396.727539>) requested data for lock!
[14:37:45] Player (Oxy, 76561197965891110)(<7334.590332, 81.730453, 12397.067383>) requested data for lock!
[14:38:09] Player (Oxy, 76561197965891110)(<7334.615234, 81.730453, 12396.931641>) requested data for lock!
[14:38:09] Player (Oxy, 76561197965891110)(<7334.517578, 83.857002, 12397.041992>) requested data for lock!
[14:38:09] Player (Oxy, 76561197965891110)(<7334.545410, 81.730453, 12396.727539>) requested data for lock!
[14:38:09] Player (Oxy, 76561197965891110)(<7334.590332, 81.730453, 12397.067383>) requested data for lock!
[14:38:18] Player (Oxy, 76561197965891110)(<7334.615234, 81.730453, 12396.931641>) requested data for lock!
[14:38:18] Player (Oxy, 76561197965891110)(<7334.517578, 83.857002, 12397.041992>) requested data for lock!
[14:38:18] Player (Oxy, 76561197965891110)(<7334.545410, 81.730453, 12396.727539>) requested data for lock!
[14:38:19] Player (Oxy, 76561197965891110)(<7334.590332, 81.730453, 12397.067383>) requested data for lock!
[14:42:31] Player (Lozergod, 76561197970728664)(<7334.615234, 81.730453, 12396.931641>) requested data for lock!
[14:42:31] Player (Lozergod, 76561197970728664)(<7334.517578, 83.857002, 12397.041992>) requested data for lock!
[14:42:31] Player (Lozergod, 76561197970728664)(<7334.545410, 81.730453, 12396.727539>) requested data for lock!
[14:42:31] Player (Lozergod, 76561197970728664)(<7334.590332, 81.730453, 12397.067383>) requested data for lock!
[14:57:03] Player (Oxy, 76561197965891110)(<4870.733887, 5.627413, 11321.759766>) requested data for lock!
[14:57:13] Player (Oxy, 76561197965891110)(<4860.642578, 5.412148, 11283.935547>) requested data for lock!
[15:59:07] Player (BILL, 76561198814955756)(<8066.684570, 27.662138, 7855.720215>) requested data for lock!
[15:59:07] Player (BILL, 76561198814955756)(<8046.105957, 27.662138, 7867.672363>) requested data for lock!
[15:59:07] Player (BILL, 76561198814955756)(<8048.060547, 27.662161, 7867.532227>) requested data for lock!
[15:59:07] Player (BILL, 76561198814955756)(<8066.057129, 27.662161, 7856.242676>) requested data for lock!
[16:02:29] Player (BILL, 76561198814955756)(<7631.311035, 12.787427, 8534.870117>) requested data for lock!
[16:02:30] Player (BILL, 76561198814955756)(<7626.640137, 10.043794, 8539.677734>) requested data for lock!
[16:03:46] Player (BILL, 76561198814955756)(<7241.480957, 3.950430, 7825.958984>) requested data for lock!
[16:03:46] Player (BILL, 76561198814955756)(<7244.721680, 3.842066, 7828.232910>) requested data for lock!
[16:03:49] Player (BILL, 76561198814955756)(<7224.133301, 10.915239, 7848.691406>) requested data for lock!
[16:31:49] Player (BILL, 76561198814955756)(<8066.684570, 27.662138, 7855.720215>) requested data for lock!
[16:31:49] Player (BILL, 76561198814955756)(<8066.057129, 27.662161, 7856.242676>) requested data for lock!
[16:31:52] Player (BILL, 76561198814955756)(<8046.105957, 27.662138, 7867.672363>) requested data for lock!
[16:31:52] Player (BILL, 76561198814955756)(<8048.060547, 27.662161, 7867.532227>) requested data for lock!
[16:37:15] Player (BILL, 76561198814955756)(<7631.311035, 12.787427, 8534.870117>) requested data for lock!
[16:37:18] Player (BILL, 76561198814955756)(<7631.311035, 12.787427, 8534.870117>) requested data for lock!
[16:37:23] Player (BILL, 76561198814955756)(<7626.640137, 10.043794, 8539.677734>) requested data for lock!
[16:37:41] Player (BILL, 76561198814955756)(<7626.640137, 10.043794, 8539.677734>) requested data for lock!
[16:38:37] Player (BILL, 76561198814955756)(<7631.311035, 12.787427, 8534.870117>) requested data for lock!
[16:38:48] Player (BILL, 76561198814955756)(<7626.640137, 10.043794, 8539.677734>) requested data for lock!
[16:39:01] Player (BILL, 76561198814955756)(<7241.480957, 3.950430, 7825.958984>) requested data for lock!
[16:39:01] Player (BILL, 76561198814955756)(<7244.721680, 3.842066, 7828.232910>) requested data for lock!
[16:39:04] Player (BILL, 76561198814955756)(<7224.133301, 10.915239, 7848.691406>) requested data for lock!
[16:51:12] Player (BILL, 76561198814955756)(<8066.684570, 27.662138, 7855.720215>) requested data for lock!
[16:51:12] Player (BILL, 76561198814955756)(<8066.057129, 27.662161, 7856.242676>) requested data for lock!
[12-19-2024][17.00.23] Log file reloaded ( Server Restart )
[17:11:53] Player (Lozergod, 76561197970728664)(<7334.615234, 81.730453, 12396.931641>) requested data for lock!
[17:11:53] Player (Lozergod, 76561197970728664)(<7334.590332, 81.730453, 12397.067383>) requested data for lock!
[17:11:53] Player (Lozergod, 76561197970728664)(<7334.545410, 81.730453, 12396.727539>) requested data for lock!
[17:11:53] Player (Lozergod, 76561197970728664)(<7334.517578, 83.857002, 12397.041992>) requested data for lock!
[17:12:51] Player (Lozergod, 76561197970728664)(<7334.615234, 81.730453, 12396.931641>) requested data for lock!
[17:12:51] Player (Lozergod, 76561197970728664)(<7334.590332, 81.730453, 12397.067383>) requested data for lock!
[17:12:51] Player (Lozergod, 76561197970728664)(<7334.545410, 81.730453, 12396.727539>) requested data for lock!
[17:12:51] Player (Lozergod, 76561197970728664)(<7334.517578, 83.857002, 12397.041992>) requested data for lock!
[17:13:07] Player (Lozergod, 76561197970728664)(<7334.615234, 81.730453, 12396.931641>) requested data for lock!
[17:13:07] Player (Lozergod, 76561197970728664)(<7334.590332, 81.730453, 12397.067383>) requested data for lock!
[17:13:07] Player (Lozergod, 76561197970728664)(<7334.545410, 81.730453, 12396.727539>) requested data for lock!
[17:13:07] Player (Lozergod, 76561197970728664)(<7334.517578, 83.857002, 12397.041992>) requested data for lock!
[17:30:06] Player (Big_Steve, 76561198071307767)(<9481.520508, 95.982422, 10884.832031>) requested data for lock!
[17:30:09] Player (BILL, 76561198814955756)(<7241.480957, 3.950430, 7825.958984>) requested data for lock!
[17:30:09] Player (BILL, 76561198814955756)(<7244.721680, 3.842066, 7828.232910>) requested data for lock!
[17:30:09] Player (BILL, 76561198814955756)(<7631.311035, 12.787427, 8534.870117>) requested data for lock!
[17:30:09] Player (BILL, 76561198814955756)(<7224.133301, 10.915239, 7848.691406>) requested data for lock!
[17:30:09] Player (BILL, 76561198814955756)(<7626.640137, 10.043794, 8539.677734>) requested data for lock!
[17:30:09] Player (BILL, 76561198814955756)(<8066.057129, 27.662161, 7856.242676>) requested data for lock!
[17:30:09] Player (BILL, 76561198814955756)(<8046.105957, 27.662138, 7867.672363>) requested data for lock!
[17:30:09] Player (BILL, 76561198814955756)(<8048.060547, 27.662161, 7867.532227>) requested data for lock!
[17:30:10] Player (BILL, 76561198814955756)(<8066.684570, 27.662138, 7855.720215>) requested data for lock!
[17:34:01] Player (luizredfield30, 76561199770341255)(<7359.518066, 86.602303, 12394.140625>) requested data for lock!
[17:34:01] Player (luizredfield30, 76561199770341255)(<7355.576172, 81.730453, 12388.914063>) requested data for lock!
[17:34:01] Player (luizredfield30, 76561199770341255)(<7334.615234, 81.730453, 12396.931641>) requested data for lock!
[17:34:01] Player (luizredfield30, 76561199770341255)(<7334.590332, 81.730453, 12397.067383>) requested data for lock!
[17:34:01] Player (luizredfield30, 76561199770341255)(<7355.454102, 81.730453, 12388.909180>) requested data for lock!
[17:34:01] Player (luizredfield30, 76561199770341255)(<7334.545410, 81.730453, 12396.727539>) requested data for lock!
[17:34:01] Player (luizredfield30, 76561199770341255)(<7355.812500, 81.730453, 12388.950195>) requested data for lock!
[17:34:01] Player (luizredfield30, 76561199770341255)(<7355.248535, 81.730453, 12388.920898>) requested data for lock!
[17:34:01] Player (luizredfield30, 76561199770341255)(<7334.517578, 83.857002, 12397.041992>) requested data for lock!
[17:34:01] Player (luizredfield30, 76561199770341255)(<7355.947266, 84.361282, 12388.909180>) requested data for lock!
[17:34:01] Player (luizredfield30, 76561199770341255)(<7360.089844, 82.019249, 12389.973633>) requested data for lock!
[17:53:30] Player (BILL, 76561198814955756)(<5746.929199, 70.849586, 8893.775391>) requested data for lock!
[17:56:26] Player (BILL, 76561198814955756)(<5746.929199, 70.849586, 8893.775391>) requested data for lock!
[17:58:51] Player (CONTROL, 76561197967168101)(<6042.112793, 34.846451, 10435.593750>) requested data for lock!
[17:58:51] Player (CONTROL, 76561197967168101)(<6044.596680, 34.846451, 10431.335938>) requested data for lock!
[17:58:51] Player (CONTROL, 76561197967168101)(<5746.929199, 70.849586, 8893.775391>) requested data for lock!
[18:15:09] Player (CONTROL, 76561197967168101)(<6042.112793, 34.846451, 10435.593750>) requested data for lock!
[18:15:09] Player (CONTROL, 76561197967168101)(<6044.596680, 34.846451, 10431.335938>) requested data for lock!
[18:21:25] Player (HighTechTerror, 76561197972187582)(<8899.131836, 15.554780, 1105.990234>) requested data for lock!
[18:21:26] Player (AssGasket, 76561197974341881)(<8899.131836, 15.554780, 1105.990234>) requested data for lock!
[18:21:28] Player (AssGasket, 76561197974341881)(<8909.085938, 15.889824, 1105.763916>) requested data for lock!
[18:21:29] Player (HighTechTerror, 76561197972187582)(<8909.085938, 15.889824, 1105.763916>) requested data for lock!
[18:25:28] Player (Lozergod, 76561197970728664)(<7334.615234, 81.730453, 12396.931641>) requested data for lock!
[18:25:28] Player (Lozergod, 76561197970728664)(<7334.590332, 81.730453, 12397.067383>) requested data for lock!
[18:25:28] Player (Lozergod, 76561197970728664)(<7334.545410, 81.730453, 12396.727539>) requested data for lock!
[18:25:28] Player (Lozergod, 76561197970728664)(<7334.517578, 83.857002, 12397.041992>) requested data for lock!
[18:25:34] Player (Lozergod, 76561197970728664)(<7334.615234, 81.730453, 12396.931641>) requested data for lock!
[18:25:34] Player (Lozergod, 76561197970728664)(<7334.590332, 81.730453, 12397.067383>) requested data for lock!
[18:25:34] Player (Lozergod, 76561197970728664)(<7334.545410, 81.730453, 12396.727539>) requested data for lock!
[18:25:34] Player (Lozergod, 76561197970728664)(<7334.517578, 83.857002, 12397.041992>) requested data for lock!
[19:03:57] Player (Crashfool, 76561198289145406)(<4860.642578, 5.412148, 11283.935547>) requested data for lock!
[19:03:57] Player (Crashfool, 76561198289145406)(<4870.733887, 5.627413, 11321.759766>) requested data for lock!
[19:17:11] Player (Crashfool, 76561198289145406)(<6042.112793, 34.846451, 10435.593750>) requested data for lock!
[19:17:11] Player (Crashfool, 76561198289145406)(<6044.596680, 34.846451, 10431.335938>) requested data for lock!
[19:17:34] Player (Crashfool, 76561198289145406)(<6042.112793, 34.846451, 10435.593750>) requested data for lock!
[19:17:36] Player (Crashfool, 76561198289145406)(<6044.596680, 34.846451, 10431.335938>) requested data for lock!
[19:17:40] Player (Crashfool, 76561198289145406)(<6044.596680, 34.846451, 10431.335938>) requested data for lock!
[20:03:09] Player (Crashfool, 76561198289145406)(<4860.642578, 5.412148, 11283.935547>) requested data for lock!
[20:03:09] Player (Crashfool, 76561198289145406)(<4870.733887, 5.627413, 11321.759766>) requested data for lock!
[20:03:09] Player (Crashfool, 76561198289145406)(<6042.112793, 34.846451, 10435.593750>) requested data for lock!
[20:03:09] Player (Crashfool, 76561198289145406)(<6044.596680, 34.846451, 10431.335938>) requested data for lock!
[20:27:24] Player (FreeRanger, 76561198035689928)(<7241.480957, 3.950430, 7825.958984>) requested data for lock!
[20:27:24] Player (FreeRanger, 76561198035689928)(<7244.721680, 3.842066, 7828.232910>) requested data for lock!
[20:27:24] Player (FreeRanger, 76561198035689928)(<7224.133301, 10.915239, 7848.691406>) requested data for lock!
[20:39:37] Player (FreeRanger, 76561198035689928)(<8046.105957, 27.662138, 7867.672363>) requested data for lock!
[20:39:37] Player (FreeRanger, 76561198035689928)(<8048.060547, 27.662161, 7867.532227>) requested data for lock!
[20:39:38] Player (FreeRanger, 76561198035689928)(<8066.057129, 27.662161, 7856.242676>) requested data for lock!
[20:39:38] Player (FreeRanger, 76561198035689928)(<8066.684570, 27.662138, 7855.720215>) requested data for lock!
[20:41:18] Player (FreeRanger, 76561198035689928)(<7631.311035, 12.787427, 8534.870117>) requested data for lock!
[20:41:19] Player (FreeRanger, 76561198035689928)(<7626.640137, 10.043794, 8539.677734>) requested data for lock!
[20:41:44] Player (Lozergod, 76561197970728664)(<7334.615234, 81.730453, 12396.931641>) requested data for lock!
[20:41:44] Player (Lozergod, 76561197970728664)(<7334.590332, 81.730453, 12397.067383>) requested data for lock!
[20:41:44] Player (Lozergod, 76561197970728664)(<7334.545410, 81.730453, 12396.727539>) requested data for lock!
[20:41:44] Player (Lozergod, 76561197970728664)(<7334.517578, 83.857002, 12397.041992>) requested data for lock!
[20:42:17] Player (Lozergod, 76561197970728664)(<7334.615234, 81.730453, 12396.931641>) requested data for lock!
[20:42:17] Player (Lozergod, 76561197970728664)(<7334.590332, 81.730453, 12397.067383>) requested data for lock!
[20:42:17] Player (Lozergod, 76561197970728664)(<7334.545410, 81.730453, 12396.727539>) requested data for lock!
[20:42:17] Player (Lozergod, 76561197970728664)(<7334.517578, 83.857002, 12397.041992>) requested data for lock!
[12-19-2024][21.00.22] Log file reloaded ( Server Restart )
[21:05:54] Player (FreeRanger, 76561198035689928)(<7631.311035, 12.787427, 8534.870117>) requested data for lock!
[21:05:54] Player (FreeRanger, 76561198035689928)(<7626.640137, 10.043794, 8539.677734>) requested data for lock!
[21:05:54] Player (FreeRanger, 76561198035689928)(<7224.133301, 10.915239, 7848.691406>) requested data for lock!
[21:05:54] Player (FreeRanger, 76561198035689928)(<7244.721680, 3.842066, 7828.232910>) requested data for lock!
[21:05:54] Player (FreeRanger, 76561198035689928)(<7241.480957, 3.950430, 7825.958984>) requested data for lock!
[21:05:54] Player (FreeRanger, 76561198035689928)(<8048.060547, 27.662161, 7867.532227>) requested data for lock!
[21:05:54] Player (FreeRanger, 76561198035689928)(<8046.105957, 27.662138, 7867.672363>) requested data for lock!
[21:05:54] Player (FreeRanger, 76561198035689928)(<8066.684570, 27.662138, 7855.720215>) requested data for lock!
[21:05:54] Player (FreeRanger, 76561198035689928)(<8066.057129, 27.662161, 7856.242676>) requested data for lock!
[21:13:44] Player (FreeRanger, 76561198035689928)(<7631.311035, 12.787427, 8534.870117>) requested data for lock!
[21:13:44] Player (FreeRanger, 76561198035689928)(<7626.640137, 10.043794, 8539.677734>) requested data for lock!
[21:13:44] Player (FreeRanger, 76561198035689928)(<7224.133301, 10.915239, 7848.691406>) requested data for lock!
[21:13:44] Player (FreeRanger, 76561198035689928)(<7244.721680, 3.842066, 7828.232910>) requested data for lock!
[21:13:44] Player (FreeRanger, 76561198035689928)(<7241.480957, 3.950430, 7825.958984>) requested data for lock!
[21:13:44] Player (FreeRanger, 76561198035689928)(<8048.060547, 27.662161, 7867.532227>) requested data for lock!
[21:13:44] Player (FreeRanger, 76561198035689928)(<8046.105957, 27.662138, 7867.672363>) requested data for lock!
[21:13:44] Player (FreeRanger, 76561198035689928)(<8066.684570, 27.662138, 7855.720215>) requested data for lock!
[21:13:45] Player (FreeRanger, 76561198035689928)(<8066.057129, 27.662161, 7856.242676>) requested data for lock!
[21:52:00] Player (HighTechTerror, 76561197972187582)(<8899.131836, 15.554780, 1105.990234>) requested data for lock!
[21:52:01] Player (HighTechTerror, 76561197972187582)(<8909.085938, 15.889824, 1105.763916>) requested data for lock!
[22:06:24] Player (HighTechTerror, 76561197972187582)(<8899.131836, 15.554780, 1105.990234>) requested data for lock!
[22:06:24] Player (spamin8r, 76561197975275353)(<8899.131836, 15.554780, 1105.990234>) requested data for lock!
[22:06:25] Player (HighTechTerror, 76561197972187582)(<8909.085938, 15.889824, 1105.763916>) requested data for lock!
[22:06:25] Player (spamin8r, 76561197975275353)(<8909.085938, 15.889824, 1105.763916>) requested data for lock!
[22:09:30] Player (HighTechTerror, 76561197972187582)(<8899.131836, 15.554780, 1105.990234>) requested data for lock!
[22:09:30] Player (HighTechTerror, 76561197972187582)(<8909.085938, 15.889824, 1105.763916>) requested data for lock!
[22:09:30] Player (spamin8r, 76561197975275353)(<8899.131836, 15.554780, 1105.990234>) requested data for lock!
[22:09:30] Player (spamin8r, 76561197975275353)(<8909.085938, 15.889824, 1105.763916>) requested data for lock!
[22:22:05] Player (spamin8r, 76561197975275353)(<12474.789063, 10.632333, 2383.812988>) requested data for lock!
[22:22:05] Player (HighTechTerror, 76561197972187582)(<12474.789063, 10.632333, 2383.812988>) requested data for lock!
[22:30:59] Player (HighTechTerror, 76561197972187582)(<12474.789063, 10.632333, 2383.812988>) requested data for lock!
[22:30:59] Player (spamin8r, 76561197975275353)(<12474.789063, 10.632333, 2383.812988>) requested data for lock!
