[12-12-2024][00.00.22] New Synch Log File Created!
[00:54:43] Player (The AJ Kid, 76561198019138178)(<7626.640137, 10.043794, 8539.677734>) requested data for lock!
[00:54:45] Player (Bignutz, 76561199031400186)(<7626.640137, 10.043794, 8539.677734>) requested data for lock!
[00:54:45] Player (JONEZ, 76561199069114562)(<7626.640137, 10.043794, 8539.677734>) requested data for lock!
[00:54:46] Player (Bobby, 76561198215739855)(<7626.640137, 10.043794, 8539.677734>) requested data for lock!
[01:12:45] Player (The AJ Kid, 76561198019138178)(<7244.721680, 3.842066, 7828.232910>) requested data for lock!
[01:12:46] Player (Bignutz, 76561199031400186)(<7244.721680, 3.842066, 7828.232910>) requested data for lock!
[01:12:46] Player (The AJ Kid, 76561198019138178)(<7241.480957, 3.950430, 7825.958984>) requested data for lock!
[01:12:47] Player (Bignutz, 76561199031400186)(<7241.480957, 3.950430, 7825.958984>) requested data for lock!
[01:12:49] Player (The AJ Kid, 76561198019138178)(<7224.133301, 10.915239, 7848.691406>) requested data for lock!
[01:12:53] Player (Bignutz, 76561199031400186)(<7224.133301, 10.915239, 7848.691406>) requested data for lock!
[01:13:21] Player (Bobby, 76561198215739855)(<7241.480957, 3.950430, 7825.958984>) requested data for lock!
[01:13:21] Player (Bobby, 76561198215739855)(<7244.721680, 3.842066, 7828.232910>) requested data for lock!
[01:13:23] Player (JONEZ, 76561199069114562)(<7244.721680, 3.842066, 7828.232910>) requested data for lock!
[01:13:25] Player (JONEZ, 76561199069114562)(<7241.480957, 3.950430, 7825.958984>) requested data for lock!
[01:13:27] Player (Bobby, 76561198215739855)(<7224.133301, 10.915239, 7848.691406>) requested data for lock!
[01:13:28] Player (JONEZ, 76561199069114562)(<7224.133301, 10.915239, 7848.691406>) requested data for lock!
[01:25:46] Player (The AJ Kid, 76561198019138178)(<7626.640137, 10.043794, 8539.677734>) requested data for lock!
[01:27:16] Player (Bignutz, 76561199031400186)(<7626.640137, 10.043794, 8539.677734>) requested data for lock!
[01:27:38] Player (JONEZ, 76561199069114562)(<7626.640137, 10.043794, 8539.677734>) requested data for lock!
[01:27:43] Player (Bobby, 76561198215739855)(<7626.640137, 10.043794, 8539.677734>) requested data for lock!
[01:29:14] Player (The AJ Kid, 76561198019138178)(<7626.640137, 10.043794, 8539.677734>) requested data for lock!
[01:38:58] Player (Bobby, 76561198215739855)(<7626.640137, 10.043794, 8539.677734>) requested data for lock!
[03:22:05] Player (Big_Steve, 76561198071307767)(<11127.880859, 106.702026, 9501.662109>) requested data for lock!
[03:37:43] Player (Big_Steve, 76561198071307767)(<11127.880859, 106.702026, 9501.662109>) requested data for lock!
[12-12-2024][05.00.21] Log file reloaded ( Server Restart )
[05:56:55] Player (Big_Steve, 76561198071307767)(<11127.880859, 106.702026, 9501.662109>) requested data for lock!
[05:58:12] Player (Big_Steve, 76561198071307767)(<11127.880859, 106.702026, 9501.662109>) requested data for lock!
[12-12-2024][09.00.22] Log file reloaded ( Server Restart )
[09:35:48] Player (FreeRanger, 76561198035689928)(<7244.721680, 3.842066, 7828.232910>) requested data for lock!
[09:35:48] Player (FreeRanger, 76561198035689928)(<7626.640137, 10.043794, 8539.677734>) requested data for lock!
[09:35:48] Player (FreeRanger, 76561198035689928)(<7224.133301, 10.915239, 7848.691406>) requested data for lock!
[09:35:48] Player (FreeRanger, 76561198035689928)(<7241.480957, 3.950430, 7825.958984>) requested data for lock!
[09:37:21] Player ([GDF] BAL4COBACO, 76561198296387027)(<7355.812500, 81.730453, 12388.950195>) requested data for lock!
[09:37:21] Player ([GDF] BAL4COBACO, 76561198296387027)(<7355.454102, 81.730453, 12388.909180>) requested data for lock!
[09:37:21] Player ([GDF] BAL4COBACO, 76561198296387027)(<7355.576172, 81.730453, 12388.914063>) requested data for lock!
[09:37:21] Player ([GDF] BAL4COBACO, 76561198296387027)(<7355.947266, 84.361282, 12388.909180>) requested data for lock!
[09:45:06] Player ([GDF] BAL4COBACO, 76561198296387027)(<9316.858398, 54.329174, 13092.093750>) requested data for lock!
[09:45:06] Player ([GDF] BAL4COBACO, 76561198296387027)(<9317.154297, 54.329174, 13091.982422>) requested data for lock!
[09:45:06] Player ([GDF] BAL4COBACO, 76561198296387027)(<9318.663086, 54.329174, 13091.610352>) requested data for lock!
[09:53:42] Player (luizredfield30, 76561199770341255)(<7355.812500, 81.730453, 12388.950195>) requested data for lock!
[09:53:42] Player (luizredfield30, 76561199770341255)(<7355.454102, 81.730453, 12388.909180>) requested data for lock!
[09:53:42] Player (luizredfield30, 76561199770341255)(<7355.576172, 81.730453, 12388.914063>) requested data for lock!
[09:53:42] Player (luizredfield30, 76561199770341255)(<7355.947266, 84.361282, 12388.909180>) requested data for lock!
[10:17:53] Player (FreeRanger, 76561198035689928)(<7626.640137, 10.043794, 8539.677734>) requested data for lock!
[10:31:25] Player ([GDF] BAL4COBACO, 76561198296387027)(<7626.640137, 10.043794, 8539.677734>) requested data for lock!
[10:34:45] Player (luizredfield30, 76561199770341255)(<4870.733887, 5.627413, 11321.759766>) requested data for lock!
[10:36:06] Player (luizredfield30, 76561199770341255)(<6042.112793, 34.846451, 10435.593750>) requested data for lock!
[10:36:06] Player (luizredfield30, 76561199770341255)(<6044.596680, 34.846451, 10431.335938>) requested data for lock!
[12-12-2024][10.37.52] Log file reloaded ( Server Restart )
[10:39:49] Player (luizredfield30, 76561199770341255)(<4870.733887, 5.627413, 11321.759766>) requested data for lock!
[10:39:49] Player (luizredfield30, 76561199770341255)(<6044.596680, 34.846451, 10431.335938>) requested data for lock!
[10:39:49] Player (luizredfield30, 76561199770341255)(<6042.112793, 34.846451, 10435.593750>) requested data for lock!
[10:42:59] Player (luizredfield30, 76561199770341255)(<4870.733887, 5.627413, 11321.759766>) requested data for lock!
[10:44:54] Player (CONTROL, 76561197967168101)(<6044.596680, 34.846451, 10431.335938>) requested data for lock!
[10:44:54] Player (CONTROL, 76561197967168101)(<6042.112793, 34.846451, 10435.593750>) requested data for lock!
[10:47:03] Player (luizredfield30, 76561199770341255)(<7626.640137, 10.043794, 8539.677734>) requested data for lock!
[10:50:52] Player (CONTROL, 76561197967168101)(<4870.733887, 5.627413, 11321.759766>) requested data for lock!
[10:51:53] Player (FreeRanger, 76561198035689928)(<7626.640137, 10.043794, 8539.677734>) requested data for lock!
[10:51:53] Player (FreeRanger, 76561198035689928)(<7224.133301, 10.915239, 7848.691406>) requested data for lock!
[10:51:53] Player (FreeRanger, 76561198035689928)(<7244.721680, 3.842066, 7828.232910>) requested data for lock!
[10:51:53] Player (FreeRanger, 76561198035689928)(<7241.480957, 3.950430, 7825.958984>) requested data for lock!
[10:52:35] Player (CONTROL, 76561197967168101)(<4870.733887, 5.627413, 11321.759766>) requested data for lock!
[11:04:33] Player (CONTROL, 76561197967168101)(<4870.733887, 5.627413, 11321.759766>) requested data for lock!
[11:05:14] Player (CONTROL, 76561197967168101)(<4870.733887, 5.627413, 11321.759766>) requested data for lock!
[11:06:44] Player (luizredfield30, 76561199770341255)(<6044.596680, 34.846451, 10431.335938>) requested data for lock!
[11:06:44] Player (luizredfield30, 76561199770341255)(<6042.112793, 34.846451, 10435.593750>) requested data for lock!
[11:08:09] Player (luizredfield30, 76561199770341255)(<4870.733887, 5.627413, 11321.759766>) requested data for lock!
[11:08:17] Player (CONTROL, 76561197967168101)(<4870.733887, 5.627413, 11321.759766>) requested data for lock!
[11:16:05] Player (CONTROL, 76561197967168101)(<6042.112793, 34.846451, 10435.593750>) requested data for lock!
[11:16:40] Player (CONTROL, 76561197967168101)(<6042.112793, 34.846451, 10435.593750>) requested data for lock!
[11:16:43] Player (CONTROL, 76561197967168101)(<6044.596680, 34.846451, 10431.335938>) requested data for lock!
[11:32:07] Player (luizredfield30, 76561199770341255)(<4870.733887, 5.627413, 11321.759766>) requested data for lock!
[11:37:24] Player (luizredfield30, 76561199770341255)(<4870.733887, 5.627413, 11321.759766>) requested data for lock!
[12-12-2024][13.00.23] Log file reloaded ( Server Restart )
[13:27:58] Player (luizredfield30, 76561199770341255)(<4870.733887, 5.627413, 11321.759766>) requested data for lock!
[13:52:04] Player (luizredfield30, 76561198008639541)(<7355.454102, 81.730453, 12388.909180>) requested data for lock!
[13:52:04] Player (luizredfield30, 76561198008639541)(<7355.812500, 81.730453, 12388.950195>) requested data for lock!
[13:52:04] Player (luizredfield30, 76561198008639541)(<7355.947266, 84.361282, 12388.909180>) requested data for lock!
[13:52:04] Player (luizredfield30, 76561198008639541)(<7355.576172, 81.730453, 12388.914063>) requested data for lock!
[13:56:41] Player (luizredfield30, 76561198008639541)(<7355.454102, 81.730453, 12388.909180>) requested data for lock!
[15:11:14] Player (Draco, 76561198302078718)(<4870.733887, 5.627413, 11321.759766>) requested data for lock!
[15:13:51] Player (Draco, 76561198302078718)(<6042.112793, 34.846451, 10435.593750>) requested data for lock!
[15:13:52] Player (Draco, 76561198302078718)(<6044.596680, 34.846451, 10431.335938>) requested data for lock!
[15:43:46] Player (CONTROL, 76561197967168101)(<4870.733887, 5.627413, 11321.759766>) requested data for lock!
[15:53:36] Player (Draco, 76561198302078718)(<6044.596680, 34.846451, 10431.335938>) requested data for lock!
[15:53:36] Player (Draco, 76561198302078718)(<6042.112793, 34.846451, 10435.593750>) requested data for lock!
[15:53:45] Player (CONTROL, 76561197967168101)(<6044.596680, 34.846451, 10431.335938>) requested data for lock!
[15:53:45] Player (CONTROL, 76561197967168101)(<6042.112793, 34.846451, 10435.593750>) requested data for lock!
[15:54:36] Player (Draco, 76561198302078718)(<4870.733887, 5.627413, 11321.759766>) requested data for lock!
[15:58:21] Player (koril, 76561197969243293)(<11127.880859, 106.702026, 9501.662109>) requested data for lock!
[16:46:34] Player (luizredfield30, 76561198008639541)(<7355.454102, 81.730453, 12388.909180>) requested data for lock!
[16:46:34] Player (luizredfield30, 76561198008639541)(<7355.812500, 81.730453, 12388.950195>) requested data for lock!
[16:46:34] Player (luizredfield30, 76561198008639541)(<7355.947266, 84.361282, 12388.909180>) requested data for lock!
[16:46:34] Player (luizredfield30, 76561198008639541)(<7355.576172, 81.730453, 12388.914063>) requested data for lock!
[12-12-2024][17.00.24] Log file reloaded ( Server Restart )
[17:04:33] Player (luizredfield30, 76561198008639541)(<7355.947266, 84.361282, 12388.909180>) requested data for lock!
[17:04:33] Player (luizredfield30, 76561198008639541)(<7355.812500, 81.730453, 12388.950195>) requested data for lock!
[17:04:33] Player (luizredfield30, 76561198008639541)(<7355.576172, 81.730453, 12388.914063>) requested data for lock!
[17:04:33] Player (luizredfield30, 76561198008639541)(<7355.454102, 81.730453, 12388.909180>) requested data for lock!
[17:12:56] Player (Artur_vs_Swider, 76561198397000155)(<7244.721680, 3.842066, 7828.232910>) requested data for lock!
[17:12:56] Player (Artur_vs_Swider, 76561198397000155)(<7626.640137, 10.043794, 8539.677734>) requested data for lock!
[17:12:56] Player (Artur_vs_Swider, 76561198397000155)(<7241.480957, 3.950430, 7825.958984>) requested data for lock!
[17:12:56] Player (Artur_vs_Swider, 76561198397000155)(<7224.133301, 10.915239, 7848.691406>) requested data for lock!
[17:29:37] Player (Artur_vs_Swider, 76561198397000155)(<7244.721680, 3.842066, 7828.232910>) requested data for lock!
[17:29:37] Player (Artur_vs_Swider, 76561198397000155)(<7241.480957, 3.950430, 7825.958984>) requested data for lock!
[18:07:12] Player (koril, 76561197969243293)(<11127.880859, 106.702026, 9501.662109>) requested data for lock!
[18:47:40] Player (Crashfool, 76561198289145406)(<12457.237305, 48.206120, 8419.958008>) requested data for lock!
[18:47:56] Player (Crashfool, 76561198289145406)(<12457.237305, 48.206120, 8419.958008>) requested data for lock!
[18:48:37] Player (Crashfool, 76561198289145406)(<12457.237305, 48.206120, 8419.958008>) requested data for lock!
[18:49:08] Player (Crashfool, 76561198289145406)(<12457.237305, 48.206120, 8419.958008>) requested data for lock!
[18:49:28] Player (Crashfool, 76561198289145406)(<12457.237305, 48.206120, 8419.958008>) requested data for lock!
[18:56:01] Player (Crashfool, 76561198289145406)(<11127.880859, 106.702026, 9501.662109>) requested data for lock!
[19:12:35] Player (Crashfool, 76561198289145406)(<12457.237305, 48.206120, 8419.958008>) requested data for lock!
[19:13:11] Player (Casey, 76561199573099150)(<9316.858398, 54.329174, 13092.093750>) requested data for lock!
[19:13:11] Player (Casey, 76561199573099150)(<9317.154297, 54.329174, 13091.982422>) requested data for lock!
[19:13:11] Player (Casey, 76561199573099150)(<9318.663086, 54.329174, 13091.610352>) requested data for lock!
[19:23:15] Player (Casey, 76561199573099150)(<9316.858398, 54.329174, 13092.093750>) requested data for lock!
[19:23:15] Player (Casey, 76561199573099150)(<9317.154297, 54.329174, 13091.982422>) requested data for lock!
[19:23:15] Player (Casey, 76561199573099150)(<9318.663086, 54.329174, 13091.610352>) requested data for lock!
[19:29:10] Player (luizredfield30, 76561199770341255)(<4870.733887, 5.627413, 11321.759766>) requested data for lock!
[19:32:26] Player (luizredfield30, 76561199770341255)(<6042.112793, 34.846451, 10435.593750>) requested data for lock!
[19:32:27] Player (luizredfield30, 76561199770341255)(<6044.596680, 34.846451, 10431.335938>) requested data for lock!
[19:52:06] Player (luizredfield30, 76561199770341255)(<6044.596680, 34.846451, 10431.335938>) requested data for lock!
[19:52:06] Player (luizredfield30, 76561199770341255)(<6042.112793, 34.846451, 10435.593750>) requested data for lock!
[19:53:45] Player (luizredfield30, 76561199770341255)(<4870.733887, 5.627413, 11321.759766>) requested data for lock!
[19:54:39] Player (brysonZ28, 76561198412009942)(<8899.131836, 15.554780, 1105.990234>) requested data for lock!
[19:54:40] Player (brysonZ28, 76561198412009942)(<8909.085938, 15.889824, 1105.763916>) requested data for lock!
[19:58:21] Player (luizredfield30, 76561199770341255)(<7355.947266, 84.361282, 12388.909180>) requested data for lock!
[19:58:21] Player (luizredfield30, 76561199770341255)(<7355.812500, 81.730453, 12388.950195>) requested data for lock!
[19:58:21] Player (luizredfield30, 76561199770341255)(<7355.576172, 81.730453, 12388.914063>) requested data for lock!
[19:58:21] Player (luizredfield30, 76561199770341255)(<7355.454102, 81.730453, 12388.909180>) requested data for lock!
[20:18:35] Player (luizredfield30, 76561199770341255)(<7334.545410, 81.730453, 12396.727539>) requested data for lock!
[20:19:59] Player (Casey, 76561199573099150)(<9316.858398, 54.329174, 13092.093750>) requested data for lock!
[20:19:59] Player (Casey, 76561199573099150)(<9317.154297, 54.329174, 13091.982422>) requested data for lock!
[20:19:59] Player (Casey, 76561199573099150)(<9318.663086, 54.329174, 13091.610352>) requested data for lock!
[20:22:13] Player (luizredfield30, 76561199770341255)(<7334.615234, 81.730453, 12396.931641>) requested data for lock!
[20:22:25] Player (Casey, 76561199573099150)(<9316.858398, 54.329174, 13092.093750>) requested data for lock!
[20:22:26] Player (Casey, 76561199573099150)(<9317.154297, 54.329174, 13091.982422>) requested data for lock!
[20:22:26] Player (Casey, 76561199573099150)(<9318.663086, 54.329174, 13091.610352>) requested data for lock!
[20:27:01] Player (luizredfield30, 76561199770341255)(<7334.590332, 81.730453, 12397.067383>) requested data for lock!
[20:52:35] Player (brysonZ28, 76561198412009942)(<8909.085938, 15.889824, 1105.763916>) requested data for lock!
[20:52:36] Player (brysonZ28, 76561198412009942)(<8899.131836, 15.554780, 1105.990234>) requested data for lock!
[12-12-2024][21.00.21] Log file reloaded ( Server Restart )
[21:01:20] Player (Casey, 76561199573099150)(<9316.858398, 54.329174, 13092.093750>) requested data for lock!
[21:01:20] Player (Casey, 76561199573099150)(<9317.154297, 54.329174, 13091.982422>) requested data for lock!
[21:01:20] Player (Casey, 76561199573099150)(<9318.663086, 54.329174, 13091.610352>) requested data for lock!
[21:03:15] Player (Casey, 76561199573099150)(<9316.858398, 54.329174, 13092.093750>) requested data for lock!
[21:03:15] Player (Casey, 76561199573099150)(<9317.154297, 54.329174, 13091.982422>) requested data for lock!
[21:03:15] Player (Casey, 76561199573099150)(<9318.663086, 54.329174, 13091.610352>) requested data for lock!
[21:08:13] Player (CONTROL, 76561197967168101)(<6044.596680, 34.846451, 10431.335938>) requested data for lock!
[21:08:13] Player (CONTROL, 76561197967168101)(<6042.112793, 34.846451, 10435.593750>) requested data for lock!
[21:08:49] Player (luizredfield30, 76561199770341255)(<6044.596680, 34.846451, 10431.335938>) requested data for lock!
[21:08:50] Player (luizredfield30, 76561199770341255)(<6042.112793, 34.846451, 10435.593750>) requested data for lock!
[21:10:03] Player (luizredfield30, 76561199770341255)(<4870.733887, 5.627413, 11321.759766>) requested data for lock!
[21:10:22] Player (CONTROL, 76561197967168101)(<6044.596680, 34.846451, 10431.335938>) requested data for lock!
[21:10:22] Player (CONTROL, 76561197967168101)(<6042.112793, 34.846451, 10435.593750>) requested data for lock!
[21:11:12] Player (brysonZ28, 76561198412009942)(<8899.131836, 15.554780, 1105.990234>) requested data for lock!
[21:11:12] Player (brysonZ28, 76561198412009942)(<8909.085938, 15.889824, 1105.763916>) requested data for lock!
[21:16:44] Player (luizredfield30, 76561199770341255)(<7334.545410, 81.730453, 12396.727539>) requested data for lock!
[21:16:44] Player (luizredfield30, 76561199770341255)(<7334.615234, 81.730453, 12396.931641>) requested data for lock!
[21:16:44] Player (luizredfield30, 76561199770341255)(<7334.590332, 81.730453, 12397.067383>) requested data for lock!
[21:16:46] Player (luizredfield30, 76561199770341255)(<7355.947266, 84.361282, 12388.909180>) requested data for lock!
[21:16:46] Player (luizredfield30, 76561199770341255)(<7355.576172, 81.730453, 12388.914063>) requested data for lock!
[21:16:46] Player (luizredfield30, 76561199770341255)(<7355.812500, 81.730453, 12388.950195>) requested data for lock!
[21:18:29] Player (CONTROL, 76561197967168101)(<6044.596680, 34.846451, 10431.335938>) requested data for lock!
[21:18:29] Player (CONTROL, 76561197967168101)(<6042.112793, 34.846451, 10435.593750>) requested data for lock!
[22:24:07] Player (CONTROL, 76561197967168101)(<7224.133301, 10.915239, 7848.691406>) requested data for lock!
[22:24:12] Player (CONTROL, 76561197967168101)(<7241.480957, 3.950430, 7825.958984>) requested data for lock!
[22:24:12] Player (CONTROL, 76561197967168101)(<7244.721680, 3.842066, 7828.232910>) requested data for lock!
[22:27:40] Player (CONTROL, 76561197967168101)(<7626.640137, 10.043794, 8539.677734>) requested data for lock!
