[12-07-2024][00.00.23] New Synch Log File Created!
[01:18:24] Player (Bubbawest, 76561198037988310)(<7224.133301, 10.915239, 7848.691406>) requested data for lock!
[01:18:24] Player (KRage, 76561198011791367)(<7224.133301, 10.915239, 7848.691406>) requested data for lock!
[01:18:25] Player (KRage, 76561198011791367)(<7241.480957, 3.950430, 7825.958984>) requested data for lock!
[01:18:25] Player (Bubbawest, 76561198037988310)(<7241.480957, 3.950430, 7825.958984>) requested data for lock!
[01:18:25] Player (KRage, 76561198011791367)(<7244.721680, 3.842066, 7828.232910>) requested data for lock!
[01:18:25] Player (Bubbawest, 76561198037988310)(<7244.721680, 3.842066, 7828.232910>) requested data for lock!
[01:34:17] Player (Bubbawest, 76561198037988310)(<7241.480957, 3.950430, 7825.958984>) requested data for lock!
[01:34:17] Player (KRage, 76561198011791367)(<7241.480957, 3.950430, 7825.958984>) requested data for lock!
[01:34:17] Player (Bubbawest, 76561198037988310)(<7244.721680, 3.842066, 7828.232910>) requested data for lock!
[01:34:17] Player (KRage, 76561198011791367)(<7244.721680, 3.842066, 7828.232910>) requested data for lock!
[01:34:18] Player (Bubbawest, 76561198037988310)(<7224.133301, 10.915239, 7848.691406>) requested data for lock!
[01:34:18] Player (KRage, 76561198011791367)(<7224.133301, 10.915239, 7848.691406>) requested data for lock!
[01:44:28] Player (KRage, 76561198011791367)(<11127.880859, 106.702026, 9501.662109>) requested data for lock!
[01:44:28] Player (Bubbawest, 76561198037988310)(<11127.880859, 106.702026, 9501.662109>) requested data for lock!
[03:00:43] Player (janggoroot, 76561199653822374)(<11127.880859, 106.702026, 9501.662109>) requested data for lock!
[03:09:59] Player (janggoroot, 76561199653822374)(<11127.880859, 106.702026, 9501.662109>) requested data for lock!
[03:15:27] Player (janggoroot, 76561199653822374)(<11127.880859, 106.702026, 9501.662109>) requested data for lock!
[03:25:27] Player (janggoroot, 76561199653822374)(<11127.880859, 106.702026, 9501.662109>) requested data for lock!
[04:21:41] Player (janggoroot, 76561199653822374)(<11127.880859, 106.702026, 9501.662109>) requested data for lock!
[04:28:25] Player (janggoroot, 76561199653822374)(<11127.880859, 106.702026, 9501.662109>) requested data for lock!
[12-07-2024][05.00.22] Log file reloaded ( Server Restart )
[05:06:38] Player (Code Man, 76561197981923190)(<12457.237305, 48.206120, 8419.958008>) requested data for lock!
[05:09:21] Player (Code Man, 76561197981923190)(<12457.237305, 48.206120, 8419.958008>) requested data for lock!
[05:13:30] Player (Code Man, 76561197981923190)(<12457.237305, 48.206120, 8419.958008>) requested data for lock!
[05:14:01] Player (Code Man, 76561197981923190)(<12457.237305, 48.206120, 8419.958008>) requested data for lock!
[05:14:17] Player (Code Man, 76561197981923190)(<12457.237305, 48.206120, 8419.958008>) requested data for lock!
[05:14:33] Player (Code Man, 76561197981923190)(<12457.237305, 48.206120, 8419.958008>) requested data for lock!
[06:40:07] Player (Code Man, 76561197981923190)(<12457.237305, 48.206120, 8419.958008>) requested data for lock!
[07:18:18] Player (Scorpion, 76561197993341683)(<9668.629883, 10.955507, 13562.585938>) requested data for lock!
[07:18:18] Player (Scorpion, 76561197993341683)(<9316.858398, 54.329174, 13092.093750>) requested data for lock!
[07:18:18] Player (Scorpion, 76561197993341683)(<9666.972656, 10.980086, 13563.481445>) requested data for lock!
[07:18:18] Player (Scorpion, 76561197993341683)(<9317.154297, 54.329174, 13091.982422>) requested data for lock!
[07:18:18] Player (Scorpion, 76561197993341683)(<9318.663086, 54.329174, 13091.610352>) requested data for lock!
[07:27:05] Player (Luiz, 76561198008639541)(<9316.858398, 54.329174, 13092.093750>) requested data for lock!
[07:27:05] Player (Luiz, 76561198008639541)(<9317.154297, 54.329174, 13091.982422>) requested data for lock!
[07:27:05] Player (Luiz, 76561198008639541)(<9318.663086, 54.329174, 13091.610352>) requested data for lock!
[07:29:45] Player (Luiz, 76561198008639541)(<9316.858398, 54.329174, 13092.093750>) requested data for lock!
[07:29:45] Player (Luiz, 76561198008639541)(<9317.154297, 54.329174, 13091.982422>) requested data for lock!
[07:29:45] Player (Luiz, 76561198008639541)(<9318.663086, 54.329174, 13091.610352>) requested data for lock!
[07:32:49] Player (Luiz, 76561198008639541)(<9668.629883, 10.955507, 13562.585938>) requested data for lock!
[07:32:49] Player (Luiz, 76561198008639541)(<9666.972656, 10.980086, 13563.481445>) requested data for lock!
[07:39:38] Player (Scorpion, 76561197993341683)(<9668.629883, 10.955507, 13562.585938>) requested data for lock!
[07:39:38] Player (Scorpion, 76561197993341683)(<9316.858398, 54.329174, 13092.093750>) requested data for lock!
[07:39:38] Player (Scorpion, 76561197993341683)(<9666.972656, 10.980086, 13563.481445>) requested data for lock!
[07:39:38] Player (Scorpion, 76561197993341683)(<9317.154297, 54.329174, 13091.982422>) requested data for lock!
[07:39:38] Player (Scorpion, 76561197993341683)(<9318.663086, 54.329174, 13091.610352>) requested data for lock!
[07:43:53] Player (Code Man, 76561197981923190)(<11127.880859, 106.702026, 9501.662109>) requested data for lock!
[07:57:39] Player (Scorpion, 76561197993341683)(<12457.237305, 48.206120, 8419.958008>) requested data for lock!
[08:30:17] Player (Big_Steve, 76561198071307767)(<11127.880859, 106.702026, 9501.662109>) requested data for lock!
[08:32:06] Player (Big_Steve, 76561198071307767)(<11127.880859, 106.702026, 9501.662109>) requested data for lock!
[08:42:39] Player (Big_Steve, 76561198071307767)(<11127.880859, 106.702026, 9501.662109>) requested data for lock!
[08:51:18] Player (Vojd, 76561197996307588)(<12457.237305, 48.206120, 8419.958008>) requested data for lock!
[08:57:24] Player (Code Man, 76561197981923190)(<7244.721680, 3.842066, 7828.232910>) requested data for lock!
[08:57:25] Player (Code Man, 76561197981923190)(<7241.480957, 3.950430, 7825.958984>) requested data for lock!
[08:57:27] Player (Code Man, 76561197981923190)(<7224.133301, 10.915239, 7848.691406>) requested data for lock!
[12-07-2024][09.00.22] Log file reloaded ( Server Restart )
[09:23:16] Player (Luiz, 76561198008639541)(<9318.663086, 54.329174, 13091.610352>) requested data for lock!
[09:23:16] Player (Luiz, 76561198008639541)(<9317.154297, 54.329174, 13091.982422>) requested data for lock!
[09:23:16] Player (Luiz, 76561198008639541)(<9316.858398, 54.329174, 13092.093750>) requested data for lock!
[09:26:03] Player (Luiz, 76561198008639541)(<9668.629883, 10.955507, 13562.585938>) requested data for lock!
[09:26:03] Player (Luiz, 76561198008639541)(<9666.972656, 10.980086, 13563.481445>) requested data for lock!
[09:45:12] Player ([GDF] BAL4COBACO, 76561198296387027)(<9318.663086, 54.329174, 13091.610352>) requested data for lock!
[09:45:12] Player ([GDF] BAL4COBACO, 76561198296387027)(<9317.154297, 54.329174, 13091.982422>) requested data for lock!
[09:45:12] Player ([GDF] BAL4COBACO, 76561198296387027)(<9668.629883, 10.955507, 13562.585938>) requested data for lock!
[09:45:12] Player ([GDF] BAL4COBACO, 76561198296387027)(<9666.972656, 10.980086, 13563.481445>) requested data for lock!
[09:45:12] Player ([GDF] BAL4COBACO, 76561198296387027)(<9316.858398, 54.329174, 13092.093750>) requested data for lock!
[09:47:38] Player ([GDF] BAL4COBACO, 76561198296387027)(<9316.858398, 54.329174, 13092.093750>) requested data for lock!
[09:47:38] Player (Luiz, 76561198008639541)(<9316.858398, 54.329174, 13092.093750>) requested data for lock!
[09:54:45] Player ([GDF] BAL4COBACO, 76561198296387027)(<9318.663086, 54.329174, 13091.610352>) requested data for lock!
[09:54:45] Player ([GDF] BAL4COBACO, 76561198296387027)(<9317.154297, 54.329174, 13091.982422>) requested data for lock!
[09:54:45] Player ([GDF] BAL4COBACO, 76561198296387027)(<9668.629883, 10.955507, 13562.585938>) requested data for lock!
[09:54:45] Player ([GDF] BAL4COBACO, 76561198296387027)(<9666.972656, 10.980086, 13563.481445>) requested data for lock!
[09:54:45] Player ([GDF] BAL4COBACO, 76561198296387027)(<9316.858398, 54.329174, 13092.093750>) requested data for lock!
[10:53:28] Player (Luiz, 76561198008639541)(<9318.663086, 54.329174, 13091.610352>) requested data for lock!
[10:53:28] Player (Luiz, 76561198008639541)(<9317.154297, 54.329174, 13091.982422>) requested data for lock!
[10:53:28] Player ([GDF] BAL4COBACO, 76561198296387027)(<9318.663086, 54.329174, 13091.610352>) requested data for lock!
[10:53:28] Player ([GDF] BAL4COBACO, 76561198296387027)(<9317.154297, 54.329174, 13091.982422>) requested data for lock!
[10:53:28] Player (Luiz, 76561198008639541)(<9316.858398, 54.329174, 13092.093750>) requested data for lock!
[10:53:28] Player ([GDF] BAL4COBACO, 76561198296387027)(<9316.858398, 54.329174, 13092.093750>) requested data for lock!
[10:53:51] Player (Luiz, 76561198008639541)(<9668.629883, 10.955507, 13562.585938>) requested data for lock!
[10:53:52] Player (Luiz, 76561198008639541)(<9666.972656, 10.980086, 13563.481445>) requested data for lock!
[10:53:52] Player ([GDF] BAL4COBACO, 76561198296387027)(<9668.629883, 10.955507, 13562.585938>) requested data for lock!
[10:53:52] Player ([GDF] BAL4COBACO, 76561198296387027)(<9666.972656, 10.980086, 13563.481445>) requested data for lock!
[11:09:58] Player (AssGasket, 76561197974341881)(<11127.880859, 106.702026, 9501.662109>) requested data for lock!
[11:09:59] Player (Scorpion, 76561197993341683)(<11127.880859, 106.702026, 9501.662109>) requested data for lock!
[11:27:19] Player (Scorpion, 76561197993341683)(<11127.880859, 106.702026, 9501.662109>) requested data for lock!
[11:27:21] Player (AssGasket, 76561197974341881)(<11127.880859, 106.702026, 9501.662109>) requested data for lock!
[11:28:18] Player (Johann, 76561198403938232)(<12457.237305, 48.206120, 8419.958008>) requested data for lock!
[11:46:49] Player (Johann, 76561198403938232)(<12457.237305, 48.206120, 8419.958008>) requested data for lock!
[11:51:11] Player ([GDF] BAL4COBACO, 76561198296387027)(<7355.812500, 81.730453, 12388.950195>) requested data for lock!
[11:51:11] Player (Luiz, 76561198008639541)(<7355.812500, 81.730453, 12388.950195>) requested data for lock!
[11:51:19] Player ([GDF] BAL4COBACO, 76561198296387027)(<7355.812500, 81.730453, 12388.950195>) requested data for lock!
[11:51:19] Player (Luiz, 76561198008639541)(<7355.812500, 81.730453, 12388.950195>) requested data for lock!
[11:52:21] Player ([GDF] BAL4COBACO, 76561198296387027)(<7355.947266, 84.361282, 12388.909180>) requested data for lock!
[11:52:21] Player (Luiz, 76561198008639541)(<7355.947266, 84.361282, 12388.909180>) requested data for lock!
[11:52:27] Player ([GDF] BAL4COBACO, 76561198296387027)(<7355.947266, 84.361282, 12388.909180>) requested data for lock!
[11:52:27] Player (Luiz, 76561198008639541)(<7355.947266, 84.361282, 12388.909180>) requested data for lock!
[12:00:46] Player ([GDF] BAL4COBACO, 76561198296387027)(<7355.812500, 81.730453, 12388.950195>) requested data for lock!
[12:00:46] Player ([GDF] BAL4COBACO, 76561198296387027)(<7355.947266, 84.361282, 12388.909180>) requested data for lock!
[12:00:47] Player (Luiz, 76561198008639541)(<7355.812500, 81.730453, 12388.950195>) requested data for lock!
[12:00:47] Player (Luiz, 76561198008639541)(<7355.947266, 84.361282, 12388.909180>) requested data for lock!
[12:02:25] Player (Luiz, 76561198008639541)(<9317.154297, 54.329174, 13091.982422>) requested data for lock!
[12:02:26] Player ([GDF] BAL4COBACO, 76561198296387027)(<9318.663086, 54.329174, 13091.610352>) requested data for lock!
[12:02:26] Player (Luiz, 76561198008639541)(<9316.858398, 54.329174, 13092.093750>) requested data for lock!
[12:02:26] Player ([GDF] BAL4COBACO, 76561198296387027)(<9317.154297, 54.329174, 13091.982422>) requested data for lock!
[12:02:26] Player ([GDF] BAL4COBACO, 76561198296387027)(<9316.858398, 54.329174, 13092.093750>) requested data for lock!
[12:02:26] Player (Luiz, 76561198008639541)(<9318.663086, 54.329174, 13091.610352>) requested data for lock!
[12:02:50] Player (Luiz, 76561198008639541)(<9668.629883, 10.955507, 13562.585938>) requested data for lock!
[12:02:50] Player (Luiz, 76561198008639541)(<9666.972656, 10.980086, 13563.481445>) requested data for lock!
[12:02:50] Player ([GDF] BAL4COBACO, 76561198296387027)(<9668.629883, 10.955507, 13562.585938>) requested data for lock!
[12:02:50] Player ([GDF] BAL4COBACO, 76561198296387027)(<9666.972656, 10.980086, 13563.481445>) requested data for lock!
[12:04:28] Player ([GDF] BAL4COBACO, 76561198296387027)(<9666.972656, 10.980086, 13563.481445>) requested data for lock!
[12:04:28] Player (Luiz, 76561198008639541)(<9666.972656, 10.980086, 13563.481445>) requested data for lock!
[12:10:53] Player (Johann, 76561198403938232)(<12457.237305, 48.206120, 8419.958008>) requested data for lock!
[12:19:30] Player (FreeRanger, 76561198035689928)(<7224.133301, 10.915239, 7848.691406>) requested data for lock!
[12:19:30] Player (FreeRanger, 76561198035689928)(<7241.480957, 3.950430, 7825.958984>) requested data for lock!
[12:19:30] Player (FreeRanger, 76561198035689928)(<7244.721680, 3.842066, 7828.232910>) requested data for lock!
[12:35:15] Player (Johann, 76561198403938232)(<12457.237305, 48.206120, 8419.958008>) requested data for lock!
[12:40:04] Player ([GDF] BAL4COBACO, 76561198296387027)(<7355.812500, 81.730453, 12388.950195>) requested data for lock!
[12:40:04] Player ([GDF] BAL4COBACO, 76561198296387027)(<7355.947266, 84.361282, 12388.909180>) requested data for lock!
[12:40:41] Player (Luiz, 76561198008639541)(<7355.812500, 81.730453, 12388.950195>) requested data for lock!
[12:40:41] Player (Luiz, 76561198008639541)(<7355.947266, 84.361282, 12388.909180>) requested data for lock!
[12:40:54] Player ([GDF] BAL4COBACO, 76561198296387027)(<7355.812500, 81.730453, 12388.950195>) requested data for lock!
[12:40:54] Player ([GDF] BAL4COBACO, 76561198296387027)(<7355.947266, 84.361282, 12388.909180>) requested data for lock!
[12:41:28] Player (Luiz, 76561198008639541)(<7355.812500, 81.730453, 12388.950195>) requested data for lock!
[12:41:28] Player (Luiz, 76561198008639541)(<7355.947266, 84.361282, 12388.909180>) requested data for lock!
[12:42:29] Player (chuBBz, 76561198175799866)(<9318.663086, 54.329174, 13091.610352>) requested data for lock!
[12:42:29] Player (chuBBz, 76561198175799866)(<9317.154297, 54.329174, 13091.982422>) requested data for lock!
[12:42:29] Player (chuBBz, 76561198175799866)(<9316.858398, 54.329174, 13092.093750>) requested data for lock!
[12:53:54] Player (Luiz, 76561198008639541)(<7355.812500, 81.730453, 12388.950195>) requested data for lock!
[12:53:54] Player (Luiz, 76561198008639541)(<7355.947266, 84.361282, 12388.909180>) requested data for lock!
[12:55:27] Player (Luiz, 76561198008639541)(<9318.663086, 54.329174, 13091.610352>) requested data for lock!
[12:55:28] Player (Luiz, 76561198008639541)(<9317.154297, 54.329174, 13091.982422>) requested data for lock!
[12:55:28] Player (Luiz, 76561198008639541)(<9316.858398, 54.329174, 13092.093750>) requested data for lock!
[12:57:38] Player (chuBBz, 76561198175799866)(<9318.663086, 54.329174, 13091.610352>) requested data for lock!
[12:57:40] Player (chuBBz, 76561198175799866)(<9317.154297, 54.329174, 13091.982422>) requested data for lock!
[12:57:42] Player (chuBBz, 76561198175799866)(<9316.858398, 54.329174, 13092.093750>) requested data for lock!
[12-07-2024][13.00.24] Log file reloaded ( Server Restart )
[13:00:54] Player ([GDF] BAL4COBACO, 76561198296387027)(<7355.947266, 84.361282, 12388.909180>) requested data for lock!
[13:00:55] Player ([GDF] BAL4COBACO, 76561198296387027)(<7355.812500, 81.730453, 12388.950195>) requested data for lock!
[13:01:23] Player (Luiz, 76561198008639541)(<9316.858398, 54.329174, 13092.093750>) requested data for lock!
[13:01:23] Player (Luiz, 76561198008639541)(<9318.663086, 54.329174, 13091.610352>) requested data for lock!
[13:01:23] Player (Luiz, 76561198008639541)(<9317.154297, 54.329174, 13091.982422>) requested data for lock!
[13:02:54] Player (chuBBz, 76561198175799866)(<9316.858398, 54.329174, 13092.093750>) requested data for lock!
[13:02:54] Player (chuBBz, 76561198175799866)(<9318.663086, 54.329174, 13091.610352>) requested data for lock!
[13:02:54] Player (chuBBz, 76561198175799866)(<9317.154297, 54.329174, 13091.982422>) requested data for lock!
[13:04:38] Player ([GDF] BAL4COBACO, 76561198296387027)(<7355.947266, 84.361282, 12388.909180>) requested data for lock!
[13:04:38] Player ([GDF] BAL4COBACO, 76561198296387027)(<7355.812500, 81.730453, 12388.950195>) requested data for lock!
[13:07:16] Player (sans, 76561199229421873)(<6044.596680, 34.846451, 10431.335938>) requested data for lock!
[13:07:16] Player (sans, 76561199229421873)(<6042.112793, 34.846451, 10435.593750>) requested data for lock!
[13:09:22] Player (brysonZ28, 76561198412009942)(<6044.596680, 34.846451, 10431.335938>) requested data for lock!
[13:09:22] Player (brysonZ28, 76561198412009942)(<6042.112793, 34.846451, 10435.593750>) requested data for lock!
[13:10:45] Player (Luiz, 76561198008639541)(<7355.947266, 84.361282, 12388.909180>) requested data for lock!
[13:10:45] Player (Luiz, 76561198008639541)(<7355.812500, 81.730453, 12388.950195>) requested data for lock!
[13:11:53] Player (Luiz, 76561198008639541)(<7355.947266, 84.361282, 12388.909180>) requested data for lock!
[13:11:53] Player (Luiz, 76561198008639541)(<7355.812500, 81.730453, 12388.950195>) requested data for lock!
[13:14:16] Player (brysonZ28, 76561198412009942)(<6042.112793, 34.846451, 10435.593750>) requested data for lock!
[13:14:21] Player (sans, 76561199229421873)(<6044.596680, 34.846451, 10431.335938>) requested data for lock!
[13:14:21] Player (sans, 76561199229421873)(<6042.112793, 34.846451, 10435.593750>) requested data for lock!
[13:14:22] Player (brysonZ28, 76561198412009942)(<6044.596680, 34.846451, 10431.335938>) requested data for lock!
[13:14:29] Player (chuBBz, 76561198175799866)(<7355.947266, 84.361282, 12388.909180>) requested data for lock!
[13:14:29] Player (chuBBz, 76561198175799866)(<7355.812500, 81.730453, 12388.950195>) requested data for lock!
[13:15:28] Player (brysonZ28, 76561198412009942)(<6042.112793, 34.846451, 10435.593750>) requested data for lock!
[13:15:30] Player (sans, 76561199229421873)(<6044.596680, 34.846451, 10431.335938>) requested data for lock!
[13:15:30] Player (sans, 76561199229421873)(<6042.112793, 34.846451, 10435.593750>) requested data for lock!
[13:15:31] Player (brysonZ28, 76561198412009942)(<6044.596680, 34.846451, 10431.335938>) requested data for lock!
[13:17:52] Player ([GDF] BAL4COBACO, 76561198296387027)(<9316.858398, 54.329174, 13092.093750>) requested data for lock!
[13:17:52] Player ([GDF] BAL4COBACO, 76561198296387027)(<9318.663086, 54.329174, 13091.610352>) requested data for lock!
[13:17:52] Player ([GDF] BAL4COBACO, 76561198296387027)(<9317.154297, 54.329174, 13091.982422>) requested data for lock!
[13:22:59] Player (FreeRanger, 76561198035689928)(<7244.721680, 3.842066, 7828.232910>) requested data for lock!
[13:22:59] Player (FreeRanger, 76561198035689928)(<7224.133301, 10.915239, 7848.691406>) requested data for lock!
[13:22:59] Player (FreeRanger, 76561198035689928)(<7241.480957, 3.950430, 7825.958984>) requested data for lock!
[13:23:20] Player (Luiz, 76561198008639541)(<7355.947266, 84.361282, 12388.909180>) requested data for lock!
[13:23:20] Player (Luiz, 76561198008639541)(<7355.812500, 81.730453, 12388.950195>) requested data for lock!
[13:25:12] Player (Luiz, 76561198008639541)(<9316.858398, 54.329174, 13092.093750>) requested data for lock!
[13:25:12] Player (Luiz, 76561198008639541)(<9318.663086, 54.329174, 13091.610352>) requested data for lock!
[13:25:12] Player (Luiz, 76561198008639541)(<9317.154297, 54.329174, 13091.982422>) requested data for lock!
[13:30:39] Player (Vellath, 76561198068537513)(<7244.721680, 3.842066, 7828.232910>) requested data for lock!
[13:30:39] Player (Vellath, 76561198068537513)(<7224.133301, 10.915239, 7848.691406>) requested data for lock!
[13:30:39] Player (Vellath, 76561198068537513)(<7241.480957, 3.950430, 7825.958984>) requested data for lock!
[13:35:31] Player ([GDF] BAL4COBACO, 76561198296387027)(<7355.947266, 84.361282, 12388.909180>) requested data for lock!
[13:35:31] Player ([GDF] BAL4COBACO, 76561198296387027)(<7355.812500, 81.730453, 12388.950195>) requested data for lock!
[13:36:10] Player ([GDF] BAL4COBACO, 76561198296387027)(<7355.812500, 81.730453, 12388.950195>) requested data for lock!
[13:36:11] Player ([GDF] BAL4COBACO, 76561198296387027)(<7355.947266, 84.361282, 12388.909180>) requested data for lock!
[13:37:21] Player (Luiz, 76561198008639541)(<7355.947266, 84.361282, 12388.909180>) requested data for lock!
[13:37:21] Player (Luiz, 76561198008639541)(<7355.812500, 81.730453, 12388.950195>) requested data for lock!
[13:38:10] Player (Luiz, 76561198008639541)(<7355.947266, 84.361282, 12388.909180>) requested data for lock!
[13:38:10] Player (Luiz, 76561198008639541)(<7355.812500, 81.730453, 12388.950195>) requested data for lock!
[13:56:22] Player (chuBBz, 76561198175799866)(<9316.858398, 54.329174, 13092.093750>) requested data for lock!
[13:56:22] Player (chuBBz, 76561198175799866)(<9318.663086, 54.329174, 13091.610352>) requested data for lock!
[13:56:22] Player (chuBBz, 76561198175799866)(<9317.154297, 54.329174, 13091.982422>) requested data for lock!
[14:04:03] Player (chuBBz, 76561198175799866)(<7355.947266, 84.361282, 12388.909180>) requested data for lock!
[14:04:04] Player (chuBBz, 76561198175799866)(<7355.812500, 81.730453, 12388.950195>) requested data for lock!
[14:10:31] Player (chuBBz, 76561198175799866)(<7355.576172, 81.730453, 12388.914063>) requested data for lock!
[14:10:31] Player (Luiz, 76561198008639541)(<7355.576172, 81.730453, 12388.914063>) requested data for lock!
[14:25:24] Player (chuBBz, 76561198175799866)(<6044.596680, 34.846451, 10431.335938>) requested data for lock!
[14:25:24] Player (chuBBz, 76561198175799866)(<6042.112793, 34.846451, 10435.593750>) requested data for lock!
[15:14:48] Player (KRage, 76561198011791367)(<11127.880859, 106.702026, 9501.662109>) requested data for lock!
[15:31:25] Player (koril, 76561197969243293)(<11127.880859, 106.702026, 9501.662109>) requested data for lock!
[16:17:16] Player (PaddyG, 76561198015177995)(<9316.858398, 54.329174, 13092.093750>) requested data for lock!
[16:17:16] Player (PaddyG, 76561198015177995)(<9318.663086, 54.329174, 13091.610352>) requested data for lock!
[16:17:16] Player (PaddyG, 76561198015177995)(<9317.154297, 54.329174, 13091.982422>) requested data for lock!
[12-07-2024][17.00.25] Log file reloaded ( Server Restart )
[17:39:05] Player (Luiz, 76561198008639541)(<7355.812500, 81.730453, 12388.950195>) requested data for lock!
[17:39:05] Player (Luiz, 76561198008639541)(<7355.576172, 81.730453, 12388.914063>) requested data for lock!
[17:39:05] Player (Luiz, 76561198008639541)(<7355.947266, 84.361282, 12388.909180>) requested data for lock!
[17:45:12] Player (Luiz, 76561198008639541)(<7355.812500, 81.730453, 12388.950195>) requested data for lock!
[17:45:12] Player (Luiz, 76561198008639541)(<7355.576172, 81.730453, 12388.914063>) requested data for lock!
[17:45:12] Player (Luiz, 76561198008639541)(<7355.947266, 84.361282, 12388.909180>) requested data for lock!
[17:46:49] Player (Luiz, 76561198008639541)(<9318.663086, 54.329174, 13091.610352>) requested data for lock!
[17:46:49] Player (Luiz, 76561198008639541)(<9316.858398, 54.329174, 13092.093750>) requested data for lock!
[17:46:49] Player (Luiz, 76561198008639541)(<9317.154297, 54.329174, 13091.982422>) requested data for lock!
[18:59:58] Player (Luiz, 76561199770341255)(<9318.663086, 54.329174, 13091.610352>) requested data for lock!
[18:59:58] Player (Luiz, 76561199770341255)(<9316.858398, 54.329174, 13092.093750>) requested data for lock!
[18:59:58] Player (Luiz, 76561199770341255)(<9317.154297, 54.329174, 13091.982422>) requested data for lock!
[19:02:47] Player (Luiz, 76561199770341255)(<9316.858398, 54.329174, 13092.093750>) requested data for lock!
[19:18:16] Player (Luiz, 76561199770341255)(<7355.812500, 81.730453, 12388.950195>) requested data for lock!
[19:18:16] Player (Luiz, 76561199770341255)(<7355.576172, 81.730453, 12388.914063>) requested data for lock!
[19:18:16] Player (Luiz, 76561199770341255)(<7355.947266, 84.361282, 12388.909180>) requested data for lock!
[19:19:00] Player (Luiz, 76561199770341255)(<7355.812500, 81.730453, 12388.950195>) requested data for lock!
[19:19:00] Player (Luiz, 76561199770341255)(<7355.576172, 81.730453, 12388.914063>) requested data for lock!
[19:19:00] Player (Luiz, 76561199770341255)(<7355.947266, 84.361282, 12388.909180>) requested data for lock!
[19:21:43] Player (Luiz, 76561199770341255)(<7355.812500, 81.730453, 12388.950195>) requested data for lock!
[19:21:54] Player (Luiz, 76561199770341255)(<7355.576172, 81.730453, 12388.914063>) requested data for lock!
[19:22:32] Player (Luiz, 76561199770341255)(<7355.947266, 84.361282, 12388.909180>) requested data for lock!
[12-07-2024][21.00.22] Log file reloaded ( Server Restart )
[21:09:24] Player (Sid, 76561198079535574)(<12457.237305, 48.206120, 8419.958008>) requested data for lock!
[21:56:56] Player (CONTROL, 76561197967168101)(<6042.112793, 34.846451, 10435.593750>) requested data for lock!
[21:56:59] Player (CONTROL, 76561197967168101)(<6044.596680, 34.846451, 10431.335938>) requested data for lock!
[22:16:17] Player (Big_Steve, 76561198071307767)(<11127.880859, 106.702026, 9501.662109>) requested data for lock!
[22:49:33] Player (KRage, 76561198011791367)(<11127.880859, 106.702026, 9501.662109>) requested data for lock!
[22:56:28] Player (KRage, 76561198011791367)(<11127.880859, 106.702026, 9501.662109>) requested data for lock!
[23:00:53] Player (jstone113, 76561199013854003)(<9318.663086, 54.329174, 13091.610352>) requested data for lock!
[23:00:53] Player (jstone113, 76561199013854003)(<9316.858398, 54.329174, 13092.093750>) requested data for lock!
[23:00:53] Player (jstone113, 76561199013854003)(<9317.154297, 54.329174, 13091.982422>) requested data for lock!
[23:12:00] Player (Siets, 76561197968205278)(<11127.880859, 106.702026, 9501.662109>) requested data for lock!
[23:12:43] Player (KRage, 76561198011791367)(<11127.880859, 106.702026, 9501.662109>) requested data for lock!
[23:28:23] Player (Siets, 76561197968205278)(<11127.880859, 106.702026, 9501.662109>) requested data for lock!
[23:28:23] Player (KRage, 76561198011791367)(<11127.880859, 106.702026, 9501.662109>) requested data for lock!
[23:34:11] Player (Daryl Dixon, 76561199573099150)(<8909.085938, 15.889824, 1105.763916>) requested data for lock!
[23:35:34] Player (KRage, 76561198011791367)(<6042.112793, 34.846451, 10435.593750>) requested data for lock!
[23:35:34] Player (KRage, 76561198011791367)(<6044.596680, 34.846451, 10431.335938>) requested data for lock!
[23:35:34] Player (Siets, 76561197968205278)(<6042.112793, 34.846451, 10435.593750>) requested data for lock!
[23:35:34] Player (Siets, 76561197968205278)(<6044.596680, 34.846451, 10431.335938>) requested data for lock!
