[12-06-2024][00.00.24] New Access Log File Created!
[00:04:18] Player (CONTROL, 76561197967168101)(<6044.596680, 34.846451, 10431.335938>) quick accessed a lock!
[00:04:22] Player (CONTROL, 76561197967168101)(<6042.112793, 34.846451, 10435.593750>) quick accessed a lock!
[00:04:50] Player (CONTROL, 76561197967168101)(<6044.596680, 34.846451, 10431.335938>) quick accessed a lock!
[00:05:16] Player (CONTROL, 76561197967168101)(<6044.596680, 34.846451, 10431.335938>) quick accessed a lock!
[00:05:40] Player (CONTROL, 76561197967168101)(<6044.596680, 34.846451, 10431.335938>) quick accessed a lock!
[00:06:26] Player (CONTROL, 76561197967168101)(<6044.596680, 34.846451, 10431.335938>) quick accessed a lock!
[00:06:28] Player (CONTROL, 76561197967168101)(<6042.112793, 34.846451, 10435.593750>) quick accessed a lock!
[00:06:35] Player (CONTROL, 76561197967168101)(<6042.112793, 34.846451, 10435.593750>) quick accessed a lock!
[00:06:37] Player (CONTROL, 76561197967168101)(<6044.596680, 34.846451, 10431.335938>) quick accessed a lock!
[00:08:13] Player (CONTROL, 76561197967168101)(<6044.596680, 34.846451, 10431.335938>) quick accessed a lock!
[00:08:16] Player (CONTROL, 76561197967168101)(<6044.596680, 34.846451, 10431.335938>) quick accessed a lock!
[00:14:00] Player (CONTROL, 76561197967168101)(<6042.112793, 34.846451, 10435.593750>) quick accessed a lock!
[00:14:06] Player (CONTROL, 76561197967168101)(<6044.596680, 34.846451, 10431.335938>) quick accessed a lock!
[00:18:18] Player (CONTROL, 76561197967168101)(<6044.596680, 34.846451, 10431.335938>) quick accessed a lock!
[00:18:20] Player (CONTROL, 76561197967168101)(<6042.112793, 34.846451, 10435.593750>) quick accessed a lock!
[00:19:14] Player (CONTROL, 76561197967168101)(<6042.112793, 34.846451, 10435.593750>) quick accessed a lock!
[12-06-2024][05.00.23] Log file reloaded ( Server Restart )
[12-06-2024][09.00.23] Log file reloaded ( Server Restart )
[12-06-2024][13.00.23] Log file reloaded ( Server Restart )
[14:12:18] Player (Luiz, 76561198008639541)(<9318.663086, 54.329174, 13091.610352>) quick accessed a lock!
[14:12:36] Player (Luiz, 76561198008639541)(<9317.154297, 54.329174, 13091.982422>) quick accessed a lock!
[14:21:02] Player (Luiz, 76561198008639541)(<9318.663086, 54.329174, 13091.610352>) quick accessed a lock!
[14:30:35] Player (Luiz, 76561198008639541)(<9318.663086, 54.329174, 13091.610352>) quick accessed a lock!
[14:30:41] Player (Luiz, 76561198008639541)(<9317.154297, 54.329174, 13091.982422>) quick accessed a lock!
[14:34:12] Player (Luiz, 76561198008639541)(<9318.663086, 54.329174, 13091.610352>) quick accessed a lock!
[14:35:03] Player (Luiz, 76561198008639541)(<9318.663086, 54.329174, 13091.610352>) quick accessed a lock!
[14:36:10] Player (Luiz, 76561198008639541)(<9318.663086, 54.329174, 13091.610352>) quick accessed a lock!
[14:36:26] Player (Luiz, 76561198008639541)(<9318.663086, 54.329174, 13091.610352>) quick accessed a lock!
[14:36:31] Player (Luiz, 76561198008639541)(<9317.154297, 54.329174, 13091.982422>) quick accessed a lock!
[14:39:17] Player (Luiz, 76561198008639541)(<9318.663086, 54.329174, 13091.610352>) quick accessed a lock!
[15:00:17] Player (Luiz, 76561198008639541)(<9318.663086, 54.329174, 13091.610352>) quick accessed a lock!
[15:00:48] Player (Luiz, 76561198008639541)(<9317.154297, 54.329174, 13091.982422>) quick accessed a lock!
[15:23:28] Player (Luiz, 76561198008639541)(<9316.858398, 54.329174, 13092.093750>) set a new passcode on lock!
[15:23:28] Player (Luiz, 76561198008639541)(<9316.858398, 54.329174, 13092.093750>) claimed ownership of a lock!
[15:26:32] Player (Luiz, 76561198008639541)(<9317.154297, 54.329174, 13091.982422>) quick accessed a lock!
[15:26:33] Player (Luiz, 76561198008639541)(<9316.858398, 54.329174, 13092.093750>) quick accessed a lock!
[15:26:40] Player (Luiz, 76561198008639541)(<9318.663086, 54.329174, 13091.610352>) quick accessed a lock!
[15:29:03] Player (Luiz, 76561198008639541)(<9318.663086, 54.329174, 13091.610352>) quick accessed a lock!
[15:29:23] Player (Luiz, 76561198008639541)(<9317.154297, 54.329174, 13091.982422>) quick accessed a lock!
[15:29:24] Player (Luiz, 76561198008639541)(<9316.858398, 54.329174, 13092.093750>) quick accessed a lock!
[15:34:32] Player (Luiz, 76561198008639541)(<9316.858398, 54.329174, 13092.093750>) quick accessed a lock!
[15:37:35] Player (Luiz, 76561198008639541)(<9318.663086, 54.329174, 13091.610352>) quick accessed a lock!
[15:38:31] Player (Luiz, 76561198008639541)(<9318.663086, 54.329174, 13091.610352>) quick accessed a lock!
[15:38:35] Player (Luiz, 76561198008639541)(<9317.154297, 54.329174, 13091.982422>) quick accessed a lock!
[15:38:36] Player (Luiz, 76561198008639541)(<9316.858398, 54.329174, 13092.093750>) quick accessed a lock!
[15:38:50] Player (Luiz, 76561198008639541)(<9316.858398, 54.329174, 13092.093750>) quick accessed a lock!
[15:38:51] Player (Luiz, 76561198008639541)(<9318.663086, 54.329174, 13091.610352>) quick accessed a lock!
[15:40:43] Player (Luiz, 76561198008639541)(<9318.663086, 54.329174, 13091.610352>) quick accessed a lock!
[15:40:47] Player (Luiz, 76561198008639541)(<9317.154297, 54.329174, 13091.982422>) quick accessed a lock!
[15:40:48] Player (Luiz, 76561198008639541)(<9316.858398, 54.329174, 13092.093750>) quick accessed a lock!
[15:43:04] Player (Luiz, 76561198008639541)(<9316.858398, 54.329174, 13092.093750>) quick accessed a lock!
[15:43:05] Player (Luiz, 76561198008639541)(<9317.154297, 54.329174, 13091.982422>) quick accessed a lock!
[15:43:06] Player (Luiz, 76561198008639541)(<9318.663086, 54.329174, 13091.610352>) quick accessed a lock!
[15:43:18] Player (Luiz, 76561198008639541)(<9316.858398, 54.329174, 13092.093750>) quick accessed a lock!
[15:43:19] Player (Luiz, 76561198008639541)(<9317.154297, 54.329174, 13091.982422>) quick accessed a lock!
[15:43:29] Player (Luiz, 76561198008639541)(<9318.663086, 54.329174, 13091.610352>) quick accessed a lock!
[15:43:33] Player (Luiz, 76561198008639541)(<9317.154297, 54.329174, 13091.982422>) quick accessed a lock!
[15:43:34] Player (Luiz, 76561198008639541)(<9316.858398, 54.329174, 13092.093750>) quick accessed a lock!
[15:48:58] Player (Luiz, 76561198008639541)(<9318.663086, 54.329174, 13091.610352>) quick accessed a lock!
[15:49:32] Player (Luiz, 76561198008639541)(<9318.663086, 54.329174, 13091.610352>) quick accessed a lock!
[15:53:25] Player (Luiz, 76561198008639541)(<9317.154297, 54.329174, 13091.982422>) quick accessed a lock!
[15:53:26] Player (Luiz, 76561198008639541)(<9316.858398, 54.329174, 13092.093750>) quick accessed a lock!
[15:57:11] Player (Luiz, 76561198008639541)(<9316.858398, 54.329174, 13092.093750>) quick accessed a lock!
[15:57:18] Player (Luiz, 76561198008639541)(<9318.663086, 54.329174, 13091.610352>) quick accessed a lock!
[16:04:11] Player (KRage, 76561198011791367)(<11127.880859, 106.702026, 9501.662109>) set a new passcode on lock!
[16:04:11] Player (KRage, 76561198011791367)(<11127.880859, 106.702026, 9501.662109>) claimed ownership of a lock!
[16:04:18] Player (KRage, 76561198011791367)(<11127.880859, 106.702026, 9501.662109>) quick accessed a lock!
[12-06-2024][17.00.25] Log file reloaded ( Server Restart )
[18:10:08] Player (KRage, 76561198011791367)(<11127.880859, 106.702026, 9501.662109>) quick accessed a lock!
[12-06-2024][21.00.22] Log file reloaded ( Server Restart )
[21:04:20] Player (KRage, 76561198011791367)(<11127.880859, 106.702026, 9501.662109>) quick accessed a lock!
[21:08:24] Player (KRage, 76561198011791367)(<11127.880859, 106.702026, 9501.662109>) quick accessed a lock!
[21:17:41] Player (KRage, 76561198011791367)(<11127.880859, 106.702026, 9501.662109>) quick accessed a lock!
[21:20:26] Player (KRage, 76561198011791367)(<11127.880859, 106.702026, 9501.662109>) quick accessed a lock!
[21:41:03] Player (Bubbawest, 76561198037988310)(<11127.880859, 106.702026, 9501.662109>) accessed a lock!
[21:41:03] Player (Bubbawest, 76561198037988310)(<11127.880859, 106.702026, 9501.662109>) was added as a guest of a lock!
[22:26:40] Player (Bubbawest, 76561198037988310)(<11127.880859, 106.702026, 9501.662109>) quick accessed a lock!
[22:27:43] Player (Bubbawest, 76561198037988310)(<11127.880859, 106.702026, 9501.662109>) quick accessed a lock!
[22:36:11] Player (KRage, 76561198011791367)(<11127.880859, 106.702026, 9501.662109>) quick accessed a lock!
