[12-17-2024][00.00.21] New Access Log File Created!
[01:58:55] Player (Draco, 76561199543393674)(<4860.642578, 5.412148, 11283.935547>) accessed a lock!
[01:58:55] Player (Draco, 76561199543393674)(<4860.642578, 5.412148, 11283.935547>) was added as a guest of a lock!
[01:59:11] Player (Draco, 76561199543393674)(<4870.733887, 5.627413, 11321.759766>) accessed a lock!
[01:59:11] Player (Draco, 76561199543393674)(<4870.733887, 5.627413, 11321.759766>) was added as a guest of a lock!
[03:19:43] Player (Big_Steve, 76561198071307767)(<9481.520508, 95.982422, 10884.832031>) quick accessed a lock!
[03:27:49] Player (Big_Steve, 76561198071307767)(<9481.520508, 95.982422, 10884.832031>) quick accessed a lock!
[03:29:14] Player (Big_Steve, 76561198071307767)(<9481.520508, 95.982422, 10884.832031>) quick accessed a lock!
[12-17-2024][05.00.22] Log file reloaded ( Server Restart )
[06:09:23] Player (Big_Steve, 76561198071307767)(<9481.520508, 95.982422, 10884.832031>) quick accessed a lock!
[06:10:28] Player (Big_Steve, 76561198071307767)(<9481.520508, 95.982422, 10884.832031>) quick accessed a lock!
[06:10:45] Player (Big_Steve, 76561198071307767)(<9481.520508, 95.982422, 10884.832031>) quick accessed a lock!
[12-17-2024][09.00.21] Log file reloaded ( Server Restart )
[11:46:46] Player (luizredfield30, 76561199770341255)(<7334.545410, 81.730453, 12396.727539>) quick accessed a lock!
[11:46:47] Player (luizredfield30, 76561199770341255)(<7334.615234, 81.730453, 12396.931641>) quick accessed a lock!
[11:46:49] Player (luizredfield30, 76561199770341255)(<7334.590332, 81.730453, 12397.067383>) quick accessed a lock!
[12:10:45] Player (luizredfield30, 76561199770341255)(<7334.590332, 81.730453, 12397.067383>) quick accessed a lock!
[12:10:47] Player (luizredfield30, 76561199770341255)(<7334.590332, 81.730453, 12397.067383>) quick accessed a lock!
[12:10:49] Player (luizredfield30, 76561199770341255)(<7334.615234, 81.730453, 12396.931641>) quick accessed a lock!
[12:10:51] Player (luizredfield30, 76561199770341255)(<7334.545410, 81.730453, 12396.727539>) quick accessed a lock!
[12:11:01] Player (luizredfield30, 76561199770341255)(<7334.545410, 81.730453, 12396.727539>) quick accessed a lock!
[12:11:05] Player (luizredfield30, 76561199770341255)(<7334.590332, 81.730453, 12397.067383>) quick accessed a lock!
[12:16:18] Player (luizredfield30, 76561199770341255)(<7355.248535, 81.730453, 12388.920898>) quick accessed a lock!
[12:16:19] Player (luizredfield30, 76561199770341255)(<7355.454102, 81.730453, 12388.909180>) quick accessed a lock!
[12:16:20] Player (luizredfield30, 76561199770341255)(<7355.576172, 81.730453, 12388.914063>) quick accessed a lock!
[12:16:21] Player (luizredfield30, 76561199770341255)(<7355.812500, 81.730453, 12388.950195>) quick accessed a lock!
[12:19:01] Player (luizredfield30, 76561199770341255)(<7355.812500, 81.730453, 12388.950195>) quick accessed a lock!
[12:19:03] Player (luizredfield30, 76561199770341255)(<7355.576172, 81.730453, 12388.914063>) quick accessed a lock!
[12:19:05] Player (luizredfield30, 76561199770341255)(<7355.454102, 81.730453, 12388.909180>) quick accessed a lock!
[12:19:08] Player (luizredfield30, 76561199770341255)(<7355.248535, 81.730453, 12388.920898>) quick accessed a lock!
[12:20:29] Player (luizredfield30, 76561199770341255)(<7355.812500, 81.730453, 12388.950195>) quick accessed a lock!
[12:30:15] Player (luizredfield30, 76561199770341255)(<7355.812500, 81.730453, 12388.950195>) quick accessed a lock!
[12:30:17] Player (luizredfield30, 76561199770341255)(<7355.576172, 81.730453, 12388.914063>) quick accessed a lock!
[12:30:19] Player (luizredfield30, 76561199770341255)(<7355.454102, 81.730453, 12388.909180>) quick accessed a lock!
[12:30:22] Player (luizredfield30, 76561199770341255)(<7355.248535, 81.730453, 12388.920898>) quick accessed a lock!
[12:39:34] Player (luizredfield30, 76561199770341255)(<7355.812500, 81.730453, 12388.950195>) quick accessed a lock!
[12:39:36] Player (luizredfield30, 76561199770341255)(<7355.576172, 81.730453, 12388.914063>) quick accessed a lock!
[12:39:38] Player (luizredfield30, 76561199770341255)(<7355.454102, 81.730453, 12388.909180>) quick accessed a lock!
[12:39:40] Player (luizredfield30, 76561199770341255)(<7355.248535, 81.730453, 12388.920898>) quick accessed a lock!
[12:40:05] Player (luizredfield30, 76561199770341255)(<7360.089844, 82.019249, 12389.973633>) set a new passcode on lock!
[12:40:05] Player (luizredfield30, 76561199770341255)(<7360.089844, 82.019249, 12389.973633>) claimed ownership of a lock!
[12:40:09] Player (luizredfield30, 76561199770341255)(<7360.089844, 82.019249, 12389.973633>) quick accessed a lock!
[12:40:49] Player (luizredfield30, 76561199770341255)(<7355.812500, 81.730453, 12388.950195>) quick accessed a lock!
[12:40:51] Player (luizredfield30, 76561199770341255)(<7355.576172, 81.730453, 12388.914063>) quick accessed a lock!
[12:40:54] Player (luizredfield30, 76561199770341255)(<7355.454102, 81.730453, 12388.909180>) quick accessed a lock!
[12:40:57] Player (luizredfield30, 76561199770341255)(<7355.248535, 81.730453, 12388.920898>) quick accessed a lock!
[12:46:21] Player (luizredfield30, 76561199770341255)(<7355.812500, 81.730453, 12388.950195>) quick accessed a lock!
[12:46:35] Player (luizredfield30, 76561199770341255)(<7355.812500, 81.730453, 12388.950195>) quick accessed a lock!
[12:46:38] Player (luizredfield30, 76561199770341255)(<7355.576172, 81.730453, 12388.914063>) quick accessed a lock!
[12:46:40] Player (luizredfield30, 76561199770341255)(<7355.454102, 81.730453, 12388.909180>) quick accessed a lock!
[12:46:42] Player (luizredfield30, 76561199770341255)(<7355.248535, 81.730453, 12388.920898>) quick accessed a lock!
[12:47:29] Player (luizredfield30, 76561199770341255)(<7355.812500, 81.730453, 12388.950195>) quick accessed a lock!
[12:47:56] Player (luizredfield30, 76561199770341255)(<7355.812500, 81.730453, 12388.950195>) quick accessed a lock!
[12-17-2024][13.00.23] Log file reloaded ( Server Restart )
[15:49:15] Player (luizredfield30, 76561199770341255)(<7334.545410, 81.730453, 12396.727539>) quick accessed a lock!
[15:49:16] Player (luizredfield30, 76561199770341255)(<7334.615234, 81.730453, 12396.931641>) quick accessed a lock!
[15:49:17] Player (luizredfield30, 76561199770341255)(<7334.590332, 81.730453, 12397.067383>) quick accessed a lock!
[16:15:25] Player (luizredfield30, 76561199770341255)(<9318.663086, 54.329174, 13091.610352>) quick accessed a lock!
[16:16:02] Player (luizredfield30, 76561199770341255)(<9317.154297, 54.329174, 13091.982422>) quick accessed a lock!
[16:16:03] Player (luizredfield30, 76561199770341255)(<9316.858398, 54.329174, 13092.093750>) quick accessed a lock!
[16:16:16] Player (luizredfield30, 76561199770341255)(<9318.663086, 54.329174, 13091.610352>) quick accessed a lock!
[16:16:34] Player (luizredfield30, 76561199770341255)(<9317.154297, 54.329174, 13091.982422>) quick accessed a lock!
[16:20:12] Player (luizredfield30, 76561199770341255)(<9318.663086, 54.329174, 13091.610352>) quick accessed a lock!
[16:39:47] Player (luizredfield30, 76561199770341255)(<7334.590332, 81.730453, 12397.067383>) quick accessed a lock!
[16:39:49] Player (luizredfield30, 76561199770341255)(<7334.615234, 81.730453, 12396.931641>) quick accessed a lock!
[16:39:51] Player (luizredfield30, 76561199770341255)(<7334.545410, 81.730453, 12396.727539>) quick accessed a lock!
[16:40:24] Player (luizredfield30, 76561199770341255)(<7334.545410, 81.730453, 12396.727539>) quick accessed a lock!
[16:40:25] Player (luizredfield30, 76561199770341255)(<7334.615234, 81.730453, 12396.931641>) quick accessed a lock!
[16:48:24] Player (luizredfield30, 76561199770341255)(<7355.248535, 81.730453, 12388.920898>) quick accessed a lock!
[16:48:26] Player (luizredfield30, 76561199770341255)(<7355.454102, 81.730453, 12388.909180>) quick accessed a lock!
[16:48:27] Player (luizredfield30, 76561199770341255)(<7355.576172, 81.730453, 12388.914063>) quick accessed a lock!
[16:48:28] Player (luizredfield30, 76561199770341255)(<7355.812500, 81.730453, 12388.950195>) quick accessed a lock!
[16:50:33] Player (luizredfield30, 76561199770341255)(<7355.812500, 81.730453, 12388.950195>) quick accessed a lock!
[16:50:36] Player (luizredfield30, 76561199770341255)(<7355.576172, 81.730453, 12388.914063>) quick accessed a lock!
[16:50:38] Player (luizredfield30, 76561199770341255)(<7355.454102, 81.730453, 12388.909180>) quick accessed a lock!
[16:50:40] Player (luizredfield30, 76561199770341255)(<7355.248535, 81.730453, 12388.920898>) quick accessed a lock!
[16:51:55] Player (luizredfield30, 76561199770341255)(<7360.089844, 82.019249, 12389.973633>) quick accessed a lock!
[16:54:57] Player (luizredfield30, 76561199770341255)(<7360.089844, 82.019249, 12389.973633>) quick accessed a lock!
[16:55:27] Player (luizredfield30, 76561199770341255)(<7355.812500, 81.730453, 12388.950195>) quick accessed a lock!
[16:55:29] Player (luizredfield30, 76561199770341255)(<7355.576172, 81.730453, 12388.914063>) quick accessed a lock!
[16:55:31] Player (luizredfield30, 76561199770341255)(<7355.454102, 81.730453, 12388.909180>) quick accessed a lock!
[16:55:34] Player (luizredfield30, 76561199770341255)(<7355.248535, 81.730453, 12388.920898>) quick accessed a lock!
[16:58:34] Player (luizredfield30, 76561199770341255)(<7355.812500, 81.730453, 12388.950195>) quick accessed a lock!
[16:58:36] Player (luizredfield30, 76561199770341255)(<7355.576172, 81.730453, 12388.914063>) quick accessed a lock!
[16:58:38] Player (luizredfield30, 76561199770341255)(<7355.454102, 81.730453, 12388.909180>) quick accessed a lock!
[16:58:40] Player (luizredfield30, 76561199770341255)(<7355.248535, 81.730453, 12388.920898>) quick accessed a lock!
[12-17-2024][17.00.24] Log file reloaded ( Server Restart )
[17:02:38] Player (luizredfield30, 76561199770341255)(<7334.545410, 81.730453, 12396.727539>) quick accessed a lock!
[17:02:40] Player (luizredfield30, 76561199770341255)(<7334.615234, 81.730453, 12396.931641>) quick accessed a lock!
[17:02:41] Player (luizredfield30, 76561199770341255)(<7334.590332, 81.730453, 12397.067383>) quick accessed a lock!
[17:03:26] Player (luizredfield30, 76561199770341255)(<7334.590332, 81.730453, 12397.067383>) quick accessed a lock!
[17:03:30] Player (luizredfield30, 76561199770341255)(<7334.615234, 81.730453, 12396.931641>) quick accessed a lock!
[17:03:32] Player (luizredfield30, 76561199770341255)(<7334.545410, 81.730453, 12396.727539>) quick accessed a lock!
[17:03:57] Player (luizredfield30, 76561199770341255)(<7334.545410, 81.730453, 12396.727539>) quick accessed a lock!
[17:06:10] Player (luizredfield30, 76561199770341255)(<7334.590332, 81.730453, 12397.067383>) quick accessed a lock!
[17:06:12] Player (luizredfield30, 76561199770341255)(<7334.615234, 81.730453, 12396.931641>) quick accessed a lock!
[17:06:14] Player (luizredfield30, 76561199770341255)(<7334.545410, 81.730453, 12396.727539>) quick accessed a lock!
[17:07:20] Player (luizredfield30, 76561199770341255)(<7355.248535, 81.730453, 12388.920898>) quick accessed a lock!
[17:07:21] Player (luizredfield30, 76561199770341255)(<7355.454102, 81.730453, 12388.909180>) quick accessed a lock!
[17:07:22] Player (luizredfield30, 76561199770341255)(<7355.576172, 81.730453, 12388.914063>) quick accessed a lock!
[17:07:23] Player (luizredfield30, 76561199770341255)(<7355.812500, 81.730453, 12388.950195>) quick accessed a lock!
[17:10:49] Player (luizredfield30, 76561199770341255)(<7355.812500, 81.730453, 12388.950195>) quick accessed a lock!
[17:10:52] Player (luizredfield30, 76561199770341255)(<7355.576172, 81.730453, 12388.914063>) quick accessed a lock!
[17:10:54] Player (luizredfield30, 76561199770341255)(<7355.454102, 81.730453, 12388.909180>) quick accessed a lock!
[17:10:56] Player (luizredfield30, 76561199770341255)(<7355.248535, 81.730453, 12388.920898>) quick accessed a lock!
[17:11:01] Player (luizredfield30, 76561199770341255)(<7355.248535, 81.730453, 12388.920898>) quick accessed a lock!
[18:16:58] Player (Artur_vs_Swider, 76561198397000155)(<7631.311035, 12.787427, 8534.870117>) quick accessed a lock!
[18:17:12] Player (Artur_vs_Swider, 76561198397000155)(<7631.311035, 12.787427, 8534.870117>) quick accessed a lock!
[18:17:22] Player (Artur_vs_Swider, 76561198397000155)(<7631.311035, 12.787427, 8534.870117>) quick accessed a lock!
[18:17:32] Player (Artur_vs_Swider, 76561198397000155)(<7626.640137, 10.043794, 8539.677734>) quick accessed a lock!
[18:17:36] Player (Artur_vs_Swider, 76561198397000155)(<7626.640137, 10.043794, 8539.677734>) quick accessed a lock!
[18:20:28] Player (Artur_vs_Swider, 76561198397000155)(<7626.640137, 10.043794, 8539.677734>) quick accessed a lock!
[18:40:54] Player (Artur_vs_Swider, 76561198397000155)(<7626.640137, 10.043794, 8539.677734>) quick accessed a lock!
[18:44:16] Player (Artur_vs_Swider, 76561198397000155)(<7626.640137, 10.043794, 8539.677734>) quick accessed a lock!
[18:48:26] Player (Artur_vs_Swider, 76561198397000155)(<7626.640137, 10.043794, 8539.677734>) quick accessed a lock!
[18:48:37] Player (Artur_vs_Swider, 76561198397000155)(<7626.640137, 10.043794, 8539.677734>) quick accessed a lock!
[18:49:24] Player (Artur_vs_Swider, 76561198397000155)(<7626.640137, 10.043794, 8539.677734>) quick accessed a lock!
[20:29:02] Player (luizredfield30, 76561199770341255)(<7355.248535, 81.730453, 12388.920898>) quick accessed a lock!
[20:29:03] Player (luizredfield30, 76561199770341255)(<7355.454102, 81.730453, 12388.909180>) quick accessed a lock!
[20:29:05] Player (luizredfield30, 76561199770341255)(<7355.576172, 81.730453, 12388.914063>) quick accessed a lock!
[20:29:06] Player (luizredfield30, 76561199770341255)(<7355.812500, 81.730453, 12388.950195>) quick accessed a lock!
[20:30:15] Player (luizredfield30, 76561199770341255)(<7355.812500, 81.730453, 12388.950195>) quick accessed a lock!
[20:30:18] Player (luizredfield30, 76561199770341255)(<7355.576172, 81.730453, 12388.914063>) quick accessed a lock!
[20:30:19] Player (luizredfield30, 76561199770341255)(<7355.454102, 81.730453, 12388.909180>) quick accessed a lock!
[20:30:21] Player (luizredfield30, 76561199770341255)(<7355.248535, 81.730453, 12388.920898>) quick accessed a lock!
[20:35:47] Player (luizredfield30, 76561199770341255)(<7360.089844, 82.019249, 12389.973633>) quick accessed a lock!
[20:37:22] Player (luizredfield30, 76561199770341255)(<7360.089844, 82.019249, 12389.973633>) quick accessed a lock!
[20:40:09] Player (luizredfield30, 76561199770341255)(<7355.812500, 81.730453, 12388.950195>) quick accessed a lock!
[20:40:12] Player (luizredfield30, 76561199770341255)(<7355.576172, 81.730453, 12388.914063>) quick accessed a lock!
[20:40:14] Player (luizredfield30, 76561199770341255)(<7355.454102, 81.730453, 12388.909180>) quick accessed a lock!
[20:40:17] Player (luizredfield30, 76561199770341255)(<7355.248535, 81.730453, 12388.920898>) quick accessed a lock!
[20:40:31] Player (luizredfield30, 76561199770341255)(<7355.576172, 81.730453, 12388.914063>) quick accessed a lock!
[20:43:25] Player (luizredfield30, 76561199770341255)(<7355.248535, 81.730453, 12388.920898>) quick accessed a lock!
[20:43:26] Player (luizredfield30, 76561199770341255)(<7355.454102, 81.730453, 12388.909180>) quick accessed a lock!
[20:43:27] Player (luizredfield30, 76561199770341255)(<7355.576172, 81.730453, 12388.914063>) quick accessed a lock!
[20:43:29] Player (luizredfield30, 76561199770341255)(<7355.812500, 81.730453, 12388.950195>) quick accessed a lock!
[20:44:00] Player (luizredfield30, 76561199770341255)(<7359.518066, 86.602303, 12394.140625>) set a new passcode on lock!
[20:44:00] Player (luizredfield30, 76561199770341255)(<7359.518066, 86.602303, 12394.140625>) claimed ownership of a lock!
[20:44:18] Player (luizredfield30, 76561199770341255)(<7355.812500, 81.730453, 12388.950195>) quick accessed a lock!
[20:44:20] Player (luizredfield30, 76561199770341255)(<7355.576172, 81.730453, 12388.914063>) quick accessed a lock!
[20:44:22] Player (luizredfield30, 76561199770341255)(<7355.454102, 81.730453, 12388.909180>) quick accessed a lock!
[20:44:25] Player (luizredfield30, 76561199770341255)(<7355.248535, 81.730453, 12388.920898>) quick accessed a lock!
[12-17-2024][21.00.22] Log file reloaded ( Server Restart )
[12-17-2024][21.37.51] Log file reloaded ( Server Restart )
[12-17-2024][21.39.40] Log file reloaded ( Server Restart )
[12-17-2024][21.41.03] Log file reloaded ( Server Restart )
[12-17-2024][21.43.44] Log file reloaded ( Server Restart )
[12-17-2024][21.48.28] Log file reloaded ( Server Restart )
[12-17-2024][22.31.11] Log file reloaded ( Server Restart )
[22:42:33] Player ((DDAB) Tsar James, 76561198032650597)(<12474.789063, 10.632333, 2383.812988>) quick accessed a lock!
[22:58:12] Player (Draco, 76561199543393674)(<4860.642578, 5.412148, 11283.935547>) quick accessed a lock!
[22:58:19] Player (Draco, 76561199543393674)(<4860.642578, 5.412148, 11283.935547>) quick accessed a lock!
