[12-23-2024][00.00.22] New Access Log File Created!
[00:51:35] Player (BILL, 76561198814955756)(<8072.392578, 27.662115, 7855.935059>) quick accessed a lock!
[00:51:40] Player (BILL, 76561198814955756)(<8066.057129, 27.662161, 7856.242676>) quick accessed a lock!
[00:51:42] Player (BILL, 76561198814955756)(<8064.213379, 27.662161, 7856.570801>) quick accessed a lock!
[01:01:12] Player (BILL, 76561198814955756)(<8064.213379, 27.662161, 7856.570801>) quick accessed a lock!
[01:01:13] Player (BILL, 76561198814955756)(<8066.057129, 27.662161, 7856.242676>) quick accessed a lock!
[01:01:17] Player (BILL, 76561198814955756)(<8072.392578, 27.662115, 7855.935059>) quick accessed a lock!
[01:02:25] Player (BILL, 76561198814955756)(<8072.392578, 27.662115, 7855.935059>) quick accessed a lock!
[01:03:01] Player (BILL, 76561198814955756)(<8066.057129, 27.662161, 7856.242676>) quick accessed a lock!
[01:03:07] Player (BILL, 76561198814955756)(<8072.392578, 27.662115, 7855.935059>) quick accessed a lock!
[01:03:33] Player (BILL, 76561198814955756)(<8072.392578, 27.662115, 7855.935059>) quick accessed a lock!
[01:03:44] Player (BILL, 76561198814955756)(<8072.392578, 27.662115, 7855.935059>) quick accessed a lock!
[01:06:45] Player (BILL, 76561198814955756)(<8072.392578, 27.662115, 7855.935059>) quick accessed a lock!
[01:07:06] Player (BILL, 76561198814955756)(<8066.057129, 27.662161, 7856.242676>) quick accessed a lock!
[01:07:09] Player (BILL, 76561198814955756)(<8064.213379, 27.662161, 7856.570801>) quick accessed a lock!
[01:12:39] Player (BILL, 76561198814955756)(<8064.213379, 27.662161, 7856.570801>) quick accessed a lock!
[01:12:41] Player (BILL, 76561198814955756)(<8066.057129, 27.662161, 7856.242676>) quick accessed a lock!
[01:13:22] Player (BILL, 76561198814955756)(<8072.392578, 27.662115, 7855.935059>) quick accessed a lock!
[01:13:25] Player (BILL, 76561198814955756)(<8064.213379, 27.662161, 7856.570801>) quick accessed a lock!
[01:13:37] Player (BILL, 76561198814955756)(<8064.213379, 27.662161, 7856.570801>) quick accessed a lock!
[01:13:41] Player (BILL, 76561198814955756)(<8072.392578, 27.662115, 7855.935059>) quick accessed a lock!
[01:15:48] Player (BILL, 76561198814955756)(<8072.392578, 27.662115, 7855.935059>) quick accessed a lock!
[01:17:04] Player (BILL, 76561198814955756)(<8066.057129, 27.662161, 7856.242676>) quick accessed a lock!
[01:19:40] Player (BILL, 76561198814955756)(<8066.057129, 27.662161, 7856.242676>) quick accessed a lock!
[01:19:41] Player (BILL, 76561198814955756)(<8064.213379, 27.662161, 7856.570801>) quick accessed a lock!
[01:20:32] Player (BILL, 76561198814955756)(<8051.116699, 27.662161, 7863.484375>) quick accessed a lock!
[01:20:41] Player (BILL, 76561198814955756)(<8048.060547, 27.662161, 7867.532227>) quick accessed a lock!
[01:20:44] Player (BILL, 76561198814955756)(<8046.105957, 27.662138, 7867.672363>) quick accessed a lock!
[01:20:47] Player (BILL, 76561198814955756)(<8046.105957, 27.662138, 7867.672363>) quick accessed a lock!
[01:20:54] Player (BILL, 76561198814955756)(<8041.888184, 27.662138, 7867.689453>) quick accessed a lock!
[01:29:27] Player (BILL, 76561198814955756)(<8041.888184, 27.662138, 7867.689453>) quick accessed a lock!
[01:30:20] Player (BILL, 76561198814955756)(<8046.105957, 27.662138, 7867.672363>) quick accessed a lock!
[01:30:23] Player (BILL, 76561198814955756)(<8048.060547, 27.662161, 7867.532227>) quick accessed a lock!
[01:30:28] Player (BILL, 76561198814955756)(<8051.116699, 27.662161, 7863.484375>) quick accessed a lock!
[01:32:46] Player (BILL, 76561198814955756)(<8051.116699, 27.662161, 7863.484375>) quick accessed a lock!
[01:32:48] Player (BILL, 76561198814955756)(<8048.060547, 27.662161, 7867.532227>) quick accessed a lock!
[01:32:49] Player (BILL, 76561198814955756)(<8046.105957, 27.662138, 7867.672363>) quick accessed a lock!
[01:59:49] Player (Big_Steve, 76561198071307767)(<9481.520508, 95.982422, 10884.832031>) set a new passcode on lock!
[01:59:49] Player (Big_Steve, 76561198071307767)(<9481.520508, 95.982422, 10884.832031>) claimed ownership of a lock!
[02:07:11] Player (Big_Steve, 76561198071307767)(<9481.520508, 95.982422, 10884.832031>) quick accessed a lock!
[03:18:58] Player (Big_Steve, 76561198071307767)(<9481.520508, 95.982422, 10884.832031>) quick accessed a lock!
[03:50:35] Player (Big_Steve, 76561198071307767)(<9481.520508, 95.982422, 10884.832031>) quick accessed a lock!
[03:53:32] Player (Big_Steve, 76561198071307767)(<9481.520508, 95.982422, 10884.832031>) quick accessed a lock!
[03:53:58] Player (Big_Steve, 76561198071307767)(<9481.520508, 95.982422, 10884.832031>) quick accessed a lock!
[03:59:30] Player (Big_Steve, 76561198071307767)(<9481.520508, 95.982422, 10884.832031>) quick accessed a lock!
[04:03:52] Player (Big_Steve, 76561198071307767)(<9481.520508, 95.982422, 10884.832031>) quick accessed a lock!
[04:10:09] Player (Big_Steve, 76561198071307767)(<9481.520508, 95.982422, 10884.832031>) quick accessed a lock!
[04:10:28] Player (Big_Steve, 76561198071307767)(<9481.520508, 95.982422, 10884.832031>) quick accessed a lock!
[04:12:11] Player (Big_Steve, 76561198071307767)(<9481.520508, 95.982422, 10884.832031>) quick accessed a lock!
[04:19:10] Player (Big_Steve, 76561198071307767)(<9481.520508, 95.982422, 10884.832031>) quick accessed a lock!
[04:20:07] Player (Big_Steve, 76561198071307767)(<9481.520508, 95.982422, 10884.832031>) quick accessed a lock!
[04:23:55] Player (Big_Steve, 76561198071307767)(<9481.520508, 95.982422, 10884.832031>) quick accessed a lock!
[04:24:44] Player (Big_Steve, 76561198071307767)(<9481.520508, 95.982422, 10884.832031>) quick accessed a lock!
[04:56:20] Player (Big_Steve, 76561198071307767)(<9481.520508, 95.982422, 10884.832031>) quick accessed a lock!
[04:56:34] Player (Big_Steve, 76561198071307767)(<9481.520508, 95.982422, 10884.832031>) quick accessed a lock!
[04:56:40] Player (Big_Steve, 76561198071307767)(<9481.520508, 95.982422, 10884.832031>) quick accessed a lock!
[12-23-2024][05.00.21] Log file reloaded ( Server Restart )
[06:46:52] Player (BILL, 76561198814955756)(<8051.116699, 27.662161, 7863.484375>) quick accessed a lock!
[06:46:54] Player (BILL, 76561198814955756)(<8048.060547, 27.662161, 7867.532227>) quick accessed a lock!
[06:46:56] Player (BILL, 76561198814955756)(<8046.105957, 27.662138, 7867.672363>) quick accessed a lock!
[06:47:02] Player (BILL, 76561198814955756)(<8041.888184, 27.662138, 7867.689453>) quick accessed a lock!
[06:47:31] Player (BILL, 76561198814955756)(<8041.888184, 27.662138, 7867.689453>) quick accessed a lock!
[06:51:35] Player (BILL, 76561198814955756)(<8041.888184, 27.662138, 7867.689453>) quick accessed a lock!
[06:51:45] Player (BILL, 76561198814955756)(<8046.105957, 27.662138, 7867.672363>) quick accessed a lock!
[06:51:46] Player (BILL, 76561198814955756)(<8048.060547, 27.662161, 7867.532227>) quick accessed a lock!
[06:51:49] Player (BILL, 76561198814955756)(<8051.116699, 27.662161, 7863.484375>) quick accessed a lock!
[06:52:02] Player (BILL, 76561198814955756)(<8051.116699, 27.662161, 7863.484375>) quick accessed a lock!
[06:52:41] Player (BILL, 76561198814955756)(<8046.105957, 27.662138, 7867.672363>) quick accessed a lock!
[06:52:43] Player (BILL, 76561198814955756)(<8048.060547, 27.662161, 7867.532227>) quick accessed a lock!
[06:52:48] Player (BILL, 76561198814955756)(<8051.116699, 27.662161, 7863.484375>) quick accessed a lock!
[06:53:06] Player (BILL, 76561198814955756)(<8051.116699, 27.662161, 7863.484375>) quick accessed a lock!
[06:53:09] Player (BILL, 76561198814955756)(<8048.060547, 27.662161, 7867.532227>) quick accessed a lock!
[06:53:27] Player (BILL, 76561198814955756)(<8046.105957, 27.662138, 7867.672363>) quick accessed a lock!
[06:53:34] Player (BILL, 76561198814955756)(<8046.105957, 27.662138, 7867.672363>) quick accessed a lock!
[06:53:46] Player (BILL, 76561198814955756)(<8046.105957, 27.662138, 7867.672363>) quick accessed a lock!
[06:53:57] Player (BILL, 76561198814955756)(<8048.060547, 27.662161, 7867.532227>) quick accessed a lock!
[06:54:03] Player (BILL, 76561198814955756)(<8051.116699, 27.662161, 7863.484375>) quick accessed a lock!
[06:54:15] Player (BILL, 76561198814955756)(<8048.060547, 27.662161, 7867.532227>) quick accessed a lock!
[06:54:42] Player (BILL, 76561198814955756)(<8048.060547, 27.662161, 7867.532227>) quick accessed a lock!
[06:54:43] Player (BILL, 76561198814955756)(<8046.105957, 27.662138, 7867.672363>) quick accessed a lock!
[06:57:04] Player (BILL, 76561198814955756)(<8048.060547, 27.662161, 7867.532227>) quick accessed a lock!
[06:57:28] Player (BILL, 76561198814955756)(<8048.060547, 27.662161, 7867.532227>) quick accessed a lock!
[06:57:29] Player (BILL, 76561198814955756)(<8046.105957, 27.662138, 7867.672363>) quick accessed a lock!
[06:57:52] Player (BILL, 76561198814955756)(<8048.060547, 27.662161, 7867.532227>) quick accessed a lock!
[06:58:17] Player (BILL, 76561198814955756)(<8048.060547, 27.662161, 7867.532227>) quick accessed a lock!
[06:58:37] Player (BILL, 76561198814955756)(<8046.105957, 27.662138, 7867.672363>) quick accessed a lock!
[06:59:17] Player (BILL, 76561198814955756)(<8046.105957, 27.662138, 7867.672363>) quick accessed a lock!
[06:59:20] Player (BILL, 76561198814955756)(<8048.060547, 27.662161, 7867.532227>) quick accessed a lock!
[06:59:24] Player (BILL, 76561198814955756)(<8051.116699, 27.662161, 7863.484375>) quick accessed a lock!
[07:00:33] Player (BILL, 76561198814955756)(<8051.116699, 27.662161, 7863.484375>) quick accessed a lock!
[07:00:42] Player (BILL, 76561198814955756)(<8051.116699, 27.662161, 7863.484375>) quick accessed a lock!
[07:00:44] Player (BILL, 76561198814955756)(<8048.060547, 27.662161, 7867.532227>) quick accessed a lock!
[07:00:46] Player (BILL, 76561198814955756)(<8046.105957, 27.662138, 7867.672363>) quick accessed a lock!
[07:02:10] Player (BILL, 76561198814955756)(<8041.888184, 27.662138, 7867.689453>) quick accessed a lock!
[07:02:38] Player (BILL, 76561198814955756)(<8041.888184, 27.662138, 7867.689453>) quick accessed a lock!
[07:03:01] Player (BILL, 76561198814955756)(<8041.888184, 27.662138, 7867.689453>) quick accessed a lock!
[07:04:12] Player (BILL, 76561198814955756)(<8041.888184, 27.662138, 7867.689453>) quick accessed a lock!
[07:04:33] Player (BILL, 76561198814955756)(<8048.060547, 27.662161, 7867.532227>) quick accessed a lock!
[07:04:35] Player (BILL, 76561198814955756)(<8051.116699, 27.662161, 7863.484375>) quick accessed a lock!
[07:04:47] Player (BILL, 76561198814955756)(<8046.105957, 27.662138, 7867.672363>) quick accessed a lock!
[07:05:39] Player (BILL, 76561198814955756)(<8048.060547, 27.662161, 7867.532227>) quick accessed a lock!
[07:05:42] Player (BILL, 76561198814955756)(<8051.116699, 27.662161, 7863.484375>) quick accessed a lock!
[07:06:35] Player (BILL, 76561198814955756)(<8048.060547, 27.662161, 7867.532227>) quick accessed a lock!
[07:06:38] Player (BILL, 76561198814955756)(<8051.116699, 27.662161, 7863.484375>) quick accessed a lock!
[07:06:43] Player (BILL, 76561198814955756)(<8064.213379, 27.662161, 7856.570801>) quick accessed a lock!
[07:06:45] Player (BILL, 76561198814955756)(<8066.057129, 27.662161, 7856.242676>) quick accessed a lock!
[07:07:09] Player (BILL, 76561198814955756)(<8051.116699, 27.662161, 7863.484375>) quick accessed a lock!
[07:07:25] Player (BILL, 76561198814955756)(<8041.888184, 27.662138, 7867.689453>) quick accessed a lock!
[07:08:39] Player (BILL, 76561198814955756)(<8041.888184, 27.662138, 7867.689453>) quick accessed a lock!
[07:10:47] Player (BILL, 76561198814955756)(<8041.888184, 27.662138, 7867.689453>) quick accessed a lock!
[07:13:53] Player (BILL, 76561198814955756)(<8041.888184, 27.662138, 7867.689453>) quick accessed a lock!
[07:15:47] Player (BILL, 76561198814955756)(<8046.105957, 27.662138, 7867.672363>) quick accessed a lock!
[07:15:53] Player (BILL, 76561198814955756)(<8048.060547, 27.662161, 7867.532227>) quick accessed a lock!
[07:15:58] Player (BILL, 76561198814955756)(<8051.116699, 27.662161, 7863.484375>) quick accessed a lock!
[07:20:25] Player (BILL, 76561198814955756)(<8051.116699, 27.662161, 7863.484375>) quick accessed a lock!
[07:20:27] Player (BILL, 76561198814955756)(<8048.060547, 27.662161, 7867.532227>) quick accessed a lock!
[07:20:30] Player (BILL, 76561198814955756)(<8046.105957, 27.662138, 7867.672363>) quick accessed a lock!
[07:20:38] Player (BILL, 76561198814955756)(<8041.888184, 27.662138, 7867.689453>) quick accessed a lock!
[07:22:27] Player (BILL, 76561198814955756)(<8041.888184, 27.662138, 7867.689453>) quick accessed a lock!
[07:22:29] Player (BILL, 76561198814955756)(<8046.105957, 27.662138, 7867.672363>) quick accessed a lock!
[07:22:33] Player (BILL, 76561198814955756)(<8048.060547, 27.662161, 7867.532227>) quick accessed a lock!
[07:22:37] Player (BILL, 76561198814955756)(<8051.116699, 27.662161, 7863.484375>) quick accessed a lock!
[07:22:48] Player (BILL, 76561198814955756)(<8048.060547, 27.662161, 7867.532227>) quick accessed a lock!
[07:22:52] Player (BILL, 76561198814955756)(<8048.060547, 27.662161, 7867.532227>) quick accessed a lock!
[07:22:53] Player (BILL, 76561198814955756)(<8046.105957, 27.662138, 7867.672363>) quick accessed a lock!
[07:22:59] Player (BILL, 76561198814955756)(<8041.888184, 27.662138, 7867.689453>) quick accessed a lock!
[08:06:12] Player (BILL, 76561198814955756)(<8041.888184, 27.662138, 7867.689453>) quick accessed a lock!
[08:06:23] Player (BILL, 76561198814955756)(<8046.105957, 27.662138, 7867.672363>) quick accessed a lock!
[08:06:26] Player (BILL, 76561198814955756)(<8048.060547, 27.662161, 7867.532227>) quick accessed a lock!
[08:06:30] Player (BILL, 76561198814955756)(<8051.116699, 27.662161, 7863.484375>) quick accessed a lock!
[08:11:27] Player (BILL, 76561198814955756)(<8064.213379, 27.662161, 7856.570801>) quick accessed a lock!
[08:11:28] Player (BILL, 76561198814955756)(<8066.057129, 27.662161, 7856.242676>) quick accessed a lock!
[12-23-2024][09.00.21] Log file reloaded ( Server Restart )
[12-23-2024][13.00.23] Log file reloaded ( Server Restart )
[14:42:29] Player (Luiz, 76561199770341255)(<7360.089844, 82.019249, 12389.973633>) quick accessed a lock!
[14:42:32] Player (Luiz, 76561199770341255)(<7355.812500, 81.730453, 12388.950195>) quick accessed a lock!
[14:42:34] Player (Luiz, 76561199770341255)(<7355.576172, 81.730453, 12388.914063>) quick accessed a lock!
[14:42:36] Player (Luiz, 76561199770341255)(<7355.454102, 81.730453, 12388.909180>) quick accessed a lock!
[14:42:38] Player (Luiz, 76561199770341255)(<7355.248535, 81.730453, 12388.920898>) quick accessed a lock!
[14:44:08] Player (Luiz, 76561199770341255)(<7355.248535, 81.730453, 12388.920898>) quick accessed a lock!
[14:44:09] Player (Luiz, 76561199770341255)(<7355.454102, 81.730453, 12388.909180>) quick accessed a lock!
[14:44:10] Player (Luiz, 76561199770341255)(<7355.576172, 81.730453, 12388.914063>) quick accessed a lock!
[14:44:11] Player (Luiz, 76561199770341255)(<7355.812500, 81.730453, 12388.950195>) quick accessed a lock!
[14:44:15] Player (Luiz, 76561199770341255)(<7360.089844, 82.019249, 12389.973633>) quick accessed a lock!
[14:44:42] Player (Luiz, 76561199770341255)(<7360.089844, 82.019249, 12389.973633>) quick accessed a lock!
[14:44:45] Player (Luiz, 76561199770341255)(<7355.812500, 81.730453, 12388.950195>) quick accessed a lock!
[14:44:53] Player (Luiz, 76561199770341255)(<7355.576172, 81.730453, 12388.914063>) quick accessed a lock!
[14:56:19] Player (Luiz, 76561199770341255)(<7355.248535, 81.730453, 12388.920898>) quick accessed a lock!
[14:56:20] Player (Luiz, 76561199770341255)(<7355.454102, 81.730453, 12388.909180>) quick accessed a lock!
[14:56:21] Player (Luiz, 76561199770341255)(<7355.576172, 81.730453, 12388.914063>) quick accessed a lock!
[14:56:22] Player (Luiz, 76561199770341255)(<7355.812500, 81.730453, 12388.950195>) quick accessed a lock!
[14:56:31] Player (Luiz, 76561199770341255)(<7360.089844, 82.019249, 12389.973633>) quick accessed a lock!
[14:57:15] Player (Luiz, 76561199770341255)(<7360.089844, 82.019249, 12389.973633>) quick accessed a lock!
[14:57:17] Player (Luiz, 76561199770341255)(<7355.812500, 81.730453, 12388.950195>) quick accessed a lock!
[14:57:19] Player (Luiz, 76561199770341255)(<7355.576172, 81.730453, 12388.914063>) quick accessed a lock!
[14:57:21] Player (Luiz, 76561199770341255)(<7355.454102, 81.730453, 12388.909180>) quick accessed a lock!
[14:57:23] Player (Luiz, 76561199770341255)(<7355.248535, 81.730453, 12388.920898>) quick accessed a lock!
[14:59:19] Player (Luiz, 76561199770341255)(<7355.248535, 81.730453, 12388.920898>) quick accessed a lock!
[14:59:30] Player (Luiz, 76561199770341255)(<7360.089844, 82.019249, 12389.973633>) quick accessed a lock!
[12-23-2024][17.00.24] Log file reloaded ( Server Restart )
[20:32:39] Player (BILL, 76561198814955756)(<8064.213379, 27.662161, 7856.570801>) quick accessed a lock!
[20:32:41] Player (BILL, 76561198814955756)(<8066.057129, 27.662161, 7856.242676>) quick accessed a lock!
[20:32:50] Player (BILL, 76561198814955756)(<8072.392578, 27.662115, 7855.935059>) quick accessed a lock!
[20:36:17] Player (BILL, 76561198814955756)(<8072.392578, 27.662115, 7855.935059>) quick accessed a lock!
[20:36:20] Player (BILL, 76561198814955756)(<8066.057129, 27.662161, 7856.242676>) quick accessed a lock!
[20:36:30] Player (BILL, 76561198814955756)(<8064.213379, 27.662161, 7856.570801>) quick accessed a lock!
[20:38:06] Player (BILL, 76561198814955756)(<8066.695801, 27.662138, 7855.750000>) set a new passcode on lock!
[20:38:06] Player (BILL, 76561198814955756)(<8066.695801, 27.662138, 7855.750000>) claimed ownership of a lock!
[20:38:09] Player (BILL, 76561198814955756)(<8066.695801, 27.662138, 7855.750000>) quick accessed a lock!
[20:38:26] Player (BILL, 76561198814955756)(<8072.392578, 27.662115, 7855.935059>) quick accessed a lock!
[20:39:35] Player (BILL, 76561198814955756)(<8072.392578, 27.662115, 7855.935059>) quick accessed a lock!
[20:40:31] Player (BILL, 76561198814955756)(<8066.695801, 27.662138, 7855.750000>) quick accessed a lock!
[20:41:29] Player (BILL, 76561198814955756)(<8051.116699, 27.662161, 7863.484375>) quick accessed a lock!
[20:41:32] Player (BILL, 76561198814955756)(<8048.060547, 27.662161, 7867.532227>) quick accessed a lock!
[20:41:33] Player (BILL, 76561198814955756)(<8046.105957, 27.662138, 7867.672363>) quick accessed a lock!
[20:41:58] Player (BILL, 76561198814955756)(<8041.888184, 27.662138, 7867.689453>) quick accessed a lock!
[12-23-2024][21.00.21] Log file reloaded ( Server Restart )
[21:12:14] Player (BILL, 76561198814955756)(<8041.888184, 27.662138, 7867.689453>) quick accessed a lock!
[21:12:17] Player (BILL, 76561198814955756)(<8046.105957, 27.662138, 7867.672363>) quick accessed a lock!
[21:12:21] Player (BILL, 76561198814955756)(<8048.060547, 27.662161, 7867.532227>) quick accessed a lock!
[21:12:26] Player (BILL, 76561198814955756)(<8051.116699, 27.662161, 7863.484375>) quick accessed a lock!
[21:13:47] Player (BILL, 76561198814955756)(<8048.060547, 27.662161, 7867.532227>) quick accessed a lock!
[21:13:56] Player (BILL, 76561198814955756)(<8041.888184, 27.662138, 7867.689453>) quick accessed a lock!
[21:14:52] Player (BILL, 76561198814955756)(<8041.888184, 27.662138, 7867.689453>) quick accessed a lock!
[21:14:54] Player (BILL, 76561198814955756)(<8046.105957, 27.662138, 7867.672363>) quick accessed a lock!
[21:14:56] Player (BILL, 76561198814955756)(<8048.060547, 27.662161, 7867.532227>) quick accessed a lock!
[21:15:00] Player (BILL, 76561198814955756)(<8051.116699, 27.662161, 7863.484375>) quick accessed a lock!
[21:15:49] Player (BILL, 76561198814955756)(<8048.060547, 27.662161, 7867.532227>) quick accessed a lock!
[21:16:00] Player (BILL, 76561198814955756)(<8041.888184, 27.662138, 7867.689453>) quick accessed a lock!
[21:24:13] Player (BILL, 76561198814955756)(<8041.888184, 27.662138, 7867.689453>) quick accessed a lock!
[21:24:17] Player (BILL, 76561198814955756)(<8046.105957, 27.662138, 7867.672363>) quick accessed a lock!
[21:24:20] Player (BILL, 76561198814955756)(<8048.060547, 27.662161, 7867.532227>) quick accessed a lock!
[21:24:24] Player (BILL, 76561198814955756)(<8051.116699, 27.662161, 7863.484375>) quick accessed a lock!
[21:30:51] Player (luizredfield30, 76561198008639541)(<7355.248535, 81.730453, 12388.920898>) quick accessed a lock!
[21:30:52] Player (luizredfield30, 76561198008639541)(<7355.454102, 81.730453, 12388.909180>) quick accessed a lock!
[21:30:53] Player (luizredfield30, 76561198008639541)(<7355.576172, 81.730453, 12388.914063>) quick accessed a lock!
[21:30:54] Player (Draco, 76561198302078718)(<4859.762207, 5.448579, 11280.096680>) quick accessed a lock!
[21:30:54] Player (luizredfield30, 76561198008639541)(<7355.812500, 81.730453, 12388.950195>) quick accessed a lock!
[21:30:56] Player (Draco, 76561198302078718)(<4860.642578, 5.412148, 11283.935547>) quick accessed a lock!
[21:31:05] Player (Draco, 76561198302078718)(<4870.733887, 5.627413, 11321.759766>) quick accessed a lock!
[21:31:08] Player (luizredfield30, 76561198008639541)(<7360.089844, 82.019249, 12389.973633>) quick accessed a lock!
[21:31:09] Player (Draco, 76561198302078718)(<4871.779297, 5.720881, 11321.981445>) quick accessed a lock!
[21:31:43] Player (BILL, 76561198814955756)(<8051.116699, 27.662161, 7863.484375>) quick accessed a lock!
[21:31:45] Player (BILL, 76561198814955756)(<8048.060547, 27.662161, 7867.532227>) quick accessed a lock!
[21:31:48] Player (BILL, 76561198814955756)(<8046.105957, 27.662138, 7867.672363>) quick accessed a lock!
[21:31:50] Player (Draco, 76561198302078718)(<4870.733887, 5.627413, 11321.759766>) quick accessed a lock!
[21:31:58] Player (BILL, 76561198814955756)(<8041.888184, 27.662138, 7867.689453>) quick accessed a lock!
[21:32:22] Player (luizredfield30, 76561198008639541)(<7355.812500, 81.730453, 12388.950195>) quick accessed a lock!
[21:32:24] Player (luizredfield30, 76561198008639541)(<7355.576172, 81.730453, 12388.914063>) quick accessed a lock!
[21:32:26] Player (luizredfield30, 76561198008639541)(<7355.454102, 81.730453, 12388.909180>) quick accessed a lock!
[21:32:28] Player (luizredfield30, 76561198008639541)(<7355.248535, 81.730453, 12388.920898>) quick accessed a lock!
[21:41:20] Player (luizredfield30, 76561198008639541)(<7355.248535, 81.730453, 12388.920898>) quick accessed a lock!
[21:41:21] Player (luizredfield30, 76561198008639541)(<7355.454102, 81.730453, 12388.909180>) quick accessed a lock!
[21:41:22] Player (luizredfield30, 76561198008639541)(<7355.576172, 81.730453, 12388.914063>) quick accessed a lock!
[21:41:23] Player (luizredfield30, 76561198008639541)(<7355.812500, 81.730453, 12388.950195>) quick accessed a lock!
[21:41:28] Player (luizredfield30, 76561198008639541)(<7355.812500, 81.730453, 12388.950195>) quick accessed a lock!
[21:42:18] Player (luizredfield30, 76561198008639541)(<7360.089844, 82.019249, 12389.973633>) quick accessed a lock!
[21:42:30] Player (luizredfield30, 76561198008639541)(<7355.812500, 81.730453, 12388.950195>) quick accessed a lock!
[21:42:32] Player (luizredfield30, 76561198008639541)(<7355.576172, 81.730453, 12388.914063>) quick accessed a lock!
[21:42:34] Player (luizredfield30, 76561198008639541)(<7355.454102, 81.730453, 12388.909180>) quick accessed a lock!
[21:42:36] Player (luizredfield30, 76561198008639541)(<7355.248535, 81.730453, 12388.920898>) quick accessed a lock!
