[12-09-2024][00.00.21] New Access Log File Created!
[12-09-2024][05.00.22] Log file reloaded ( Server Restart )
[12-09-2024][09.00.22] Log file reloaded ( Server Restart )
[09:02:49] Player (Luiz, 76561199770341255)(<7355.812500, 81.730453, 12388.950195>) quick accessed a lock!
[09:02:54] Player (Luiz, 76561199770341255)(<7355.576172, 81.730453, 12388.914063>) quick accessed a lock!
[09:04:41] Player (Luiz, 76561199770341255)(<7355.576172, 81.730453, 12388.914063>) quick accessed a lock!
[09:04:42] Player (Luiz, 76561199770341255)(<7355.812500, 81.730453, 12388.950195>) quick accessed a lock!
[09:05:30] Player (Luiz, 76561199770341255)(<7355.812500, 81.730453, 12388.950195>) quick accessed a lock!
[09:11:07] Player (Luiz, 76561199770341255)(<7355.576172, 81.730453, 12388.914063>) quick accessed a lock!
[09:11:08] Player (Luiz, 76561199770341255)(<7355.812500, 81.730453, 12388.950195>) quick accessed a lock!
[10:53:02] Player (Luiz, 76561199770341255)(<7355.812500, 81.730453, 12388.950195>) quick accessed a lock!
[10:53:04] Player (Luiz, 76561199770341255)(<7355.576172, 81.730453, 12388.914063>) quick accessed a lock!
[10:53:08] Player (Luiz, 76561199770341255)(<7355.812500, 81.730453, 12388.950195>) quick accessed a lock!
[10:53:52] Player (Luiz, 76561199770341255)(<7355.576172, 81.730453, 12388.914063>) quick accessed a lock!
[10:53:54] Player (Luiz, 76561199770341255)(<7355.812500, 81.730453, 12388.950195>) quick accessed a lock!
[10:54:34] Player (Luiz, 76561199770341255)(<7355.812500, 81.730453, 12388.950195>) quick accessed a lock!
[10:54:37] Player (Luiz, 76561199770341255)(<7355.576172, 81.730453, 12388.914063>) quick accessed a lock!
[11:01:07] Player (Luiz, 76561199770341255)(<7355.576172, 81.730453, 12388.914063>) quick accessed a lock!
[11:01:09] Player (Luiz, 76561199770341255)(<7355.812500, 81.730453, 12388.950195>) quick accessed a lock!
[11:07:12] Player (Luiz, 76561199770341255)(<7355.812500, 81.730453, 12388.950195>) quick accessed a lock!
[11:07:14] Player (Luiz, 76561199770341255)(<7355.576172, 81.730453, 12388.914063>) quick accessed a lock!
[11:16:08] Player (Luiz, 76561199770341255)(<7355.576172, 81.730453, 12388.914063>) quick accessed a lock!
[11:16:10] Player (Luiz, 76561199770341255)(<7355.812500, 81.730453, 12388.950195>) quick accessed a lock!
[11:27:23] Player (Luiz, 76561199770341255)(<9318.663086, 54.329174, 13091.610352>) quick accessed a lock!
[11:27:25] Player (Luiz, 76561199770341255)(<9317.154297, 54.329174, 13091.982422>) quick accessed a lock!
[11:27:26] Player (Luiz, 76561199770341255)(<9316.858398, 54.329174, 13092.093750>) quick accessed a lock!
[11:29:23] Player (Luiz, 76561199770341255)(<9318.663086, 54.329174, 13091.610352>) quick accessed a lock!
[11:29:37] Player (Luiz, 76561199770341255)(<9317.154297, 54.329174, 13091.982422>) quick accessed a lock!
[11:29:38] Player (Luiz, 76561199770341255)(<9316.858398, 54.329174, 13092.093750>) quick accessed a lock!
[11:32:45] Player (Luiz, 76561199770341255)(<9317.154297, 54.329174, 13091.982422>) quick accessed a lock!
[11:32:47] Player (Luiz, 76561199770341255)(<9318.663086, 54.329174, 13091.610352>) quick accessed a lock!
[11:32:55] Player (Luiz, 76561199770341255)(<9318.663086, 54.329174, 13091.610352>) quick accessed a lock!
[11:33:00] Player (Luiz, 76561199770341255)(<9317.154297, 54.329174, 13091.982422>) quick accessed a lock!
[11:33:04] Player (Luiz, 76561199770341255)(<9317.154297, 54.329174, 13091.982422>) quick accessed a lock!
[11:33:05] Player (Luiz, 76561199770341255)(<9316.858398, 54.329174, 13092.093750>) quick accessed a lock!
[12:07:56] Player (Luiz, 76561198008639541)(<9317.154297, 54.329174, 13091.982422>) quick accessed a lock!
[12:08:03] Player (Luiz, 76561198008639541)(<9317.154297, 54.329174, 13091.982422>) quick accessed a lock!
[12:08:05] Player (Luiz, 76561198008639541)(<9316.858398, 54.329174, 13092.093750>) quick accessed a lock!
[12:14:18] Player (Luiz, 76561198008639541)(<9316.858398, 54.329174, 13092.093750>) quick accessed a lock!
[12:14:20] Player (Luiz, 76561198008639541)(<9317.154297, 54.329174, 13091.982422>) quick accessed a lock!
[12:14:23] Player (Luiz, 76561198008639541)(<9318.663086, 54.329174, 13091.610352>) quick accessed a lock!
[12:15:56] Player (Luiz, 76561198008639541)(<9318.663086, 54.329174, 13091.610352>) quick accessed a lock!
[12:17:23] Player (Luiz, 76561198008639541)(<9317.154297, 54.329174, 13091.982422>) quick accessed a lock!
[12:17:26] Player (Luiz, 76561198008639541)(<9316.858398, 54.329174, 13092.093750>) quick accessed a lock!
[12:17:53] Player (Luiz, 76561198008639541)(<9316.858398, 54.329174, 13092.093750>) quick accessed a lock!
[12:17:54] Player (Luiz, 76561198008639541)(<9317.154297, 54.329174, 13091.982422>) quick accessed a lock!
[12:18:11] Player (Luiz, 76561198008639541)(<9316.858398, 54.329174, 13092.093750>) quick accessed a lock!
[12:18:13] Player (Luiz, 76561198008639541)(<9317.154297, 54.329174, 13091.982422>) quick accessed a lock!
[12:19:29] Player (Luiz, 76561198008639541)(<9318.663086, 54.329174, 13091.610352>) quick accessed a lock!
[12:34:28] Player (Luiz, 76561198008639541)(<7355.812500, 81.730453, 12388.950195>) quick accessed a lock!
[12:34:33] Player (Luiz, 76561198008639541)(<7355.576172, 81.730453, 12388.914063>) quick accessed a lock!
[12:46:45] Player (Luiz, 76561199770341255)(<9316.858398, 54.329174, 13092.093750>) quick accessed a lock!
[12:46:46] Player (Luiz, 76561199770341255)(<9317.154297, 54.329174, 13091.982422>) quick accessed a lock!
[12:49:23] Player (Luiz, 76561199770341255)(<9318.663086, 54.329174, 13091.610352>) quick accessed a lock!
[12-09-2024][13.00.24] Log file reloaded ( Server Restart )
[13:14:17] Player (Luiz, 76561199770341255)(<7355.576172, 81.730453, 12388.914063>) quick accessed a lock!
[13:53:14] Player (Luiz, 76561199770341255)(<7355.576172, 81.730453, 12388.914063>) quick accessed a lock!
[13:53:15] Player (Luiz, 76561199770341255)(<7355.812500, 81.730453, 12388.950195>) quick accessed a lock!
[13:56:38] Player (Luiz, 76561199770341255)(<7355.812500, 81.730453, 12388.950195>) quick accessed a lock!
[13:56:40] Player (Luiz, 76561199770341255)(<7355.576172, 81.730453, 12388.914063>) quick accessed a lock!
[13:57:56] Player (Florre1984, 76561198271304685)(<12457.237305, 48.206120, 8419.958008>) quick accessed a lock!
[14:06:04] Player (Luiz, 76561199770341255)(<7355.576172, 81.730453, 12388.914063>) quick accessed a lock!
[14:09:35] Player (Luiz, 76561199770341255)(<7355.812500, 81.730453, 12388.950195>) quick accessed a lock!
[14:09:37] Player (Luiz, 76561199770341255)(<7355.576172, 81.730453, 12388.914063>) quick accessed a lock!
[14:10:13] Player (Luiz, 76561199770341255)(<7355.576172, 81.730453, 12388.914063>) quick accessed a lock!
[14:13:17] Player (Luiz, 76561199770341255)(<7355.576172, 81.730453, 12388.914063>) quick accessed a lock!
[14:15:32] Player (Luiz, 76561199770341255)(<7355.576172, 81.730453, 12388.914063>) quick accessed a lock!
[14:15:40] Player (Luiz, 76561199770341255)(<7355.812500, 81.730453, 12388.950195>) quick accessed a lock!
[14:18:54] Player (Luiz, 76561199770341255)(<7355.576172, 81.730453, 12388.914063>) quick accessed a lock!
[14:19:18] Player (Luiz, 76561199770341255)(<7355.576172, 81.730453, 12388.914063>) quick accessed a lock!
[14:19:30] Player (Luiz, 76561199770341255)(<7355.812500, 81.730453, 12388.950195>) quick accessed a lock!
[14:21:35] Player (Luiz, 76561199770341255)(<7355.576172, 81.730453, 12388.914063>) quick accessed a lock!
[14:23:32] Player (Florre1984, 76561198271304685)(<12457.237305, 48.206120, 8419.958008>) quick accessed a lock!
[14:24:57] Player (Florre1984, 76561198271304685)(<12457.237305, 48.206120, 8419.958008>) quick accessed a lock!
[14:25:14] Player (Florre1984, 76561198271304685)(<12457.237305, 48.206120, 8419.958008>) quick accessed a lock!
[14:27:14] Player (Luiz, 76561199770341255)(<7355.576172, 81.730453, 12388.914063>) quick accessed a lock!
[14:27:15] Player (Luiz, 76561199770341255)(<7355.812500, 81.730453, 12388.950195>) quick accessed a lock!
[14:28:04] Player (Luiz, 76561199770341255)(<7355.812500, 81.730453, 12388.950195>) quick accessed a lock!
[14:30:17] Player (Luiz, 76561199770341255)(<7355.576172, 81.730453, 12388.914063>) quick accessed a lock!
[14:36:32] Player (Luiz, 76561199770341255)(<7355.576172, 81.730453, 12388.914063>) quick accessed a lock!
[14:37:00] Player (Luiz, 76561199770341255)(<7355.576172, 81.730453, 12388.914063>) quick accessed a lock!
[14:38:27] Player (Luiz, 76561199770341255)(<7355.576172, 81.730453, 12388.914063>) quick accessed a lock!
[14:39:19] Player (Luiz, 76561199770341255)(<7355.812500, 81.730453, 12388.950195>) quick accessed a lock!
[14:39:57] Player (Luiz, 76561199770341255)(<7355.812500, 81.730453, 12388.950195>) quick accessed a lock!
[14:40:31] Player (Luiz, 76561199770341255)(<7355.576172, 81.730453, 12388.914063>) quick accessed a lock!
[14:43:34] Player (Luiz, 76561199770341255)(<7355.576172, 81.730453, 12388.914063>) quick accessed a lock!
[14:43:35] Player (Luiz, 76561199770341255)(<7355.812500, 81.730453, 12388.950195>) quick accessed a lock!
[14:43:40] Player (Luiz, 76561199770341255)(<7355.812500, 81.730453, 12388.950195>) quick accessed a lock!
[14:47:36] Player (Luiz, 76561199770341255)(<7355.576172, 81.730453, 12388.914063>) quick accessed a lock!
[14:48:41] Player (Luiz, 76561199770341255)(<7355.576172, 81.730453, 12388.914063>) quick accessed a lock!
[14:48:48] Player (Luiz, 76561199770341255)(<7355.812500, 81.730453, 12388.950195>) quick accessed a lock!
[16:37:12] Player (Luiz, 76561199770341255)(<7355.576172, 81.730453, 12388.914063>) quick accessed a lock!
[16:37:13] Player (Luiz, 76561199770341255)(<7355.812500, 81.730453, 12388.950195>) quick accessed a lock!
[16:37:18] Player (Luiz, 76561199770341255)(<7355.812500, 81.730453, 12388.950195>) quick accessed a lock!
[16:41:06] Player (Luiz, 76561199770341255)(<7355.576172, 81.730453, 12388.914063>) quick accessed a lock!
[16:41:26] Player (Luiz, 76561199770341255)(<7355.576172, 81.730453, 12388.914063>) quick accessed a lock!
[16:41:29] Player (Luiz, 76561199770341255)(<7355.812500, 81.730453, 12388.950195>) quick accessed a lock!
[12-09-2024][17.00.24] Log file reloaded ( Server Restart )
[17:53:07] Player (Artur_vs_Swider, 76561198397000155)(<7626.589844, 10.043742, 8539.645508>) quick accessed a lock!
[17:54:42] Player (Artur_vs_Swider, 76561198397000155)(<7626.589844, 10.043742, 8539.645508>) quick accessed a lock!
[17:56:03] Player (Artur_vs_Swider, 76561198397000155)(<7626.589844, 10.043742, 8539.645508>) quick accessed a lock!
[18:06:34] Player (Artur_vs_Swider, 76561198397000155)(<7626.589844, 10.043742, 8539.645508>) quick accessed a lock!
[18:06:38] Player (Artur_vs_Swider, 76561198397000155)(<7626.589844, 10.043742, 8539.645508>) quick accessed a lock!
[18:07:27] Player (Artur_vs_Swider, 76561198397000155)(<7626.589844, 10.043742, 8539.645508>) quick accessed a lock!
[18:07:39] Player (Artur_vs_Swider, 76561198397000155)(<7626.589844, 10.043742, 8539.645508>) quick accessed a lock!
[18:08:00] Player (Artur_vs_Swider, 76561198397000155)(<7626.589844, 10.043742, 8539.645508>) quick accessed a lock!
[18:09:35] Player (Artur_vs_Swider, 76561198397000155)(<7626.589844, 10.043742, 8539.645508>) quick accessed a lock!
[18:10:21] Player (Artur_vs_Swider, 76561198397000155)(<7626.589844, 10.043742, 8539.645508>) quick accessed a lock!
[18:10:32] Player (Artur_vs_Swider, 76561198397000155)(<7626.589844, 10.043742, 8539.645508>) quick accessed a lock!
[18:10:50] Player (Artur_vs_Swider, 76561198397000155)(<7626.589844, 10.043742, 8539.645508>) quick accessed a lock!
[18:11:56] Player (Artur_vs_Swider, 76561198397000155)(<7626.589844, 10.043742, 8539.645508>) quick accessed a lock!
[18:15:10] Player (Artur_vs_Swider, 76561198397000155)(<7626.589844, 10.043742, 8539.645508>) quick accessed a lock!
[18:15:41] Player (Artur_vs_Swider, 76561198397000155)(<7626.589844, 10.043742, 8539.645508>) quick accessed a lock!
[18:17:38] Player (Artur_vs_Swider, 76561198397000155)(<7626.589844, 10.043742, 8539.645508>) quick accessed a lock!
[18:20:37] Player (Artur_vs_Swider, 76561198397000155)(<7626.589844, 10.043742, 8539.645508>) quick accessed a lock!
[18:22:15] Player (Artur_vs_Swider, 76561198397000155)(<7626.589844, 10.043742, 8539.645508>) quick accessed a lock!
[18:22:32] Player (Artur_vs_Swider, 76561198397000155)(<7626.589844, 10.043742, 8539.645508>) quick accessed a lock!
[18:23:28] Player (Artur_vs_Swider, 76561198397000155)(<7626.589844, 10.043742, 8539.645508>) quick accessed a lock!
[18:24:47] Player (Artur_vs_Swider, 76561198397000155)(<7626.589844, 10.043742, 8539.645508>) quick accessed a lock!
[18:31:10] Player (Artur_vs_Swider, 76561198397000155)(<7626.589844, 10.043742, 8539.645508>) quick accessed a lock!
[18:35:44] Player (Luiz, 76561199770341255)(<7355.576172, 81.730453, 12388.914063>) quick accessed a lock!
[18:35:46] Player (Luiz, 76561199770341255)(<7355.812500, 81.730453, 12388.950195>) quick accessed a lock!
[18:36:05] Player (Artur_vs_Swider, 76561198397000155)(<7626.589844, 10.043742, 8539.645508>) quick accessed a lock!
[18:40:23] Player (Artur_vs_Swider, 76561198397000155)(<7626.589844, 10.043742, 8539.645508>) quick accessed a lock!
[19:36:26] Player (Luiz, 76561199770341255)(<7355.812500, 81.730453, 12388.950195>) quick accessed a lock!
[19:36:29] Player (Luiz, 76561199770341255)(<7355.576172, 81.730453, 12388.914063>) quick accessed a lock!
[19:46:01] Player (Luiz, 76561199770341255)(<7355.576172, 81.730453, 12388.914063>) quick accessed a lock!
[19:46:02] Player (Luiz, 76561199770341255)(<7355.812500, 81.730453, 12388.950195>) quick accessed a lock!
[20:09:27] Player (Artur_vs_Swider, 76561198397000155)(<7626.589844, 10.043742, 8539.645508>) quick accessed a lock!
[20:14:14] Player (Luiz, 76561199770341255)(<7355.812500, 81.730453, 12388.950195>) quick accessed a lock!
[20:14:17] Player (Luiz, 76561199770341255)(<7355.576172, 81.730453, 12388.914063>) quick accessed a lock!
[20:22:20] Player (Casey, 76561199643612211)(<8909.085938, 15.889824, 1105.763916>) quick accessed a lock!
[12-09-2024][21.00.22] Log file reloaded ( Server Restart )
[21:27:31] Player (Casey, 76561199643612211)(<8909.085938, 15.889824, 1105.763916>) quick accessed a lock!
[21:31:43] Player (Casey, 76561199643612211)(<8899.131836, 15.554780, 1105.990234>) set a new passcode on lock!
[21:31:43] Player (Casey, 76561199643612211)(<8899.131836, 15.554780, 1105.990234>) claimed ownership of a lock!
[21:31:48] Player (Casey, 76561199643612211)(<8899.131836, 15.554780, 1105.990234>) quick accessed a lock!
[21:32:15] Player (Casey, 76561199643612211)(<8909.085938, 15.889824, 1105.763916>) quick accessed a lock!
[21:32:46] Player (Casey, 76561199643612211)(<8899.131836, 15.554780, 1105.990234>) quick accessed a lock!
[21:33:08] Player (Casey, 76561199643612211)(<8909.085938, 15.889824, 1105.763916>) quick accessed a lock!
[21:33:16] Player (Casey, 76561199643612211)(<8909.085938, 15.889824, 1105.763916>) quick accessed a lock!
[21:36:37] Player (Casey, 76561199643612211)(<8899.131836, 15.554780, 1105.990234>) quick accessed a lock!
[22:28:22] Player (Luiz, 76561199770341255)(<7355.576172, 81.730453, 12388.914063>) quick accessed a lock!
[22:28:23] Player (Luiz, 76561199770341255)(<7355.812500, 81.730453, 12388.950195>) quick accessed a lock!
[22:31:14] Player (Luiz, 76561199770341255)(<7355.812500, 81.730453, 12388.950195>) quick accessed a lock!
[22:31:16] Player (Luiz, 76561199770341255)(<7355.576172, 81.730453, 12388.914063>) quick accessed a lock!
[22:33:41] Player (Casey, 76561199643612211)(<8899.131836, 15.554780, 1105.990234>) quick accessed a lock!
[22:33:51] Player (Casey, 76561199643612211)(<8909.085938, 15.889824, 1105.763916>) quick accessed a lock!
[22:34:11] Player (Casey, 76561199643612211)(<8909.085938, 15.889824, 1105.763916>) quick accessed a lock!
[22:34:36] Player (Casey, 76561199643612211)(<8909.085938, 15.889824, 1105.763916>) quick accessed a lock!
[22:35:02] Player (Casey, 76561199643612211)(<8909.085938, 15.889824, 1105.763916>) quick accessed a lock!
[22:35:40] Player (Casey, 76561199643612211)(<8899.131836, 15.554780, 1105.990234>) quick accessed a lock!
[22:36:20] Player (Casey, 76561199643612211)(<8909.085938, 15.889824, 1105.763916>) quick accessed a lock!
[22:36:48] Player (Casey, 76561199643612211)(<8909.085938, 15.889824, 1105.763916>) quick accessed a lock!
[22:37:22] Player (Casey, 76561199643612211)(<8909.085938, 15.889824, 1105.763916>) quick accessed a lock!
[22:37:36] Player (Casey, 76561199643612211)(<8909.085938, 15.889824, 1105.763916>) quick accessed a lock!
[22:40:07] Player (Casey, 76561199643612211)(<8899.131836, 15.554780, 1105.990234>) quick accessed a lock!
[22:40:23] Player (Casey, 76561199643612211)(<8909.085938, 15.889824, 1105.763916>) quick accessed a lock!
[22:40:31] Player (Casey, 76561199643612211)(<8909.085938, 15.889824, 1105.763916>) quick accessed a lock!
[22:40:37] Player (Casey, 76561199643612211)(<8899.131836, 15.554780, 1105.990234>) quick accessed a lock!
