[12-08-2024][00.00.22] New Access Log File Created!
[01:43:49] Player (Siets, 76561197968205278)(<11127.880859, 106.702026, 9501.662109>) quick accessed a lock!
[01:44:13] Player (Siets, 76561197968205278)(<11127.880859, 106.702026, 9501.662109>) quick accessed a lock!
[12-08-2024][05.00.22] Log file reloaded ( Server Restart )
[12-08-2024][09.00.21] Log file reloaded ( Server Restart )
[09:09:44] Player (Luiz, 76561198008639541)(<9316.858398, 54.329174, 13092.093750>) quick accessed a lock!
[09:09:46] Player (Luiz, 76561198008639541)(<9317.154297, 54.329174, 13091.982422>) quick accessed a lock!
[09:10:03] Player (Luiz, 76561198008639541)(<9318.663086, 54.329174, 13091.610352>) quick accessed a lock!
[09:12:04] Player (Daryl Dixon, 76561199573099150)(<8909.085938, 15.889824, 1105.763916>) quick accessed a lock!
[09:12:09] Player (Luiz, 76561198008639541)(<9318.663086, 54.329174, 13091.610352>) quick accessed a lock!
[09:14:23] Player (Luiz, 76561198008639541)(<9317.154297, 54.329174, 13091.982422>) quick accessed a lock!
[09:14:24] Player (Luiz, 76561198008639541)(<9316.858398, 54.329174, 13092.093750>) quick accessed a lock!
[09:14:45] Player (Luiz, 76561198008639541)(<9318.663086, 54.329174, 13091.610352>) quick accessed a lock!
[09:28:27] Player (Daryl Dixon, 76561199573099150)(<8909.085938, 15.889824, 1105.763916>) quick accessed a lock!
[09:28:38] Player (Daryl Dixon, 76561199573099150)(<8909.085938, 15.889824, 1105.763916>) quick accessed a lock!
[09:50:17] Player (Daryl Dixon, 76561199573099150)(<8909.085938, 15.889824, 1105.763916>) quick accessed a lock!
[10:18:10] Player (Daryl Dixon, 76561199573099150)(<8909.085938, 15.889824, 1105.763916>) quick accessed a lock!
[10:34:45] Player (Daryl Dixon, 76561199573099150)(<8909.085938, 15.889824, 1105.763916>) quick accessed a lock!
[10:48:53] Player (Daryl Dixon, 76561199573099150)(<8909.085938, 15.889824, 1105.763916>) quick accessed a lock!
[12-08-2024][13.00.23] Log file reloaded ( Server Restart )
[13:07:53] Player (Daryl Dixon, 76561199573099150)(<8909.085938, 15.889824, 1105.763916>) quick accessed a lock!
[13:41:10] Player (Luiz, 76561198008639541)(<9318.663086, 54.329174, 13091.610352>) quick accessed a lock!
[13:41:22] Player (Luiz, 76561198008639541)(<9317.154297, 54.329174, 13091.982422>) quick accessed a lock!
[13:41:23] Player (Luiz, 76561198008639541)(<9316.858398, 54.329174, 13092.093750>) quick accessed a lock!
[13:47:32] Player (Luiz, 76561198008639541)(<9318.663086, 54.329174, 13091.610352>) quick accessed a lock!
[13:49:24] Player (Luiz, 76561198008639541)(<9318.663086, 54.329174, 13091.610352>) quick accessed a lock!
[13:49:32] Player (Luiz, 76561198008639541)(<9316.858398, 54.329174, 13092.093750>) quick accessed a lock!
[13:49:37] Player (Luiz, 76561198008639541)(<9317.154297, 54.329174, 13091.982422>) quick accessed a lock!
[13:49:46] Player (Luiz, 76561198008639541)(<9318.663086, 54.329174, 13091.610352>) quick accessed a lock!
[13:55:31] Player (Luiz, 76561198008639541)(<9317.154297, 54.329174, 13091.982422>) quick accessed a lock!
[13:55:33] Player (Luiz, 76561198008639541)(<9316.858398, 54.329174, 13092.093750>) quick accessed a lock!
[13:59:01] Player (Luiz, 76561198008639541)(<9316.858398, 54.329174, 13092.093750>) quick accessed a lock!
[13:59:02] Player (Luiz, 76561198008639541)(<9317.154297, 54.329174, 13091.982422>) quick accessed a lock!
[13:59:08] Player (Luiz, 76561198008639541)(<9318.663086, 54.329174, 13091.610352>) quick accessed a lock!
[14:23:16] Player (Luiz, 76561198008639541)(<9318.663086, 54.329174, 13091.610352>) quick accessed a lock!
[14:26:45] Player (Luiz, 76561198008639541)(<9317.154297, 54.329174, 13091.982422>) quick accessed a lock!
[14:26:49] Player (Luiz, 76561198008639541)(<9317.154297, 54.329174, 13091.982422>) quick accessed a lock!
[14:26:53] Player (Luiz, 76561198008639541)(<9316.858398, 54.329174, 13092.093750>) quick accessed a lock!
[14:26:54] Player (Luiz, 76561198008639541)(<9317.154297, 54.329174, 13091.982422>) quick accessed a lock!
[14:27:47] Player (Florre1984, 76561198271304685)(<12457.237305, 48.206120, 8419.958008>) quick accessed a lock!
[14:29:27] Player (Florre1984, 76561198271304685)(<12457.237305, 48.206120, 8419.958008>) quick accessed a lock!
[14:29:44] Player (Florre1984, 76561198271304685)(<12457.237305, 48.206120, 8419.958008>) quick accessed a lock!
[14:33:08] Player (Luiz, 76561198008639541)(<9316.858398, 54.329174, 13092.093750>) quick accessed a lock!
[14:33:09] Player (Luiz, 76561198008639541)(<9317.154297, 54.329174, 13091.982422>) quick accessed a lock!
[14:33:11] Player (Luiz, 76561198008639541)(<9318.663086, 54.329174, 13091.610352>) quick accessed a lock!
[14:33:30] Player (Luiz, 76561198008639541)(<9318.663086, 54.329174, 13091.610352>) quick accessed a lock!
[15:16:01] Player (Daryl Dixon, 76561199573099150)(<8909.085938, 15.889824, 1105.763916>) quick accessed a lock!
[15:23:37] Player (Florre1984, 76561198271304685)(<12457.237305, 48.206120, 8419.958008>) quick accessed a lock!
[15:32:56] Player (Daryl Dixon, 76561199573099150)(<8909.085938, 15.889824, 1105.763916>) quick accessed a lock!
[15:35:23] Player (Florre1984, 76561198271304685)(<12457.237305, 48.206120, 8419.958008>) quick accessed a lock!
[15:36:18] Player (Florre1984, 76561198271304685)(<12457.237305, 48.206120, 8419.958008>) quick accessed a lock!
[15:49:31] Player (Daryl Dixon, 76561199573099150)(<8909.085938, 15.889824, 1105.763916>) quick accessed a lock!
[15:59:00] Player (Daryl Dixon, 76561199573099150)(<8909.085938, 15.889824, 1105.763916>) quick accessed a lock!
[16:02:15] Player (Florre1984, 76561198271304685)(<12457.237305, 48.206120, 8419.958008>) quick accessed a lock!
[16:02:37] Player (Florre1984, 76561198271304685)(<12457.237305, 48.206120, 8419.958008>) quick accessed a lock!
[16:02:45] Player (Florre1984, 76561198271304685)(<12457.237305, 48.206120, 8419.958008>) quick accessed a lock!
[12-08-2024][17.00.25] Log file reloaded ( Server Restart )
[17:02:59] Player (Daryl Dixon, 76561199643612211)(<8909.085938, 15.889824, 1105.763916>) accessed a lock!
[17:02:59] Player (Daryl Dixon, 76561199643612211)(<8909.085938, 15.889824, 1105.763916>) was added as a guest of a lock!
[17:14:03] Player (Daryl Dixon, 76561199643612211)(<8909.085938, 15.889824, 1105.763916>) quick accessed a lock!
[17:58:41] Player (Daryl Dixon, 76561199643612211)(<8909.085938, 15.889824, 1105.763916>) quick accessed a lock!
[18:36:49] Player ([GDF] BAL4COBACO, 76561198296387027)(<7355.576172, 81.730453, 12388.914063>) accessed a lock!
[18:36:49] Player ([GDF] BAL4COBACO, 76561198296387027)(<7355.576172, 81.730453, 12388.914063>) was added as a guest of a lock!
[18:37:05] Player ([GDF] BAL4COBACO, 76561198296387027)(<7355.812500, 81.730453, 12388.950195>) quick accessed a lock!
[19:00:12] Player ([GDF] BAL4COBACO, 76561198296387027)(<7355.812500, 81.730453, 12388.950195>) quick accessed a lock!
[19:00:15] Player ([GDF] BAL4COBACO, 76561198296387027)(<7355.576172, 81.730453, 12388.914063>) quick accessed a lock!
[19:00:23] Player (Artur_vs_Swider, 76561198397000155)(<7626.589844, 10.043742, 8539.645508>) set a new passcode on lock!
[19:00:23] Player (Artur_vs_Swider, 76561198397000155)(<7626.589844, 10.043742, 8539.645508>) claimed ownership of a lock!
[19:00:25] Player (Artur_vs_Swider, 76561198397000155)(<7626.589844, 10.043742, 8539.645508>) quick accessed a lock!
[19:00:39] Player (Artur_vs_Swider, 76561198397000155)(<7626.589844, 10.043742, 8539.645508>) quick accessed a lock!
[19:01:09] Player (Artur_vs_Swider, 76561198397000155)(<7626.589844, 10.043742, 8539.645508>) quick accessed a lock!
[19:02:25] Player (Artur_vs_Swider, 76561198397000155)(<7626.589844, 10.043742, 8539.645508>) quick accessed a lock!
[19:07:25] Player (Artur_vs_Swider, 76561198397000155)(<7626.589844, 10.043742, 8539.645508>) quick accessed a lock!
[19:08:36] Player (Artur_vs_Swider, 76561198397000155)(<7626.589844, 10.043742, 8539.645508>) quick accessed a lock!
[19:09:15] Player ([GDF] BAL4COBACO, 76561198296387027)(<7355.576172, 81.730453, 12388.914063>) quick accessed a lock!
[19:09:32] Player ([GDF] BAL4COBACO, 76561198296387027)(<7355.812500, 81.730453, 12388.950195>) quick accessed a lock!
[19:09:45] Player ([GDF] BAL4COBACO, 76561198296387027)(<7355.576172, 81.730453, 12388.914063>) quick accessed a lock!
[19:09:51] Player ([GDF] BAL4COBACO, 76561198296387027)(<7355.576172, 81.730453, 12388.914063>) quick accessed a lock!
[19:11:09] Player (Artur_vs_Swider, 76561198397000155)(<7626.589844, 10.043742, 8539.645508>) quick accessed a lock!
[19:11:45] Player (Artur_vs_Swider, 76561198397000155)(<7626.589844, 10.043742, 8539.645508>) quick accessed a lock!
[19:17:19] Player ([GDF] BAL4COBACO, 76561198296387027)(<7355.812500, 81.730453, 12388.950195>) quick accessed a lock!
[19:19:16] Player (Artur_vs_Swider, 76561198397000155)(<7626.589844, 10.043742, 8539.645508>) quick accessed a lock!
[19:38:02] Player (Casey, 76561199643612211)(<8909.085938, 15.889824, 1105.763916>) quick accessed a lock!
[20:28:31] Player ([GDF] BAL4COBACO, 76561198296387027)(<9318.663086, 54.329174, 13091.610352>) quick accessed a lock!
[20:28:36] Player ([GDF] BAL4COBACO, 76561198296387027)(<9317.154297, 54.329174, 13091.982422>) quick accessed a lock!
[20:28:37] Player ([GDF] BAL4COBACO, 76561198296387027)(<9316.858398, 54.329174, 13092.093750>) quick accessed a lock!
[20:29:11] Player ([GDF] BAL4COBACO, 76561198296387027)(<9318.663086, 54.329174, 13091.610352>) quick accessed a lock!
[20:43:33] Player (ThinkFirst, 76561198353028907)(<11127.880859, 106.702026, 9501.662109>) accessed a lock!
[20:43:33] Player (ThinkFirst, 76561198353028907)(<11127.880859, 106.702026, 9501.662109>) was added as a guest of a lock!
[20:50:51] Player ([GDF] BAL4COBACO, 76561198296387027)(<7355.812500, 81.730453, 12388.950195>) quick accessed a lock!
[20:50:53] Player ([GDF] BAL4COBACO, 76561198296387027)(<7355.576172, 81.730453, 12388.914063>) quick accessed a lock!
[20:55:19] Player ([GDF] BAL4COBACO, 76561198296387027)(<7355.576172, 81.730453, 12388.914063>) quick accessed a lock!
[20:55:20] Player ([GDF] BAL4COBACO, 76561198296387027)(<7355.812500, 81.730453, 12388.950195>) quick accessed a lock!
[20:55:39] Player ([GDF] BAL4COBACO, 76561198296387027)(<7355.812500, 81.730453, 12388.950195>) quick accessed a lock!
[20:57:57] Player (Draco, 76561198302078718)(<7244.721680, 3.842066, 7828.232910>) quick accessed a lock!
[20:58:00] Player (Draco, 76561198302078718)(<7241.480957, 3.950430, 7825.958984>) quick accessed a lock!
[12-08-2024][21.00.23] Log file reloaded ( Server Restart )
[21:15:32] Player (Luiz, 76561199770341255)(<7355.576172, 81.730453, 12388.914063>) quick accessed a lock!
[21:15:34] Player (Luiz, 76561199770341255)(<7355.812500, 81.730453, 12388.950195>) quick accessed a lock!
[21:15:45] Player (Luiz, 76561199770341255)(<7355.812500, 81.730453, 12388.950195>) quick accessed a lock!
[21:15:48] Player (Luiz, 76561199770341255)(<7355.576172, 81.730453, 12388.914063>) quick accessed a lock!
[21:17:51] Player (ThinkFirst, 76561198353028907)(<11127.880859, 106.702026, 9501.662109>) quick accessed a lock!
[21:18:31] Player (Luiz, 76561199770341255)(<7355.576172, 81.730453, 12388.914063>) quick accessed a lock!
[21:18:33] Player (Luiz, 76561199770341255)(<7355.812500, 81.730453, 12388.950195>) quick accessed a lock!
[21:19:54] Player (Luiz, 76561199770341255)(<7355.812500, 81.730453, 12388.950195>) quick accessed a lock!
[21:19:56] Player (Luiz, 76561199770341255)(<7355.576172, 81.730453, 12388.914063>) quick accessed a lock!
[21:24:32] Player (Luiz, 76561199770341255)(<7355.576172, 81.730453, 12388.914063>) quick accessed a lock!
[21:24:33] Player (Luiz, 76561199770341255)(<7355.812500, 81.730453, 12388.950195>) quick accessed a lock!
[21:24:48] Player (Luiz, 76561199770341255)(<7355.812500, 81.730453, 12388.950195>) quick accessed a lock!
[21:24:50] Player (Luiz, 76561199770341255)(<7355.576172, 81.730453, 12388.914063>) quick accessed a lock!
[21:25:05] Player (Luiz, 76561199770341255)(<7355.576172, 81.730453, 12388.914063>) quick accessed a lock!
