[12-21-2024][00.00.21] New Access Log File Created!
[00:21:26] Player (BILL, 76561198814955756)(<8046.105957, 27.662138, 7867.672363>) quick accessed a lock!
[00:21:30] Player (BILL, 76561198814955756)(<8048.060547, 27.662161, 7867.532227>) quick accessed a lock!
[00:45:28] Player (BILL, 76561198814955756)(<8066.057129, 27.662161, 7856.242676>) quick accessed a lock!
[00:48:29] Player (BILL, 76561198814955756)(<8048.060547, 27.662161, 7867.532227>) quick accessed a lock!
[00:48:31] Player (BILL, 76561198814955756)(<8046.105957, 27.662138, 7867.672363>) quick accessed a lock!
[00:48:42] Player (BILL, 76561198814955756)(<8041.888184, 27.662138, 7867.689453>) quick accessed a lock!
[00:49:09] Player (BILL, 76561198814955756)(<8041.888184, 27.662138, 7867.689453>) quick accessed a lock!
[00:49:13] Player (BILL, 76561198814955756)(<8041.888184, 27.662138, 7867.689453>) quick accessed a lock!
[00:49:28] Player (BILL, 76561198814955756)(<8041.888184, 27.662138, 7867.689453>) quick accessed a lock!
[00:49:32] Player (BILL, 76561198814955756)(<8046.105957, 27.662138, 7867.672363>) quick accessed a lock!
[00:49:37] Player (BILL, 76561198814955756)(<8046.105957, 27.662138, 7867.672363>) quick accessed a lock!
[00:49:43] Player (BILL, 76561198814955756)(<8048.060547, 27.662161, 7867.532227>) quick accessed a lock!
[00:57:17] Player (BILL, 76561198814955756)(<8048.060547, 27.662161, 7867.532227>) quick accessed a lock!
[00:57:19] Player (BILL, 76561198814955756)(<8046.105957, 27.662138, 7867.672363>) quick accessed a lock!
[00:57:28] Player (BILL, 76561198814955756)(<8041.888184, 27.662138, 7867.689453>) quick accessed a lock!
[00:58:00] Player (BILL, 76561198814955756)(<8041.888184, 27.662138, 7867.689453>) quick accessed a lock!
[00:58:06] Player (BILL, 76561198814955756)(<8041.888184, 27.662138, 7867.689453>) quick accessed a lock!
[00:58:23] Player (BILL, 76561198814955756)(<8041.888184, 27.662138, 7867.689453>) quick accessed a lock!
[00:58:29] Player (BILL, 76561198814955756)(<8046.105957, 27.662138, 7867.672363>) quick accessed a lock!
[00:58:34] Player (BILL, 76561198814955756)(<8048.060547, 27.662161, 7867.532227>) quick accessed a lock!
[00:58:45] Player (BILL, 76561198814955756)(<8046.105957, 27.662138, 7867.672363>) quick accessed a lock!
[01:00:20] Player (BILL, 76561198814955756)(<8048.060547, 27.662161, 7867.532227>) quick accessed a lock!
[01:00:21] Player (BILL, 76561198814955756)(<8046.105957, 27.662138, 7867.672363>) quick accessed a lock!
[01:00:31] Player (BILL, 76561198814955756)(<8041.888184, 27.662138, 7867.689453>) quick accessed a lock!
[01:01:20] Player (BILL, 76561198814955756)(<8041.888184, 27.662138, 7867.689453>) quick accessed a lock!
[01:01:49] Player (BILL, 76561198814955756)(<8046.105957, 27.662138, 7867.672363>) quick accessed a lock!
[01:01:52] Player (BILL, 76561198814955756)(<8048.060547, 27.662161, 7867.532227>) quick accessed a lock!
[01:02:01] Player (BILL, 76561198814955756)(<8048.060547, 27.662161, 7867.532227>) quick accessed a lock!
[01:06:04] Player (BILL, 76561198814955756)(<8066.057129, 27.662161, 7856.242676>) quick accessed a lock!
[01:06:05] Player (BILL, 76561198814955756)(<8066.684570, 27.662138, 7855.720215>) quick accessed a lock!
[01:06:07] Player (BILL, 76561198814955756)(<8072.392578, 27.662115, 7855.935059>) quick accessed a lock!
[01:07:39] Player (BILL, 76561198814955756)(<8072.392578, 27.662115, 7855.935059>) quick accessed a lock!
[01:07:43] Player (BILL, 76561198814955756)(<8066.684570, 27.662138, 7855.720215>) quick accessed a lock!
[01:07:45] Player (BILL, 76561198814955756)(<8066.057129, 27.662161, 7856.242676>) quick accessed a lock!
[01:07:57] Player (BILL, 76561198814955756)(<8066.057129, 27.662161, 7856.242676>) quick accessed a lock!
[01:07:58] Player (BILL, 76561198814955756)(<8066.684570, 27.662138, 7855.720215>) quick accessed a lock!
[01:08:01] Player (BILL, 76561198814955756)(<8072.392578, 27.662115, 7855.935059>) quick accessed a lock!
[01:36:47] Player (CONTROL, 76561197967168101)(<6044.596680, 34.846451, 10431.335938>) quick accessed a lock!
[01:48:20] Player (CONTROL, 76561197967168101)(<5746.929199, 70.849586, 8893.775391>) quick accessed a lock!
[01:52:49] Player (CONTROL, 76561197967168101)(<5746.929199, 70.849586, 8893.775391>) quick accessed a lock!
[01:53:06] Player (CONTROL, 76561197967168101)(<5746.929199, 70.849586, 8893.775391>) quick accessed a lock!
[01:53:18] Player (CONTROL, 76561197967168101)(<5746.929199, 70.849586, 8893.775391>) quick accessed a lock!
[02:11:06] Player (BILL, 76561198814955756)(<8041.888184, 27.662138, 7867.689453>) quick accessed a lock!
[02:11:10] Player (BILL, 76561198814955756)(<8046.105957, 27.662138, 7867.672363>) quick accessed a lock!
[02:11:12] Player (BILL, 76561198814955756)(<8048.060547, 27.662161, 7867.532227>) quick accessed a lock!
[02:24:46] Player (BILL, 76561198814955756)(<8048.060547, 27.662161, 7867.532227>) quick accessed a lock!
[02:24:48] Player (BILL, 76561198814955756)(<8046.105957, 27.662138, 7867.672363>) quick accessed a lock!
[02:24:52] Player (BILL, 76561198814955756)(<8048.060547, 27.662161, 7867.532227>) quick accessed a lock!
[02:24:59] Player (BILL, 76561198814955756)(<8041.888184, 27.662138, 7867.689453>) quick accessed a lock!
[02:50:59] Player (BILL, 76561198814955756)(<8041.888184, 27.662138, 7867.689453>) quick accessed a lock!
[02:51:03] Player (BILL, 76561198814955756)(<8046.105957, 27.662138, 7867.672363>) quick accessed a lock!
[02:51:08] Player (BILL, 76561198814955756)(<8048.060547, 27.662161, 7867.532227>) quick accessed a lock!
[02:51:34] Player (BILL, 76561198814955756)(<8048.060547, 27.662161, 7867.532227>) quick accessed a lock!
[02:52:22] Player (BILL, 76561198814955756)(<8046.105957, 27.662138, 7867.672363>) removed a lock!
[02:54:06] Player (BILL, 76561198814955756)(<8046.105957, 27.662138, 7867.672363>) set a new passcode on lock!
[02:54:06] Player (BILL, 76561198814955756)(<8046.105957, 27.662138, 7867.672363>) claimed ownership of a lock!
[02:54:14] Player (BILL, 76561198814955756)(<8048.060547, 27.662161, 7867.532227>) removed a lock!
[02:55:10] Player (BILL, 76561198814955756)(<8048.060547, 27.662161, 7867.532227>) set a new passcode on lock!
[02:55:10] Player (BILL, 76561198814955756)(<8048.060547, 27.662161, 7867.532227>) claimed ownership of a lock!
[02:55:49] Player (BILL, 76561198814955756)(<8066.057129, 27.662161, 7856.242676>) removed a lock!
[02:56:36] Player (BILL, 76561198814955756)(<8066.057129, 27.662161, 7856.242676>) set a new passcode on lock!
[02:56:36] Player (BILL, 76561198814955756)(<8066.057129, 27.662161, 7856.242676>) claimed ownership of a lock!
[02:56:41] Player (BILL, 76561198814955756)(<8066.057129, 27.662161, 7856.242676>) quick accessed a lock!
[02:56:44] Player (BILL, 76561198814955756)(<8066.684570, 27.662138, 7855.720215>) quick accessed a lock!
[02:57:20] Player (BILL, 76561198814955756)(<8066.057129, 27.662161, 7856.242676>) quick accessed a lock!
[03:06:03] Player (CONTROL, 76561197967168101)(<6042.112793, 34.846451, 10435.593750>) quick accessed a lock!
[03:07:02] Player (CONTROL, 76561197967168101)(<6044.596680, 34.846451, 10431.335938>) quick accessed a lock!
[03:07:13] Player (CONTROL, 76561197967168101)(<6044.596680, 34.846451, 10431.335938>) quick accessed a lock!
[03:08:31] Player (CONTROL, 76561197967168101)(<6042.112793, 34.846451, 10435.593750>) quick accessed a lock!
[03:21:38] Player (BILL, 76561198814955756)(<8066.057129, 27.662161, 7856.242676>) quick accessed a lock!
[03:21:39] Player (BILL, 76561198814955756)(<8066.684570, 27.662138, 7855.720215>) quick accessed a lock!
[03:21:42] Player (BILL, 76561198814955756)(<8072.392578, 27.662115, 7855.935059>) quick accessed a lock!
[03:27:49] Player (CONTROL, 76561197967168101)(<6042.112793, 34.846451, 10435.593750>) quick accessed a lock!
[03:29:23] Player (CONTROL, 76561197967168101)(<6042.112793, 34.846451, 10435.593750>) quick accessed a lock!
[03:29:26] Player (CONTROL, 76561197967168101)(<6044.596680, 34.846451, 10431.335938>) quick accessed a lock!
[03:32:37] Player (CONTROL, 76561197967168101)(<6044.596680, 34.846451, 10431.335938>) quick accessed a lock!
[03:32:57] Player (CONTROL, 76561197967168101)(<6042.112793, 34.846451, 10435.593750>) quick accessed a lock!
[03:33:59] Player (CONTROL, 76561197967168101)(<6042.112793, 34.846451, 10435.593750>) quick accessed a lock!
[03:34:03] Player (CONTROL, 76561197967168101)(<6044.596680, 34.846451, 10431.335938>) quick accessed a lock!
[04:32:50] Player (BILL, 76561198814955756)(<8041.888184, 27.662138, 7867.689453>) quick accessed a lock!
[04:32:53] Player (BILL, 76561198814955756)(<8046.105957, 27.662138, 7867.672363>) quick accessed a lock!
[04:32:56] Player (BILL, 76561198814955756)(<8048.060547, 27.662161, 7867.532227>) quick accessed a lock!
[04:42:30] Player (Draco, 76561198302078718)(<4860.642578, 5.412148, 11283.935547>) quick accessed a lock!
[04:44:16] Player (BILL, 76561198814955756)(<8048.060547, 27.662161, 7867.532227>) quick accessed a lock!
[04:44:59] Player (BILL, 76561198814955756)(<8048.060547, 27.662161, 7867.532227>) quick accessed a lock!
[04:45:00] Player (BILL, 76561198814955756)(<8046.105957, 27.662138, 7867.672363>) quick accessed a lock!
[04:45:03] Player (BILL, 76561198814955756)(<8046.105957, 27.662138, 7867.672363>) quick accessed a lock!
[04:45:12] Player (BILL, 76561198814955756)(<8041.888184, 27.662138, 7867.689453>) quick accessed a lock!
[12-21-2024][05.00.22] Log file reloaded ( Server Restart )
[05:38:41] Player (Draco, 76561198302078718)(<4870.733887, 5.627413, 11321.759766>) quick accessed a lock!
[05:42:31] Player (Draco, 76561198302078718)(<4860.642578, 5.412148, 11283.935547>) quick accessed a lock!
[05:43:21] Player (Draco, 76561198302078718)(<4860.642578, 5.412148, 11283.935547>) quick accessed a lock!
[05:43:51] Player (Draco, 76561198302078718)(<4870.733887, 5.627413, 11321.759766>) quick accessed a lock!
[05:45:02] Player (Draco, 76561198302078718)(<4860.642578, 5.412148, 11283.935547>) quick accessed a lock!
[06:10:51] Player (Draco, 76561198302078718)(<4860.642578, 5.412148, 11283.935547>) quick accessed a lock!
[06:22:45] Player (Draco, 76561198302078718)(<4860.642578, 5.412148, 11283.935547>) quick accessed a lock!
[06:24:19] Player (Draco, 76561198302078718)(<4870.733887, 5.627413, 11321.759766>) quick accessed a lock!
[06:24:38] Player (Draco, 76561198302078718)(<4870.733887, 5.627413, 11321.759766>) quick accessed a lock!
[06:29:38] Player (Draco, 76561198302078718)(<4860.642578, 5.412148, 11283.935547>) quick accessed a lock!
[06:35:18] Player (Draco, 76561198302078718)(<4870.733887, 5.627413, 11321.759766>) quick accessed a lock!
[06:51:13] Player (Draco, 76561198302078718)(<4871.779297, 5.720881, 11321.981445>) set a new passcode on lock!
[06:51:13] Player (Draco, 76561198302078718)(<4871.779297, 5.720881, 11321.981445>) claimed ownership of a lock!
[06:51:18] Player (Draco, 76561198302078718)(<4871.779297, 5.720881, 11321.981445>) quick accessed a lock!
[06:51:49] Player (Draco, 76561198302078718)(<4871.779297, 5.720881, 11321.981445>) quick accessed a lock!
[06:51:58] Player (Draco, 76561198302078718)(<4871.779297, 5.720881, 11321.981445>) quick accessed a lock!
[06:52:26] Player (Draco, 76561198302078718)(<4871.779297, 5.720881, 11321.981445>) quick accessed a lock!
[06:54:09] Player (Draco, 76561198302078718)(<4871.779297, 5.720881, 11321.981445>) quick accessed a lock!
[06:54:54] Player (Draco, 76561198302078718)(<4871.779297, 5.720881, 11321.981445>) quick accessed a lock!
[06:55:28] Player (Draco, 76561198302078718)(<4871.779297, 5.720881, 11321.981445>) quick accessed a lock!
[06:57:46] Player (Draco, 76561198302078718)(<4860.642578, 5.412148, 11283.935547>) quick accessed a lock!
[07:04:12] Player (Draco, 76561198302078718)(<4870.733887, 5.627413, 11321.759766>) quick accessed a lock!
[07:04:38] Player (Draco, 76561198302078718)(<4870.733887, 5.627413, 11321.759766>) quick accessed a lock!
[07:09:18] Player (Draco, 76561198302078718)(<4870.733887, 5.627413, 11321.759766>) quick accessed a lock!
[07:13:04] Player (Draco, 76561198302078718)(<4870.733887, 5.627413, 11321.759766>) quick accessed a lock!
[07:13:24] Player (Draco, 76561198302078718)(<4870.733887, 5.627413, 11321.759766>) quick accessed a lock!
[07:14:30] Player (Draco, 76561198302078718)(<4860.642578, 5.412148, 11283.935547>) quick accessed a lock!
[07:20:22] Player (Draco, 76561198302078718)(<4860.642578, 5.412148, 11283.935547>) quick accessed a lock!
[07:20:29] Player (Draco, 76561198302078718)(<4860.642578, 5.412148, 11283.935547>) quick accessed a lock!
[07:21:48] Player (Draco, 76561198302078718)(<4860.642578, 5.412148, 11283.935547>) quick accessed a lock!
[07:31:45] Player (Draco, 76561198302078718)(<4860.642578, 5.412148, 11283.935547>) quick accessed a lock!
[07:32:01] Player (Draco, 76561198302078718)(<4860.642578, 5.412148, 11283.935547>) quick accessed a lock!
[07:32:30] Player (Draco, 76561198302078718)(<4860.642578, 5.412148, 11283.935547>) quick accessed a lock!
[07:32:44] Player (Draco, 76561198302078718)(<4860.642578, 5.412148, 11283.935547>) quick accessed a lock!
[07:33:17] Player (Draco, 76561198302078718)(<4860.642578, 5.412148, 11283.935547>) quick accessed a lock!
[07:33:34] Player (Draco, 76561198302078718)(<4870.733887, 5.627413, 11321.759766>) quick accessed a lock!
[07:33:43] Player (Draco, 76561198302078718)(<4871.779297, 5.720881, 11321.981445>) quick accessed a lock!
[07:34:30] Player (Draco, 76561198302078718)(<4870.733887, 5.627413, 11321.759766>) quick accessed a lock!
[07:39:22] Player (Draco, 76561198302078718)(<4860.642578, 5.412148, 11283.935547>) quick accessed a lock!
[07:40:21] Player (Draco, 76561198302078718)(<4870.733887, 5.627413, 11321.759766>) quick accessed a lock!
[07:41:28] Player (Draco, 76561198302078718)(<4870.733887, 5.627413, 11321.759766>) quick accessed a lock!
[07:42:06] Player (Draco, 76561198302078718)(<4870.733887, 5.627413, 11321.759766>) quick accessed a lock!
[07:45:54] Player (Draco, 76561198302078718)(<4859.762207, 5.448579, 11280.096680>) set a new passcode on lock!
[07:45:54] Player (Draco, 76561198302078718)(<4859.762207, 5.448579, 11280.096680>) claimed ownership of a lock!
[07:45:57] Player (Draco, 76561198302078718)(<4859.762207, 5.448579, 11280.096680>) quick accessed a lock!
[07:47:07] Player (Draco, 76561198302078718)(<4860.642578, 5.412148, 11283.935547>) quick accessed a lock!
[07:49:41] Player (Draco, 76561198302078718)(<4859.762207, 5.448579, 11280.096680>) quick accessed a lock!
[07:49:45] Player (Draco, 76561198302078718)(<4860.642578, 5.412148, 11283.935547>) quick accessed a lock!
[07:50:46] Player (Draco, 76561198302078718)(<4870.733887, 5.627413, 11321.759766>) quick accessed a lock!
[12-21-2024][09.00.21] Log file reloaded ( Server Restart )
[12-21-2024][13.00.23] Log file reloaded ( Server Restart )
[13:57:36] Player (Florre1984, 76561198271304685)(<12457.237305, 48.206120, 8419.958008>) quick accessed a lock!
[14:01:13] Player (Rick Grimes, 76561199573099150)(<8909.085938, 15.889824, 1105.763916>) quick accessed a lock!
[14:01:18] Player (Rick Grimes, 76561199573099150)(<8899.131836, 15.554780, 1105.990234>) quick accessed a lock!
[14:01:44] Player (Rick Grimes, 76561199573099150)(<8909.085938, 15.889824, 1105.763916>) quick accessed a lock!
[12-21-2024][14.06.45] Log file reloaded ( Server Restart )
[16:34:29] Player (BILL, 76561198814955756)(<8041.888184, 27.662138, 7867.689453>) quick accessed a lock!
[16:34:37] Player (BILL, 76561198814955756)(<8046.105957, 27.662138, 7867.672363>) quick accessed a lock!
[16:34:41] Player (BILL, 76561198814955756)(<8048.060547, 27.662161, 7867.532227>) quick accessed a lock!
[16:42:20] Player (BILL, 76561198814955756)(<8048.060547, 27.662161, 7867.532227>) quick accessed a lock!
[16:42:21] Player (BILL, 76561198814955756)(<8046.105957, 27.662138, 7867.672363>) quick accessed a lock!
[16:42:25] Player (BILL, 76561198814955756)(<8041.888184, 27.662138, 7867.689453>) quick accessed a lock!
[16:45:29] Player (BILL, 76561198814955756)(<8041.888184, 27.662138, 7867.689453>) quick accessed a lock!
[16:45:37] Player (BILL, 76561198814955756)(<8048.060547, 27.662161, 7867.532227>) quick accessed a lock!
[16:49:07] Player (BILL, 76561198814955756)(<8048.060547, 27.662161, 7867.532227>) quick accessed a lock!
[16:49:09] Player (BILL, 76561198814955756)(<8046.105957, 27.662138, 7867.672363>) quick accessed a lock!
[16:49:16] Player (BILL, 76561198814955756)(<8041.888184, 27.662138, 7867.689453>) quick accessed a lock!
[16:56:57] Player (BILL, 76561198814955756)(<8041.888184, 27.662138, 7867.689453>) quick accessed a lock!
[16:57:01] Player (BILL, 76561198814955756)(<8046.105957, 27.662138, 7867.672363>) quick accessed a lock!
[16:57:04] Player (BILL, 76561198814955756)(<8048.060547, 27.662161, 7867.532227>) quick accessed a lock!
[12-21-2024][17.00.21] Log file reloaded ( Server Restart )
[17:07:46] Player (Draco, 76561198302078718)(<4860.642578, 5.412148, 11283.935547>) quick accessed a lock!
[17:10:08] Player (Draco, 76561198302078718)(<4870.733887, 5.627413, 11321.759766>) quick accessed a lock!
[17:10:19] Player (Draco, 76561198302078718)(<4871.779297, 5.720881, 11321.981445>) quick accessed a lock!
[17:11:04] Player (Draco, 76561198302078718)(<4870.733887, 5.627413, 11321.759766>) quick accessed a lock!
[17:19:04] Player (Draco, 76561198302078718)(<4860.642578, 5.412148, 11283.935547>) quick accessed a lock!
[17:19:24] Player (Draco, 76561198302078718)(<4860.642578, 5.412148, 11283.935547>) quick accessed a lock!
[17:20:08] Player (Draco, 76561198302078718)(<4860.642578, 5.412148, 11283.935547>) quick accessed a lock!
[17:20:23] Player (Draco, 76561198302078718)(<4870.733887, 5.627413, 11321.759766>) quick accessed a lock!
[17:21:09] Player (Draco, 76561198302078718)(<4871.779297, 5.720881, 11321.981445>) quick accessed a lock!
[17:21:50] Player (Draco, 76561198302078718)(<4870.733887, 5.627413, 11321.759766>) quick accessed a lock!
[17:25:54] Player (Draco, 76561198302078718)(<4870.733887, 5.627413, 11321.759766>) quick accessed a lock!
[17:25:55] Player (Draco, 76561198302078718)(<4870.733887, 5.627413, 11321.759766>) quick accessed a lock!
[17:33:06] Player (luizredfield30, 76561199770341255)(<7360.089844, 82.019249, 12389.973633>) quick accessed a lock!
[17:33:11] Player (luizredfield30, 76561199770341255)(<7355.812500, 81.730453, 12388.950195>) quick accessed a lock!
[17:33:13] Player (luizredfield30, 76561199770341255)(<7355.576172, 81.730453, 12388.914063>) quick accessed a lock!
[17:33:15] Player (luizredfield30, 76561199770341255)(<7355.454102, 81.730453, 12388.909180>) quick accessed a lock!
[17:33:17] Player (luizredfield30, 76561199770341255)(<7355.248535, 81.730453, 12388.920898>) quick accessed a lock!
[17:37:18] Player (Daryl Dixon, 76561199573099150)(<8899.131836, 15.554780, 1105.990234>) quick accessed a lock!
[17:37:20] Player (Daryl Dixon, 76561199573099150)(<8909.085938, 15.889824, 1105.763916>) quick accessed a lock!
[17:42:10] Player (Daryl Dixon, 76561199573099150)(<8909.085938, 15.889824, 1105.763916>) quick accessed a lock!
[17:54:59] Player (luizredfield30, 76561199770341255)(<7355.248535, 81.730453, 12388.920898>) quick accessed a lock!
[17:54:59] Player (luizredfield30, 76561199770341255)(<7355.454102, 81.730453, 12388.909180>) quick accessed a lock!
[17:55:00] Player (luizredfield30, 76561199770341255)(<7355.576172, 81.730453, 12388.914063>) quick accessed a lock!
[17:55:01] Player (luizredfield30, 76561199770341255)(<7355.812500, 81.730453, 12388.950195>) quick accessed a lock!
[17:55:17] Player (luizredfield30, 76561199770341255)(<7360.089844, 82.019249, 12389.973633>) quick accessed a lock!
[17:56:46] Player (Draco, 76561198302078718)(<4860.642578, 5.412148, 11283.935547>) quick accessed a lock!
[17:56:52] Player (Draco, 76561198302078718)(<4859.762207, 5.448579, 11280.096680>) quick accessed a lock!
[18:03:04] Player (Draco, 76561198302078718)(<4859.762207, 5.448579, 11280.096680>) quick accessed a lock!
[18:03:06] Player (Draco, 76561198302078718)(<4860.642578, 5.412148, 11283.935547>) quick accessed a lock!
[18:04:15] Player (Draco, 76561198302078718)(<4870.733887, 5.627413, 11321.759766>) quick accessed a lock!
[18:04:25] Player (Draco, 76561198302078718)(<4870.733887, 5.627413, 11321.759766>) quick accessed a lock!
[18:44:18] Player (Draco, 76561198302078718)(<4870.733887, 5.627413, 11321.759766>) quick accessed a lock!
[18:44:24] Player (Draco, 76561198302078718)(<4871.779297, 5.720881, 11321.981445>) quick accessed a lock!
[18:46:18] Player (Draco, 76561198302078718)(<4870.733887, 5.627413, 11321.759766>) quick accessed a lock!
[18:46:25] Player (Draco, 76561198302078718)(<4870.733887, 5.627413, 11321.759766>) quick accessed a lock!
[18:47:03] Player (Draco, 76561198302078718)(<4870.733887, 5.627413, 11321.759766>) quick accessed a lock!
[18:51:28] Player (Draco, 76561198302078718)(<4860.642578, 5.412148, 11283.935547>) quick accessed a lock!
[18:51:30] Player (Draco, 76561198302078718)(<4859.762207, 5.448579, 11280.096680>) quick accessed a lock!
[20:10:32] Player (Draco, 76561198302078718)(<4859.762207, 5.448579, 11280.096680>) quick accessed a lock!
[20:10:35] Player (Draco, 76561198302078718)(<4860.642578, 5.412148, 11283.935547>) quick accessed a lock!
[20:11:46] Player (Draco, 76561198302078718)(<4870.733887, 5.627413, 11321.759766>) quick accessed a lock!
[20:11:52] Player (Draco, 76561198302078718)(<4870.733887, 5.627413, 11321.759766>) quick accessed a lock!
[20:12:52] Player (Daryl Dixon, 76561199573099150)(<8909.085938, 15.889824, 1105.763916>) quick accessed a lock!
[20:30:03] Player (CONTROL, 76561197967168101)(<6042.112793, 34.846451, 10435.593750>) quick accessed a lock!
[20:35:13] Player (Daryl Dixon, 76561199573099150)(<8899.131836, 15.554780, 1105.990234>) quick accessed a lock!
[20:35:21] Player (Daryl Dixon, 76561199573099150)(<8909.085938, 15.889824, 1105.763916>) quick accessed a lock!
[20:36:44] Player (Draco, 76561198302078718)(<4870.733887, 5.627413, 11321.759766>) quick accessed a lock!
[20:36:47] Player (Draco, 76561198302078718)(<4871.779297, 5.720881, 11321.981445>) quick accessed a lock!
[20:42:39] Player (BILL, 76561198814955756)(<8048.060547, 27.662161, 7867.532227>) quick accessed a lock!
[20:42:42] Player (BILL, 76561198814955756)(<8046.105957, 27.662138, 7867.672363>) quick accessed a lock!
[20:42:46] Player (BILL, 76561198814955756)(<8046.105957, 27.662138, 7867.672363>) quick accessed a lock!
[20:42:55] Player (BILL, 76561198814955756)(<8041.888184, 27.662138, 7867.689453>) quick accessed a lock!
[20:43:44] Player (Draco, 76561198302078718)(<4870.733887, 5.627413, 11321.759766>) quick accessed a lock!
[20:45:41] Player (Draco, 76561198302078718)(<4870.733887, 5.627413, 11321.759766>) quick accessed a lock!
[20:46:29] Player (Draco, 76561198302078718)(<4870.733887, 5.627413, 11321.759766>) quick accessed a lock!
[20:46:52] Player (Draco, 76561198302078718)(<4860.642578, 5.412148, 11283.935547>) quick accessed a lock!
[20:46:54] Player (Draco, 76561198302078718)(<4859.762207, 5.448579, 11280.096680>) quick accessed a lock!
[12-21-2024][21.00.23] Log file reloaded ( Server Restart )
[21:33:19] Player (Draco, 76561198302078718)(<4859.762207, 5.448579, 11280.096680>) quick accessed a lock!
[21:33:24] Player (Draco, 76561198302078718)(<4860.642578, 5.412148, 11283.935547>) quick accessed a lock!
[21:40:45] Player (CONTROL, 76561197967168101)(<6044.596680, 34.846451, 10431.335938>) quick accessed a lock!
[21:44:46] Player (CONTROL, 76561197967168101)(<6044.596680, 34.846451, 10431.335938>) quick accessed a lock!
[22:11:38] Player (BILL, 76561198814955756)(<8041.888184, 27.662138, 7867.689453>) quick accessed a lock!
[22:11:45] Player (BILL, 76561198814955756)(<8046.105957, 27.662138, 7867.672363>) quick accessed a lock!
[22:11:53] Player (BILL, 76561198814955756)(<8048.060547, 27.662161, 7867.532227>) quick accessed a lock!
[22:15:48] Player (Rick Grimes, 76561199573099150)(<8909.085938, 15.889824, 1105.763916>) quick accessed a lock!
[22:15:54] Player (Rick Grimes, 76561199573099150)(<8899.131836, 15.554780, 1105.990234>) quick accessed a lock!
[22:17:59] Player (Rick Grimes, 76561199573099150)(<8871.601563, 16.228077, 1138.634155>) set a new passcode on lock!
[22:17:59] Player (Rick Grimes, 76561199573099150)(<8871.601563, 16.228077, 1138.634155>) claimed ownership of a lock!
[22:18:31] Player (Rick Grimes, 76561199573099150)(<8868.722656, 16.043911, 1134.363281>) set a new passcode on lock!
[22:18:31] Player (Rick Grimes, 76561199573099150)(<8868.722656, 16.043911, 1134.363281>) claimed ownership of a lock!
[22:18:34] Player (Rick Grimes, 76561199573099150)(<8871.601563, 16.228077, 1138.634155>) quick accessed a lock!
[22:18:54] Player (Rick Grimes, 76561199573099150)(<8871.601563, 16.228077, 1138.634155>) quick accessed a lock!
[22:22:02] Player (CONTROL, 76561197967168101)(<6044.596680, 34.846451, 10431.335938>) quick accessed a lock!
[22:25:31] Player (BILL, 76561198814955756)(<8066.057129, 27.662161, 7856.242676>) quick accessed a lock!
[22:25:34] Player (BILL, 76561198814955756)(<8066.684570, 27.662138, 7855.720215>) quick accessed a lock!
[22:25:36] Player (BILL, 76561198814955756)(<8072.392578, 27.662115, 7855.935059>) quick accessed a lock!
[22:27:51] Player (Rick Grimes, 76561199573099150)(<8909.085938, 15.889824, 1105.763916>) quick accessed a lock!
[22:28:40] Player (BILL, 76561198814955756)(<8072.392578, 27.662115, 7855.935059>) quick accessed a lock!
[22:28:43] Player (BILL, 76561198814955756)(<8066.684570, 27.662138, 7855.720215>) quick accessed a lock!
[22:28:46] Player (BILL, 76561198814955756)(<8066.057129, 27.662161, 7856.242676>) quick accessed a lock!
[22:30:24] Player (CONTROL, 76561197967168101)(<6044.596680, 34.846451, 10431.335938>) quick accessed a lock!
[22:30:35] Player (Draco, 76561198302078718)(<4870.733887, 5.627413, 11321.759766>) quick accessed a lock!
[22:30:40] Player (Draco, 76561198302078718)(<4871.779297, 5.720881, 11321.981445>) quick accessed a lock!
[22:30:46] Player (CONTROL, 76561197967168101)(<6044.596680, 34.846451, 10431.335938>) quick accessed a lock!
[22:31:12] Player (CONTROL, 76561197967168101)(<6044.596680, 34.846451, 10431.335938>) quick accessed a lock!
[22:31:30] Player (Rick Grimes, 76561199573099150)(<8871.601563, 16.228077, 1138.634155>) quick accessed a lock!
[22:31:36] Player (Rick Grimes, 76561199573099150)(<8868.722656, 16.043911, 1134.363281>) quick accessed a lock!
[22:32:19] Player (CONTROL, 76561197967168101)(<6042.112793, 34.846451, 10435.593750>) quick accessed a lock!
[22:32:36] Player (BILL, 76561198814955756)(<8051.116699, 27.662161, 7863.484375>) set a new passcode on lock!
[22:32:36] Player (BILL, 76561198814955756)(<8051.116699, 27.662161, 7863.484375>) claimed ownership of a lock!
[22:34:05] Player (Draco, 76561198302078718)(<4862.399414, 5.761878, 11325.787109>) set a new passcode on lock!
[22:34:05] Player (Draco, 76561198302078718)(<4862.399414, 5.761878, 11325.787109>) claimed ownership of a lock!
[22:34:07] Player (CONTROL, 76561197967168101)(<6042.112793, 34.846451, 10435.593750>) quick accessed a lock!
[22:34:10] Player (Draco, 76561198302078718)(<4862.399414, 5.761878, 11325.787109>) quick accessed a lock!
[22:34:11] Player (CONTROL, 76561197967168101)(<6044.596680, 34.846451, 10431.335938>) quick accessed a lock!
[22:34:38] Player (Draco, 76561198302078718)(<4862.399414, 5.761878, 11325.787109>) quick accessed a lock!
[22:34:45] Player (Draco, 76561198302078718)(<4862.399414, 5.761878, 11325.787109>) quick accessed a lock!
[22:34:54] Player (Draco, 76561198302078718)(<4862.399414, 5.761878, 11325.787109>) quick accessed a lock!
[22:35:04] Player (Draco, 76561198302078718)(<4862.399414, 5.761878, 11325.787109>) quick accessed a lock!
[22:35:14] Player (Draco, 76561198302078718)(<4862.399414, 5.761878, 11325.787109>) quick accessed a lock!
[22:35:28] Player (Draco, 76561198302078718)(<4862.399414, 5.761878, 11325.787109>) quick accessed a lock!
[22:36:02] Player (Draco, 76561198302078718)(<4862.399414, 5.761878, 11325.787109>) quick accessed a lock!
[22:36:20] Player (BILL, 76561198814955756)(<8066.684570, 27.662138, 7855.720215>) removed a lock!
[22:36:26] Player (Draco, 76561198302078718)(<4862.399414, 5.761878, 11325.787109>) quick accessed a lock!
[22:36:26] Player (BILL, 76561198814955756)(<8066.057129, 27.662161, 7856.242676>) quick accessed a lock!
[22:36:30] Player (Draco, 76561198302078718)(<4862.399414, 5.761878, 11325.787109>) quick accessed a lock!
[22:36:35] Player (Draco, 76561198302078718)(<4862.399414, 5.761878, 11325.787109>) quick accessed a lock!
[22:36:46] Player (Draco, 76561198302078718)(<4862.399414, 5.761878, 11325.787109>) quick accessed a lock!
[22:37:01] Player (CONTROL, 76561197967168101)(<6044.596680, 34.846451, 10431.335938>) quick accessed a lock!
[22:37:06] Player (CONTROL, 76561197967168101)(<6042.112793, 34.846451, 10435.593750>) quick accessed a lock!
[22:37:17] Player (Draco, 76561198302078718)(<4862.399414, 5.761878, 11325.787109>) quick accessed a lock!
[22:37:46] Player (CONTROL, 76561197967168101)(<6044.596680, 34.846451, 10431.335938>) quick accessed a lock!
[22:37:54] Player (CONTROL, 76561197967168101)(<6042.112793, 34.846451, 10435.593750>) quick accessed a lock!
[22:38:25] Player (CONTROL, 76561197967168101)(<6042.112793, 34.846451, 10435.593750>) quick accessed a lock!
[22:38:28] Player (CONTROL, 76561197967168101)(<6044.596680, 34.846451, 10431.335938>) quick accessed a lock!
[22:38:29] Player (Draco, 76561198302078718)(<4870.733887, 5.627413, 11321.759766>) quick accessed a lock!
[22:38:47] Player (CONTROL, 76561197967168101)(<6044.596680, 34.846451, 10431.335938>) quick accessed a lock!
[22:38:50] Player (CONTROL, 76561197967168101)(<6042.112793, 34.846451, 10435.593750>) quick accessed a lock!
[22:39:16] Player (Draco, 76561198302078718)(<4870.733887, 5.627413, 11321.759766>) quick accessed a lock!
[22:39:55] Player (CONTROL, 76561197967168101)(<6042.112793, 34.846451, 10435.593750>) quick accessed a lock!
[22:41:02] Player (Draco, 76561198302078718)(<4870.733887, 5.627413, 11321.759766>) quick accessed a lock!
[22:41:09] Player (Draco, 76561198302078718)(<4862.399414, 5.761878, 11325.787109>) quick accessed a lock!
[22:41:42] Player (Draco, 76561198302078718)(<4862.399414, 5.761878, 11325.787109>) quick accessed a lock!
[22:41:47] Player (Draco, 76561198302078718)(<4862.399414, 5.761878, 11325.787109>) quick accessed a lock!
[22:41:55] Player (Draco, 76561198302078718)(<4862.399414, 5.761878, 11325.787109>) quick accessed a lock!
[22:42:05] Player (BILL, 76561198814955756)(<8064.213379, 27.662161, 7856.570801>) set a new passcode on lock!
[22:42:05] Player (BILL, 76561198814955756)(<8064.213379, 27.662161, 7856.570801>) claimed ownership of a lock!
[22:42:57] Player (Draco, 76561198302078718)(<4860.642578, 5.412148, 11283.935547>) quick accessed a lock!
[22:43:14] Player (Draco, 76561198302078718)(<4860.642578, 5.412148, 11283.935547>) quick accessed a lock!
[22:43:54] Player (CONTROL, 76561197967168101)(<5746.929199, 70.849586, 8893.775391>) quick accessed a lock!
[22:45:07] Player (BILL, 76561198814955756)(<8064.213379, 27.662161, 7856.570801>) quick accessed a lock!
[22:45:09] Player (BILL, 76561198814955756)(<8066.057129, 27.662161, 7856.242676>) quick accessed a lock!
[22:46:04] Player (Draco, 76561198302078718)(<4860.642578, 5.412148, 11283.935547>) quick accessed a lock!
[22:49:03] Player (Draco, 76561198302078718)(<4860.642578, 5.412148, 11283.935547>) quick accessed a lock!
[22:49:56] Player (CONTROL, 76561197967168101)(<5746.929199, 70.849586, 8893.775391>) quick accessed a lock!
[22:50:42] Player (BILL, 76561198814955756)(<8051.116699, 27.662161, 7863.484375>) quick accessed a lock!
[22:50:44] Player (BILL, 76561198814955756)(<8048.060547, 27.662161, 7867.532227>) quick accessed a lock!
[22:50:54] Player (BILL, 76561198814955756)(<8048.060547, 27.662161, 7867.532227>) quick accessed a lock!
[22:50:58] Player (BILL, 76561198814955756)(<8048.060547, 27.662161, 7867.532227>) quick accessed a lock!
[22:51:04] Player (BILL, 76561198814955756)(<8048.060547, 27.662161, 7867.532227>) quick accessed a lock!
[22:51:07] Player (BILL, 76561198814955756)(<8046.105957, 27.662138, 7867.672363>) quick accessed a lock!
[22:51:13] Player (CONTROL, 76561197967168101)(<5746.929199, 70.849586, 8893.775391>) quick accessed a lock!
[22:51:15] Player (BILL, 76561198814955756)(<8041.888184, 27.662138, 7867.689453>) quick accessed a lock!
[22:55:35] Player (Draco, 76561198302078718)(<4870.733887, 5.627413, 11321.759766>) quick accessed a lock!
[22:55:39] Player (Draco, 76561198302078718)(<4871.779297, 5.720881, 11321.981445>) quick accessed a lock!
[22:56:07] Player (Draco, 76561198302078718)(<4870.733887, 5.627413, 11321.759766>) quick accessed a lock!
[22:56:46] Player (CONTROL, 76561197967168101)(<5746.929199, 70.849586, 8893.775391>) quick accessed a lock!
[23:00:40] Player (Draco, 76561198302078718)(<4860.642578, 5.412148, 11283.935547>) quick accessed a lock!
[23:00:44] Player (Draco, 76561198302078718)(<4859.762207, 5.448579, 11280.096680>) quick accessed a lock!
[23:05:36] Player (Draco, 76561198302078718)(<4859.762207, 5.448579, 11280.096680>) quick accessed a lock!
[23:05:40] Player (Draco, 76561198302078718)(<4860.642578, 5.412148, 11283.935547>) quick accessed a lock!
[23:05:47] Player (Draco, 76561198302078718)(<4870.733887, 5.627413, 11321.759766>) quick accessed a lock!
[23:05:58] Player (Draco, 76561198302078718)(<4871.779297, 5.720881, 11321.981445>) quick accessed a lock!
[23:06:09] Player (Draco, 76561198302078718)(<4862.399414, 5.761878, 11325.787109>) quick accessed a lock!
[23:06:22] Player (Draco, 76561198302078718)(<4862.399414, 5.761878, 11325.787109>) quick accessed a lock!
[23:07:35] Player (Draco, 76561198302078718)(<4860.642578, 5.412148, 11283.935547>) quick accessed a lock!
[23:08:22] Player (Draco, 76561198302078718)(<4859.762207, 5.448579, 11280.096680>) quick accessed a lock!
[23:42:50] Player (Draco, 76561198302078718)(<4859.762207, 5.448579, 11280.096680>) quick accessed a lock!
[23:42:55] Player (Draco, 76561198302078718)(<4860.642578, 5.412148, 11283.935547>) quick accessed a lock!
[23:43:43] Player (Draco, 76561198302078718)(<4870.733887, 5.627413, 11321.759766>) quick accessed a lock!
[23:43:45] Player (Draco, 76561198302078718)(<4871.779297, 5.720881, 11321.981445>) quick accessed a lock!
[23:43:55] Player (Draco, 76561198302078718)(<4862.399414, 5.761878, 11325.787109>) quick accessed a lock!
[23:44:16] Player (Draco, 76561198302078718)(<4862.399414, 5.761878, 11325.787109>) quick accessed a lock!
[23:44:22] Player (Draco, 76561198302078718)(<4862.399414, 5.761878, 11325.787109>) quick accessed a lock!
[23:44:28] Player (Draco, 76561198302078718)(<4862.399414, 5.761878, 11325.787109>) quick accessed a lock!
[23:47:01] Player (Draco, 76561198302078718)(<4870.733887, 5.627413, 11321.759766>) quick accessed a lock!
[23:49:41] Player (Draco, 76561198302078718)(<4870.733887, 5.627413, 11321.759766>) quick accessed a lock!
