[12-19-2024][00.00.22] New Access Log File Created!
[02:41:00] Player (BILL, 76561198814955756)(<8048.060547, 27.662161, 7867.532227>) quick accessed a lock!
[02:41:02] Player (BILL, 76561198814955756)(<8046.105957, 27.662138, 7867.672363>) quick accessed a lock!
[02:46:43] Player (BILL, 76561198814955756)(<8046.105957, 27.662138, 7867.672363>) quick accessed a lock!
[02:46:44] Player (BILL, 76561198814955756)(<8048.060547, 27.662161, 7867.532227>) quick accessed a lock!
[02:54:35] Player (BILL, 76561198814955756)(<8048.060547, 27.662161, 7867.532227>) quick accessed a lock!
[02:54:37] Player (BILL, 76561198814955756)(<8046.105957, 27.662138, 7867.672363>) quick accessed a lock!
[02:57:08] Player (BILL, 76561198814955756)(<8046.105957, 27.662138, 7867.672363>) quick accessed a lock!
[02:57:09] Player (BILL, 76561198814955756)(<8048.060547, 27.662161, 7867.532227>) quick accessed a lock!
[02:57:25] Player (BILL, 76561198814955756)(<8048.060547, 27.662161, 7867.532227>) quick accessed a lock!
[02:57:49] Player (BILL, 76561198814955756)(<8048.060547, 27.662161, 7867.532227>) quick accessed a lock!
[02:58:01] Player (BILL, 76561198814955756)(<8048.060547, 27.662161, 7867.532227>) quick accessed a lock!
[02:59:06] Player (BILL, 76561198814955756)(<8048.060547, 27.662161, 7867.532227>) quick accessed a lock!
[02:59:29] Player (BILL, 76561198814955756)(<8048.060547, 27.662161, 7867.532227>) quick accessed a lock!
[03:53:11] Player (BILL, 76561198814955756)(<8046.105957, 27.662138, 7867.672363>) quick accessed a lock!
[03:53:13] Player (BILL, 76561198814955756)(<8048.060547, 27.662161, 7867.532227>) quick accessed a lock!
[03:53:50] Player (BILL, 76561198814955756)(<8046.105957, 27.662138, 7867.672363>) quick accessed a lock!
[03:55:14] Player (BILL, 76561198814955756)(<8046.105957, 27.662138, 7867.672363>) quick accessed a lock!
[04:09:10] Player (BILL, 76561198814955756)(<8066.057129, 27.662161, 7856.242676>) set a new passcode on lock!
[04:09:10] Player (BILL, 76561198814955756)(<8066.057129, 27.662161, 7856.242676>) claimed ownership of a lock!
[04:09:17] Player (BILL, 76561198814955756)(<8066.057129, 27.662161, 7856.242676>) quick accessed a lock!
[04:10:51] Player (BILL, 76561198814955756)(<8066.057129, 27.662161, 7856.242676>) quick accessed a lock!
[04:11:25] Player (BILL, 76561198814955756)(<8066.057129, 27.662161, 7856.242676>) quick accessed a lock!
[04:12:28] Player (BILL, 76561198814955756)(<8066.057129, 27.662161, 7856.242676>) quick accessed a lock!
[04:15:08] Player (BILL, 76561198814955756)(<8066.057129, 27.662161, 7856.242676>) quick accessed a lock!
[04:24:16] Player (Big_Steve, 76561198071307767)(<9481.520508, 95.982422, 10884.832031>) quick accessed a lock!
[04:40:05] Player (Draco, 76561198302078718)(<4860.642578, 5.412148, 11283.935547>) quick accessed a lock!
[04:40:30] Player (Draco, 76561198302078718)(<4860.642578, 5.412148, 11283.935547>) quick accessed a lock!
[04:41:35] Player (Big_Steve, 76561198071307767)(<9481.520508, 95.982422, 10884.832031>) quick accessed a lock!
[04:51:04] Player (Big_Steve, 76561198071307767)(<9481.520508, 95.982422, 10884.832031>) quick accessed a lock!
[04:51:31] Player (Big_Steve, 76561198071307767)(<9481.520508, 95.982422, 10884.832031>) quick accessed a lock!
[04:51:42] Player (Big_Steve, 76561198071307767)(<9481.520508, 95.982422, 10884.832031>) quick accessed a lock!
[12-19-2024][05.00.21] Log file reloaded ( Server Restart )
[05:15:06] Player (Big_Steve, 76561198071307767)(<9481.520508, 95.982422, 10884.832031>) quick accessed a lock!
[05:16:29] Player (Big_Steve, 76561198071307767)(<9481.520508, 95.982422, 10884.832031>) quick accessed a lock!
[05:21:27] Player (Big_Steve, 76561198071307767)(<9481.520508, 95.982422, 10884.832031>) quick accessed a lock!
[12-19-2024][09.00.20] Log file reloaded ( Server Restart )
[09:07:35] Player (luizredfield30, 76561198008639541)(<7355.248535, 81.730453, 12388.920898>) quick accessed a lock!
[09:07:36] Player (luizredfield30, 76561198008639541)(<7355.454102, 81.730453, 12388.909180>) quick accessed a lock!
[09:07:37] Player (luizredfield30, 76561198008639541)(<7355.576172, 81.730453, 12388.914063>) quick accessed a lock!
[09:07:38] Player (luizredfield30, 76561198008639541)(<7355.812500, 81.730453, 12388.950195>) quick accessed a lock!
[09:07:55] Player (luizredfield30, 76561198008639541)(<7360.089844, 82.019249, 12389.973633>) accessed a lock!
[09:07:55] Player (luizredfield30, 76561198008639541)(<7360.089844, 82.019249, 12389.973633>) was added as a guest of a lock!
[09:08:00] Player (luizredfield30, 76561198008639541)(<7355.812500, 81.730453, 12388.950195>) quick accessed a lock!
[09:08:02] Player (luizredfield30, 76561198008639541)(<7355.576172, 81.730453, 12388.914063>) quick accessed a lock!
[09:08:05] Player (luizredfield30, 76561198008639541)(<7355.454102, 81.730453, 12388.909180>) quick accessed a lock!
[09:08:31] Player (luizredfield30, 76561198008639541)(<7359.518066, 86.602303, 12394.140625>) accessed a lock!
[09:08:31] Player (luizredfield30, 76561198008639541)(<7359.518066, 86.602303, 12394.140625>) was added as a guest of a lock!
[09:10:21] Player (luizredfield30, 76561198008639541)(<7355.812500, 81.730453, 12388.950195>) quick accessed a lock!
[09:10:23] Player (luizredfield30, 76561198008639541)(<7355.576172, 81.730453, 12388.914063>) quick accessed a lock!
[09:10:25] Player (luizredfield30, 76561198008639541)(<7355.454102, 81.730453, 12388.909180>) quick accessed a lock!
[09:10:27] Player (luizredfield30, 76561198008639541)(<7355.248535, 81.730453, 12388.920898>) quick accessed a lock!
[09:10:31] Player (luizredfield30, 76561198008639541)(<7355.248535, 81.730453, 12388.920898>) quick accessed a lock!
[10:29:00] Player (BILL, 76561198814955756)(<8066.057129, 27.662161, 7856.242676>) quick accessed a lock!
[10:29:17] Player (BILL, 76561198814955756)(<8048.060547, 27.662161, 7867.532227>) quick accessed a lock!
[10:29:20] Player (BILL, 76561198814955756)(<8046.105957, 27.662138, 7867.672363>) quick accessed a lock!
[10:32:02] Player (BILL, 76561198814955756)(<8046.105957, 27.662138, 7867.672363>) quick accessed a lock!
[10:32:04] Player (BILL, 76561198814955756)(<8048.060547, 27.662161, 7867.532227>) quick accessed a lock!
[10:32:17] Player (BILL, 76561198814955756)(<8048.060547, 27.662161, 7867.532227>) quick accessed a lock!
[10:32:42] Player (BILL, 76561198814955756)(<8048.060547, 27.662161, 7867.532227>) quick accessed a lock!
[10:32:55] Player (BILL, 76561198814955756)(<8048.060547, 27.662161, 7867.532227>) quick accessed a lock!
[10:33:18] Player (BILL, 76561198814955756)(<8048.060547, 27.662161, 7867.532227>) quick accessed a lock!
[10:33:27] Player (CONTROL, 76561197967168101)(<6044.596680, 34.846451, 10431.335938>) quick accessed a lock!
[10:34:42] Player (BILL, 76561198814955756)(<8048.060547, 27.662161, 7867.532227>) quick accessed a lock!
[10:56:36] Player (CONTROL, 76561197967168101)(<5746.929199, 70.849586, 8893.775391>) quick accessed a lock!
[10:57:03] Player (CONTROL, 76561197967168101)(<5746.929199, 70.849586, 8893.775391>) quick accessed a lock!
[10:57:44] Player (CONTROL, 76561197967168101)(<5746.929199, 70.849586, 8893.775391>) quick accessed a lock!
[10:58:36] Player (CONTROL, 76561197967168101)(<5746.929199, 70.849586, 8893.775391>) quick accessed a lock!
[10:58:40] Player (BILL, 76561198814955756)(<8046.105957, 27.662138, 7867.672363>) quick accessed a lock!
[10:58:43] Player (BILL, 76561198814955756)(<8048.060547, 27.662161, 7867.532227>) quick accessed a lock!
[11:01:20] Player (BILL, 76561198814955756)(<8066.057129, 27.662161, 7856.242676>) quick accessed a lock!
[11:03:21] Player (BILL, 76561198814955756)(<8046.105957, 27.662138, 7867.672363>) quick accessed a lock!
[11:14:19] Player (BILL, 76561198814955756)(<8046.105957, 27.662138, 7867.672363>) quick accessed a lock!
[11:14:23] Player (BILL, 76561198814955756)(<8048.060547, 27.662161, 7867.532227>) quick accessed a lock!
[11:18:58] Player (BILL, 76561198814955756)(<8048.060547, 27.662161, 7867.532227>) quick accessed a lock!
[11:18:59] Player (BILL, 76561198814955756)(<8046.105957, 27.662138, 7867.672363>) quick accessed a lock!
[11:20:06] Player (BILL, 76561198814955756)(<8048.060547, 27.662161, 7867.532227>) quick accessed a lock!
[11:21:31] Player (BILL, 76561198814955756)(<8048.060547, 27.662161, 7867.532227>) quick accessed a lock!
[11:23:06] Player (BILL, 76561198814955756)(<8046.105957, 27.662138, 7867.672363>) quick accessed a lock!
[11:23:07] Player (BILL, 76561198814955756)(<8048.060547, 27.662161, 7867.532227>) quick accessed a lock!
[11:28:51] Player (BILL, 76561198814955756)(<8048.060547, 27.662161, 7867.532227>) quick accessed a lock!
[11:28:56] Player (BILL, 76561198814955756)(<8046.105957, 27.662138, 7867.672363>) quick accessed a lock!
[11:35:24] Player (BILL, 76561198814955756)(<8046.105957, 27.662138, 7867.672363>) quick accessed a lock!
[11:35:30] Player (BILL, 76561198814955756)(<8048.060547, 27.662161, 7867.532227>) quick accessed a lock!
[11:40:32] Player (BILL, 76561198814955756)(<8048.060547, 27.662161, 7867.532227>) quick accessed a lock!
[11:40:34] Player (BILL, 76561198814955756)(<8046.105957, 27.662138, 7867.672363>) quick accessed a lock!
[11:41:41] Player (BILL, 76561198814955756)(<8046.105957, 27.662138, 7867.672363>) quick accessed a lock!
[11:41:45] Player (BILL, 76561198814955756)(<8048.060547, 27.662161, 7867.532227>) quick accessed a lock!
[11:48:29] Player (BILL, 76561198814955756)(<8048.060547, 27.662161, 7867.532227>) quick accessed a lock!
[11:48:37] Player (BILL, 76561198814955756)(<8048.060547, 27.662161, 7867.532227>) quick accessed a lock!
[11:48:41] Player (BILL, 76561198814955756)(<8046.105957, 27.662138, 7867.672363>) quick accessed a lock!
[11:58:35] Player (BILL, 76561198814955756)(<8046.105957, 27.662138, 7867.672363>) quick accessed a lock!
[11:58:45] Player (BILL, 76561198814955756)(<8048.060547, 27.662161, 7867.532227>) quick accessed a lock!
[12:06:58] Player (BILL, 76561198814955756)(<8048.060547, 27.662161, 7867.532227>) quick accessed a lock!
[12:07:03] Player (BILL, 76561198814955756)(<8046.105957, 27.662138, 7867.672363>) quick accessed a lock!
[12:31:13] Player (Big_Steve, 76561198071307767)(<9481.520508, 95.982422, 10884.832031>) quick accessed a lock!
[12:38:16] Player (BILL, 76561198814955756)(<8046.105957, 27.662138, 7867.672363>) quick accessed a lock!
[12:38:21] Player (BILL, 76561198814955756)(<8048.060547, 27.662161, 7867.532227>) quick accessed a lock!
[12:44:32] Player (BILL, 76561198814955756)(<8066.057129, 27.662161, 7856.242676>) quick accessed a lock!
[12:44:54] Player (BILL, 76561198814955756)(<8066.684570, 27.662138, 7855.720215>) set a new passcode on lock!
[12:44:54] Player (BILL, 76561198814955756)(<8066.684570, 27.662138, 7855.720215>) claimed ownership of a lock!
[12:46:42] Player (BILL, 76561198814955756)(<8048.060547, 27.662161, 7867.532227>) quick accessed a lock!
[12:46:43] Player (BILL, 76561198814955756)(<8046.105957, 27.662138, 7867.672363>) quick accessed a lock!
[12:51:08] Player (BILL, 76561198814955756)(<8046.105957, 27.662138, 7867.672363>) quick accessed a lock!
[12:51:11] Player (BILL, 76561198814955756)(<8048.060547, 27.662161, 7867.532227>) quick accessed a lock!
[12:56:50] Player (BILL, 76561198814955756)(<8048.060547, 27.662161, 7867.532227>) quick accessed a lock!
[12:56:54] Player (BILL, 76561198814955756)(<8048.060547, 27.662161, 7867.532227>) quick accessed a lock!
[12:56:55] Player (BILL, 76561198814955756)(<8046.105957, 27.662138, 7867.672363>) quick accessed a lock!
[12-19-2024][13.00.23] Log file reloaded ( Server Restart )
[14:11:43] Player (Big_Steve, 76561198071307767)(<9481.520508, 95.982422, 10884.832031>) quick accessed a lock!
[16:06:48] Player (BILL, 76561198814955756)(<8066.684570, 27.662138, 7855.720215>) quick accessed a lock!
[16:06:54] Player (BILL, 76561198814955756)(<8066.057129, 27.662161, 7856.242676>) quick accessed a lock!
[16:08:23] Player (BILL, 76561198814955756)(<8048.060547, 27.662161, 7867.532227>) quick accessed a lock!
[16:08:26] Player (BILL, 76561198814955756)(<8046.105957, 27.662138, 7867.672363>) quick accessed a lock!
[16:09:10] Player (BILL, 76561198814955756)(<8046.105957, 27.662138, 7867.672363>) quick accessed a lock!
[16:09:12] Player (BILL, 76561198814955756)(<8048.060547, 27.662161, 7867.532227>) quick accessed a lock!
[16:15:40] Player (BILL, 76561198814955756)(<8066.057129, 27.662161, 7856.242676>) quick accessed a lock!
[16:15:42] Player (BILL, 76561198814955756)(<8066.684570, 27.662138, 7855.720215>) quick accessed a lock!
[16:41:32] Player (BILL, 76561198814955756)(<8066.684570, 27.662138, 7855.720215>) quick accessed a lock!
[16:41:36] Player (BILL, 76561198814955756)(<8066.057129, 27.662161, 7856.242676>) quick accessed a lock!
[16:41:43] Player (BILL, 76561198814955756)(<8066.684570, 27.662138, 7855.720215>) quick accessed a lock!
[16:42:22] Player (BILL, 76561198814955756)(<8066.684570, 27.662138, 7855.720215>) quick accessed a lock!
[16:42:23] Player (BILL, 76561198814955756)(<8066.057129, 27.662161, 7856.242676>) quick accessed a lock!
[16:46:39] Player (BILL, 76561198814955756)(<8048.060547, 27.662161, 7867.532227>) quick accessed a lock!
[16:46:42] Player (BILL, 76561198814955756)(<8048.060547, 27.662161, 7867.532227>) quick accessed a lock!
[16:46:43] Player (BILL, 76561198814955756)(<8046.105957, 27.662138, 7867.672363>) quick accessed a lock!
[12-19-2024][17.00.23] Log file reloaded ( Server Restart )
[17:45:20] Player (BILL, 76561198814955756)(<8066.684570, 27.662138, 7855.720215>) quick accessed a lock!
[17:45:22] Player (BILL, 76561198814955756)(<8066.057129, 27.662161, 7856.242676>) quick accessed a lock!
[17:50:27] Player (BILL, 76561198814955756)(<8048.060547, 27.662161, 7867.532227>) quick accessed a lock!
[17:50:28] Player (BILL, 76561198814955756)(<8046.105957, 27.662138, 7867.672363>) quick accessed a lock!
[18:21:04] Player (CONTROL, 76561197967168101)(<6044.596680, 34.846451, 10431.335938>) quick accessed a lock!
[18:22:58] Player (CONTROL, 76561197967168101)(<6044.596680, 34.846451, 10431.335938>) quick accessed a lock!
[12-19-2024][21.00.22] Log file reloaded ( Server Restart )
