[12-16-2024][00.00.22] New Access Log File Created!
[12-16-2024][05.00.20] Log file reloaded ( Server Restart )
[05:28:40] Player (Big_Steve, 76561198071307767)(<9481.520508, 95.982422, 10884.832031>) quick accessed a lock!
[05:37:24] Player (Big_Steve, 76561198071307767)(<9481.520508, 95.982422, 10884.832031>) quick accessed a lock!
[05:43:34] Player (Big_Steve, 76561198071307767)(<9481.520508, 95.982422, 10884.832031>) quick accessed a lock!
[06:16:31] Player (Big_Steve, 76561198071307767)(<9481.520508, 95.982422, 10884.832031>) quick accessed a lock!
[06:16:58] Player (Big_Steve, 76561198071307767)(<9481.520508, 95.982422, 10884.832031>) quick accessed a lock!
[06:17:36] Player (Big_Steve, 76561198071307767)(<9481.520508, 95.982422, 10884.832031>) quick accessed a lock!
[06:17:53] Player (Big_Steve, 76561198071307767)(<9481.520508, 95.982422, 10884.832031>) quick accessed a lock!
[12-16-2024][09.00.20] Log file reloaded ( Server Restart )
[12-16-2024][13.00.23] Log file reloaded ( Server Restart )
[12-16-2024][17.00.23] Log file reloaded ( Server Restart )
[18:40:35] Player (luizredfield30, 76561199770341255)(<7355.454102, 81.730453, 12388.909180>) accessed a lock!
[18:40:35] Player (luizredfield30, 76561199770341255)(<7355.454102, 81.730453, 12388.909180>) was added as a guest of a lock!
[18:40:50] Player (luizredfield30, 76561199770341255)(<7355.248535, 81.730453, 12388.920898>) accessed a lock!
[18:40:50] Player (luizredfield30, 76561199770341255)(<7355.248535, 81.730453, 12388.920898>) was added as a guest of a lock!
[18:41:02] Player (luizredfield30, 76561199770341255)(<7355.576172, 81.730453, 12388.914063>) accessed a lock!
[18:41:02] Player (luizredfield30, 76561199770341255)(<7355.576172, 81.730453, 12388.914063>) was added as a guest of a lock!
[19:58:01] Player (luizredfield30, 76561199770341255)(<7355.248535, 81.730453, 12388.920898>) quick accessed a lock!
[19:58:02] Player (luizredfield30, 76561199770341255)(<7355.454102, 81.730453, 12388.909180>) quick accessed a lock!
[19:58:04] Player (luizredfield30, 76561199770341255)(<7355.576172, 81.730453, 12388.914063>) quick accessed a lock!
[19:58:05] Player (luizredfield30, 76561199770341255)(<7355.812500, 81.730453, 12388.950195>) quick accessed a lock!
[19:58:10] Player (luizredfield30, 76561199770341255)(<7355.812500, 81.730453, 12388.950195>) quick accessed a lock!
[19:58:22] Player (luizredfield30, 76561199770341255)(<7355.812500, 81.730453, 12388.950195>) quick accessed a lock!
[19:58:24] Player (luizredfield30, 76561199770341255)(<7355.576172, 81.730453, 12388.914063>) quick accessed a lock!
[19:58:26] Player (luizredfield30, 76561199770341255)(<7355.454102, 81.730453, 12388.909180>) quick accessed a lock!
[19:58:34] Player (luizredfield30, 76561199770341255)(<7355.576172, 81.730453, 12388.914063>) quick accessed a lock!
[20:03:21] Player (luizredfield30, 76561199770341255)(<7334.545410, 81.730453, 12396.727539>) quick accessed a lock!
[20:03:22] Player (luizredfield30, 76561199770341255)(<7334.615234, 81.730453, 12396.931641>) quick accessed a lock!
[20:03:23] Player (luizredfield30, 76561199770341255)(<7334.590332, 81.730453, 12397.067383>) quick accessed a lock!
[20:03:34] Player ([ISG] Nescau, 76561198440552318)(<7334.590332, 81.730453, 12397.067383>) quick accessed a lock!
[20:26:26] Player (luizredfield30, 76561199770341255)(<7355.812500, 81.730453, 12388.950195>) quick accessed a lock!
[20:26:29] Player (luizredfield30, 76561199770341255)(<7355.576172, 81.730453, 12388.914063>) quick accessed a lock!
[20:26:31] Player (luizredfield30, 76561199770341255)(<7355.454102, 81.730453, 12388.909180>) quick accessed a lock!
[20:26:33] Player (luizredfield30, 76561199770341255)(<7355.248535, 81.730453, 12388.920898>) quick accessed a lock!
[20:39:15] Player (luizredfield30, 76561199770341255)(<7334.545410, 81.730453, 12396.727539>) quick accessed a lock!
[20:39:16] Player (luizredfield30, 76561199770341255)(<7334.615234, 81.730453, 12396.931641>) quick accessed a lock!
[20:39:17] Player (luizredfield30, 76561199770341255)(<7334.590332, 81.730453, 12397.067383>) quick accessed a lock!
[20:39:37] Player (luizredfield30, 76561199770341255)(<7334.590332, 81.730453, 12397.067383>) quick accessed a lock!
[20:48:40] Player (luizredfield30, 76561199770341255)(<7334.545410, 81.730453, 12396.727539>) quick accessed a lock!
[20:48:42] Player (luizredfield30, 76561199770341255)(<7334.615234, 81.730453, 12396.931641>) quick accessed a lock!
[20:48:43] Player (luizredfield30, 76561199770341255)(<7334.590332, 81.730453, 12397.067383>) quick accessed a lock!
[20:51:31] Player (luizredfield30, 76561199770341255)(<7355.812500, 81.730453, 12388.950195>) quick accessed a lock!
[20:51:34] Player (luizredfield30, 76561199770341255)(<7355.576172, 81.730453, 12388.914063>) quick accessed a lock!
[20:51:36] Player (luizredfield30, 76561199770341255)(<7355.454102, 81.730453, 12388.909180>) quick accessed a lock!
[20:51:38] Player (luizredfield30, 76561199770341255)(<7355.248535, 81.730453, 12388.920898>) quick accessed a lock!
[12-16-2024][21.00.21] Log file reloaded ( Server Restart )
[21:02:23] Player (luizredfield30, 76561199770341255)(<7355.248535, 81.730453, 12388.920898>) quick accessed a lock!
[21:02:24] Player (luizredfield30, 76561199770341255)(<7355.454102, 81.730453, 12388.909180>) quick accessed a lock!
[21:02:25] Player (luizredfield30, 76561199770341255)(<7355.576172, 81.730453, 12388.914063>) quick accessed a lock!
[21:02:35] Player (luizredfield30, 76561199770341255)(<7355.812500, 81.730453, 12388.950195>) quick accessed a lock!
[21:21:21] Player (luizredfield30, 76561199770341255)(<7355.812500, 81.730453, 12388.950195>) quick accessed a lock!
[21:21:24] Player (luizredfield30, 76561199770341255)(<7355.576172, 81.730453, 12388.914063>) quick accessed a lock!
[21:21:26] Player (luizredfield30, 76561199770341255)(<7355.454102, 81.730453, 12388.909180>) quick accessed a lock!
[21:21:29] Player (luizredfield30, 76561199770341255)(<7355.248535, 81.730453, 12388.920898>) quick accessed a lock!
[21:21:31] Player (luizredfield30, 76561199770341255)(<7355.454102, 81.730453, 12388.909180>) quick accessed a lock!
[21:21:59] Player (luizredfield30, 76561199770341255)(<7355.454102, 81.730453, 12388.909180>) quick accessed a lock!
[21:22:05] Player (luizredfield30, 76561199770341255)(<7355.812500, 81.730453, 12388.950195>) quick accessed a lock!
[21:37:59] Player (luizredfield30, 76561199770341255)(<7355.812500, 81.730453, 12388.950195>) quick accessed a lock!
[21:38:01] Player (luizredfield30, 76561199770341255)(<7355.576172, 81.730453, 12388.914063>) quick accessed a lock!
[21:38:04] Player (luizredfield30, 76561199770341255)(<7355.454102, 81.730453, 12388.909180>) quick accessed a lock!
[21:38:06] Player (luizredfield30, 76561199770341255)(<7355.248535, 81.730453, 12388.920898>) quick accessed a lock!
[21:38:47] Player (luizredfield30, 76561199770341255)(<7334.545410, 81.730453, 12396.727539>) quick accessed a lock!
[21:38:49] Player (luizredfield30, 76561199770341255)(<7334.615234, 81.730453, 12396.931641>) quick accessed a lock!
[21:38:50] Player (luizredfield30, 76561199770341255)(<7334.590332, 81.730453, 12397.067383>) quick accessed a lock!
[21:44:05] Player (luizredfield30, 76561199770341255)(<7334.590332, 81.730453, 12397.067383>) quick accessed a lock!
[21:44:10] Player (luizredfield30, 76561199770341255)(<7334.590332, 81.730453, 12397.067383>) quick accessed a lock!
[21:44:12] Player (luizredfield30, 76561199770341255)(<7334.615234, 81.730453, 12396.931641>) quick accessed a lock!
[21:44:14] Player (luizredfield30, 76561199770341255)(<7334.545410, 81.730453, 12396.727539>) quick accessed a lock!
[21:46:13] Player (luizredfield30, 76561199770341255)(<7355.248535, 81.730453, 12388.920898>) quick accessed a lock!
[21:46:15] Player (luizredfield30, 76561199770341255)(<7355.454102, 81.730453, 12388.909180>) quick accessed a lock!
[21:46:16] Player (luizredfield30, 76561199770341255)(<7355.576172, 81.730453, 12388.914063>) quick accessed a lock!
[21:52:39] Player (luizredfield30, 76561199770341255)(<7355.812500, 81.730453, 12388.950195>) quick accessed a lock!
[21:52:42] Player (luizredfield30, 76561199770341255)(<7355.576172, 81.730453, 12388.914063>) quick accessed a lock!
[21:52:44] Player (luizredfield30, 76561199770341255)(<7355.454102, 81.730453, 12388.909180>) quick accessed a lock!
[21:52:46] Player (luizredfield30, 76561199770341255)(<7355.248535, 81.730453, 12388.920898>) quick accessed a lock!
[21:53:07] Player (luizredfield30, 76561199770341255)(<7334.545410, 81.730453, 12396.727539>) quick accessed a lock!
[21:53:08] Player (luizredfield30, 76561199770341255)(<7334.615234, 81.730453, 12396.931641>) quick accessed a lock!
[21:53:09] Player (luizredfield30, 76561199770341255)(<7334.590332, 81.730453, 12397.067383>) quick accessed a lock!
[21:55:37] Player (luizredfield30, 76561199770341255)(<7334.590332, 81.730453, 12397.067383>) quick accessed a lock!
[21:55:39] Player (luizredfield30, 76561199770341255)(<7334.615234, 81.730453, 12396.931641>) quick accessed a lock!
[21:55:41] Player (luizredfield30, 76561199770341255)(<7334.545410, 81.730453, 12396.727539>) quick accessed a lock!
[21:55:45] Player (luizredfield30, 76561199770341255)(<7334.545410, 81.730453, 12396.727539>) quick accessed a lock!
[22:03:37] Player (luizredfield30, 76561199770341255)(<7355.248535, 81.730453, 12388.920898>) quick accessed a lock!
[22:03:38] Player (luizredfield30, 76561199770341255)(<7355.454102, 81.730453, 12388.909180>) quick accessed a lock!
[22:03:39] Player (luizredfield30, 76561199770341255)(<7355.576172, 81.730453, 12388.914063>) quick accessed a lock!
[22:03:40] Player (luizredfield30, 76561199770341255)(<7355.812500, 81.730453, 12388.950195>) quick accessed a lock!
[22:06:27] Player (luizredfield30, 76561199770341255)(<7355.812500, 81.730453, 12388.950195>) quick accessed a lock!
[22:06:29] Player (luizredfield30, 76561199770341255)(<7355.576172, 81.730453, 12388.914063>) quick accessed a lock!
[22:06:31] Player (luizredfield30, 76561199770341255)(<7355.454102, 81.730453, 12388.909180>) quick accessed a lock!
[22:06:33] Player (luizredfield30, 76561199770341255)(<7355.248535, 81.730453, 12388.920898>) quick accessed a lock!
[22:11:20] Player (luizredfield30, 76561199770341255)(<7355.812500, 81.730453, 12388.950195>) quick accessed a lock!
[22:11:22] Player (luizredfield30, 76561199770341255)(<7355.576172, 81.730453, 12388.914063>) quick accessed a lock!
[22:11:24] Player (luizredfield30, 76561199770341255)(<7355.454102, 81.730453, 12388.909180>) quick accessed a lock!
[22:11:26] Player (luizredfield30, 76561199770341255)(<7355.248535, 81.730453, 12388.920898>) quick accessed a lock!
[22:11:35] Player (luizredfield30, 76561199770341255)(<7355.576172, 81.730453, 12388.914063>) quick accessed a lock!
[22:12:01] Player (luizredfield30, 76561199770341255)(<7334.545410, 81.730453, 12396.727539>) quick accessed a lock!
[22:12:02] Player (luizredfield30, 76561199770341255)(<7334.615234, 81.730453, 12396.931641>) quick accessed a lock!
[22:12:03] Player (luizredfield30, 76561199770341255)(<7334.590332, 81.730453, 12397.067383>) quick accessed a lock!
[22:14:09] Player (luizredfield30, 76561199770341255)(<7334.590332, 81.730453, 12397.067383>) quick accessed a lock!
[22:14:12] Player (luizredfield30, 76561199770341255)(<7334.615234, 81.730453, 12396.931641>) quick accessed a lock!
[22:14:14] Player (luizredfield30, 76561199770341255)(<7334.545410, 81.730453, 12396.727539>) quick accessed a lock!
[22:15:03] Player (luizredfield30, 76561199770341255)(<7355.248535, 81.730453, 12388.920898>) quick accessed a lock!
[22:15:04] Player (luizredfield30, 76561199770341255)(<7355.454102, 81.730453, 12388.909180>) quick accessed a lock!
[22:15:05] Player (luizredfield30, 76561199770341255)(<7355.576172, 81.730453, 12388.914063>) quick accessed a lock!
[22:15:06] Player (luizredfield30, 76561199770341255)(<7355.812500, 81.730453, 12388.950195>) quick accessed a lock!
[22:16:51] Player (luizredfield30, 76561199770341255)(<7355.812500, 81.730453, 12388.950195>) quick accessed a lock!
[22:16:54] Player (luizredfield30, 76561199770341255)(<7355.576172, 81.730453, 12388.914063>) quick accessed a lock!
[22:16:56] Player (luizredfield30, 76561199770341255)(<7355.454102, 81.730453, 12388.909180>) quick accessed a lock!
[22:16:58] Player (luizredfield30, 76561199770341255)(<7355.248535, 81.730453, 12388.920898>) quick accessed a lock!
[22:17:10] Player (luizredfield30, 76561199770341255)(<7355.576172, 81.730453, 12388.914063>) quick accessed a lock!
[22:17:22] Player (luizredfield30, 76561199770341255)(<7334.545410, 81.730453, 12396.727539>) quick accessed a lock!
[22:17:23] Player (luizredfield30, 76561199770341255)(<7334.615234, 81.730453, 12396.931641>) quick accessed a lock!
[22:17:24] Player (luizredfield30, 76561199770341255)(<7334.590332, 81.730453, 12397.067383>) quick accessed a lock!
[22:18:24] Player (luizredfield30, 76561199770341255)(<7334.590332, 81.730453, 12397.067383>) quick accessed a lock!
[22:18:36] Player (luizredfield30, 76561199770341255)(<7355.248535, 81.730453, 12388.920898>) quick accessed a lock!
[22:18:36] Player (luizredfield30, 76561199770341255)(<7355.454102, 81.730453, 12388.909180>) quick accessed a lock!
[22:18:38] Player (luizredfield30, 76561199770341255)(<7355.454102, 81.730453, 12388.909180>) quick accessed a lock!
[22:18:40] Player (luizredfield30, 76561199770341255)(<7355.454102, 81.730453, 12388.909180>) quick accessed a lock!
[22:18:42] Player (luizredfield30, 76561199770341255)(<7355.576172, 81.730453, 12388.914063>) quick accessed a lock!
[22:18:43] Player (luizredfield30, 76561199770341255)(<7355.812500, 81.730453, 12388.950195>) quick accessed a lock!
[22:22:00] Player (luizredfield30, 76561199770341255)(<7355.812500, 81.730453, 12388.950195>) quick accessed a lock!
[22:22:02] Player (luizredfield30, 76561199770341255)(<7355.576172, 81.730453, 12388.914063>) quick accessed a lock!
[22:22:04] Player (luizredfield30, 76561199770341255)(<7355.454102, 81.730453, 12388.909180>) quick accessed a lock!
[22:22:06] Player (luizredfield30, 76561199770341255)(<7355.248535, 81.730453, 12388.920898>) quick accessed a lock!
[22:22:31] Player (luizredfield30, 76561199770341255)(<7334.545410, 81.730453, 12396.727539>) quick accessed a lock!
[22:22:32] Player (luizredfield30, 76561199770341255)(<7334.615234, 81.730453, 12396.931641>) quick accessed a lock!
[22:22:33] Player (luizredfield30, 76561199770341255)(<7334.590332, 81.730453, 12397.067383>) quick accessed a lock!
[22:24:04] Player (luizredfield30, 76561199770341255)(<7334.590332, 81.730453, 12397.067383>) quick accessed a lock!
[22:24:06] Player (luizredfield30, 76561199770341255)(<7334.615234, 81.730453, 12396.931641>) quick accessed a lock!
[22:24:08] Player (luizredfield30, 76561199770341255)(<7334.545410, 81.730453, 12396.727539>) quick accessed a lock!
[22:24:14] Player (luizredfield30, 76561199770341255)(<7334.545410, 81.730453, 12396.727539>) quick accessed a lock!
[22:24:24] Player (luizredfield30, 76561199770341255)(<7334.545410, 81.730453, 12396.727539>) quick accessed a lock!
[22:24:36] Player (luizredfield30, 76561199770341255)(<7355.248535, 81.730453, 12388.920898>) quick accessed a lock!
[22:24:37] Player (luizredfield30, 76561199770341255)(<7355.454102, 81.730453, 12388.909180>) quick accessed a lock!
[22:24:39] Player (luizredfield30, 76561199770341255)(<7355.576172, 81.730453, 12388.914063>) quick accessed a lock!
[22:24:40] Player (luizredfield30, 76561199770341255)(<7355.812500, 81.730453, 12388.950195>) quick accessed a lock!
[22:25:27] Player (luizredfield30, 76561199770341255)(<7355.812500, 81.730453, 12388.950195>) quick accessed a lock!
[22:25:31] Player (luizredfield30, 76561199770341255)(<7355.576172, 81.730453, 12388.914063>) quick accessed a lock!
[22:25:33] Player (luizredfield30, 76561199770341255)(<7355.454102, 81.730453, 12388.909180>) quick accessed a lock!
[22:25:35] Player (luizredfield30, 76561199770341255)(<7355.248535, 81.730453, 12388.920898>) quick accessed a lock!
[22:27:51] Player (luizredfield30, 76561199770341255)(<7355.812500, 81.730453, 12388.950195>) quick accessed a lock!
[22:27:54] Player (luizredfield30, 76561199770341255)(<7355.576172, 81.730453, 12388.914063>) quick accessed a lock!
[22:27:56] Player (luizredfield30, 76561199770341255)(<7355.454102, 81.730453, 12388.909180>) quick accessed a lock!
[22:27:58] Player (luizredfield30, 76561199770341255)(<7355.248535, 81.730453, 12388.920898>) quick accessed a lock!
[22:28:02] Player (luizredfield30, 76561199770341255)(<7355.248535, 81.730453, 12388.920898>) quick accessed a lock!
[22:28:22] Player (luizredfield30, 76561199770341255)(<7334.545410, 81.730453, 12396.727539>) quick accessed a lock!
[22:28:23] Player (luizredfield30, 76561199770341255)(<7334.615234, 81.730453, 12396.931641>) quick accessed a lock!
[22:28:24] Player (luizredfield30, 76561199770341255)(<7334.590332, 81.730453, 12397.067383>) quick accessed a lock!
[22:30:27] Player (Shazbot, 76561198047887191)(<12474.789063, 10.632333, 2383.812988>) set a new passcode on lock!
[22:30:27] Player (Shazbot, 76561198047887191)(<12474.789063, 10.632333, 2383.812988>) claimed ownership of a lock!
[22:30:30] Player (Shazbot, 76561198047887191)(<12474.789063, 10.632333, 2383.812988>) quick accessed a lock!
[22:30:55] Player (jstone113, 76561199013854003)(<12474.789063, 10.632333, 2383.812988>) accessed a lock!
[22:30:55] Player (jstone113, 76561199013854003)(<12474.789063, 10.632333, 2383.812988>) was added as a guest of a lock!
[22:31:24] Player (jstone113, 76561199013854003)(<12474.789063, 10.632333, 2383.812988>) quick accessed a lock!
[22:31:54] Player (jstone113, 76561199013854003)(<12474.789063, 10.632333, 2383.812988>) quick accessed a lock!
[22:32:25] Player (jstone113, 76561199013854003)(<12474.789063, 10.632333, 2383.812988>) quick accessed a lock!
[22:32:34] Player (Shazbot, 76561198047887191)(<12474.789063, 10.632333, 2383.812988>) quick accessed a lock!
[22:32:40] Player (Shazbot, 76561198047887191)(<12474.789063, 10.632333, 2383.812988>) quick accessed a lock!
[22:34:42] Player (luizredfield30, 76561199770341255)(<7334.590332, 81.730453, 12397.067383>) quick accessed a lock!
[22:34:58] Player (luizredfield30, 76561199770341255)(<7334.590332, 81.730453, 12397.067383>) quick accessed a lock!
[22:35:49] Player (luizredfield30, 76561199770341255)(<7355.248535, 81.730453, 12388.920898>) quick accessed a lock!
[22:35:50] Player (luizredfield30, 76561199770341255)(<7355.454102, 81.730453, 12388.909180>) quick accessed a lock!
[22:35:51] Player (luizredfield30, 76561199770341255)(<7355.576172, 81.730453, 12388.914063>) quick accessed a lock!
[22:35:53] Player (luizredfield30, 76561199770341255)(<7355.812500, 81.730453, 12388.950195>) quick accessed a lock!
[22:39:11] Player (Shazbot, 76561198047887191)(<12474.789063, 10.632333, 2383.812988>) quick accessed a lock!
[22:40:19] Player (luizredfield30, 76561199770341255)(<7334.590332, 81.730453, 12397.067383>) quick accessed a lock!
[22:40:21] Player (luizredfield30, 76561199770341255)(<7334.615234, 81.730453, 12396.931641>) quick accessed a lock!
[22:40:23] Player (luizredfield30, 76561199770341255)(<7334.545410, 81.730453, 12396.727539>) quick accessed a lock!
[22:41:16] Player ((DDAB) Tsar James, 76561198032650597)(<12474.789063, 10.632333, 2383.812988>) accessed a lock!
[22:41:16] Player ((DDAB) Tsar James, 76561198032650597)(<12474.789063, 10.632333, 2383.812988>) was added as a guest of a lock!
[22:43:19] Player (luizredfield30, 76561199770341255)(<7355.812500, 81.730453, 12388.950195>) quick accessed a lock!
[22:43:22] Player (luizredfield30, 76561199770341255)(<7355.576172, 81.730453, 12388.914063>) quick accessed a lock!
[22:43:24] Player (luizredfield30, 76561199770341255)(<7355.454102, 81.730453, 12388.909180>) quick accessed a lock!
[22:43:27] Player (luizredfield30, 76561199770341255)(<7355.248535, 81.730453, 12388.920898>) quick accessed a lock!
[22:44:07] Player (luizredfield30, 76561199770341255)(<7334.545410, 81.730453, 12396.727539>) quick accessed a lock!
[22:44:08] Player (luizredfield30, 76561199770341255)(<7334.615234, 81.730453, 12396.931641>) quick accessed a lock!
[22:44:10] Player (luizredfield30, 76561199770341255)(<7334.590332, 81.730453, 12397.067383>) quick accessed a lock!
[22:45:20] Player (Shazbot, 76561198047887191)(<12474.789063, 10.632333, 2383.812988>) quick accessed a lock!
[22:47:49] Player ((DDAB) Tsar James, 76561198032650597)(<12474.789063, 10.632333, 2383.812988>) quick accessed a lock!
[22:49:10] Player (luizredfield30, 76561199770341255)(<7334.590332, 81.730453, 12397.067383>) quick accessed a lock!
[22:49:12] Player (luizredfield30, 76561199770341255)(<7334.615234, 81.730453, 12396.931641>) quick accessed a lock!
[22:49:14] Player (luizredfield30, 76561199770341255)(<7334.545410, 81.730453, 12396.727539>) quick accessed a lock!
[22:49:56] Player (luizredfield30, 76561199770341255)(<7355.248535, 81.730453, 12388.920898>) quick accessed a lock!
[22:49:57] Player (luizredfield30, 76561199770341255)(<7355.454102, 81.730453, 12388.909180>) quick accessed a lock!
[22:49:59] Player (luizredfield30, 76561199770341255)(<7355.576172, 81.730453, 12388.914063>) quick accessed a lock!
[22:50:00] Player (luizredfield30, 76561199770341255)(<7355.812500, 81.730453, 12388.950195>) quick accessed a lock!
[22:53:19] Player (luizredfield30, 76561199770341255)(<7355.812500, 81.730453, 12388.950195>) quick accessed a lock!
[22:53:20] Player (luizredfield30, 76561199770341255)(<7355.576172, 81.730453, 12388.914063>) quick accessed a lock!
[22:53:22] Player (luizredfield30, 76561199770341255)(<7355.454102, 81.730453, 12388.909180>) quick accessed a lock!
[22:53:24] Player (luizredfield30, 76561199770341255)(<7355.248535, 81.730453, 12388.920898>) quick accessed a lock!
[22:59:13] Player (jstone113, 76561199013854003)(<12474.789063, 10.632333, 2383.812988>) quick accessed a lock!
[23:02:11] Player (Shazbot, 76561198047887191)(<12474.789063, 10.632333, 2383.812988>) quick accessed a lock!
[23:02:37] Player (luizredfield30, 76561199770341255)(<7355.812500, 81.730453, 12388.950195>) quick accessed a lock!
[23:02:39] Player (luizredfield30, 76561199770341255)(<7355.576172, 81.730453, 12388.914063>) quick accessed a lock!
[23:02:41] Player (luizredfield30, 76561199770341255)(<7355.454102, 81.730453, 12388.909180>) quick accessed a lock!
[23:02:43] Player (luizredfield30, 76561199770341255)(<7355.248535, 81.730453, 12388.920898>) quick accessed a lock!
[23:02:49] Player ((DDAB) Tsar James, 76561198032650597)(<12474.789063, 10.632333, 2383.812988>) quick accessed a lock!
[23:03:47] Player ((DDAB) Tsar James, 76561198032650597)(<12474.789063, 10.632333, 2383.812988>) quick accessed a lock!
[23:04:02] Player ((DDAB) Tsar James, 76561198032650597)(<12474.789063, 10.632333, 2383.812988>) quick accessed a lock!
[23:04:54] Player ((DDAB) Tsar James, 76561198032650597)(<12474.789063, 10.632333, 2383.812988>) quick accessed a lock!
[23:15:35] Player (Shazbot, 76561198047887191)(<12474.789063, 10.632333, 2383.812988>) quick accessed a lock!
[23:16:57] Player (Shazbot, 76561198047887191)(<12474.789063, 10.632333, 2383.812988>) quick accessed a lock!
[23:17:28] Player ((DDAB) Tsar James, 76561198032650597)(<12474.789063, 10.632333, 2383.812988>) quick accessed a lock!
[23:19:02] Player ((DDAB) Tsar James, 76561198032650597)(<12474.789063, 10.632333, 2383.812988>) quick accessed a lock!
[23:20:44] Player ((DDAB) Tsar James, 76561198032650597)(<12474.789063, 10.632333, 2383.812988>) quick accessed a lock!
[23:23:05] Player (Shazbot, 76561198047887191)(<12474.789063, 10.632333, 2383.812988>) quick accessed a lock!
