[12-07-2024][00.00.23] New Access Log File Created!
[01:46:26] Player (Bubbawest, 76561198037988310)(<11127.880859, 106.702026, 9501.662109>) quick accessed a lock!
[01:47:55] Player (KRage, 76561198011791367)(<11127.880859, 106.702026, 9501.662109>) quick accessed a lock!
[12-07-2024][05.00.22] Log file reloaded ( Server Restart )
[07:35:14] Player (Luiz, 76561198008639541)(<9318.663086, 54.329174, 13091.610352>) quick accessed a lock!
[07:35:48] Player (Luiz, 76561198008639541)(<9318.663086, 54.329174, 13091.610352>) quick accessed a lock!
[12-07-2024][09.00.22] Log file reloaded ( Server Restart )
[09:27:40] Player (Luiz, 76561198008639541)(<9318.663086, 54.329174, 13091.610352>) quick accessed a lock!
[09:27:54] Player (Luiz, 76561198008639541)(<9317.154297, 54.329174, 13091.982422>) quick accessed a lock!
[09:27:56] Player (Luiz, 76561198008639541)(<9316.858398, 54.329174, 13092.093750>) quick accessed a lock!
[09:36:18] Player (Luiz, 76561198008639541)(<9316.858398, 54.329174, 13092.093750>) quick accessed a lock!
[09:36:26] Player (Luiz, 76561198008639541)(<9318.663086, 54.329174, 13091.610352>) quick accessed a lock!
[09:36:46] Player (Luiz, 76561198008639541)(<9318.663086, 54.329174, 13091.610352>) quick accessed a lock!
[09:36:55] Player (Luiz, 76561198008639541)(<9317.154297, 54.329174, 13091.982422>) quick accessed a lock!
[09:36:58] Player (Luiz, 76561198008639541)(<9317.154297, 54.329174, 13091.982422>) quick accessed a lock!
[09:37:00] Player (Luiz, 76561198008639541)(<9316.858398, 54.329174, 13092.093750>) quick accessed a lock!
[09:37:22] Player (Luiz, 76561198008639541)(<9316.858398, 54.329174, 13092.093750>) quick accessed a lock!
[09:37:24] Player (Luiz, 76561198008639541)(<9317.154297, 54.329174, 13091.982422>) quick accessed a lock!
[09:42:05] Player (Luiz, 76561198008639541)(<9317.154297, 54.329174, 13091.982422>) quick accessed a lock!
[09:42:06] Player (Luiz, 76561198008639541)(<9316.858398, 54.329174, 13092.093750>) quick accessed a lock!
[09:47:17] Player (Luiz, 76561198008639541)(<9316.858398, 54.329174, 13092.093750>) quick accessed a lock!
[09:47:19] Player (Luiz, 76561198008639541)(<9317.154297, 54.329174, 13091.982422>) quick accessed a lock!
[09:47:26] Player (Luiz, 76561198008639541)(<9318.663086, 54.329174, 13091.610352>) quick accessed a lock!
[09:47:38] Player ([GDF] BAL4COBACO, 76561198296387027)(<9316.858398, 54.329174, 13092.093750>) accessed a lock!
[09:47:38] Player ([GDF] BAL4COBACO, 76561198296387027)(<9316.858398, 54.329174, 13092.093750>) was added as a guest of a lock!
[09:47:40] Player ([GDF] BAL4COBACO, 76561198296387027)(<9318.663086, 54.329174, 13091.610352>) quick accessed a lock!
[09:49:30] Player (Luiz, 76561198008639541)(<9318.663086, 54.329174, 13091.610352>) quick accessed a lock!
[09:49:32] Player (Luiz, 76561198008639541)(<9317.154297, 54.329174, 13091.982422>) quick accessed a lock!
[09:49:36] Player (Luiz, 76561198008639541)(<9317.154297, 54.329174, 13091.982422>) quick accessed a lock!
[09:49:38] Player (Luiz, 76561198008639541)(<9316.858398, 54.329174, 13092.093750>) quick accessed a lock!
[09:51:29] Player (Luiz, 76561198008639541)(<9317.154297, 54.329174, 13091.982422>) quick accessed a lock!
[09:53:00] Player (Luiz, 76561198008639541)(<9318.663086, 54.329174, 13091.610352>) quick accessed a lock!
[09:53:06] Player (Luiz, 76561198008639541)(<9317.154297, 54.329174, 13091.982422>) quick accessed a lock!
[09:53:09] Player (Luiz, 76561198008639541)(<9317.154297, 54.329174, 13091.982422>) quick accessed a lock!
[09:53:12] Player (Luiz, 76561198008639541)(<9316.858398, 54.329174, 13092.093750>) quick accessed a lock!
[09:53:13] Player (Luiz, 76561198008639541)(<9317.154297, 54.329174, 13091.982422>) quick accessed a lock!
[09:53:52] Player (Luiz, 76561198008639541)(<9318.663086, 54.329174, 13091.610352>) quick accessed a lock!
[10:56:44] Player (Luiz, 76561198008639541)(<9318.663086, 54.329174, 13091.610352>) quick accessed a lock!
[10:56:46] Player (Luiz, 76561198008639541)(<9317.154297, 54.329174, 13091.982422>) quick accessed a lock!
[10:56:49] Player (Luiz, 76561198008639541)(<9316.858398, 54.329174, 13092.093750>) quick accessed a lock!
[10:58:15] Player ([GDF] BAL4COBACO, 76561198296387027)(<9316.858398, 54.329174, 13092.093750>) quick accessed a lock!
[10:58:52] Player ([GDF] BAL4COBACO, 76561198296387027)(<9316.858398, 54.329174, 13092.093750>) quick accessed a lock!
[10:59:19] Player ([GDF] BAL4COBACO, 76561198296387027)(<9316.858398, 54.329174, 13092.093750>) quick accessed a lock!
[10:59:45] Player ([GDF] BAL4COBACO, 76561198296387027)(<9316.858398, 54.329174, 13092.093750>) quick accessed a lock!
[11:00:02] Player ([GDF] BAL4COBACO, 76561198296387027)(<9316.858398, 54.329174, 13092.093750>) quick accessed a lock!
[11:00:09] Player ([GDF] BAL4COBACO, 76561198296387027)(<9316.858398, 54.329174, 13092.093750>) quick accessed a lock!
[11:00:53] Player ([GDF] BAL4COBACO, 76561198296387027)(<9316.858398, 54.329174, 13092.093750>) quick accessed a lock!
[11:51:11] Player (Luiz, 76561198008639541)(<7355.812500, 81.730453, 12388.950195>) set a new passcode on lock!
[11:51:11] Player (Luiz, 76561198008639541)(<7355.812500, 81.730453, 12388.950195>) claimed ownership of a lock!
[11:51:18] Player ([GDF] BAL4COBACO, 76561198296387027)(<7355.812500, 81.730453, 12388.950195>) accessed a lock!
[11:51:18] Player ([GDF] BAL4COBACO, 76561198296387027)(<7355.812500, 81.730453, 12388.950195>) was added as a guest of a lock!
[11:52:20] Player (Luiz, 76561198008639541)(<7355.947266, 84.361282, 12388.909180>) set a new passcode on lock!
[11:52:20] Player (Luiz, 76561198008639541)(<7355.947266, 84.361282, 12388.909180>) claimed ownership of a lock!
[11:52:27] Player ([GDF] BAL4COBACO, 76561198296387027)(<7355.947266, 84.361282, 12388.909180>) accessed a lock!
[11:52:27] Player ([GDF] BAL4COBACO, 76561198296387027)(<7355.947266, 84.361282, 12388.909180>) was added as a guest of a lock!
[11:53:26] Player ([GDF] BAL4COBACO, 76561198296387027)(<7355.812500, 81.730453, 12388.950195>) quick accessed a lock!
[11:55:30] Player (Luiz, 76561198008639541)(<7355.812500, 81.730453, 12388.950195>) quick accessed a lock!
[11:57:12] Player ([GDF] BAL4COBACO, 76561198296387027)(<7355.812500, 81.730453, 12388.950195>) quick accessed a lock!
[12:04:28] Player ([GDF] BAL4COBACO, 76561198296387027)(<9666.972656, 10.980086, 13563.481445>) accessed a lock!
[12:04:28] Player ([GDF] BAL4COBACO, 76561198296387027)(<9666.972656, 10.980086, 13563.481445>) was added as a guest of a lock!
[12:04:31] Player (Luiz, 76561198008639541)(<9668.629883, 10.955507, 13562.585938>) quick accessed a lock!
[12:05:07] Player (Luiz, 76561198008639541)(<9668.629883, 10.955507, 13562.585938>) removed a lock!
[12:06:27] Player (Luiz, 76561198008639541)(<9666.972656, 10.980086, 13563.481445>) quick accessed a lock!
[12:06:47] Player (Luiz, 76561198008639541)(<9666.972656, 10.980086, 13563.481445>) quick accessed a lock!
[12:07:16] Player (Luiz, 76561198008639541)(<9666.972656, 10.980086, 13563.481445>) removed a lock!
[12:17:02] Player (Luiz, 76561198008639541)(<9318.663086, 54.329174, 13091.610352>) quick accessed a lock!
[12:17:23] Player (Luiz, 76561198008639541)(<9317.154297, 54.329174, 13091.982422>) quick accessed a lock!
[12:17:26] Player (Luiz, 76561198008639541)(<9316.858398, 54.329174, 13092.093750>) quick accessed a lock!
[12:19:33] Player (Luiz, 76561198008639541)(<9316.858398, 54.329174, 13092.093750>) quick accessed a lock!
[12:23:28] Player (Luiz, 76561198008639541)(<9318.663086, 54.329174, 13091.610352>) quick accessed a lock!
[12:24:16] Player (Luiz, 76561198008639541)(<9317.154297, 54.329174, 13091.982422>) quick accessed a lock!
[12:36:41] Player (Luiz, 76561198008639541)(<9316.858398, 54.329174, 13092.093750>) quick accessed a lock!
[12:43:19] Player ([GDF] BAL4COBACO, 76561198296387027)(<7355.812500, 81.730453, 12388.950195>) quick accessed a lock!
[12:44:21] Player ([GDF] BAL4COBACO, 76561198296387027)(<7355.812500, 81.730453, 12388.950195>) quick accessed a lock!
[12:50:24] Player (Luiz, 76561198008639541)(<7355.812500, 81.730453, 12388.950195>) quick accessed a lock!
[12:57:38] Player (Luiz, 76561198008639541)(<9318.663086, 54.329174, 13091.610352>) quick accessed a lock!
[12:57:40] Player (Luiz, 76561198008639541)(<9317.154297, 54.329174, 13091.982422>) quick accessed a lock!
[12:57:42] Player (Luiz, 76561198008639541)(<9316.858398, 54.329174, 13092.093750>) quick accessed a lock!
[12-07-2024][13.00.24] Log file reloaded ( Server Restart )
[13:01:08] Player ([GDF] BAL4COBACO, 76561198296387027)(<7355.812500, 81.730453, 12388.950195>) quick accessed a lock!
[13:01:33] Player (Luiz, 76561198008639541)(<9316.858398, 54.329174, 13092.093750>) quick accessed a lock!
[13:01:34] Player (Luiz, 76561198008639541)(<9317.154297, 54.329174, 13091.982422>) quick accessed a lock!
[13:04:41] Player (Luiz, 76561198008639541)(<9317.154297, 54.329174, 13091.982422>) quick accessed a lock!
[13:05:01] Player (Luiz, 76561198008639541)(<9318.663086, 54.329174, 13091.610352>) quick accessed a lock!
[13:05:05] Player (Luiz, 76561198008639541)(<9317.154297, 54.329174, 13091.982422>) quick accessed a lock!
[13:05:06] Player (Luiz, 76561198008639541)(<9316.858398, 54.329174, 13092.093750>) quick accessed a lock!
[13:07:10] Player (Luiz, 76561198008639541)(<9318.663086, 54.329174, 13091.610352>) quick accessed a lock!
[13:15:57] Player (Luiz, 76561198008639541)(<7355.812500, 81.730453, 12388.950195>) quick accessed a lock!
[13:19:37] Player (Luiz, 76561198008639541)(<7355.812500, 81.730453, 12388.950195>) quick accessed a lock!
[13:20:58] Player ([GDF] BAL4COBACO, 76561198296387027)(<9318.663086, 54.329174, 13091.610352>) quick accessed a lock!
[13:21:08] Player ([GDF] BAL4COBACO, 76561198296387027)(<9317.154297, 54.329174, 13091.982422>) quick accessed a lock!
[13:21:10] Player ([GDF] BAL4COBACO, 76561198296387027)(<9318.663086, 54.329174, 13091.610352>) quick accessed a lock!
[13:21:28] Player ([GDF] BAL4COBACO, 76561198296387027)(<9316.858398, 54.329174, 13092.093750>) quick accessed a lock!
[13:25:21] Player ([GDF] BAL4COBACO, 76561198296387027)(<9318.663086, 54.329174, 13091.610352>) quick accessed a lock!
[13:27:39] Player ([GDF] BAL4COBACO, 76561198296387027)(<9316.858398, 54.329174, 13092.093750>) quick accessed a lock!
[13:30:31] Player (Luiz, 76561198008639541)(<9316.858398, 54.329174, 13092.093750>) quick accessed a lock!
[13:38:22] Player ([GDF] BAL4COBACO, 76561198296387027)(<7355.812500, 81.730453, 12388.950195>) quick accessed a lock!
[13:40:51] Player ([GDF] BAL4COBACO, 76561198296387027)(<7355.812500, 81.730453, 12388.950195>) quick accessed a lock!
[13:47:41] Player ([GDF] BAL4COBACO, 76561198296387027)(<7355.812500, 81.730453, 12388.950195>) quick accessed a lock!
[13:47:59] Player (Luiz, 76561198008639541)(<7355.812500, 81.730453, 12388.950195>) quick accessed a lock!
[13:48:25] Player ([GDF] BAL4COBACO, 76561198296387027)(<7355.812500, 81.730453, 12388.950195>) quick accessed a lock!
[13:48:32] Player ([GDF] BAL4COBACO, 76561198296387027)(<7355.812500, 81.730453, 12388.950195>) quick accessed a lock!
[13:48:41] Player (Luiz, 76561198008639541)(<7355.812500, 81.730453, 12388.950195>) quick accessed a lock!
[13:53:55] Player ([GDF] BAL4COBACO, 76561198296387027)(<7355.812500, 81.730453, 12388.950195>) quick accessed a lock!
[13:54:49] Player ([GDF] BAL4COBACO, 76561198296387027)(<7355.812500, 81.730453, 12388.950195>) quick accessed a lock!
[13:56:00] Player ([GDF] BAL4COBACO, 76561198296387027)(<7355.812500, 81.730453, 12388.950195>) quick accessed a lock!
[13:56:34] Player ([GDF] BAL4COBACO, 76561198296387027)(<7355.812500, 81.730453, 12388.950195>) quick accessed a lock!
[13:57:19] Player (Luiz, 76561198008639541)(<7355.812500, 81.730453, 12388.950195>) quick accessed a lock!
[13:57:38] Player (Luiz, 76561198008639541)(<7355.812500, 81.730453, 12388.950195>) quick accessed a lock!
[14:01:05] Player ([GDF] BAL4COBACO, 76561198296387027)(<7355.812500, 81.730453, 12388.950195>) quick accessed a lock!
[14:10:31] Player (Luiz, 76561198008639541)(<7355.576172, 81.730453, 12388.914063>) set a new passcode on lock!
[14:10:31] Player (Luiz, 76561198008639541)(<7355.576172, 81.730453, 12388.914063>) claimed ownership of a lock!
[14:12:17] Player (Luiz, 76561198008639541)(<7355.576172, 81.730453, 12388.914063>) quick accessed a lock!
[14:12:18] Player (Luiz, 76561198008639541)(<7355.812500, 81.730453, 12388.950195>) quick accessed a lock!
[15:15:43] Player (KRage, 76561198011791367)(<11127.880859, 106.702026, 9501.662109>) quick accessed a lock!
[12-07-2024][17.00.25] Log file reloaded ( Server Restart )
[17:39:51] Player (Luiz, 76561198008639541)(<7355.812500, 81.730453, 12388.950195>) quick accessed a lock!
[17:39:54] Player (Luiz, 76561198008639541)(<7355.576172, 81.730453, 12388.914063>) quick accessed a lock!
[17:41:33] Player (Luiz, 76561198008639541)(<7355.576172, 81.730453, 12388.914063>) quick accessed a lock!
[17:41:34] Player (Luiz, 76561198008639541)(<7355.812500, 81.730453, 12388.950195>) quick accessed a lock!
[17:49:15] Player (Luiz, 76561198008639541)(<9318.663086, 54.329174, 13091.610352>) quick accessed a lock!
[17:49:17] Player (Luiz, 76561198008639541)(<9317.154297, 54.329174, 13091.982422>) quick accessed a lock!
[17:49:18] Player (Luiz, 76561198008639541)(<9316.858398, 54.329174, 13092.093750>) quick accessed a lock!
[17:51:27] Player (Luiz, 76561198008639541)(<9318.663086, 54.329174, 13091.610352>) quick accessed a lock!
[17:51:31] Player (Luiz, 76561198008639541)(<9318.663086, 54.329174, 13091.610352>) quick accessed a lock!
[17:52:01] Player (Luiz, 76561198008639541)(<9318.663086, 54.329174, 13091.610352>) quick accessed a lock!
[17:53:04] Player (Luiz, 76561198008639541)(<9317.154297, 54.329174, 13091.982422>) quick accessed a lock!
[17:53:05] Player (Luiz, 76561198008639541)(<9316.858398, 54.329174, 13092.093750>) quick accessed a lock!
[17:59:39] Player (Luiz, 76561198008639541)(<9318.663086, 54.329174, 13091.610352>) quick accessed a lock!
[18:29:20] Player (Luiz, 76561198008639541)(<9318.663086, 54.329174, 13091.610352>) quick accessed a lock!
[18:29:25] Player (Luiz, 76561198008639541)(<9317.154297, 54.329174, 13091.982422>) quick accessed a lock!
[18:29:30] Player (Luiz, 76561198008639541)(<9317.154297, 54.329174, 13091.982422>) quick accessed a lock!
[18:29:32] Player (Luiz, 76561198008639541)(<9316.858398, 54.329174, 13092.093750>) quick accessed a lock!
[18:31:26] Player (Luiz, 76561198008639541)(<9318.663086, 54.329174, 13091.610352>) quick accessed a lock!
[18:43:50] Player (Luiz, 76561198008639541)(<9318.663086, 54.329174, 13091.610352>) quick accessed a lock!
[18:43:52] Player (Luiz, 76561198008639541)(<9317.154297, 54.329174, 13091.982422>) quick accessed a lock!
[18:43:53] Player (Luiz, 76561198008639541)(<9316.858398, 54.329174, 13092.093750>) quick accessed a lock!
[18:44:25] Player (Luiz, 76561198008639541)(<9318.663086, 54.329174, 13091.610352>) quick accessed a lock!
[18:44:29] Player (Luiz, 76561198008639541)(<9317.154297, 54.329174, 13091.982422>) quick accessed a lock!
[18:44:33] Player (Luiz, 76561198008639541)(<9317.154297, 54.329174, 13091.982422>) quick accessed a lock!
[18:44:34] Player (Luiz, 76561198008639541)(<9316.858398, 54.329174, 13092.093750>) quick accessed a lock!
[18:44:38] Player (Luiz, 76561198008639541)(<9318.663086, 54.329174, 13091.610352>) quick accessed a lock!
[18:44:49] Player (Luiz, 76561198008639541)(<9318.663086, 54.329174, 13091.610352>) quick accessed a lock!
[18:45:15] Player (Luiz, 76561198008639541)(<9316.858398, 54.329174, 13092.093750>) quick accessed a lock!
[18:53:39] Player (Luiz, 76561198008639541)(<9316.858398, 54.329174, 13092.093750>) quick accessed a lock!
[18:53:41] Player (Luiz, 76561198008639541)(<9317.154297, 54.329174, 13091.982422>) quick accessed a lock!
[18:53:51] Player (Luiz, 76561198008639541)(<9318.663086, 54.329174, 13091.610352>) quick accessed a lock!
[18:54:25] Player (Luiz, 76561198008639541)(<9317.154297, 54.329174, 13091.982422>) quick accessed a lock!
[18:54:26] Player (Luiz, 76561198008639541)(<9316.858398, 54.329174, 13092.093750>) quick accessed a lock!
[18:57:28] Player (Luiz, 76561198008639541)(<9316.858398, 54.329174, 13092.093750>) quick accessed a lock!
[19:02:47] Player (Luiz, 76561199770341255)(<9316.858398, 54.329174, 13092.093750>) accessed a lock!
[19:02:47] Player (Luiz, 76561199770341255)(<9316.858398, 54.329174, 13092.093750>) was added as a guest of a lock!
[19:13:25] Player (Luiz, 76561199770341255)(<9316.858398, 54.329174, 13092.093750>) quick accessed a lock!
[19:13:26] Player (Luiz, 76561199770341255)(<9317.154297, 54.329174, 13091.982422>) quick accessed a lock!
[19:13:27] Player (Luiz, 76561199770341255)(<9318.663086, 54.329174, 13091.610352>) quick accessed a lock!
[19:21:42] Player (Luiz, 76561199770341255)(<7355.812500, 81.730453, 12388.950195>) accessed a lock!
[19:21:42] Player (Luiz, 76561199770341255)(<7355.812500, 81.730453, 12388.950195>) was added as a guest of a lock!
[19:21:53] Player (Luiz, 76561199770341255)(<7355.576172, 81.730453, 12388.914063>) accessed a lock!
[19:21:53] Player (Luiz, 76561199770341255)(<7355.576172, 81.730453, 12388.914063>) was added as a guest of a lock!
[19:22:31] Player (Luiz, 76561199770341255)(<7355.947266, 84.361282, 12388.909180>) accessed a lock!
[19:22:31] Player (Luiz, 76561199770341255)(<7355.947266, 84.361282, 12388.909180>) was added as a guest of a lock!
[19:38:31] Player (Luiz, 76561199770341255)(<7355.576172, 81.730453, 12388.914063>) quick accessed a lock!
[19:38:32] Player (Luiz, 76561199770341255)(<7355.812500, 81.730453, 12388.950195>) quick accessed a lock!
[19:43:59] Player (Luiz, 76561199770341255)(<7355.812500, 81.730453, 12388.950195>) quick accessed a lock!
[19:44:02] Player (Luiz, 76561199770341255)(<7355.576172, 81.730453, 12388.914063>) quick accessed a lock!
[19:46:51] Player (Luiz, 76561199770341255)(<7355.576172, 81.730453, 12388.914063>) quick accessed a lock!
[19:50:33] Player (Luiz, 76561199770341255)(<7355.812500, 81.730453, 12388.950195>) quick accessed a lock!
[19:50:36] Player (Luiz, 76561199770341255)(<7355.576172, 81.730453, 12388.914063>) quick accessed a lock!
[19:53:26] Player (Luiz, 76561199770341255)(<7355.576172, 81.730453, 12388.914063>) quick accessed a lock!
[19:53:27] Player (Luiz, 76561199770341255)(<7355.812500, 81.730453, 12388.950195>) quick accessed a lock!
[19:55:59] Player (Luiz, 76561199770341255)(<7355.812500, 81.730453, 12388.950195>) quick accessed a lock!
[19:56:01] Player (Luiz, 76561199770341255)(<7355.576172, 81.730453, 12388.914063>) quick accessed a lock!
[19:56:07] Player (Luiz, 76561199770341255)(<7355.812500, 81.730453, 12388.950195>) quick accessed a lock!
[20:05:18] Player (Luiz, 76561199770341255)(<7355.576172, 81.730453, 12388.914063>) quick accessed a lock!
[20:05:58] Player (Luiz, 76561199770341255)(<7355.812500, 81.730453, 12388.950195>) quick accessed a lock!
[20:06:08] Player (Luiz, 76561199770341255)(<7355.812500, 81.730453, 12388.950195>) quick accessed a lock!
[20:06:11] Player (Luiz, 76561199770341255)(<7355.576172, 81.730453, 12388.914063>) quick accessed a lock!
[20:06:20] Player (Luiz, 76561199770341255)(<7355.812500, 81.730453, 12388.950195>) quick accessed a lock!
[20:06:29] Player (Luiz, 76561199770341255)(<7355.812500, 81.730453, 12388.950195>) quick accessed a lock!
[20:06:49] Player (Luiz, 76561199770341255)(<7355.576172, 81.730453, 12388.914063>) quick accessed a lock!
[12-07-2024][21.00.22] Log file reloaded ( Server Restart )
[22:09:29] Player (CONTROL, 76561197967168101)(<6042.112793, 34.846451, 10435.593750>) quick accessed a lock!
[22:12:25] Player (CONTROL, 76561197967168101)(<6042.112793, 34.846451, 10435.593750>) quick accessed a lock!
[22:12:30] Player (CONTROL, 76561197967168101)(<6044.596680, 34.846451, 10431.335938>) quick accessed a lock!
[22:13:12] Player (CONTROL, 76561197967168101)(<6044.596680, 34.846451, 10431.335938>) quick accessed a lock!
[22:51:39] Player (KRage, 76561198011791367)(<11127.880859, 106.702026, 9501.662109>) quick accessed a lock!
[23:01:09] Player (KRage, 76561198011791367)(<11127.880859, 106.702026, 9501.662109>) quick accessed a lock!
[23:02:47] Player (KRage, 76561198011791367)(<11127.880859, 106.702026, 9501.662109>) quick accessed a lock!
[23:13:25] Player (KRage, 76561198011791367)(<11127.880859, 106.702026, 9501.662109>) quick accessed a lock!
[23:14:59] Player (KRage, 76561198011791367)(<11127.880859, 106.702026, 9501.662109>) quick accessed a lock!
[23:26:11] Player (KRage, 76561198011791367)(<11127.880859, 106.702026, 9501.662109>) quick accessed a lock!
[23:28:23] Player (Siets, 76561197968205278)(<11127.880859, 106.702026, 9501.662109>) accessed a lock!
[23:28:23] Player (Siets, 76561197968205278)(<11127.880859, 106.702026, 9501.662109>) was added as a guest of a lock!
[23:34:11] Player (Daryl Dixon, 76561199573099150)(<8909.085938, 15.889824, 1105.763916>) set a new passcode on lock!
[23:34:11] Player (Daryl Dixon, 76561199573099150)(<8909.085938, 15.889824, 1105.763916>) claimed ownership of a lock!
[23:34:17] Player (Daryl Dixon, 76561199573099150)(<8909.085938, 15.889824, 1105.763916>) quick accessed a lock!
