[12-04-2024][00.00.23] New Access Log File Created!
[03:56:08] Player (Draco, 76561198302078718)(<7241.480957, 3.950430, 7825.958984>) quick accessed a lock!
[03:56:13] Player (Draco, 76561198302078718)(<7244.721680, 3.842066, 7828.232910>) quick accessed a lock!
[03:56:19] Player (Draco, 76561198302078718)(<7244.721680, 3.842066, 7828.232910>) quick accessed a lock!
[03:56:22] Player (Draco, 76561198302078718)(<7241.480957, 3.950430, 7825.958984>) quick accessed a lock!
[03:57:38] Player (Draco, 76561198302078718)(<7241.480957, 3.950430, 7825.958984>) quick accessed a lock!
[03:57:44] Player (Draco, 76561198302078718)(<7244.721680, 3.842066, 7828.232910>) quick accessed a lock!
[04:01:54] Player (Loki, 76561199282403539)(<5057.292480, 38.958858, 3755.490479>) set a new passcode on lock!
[04:01:54] Player (Loki, 76561199282403539)(<5057.292480, 38.958858, 3755.490479>) claimed ownership of a lock!
[04:02:07] Player (Loki, 76561199282403539)(<5057.019043, 39.008591, 3747.856689>) set a new passcode on lock!
[04:02:07] Player (Loki, 76561199282403539)(<5057.019043, 39.008591, 3747.856689>) claimed ownership of a lock!
[04:02:18] Player (Loki, 76561199282403539)(<5049.927246, 39.004066, 3746.304688>) set a new passcode on lock!
[04:02:18] Player (Loki, 76561199282403539)(<5049.927246, 39.004066, 3746.304688>) claimed ownership of a lock!
[04:02:32] Player (Loki, 76561199282403539)(<5050.418457, 38.991932, 3754.114990>) set a new passcode on lock!
[04:02:32] Player (Loki, 76561199282403539)(<5050.418457, 38.991932, 3754.114990>) claimed ownership of a lock!
[04:02:39] Player (Loki, 76561199282403539)(<5057.292480, 38.958858, 3755.490479>) quick accessed a lock!
[04:02:44] Player (Loki, 76561199282403539)(<5057.292480, 38.958858, 3755.490479>) quick accessed a lock!
[04:06:57] Player (Loki, 76561199282403539)(<5049.927246, 39.004066, 3746.304688>) quick accessed a lock!
[04:09:48] Player (Loki, 76561199282403539)(<5050.418457, 38.991932, 3754.114990>) quick accessed a lock!
[04:11:53] Player (Loki, 76561199282403539)(<5050.418457, 38.991932, 3754.114990>) quick accessed a lock!
[04:23:35] Player (Loki, 76561199282403539)(<5057.292480, 38.958858, 3755.490479>) quick accessed a lock!
[04:24:37] Player (Loki, 76561199282403539)(<5076.719238, 37.915318, 3754.784912>) set a new passcode on lock!
[04:24:37] Player (Loki, 76561199282403539)(<5076.719238, 37.915318, 3754.784912>) claimed ownership of a lock!
[04:24:39] Player (Loki, 76561199282403539)(<5076.719238, 37.915318, 3754.784912>) quick accessed a lock!
[04:25:09] Player (Loki, 76561199282403539)(<5076.719238, 37.915318, 3754.784912>) quick accessed a lock!
[12-04-2024][05.00.22] Log file reloaded ( Server Restart )
[08:13:04] Player (Luiz, 76561198008639541)(<9666.972656, 10.980086, 13563.481445>) quick accessed a lock!
[08:14:03] Player (Luiz, 76561198008639541)(<9666.972656, 10.980086, 13563.481445>) quick accessed a lock!
[08:15:00] Player (Luiz, 76561198008639541)(<9666.972656, 10.980086, 13563.481445>) quick accessed a lock!
[08:24:38] Player (Luiz, 76561198008639541)(<9318.663086, 54.329174, 13091.610352>) quick accessed a lock!
[08:25:11] Player (Luiz, 76561198008639541)(<9317.154297, 54.329174, 13091.982422>) quick accessed a lock!
[08:30:51] Player (Luiz, 76561198008639541)(<9318.663086, 54.329174, 13091.610352>) quick accessed a lock!
[08:31:08] Player (Luiz, 76561198008639541)(<9318.663086, 54.329174, 13091.610352>) quick accessed a lock!
[08:31:12] Player (Luiz, 76561198008639541)(<9317.154297, 54.329174, 13091.982422>) quick accessed a lock!
[08:32:35] Player (Luiz, 76561198008639541)(<9318.663086, 54.329174, 13091.610352>) quick accessed a lock!
[08:32:56] Player (Luiz, 76561198008639541)(<9318.663086, 54.329174, 13091.610352>) quick accessed a lock!
[08:33:47] Player (Luiz, 76561198008639541)(<9318.663086, 54.329174, 13091.610352>) quick accessed a lock!
[08:37:51] Player (Luiz, 76561198008639541)(<9666.972656, 10.980086, 13563.481445>) quick accessed a lock!
[08:38:07] Player (Luiz, 76561198008639541)(<9666.972656, 10.980086, 13563.481445>) quick accessed a lock!
[08:40:05] Player (Luiz, 76561198008639541)(<9666.972656, 10.980086, 13563.481445>) quick accessed a lock!
[08:40:51] Player (Luiz, 76561198008639541)(<9666.972656, 10.980086, 13563.481445>) quick accessed a lock!
[08:43:45] Player (Luiz, 76561198008639541)(<9666.972656, 10.980086, 13563.481445>) quick accessed a lock!
[08:47:56] Player (Luiz, 76561198008639541)(<9318.663086, 54.329174, 13091.610352>) quick accessed a lock!
[08:48:08] Player (Luiz, 76561198008639541)(<9317.154297, 54.329174, 13091.982422>) quick accessed a lock!
[08:48:24] Player (Luiz, 76561198008639541)(<9318.663086, 54.329174, 13091.610352>) quick accessed a lock!
[08:51:14] Player (Luiz, 76561198008639541)(<9666.972656, 10.980086, 13563.481445>) quick accessed a lock!
[08:51:47] Player (Luiz, 76561198008639541)(<9666.972656, 10.980086, 13563.481445>) quick accessed a lock!
[08:56:03] Player (Luiz, 76561198008639541)(<9668.629883, 10.955507, 13562.585938>) set a new passcode on lock!
[08:56:03] Player (Luiz, 76561198008639541)(<9668.629883, 10.955507, 13562.585938>) claimed ownership of a lock!
[08:57:40] Player (Luiz, 76561198008639541)(<9668.629883, 10.955507, 13562.585938>) quick accessed a lock!
[08:57:51] Player (Luiz, 76561198008639541)(<9666.972656, 10.980086, 13563.481445>) quick accessed a lock!
[08:57:58] Player (Luiz, 76561198008639541)(<9668.629883, 10.955507, 13562.585938>) quick accessed a lock!
[08:58:01] Player (Luiz, 76561198008639541)(<9666.972656, 10.980086, 13563.481445>) quick accessed a lock!
[12-04-2024][09.00.24] Log file reloaded ( Server Restart )
[09:16:31] Player (Luiz, 76561198008639541)(<9666.972656, 10.980086, 13563.481445>) quick accessed a lock!
[09:16:35] Player (Luiz, 76561198008639541)(<9668.629883, 10.955507, 13562.585938>) quick accessed a lock!
[09:17:37] Player (Luiz, 76561198008639541)(<9666.972656, 10.980086, 13563.481445>) quick accessed a lock!
[09:28:17] Player (Luiz, 76561198008639541)(<9318.663086, 54.329174, 13091.610352>) quick accessed a lock!
[09:28:43] Player (Luiz, 76561198008639541)(<9318.663086, 54.329174, 13091.610352>) quick accessed a lock!
[09:29:12] Player (Luiz, 76561198008639541)(<9318.663086, 54.329174, 13091.610352>) quick accessed a lock!
[09:31:35] Player (Luiz, 76561198008639541)(<9317.154297, 54.329174, 13091.982422>) quick accessed a lock!
[09:33:10] Player (Luiz, 76561198008639541)(<9317.154297, 54.329174, 13091.982422>) quick accessed a lock!
[09:34:52] Player (Luiz, 76561198008639541)(<9318.663086, 54.329174, 13091.610352>) quick accessed a lock!
[09:37:43] Player (Luiz, 76561198008639541)(<9318.663086, 54.329174, 13091.610352>) quick accessed a lock!
[09:38:05] Player (Luiz, 76561198008639541)(<9317.154297, 54.329174, 13091.982422>) quick accessed a lock!
[09:40:10] Player (Luiz, 76561198008639541)(<9317.154297, 54.329174, 13091.982422>) quick accessed a lock!
[09:40:18] Player (Luiz, 76561198008639541)(<9318.663086, 54.329174, 13091.610352>) quick accessed a lock!
[10:27:58] Player (Luiz, 76561198008639541)(<9318.663086, 54.329174, 13091.610352>) quick accessed a lock!
[10:28:02] Player (Luiz, 76561198008639541)(<9317.154297, 54.329174, 13091.982422>) quick accessed a lock!
[10:30:04] Player (Luiz, 76561198008639541)(<9318.663086, 54.329174, 13091.610352>) quick accessed a lock!
[10:35:43] Player (Florre1984, 76561198271304685)(<12457.237305, 48.206120, 8419.958008>) quick accessed a lock!
[10:45:17] Player (Florre1984, 76561198271304685)(<12457.237305, 48.206120, 8419.958008>) quick accessed a lock!
[10:48:03] Player (Florre1984, 76561198271304685)(<12457.237305, 48.206120, 8419.958008>) quick accessed a lock!
[10:50:56] Player (Florre1984, 76561198271304685)(<12457.237305, 48.206120, 8419.958008>) quick accessed a lock!
[10:52:06] Player (Florre1984, 76561198271304685)(<12457.237305, 48.206120, 8419.958008>) quick accessed a lock!
[10:52:53] Player (Florre1984, 76561198271304685)(<12457.237305, 48.206120, 8419.958008>) quick accessed a lock!
[10:53:21] Player (Florre1984, 76561198271304685)(<12457.237305, 48.206120, 8419.958008>) quick accessed a lock!
[12-04-2024][13.00.24] Log file reloaded ( Server Restart )
[16:42:23] Player ([GDF] BAL4COBACO, 76561198296387027)(<9318.663086, 54.329174, 13091.610352>) quick accessed a lock!
[16:42:26] Player ([GDF] BAL4COBACO, 76561198296387027)(<9317.154297, 54.329174, 13091.982422>) quick accessed a lock!
[16:42:28] Player ([GDF] BAL4COBACO, 76561198296387027)(<9318.663086, 54.329174, 13091.610352>) quick accessed a lock!
[16:42:33] Player ([GDF] BAL4COBACO, 76561198296387027)(<9317.154297, 54.329174, 13091.982422>) quick accessed a lock!
[16:42:36] Player ([GDF] BAL4COBACO, 76561198296387027)(<9317.154297, 54.329174, 13091.982422>) quick accessed a lock!
[16:44:05] Player ([GDF] BAL4COBACO, 76561198296387027)(<9318.663086, 54.329174, 13091.610352>) quick accessed a lock!
[16:45:04] Player ([GDF] BAL4COBACO, 76561198296387027)(<9318.663086, 54.329174, 13091.610352>) quick accessed a lock!
[16:45:22] Player (Luiz, 76561199770341255)(<9318.663086, 54.329174, 13091.610352>) quick accessed a lock!
[16:47:14] Player (Luiz, 76561199770341255)(<9318.663086, 54.329174, 13091.610352>) quick accessed a lock!
[16:47:22] Player (Luiz, 76561199770341255)(<9318.663086, 54.329174, 13091.610352>) quick accessed a lock!
[16:47:28] Player (Luiz, 76561199770341255)(<9318.663086, 54.329174, 13091.610352>) quick accessed a lock!
[16:47:35] Player (Luiz, 76561199770341255)(<9318.663086, 54.329174, 13091.610352>) quick accessed a lock!
[16:47:40] Player ([GDF] BAL4COBACO, 76561198296387027)(<9317.154297, 54.329174, 13091.982422>) quick accessed a lock!
[16:55:21] Player ([GDF] BAL4COBACO, 76561198296387027)(<9318.663086, 54.329174, 13091.610352>) quick accessed a lock!
[16:55:25] Player ([GDF] BAL4COBACO, 76561198296387027)(<9318.663086, 54.329174, 13091.610352>) quick accessed a lock!
[16:55:31] Player (Luiz, 76561199770341255)(<9318.663086, 54.329174, 13091.610352>) quick accessed a lock!
[16:56:13] Player (Luiz, 76561199770341255)(<9318.663086, 54.329174, 13091.610352>) quick accessed a lock!
[16:56:16] Player ([GDF] BAL4COBACO, 76561198296387027)(<9318.663086, 54.329174, 13091.610352>) quick accessed a lock!
[16:56:47] Player (Luiz, 76561199770341255)(<9318.663086, 54.329174, 13091.610352>) quick accessed a lock!
[16:58:02] Player (Luiz, 76561199770341255)(<9317.154297, 54.329174, 13091.982422>) quick accessed a lock!
[12-04-2024][17.00.26] Log file reloaded ( Server Restart )
[17:05:19] Player ([GDF] BAL4COBACO, 76561198296387027)(<9318.663086, 54.329174, 13091.610352>) quick accessed a lock!
[17:05:56] Player (Luiz, 76561199770341255)(<9318.663086, 54.329174, 13091.610352>) quick accessed a lock!
[17:17:02] Player (Luiz, 76561199770341255)(<9318.663086, 54.329174, 13091.610352>) quick accessed a lock!
[17:17:07] Player ([GDF] BAL4COBACO, 76561198296387027)(<9318.663086, 54.329174, 13091.610352>) quick accessed a lock!
[17:17:10] Player (Luiz, 76561199770341255)(<9317.154297, 54.329174, 13091.982422>) quick accessed a lock!
[17:20:15] Player ([GDF] BAL4COBACO, 76561198296387027)(<9318.663086, 54.329174, 13091.610352>) quick accessed a lock!
[17:21:08] Player ([GDF] BAL4COBACO, 76561198296387027)(<9318.663086, 54.329174, 13091.610352>) quick accessed a lock!
[17:21:09] Player ([GDF] BAL4COBACO, 76561198296387027)(<9318.663086, 54.329174, 13091.610352>) quick accessed a lock!
[17:21:11] Player ([GDF] BAL4COBACO, 76561198296387027)(<9317.154297, 54.329174, 13091.982422>) quick accessed a lock!
[17:21:52] Player ([GDF] BAL4COBACO, 76561198296387027)(<9317.154297, 54.329174, 13091.982422>) quick accessed a lock!
[18:59:11] Player ([GDF] BAL4COBACO, 76561198296387027)(<9318.663086, 54.329174, 13091.610352>) quick accessed a lock!
[18:59:13] Player ([GDF] BAL4COBACO, 76561198296387027)(<9317.154297, 54.329174, 13091.982422>) quick accessed a lock!
[18:59:30] Player ([GDF] BAL4COBACO, 76561198296387027)(<9318.663086, 54.329174, 13091.610352>) quick accessed a lock!
[19:01:12] Player (Luiz, 76561199770341255)(<9318.663086, 54.329174, 13091.610352>) quick accessed a lock!
[19:01:42] Player (Luiz, 76561199770341255)(<9318.663086, 54.329174, 13091.610352>) quick accessed a lock!
[19:01:49] Player (Luiz, 76561199770341255)(<9317.154297, 54.329174, 13091.982422>) quick accessed a lock!
[19:05:47] Player (Luiz, 76561199770341255)(<9317.154297, 54.329174, 13091.982422>) quick accessed a lock!
[19:05:49] Player (Luiz, 76561199770341255)(<9318.663086, 54.329174, 13091.610352>) quick accessed a lock!
[19:06:11] Player ([GDF] BAL4COBACO, 76561198296387027)(<9317.154297, 54.329174, 13091.982422>) quick accessed a lock!
[19:06:12] Player ([GDF] BAL4COBACO, 76561198296387027)(<9318.663086, 54.329174, 13091.610352>) quick accessed a lock!
[19:06:22] Player ([GDF] BAL4COBACO, 76561198296387027)(<9318.663086, 54.329174, 13091.610352>) quick accessed a lock!
[19:08:02] Player (Luiz, 76561199770341255)(<9318.663086, 54.329174, 13091.610352>) quick accessed a lock!
[19:13:59] Player (Luiz, 76561199770341255)(<9318.663086, 54.329174, 13091.610352>) quick accessed a lock!
[19:15:50] Player (Luiz, 76561199770341255)(<9317.154297, 54.329174, 13091.982422>) quick accessed a lock!
[19:15:57] Player (Luiz, 76561199770341255)(<9317.154297, 54.329174, 13091.982422>) quick accessed a lock!
[19:16:15] Player (Luiz, 76561199770341255)(<9318.663086, 54.329174, 13091.610352>) quick accessed a lock!
[19:17:16] Player ([GDF] BAL4COBACO, 76561198296387027)(<9317.154297, 54.329174, 13091.982422>) quick accessed a lock!
[19:17:17] Player ([GDF] BAL4COBACO, 76561198296387027)(<9318.663086, 54.329174, 13091.610352>) quick accessed a lock!
[19:17:39] Player ([GDF] BAL4COBACO, 76561198296387027)(<9318.663086, 54.329174, 13091.610352>) quick accessed a lock!
[19:17:47] Player ([GDF] BAL4COBACO, 76561198296387027)(<9318.663086, 54.329174, 13091.610352>) quick accessed a lock!
[19:18:00] Player ([GDF] BAL4COBACO, 76561198296387027)(<9318.663086, 54.329174, 13091.610352>) quick accessed a lock!
[19:19:56] Player (Luiz, 76561199770341255)(<9318.663086, 54.329174, 13091.610352>) quick accessed a lock!
[19:20:18] Player (Luiz, 76561199770341255)(<9317.154297, 54.329174, 13091.982422>) quick accessed a lock!
[19:23:50] Player (Luiz, 76561199770341255)(<9317.154297, 54.329174, 13091.982422>) quick accessed a lock!
[19:26:07] Player (Luiz, 76561199770341255)(<9317.154297, 54.329174, 13091.982422>) quick accessed a lock!
[19:26:09] Player (Luiz, 76561199770341255)(<9318.663086, 54.329174, 13091.610352>) quick accessed a lock!
[19:45:59] Player (Luiz, 76561199770341255)(<9318.663086, 54.329174, 13091.610352>) quick accessed a lock!
[19:46:05] Player (Luiz, 76561199770341255)(<9317.154297, 54.329174, 13091.982422>) quick accessed a lock!
[20:04:26] Player (Luiz, 76561199770341255)(<9318.663086, 54.329174, 13091.610352>) quick accessed a lock!
[20:07:25] Player (Luiz, 76561199770341255)(<9318.663086, 54.329174, 13091.610352>) quick accessed a lock!
[20:07:38] Player (Luiz, 76561199770341255)(<9317.154297, 54.329174, 13091.982422>) quick accessed a lock!
[20:10:52] Player (Luiz, 76561199770341255)(<9318.663086, 54.329174, 13091.610352>) quick accessed a lock!
[20:15:29] Player (Luiz, 76561199770341255)(<9318.663086, 54.329174, 13091.610352>) quick accessed a lock!
[20:15:37] Player (Luiz, 76561199770341255)(<9317.154297, 54.329174, 13091.982422>) quick accessed a lock!
[20:18:00] Player (Luiz, 76561199770341255)(<9318.663086, 54.329174, 13091.610352>) quick accessed a lock!
[12-04-2024][21.00.23] Log file reloaded ( Server Restart )
