[12-20-2024][00.00.21] New Access Log File Created!
[03:29:53] Player (Big_Steve, 76561198071307767)(<9481.520508, 95.982422, 10884.832031>) quick accessed a lock!
[03:37:03] Player (Big_Steve, 76561198071307767)(<9481.520508, 95.982422, 10884.832031>) quick accessed a lock!
[03:42:21] Player (Big_Steve, 76561198071307767)(<9481.520508, 95.982422, 10884.832031>) quick accessed a lock!
[03:48:30] Player (Big_Steve, 76561198071307767)(<9481.520508, 95.982422, 10884.832031>) quick accessed a lock!
[04:10:04] Player (Big_Steve, 76561198071307767)(<9481.520508, 95.982422, 10884.832031>) quick accessed a lock!
[04:15:48] Player (Big_Steve, 76561198071307767)(<9481.520508, 95.982422, 10884.832031>) quick accessed a lock!
[04:32:42] Player (Big_Steve, 76561198071307767)(<9481.520508, 95.982422, 10884.832031>) quick accessed a lock!
[04:35:32] Player (Big_Steve, 76561198071307767)(<9481.520508, 95.982422, 10884.832031>) quick accessed a lock!
[04:35:34] Player (Big_Steve, 76561198071307767)(<9481.520508, 95.982422, 10884.832031>) quick accessed a lock!
[04:37:32] Player (Big_Steve, 76561198071307767)(<9481.520508, 95.982422, 10884.832031>) quick accessed a lock!
[04:40:18] Player (Big_Steve, 76561198071307767)(<9481.520508, 95.982422, 10884.832031>) quick accessed a lock!
[04:41:29] Player (Big_Steve, 76561198071307767)(<9481.520508, 95.982422, 10884.832031>) quick accessed a lock!
[04:44:49] Player (Big_Steve, 76561198071307767)(<9481.520508, 95.982422, 10884.832031>) quick accessed a lock!
[04:51:10] Player (Big_Steve, 76561198071307767)(<9481.520508, 95.982422, 10884.832031>) quick accessed a lock!
[12-20-2024][05.00.21] Log file reloaded ( Server Restart )
[05:25:51] Player (Big_Steve, 76561198071307767)(<9481.520508, 95.982422, 10884.832031>) quick accessed a lock!
[07:33:55] Player (luizredfield30, 76561199770341255)(<7355.248535, 81.730453, 12388.920898>) quick accessed a lock!
[07:33:56] Player (luizredfield30, 76561199770341255)(<7355.454102, 81.730453, 12388.909180>) quick accessed a lock!
[07:33:57] Player (luizredfield30, 76561199770341255)(<7355.576172, 81.730453, 12388.914063>) quick accessed a lock!
[07:33:58] Player (luizredfield30, 76561199770341255)(<7355.812500, 81.730453, 12388.950195>) quick accessed a lock!
[07:34:11] Player (luizredfield30, 76561199770341255)(<7360.089844, 82.019249, 12389.973633>) quick accessed a lock!
[12-20-2024][09.00.21] Log file reloaded ( Server Restart )
[12-20-2024][13.00.22] Log file reloaded ( Server Restart )
[16:16:26] Player (CONTROL, 76561197967168101)(<6044.596680, 34.846451, 10431.335938>) quick accessed a lock!
[16:17:01] Player (CONTROL, 76561197967168101)(<6044.596680, 34.846451, 10431.335938>) quick accessed a lock!
[16:40:44] Player (CONTROL, 76561197967168101)(<6044.596680, 34.846451, 10431.335938>) quick accessed a lock!
[12-20-2024][17.00.24] Log file reloaded ( Server Restart )
[17:47:57] Player (BILL, 76561198814955756)(<8046.105957, 27.662138, 7867.672363>) quick accessed a lock!
[17:48:00] Player (BILL, 76561198814955756)(<8048.060547, 27.662161, 7867.532227>) quick accessed a lock!
[18:01:22] Player (BILL, 76561198814955756)(<8048.060547, 27.662161, 7867.532227>) quick accessed a lock!
[18:01:26] Player (BILL, 76561198814955756)(<8046.105957, 27.662138, 7867.672363>) quick accessed a lock!
[18:02:01] Player (BILL, 76561198814955756)(<8046.105957, 27.662138, 7867.672363>) quick accessed a lock!
[18:04:20] Player (BILL, 76561198814955756)(<8048.060547, 27.662161, 7867.532227>) quick accessed a lock!
[18:06:02] Player (BILL, 76561198814955756)(<8046.105957, 27.662138, 7867.672363>) quick accessed a lock!
[18:06:10] Player (BILL, 76561198814955756)(<8046.105957, 27.662138, 7867.672363>) quick accessed a lock!
[18:10:45] Player (BILL, 76561198814955756)(<8048.060547, 27.662161, 7867.532227>) quick accessed a lock!
[18:10:48] Player (BILL, 76561198814955756)(<8046.105957, 27.662138, 7867.672363>) quick accessed a lock!
[18:10:53] Player (BILL, 76561198814955756)(<8046.105957, 27.662138, 7867.672363>) quick accessed a lock!
[18:12:44] Player (BILL, 76561198814955756)(<8048.060547, 27.662161, 7867.532227>) quick accessed a lock!
[18:15:16] Player (BILL, 76561198814955756)(<8066.057129, 27.662161, 7856.242676>) quick accessed a lock!
[18:15:17] Player (BILL, 76561198814955756)(<8066.684570, 27.662138, 7855.720215>) quick accessed a lock!
[18:18:26] Player (BILL, 76561198814955756)(<8066.684570, 27.662138, 7855.720215>) quick accessed a lock!
[18:18:28] Player (BILL, 76561198814955756)(<8066.057129, 27.662161, 7856.242676>) quick accessed a lock!
[18:18:53] Player (BILL, 76561198814955756)(<8066.057129, 27.662161, 7856.242676>) quick accessed a lock!
[18:18:54] Player (BILL, 76561198814955756)(<8066.684570, 27.662138, 7855.720215>) quick accessed a lock!
[18:27:52] Player (BILL, 76561198814955756)(<8066.684570, 27.662138, 7855.720215>) quick accessed a lock!
[18:27:54] Player (BILL, 76561198814955756)(<8066.057129, 27.662161, 7856.242676>) quick accessed a lock!
[18:29:50] Player (BILL, 76561198814955756)(<8066.057129, 27.662161, 7856.242676>) quick accessed a lock!
[18:29:51] Player (BILL, 76561198814955756)(<8066.684570, 27.662138, 7855.720215>) quick accessed a lock!
[18:36:19] Player (BILL, 76561198814955756)(<8066.684570, 27.662138, 7855.720215>) quick accessed a lock!
[18:36:20] Player (BILL, 76561198814955756)(<8066.057129, 27.662161, 7856.242676>) quick accessed a lock!
[18:36:51] Player (BILL, 76561198814955756)(<8066.057129, 27.662161, 7856.242676>) quick accessed a lock!
[18:36:52] Player (BILL, 76561198814955756)(<8066.684570, 27.662138, 7855.720215>) quick accessed a lock!
[18:36:58] Player (BILL, 76561198814955756)(<8066.684570, 27.662138, 7855.720215>) quick accessed a lock!
[18:37:05] Player (BILL, 76561198814955756)(<8066.057129, 27.662161, 7856.242676>) quick accessed a lock!
[18:37:13] Player (BILL, 76561198814955756)(<8066.057129, 27.662161, 7856.242676>) quick accessed a lock!
[18:37:17] Player (BILL, 76561198814955756)(<8066.057129, 27.662161, 7856.242676>) quick accessed a lock!
[18:37:18] Player (BILL, 76561198814955756)(<8066.684570, 27.662138, 7855.720215>) quick accessed a lock!
[18:37:29] Player (BILL, 76561198814955756)(<8072.392578, 27.662115, 7855.935059>) set a new passcode on lock!
[18:37:29] Player (BILL, 76561198814955756)(<8072.392578, 27.662115, 7855.935059>) claimed ownership of a lock!
[18:37:59] Player (BILL, 76561198814955756)(<8072.392578, 27.662115, 7855.935059>) quick accessed a lock!
[18:40:08] Player (BILL, 76561198814955756)(<8072.392578, 27.662115, 7855.935059>) quick accessed a lock!
[18:40:13] Player (BILL, 76561198814955756)(<8072.392578, 27.662115, 7855.935059>) quick accessed a lock!
[18:41:03] Player (BILL, 76561198814955756)(<8066.684570, 27.662138, 7855.720215>) quick accessed a lock!
[18:41:04] Player (BILL, 76561198814955756)(<8066.057129, 27.662161, 7856.242676>) quick accessed a lock!
[18:42:13] Player (BILL, 76561198814955756)(<8048.060547, 27.662161, 7867.532227>) quick accessed a lock!
[18:42:16] Player (BILL, 76561198814955756)(<8046.105957, 27.662138, 7867.672363>) quick accessed a lock!
[19:13:24] Player (BILL, 76561198814955756)(<8046.105957, 27.662138, 7867.672363>) quick accessed a lock!
[19:13:47] Player (BILL, 76561198814955756)(<8048.060547, 27.662161, 7867.532227>) quick accessed a lock!
[19:19:44] Player (BILL, 76561198814955756)(<8048.060547, 27.662161, 7867.532227>) quick accessed a lock!
[19:19:46] Player (BILL, 76561198814955756)(<8046.105957, 27.662138, 7867.672363>) quick accessed a lock!
[19:31:02] Player (BILL, 76561198814955756)(<8046.105957, 27.662138, 7867.672363>) quick accessed a lock!
[19:31:06] Player (BILL, 76561198814955756)(<8048.060547, 27.662161, 7867.532227>) quick accessed a lock!
[19:31:44] Player (BILL, 76561198814955756)(<8066.057129, 27.662161, 7856.242676>) quick accessed a lock!
[19:31:47] Player (BILL, 76561198814955756)(<8066.684570, 27.662138, 7855.720215>) quick accessed a lock!
[19:38:40] Player (BILL, 76561198814955756)(<8048.060547, 27.662161, 7867.532227>) quick accessed a lock!
[19:44:48] Player (BILL, 76561198814955756)(<8066.057129, 27.662161, 7856.242676>) quick accessed a lock!
[19:44:50] Player (BILL, 76561198814955756)(<8066.684570, 27.662138, 7855.720215>) quick accessed a lock!
[19:44:52] Player (BILL, 76561198814955756)(<8072.392578, 27.662115, 7855.935059>) quick accessed a lock!
[19:51:52] Player (BILL, 76561198814955756)(<8046.105957, 27.662138, 7867.672363>) quick accessed a lock!
[19:51:58] Player (BILL, 76561198814955756)(<8048.060547, 27.662161, 7867.532227>) quick accessed a lock!
[19:55:32] Player (BILL, 76561198814955756)(<8048.060547, 27.662161, 7867.532227>) quick accessed a lock!
[19:55:34] Player (BILL, 76561198814955756)(<8048.060547, 27.662161, 7867.532227>) quick accessed a lock!
[19:55:37] Player (BILL, 76561198814955756)(<8048.060547, 27.662161, 7867.532227>) quick accessed a lock!
[19:55:39] Player (BILL, 76561198814955756)(<8046.105957, 27.662138, 7867.672363>) quick accessed a lock!
[20:01:07] Player (BILL, 76561198814955756)(<8046.105957, 27.662138, 7867.672363>) quick accessed a lock!
[20:01:10] Player (BILL, 76561198814955756)(<8048.060547, 27.662161, 7867.532227>) quick accessed a lock!
[20:01:42] Player (BILL, 76561198814955756)(<8046.105957, 27.662138, 7867.672363>) quick accessed a lock!
[20:06:15] Player (BILL, 76561198814955756)(<8046.105957, 27.662138, 7867.672363>) quick accessed a lock!
[20:06:20] Player (BILL, 76561198814955756)(<8048.060547, 27.662161, 7867.532227>) quick accessed a lock!
[20:06:49] Player (BILL, 76561198814955756)(<8046.105957, 27.662138, 7867.672363>) quick accessed a lock!
[20:08:58] Player (BILL, 76561198814955756)(<8046.105957, 27.662138, 7867.672363>) quick accessed a lock!
[20:16:18] Player (BILL, 76561198814955756)(<8046.105957, 27.662138, 7867.672363>) quick accessed a lock!
[20:16:26] Player (BILL, 76561198814955756)(<8048.060547, 27.662161, 7867.532227>) quick accessed a lock!
[20:17:21] Player (BILL, 76561198814955756)(<8046.105957, 27.662138, 7867.672363>) quick accessed a lock!
[20:17:53] Player (BILL, 76561198814955756)(<8041.888184, 27.662138, 7867.689453>) set a new passcode on lock!
[20:17:53] Player (BILL, 76561198814955756)(<8041.888184, 27.662138, 7867.689453>) claimed ownership of a lock!
[20:17:56] Player (BILL, 76561198814955756)(<8046.105957, 27.662138, 7867.672363>) quick accessed a lock!
[20:18:13] Player (BILL, 76561198814955756)(<8048.060547, 27.662161, 7867.532227>) quick accessed a lock!
[20:20:28] Player (BILL, 76561198814955756)(<8066.057129, 27.662161, 7856.242676>) quick accessed a lock!
[12-20-2024][21.00.22] Log file reloaded ( Server Restart )
[21:31:46] Player (BILL, 76561198814955756)(<8066.057129, 27.662161, 7856.242676>) quick accessed a lock!
[21:31:47] Player (BILL, 76561198814955756)(<8066.684570, 27.662138, 7855.720215>) quick accessed a lock!
[21:32:08] Player (BILL, 76561198814955756)(<8072.392578, 27.662115, 7855.935059>) quick accessed a lock!
[22:45:06] Player (jstone113, 76561199013854003)(<12474.789063, 10.632333, 2383.812988>) quick accessed a lock!
[23:41:22] Player (BILL, 76561198814955756)(<8072.392578, 27.662115, 7855.935059>) quick accessed a lock!
[23:41:26] Player (BILL, 76561198814955756)(<8066.684570, 27.662138, 7855.720215>) quick accessed a lock!
[23:41:27] Player (BILL, 76561198814955756)(<8066.057129, 27.662161, 7856.242676>) quick accessed a lock!
[23:57:51] Player (BILL, 76561198814955756)(<8048.060547, 27.662161, 7867.532227>) quick accessed a lock!
[23:57:54] Player (BILL, 76561198814955756)(<8046.105957, 27.662138, 7867.672363>) quick accessed a lock!
[23:57:57] Player (BILL, 76561198814955756)(<8046.105957, 27.662138, 7867.672363>) quick accessed a lock!
[23:58:05] Player (BILL, 76561198814955756)(<8041.888184, 27.662138, 7867.689453>) quick accessed a lock!
[23:58:56] Player (BILL, 76561198814955756)(<8041.888184, 27.662138, 7867.689453>) quick accessed a lock!
[23:59:00] Player (BILL, 76561198814955756)(<8046.105957, 27.662138, 7867.672363>) quick accessed a lock!
