[12-14-2024][00.00.22] New Access Log File Created!
[12-14-2024][05.00.22] Log file reloaded ( Server Restart )
[06:40:54] Player (Draco, 76561198302078718)(<4870.733887, 5.627413, 11321.759766>) quick accessed a lock!
[06:44:31] Player (Draco, 76561198302078718)(<4870.733887, 5.627413, 11321.759766>) quick accessed a lock!
[06:45:52] Player (Draco, 76561198302078718)(<4870.733887, 5.627413, 11321.759766>) quick accessed a lock!
[06:46:59] Player (Draco, 76561198302078718)(<4870.733887, 5.627413, 11321.759766>) quick accessed a lock!
[12-14-2024][09.00.20] Log file reloaded ( Server Restart )
[09:27:46] Player (Casey, 76561199573099150)(<8909.085938, 15.889824, 1105.763916>) quick accessed a lock!
[09:27:58] Player (Casey, 76561199573099150)(<8899.131836, 15.554780, 1105.990234>) accessed a lock!
[09:27:58] Player (Casey, 76561199573099150)(<8899.131836, 15.554780, 1105.990234>) was added as a guest of a lock!
[09:41:06] Player (Casey, 76561199573099150)(<8899.131836, 15.554780, 1105.990234>) quick accessed a lock!
[09:41:09] Player (Casey, 76561199573099150)(<8909.085938, 15.889824, 1105.763916>) quick accessed a lock!
[09:57:17] Player (Casey, 76561199573099150)(<8909.085938, 15.889824, 1105.763916>) quick accessed a lock!
[11:44:33] Player (Casey, 76561199573099150)(<8909.085938, 15.889824, 1105.763916>) quick accessed a lock!
[11:44:41] Player (Casey, 76561199573099150)(<8899.131836, 15.554780, 1105.990234>) quick accessed a lock!
[11:49:54] Player (Casey, 76561199573099150)(<8909.085938, 15.889824, 1105.763916>) quick accessed a lock!
[11:51:09] Player (Casey, 76561199573099150)(<8909.085938, 15.889824, 1105.763916>) quick accessed a lock!
[11:51:16] Player (Casey, 76561199573099150)(<8899.131836, 15.554780, 1105.990234>) quick accessed a lock!
[11:52:35] Player (Casey, 76561199573099150)(<8909.085938, 15.889824, 1105.763916>) quick accessed a lock!
[11:54:18] Player (Casey, 76561199573099150)(<8899.131836, 15.554780, 1105.990234>) quick accessed a lock!
[11:54:53] Player (Casey, 76561199573099150)(<8899.131836, 15.554780, 1105.990234>) quick accessed a lock!
[11:59:48] Player (Casey, 76561199573099150)(<8909.085938, 15.889824, 1105.763916>) quick accessed a lock!
[12:10:34] Player (Casey, 76561199573099150)(<8909.085938, 15.889824, 1105.763916>) quick accessed a lock!
[12:10:41] Player (Casey, 76561199573099150)(<8899.131836, 15.554780, 1105.990234>) quick accessed a lock!
[12:15:41] Player (Casey, 76561199573099150)(<8899.131836, 15.554780, 1105.990234>) quick accessed a lock!
[12:15:44] Player (Casey, 76561199573099150)(<8909.085938, 15.889824, 1105.763916>) quick accessed a lock!
[12:46:29] Player (Casey, 76561199643612211)(<8899.131836, 15.554780, 1105.990234>) quick accessed a lock!
[12:46:35] Player (Casey, 76561199643612211)(<8909.085938, 15.889824, 1105.763916>) quick accessed a lock!
[12:51:41] Player (Casey, 76561199643612211)(<8909.085938, 15.889824, 1105.763916>) quick accessed a lock!
[12:51:47] Player (Casey, 76561199643612211)(<8899.131836, 15.554780, 1105.990234>) quick accessed a lock!
[12-14-2024][13.00.23] Log file reloaded ( Server Restart )
[13:07:07] Player (Casey, 76561199643612211)(<8899.131836, 15.554780, 1105.990234>) quick accessed a lock!
[13:07:12] Player (Casey, 76561199643612211)(<8909.085938, 15.889824, 1105.763916>) quick accessed a lock!
[14:06:39] Player (Casey, 76561199573099150)(<8899.131836, 15.554780, 1105.990234>) quick accessed a lock!
[14:06:45] Player (Casey, 76561199573099150)(<8909.085938, 15.889824, 1105.763916>) quick accessed a lock!
[12-14-2024][17.00.23] Log file reloaded ( Server Restart )
[19:21:02] Player (Draco, 76561198302078718)(<4870.733887, 5.627413, 11321.759766>) quick accessed a lock!
[19:21:04] Player (Draco, 76561198302078718)(<4870.733887, 5.627413, 11321.759766>) quick accessed a lock!
[19:23:21] Player (Draco, 76561198302078718)(<4870.733887, 5.627413, 11321.759766>) quick accessed a lock!
[19:24:05] Player (Draco, 76561198302078718)(<4870.733887, 5.627413, 11321.759766>) quick accessed a lock!
[19:24:15] Player (Draco, 76561198302078718)(<4870.733887, 5.627413, 11321.759766>) quick accessed a lock!
[19:24:48] Player (Draco, 76561198302078718)(<4870.733887, 5.627413, 11321.759766>) quick accessed a lock!
[19:26:19] Player (Draco, 76561198302078718)(<4870.733887, 5.627413, 11321.759766>) quick accessed a lock!
[19:47:10] Player (Draco, 76561198302078718)(<4870.733887, 5.627413, 11321.759766>) quick accessed a lock!
[19:55:41] Player ([GDF] BAL4COBACO, 76561198296387027)(<7334.545410, 81.730453, 12396.727539>) quick accessed a lock!
[19:55:42] Player ([GDF] BAL4COBACO, 76561198296387027)(<7334.615234, 81.730453, 12396.931641>) quick accessed a lock!
[19:55:43] Player ([GDF] BAL4COBACO, 76561198296387027)(<7334.590332, 81.730453, 12397.067383>) quick accessed a lock!
[20:01:35] Player (Draco, 76561198302078718)(<4870.733887, 5.627413, 11321.759766>) quick accessed a lock!
[20:02:23] Player (Draco, 76561198302078718)(<4870.733887, 5.627413, 11321.759766>) quick accessed a lock!
[20:02:46] Player (Draco, 76561198302078718)(<4870.733887, 5.627413, 11321.759766>) quick accessed a lock!
[20:03:08] Player (Draco, 76561198302078718)(<4870.733887, 5.627413, 11321.759766>) quick accessed a lock!
[20:06:10] Player (Draco, 76561198302078718)(<4870.733887, 5.627413, 11321.759766>) quick accessed a lock!
[20:06:29] Player (Draco, 76561198302078718)(<4870.733887, 5.627413, 11321.759766>) quick accessed a lock!
[20:13:39] Player (Luiz, 76561198008639541)(<7334.590332, 81.730453, 12397.067383>) quick accessed a lock!
[20:13:43] Player (Luiz, 76561198008639541)(<7334.615234, 81.730453, 12396.931641>) quick accessed a lock!
[20:13:45] Player (Luiz, 76561198008639541)(<7334.545410, 81.730453, 12396.727539>) quick accessed a lock!
[20:13:53] Player (Luiz, 76561198008639541)(<7334.545410, 81.730453, 12396.727539>) quick accessed a lock!
[20:16:18] Player (Draco, 76561198302078718)(<4870.733887, 5.627413, 11321.759766>) quick accessed a lock!
[20:17:02] Player (Draco, 76561198302078718)(<4870.733887, 5.627413, 11321.759766>) quick accessed a lock!
[20:17:04] Player ([GDF] BAL4COBACO, 76561198296387027)(<7334.590332, 81.730453, 12397.067383>) quick accessed a lock!
[20:17:06] Player ([GDF] BAL4COBACO, 76561198296387027)(<7334.615234, 81.730453, 12396.931641>) quick accessed a lock!
[20:17:08] Player ([GDF] BAL4COBACO, 76561198296387027)(<7334.545410, 81.730453, 12396.727539>) quick accessed a lock!
[20:17:12] Player ([GDF] BAL4COBACO, 76561198296387027)(<7334.545410, 81.730453, 12396.727539>) quick accessed a lock!
[20:17:16] Player ([GDF] BAL4COBACO, 76561198296387027)(<7334.545410, 81.730453, 12396.727539>) quick accessed a lock!
[20:20:10] Player ([GDF] BAL4COBACO, 76561198296387027)(<7334.545410, 81.730453, 12396.727539>) quick accessed a lock!
[20:21:17] Player ([GDF] BAL4COBACO, 76561198296387027)(<7334.545410, 81.730453, 12396.727539>) quick accessed a lock!
[20:38:16] Player (Luiz, 76561198008639541)(<7334.545410, 81.730453, 12396.727539>) quick accessed a lock!
[20:38:20] Player (Luiz, 76561198008639541)(<7334.545410, 81.730453, 12396.727539>) quick accessed a lock!
[20:40:28] Player (Luiz, 76561198008639541)(<7334.545410, 81.730453, 12396.727539>) quick accessed a lock!
[20:57:00] Player ([GDF] BAL4COBACO, 76561198296387027)(<7334.590332, 81.730453, 12397.067383>) quick accessed a lock!
[20:57:02] Player ([GDF] BAL4COBACO, 76561198296387027)(<7334.615234, 81.730453, 12396.931641>) quick accessed a lock!
[20:57:04] Player ([GDF] BAL4COBACO, 76561198296387027)(<7334.545410, 81.730453, 12396.727539>) quick accessed a lock!
[12-14-2024][21.00.22] Log file reloaded ( Server Restart )
[21:01:52] Player ([GDF] BAL4COBACO, 76561198296387027)(<7334.545410, 81.730453, 12396.727539>) quick accessed a lock!
[21:03:48] Player (Luiz, 76561198008639541)(<7334.615234, 81.730453, 12396.931641>) quick accessed a lock!
[21:04:25] Player (Luiz, 76561198008639541)(<7334.615234, 81.730453, 12396.931641>) quick accessed a lock!
[21:05:09] Player (Luiz, 76561198008639541)(<7334.615234, 81.730453, 12396.931641>) quick accessed a lock!
[21:10:53] Player ([GDF] BAL4COBACO, 76561198296387027)(<7334.615234, 81.730453, 12396.931641>) quick accessed a lock!
[21:12:18] Player (Luiz, 76561198008639541)(<7334.590332, 81.730453, 12397.067383>) quick accessed a lock!
[21:12:20] Player (Luiz, 76561198008639541)(<7334.615234, 81.730453, 12396.931641>) quick accessed a lock!
[21:12:22] Player (Luiz, 76561198008639541)(<7334.545410, 81.730453, 12396.727539>) quick accessed a lock!
[21:13:01] Player (Luiz, 76561198008639541)(<7334.545410, 81.730453, 12396.727539>) quick accessed a lock!
[22:07:43] Player ([GDF] BAL4COBACO, 76561198296387027)(<7334.590332, 81.730453, 12397.067383>) quick accessed a lock!
[22:07:45] Player ([GDF] BAL4COBACO, 76561198296387027)(<7334.590332, 81.730453, 12397.067383>) quick accessed a lock!
[22:07:47] Player ([GDF] BAL4COBACO, 76561198296387027)(<7334.615234, 81.730453, 12396.931641>) quick accessed a lock!
[22:07:49] Player ([GDF] BAL4COBACO, 76561198296387027)(<7334.545410, 81.730453, 12396.727539>) quick accessed a lock!
[22:08:16] Player (Luiz, 76561198008639541)(<7334.590332, 81.730453, 12397.067383>) quick accessed a lock!
[22:08:29] Player (Luiz, 76561198008639541)(<7334.615234, 81.730453, 12396.931641>) quick accessed a lock!
