[12-03-2024][00.00.24] New Access Log File Created!
[00:04:00] Player (Draco, 76561198302078718)(<7241.480957, 3.950430, 7825.958984>) quick accessed a lock!
[00:05:54] Player (Str8OutOfSakhal, 76561198059271375)(<7241.480957, 3.950430, 7825.958984>) quick accessed a lock!
[00:07:06] Player (Str8OutOfSakhal, 76561198059271375)(<7241.480957, 3.950430, 7825.958984>) quick accessed a lock!
[00:07:17] Player (Str8OutOfSakhal, 76561198059271375)(<7241.480957, 3.950430, 7825.958984>) quick accessed a lock!
[00:48:51] Player (Draco, 76561198302078718)(<7241.480957, 3.950430, 7825.958984>) quick accessed a lock!
[00:48:52] Player (Draco, 76561198302078718)(<7241.480957, 3.950430, 7825.958984>) quick accessed a lock!
[00:54:18] Player (Draco, 76561198302078718)(<7241.480957, 3.950430, 7825.958984>) quick accessed a lock!
[00:56:10] Player (Str8OutOfSakhal, 76561198059271375)(<7241.480957, 3.950430, 7825.958984>) quick accessed a lock!
[00:56:34] Player (Str8OutOfSakhal, 76561198059271375)(<7241.480957, 3.950430, 7825.958984>) quick accessed a lock!
[00:57:30] Player (Str8OutOfSakhal, 76561198059271375)(<7241.480957, 3.950430, 7825.958984>) quick accessed a lock!
[00:57:57] Player (Str8OutOfSakhal, 76561198059271375)(<7241.480957, 3.950430, 7825.958984>) quick accessed a lock!
[00:58:08] Player (Str8OutOfSakhal, 76561198059271375)(<7241.480957, 3.950430, 7825.958984>) quick accessed a lock!
[00:58:18] Player (Draco, 76561198302078718)(<7241.480957, 3.950430, 7825.958984>) quick accessed a lock!
[00:59:57] Player (Draco, 76561198302078718)(<7241.480957, 3.950430, 7825.958984>) quick accessed a lock!
[01:00:43] Player (Draco, 76561198302078718)(<7241.480957, 3.950430, 7825.958984>) quick accessed a lock!
[01:00:58] Player (Draco, 76561198302078718)(<7241.480957, 3.950430, 7825.958984>) quick accessed a lock!
[01:01:51] Player (Str8OutOfSakhal, 76561198059271375)(<7244.721680, 3.842066, 7828.232910>) set a new passcode on lock!
[01:01:51] Player (Str8OutOfSakhal, 76561198059271375)(<7244.721680, 3.842066, 7828.232910>) claimed ownership of a lock!
[01:01:57] Player (Draco, 76561198302078718)(<7241.480957, 3.950430, 7825.958984>) quick accessed a lock!
[01:02:06] Player (Draco, 76561198302078718)(<7244.721680, 3.842066, 7828.232910>) accessed a lock!
[01:02:06] Player (Draco, 76561198302078718)(<7244.721680, 3.842066, 7828.232910>) was added as a guest of a lock!
[01:02:08] Player (Draco, 76561198302078718)(<7241.480957, 3.950430, 7825.958984>) quick accessed a lock!
[01:05:08] Player (Str8OutOfSakhal, 76561198059271375)(<7241.480957, 3.950430, 7825.958984>) quick accessed a lock!
[01:05:12] Player (Str8OutOfSakhal, 76561198059271375)(<7241.480957, 3.950430, 7825.958984>) quick accessed a lock!
[01:05:18] Player (Str8OutOfSakhal, 76561198059271375)(<7241.480957, 3.950430, 7825.958984>) quick accessed a lock!
[01:05:32] Player (Str8OutOfSakhal, 76561198059271375)(<7241.480957, 3.950430, 7825.958984>) quick accessed a lock!
[01:06:42] Player (Str8OutOfSakhal, 76561198059271375)(<7241.480957, 3.950430, 7825.958984>) quick accessed a lock!
[01:19:36] Player (Loki, 76561199282403539)(<7244.721680, 3.842066, 7828.232910>) accessed a lock!
[01:19:36] Player (Loki, 76561199282403539)(<7244.721680, 3.842066, 7828.232910>) was added as a guest of a lock!
[01:19:42] Player (Str8OutOfSakhal, 76561198059271375)(<7241.480957, 3.950430, 7825.958984>) quick accessed a lock!
[01:20:12] Player (Str8OutOfSakhal, 76561198059271375)(<7241.480957, 3.950430, 7825.958984>) quick accessed a lock!
[01:20:15] Player (Str8OutOfSakhal, 76561198059271375)(<7241.480957, 3.950430, 7825.958984>) quick accessed a lock!
[01:20:20] Player (Str8OutOfSakhal, 76561198059271375)(<7241.480957, 3.950430, 7825.958984>) quick accessed a lock!
[01:22:24] Player (Str8OutOfSakhal, 76561198059271375)(<7244.721680, 3.842066, 7828.232910>) quick accessed a lock!
[01:22:35] Player (Str8OutOfSakhal, 76561198059271375)(<7244.721680, 3.842066, 7828.232910>) quick accessed a lock!
[01:23:03] Player (Str8OutOfSakhal, 76561198059271375)(<7241.480957, 3.950430, 7825.958984>) quick accessed a lock!
[01:23:50] Player (Str8OutOfSakhal, 76561198059271375)(<7241.480957, 3.950430, 7825.958984>) quick accessed a lock!
[01:25:30] Player (Str8OutOfSakhal, 76561198059271375)(<7241.480957, 3.950430, 7825.958984>) quick accessed a lock!
[01:38:08] Player (Str8OutOfSakhal, 76561198059271375)(<7241.480957, 3.950430, 7825.958984>) quick accessed a lock!
[01:45:54] Player (Draco, 76561198302078718)(<7244.721680, 3.842066, 7828.232910>) quick accessed a lock!
[01:45:57] Player (Draco, 76561198302078718)(<7241.480957, 3.950430, 7825.958984>) quick accessed a lock!
[01:47:27] Player (Draco, 76561198302078718)(<7244.721680, 3.842066, 7828.232910>) quick accessed a lock!
[01:49:36] Player (Str8OutOfSakhal, 76561198059271375)(<7241.480957, 3.950430, 7825.958984>) quick accessed a lock!
[01:49:38] Player (Str8OutOfSakhal, 76561198059271375)(<7244.721680, 3.842066, 7828.232910>) quick accessed a lock!
[01:49:48] Player (Str8OutOfSakhal, 76561198059271375)(<7241.480957, 3.950430, 7825.958984>) quick accessed a lock!
[01:53:11] Player (Str8OutOfSakhal, 76561198059271375)(<7241.480957, 3.950430, 7825.958984>) quick accessed a lock!
[02:02:46] Player (Draco, 76561198302078718)(<7244.721680, 3.842066, 7828.232910>) quick accessed a lock!
[02:02:49] Player (Draco, 76561198302078718)(<7241.480957, 3.950430, 7825.958984>) quick accessed a lock!
[02:06:38] Player (Str8OutOfSakhal, 76561198059271375)(<7241.480957, 3.950430, 7825.958984>) quick accessed a lock!
[02:06:40] Player (Str8OutOfSakhal, 76561198059271375)(<7244.721680, 3.842066, 7828.232910>) quick accessed a lock!
[02:07:49] Player (Str8OutOfSakhal, 76561198059271375)(<7244.721680, 3.842066, 7828.232910>) quick accessed a lock!
[02:07:51] Player (Str8OutOfSakhal, 76561198059271375)(<7241.480957, 3.950430, 7825.958984>) quick accessed a lock!
[02:13:56] Player (Str8OutOfSakhal, 76561198059271375)(<7241.480957, 3.950430, 7825.958984>) quick accessed a lock!
[02:14:00] Player (Str8OutOfSakhal, 76561198059271375)(<7244.721680, 3.842066, 7828.232910>) quick accessed a lock!
[02:15:45] Player (Str8OutOfSakhal, 76561198059271375)(<7244.721680, 3.842066, 7828.232910>) quick accessed a lock!
[02:15:48] Player (Str8OutOfSakhal, 76561198059271375)(<7241.480957, 3.950430, 7825.958984>) quick accessed a lock!
[02:16:17] Player (Str8OutOfSakhal, 76561198059271375)(<7241.480957, 3.950430, 7825.958984>) quick accessed a lock!
[02:16:22] Player (Str8OutOfSakhal, 76561198059271375)(<7244.721680, 3.842066, 7828.232910>) quick accessed a lock!
[02:18:42] Player (Str8OutOfSakhal, 76561198059271375)(<7244.721680, 3.842066, 7828.232910>) quick accessed a lock!
[02:18:47] Player (Str8OutOfSakhal, 76561198059271375)(<7241.480957, 3.950430, 7825.958984>) quick accessed a lock!
[02:18:53] Player (Str8OutOfSakhal, 76561198059271375)(<7241.480957, 3.950430, 7825.958984>) quick accessed a lock!
[02:20:08] Player (Str8OutOfSakhal, 76561198059271375)(<7244.721680, 3.842066, 7828.232910>) quick accessed a lock!
[02:20:15] Player (Str8OutOfSakhal, 76561198059271375)(<7244.721680, 3.842066, 7828.232910>) quick accessed a lock!
[02:20:38] Player (Draco, 76561198302078718)(<7241.480957, 3.950430, 7825.958984>) quick accessed a lock!
[02:20:40] Player (Draco, 76561198302078718)(<7241.480957, 3.950430, 7825.958984>) quick accessed a lock!
[02:20:46] Player (Draco, 76561198302078718)(<7241.480957, 3.950430, 7825.958984>) quick accessed a lock!
[02:25:51] Player (Str8OutOfSakhal, 76561198059271375)(<7241.480957, 3.950430, 7825.958984>) quick accessed a lock!
[12-03-2024][05.00.24] Log file reloaded ( Server Restart )
[08:31:31] Player (Luiz, 76561199770341255)(<9318.663086, 54.329174, 13091.610352>) accessed a lock!
[08:31:31] Player (Luiz, 76561199770341255)(<9318.663086, 54.329174, 13091.610352>) was added as a guest of a lock!
[08:31:42] Player (Luiz, 76561199770341255)(<9317.154297, 54.329174, 13091.982422>) accessed a lock!
[08:31:42] Player (Luiz, 76561199770341255)(<9317.154297, 54.329174, 13091.982422>) was added as a guest of a lock!
[08:39:43] Player (Luiz, 76561198008639541)(<9317.154297, 54.329174, 13091.982422>) quick accessed a lock!
[08:39:44] Player (Luiz, 76561198008639541)(<9318.663086, 54.329174, 13091.610352>) quick accessed a lock!
[08:39:51] Player (Luiz, 76561198008639541)(<9317.154297, 54.329174, 13091.982422>) quick accessed a lock!
[08:39:56] Player (Luiz, 76561198008639541)(<9317.154297, 54.329174, 13091.982422>) quick accessed a lock!
[08:40:04] Player (Luiz, 76561198008639541)(<9318.663086, 54.329174, 13091.610352>) quick accessed a lock!
[08:40:07] Player (Luiz, 76561198008639541)(<9317.154297, 54.329174, 13091.982422>) quick accessed a lock!
[08:41:45] Player (Luiz, 76561198008639541)(<9317.154297, 54.329174, 13091.982422>) quick accessed a lock!
[08:41:48] Player (Luiz, 76561198008639541)(<9317.154297, 54.329174, 13091.982422>) quick accessed a lock!
[08:41:57] Player (Luiz, 76561198008639541)(<9318.663086, 54.329174, 13091.610352>) quick accessed a lock!
[08:42:48] Player (Luiz, 76561198008639541)(<9318.663086, 54.329174, 13091.610352>) quick accessed a lock!
[08:42:56] Player (Luiz, 76561198008639541)(<9318.663086, 54.329174, 13091.610352>) quick accessed a lock!
[12-03-2024][09.00.22] Log file reloaded ( Server Restart )
[09:21:57] Player (Luiz, 76561198008639541)(<9318.663086, 54.329174, 13091.610352>) quick accessed a lock!
[09:22:24] Player (Luiz, 76561198008639541)(<9318.663086, 54.329174, 13091.610352>) quick accessed a lock!
[09:23:10] Player (Luiz, 76561198008639541)(<9318.663086, 54.329174, 13091.610352>) quick accessed a lock!
[09:24:06] Player (Luiz, 76561198008639541)(<9317.154297, 54.329174, 13091.982422>) quick accessed a lock!
[09:24:19] Player (Luiz, 76561198008639541)(<9318.663086, 54.329174, 13091.610352>) quick accessed a lock!
[09:24:23] Player (Luiz, 76561198008639541)(<9318.663086, 54.329174, 13091.610352>) quick accessed a lock!
[09:24:29] Player (Luiz, 76561198008639541)(<9318.663086, 54.329174, 13091.610352>) quick accessed a lock!
[09:27:41] Player (Luiz, 76561198008639541)(<9317.154297, 54.329174, 13091.982422>) quick accessed a lock!
[09:39:10] Player (Luiz, 76561198008639541)(<9318.663086, 54.329174, 13091.610352>) quick accessed a lock!
[10:01:50] Player (Luiz, 76561198008639541)(<9318.663086, 54.329174, 13091.610352>) quick accessed a lock!
[10:02:13] Player (Luiz, 76561198008639541)(<9318.663086, 54.329174, 13091.610352>) quick accessed a lock!
[10:04:00] Player (Luiz, 76561198008639541)(<9317.154297, 54.329174, 13091.982422>) quick accessed a lock!
[10:24:41] Player (Luiz, 76561198008639541)(<9318.663086, 54.329174, 13091.610352>) quick accessed a lock!
[10:25:10] Player (Luiz, 76561198008639541)(<9318.663086, 54.329174, 13091.610352>) quick accessed a lock!
[10:26:03] Player (Luiz, 76561198008639541)(<9317.154297, 54.329174, 13091.982422>) quick accessed a lock!
[10:30:28] Player (Luiz, 76561198008639541)(<9318.663086, 54.329174, 13091.610352>) quick accessed a lock!
[10:31:02] Player (Luiz, 76561198008639541)(<9318.663086, 54.329174, 13091.610352>) quick accessed a lock!
[10:32:30] Player (Luiz, 76561198008639541)(<9317.154297, 54.329174, 13091.982422>) quick accessed a lock!
[10:32:40] Player (Luiz, 76561198008639541)(<9317.154297, 54.329174, 13091.982422>) quick accessed a lock!
[12:45:35] Player (CONTROL, 76561197967168101)(<6044.596680, 34.846451, 10431.335938>) set a new passcode on lock!
[12:45:35] Player (CONTROL, 76561197967168101)(<6044.596680, 34.846451, 10431.335938>) claimed ownership of a lock!
[12:45:52] Player (CONTROL, 76561197967168101)(<6044.596680, 34.846451, 10431.335938>) quick accessed a lock!
[12-03-2024][13.00.24] Log file reloaded ( Server Restart )
[13:57:26] Player (Str8OutOfSakhal, 76561198059271375)(<7241.480957, 3.950430, 7825.958984>) quick accessed a lock!
[13:58:01] Player (Str8OutOfSakhal, 76561198059271375)(<7241.480957, 3.950430, 7825.958984>) quick accessed a lock!
[13:58:04] Player (Str8OutOfSakhal, 76561198059271375)(<7241.480957, 3.950430, 7825.958984>) quick accessed a lock!
[14:12:47] Player (Str8OutOfSakhal, 76561198059271375)(<7241.480957, 3.950430, 7825.958984>) quick accessed a lock!
[14:12:58] Player (Str8OutOfSakhal, 76561198059271375)(<7241.480957, 3.950430, 7825.958984>) quick accessed a lock!
[14:13:02] Player (Str8OutOfSakhal, 76561198059271375)(<7241.480957, 3.950430, 7825.958984>) quick accessed a lock!
[14:24:00] Player (CONTROL, 76561197967168101)(<6044.596680, 34.846451, 10431.335938>) quick accessed a lock!
[14:24:36] Player (CONTROL, 76561197967168101)(<6044.596680, 34.846451, 10431.335938>) quick accessed a lock!
[14:24:45] Player (Str8OutOfSakhal, 76561198059271375)(<7241.480957, 3.950430, 7825.958984>) quick accessed a lock!
[14:24:50] Player (Str8OutOfSakhal, 76561198059271375)(<7241.480957, 3.950430, 7825.958984>) quick accessed a lock!
[14:24:51] Player (Str8OutOfSakhal, 76561198059271375)(<7241.480957, 3.950430, 7825.958984>) quick accessed a lock!
[14:24:56] Player (Str8OutOfSakhal, 76561198059271375)(<7244.721680, 3.842066, 7828.232910>) quick accessed a lock!
[14:25:17] Player (Str8OutOfSakhal, 76561198059271375)(<7224.133301, 10.915239, 7848.691406>) quick accessed a lock!
[14:25:50] Player (Str8OutOfSakhal, 76561198059271375)(<7224.133301, 10.915239, 7848.691406>) quick accessed a lock!
[14:26:17] Player (Str8OutOfSakhal, 76561198059271375)(<7224.133301, 10.915239, 7848.691406>) quick accessed a lock!
[14:26:32] Player (CONTROL, 76561197967168101)(<6042.112793, 34.846451, 10435.593750>) set a new passcode on lock!
[14:26:32] Player (CONTROL, 76561197967168101)(<6042.112793, 34.846451, 10435.593750>) claimed ownership of a lock!
[14:26:37] Player (Str8OutOfSakhal, 76561198059271375)(<7244.721680, 3.842066, 7828.232910>) quick accessed a lock!
[14:26:42] Player (Str8OutOfSakhal, 76561198059271375)(<7241.480957, 3.950430, 7825.958984>) quick accessed a lock!
[14:27:42] Player (CONTROL, 76561197967168101)(<6042.112793, 34.846451, 10435.593750>) quick accessed a lock!
[15:08:13] Player (Luiz, 76561198008639541)(<9317.154297, 54.329174, 13091.982422>) quick accessed a lock!
[15:08:14] Player (Luiz, 76561198008639541)(<9318.663086, 54.329174, 13091.610352>) quick accessed a lock!
[15:08:27] Player (Luiz, 76561198008639541)(<9317.154297, 54.329174, 13091.982422>) quick accessed a lock!
[15:08:39] Player (Luiz, 76561198008639541)(<9318.663086, 54.329174, 13091.610352>) quick accessed a lock!
[15:10:49] Player (Florre1984, 76561198271304685)(<12457.237305, 48.206120, 8419.958008>) set a new passcode on lock!
[15:10:49] Player (Florre1984, 76561198271304685)(<12457.237305, 48.206120, 8419.958008>) claimed ownership of a lock!
[15:10:54] Player (Florre1984, 76561198271304685)(<12457.237305, 48.206120, 8419.958008>) quick accessed a lock!
[15:11:07] Player (Luiz, 76561199770341255)(<9317.154297, 54.329174, 13091.982422>) quick accessed a lock!
[15:11:14] Player (Florre1984, 76561198271304685)(<12457.237305, 48.206120, 8419.958008>) quick accessed a lock!
[15:17:12] Player (Florre1984, 76561198271304685)(<12457.237305, 48.206120, 8419.958008>) quick accessed a lock!
[15:20:27] Player (Florre1984, 76561198271304685)(<12457.237305, 48.206120, 8419.958008>) quick accessed a lock!
[15:21:23] Player (Florre1984, 76561198271304685)(<12457.237305, 48.206120, 8419.958008>) quick accessed a lock!
[15:21:37] Player (Florre1984, 76561198271304685)(<12457.237305, 48.206120, 8419.958008>) quick accessed a lock!
[15:21:52] Player (Florre1984, 76561198271304685)(<12457.237305, 48.206120, 8419.958008>) quick accessed a lock!
[15:23:06] Player (Str8OutOfSakhal, 76561198059271375)(<7241.480957, 3.950430, 7825.958984>) quick accessed a lock!
[15:23:15] Player (Str8OutOfSakhal, 76561198059271375)(<7244.721680, 3.842066, 7828.232910>) quick accessed a lock!
[15:23:27] Player (Str8OutOfSakhal, 76561198059271375)(<7244.721680, 3.842066, 7828.232910>) quick accessed a lock!
[15:23:31] Player (Str8OutOfSakhal, 76561198059271375)(<7241.480957, 3.950430, 7825.958984>) quick accessed a lock!
[15:23:45] Player (Florre1984, 76561198271304685)(<12457.237305, 48.206120, 8419.958008>) quick accessed a lock!
[15:28:51] Player (Str8OutOfSakhal, 76561198059271375)(<7241.480957, 3.950430, 7825.958984>) quick accessed a lock!
[15:29:10] Player (Str8OutOfSakhal, 76561198059271375)(<7244.721680, 3.842066, 7828.232910>) quick accessed a lock!
[15:29:15] Player (Str8OutOfSakhal, 76561198059271375)(<7244.721680, 3.842066, 7828.232910>) quick accessed a lock!
[15:29:16] Player (Florre1984, 76561198271304685)(<12457.237305, 48.206120, 8419.958008>) quick accessed a lock!
[15:29:17] Player (Str8OutOfSakhal, 76561198059271375)(<7241.480957, 3.950430, 7825.958984>) quick accessed a lock!
[15:29:48] Player (Florre1984, 76561198271304685)(<12457.237305, 48.206120, 8419.958008>) quick accessed a lock!
[12-03-2024][17.00.26] Log file reloaded ( Server Restart )
[17:40:05] Player (CONTROL, 76561197967168101)(<6044.596680, 34.846451, 10431.335938>) quick accessed a lock!
[17:40:48] Player (CONTROL, 76561197967168101)(<6044.596680, 34.846451, 10431.335938>) quick accessed a lock!
[17:45:04] Player (CONTROL, 76561197967168101)(<6044.596680, 34.846451, 10431.335938>) quick accessed a lock!
[18:52:17] Player (Luiz, 76561198008639541)(<9318.663086, 54.329174, 13091.610352>) quick accessed a lock!
[18:54:54] Player (Luiz, 76561198008639541)(<9318.663086, 54.329174, 13091.610352>) quick accessed a lock!
[18:55:31] Player (Luiz, 76561198008639541)(<9318.663086, 54.329174, 13091.610352>) quick accessed a lock!
[18:56:10] Player (Luiz, 76561198008639541)(<9318.663086, 54.329174, 13091.610352>) quick accessed a lock!
[18:56:23] Player (Luiz, 76561198008639541)(<9317.154297, 54.329174, 13091.982422>) quick accessed a lock!
[18:56:44] Player (Luiz, 76561198008639541)(<9318.663086, 54.329174, 13091.610352>) quick accessed a lock!
[18:57:08] Player (Luiz, 76561198008639541)(<9318.663086, 54.329174, 13091.610352>) quick accessed a lock!
[18:59:23] Player (Luiz, 76561198008639541)(<9317.154297, 54.329174, 13091.982422>) quick accessed a lock!
[18:59:37] Player (Luiz, 76561198008639541)(<9318.663086, 54.329174, 13091.610352>) quick accessed a lock!
[18:59:47] Player (Luiz, 76561198008639541)(<9318.663086, 54.329174, 13091.610352>) quick accessed a lock!
[19:00:34] Player (Luiz, 76561198008639541)(<9317.154297, 54.329174, 13091.982422>) quick accessed a lock!
[19:01:56] Player (Luiz, 76561198008639541)(<9318.663086, 54.329174, 13091.610352>) quick accessed a lock!
[19:02:33] Player (Luiz, 76561198008639541)(<9318.663086, 54.329174, 13091.610352>) quick accessed a lock!
[19:02:48] Player (Luiz, 76561198008639541)(<9317.154297, 54.329174, 13091.982422>) quick accessed a lock!
[19:05:18] Player (Luiz, 76561198008639541)(<9317.154297, 54.329174, 13091.982422>) quick accessed a lock!
[19:05:52] Player (Luiz, 76561198008639541)(<9317.154297, 54.329174, 13091.982422>) quick accessed a lock!
[19:05:53] Player (Luiz, 76561198008639541)(<9318.663086, 54.329174, 13091.610352>) quick accessed a lock!
[19:06:00] Player (Luiz, 76561198008639541)(<9317.154297, 54.329174, 13091.982422>) quick accessed a lock!
[19:06:09] Player (Luiz, 76561198008639541)(<9318.663086, 54.329174, 13091.610352>) quick accessed a lock!
[19:06:35] Player (Luiz, 76561198008639541)(<9317.154297, 54.329174, 13091.982422>) quick accessed a lock!
[19:07:10] Player (Luiz, 76561198008639541)(<9318.663086, 54.329174, 13091.610352>) quick accessed a lock!
[19:13:38] Player (Luiz, 76561198008639541)(<9318.663086, 54.329174, 13091.610352>) quick accessed a lock!
[19:14:30] Player (Luiz, 76561198008639541)(<9317.154297, 54.329174, 13091.982422>) quick accessed a lock!
[19:16:05] Player (Luiz, 76561198008639541)(<9318.663086, 54.329174, 13091.610352>) quick accessed a lock!
[19:16:43] Player (Luiz, 76561198008639541)(<9317.154297, 54.329174, 13091.982422>) quick accessed a lock!
[19:18:06] Player (Luiz, 76561198008639541)(<9318.663086, 54.329174, 13091.610352>) quick accessed a lock!
[19:20:45] Player (Luiz, 76561198008639541)(<9318.663086, 54.329174, 13091.610352>) quick accessed a lock!
[19:20:50] Player (Luiz, 76561198008639541)(<9317.154297, 54.329174, 13091.982422>) quick accessed a lock!
[19:21:09] Player (Luiz, 76561198008639541)(<9318.663086, 54.329174, 13091.610352>) quick accessed a lock!
[19:21:36] Player (Luiz, 76561198008639541)(<9318.663086, 54.329174, 13091.610352>) quick accessed a lock!
[19:21:41] Player (Luiz, 76561198008639541)(<9317.154297, 54.329174, 13091.982422>) quick accessed a lock!
[19:22:11] Player (Luiz, 76561198008639541)(<9318.663086, 54.329174, 13091.610352>) quick accessed a lock!
[19:24:58] Player (Luiz, 76561198008639541)(<9318.663086, 54.329174, 13091.610352>) quick accessed a lock!
[19:25:01] Player (Luiz, 76561198008639541)(<9317.154297, 54.329174, 13091.982422>) quick accessed a lock!
[19:25:18] Player (Luiz, 76561198008639541)(<9317.154297, 54.329174, 13091.982422>) quick accessed a lock!
[19:25:19] Player (Luiz, 76561198008639541)(<9318.663086, 54.329174, 13091.610352>) quick accessed a lock!
[19:25:34] Player (Luiz, 76561198008639541)(<9318.663086, 54.329174, 13091.610352>) quick accessed a lock!
[19:25:38] Player (Luiz, 76561198008639541)(<9317.154297, 54.329174, 13091.982422>) quick accessed a lock!
[19:26:56] Player (Luiz, 76561198008639541)(<9317.154297, 54.329174, 13091.982422>) quick accessed a lock!
[19:27:04] Player (Luiz, 76561198008639541)(<9318.663086, 54.329174, 13091.610352>) quick accessed a lock!
[19:30:08] Player ([GDF] BAL4COBACO, 76561198296387027)(<9318.663086, 54.329174, 13091.610352>) accessed a lock!
[19:30:08] Player ([GDF] BAL4COBACO, 76561198296387027)(<9318.663086, 54.329174, 13091.610352>) was added as a guest of a lock!
[19:30:19] Player ([GDF] BAL4COBACO, 76561198296387027)(<9317.154297, 54.329174, 13091.982422>) accessed a lock!
[19:30:19] Player ([GDF] BAL4COBACO, 76561198296387027)(<9317.154297, 54.329174, 13091.982422>) was added as a guest of a lock!
[19:30:51] Player (Luiz, 76561198008639541)(<9318.663086, 54.329174, 13091.610352>) quick accessed a lock!
[19:30:58] Player (Luiz, 76561198008639541)(<9318.663086, 54.329174, 13091.610352>) quick accessed a lock!
[19:32:49] Player (Luiz, 76561198008639541)(<9317.154297, 54.329174, 13091.982422>) quick accessed a lock!
[19:34:37] Player (Luiz, 76561198008639541)(<9317.154297, 54.329174, 13091.982422>) quick accessed a lock!
[19:40:03] Player (Luiz, 76561198008639541)(<9317.154297, 54.329174, 13091.982422>) quick accessed a lock!
[19:40:12] Player ([GDF] BAL4COBACO, 76561198296387027)(<9317.154297, 54.329174, 13091.982422>) quick accessed a lock!
[19:40:18] Player (Luiz, 76561198008639541)(<9317.154297, 54.329174, 13091.982422>) quick accessed a lock!
[19:40:21] Player (Luiz, 76561198008639541)(<9317.154297, 54.329174, 13091.982422>) quick accessed a lock!
[19:40:25] Player (Luiz, 76561198008639541)(<9318.663086, 54.329174, 13091.610352>) quick accessed a lock!
[19:40:33] Player (Luiz, 76561198008639541)(<9318.663086, 54.329174, 13091.610352>) quick accessed a lock!
[19:40:54] Player (Luiz, 76561198008639541)(<9318.663086, 54.329174, 13091.610352>) quick accessed a lock!
[19:44:05] Player ([GDF] BAL4COBACO, 76561198296387027)(<9318.663086, 54.329174, 13091.610352>) quick accessed a lock!
[19:52:28] Player (Luiz, 76561198008639541)(<9318.663086, 54.329174, 13091.610352>) quick accessed a lock!
[19:52:35] Player (Luiz, 76561198008639541)(<9317.154297, 54.329174, 13091.982422>) quick accessed a lock!
[19:53:13] Player (Luiz, 76561198008639541)(<9318.663086, 54.329174, 13091.610352>) quick accessed a lock!
[19:54:57] Player (Luiz, 76561198008639541)(<9318.663086, 54.329174, 13091.610352>) quick accessed a lock!
[19:55:00] Player (Luiz, 76561198008639541)(<9317.154297, 54.329174, 13091.982422>) quick accessed a lock!
[19:55:11] Player (Luiz, 76561198008639541)(<9318.663086, 54.329174, 13091.610352>) quick accessed a lock!
[19:55:55] Player (Luiz, 76561198008639541)(<9318.663086, 54.329174, 13091.610352>) quick accessed a lock!
[19:55:58] Player (Luiz, 76561198008639541)(<9317.154297, 54.329174, 13091.982422>) quick accessed a lock!
[19:56:09] Player (Luiz, 76561198008639541)(<9318.663086, 54.329174, 13091.610352>) quick accessed a lock!
[19:56:20] Player (Luiz, 76561198008639541)(<9318.663086, 54.329174, 13091.610352>) quick accessed a lock!
[19:57:29] Player (Luiz, 76561198008639541)(<9317.154297, 54.329174, 13091.982422>) quick accessed a lock!
[19:57:37] Player (Luiz, 76561198008639541)(<9318.663086, 54.329174, 13091.610352>) quick accessed a lock!
[19:57:38] Player ([GDF] BAL4COBACO, 76561198296387027)(<9318.663086, 54.329174, 13091.610352>) quick accessed a lock!
[19:57:40] Player ([GDF] BAL4COBACO, 76561198296387027)(<9318.663086, 54.329174, 13091.610352>) quick accessed a lock!
[19:58:05] Player ([GDF] BAL4COBACO, 76561198296387027)(<9318.663086, 54.329174, 13091.610352>) quick accessed a lock!
[19:58:32] Player (Luiz, 76561198008639541)(<9317.154297, 54.329174, 13091.982422>) quick accessed a lock!
[19:59:21] Player (Luiz, 76561198008639541)(<9318.663086, 54.329174, 13091.610352>) quick accessed a lock!
[19:59:25] Player ([GDF] BAL4COBACO, 76561198296387027)(<9317.154297, 54.329174, 13091.982422>) quick accessed a lock!
[19:59:54] Player (Luiz, 76561198008639541)(<9318.663086, 54.329174, 13091.610352>) quick accessed a lock!
[19:59:57] Player ([GDF] BAL4COBACO, 76561198296387027)(<9318.663086, 54.329174, 13091.610352>) quick accessed a lock!
[20:00:21] Player (Luiz, 76561198008639541)(<9318.663086, 54.329174, 13091.610352>) quick accessed a lock!
[20:00:45] Player (Luiz, 76561198008639541)(<9317.154297, 54.329174, 13091.982422>) quick accessed a lock!
[20:02:15] Player (Luiz, 76561198008639541)(<9317.154297, 54.329174, 13091.982422>) quick accessed a lock!
[20:04:32] Player (Luiz, 76561198008639541)(<9318.663086, 54.329174, 13091.610352>) quick accessed a lock!
[12-03-2024][21.00.24] Log file reloaded ( Server Restart )
[21:12:33] Player (Luiz, 76561198008639541)(<9318.663086, 54.329174, 13091.610352>) quick accessed a lock!
[21:12:37] Player (Luiz, 76561198008639541)(<9317.154297, 54.329174, 13091.982422>) quick accessed a lock!
[21:13:52] Player (Luiz, 76561198008639541)(<9318.663086, 54.329174, 13091.610352>) quick accessed a lock!
[21:27:59] Player ([GDF] BAL4COBACO, 76561198296387027)(<9318.663086, 54.329174, 13091.610352>) quick accessed a lock!
[21:28:01] Player ([GDF] BAL4COBACO, 76561198296387027)(<9317.154297, 54.329174, 13091.982422>) quick accessed a lock!
[21:30:40] Player ([GDF] BAL4COBACO, 76561198296387027)(<9317.154297, 54.329174, 13091.982422>) quick accessed a lock!
[21:32:59] Player (Luiz, 76561198008639541)(<9318.663086, 54.329174, 13091.610352>) quick accessed a lock!
[21:33:29] Player ([GDF] BAL4COBACO, 76561198296387027)(<9318.663086, 54.329174, 13091.610352>) quick accessed a lock!
[21:33:48] Player (Luiz, 76561198008639541)(<9318.663086, 54.329174, 13091.610352>) quick accessed a lock!
[21:33:58] Player ([GDF] BAL4COBACO, 76561198296387027)(<9317.154297, 54.329174, 13091.982422>) quick accessed a lock!
[21:34:01] Player ([GDF] BAL4COBACO, 76561198296387027)(<9318.663086, 54.329174, 13091.610352>) quick accessed a lock!
[21:35:54] Player (Luiz, 76561198008639541)(<9318.663086, 54.329174, 13091.610352>) quick accessed a lock!
[21:36:16] Player ([GDF] BAL4COBACO, 76561198296387027)(<9318.663086, 54.329174, 13091.610352>) quick accessed a lock!
[21:36:19] Player ([GDF] BAL4COBACO, 76561198296387027)(<9318.663086, 54.329174, 13091.610352>) quick accessed a lock!
[21:36:30] Player ([GDF] BAL4COBACO, 76561198296387027)(<9318.663086, 54.329174, 13091.610352>) quick accessed a lock!
[21:37:00] Player ([GDF] BAL4COBACO, 76561198296387027)(<9318.663086, 54.329174, 13091.610352>) quick accessed a lock!
[21:37:49] Player ([GDF] BAL4COBACO, 76561198296387027)(<9317.154297, 54.329174, 13091.982422>) quick accessed a lock!
[21:37:52] Player ([GDF] BAL4COBACO, 76561198296387027)(<9317.154297, 54.329174, 13091.982422>) quick accessed a lock!
[21:38:06] Player ([GDF] BAL4COBACO, 76561198296387027)(<9317.154297, 54.329174, 13091.982422>) quick accessed a lock!
[21:38:48] Player ([GDF] BAL4COBACO, 76561198296387027)(<9318.663086, 54.329174, 13091.610352>) quick accessed a lock!
[21:39:05] Player ([GDF] BAL4COBACO, 76561198296387027)(<9318.663086, 54.329174, 13091.610352>) quick accessed a lock!
[21:40:57] Player (Luiz, 76561198008639541)(<9318.663086, 54.329174, 13091.610352>) quick accessed a lock!
[21:41:34] Player (Luiz, 76561198008639541)(<9318.663086, 54.329174, 13091.610352>) quick accessed a lock!
[21:41:41] Player (Luiz, 76561198008639541)(<9318.663086, 54.329174, 13091.610352>) quick accessed a lock!
[21:45:47] Player (Luiz, 76561198008639541)(<9318.663086, 54.329174, 13091.610352>) quick accessed a lock!
[21:45:50] Player (Luiz, 76561198008639541)(<9317.154297, 54.329174, 13091.982422>) quick accessed a lock!
[21:46:26] Player ([GDF] BAL4COBACO, 76561198296387027)(<9318.663086, 54.329174, 13091.610352>) quick accessed a lock!
[21:47:08] Player (Luiz, 76561198008639541)(<9317.154297, 54.329174, 13091.982422>) quick accessed a lock!
[21:47:49] Player (Luiz, 76561198008639541)(<9318.663086, 54.329174, 13091.610352>) quick accessed a lock!
[21:48:01] Player (Luiz, 76561198008639541)(<9318.663086, 54.329174, 13091.610352>) quick accessed a lock!
[21:48:06] Player ([GDF] BAL4COBACO, 76561198296387027)(<9317.154297, 54.329174, 13091.982422>) quick accessed a lock!
[21:50:50] Player (Luiz, 76561198008639541)(<9318.663086, 54.329174, 13091.610352>) quick accessed a lock!
[21:50:58] Player ([GDF] BAL4COBACO, 76561198296387027)(<9317.154297, 54.329174, 13091.982422>) quick accessed a lock!
[21:51:00] Player ([GDF] BAL4COBACO, 76561198296387027)(<9318.663086, 54.329174, 13091.610352>) quick accessed a lock!
[22:06:15] Player (SlickDaddy187, 76561199086507158)(<7241.480957, 3.950430, 7825.958984>) quick accessed a lock!
[22:26:49] Player (Luiz, 76561198008639541)(<9318.663086, 54.329174, 13091.610352>) quick accessed a lock!
[22:26:56] Player (Luiz, 76561198008639541)(<9317.154297, 54.329174, 13091.982422>) quick accessed a lock!
[22:32:08] Player (Luiz, 76561198008639541)(<9317.154297, 54.329174, 13091.982422>) quick accessed a lock!
[22:33:56] Player (Luiz, 76561198008639541)(<9318.663086, 54.329174, 13091.610352>) quick accessed a lock!
[22:54:03] Player (Luiz, 76561198008639541)(<9318.663086, 54.329174, 13091.610352>) quick accessed a lock!
[22:54:10] Player (Luiz, 76561198008639541)(<9317.154297, 54.329174, 13091.982422>) quick accessed a lock!
[22:57:02] Player (Luiz, 76561198008639541)(<9317.154297, 54.329174, 13091.982422>) quick accessed a lock!
[22:57:05] Player (Luiz, 76561198008639541)(<9318.663086, 54.329174, 13091.610352>) quick accessed a lock!
[22:57:28] Player (Luiz, 76561198008639541)(<9318.663086, 54.329174, 13091.610352>) quick accessed a lock!
[22:57:31] Player (Luiz, 76561198008639541)(<9317.154297, 54.329174, 13091.982422>) quick accessed a lock!
[22:58:43] Player (Luiz, 76561198008639541)(<9318.663086, 54.329174, 13091.610352>) quick accessed a lock!
[23:24:13] Player (Luiz, 76561198008639541)(<9666.972656, 10.980086, 13563.481445>) set a new passcode on lock!
[23:24:13] Player (Luiz, 76561198008639541)(<9666.972656, 10.980086, 13563.481445>) claimed ownership of a lock!
[23:24:16] Player (Luiz, 76561198008639541)(<9666.972656, 10.980086, 13563.481445>) quick accessed a lock!
[23:24:37] Player (Luiz, 76561198008639541)(<9666.972656, 10.980086, 13563.481445>) quick accessed a lock!
[23:25:52] Player (Luiz, 76561198008639541)(<9666.972656, 10.980086, 13563.481445>) quick accessed a lock!
[23:25:59] Player (Luiz, 76561198008639541)(<9666.972656, 10.980086, 13563.481445>) quick accessed a lock!
