[12-10-2024][00.00.20] New Access Log File Created!
[01:17:46] Player (CONTROL, 76561197967168101)(<6042.112793, 34.846451, 10435.593750>) quick accessed a lock!
[01:19:48] Player (CONTROL, 76561197967168101)(<6044.596680, 34.846451, 10431.335938>) quick accessed a lock!
[01:21:19] Player (CONTROL, 76561197967168101)(<6044.596680, 34.846451, 10431.335938>) quick accessed a lock!
[01:21:22] Player (CONTROL, 76561197967168101)(<6042.112793, 34.846451, 10435.593750>) quick accessed a lock!
[12-10-2024][05.00.20] Log file reloaded ( Server Restart )
[12-10-2024][09.00.20] Log file reloaded ( Server Restart )
[09:03:25] Player (Luiz, 76561199770341255)(<7355.576172, 81.730453, 12388.914063>) quick accessed a lock!
[09:03:26] Player (Luiz, 76561199770341255)(<7355.812500, 81.730453, 12388.950195>) quick accessed a lock!
[09:03:43] Player (Luiz, 76561199770341255)(<7355.812500, 81.730453, 12388.950195>) quick accessed a lock!
[09:13:38] Player (Luiz, 76561199770341255)(<7355.576172, 81.730453, 12388.914063>) quick accessed a lock!
[09:13:39] Player (Luiz, 76561199770341255)(<7355.812500, 81.730453, 12388.950195>) quick accessed a lock!
[10:31:59] Player (Luiz, 76561199770341255)(<7355.576172, 81.730453, 12388.914063>) quick accessed a lock!
[10:32:00] Player (Luiz, 76561199770341255)(<7355.812500, 81.730453, 12388.950195>) quick accessed a lock!
[11:22:37] Player (Luiz, 76561199770341255)(<9318.663086, 54.329174, 13091.610352>) quick accessed a lock!
[11:22:42] Player (Luiz, 76561199770341255)(<9317.154297, 54.329174, 13091.982422>) quick accessed a lock!
[11:22:43] Player (Luiz, 76561199770341255)(<9316.858398, 54.329174, 13092.093750>) quick accessed a lock!
[11:25:16] Player (Luiz, 76561199770341255)(<9318.663086, 54.329174, 13091.610352>) quick accessed a lock!
[11:25:17] Player (Luiz, 76561199770341255)(<9317.154297, 54.329174, 13091.982422>) quick accessed a lock!
[11:25:19] Player (Luiz, 76561199770341255)(<9316.858398, 54.329174, 13092.093750>) quick accessed a lock!
[11:25:46] Player (Luiz, 76561199770341255)(<9317.154297, 54.329174, 13091.982422>) quick accessed a lock!
[11:26:53] Player (Luiz, 76561199770341255)(<9318.663086, 54.329174, 13091.610352>) quick accessed a lock!
[11:30:01] Player (Luiz, 76561199770341255)(<9317.154297, 54.329174, 13091.982422>) quick accessed a lock!
[11:30:05] Player (Luiz, 76561199770341255)(<9317.154297, 54.329174, 13091.982422>) quick accessed a lock!
[11:30:06] Player (Luiz, 76561199770341255)(<9316.858398, 54.329174, 13092.093750>) quick accessed a lock!
[11:32:36] Player (Luiz, 76561199770341255)(<9318.663086, 54.329174, 13091.610352>) quick accessed a lock!
[11:45:42] Player (Luiz, 76561199770341255)(<9318.663086, 54.329174, 13091.610352>) quick accessed a lock!
[11:45:51] Player (Luiz, 76561199770341255)(<9318.663086, 54.329174, 13091.610352>) quick accessed a lock!
[11:46:33] Player (Luiz, 76561199770341255)(<9318.663086, 54.329174, 13091.610352>) quick accessed a lock!
[11:47:10] Player (Luiz, 76561199770341255)(<9318.663086, 54.329174, 13091.610352>) quick accessed a lock!
[11:47:31] Player (Luiz, 76561199770341255)(<9318.663086, 54.329174, 13091.610352>) quick accessed a lock!
[11:48:53] Player (Luiz, 76561199770341255)(<9317.154297, 54.329174, 13091.982422>) quick accessed a lock!
[11:48:54] Player (Luiz, 76561199770341255)(<9316.858398, 54.329174, 13092.093750>) quick accessed a lock!
[11:59:42] Player (Luiz, 76561199770341255)(<9318.663086, 54.329174, 13091.610352>) quick accessed a lock!
[12:03:37] Player (Luiz, 76561199770341255)(<9318.663086, 54.329174, 13091.610352>) quick accessed a lock!
[12:43:47] Player (Luiz, 76561199770341255)(<9317.154297, 54.329174, 13091.982422>) quick accessed a lock!
[12:43:48] Player (Luiz, 76561199770341255)(<9316.858398, 54.329174, 13092.093750>) quick accessed a lock!
[12:44:45] Player (Luiz, 76561199770341255)(<9318.663086, 54.329174, 13091.610352>) quick accessed a lock!
[12:53:04] Player (Luiz, 76561199770341255)(<7355.812500, 81.730453, 12388.950195>) quick accessed a lock!
[12:53:07] Player (Luiz, 76561199770341255)(<7355.576172, 81.730453, 12388.914063>) quick accessed a lock!
[12:53:36] Player (Luiz, 76561199770341255)(<7355.812500, 81.730453, 12388.950195>) quick accessed a lock!
[12:56:17] Player (Luiz, 76561199770341255)(<7355.576172, 81.730453, 12388.914063>) quick accessed a lock!
[12:56:18] Player (Luiz, 76561199770341255)(<7355.812500, 81.730453, 12388.950195>) quick accessed a lock!
[12:56:40] Player (Luiz, 76561199770341255)(<7355.812500, 81.730453, 12388.950195>) quick accessed a lock!
[12:56:46] Player (Luiz, 76561199770341255)(<7355.576172, 81.730453, 12388.914063>) quick accessed a lock!
[12-10-2024][13.00.23] Log file reloaded ( Server Restart )
[13:26:07] Player (Casey, 76561199643612211)(<8899.131836, 15.554780, 1105.990234>) quick accessed a lock!
[13:26:10] Player (Casey, 76561199643612211)(<8909.085938, 15.889824, 1105.763916>) quick accessed a lock!
[13:31:02] Player (Casey, 76561199643612211)(<8909.085938, 15.889824, 1105.763916>) quick accessed a lock!
[14:35:50] Player (Draco, 76561198302078718)(<7244.721680, 3.842066, 7828.232910>) quick accessed a lock!
[16:06:17] Player (Luiz, 76561199770341255)(<7355.576172, 81.730453, 12388.914063>) quick accessed a lock!
[16:06:18] Player (Luiz, 76561199770341255)(<7355.812500, 81.730453, 12388.950195>) quick accessed a lock!
[16:06:22] Player (Luiz, 76561199770341255)(<7355.812500, 81.730453, 12388.950195>) quick accessed a lock!
[16:06:59] Player (Luiz, 76561199770341255)(<7355.812500, 81.730453, 12388.950195>) quick accessed a lock!
[16:07:31] Player (Luiz, 76561199770341255)(<7355.576172, 81.730453, 12388.914063>) quick accessed a lock!
[16:07:32] Player (Luiz, 76561199770341255)(<7355.812500, 81.730453, 12388.950195>) quick accessed a lock!
[16:08:02] Player (Luiz, 76561199770341255)(<7355.812500, 81.730453, 12388.950195>) quick accessed a lock!
[16:16:29] Player (Luiz, 76561199770341255)(<7355.576172, 81.730453, 12388.914063>) quick accessed a lock!
[16:16:30] Player (Luiz, 76561199770341255)(<7355.812500, 81.730453, 12388.950195>) quick accessed a lock!
[12-10-2024][17.00.23] Log file reloaded ( Server Restart )
[20:40:05] Player (Casey, 76561199643612211)(<8909.085938, 15.889824, 1105.763916>) quick accessed a lock!
[20:40:11] Player (Casey, 76561199643612211)(<8899.131836, 15.554780, 1105.990234>) quick accessed a lock!
[20:45:04] Player (Casey, 76561199643612211)(<8899.131836, 15.554780, 1105.990234>) quick accessed a lock!
[20:45:07] Player (Casey, 76561199643612211)(<8909.085938, 15.889824, 1105.763916>) quick accessed a lock!
[20:48:59] Player (Casey, 76561199643612211)(<8909.085938, 15.889824, 1105.763916>) quick accessed a lock!
[20:53:17] Player (Casey, 76561199643612211)(<8909.085938, 15.889824, 1105.763916>) quick accessed a lock!
[20:54:21] Player (Draco, 76561198302078718)(<4870.733887, 5.627413, 11321.759766>) set a new passcode on lock!
[20:54:21] Player (Draco, 76561198302078718)(<4870.733887, 5.627413, 11321.759766>) claimed ownership of a lock!
[20:54:24] Player (Draco, 76561198302078718)(<4870.733887, 5.627413, 11321.759766>) quick accessed a lock!
[12-10-2024][21.00.22] Log file reloaded ( Server Restart )
[21:26:45] Player (Casey, 76561199643612211)(<8909.085938, 15.889824, 1105.763916>) quick accessed a lock!
[21:27:14] Player (Casey, 76561199643612211)(<8909.085938, 15.889824, 1105.763916>) quick accessed a lock!
[21:30:20] Player (Casey, 76561199643612211)(<8909.085938, 15.889824, 1105.763916>) quick accessed a lock!
[21:34:09] Player (Casey, 76561199643612211)(<8909.085938, 15.889824, 1105.763916>) quick accessed a lock!
[21:42:12] Player (Casey, 76561199643612211)(<8909.085938, 15.889824, 1105.763916>) quick accessed a lock!
[21:45:22] Player (Draco, 76561198302078718)(<4870.733887, 5.627413, 11321.759766>) quick accessed a lock!
[22:35:39] Player (Casey, 76561199643612211)(<8909.085938, 15.889824, 1105.763916>) quick accessed a lock!
[22:35:46] Player (Casey, 76561199643612211)(<8899.131836, 15.554780, 1105.990234>) quick accessed a lock!
[22:37:16] Player (Draco, 76561198302078718)(<4870.733887, 5.627413, 11321.759766>) quick accessed a lock!
[22:38:21] Player (Casey, 76561199643612211)(<8899.131836, 15.554780, 1105.990234>) quick accessed a lock!
[22:38:24] Player (Casey, 76561199643612211)(<8909.085938, 15.889824, 1105.763916>) quick accessed a lock!
[22:39:14] Player (Casey, 76561199643612211)(<8909.085938, 15.889824, 1105.763916>) quick accessed a lock!
[22:39:39] Player (Draco, 76561198302078718)(<4870.733887, 5.627413, 11321.759766>) quick accessed a lock!
[23:42:43] Player (CONTROL, 76561197967168101)(<6042.112793, 34.846451, 10435.593750>) quick accessed a lock!
[23:45:44] Player (CONTROL, 76561197967168101)(<6042.112793, 34.846451, 10435.593750>) quick accessed a lock!
[23:45:58] Player (CONTROL, 76561197967168101)(<6044.596680, 34.846451, 10431.335938>) quick accessed a lock!
[23:49:19] Player (CONTROL, 76561197967168101)(<6044.596680, 34.846451, 10431.335938>) quick accessed a lock!
