[12-15-2024][00.00.22] New Access Log File Created!
[04:16:13] Player (Daryl Dixon, 76561199573099150)(<8909.085938, 15.889824, 1105.763916>) quick accessed a lock!
[04:16:19] Player (Daryl Dixon, 76561199573099150)(<8899.131836, 15.554780, 1105.990234>) quick accessed a lock!
[12-15-2024][05.00.22] Log file reloaded ( Server Restart )
[07:09:00] Player (Draco, 76561198302078718)(<4870.733887, 5.627413, 11321.759766>) quick accessed a lock!
[07:09:02] Player (Draco, 76561198302078718)(<4870.733887, 5.627413, 11321.759766>) quick accessed a lock!
[07:11:29] Player (Draco, 76561198302078718)(<4870.733887, 5.627413, 11321.759766>) quick accessed a lock!
[07:12:24] Player (Draco, 76561198302078718)(<4870.733887, 5.627413, 11321.759766>) quick accessed a lock!
[07:13:21] Player (Draco, 76561198302078718)(<4870.733887, 5.627413, 11321.759766>) quick accessed a lock!
[07:16:21] Player (Draco, 76561198302078718)(<4860.642578, 5.412148, 11283.935547>) set a new passcode on lock!
[07:16:21] Player (Draco, 76561198302078718)(<4860.642578, 5.412148, 11283.935547>) claimed ownership of a lock!
[07:18:35] Player (Draco, 76561198302078718)(<4870.733887, 5.627413, 11321.759766>) quick accessed a lock!
[07:19:01] Player (Draco, 76561198302078718)(<4870.733887, 5.627413, 11321.759766>) quick accessed a lock!
[07:19:17] Player (Draco, 76561198302078718)(<4870.733887, 5.627413, 11321.759766>) quick accessed a lock!
[07:19:23] Player (Draco, 76561198302078718)(<4870.733887, 5.627413, 11321.759766>) quick accessed a lock!
[07:19:44] Player (Draco, 76561198302078718)(<4860.642578, 5.412148, 11283.935547>) quick accessed a lock!
[07:28:18] Player (Draco, 76561198302078718)(<7244.721680, 3.842066, 7828.232910>) quick accessed a lock!
[07:28:21] Player (Draco, 76561198302078718)(<7241.480957, 3.950430, 7825.958984>) quick accessed a lock!
[07:32:09] Player (Draco, 76561198302078718)(<7244.721680, 3.842066, 7828.232910>) quick accessed a lock!
[07:34:01] Player (Draco, 76561198302078718)(<7244.721680, 3.842066, 7828.232910>) quick accessed a lock!
[07:34:21] Player (Draco, 76561198302078718)(<7244.721680, 3.842066, 7828.232910>) quick accessed a lock!
[07:35:42] Player (Draco, 76561198302078718)(<7244.721680, 3.842066, 7828.232910>) quick accessed a lock!
[07:36:03] Player (Draco, 76561198302078718)(<7244.721680, 3.842066, 7828.232910>) quick accessed a lock!
[07:36:38] Player (Draco, 76561198302078718)(<7244.721680, 3.842066, 7828.232910>) quick accessed a lock!
[07:36:57] Player (Draco, 76561198302078718)(<7244.721680, 3.842066, 7828.232910>) quick accessed a lock!
[07:37:50] Player (Draco, 76561198302078718)(<7244.721680, 3.842066, 7828.232910>) quick accessed a lock!
[07:38:19] Player (Draco, 76561198302078718)(<7244.721680, 3.842066, 7828.232910>) quick accessed a lock!
[07:40:52] Player (Draco, 76561198302078718)(<7241.480957, 3.950430, 7825.958984>) quick accessed a lock!
[07:41:25] Player (Draco, 76561198302078718)(<7241.480957, 3.950430, 7825.958984>) quick accessed a lock!
[07:42:35] Player (Draco, 76561198302078718)(<7244.721680, 3.842066, 7828.232910>) quick accessed a lock!
[07:42:37] Player (Draco, 76561198302078718)(<7241.480957, 3.950430, 7825.958984>) quick accessed a lock!
[07:42:41] Player (Draco, 76561198302078718)(<7241.480957, 3.950430, 7825.958984>) quick accessed a lock!
[07:43:39] Player (Luiz, 76561198008639541)(<7334.545410, 81.730453, 12396.727539>) quick accessed a lock!
[07:43:40] Player (Luiz, 76561198008639541)(<7334.615234, 81.730453, 12396.931641>) quick accessed a lock!
[07:43:41] Player (Luiz, 76561198008639541)(<7334.590332, 81.730453, 12397.067383>) quick accessed a lock!
[07:46:00] Player (Luiz, 76561198008639541)(<7355.812500, 81.730453, 12388.950195>) quick accessed a lock!
[07:46:16] Player (Luiz, 76561198008639541)(<7334.590332, 81.730453, 12397.067383>) quick accessed a lock!
[07:46:19] Player (Luiz, 76561198008639541)(<7334.615234, 81.730453, 12396.931641>) quick accessed a lock!
[07:46:21] Player (Luiz, 76561198008639541)(<7334.545410, 81.730453, 12396.727539>) quick accessed a lock!
[07:46:25] Player (Luiz, 76561198008639541)(<7334.545410, 81.730453, 12396.727539>) quick accessed a lock!
[07:52:10] Player (Luiz, 76561198008639541)(<7334.545410, 81.730453, 12396.727539>) quick accessed a lock!
[07:52:12] Player (Luiz, 76561198008639541)(<7334.615234, 81.730453, 12396.931641>) quick accessed a lock!
[07:52:12] Player (Luiz, 76561198008639541)(<7334.590332, 81.730453, 12397.067383>) quick accessed a lock!
[07:52:46] Player (Luiz, 76561198008639541)(<7334.590332, 81.730453, 12397.067383>) quick accessed a lock!
[07:52:53] Player (Luiz, 76561198008639541)(<7334.590332, 81.730453, 12397.067383>) quick accessed a lock!
[07:53:16] Player (Luiz, 76561198008639541)(<7334.590332, 81.730453, 12397.067383>) quick accessed a lock!
[08:01:28] Player (Luiz, 76561198008639541)(<7355.576172, 81.730453, 12388.914063>) set a new passcode on lock!
[08:01:28] Player (Luiz, 76561198008639541)(<7355.576172, 81.730453, 12388.914063>) claimed ownership of a lock!
[08:04:11] Player (Draco, 76561198302078718)(<4870.733887, 5.627413, 11321.759766>) quick accessed a lock!
[08:09:27] Player (Luiz, 76561198008639541)(<7355.576172, 81.730453, 12388.914063>) quick accessed a lock!
[08:13:57] Player (Luiz, 76561198008639541)(<7355.812500, 81.730453, 12388.950195>) quick accessed a lock!
[08:23:06] Player (Draco, 76561198302078718)(<4860.642578, 5.412148, 11283.935547>) quick accessed a lock!
[08:24:32] Player (Luiz, 76561198008639541)(<7334.545410, 81.730453, 12396.727539>) quick accessed a lock!
[08:24:34] Player (Luiz, 76561198008639541)(<7334.615234, 81.730453, 12396.931641>) quick accessed a lock!
[08:24:35] Player (Luiz, 76561198008639541)(<7334.590332, 81.730453, 12397.067383>) quick accessed a lock!
[08:44:17] Player ([GDF] BAL4COBACO, 76561198296387027)(<7334.545410, 81.730453, 12396.727539>) quick accessed a lock!
[08:44:18] Player ([GDF] BAL4COBACO, 76561198296387027)(<7334.615234, 81.730453, 12396.931641>) quick accessed a lock!
[08:44:19] Player ([GDF] BAL4COBACO, 76561198296387027)(<7334.590332, 81.730453, 12397.067383>) quick accessed a lock!
[08:44:37] Player ([GDF] BAL4COBACO, 76561198296387027)(<7334.615234, 81.730453, 12396.931641>) quick accessed a lock!
[08:52:40] Player (Big_Steve, 76561198071307767)(<9481.520508, 95.982422, 10884.832031>) set a new passcode on lock!
[08:52:40] Player (Big_Steve, 76561198071307767)(<9481.520508, 95.982422, 10884.832031>) claimed ownership of a lock!
[08:52:47] Player (Big_Steve, 76561198071307767)(<9481.520508, 95.982422, 10884.832031>) quick accessed a lock!
[08:53:12] Player (Big_Steve, 76561198071307767)(<9481.520508, 95.982422, 10884.832031>) quick accessed a lock!
[08:54:04] Player (Big_Steve, 76561198071307767)(<9481.520508, 95.982422, 10884.832031>) quick accessed a lock!
[08:54:28] Player (Big_Steve, 76561198071307767)(<9481.520508, 95.982422, 10884.832031>) accessed a lock!
[08:54:28] Player (Big_Steve, 76561198071307767)(<9481.520508, 95.982422, 10884.832031>) was added as a guest of a lock!
[12-15-2024][09.00.21] Log file reloaded ( Server Restart )
[09:01:41] Player (Big_Steve, 76561198071307767)(<9481.520508, 95.982422, 10884.832031>) quick accessed a lock!
[09:02:31] Player ([GDF] BAL4COBACO, 76561198296387027)(<7334.545410, 81.730453, 12396.727539>) quick accessed a lock!
[09:03:14] Player ([GDF] BAL4COBACO, 76561198296387027)(<7334.590332, 81.730453, 12397.067383>) quick accessed a lock!
[09:03:16] Player ([GDF] BAL4COBACO, 76561198296387027)(<7334.615234, 81.730453, 12396.931641>) quick accessed a lock!
[09:03:18] Player ([GDF] BAL4COBACO, 76561198296387027)(<7334.545410, 81.730453, 12396.727539>) quick accessed a lock!
[09:03:29] Player ([GDF] BAL4COBACO, 76561198296387027)(<7334.545410, 81.730453, 12396.727539>) quick accessed a lock!
[09:03:35] Player ([GDF] BAL4COBACO, 76561198296387027)(<7334.590332, 81.730453, 12397.067383>) quick accessed a lock!
[09:03:56] Player ([GDF] BAL4COBACO, 76561198296387027)(<7334.545410, 81.730453, 12396.727539>) quick accessed a lock!
[09:03:57] Player ([GDF] BAL4COBACO, 76561198296387027)(<7334.615234, 81.730453, 12396.931641>) quick accessed a lock!
[09:03:58] Player ([GDF] BAL4COBACO, 76561198296387027)(<7334.590332, 81.730453, 12397.067383>) quick accessed a lock!
[09:09:26] Player (Luiz, 76561198008639541)(<7334.545410, 81.730453, 12396.727539>) quick accessed a lock!
[09:09:27] Player (Luiz, 76561198008639541)(<7334.615234, 81.730453, 12396.931641>) quick accessed a lock!
[09:09:28] Player (Luiz, 76561198008639541)(<7334.590332, 81.730453, 12397.067383>) quick accessed a lock!
[09:09:48] Player (Luiz, 76561198008639541)(<7334.590332, 81.730453, 12397.067383>) quick accessed a lock!
[09:44:45] Player (Florre1984, 76561198271304685)(<12457.237305, 48.206120, 8419.958008>) quick accessed a lock!
[09:48:49] Player (Florre1984, 76561198271304685)(<12457.237305, 48.206120, 8419.958008>) quick accessed a lock!
[10:07:37] Player (Florre1984, 76561198271304685)(<12457.237305, 48.206120, 8419.958008>) quick accessed a lock!
[10:08:06] Player (Florre1984, 76561198271304685)(<12457.237305, 48.206120, 8419.958008>) quick accessed a lock!
[10:08:39] Player (Florre1984, 76561198271304685)(<12457.237305, 48.206120, 8419.958008>) quick accessed a lock!
[10:17:46] Player (Florre1984, 76561198271304685)(<12457.237305, 48.206120, 8419.958008>) quick accessed a lock!
[12:30:51] Player (Daryl Dixon, 76561199573099150)(<8899.131836, 15.554780, 1105.990234>) quick accessed a lock!
[12:30:57] Player (Daryl Dixon, 76561199573099150)(<8909.085938, 15.889824, 1105.763916>) quick accessed a lock!
[12-15-2024][13.00.24] Log file reloaded ( Server Restart )
[13:09:41] Player (luizredfield30, 76561198008639541)(<7334.590332, 81.730453, 12397.067383>) quick accessed a lock!
[13:09:45] Player (luizredfield30, 76561198008639541)(<7334.615234, 81.730453, 12396.931641>) quick accessed a lock!
[13:09:47] Player (luizredfield30, 76561198008639541)(<7334.545410, 81.730453, 12396.727539>) quick accessed a lock!
[13:10:00] Player (luizredfield30, 76561198008639541)(<7334.545410, 81.730453, 12396.727539>) quick accessed a lock!
[13:22:31] Player (luizredfield30, 76561198008639541)(<7334.545410, 81.730453, 12396.727539>) quick accessed a lock!
[13:22:32] Player (luizredfield30, 76561198008639541)(<7334.615234, 81.730453, 12396.931641>) quick accessed a lock!
[13:22:33] Player (luizredfield30, 76561198008639541)(<7334.590332, 81.730453, 12397.067383>) quick accessed a lock!
[13:43:59] Player (luizredfield30, 76561198008639541)(<7334.590332, 81.730453, 12397.067383>) quick accessed a lock!
[13:44:03] Player (luizredfield30, 76561198008639541)(<7334.615234, 81.730453, 12396.931641>) quick accessed a lock!
[13:44:05] Player (luizredfield30, 76561198008639541)(<7334.545410, 81.730453, 12396.727539>) quick accessed a lock!
[13:44:51] Player (luizredfield30, 76561198008639541)(<7334.545410, 81.730453, 12396.727539>) quick accessed a lock!
[13:45:54] Player (luizredfield30, 76561198008639541)(<7334.545410, 81.730453, 12396.727539>) quick accessed a lock!
[13:45:55] Player (luizredfield30, 76561198008639541)(<7334.615234, 81.730453, 12396.931641>) quick accessed a lock!
[13:45:56] Player (luizredfield30, 76561198008639541)(<7334.590332, 81.730453, 12397.067383>) quick accessed a lock!
[13:46:28] Player (luizredfield30, 76561198008639541)(<7334.590332, 81.730453, 12397.067383>) quick accessed a lock!
[13:54:44] Player (luizredfield30, 76561198008639541)(<7334.545410, 81.730453, 12396.727539>) quick accessed a lock!
[13:54:46] Player (luizredfield30, 76561198008639541)(<7334.615234, 81.730453, 12396.931641>) quick accessed a lock!
[14:13:07] Player (luizredfield30, 76561198008639541)(<7334.590332, 81.730453, 12397.067383>) quick accessed a lock!
[14:13:11] Player (luizredfield30, 76561198008639541)(<7334.615234, 81.730453, 12396.931641>) quick accessed a lock!
[14:13:39] Player (luizredfield30, 76561198008639541)(<7334.545410, 81.730453, 12396.727539>) quick accessed a lock!
[14:16:16] Player ([ISG] Nescau, 76561198440552318)(<7334.545410, 81.730453, 12396.727539>) accessed a lock!
[14:16:16] Player ([ISG] Nescau, 76561198440552318)(<7334.545410, 81.730453, 12396.727539>) was added as a guest of a lock!
[14:16:22] Player ([ISG] Nescau, 76561198440552318)(<7334.615234, 81.730453, 12396.931641>) accessed a lock!
[14:16:22] Player ([ISG] Nescau, 76561198440552318)(<7334.615234, 81.730453, 12396.931641>) was added as a guest of a lock!
[14:16:31] Player ([ISG] Nescau, 76561198440552318)(<7334.590332, 81.730453, 12397.067383>) accessed a lock!
[14:16:31] Player ([ISG] Nescau, 76561198440552318)(<7334.590332, 81.730453, 12397.067383>) was added as a guest of a lock!
[14:18:01] Player ([ISG] Nescau, 76561198440552318)(<7334.545410, 81.730453, 12396.727539>) quick accessed a lock!
[14:18:02] Player ([ISG] Nescau, 76561198440552318)(<7334.615234, 81.730453, 12396.931641>) quick accessed a lock!
[14:18:03] Player ([ISG] Nescau, 76561198440552318)(<7334.590332, 81.730453, 12397.067383>) quick accessed a lock!
[14:19:17] Player ([ISG] Nescau, 76561198440552318)(<7334.590332, 81.730453, 12397.067383>) quick accessed a lock!
[14:19:21] Player ([ISG] Nescau, 76561198440552318)(<7334.615234, 81.730453, 12396.931641>) quick accessed a lock!
[14:19:23] Player ([ISG] Nescau, 76561198440552318)(<7334.545410, 81.730453, 12396.727539>) quick accessed a lock!
[16:07:38] Player (Draco, 76561198302078718)(<4870.733887, 5.627413, 11321.759766>) quick accessed a lock!
[16:09:09] Player ([GDF] BAL4COBACO, 76561198296387027)(<7334.590332, 81.730453, 12397.067383>) quick accessed a lock!
[16:09:11] Player ([GDF] BAL4COBACO, 76561198296387027)(<7334.615234, 81.730453, 12396.931641>) quick accessed a lock!
[16:09:13] Player ([GDF] BAL4COBACO, 76561198296387027)(<7334.545410, 81.730453, 12396.727539>) quick accessed a lock!
[16:11:18] Player (Draco, 76561198302078718)(<4870.733887, 5.627413, 11321.759766>) quick accessed a lock!
[16:12:11] Player (Draco, 76561198302078718)(<4860.642578, 5.412148, 11283.935547>) quick accessed a lock!
[16:15:12] Player ([GDF] BAL4COBACO, 76561198296387027)(<7334.545410, 81.730453, 12396.727539>) quick accessed a lock!
[16:37:18] Player ([ISG] Nescau, 76561198440552318)(<7334.590332, 81.730453, 12397.067383>) quick accessed a lock!
[16:37:23] Player ([ISG] Nescau, 76561198440552318)(<7334.615234, 81.730453, 12396.931641>) quick accessed a lock!
[16:37:25] Player ([ISG] Nescau, 76561198440552318)(<7334.545410, 81.730453, 12396.727539>) quick accessed a lock!
[16:37:42] Player ([GDF] BAL4COBACO, 76561198296387027)(<7334.545410, 81.730453, 12396.727539>) quick accessed a lock!
[16:38:08] Player ([GDF] BAL4COBACO, 76561198296387027)(<7334.590332, 81.730453, 12397.067383>) quick accessed a lock!
[16:38:43] Player ([GDF] BAL4COBACO, 76561198296387027)(<7334.590332, 81.730453, 12397.067383>) quick accessed a lock!
[16:38:46] Player ([GDF] BAL4COBACO, 76561198296387027)(<7334.615234, 81.730453, 12396.931641>) quick accessed a lock!
[16:38:48] Player ([GDF] BAL4COBACO, 76561198296387027)(<7334.545410, 81.730453, 12396.727539>) quick accessed a lock!
[16:39:01] Player ([GDF] BAL4COBACO, 76561198296387027)(<7334.615234, 81.730453, 12396.931641>) quick accessed a lock!
[16:39:14] Player ([GDF] BAL4COBACO, 76561198296387027)(<7334.590332, 81.730453, 12397.067383>) quick accessed a lock!
[16:39:27] Player ([GDF] BAL4COBACO, 76561198296387027)(<7334.590332, 81.730453, 12397.067383>) quick accessed a lock!
[16:39:29] Player ([GDF] BAL4COBACO, 76561198296387027)(<7334.615234, 81.730453, 12396.931641>) quick accessed a lock!
[16:39:37] Player ([GDF] BAL4COBACO, 76561198296387027)(<7334.545410, 81.730453, 12396.727539>) quick accessed a lock!
[16:39:46] Player ([GDF] BAL4COBACO, 76561198296387027)(<7334.590332, 81.730453, 12397.067383>) quick accessed a lock!
[16:40:14] Player ([GDF] BAL4COBACO, 76561198296387027)(<7334.615234, 81.730453, 12396.931641>) quick accessed a lock!
[16:40:20] Player ([GDF] BAL4COBACO, 76561198296387027)(<7334.590332, 81.730453, 12397.067383>) quick accessed a lock!
[16:40:36] Player ([GDF] BAL4COBACO, 76561198296387027)(<7334.590332, 81.730453, 12397.067383>) quick accessed a lock!
[16:40:40] Player ([GDF] BAL4COBACO, 76561198296387027)(<7334.615234, 81.730453, 12396.931641>) quick accessed a lock!
[16:40:44] Player ([GDF] BAL4COBACO, 76561198296387027)(<7334.545410, 81.730453, 12396.727539>) quick accessed a lock!
[16:41:07] Player ([ISG] Nescau, 76561198440552318)(<7334.545410, 81.730453, 12396.727539>) quick accessed a lock!
[16:41:21] Player ([GDF] BAL4COBACO, 76561198296387027)(<7334.590332, 81.730453, 12397.067383>) quick accessed a lock!
[16:41:31] Player ([GDF] BAL4COBACO, 76561198296387027)(<7334.615234, 81.730453, 12396.931641>) quick accessed a lock!
[16:41:40] Player ([ISG] Nescau, 76561198440552318)(<7334.590332, 81.730453, 12397.067383>) quick accessed a lock!
[16:41:47] Player ([GDF] BAL4COBACO, 76561198296387027)(<7334.590332, 81.730453, 12397.067383>) quick accessed a lock!
[16:42:00] Player ([GDF] BAL4COBACO, 76561198296387027)(<7334.590332, 81.730453, 12397.067383>) quick accessed a lock!
[16:42:16] Player ([GDF] BAL4COBACO, 76561198296387027)(<7334.545410, 81.730453, 12396.727539>) quick accessed a lock!
[16:42:17] Player ([GDF] BAL4COBACO, 76561198296387027)(<7334.615234, 81.730453, 12396.931641>) quick accessed a lock!
[16:42:28] Player ([GDF] BAL4COBACO, 76561198296387027)(<7334.590332, 81.730453, 12397.067383>) quick accessed a lock!
[16:42:36] Player ([GDF] BAL4COBACO, 76561198296387027)(<7334.615234, 81.730453, 12396.931641>) quick accessed a lock!
[16:42:39] Player ([GDF] BAL4COBACO, 76561198296387027)(<7334.545410, 81.730453, 12396.727539>) quick accessed a lock!
[16:42:42] Player ([GDF] BAL4COBACO, 76561198296387027)(<7334.590332, 81.730453, 12397.067383>) quick accessed a lock!
[16:42:48] Player ([GDF] BAL4COBACO, 76561198296387027)(<7334.590332, 81.730453, 12397.067383>) quick accessed a lock!
[16:44:26] Player ([GDF] BAL4COBACO, 76561198296387027)(<7334.590332, 81.730453, 12397.067383>) quick accessed a lock!
[16:44:28] Player ([GDF] BAL4COBACO, 76561198296387027)(<7334.615234, 81.730453, 12396.931641>) quick accessed a lock!
[16:44:30] Player ([GDF] BAL4COBACO, 76561198296387027)(<7334.545410, 81.730453, 12396.727539>) quick accessed a lock!
[16:44:49] Player ([GDF] BAL4COBACO, 76561198296387027)(<7334.545410, 81.730453, 12396.727539>) quick accessed a lock!
[16:44:50] Player ([GDF] BAL4COBACO, 76561198296387027)(<7334.615234, 81.730453, 12396.931641>) quick accessed a lock!
[16:44:51] Player ([GDF] BAL4COBACO, 76561198296387027)(<7334.590332, 81.730453, 12397.067383>) quick accessed a lock!
[16:45:30] Player ([GDF] BAL4COBACO, 76561198296387027)(<7334.590332, 81.730453, 12397.067383>) quick accessed a lock!
[12-15-2024][17.00.25] Log file reloaded ( Server Restart )
[17:56:33] Player (luizredfield30, 76561198008639541)(<7355.454102, 81.730453, 12388.909180>) set a new passcode on lock!
[17:56:33] Player (luizredfield30, 76561198008639541)(<7355.454102, 81.730453, 12388.909180>) claimed ownership of a lock!
[17:56:36] Player (luizredfield30, 76561198008639541)(<7355.454102, 81.730453, 12388.909180>) quick accessed a lock!
[17:56:37] Player (luizredfield30, 76561198008639541)(<7355.576172, 81.730453, 12388.914063>) quick accessed a lock!
[17:56:38] Player (luizredfield30, 76561198008639541)(<7355.812500, 81.730453, 12388.950195>) quick accessed a lock!
[18:06:27] Player (luizredfield30, 76561198008639541)(<7334.590332, 81.730453, 12397.067383>) quick accessed a lock!
[18:07:09] Player (luizredfield30, 76561198008639541)(<7334.590332, 81.730453, 12397.067383>) quick accessed a lock!
[18:07:17] Player (luizredfield30, 76561198008639541)(<7334.545410, 81.730453, 12396.727539>) quick accessed a lock!
[18:12:17] Player (luizredfield30, 76561198008639541)(<7334.545410, 81.730453, 12396.727539>) quick accessed a lock!
[18:12:18] Player (luizredfield30, 76561198008639541)(<7334.615234, 81.730453, 12396.931641>) quick accessed a lock!
[18:12:19] Player (luizredfield30, 76561198008639541)(<7334.590332, 81.730453, 12397.067383>) quick accessed a lock!
[18:20:51] Player (luizredfield30, 76561198008639541)(<7334.590332, 81.730453, 12397.067383>) quick accessed a lock!
[18:20:55] Player (luizredfield30, 76561198008639541)(<7334.615234, 81.730453, 12396.931641>) quick accessed a lock!
[18:20:57] Player (luizredfield30, 76561198008639541)(<7334.545410, 81.730453, 12396.727539>) quick accessed a lock!
[18:21:30] Player (luizredfield30, 76561198008639541)(<7334.615234, 81.730453, 12396.931641>) quick accessed a lock!
[18:21:39] Player (luizredfield30, 76561198008639541)(<7334.615234, 81.730453, 12396.931641>) quick accessed a lock!
[18:21:41] Player (luizredfield30, 76561198008639541)(<7334.615234, 81.730453, 12396.931641>) quick accessed a lock!
[18:24:02] Player (luizredfield30, 76561198008639541)(<7355.248535, 81.730453, 12388.920898>) set a new passcode on lock!
[18:24:02] Player (luizredfield30, 76561198008639541)(<7355.248535, 81.730453, 12388.920898>) claimed ownership of a lock!
[18:28:50] Player (luizredfield30, 76561198008639541)(<7334.545410, 81.730453, 12396.727539>) quick accessed a lock!
[18:28:51] Player (luizredfield30, 76561198008639541)(<7334.615234, 81.730453, 12396.931641>) quick accessed a lock!
[18:28:52] Player (luizredfield30, 76561198008639541)(<7334.590332, 81.730453, 12397.067383>) quick accessed a lock!
[18:29:18] Player (luizredfield30, 76561198008639541)(<7334.590332, 81.730453, 12397.067383>) quick accessed a lock!
[18:36:19] Player ([GDF] BAL4COBACO, 76561198296387027)(<7334.545410, 81.730453, 12396.727539>) quick accessed a lock!
[18:36:20] Player ([GDF] BAL4COBACO, 76561198296387027)(<7334.615234, 81.730453, 12396.931641>) quick accessed a lock!
[18:36:21] Player ([GDF] BAL4COBACO, 76561198296387027)(<7334.590332, 81.730453, 12397.067383>) quick accessed a lock!
[18:36:25] Player ([ISG] Nescau, 76561198440552318)(<7334.590332, 81.730453, 12397.067383>) quick accessed a lock!
[18:39:03] Player (luizredfield30, 76561198008639541)(<7334.590332, 81.730453, 12397.067383>) quick accessed a lock!
[18:39:10] Player (luizredfield30, 76561198008639541)(<7334.615234, 81.730453, 12396.931641>) quick accessed a lock!
[18:39:14] Player (luizredfield30, 76561198008639541)(<7334.545410, 81.730453, 12396.727539>) quick accessed a lock!
[18:48:53] Player (Draco, 76561198302078718)(<4860.642578, 5.412148, 11283.935547>) quick accessed a lock!
[18:49:42] Player (Draco, 76561198302078718)(<4860.642578, 5.412148, 11283.935547>) quick accessed a lock!
[18:50:14] Player (Draco, 76561198302078718)(<4870.733887, 5.627413, 11321.759766>) quick accessed a lock!
[19:08:01] Player (Draco, 76561198302078718)(<4870.733887, 5.627413, 11321.759766>) quick accessed a lock!
[19:08:57] Player (Draco, 76561198302078718)(<4860.642578, 5.412148, 11283.935547>) quick accessed a lock!
[19:16:38] Player (Draco, 76561198302078718)(<7244.721680, 3.842066, 7828.232910>) quick accessed a lock!
[19:16:40] Player (Draco, 76561198302078718)(<7241.480957, 3.950430, 7825.958984>) quick accessed a lock!
[19:39:00] Player (luizredfield30, 76561198008639541)(<7334.590332, 81.730453, 12397.067383>) quick accessed a lock!
[19:39:06] Player (luizredfield30, 76561198008639541)(<7334.615234, 81.730453, 12396.931641>) quick accessed a lock!
[19:39:08] Player (luizredfield30, 76561198008639541)(<7334.545410, 81.730453, 12396.727539>) quick accessed a lock!
[19:46:10] Player (luizredfield30, 76561198008639541)(<7334.545410, 81.730453, 12396.727539>) quick accessed a lock!
[19:46:11] Player (luizredfield30, 76561198008639541)(<7334.615234, 81.730453, 12396.931641>) quick accessed a lock!
[12-15-2024][21.00.22] Log file reloaded ( Server Restart )
[21:01:00] Player (luizredfield30, 76561198008639541)(<7334.590332, 81.730453, 12397.067383>) quick accessed a lock!
[21:01:02] Player (luizredfield30, 76561198008639541)(<7334.615234, 81.730453, 12396.931641>) quick accessed a lock!
[21:01:04] Player (luizredfield30, 76561198008639541)(<7334.545410, 81.730453, 12396.727539>) quick accessed a lock!
[21:09:02] Player (luizredfield30, 76561198008639541)(<7334.545410, 81.730453, 12396.727539>) quick accessed a lock!
[21:09:12] Player ([GDF] BAL4COBACO, 76561198296387027)(<7334.545410, 81.730453, 12396.727539>) quick accessed a lock!
[21:09:42] Player ([GDF] BAL4COBACO, 76561198296387027)(<7334.545410, 81.730453, 12396.727539>) quick accessed a lock!
[21:10:02] Player (luizredfield30, 76561198008639541)(<7334.545410, 81.730453, 12396.727539>) quick accessed a lock!
[21:10:14] Player (luizredfield30, 76561198008639541)(<7334.590332, 81.730453, 12397.067383>) quick accessed a lock!
[21:46:25] Player (Big_Steve, 76561198071307767)(<9481.520508, 95.982422, 10884.832031>) quick accessed a lock!
[21:47:09] Player (Big_Steve, 76561198071307767)(<9481.520508, 95.982422, 10884.832031>) quick accessed a lock!
[21:51:32] Player (Big_Steve, 76561198071307767)(<9481.520508, 95.982422, 10884.832031>) quick accessed a lock!
[21:51:53] Player (Big_Steve, 76561198071307767)(<9481.520508, 95.982422, 10884.832031>) quick accessed a lock!
[21:57:14] Player (Big_Steve, 76561198071307767)(<9481.520508, 95.982422, 10884.832031>) quick accessed a lock!
[22:25:08] Player (Big_Steve, 76561198071307767)(<9481.520508, 95.982422, 10884.832031>) quick accessed a lock!
[22:35:36] Player (Big_Steve, 76561198071307767)(<9481.520508, 95.982422, 10884.832031>) quick accessed a lock!
