[12-02-2024][00.00.23] New Access Log File Created!
[12-02-2024][05.00.22] Log file reloaded ( Server Restart )
[06:52:44] Player (Str8OutOfCherno, 76561198059271375)(<7241.480957, 3.950430, 7825.958984>) set a new passcode on lock!
[06:52:44] Player (Str8OutOfCherno, 76561198059271375)(<7241.480957, 3.950430, 7825.958984>) claimed ownership of a lock!
[06:52:48] Player (Str8OutOfCherno, 76561198059271375)(<7241.480957, 3.950430, 7825.958984>) quick accessed a lock!
[06:53:17] Player (Loki, 76561199282403539)(<7241.480957, 3.950430, 7825.958984>) accessed a lock!
[06:53:17] Player (Loki, 76561199282403539)(<7241.480957, 3.950430, 7825.958984>) was added as a guest of a lock!
[06:53:58] Player (Loki, 76561199282403539)(<7241.480957, 3.950430, 7825.958984>) quick accessed a lock!
[06:54:09] Player (Str8OutOfCherno, 76561198059271375)(<7241.480957, 3.950430, 7825.958984>) changed the passcode on a lock! Clearing all guests...
[06:54:39] Player (Str8OutOfCherno, 76561198059271375)(<7241.480957, 3.950430, 7825.958984>) quick accessed a lock!
[06:58:41] Player (Str8OutOfCherno, 76561198059271375)(<7241.480957, 3.950430, 7825.958984>) quick accessed a lock!
[06:59:01] Player (Str8OutOfCherno, 76561198059271375)(<7241.480957, 3.950430, 7825.958984>) quick accessed a lock!
[06:59:17] Player (Str8OutOfCherno, 76561198059271375)(<7241.480957, 3.950430, 7825.958984>) quick accessed a lock!
[07:03:05] Player (Loki, 76561199282403539)(<7241.480957, 3.950430, 7825.958984>) accessed a lock!
[07:03:05] Player (Loki, 76561199282403539)(<7241.480957, 3.950430, 7825.958984>) was added as a guest of a lock!
[07:05:52] Player (Loki, 76561199282403539)(<7241.480957, 3.950430, 7825.958984>) quick accessed a lock!
[07:06:37] Player (Str8OutOfCherno, 76561198059271375)(<7241.480957, 3.950430, 7825.958984>) quick accessed a lock!
[07:06:49] Player (Loki, 76561199282403539)(<7241.480957, 3.950430, 7825.958984>) quick accessed a lock!
[07:07:06] Player (Str8OutOfCherno, 76561198059271375)(<7241.480957, 3.950430, 7825.958984>) quick accessed a lock!
[07:08:03] Player (Str8OutOfCherno, 76561198059271375)(<7241.480957, 3.950430, 7825.958984>) quick accessed a lock!
[07:08:28] Player (Str8OutOfCherno, 76561198059271375)(<7241.480957, 3.950430, 7825.958984>) quick accessed a lock!
[07:09:25] Player (Str8OutOfCherno, 76561198059271375)(<7241.480957, 3.950430, 7825.958984>) quick accessed a lock!
[07:09:45] Player (Str8OutOfCherno, 76561198059271375)(<7241.480957, 3.950430, 7825.958984>) quick accessed a lock!
[07:15:48] Player (Str8OutOfCherno, 76561198059271375)(<7224.133301, 10.915239, 7848.691406>) set a new passcode on lock!
[07:15:48] Player (Str8OutOfCherno, 76561198059271375)(<7224.133301, 10.915239, 7848.691406>) claimed ownership of a lock!
[07:27:32] Player (Loki, 76561199282403539)(<7224.133301, 10.915239, 7848.691406>) accessed a lock!
[07:27:32] Player (Loki, 76561199282403539)(<7224.133301, 10.915239, 7848.691406>) was added as a guest of a lock!
[07:28:29] Player (Loki, 76561199282403539)(<7224.133301, 10.915239, 7848.691406>) quick accessed a lock!
[07:28:31] Player (Loki, 76561199282403539)(<7224.133301, 10.915239, 7848.691406>) quick accessed a lock!
[07:30:10] Player (Loki, 76561199282403539)(<7241.480957, 3.950430, 7825.958984>) quick accessed a lock!
[07:30:51] Player (Loki, 76561199282403539)(<7241.480957, 3.950430, 7825.958984>) quick accessed a lock!
[07:31:14] Player (Loki, 76561199282403539)(<7224.133301, 10.915239, 7848.691406>) quick accessed a lock!
[07:35:46] Player (Str8OutOfCherno, 76561198059271375)(<7224.133301, 10.915239, 7848.691406>) quick accessed a lock!
[07:36:47] Player (Loki, 76561199282403539)(<7224.133301, 10.915239, 7848.691406>) quick accessed a lock!
[07:36:49] Player (Loki, 76561199282403539)(<7224.133301, 10.915239, 7848.691406>) quick accessed a lock!
[07:39:02] Player (Str8OutOfCherno, 76561198059271375)(<7224.133301, 10.915239, 7848.691406>) quick accessed a lock!
[07:43:43] Player (Loki, 76561199282403539)(<7224.133301, 10.915239, 7848.691406>) quick accessed a lock!
[07:44:27] Player (Loki, 76561199282403539)(<7224.133301, 10.915239, 7848.691406>) quick accessed a lock!
[07:46:38] Player (Str8OutOfCherno, 76561198059271375)(<7224.133301, 10.915239, 7848.691406>) quick accessed a lock!
[07:48:13] Player (Loki, 76561199282403539)(<7241.480957, 3.950430, 7825.958984>) quick accessed a lock!
[07:50:39] Player (Loki, 76561199282403539)(<7241.480957, 3.950430, 7825.958984>) quick accessed a lock!
[07:50:46] Player (Str8OutOfCherno, 76561198059271375)(<7241.480957, 3.950430, 7825.958984>) quick accessed a lock!
[07:59:59] Player (Loki, 76561199282403539)(<7241.480957, 3.950430, 7825.958984>) quick accessed a lock!
[12-02-2024][09.00.23] Log file reloaded ( Server Restart )
[12-02-2024][13.00.24] Log file reloaded ( Server Restart )
[13:14:14] Player (luizredfield30, 76561198008639541)(<9318.663086, 54.329174, 13091.610352>) set a new passcode on lock!
[13:14:14] Player (luizredfield30, 76561198008639541)(<9318.663086, 54.329174, 13091.610352>) claimed ownership of a lock!
[13:14:29] Player (luizredfield30, 76561198008639541)(<9318.663086, 54.329174, 13091.610352>) quick accessed a lock!
[13:14:57] Player (luizredfield30, 76561198008639541)(<9318.663086, 54.329174, 13091.610352>) quick accessed a lock!
[13:16:19] Player (luizredfield30, 76561198008639541)(<9318.663086, 54.329174, 13091.610352>) quick accessed a lock!
[13:16:39] Player (luizredfield30, 76561198008639541)(<9318.663086, 54.329174, 13091.610352>) quick accessed a lock!
[13:16:57] Player (luizredfield30, 76561198008639541)(<9318.663086, 54.329174, 13091.610352>) quick accessed a lock!
[13:17:47] Player (luizredfield30, 76561198008639541)(<9318.663086, 54.329174, 13091.610352>) quick accessed a lock!
[13:18:43] Player (luizredfield30, 76561198008639541)(<9318.663086, 54.329174, 13091.610352>) quick accessed a lock!
[13:26:06] Player (luizredfield30, 76561198008639541)(<9318.663086, 54.329174, 13091.610352>) quick accessed a lock!
[13:29:19] Player (luizredfield30, 76561198008639541)(<9318.663086, 54.329174, 13091.610352>) quick accessed a lock!
[13:29:47] Player (luizredfield30, 76561198008639541)(<9318.663086, 54.329174, 13091.610352>) quick accessed a lock!
[13:31:03] Player (luizredfield30, 76561198008639541)(<9318.663086, 54.329174, 13091.610352>) quick accessed a lock!
[14:03:46] Player (luizredfield30, 76561198008639541)(<9318.663086, 54.329174, 13091.610352>) quick accessed a lock!
[14:06:35] Player (luizredfield30, 76561198008639541)(<9318.663086, 54.329174, 13091.610352>) quick accessed a lock!
[14:11:37] Player (luizredfield30, 76561198008639541)(<9318.663086, 54.329174, 13091.610352>) quick accessed a lock!
[14:13:51] Player (luizredfield30, 76561198008639541)(<9318.663086, 54.329174, 13091.610352>) quick accessed a lock!
[14:42:35] Player (luizredfield30, 76561198008639541)(<9318.663086, 54.329174, 13091.610352>) quick accessed a lock!
[14:47:14] Player (luizredfield30, 76561198008639541)(<9318.663086, 54.329174, 13091.610352>) quick accessed a lock!
[14:51:40] Player (luizredfield30, 76561198008639541)(<9318.663086, 54.329174, 13091.610352>) quick accessed a lock!
[14:52:37] Player (luizredfield30, 76561198008639541)(<9318.663086, 54.329174, 13091.610352>) quick accessed a lock!
[14:55:23] Player (Str8OutOfSakhal, 76561198059271375)(<7241.480957, 3.950430, 7825.958984>) quick accessed a lock!
[14:56:52] Player (Str8OutOfSakhal, 76561198059271375)(<7241.480957, 3.950430, 7825.958984>) quick accessed a lock!
[15:00:20] Player (luizredfield30, 76561198008639541)(<9318.663086, 54.329174, 13091.610352>) quick accessed a lock!
[15:01:11] Player (luizredfield30, 76561198008639541)(<9318.663086, 54.329174, 13091.610352>) quick accessed a lock!
[15:02:45] Player (luizredfield30, 76561198008639541)(<9318.663086, 54.329174, 13091.610352>) quick accessed a lock!
[15:03:06] Player (luizredfield30, 76561198008639541)(<9318.663086, 54.329174, 13091.610352>) quick accessed a lock!
[15:03:13] Player (luizredfield30, 76561198008639541)(<9318.663086, 54.329174, 13091.610352>) quick accessed a lock!
[15:03:43] Player (luizredfield30, 76561198008639541)(<9318.663086, 54.329174, 13091.610352>) quick accessed a lock!
[15:03:50] Player (luizredfield30, 76561198008639541)(<9318.663086, 54.329174, 13091.610352>) quick accessed a lock!
[15:05:51] Player (luizredfield30, 76561198008639541)(<9318.663086, 54.329174, 13091.610352>) quick accessed a lock!
[15:06:05] Player (luizredfield30, 76561198008639541)(<9318.663086, 54.329174, 13091.610352>) quick accessed a lock!
[15:06:39] Player (luizredfield30, 76561198008639541)(<9318.663086, 54.329174, 13091.610352>) quick accessed a lock!
[15:06:47] Player (luizredfield30, 76561198008639541)(<9318.663086, 54.329174, 13091.610352>) quick accessed a lock!
[15:07:04] Player (luizredfield30, 76561198008639541)(<9318.663086, 54.329174, 13091.610352>) quick accessed a lock!
[15:31:25] Player (Str8OutOfSakhal, 76561198059271375)(<7241.480957, 3.950430, 7825.958984>) quick accessed a lock!
[15:37:15] Player (Str8OutOfSakhal, 76561198059271375)(<7241.480957, 3.950430, 7825.958984>) quick accessed a lock!
[15:37:23] Player (Str8OutOfSakhal, 76561198059271375)(<7241.480957, 3.950430, 7825.958984>) quick accessed a lock!
[15:56:00] Player (Str8OutOfSakhal, 76561198059271375)(<7241.480957, 3.950430, 7825.958984>) quick accessed a lock!
[15:57:10] Player (SlickDaddy187, 76561199086507158)(<7224.133301, 10.915239, 7848.691406>) accessed a lock!
[15:57:10] Player (SlickDaddy187, 76561199086507158)(<7224.133301, 10.915239, 7848.691406>) was added as a guest of a lock!
[15:59:08] Player (Str8OutOfSakhal, 76561198059271375)(<7224.133301, 10.915239, 7848.691406>) quick accessed a lock!
[15:59:15] Player (SlickDaddy187, 76561199086507158)(<7224.133301, 10.915239, 7848.691406>) quick accessed a lock!
[16:00:05] Player (Str8OutOfSakhal, 76561198059271375)(<7241.480957, 3.950430, 7825.958984>) quick accessed a lock!
[16:05:52] Player (Str8OutOfSakhal, 76561198059271375)(<7241.480957, 3.950430, 7825.958984>) quick accessed a lock!
[16:07:03] Player (Str8OutOfSakhal, 76561198059271375)(<7241.480957, 3.950430, 7825.958984>) quick accessed a lock!
[16:09:21] Player (Str8OutOfSakhal, 76561198059271375)(<7241.480957, 3.950430, 7825.958984>) quick accessed a lock!
[16:09:25] Player (Str8OutOfSakhal, 76561198059271375)(<7241.480957, 3.950430, 7825.958984>) quick accessed a lock!
[16:09:46] Player (Str8OutOfSakhal, 76561198059271375)(<7224.133301, 10.915239, 7848.691406>) quick accessed a lock!
[16:18:15] Player (Str8OutOfSakhal, 76561198059271375)(<7224.133301, 10.915239, 7848.691406>) quick accessed a lock!
[16:26:38] Player (Str8OutOfSakhal, 76561198059271375)(<7241.480957, 3.950430, 7825.958984>) quick accessed a lock!
[16:27:51] Player (Str8OutOfSakhal, 76561198059271375)(<7241.480957, 3.950430, 7825.958984>) quick accessed a lock!
[16:29:31] Player (Str8OutOfSakhal, 76561198059271375)(<7241.480957, 3.950430, 7825.958984>) quick accessed a lock!
[16:29:48] Player (Str8OutOfSakhal, 76561198059271375)(<7241.480957, 3.950430, 7825.958984>) quick accessed a lock!
[16:30:38] Player (Str8OutOfSakhal, 76561198059271375)(<7224.133301, 10.915239, 7848.691406>) quick accessed a lock!
[16:30:57] Player (Str8OutOfSakhal, 76561198059271375)(<7224.133301, 10.915239, 7848.691406>) quick accessed a lock!
[16:31:16] Player (Str8OutOfSakhal, 76561198059271375)(<7241.480957, 3.950430, 7825.958984>) quick accessed a lock!
[16:52:40] Player (SlickDaddy187, 76561199086507158)(<7241.480957, 3.950430, 7825.958984>) accessed a lock!
[16:52:40] Player (SlickDaddy187, 76561199086507158)(<7241.480957, 3.950430, 7825.958984>) was added as a guest of a lock!
[16:53:16] Player (Str8OutOfSakhal, 76561198059271375)(<7241.480957, 3.950430, 7825.958984>) quick accessed a lock!
[16:53:24] Player (Str8OutOfSakhal, 76561198059271375)(<7241.480957, 3.950430, 7825.958984>) quick accessed a lock!
[12-02-2024][17.00.25] Log file reloaded ( Server Restart )
[17:28:14] Player (Luiz, 76561198008639541)(<9318.663086, 54.329174, 13091.610352>) quick accessed a lock!
[17:29:09] Player (Luiz, 76561198008639541)(<9318.663086, 54.329174, 13091.610352>) quick accessed a lock!
[17:29:15] Player (Luiz, 76561198008639541)(<9318.663086, 54.329174, 13091.610352>) quick accessed a lock!
[17:29:50] Player (Luiz, 76561198008639541)(<9318.663086, 54.329174, 13091.610352>) quick accessed a lock!
[17:29:55] Player (Luiz, 76561198008639541)(<9318.663086, 54.329174, 13091.610352>) quick accessed a lock!
[17:30:41] Player (Luiz, 76561198008639541)(<9318.663086, 54.329174, 13091.610352>) quick accessed a lock!
[17:30:46] Player (Luiz, 76561198008639541)(<9318.663086, 54.329174, 13091.610352>) quick accessed a lock!
[17:31:06] Player (Luiz, 76561198008639541)(<9318.663086, 54.329174, 13091.610352>) quick accessed a lock!
[17:32:09] Player (Luiz, 76561198008639541)(<9318.663086, 54.329174, 13091.610352>) quick accessed a lock!
[17:33:18] Player (Str8OutOfSakhal, 76561198059271375)(<7241.480957, 3.950430, 7825.958984>) quick accessed a lock!
[17:37:15] Player (Luiz, 76561198008639541)(<9318.663086, 54.329174, 13091.610352>) quick accessed a lock!
[17:37:19] Player (Luiz, 76561198008639541)(<9318.663086, 54.329174, 13091.610352>) quick accessed a lock!
[17:37:24] Player (Luiz, 76561198008639541)(<9318.663086, 54.329174, 13091.610352>) quick accessed a lock!
[17:37:28] Player (Luiz, 76561198008639541)(<9318.663086, 54.329174, 13091.610352>) quick accessed a lock!
[17:37:33] Player (Luiz, 76561198008639541)(<9318.663086, 54.329174, 13091.610352>) quick accessed a lock!
[17:39:18] Player (Str8OutOfSakhal, 76561198059271375)(<7241.480957, 3.950430, 7825.958984>) quick accessed a lock!
[17:39:53] Player (Luiz, 76561198008639541)(<9318.663086, 54.329174, 13091.610352>) quick accessed a lock!
[17:40:07] Player (Luiz, 76561198008639541)(<9318.663086, 54.329174, 13091.610352>) quick accessed a lock!
[17:40:44] Player (Luiz, 76561198008639541)(<9318.663086, 54.329174, 13091.610352>) quick accessed a lock!
[17:49:58] Player (SlickDaddy187, 76561199086507158)(<7241.480957, 3.950430, 7825.958984>) quick accessed a lock!
[17:51:24] Player (Luiz, 76561198008639541)(<9318.663086, 54.329174, 13091.610352>) quick accessed a lock!
[17:51:55] Player (Str8OutOfSakhal, 76561198059271375)(<7241.480957, 3.950430, 7825.958984>) quick accessed a lock!
[17:52:36] Player (Str8OutOfSakhal, 76561198059271375)(<7241.480957, 3.950430, 7825.958984>) quick accessed a lock!
[17:52:57] Player (Luiz, 76561198008639541)(<9317.154297, 54.329174, 13091.982422>) set a new passcode on lock!
[17:52:57] Player (Luiz, 76561198008639541)(<9317.154297, 54.329174, 13091.982422>) claimed ownership of a lock!
[17:54:34] Player (SlickDaddy187, 76561199086507158)(<7241.480957, 3.950430, 7825.958984>) quick accessed a lock!
[17:55:47] Player (SlickDaddy187, 76561199086507158)(<7241.480957, 3.950430, 7825.958984>) quick accessed a lock!
[17:58:45] Player (Luiz, 76561198008639541)(<9317.154297, 54.329174, 13091.982422>) quick accessed a lock!
[17:58:53] Player (Luiz, 76561198008639541)(<9318.663086, 54.329174, 13091.610352>) quick accessed a lock!
[18:03:15] Player (Luiz, 76561198008639541)(<9318.663086, 54.329174, 13091.610352>) quick accessed a lock!
[18:03:48] Player (Luiz, 76561198008639541)(<9317.154297, 54.329174, 13091.982422>) quick accessed a lock!
[18:05:04] Player (Luiz, 76561198008639541)(<9317.154297, 54.329174, 13091.982422>) quick accessed a lock!
[18:09:58] Player (SlickDaddy187, 76561199086507158)(<7241.480957, 3.950430, 7825.958984>) quick accessed a lock!
[18:10:22] Player (SlickDaddy187, 76561199086507158)(<7224.133301, 10.915239, 7848.691406>) quick accessed a lock!
[18:11:32] Player (Str8OutOfSakhal, 76561198059271375)(<7241.480957, 3.950430, 7825.958984>) quick accessed a lock!
[18:14:58] Player (SlickDaddy187, 76561199086507158)(<7224.133301, 10.915239, 7848.691406>) quick accessed a lock!
[18:15:01] Player (SlickDaddy187, 76561199086507158)(<7224.133301, 10.915239, 7848.691406>) quick accessed a lock!
[18:15:21] Player (Draco, 76561198302078718)(<7241.480957, 3.950430, 7825.958984>) accessed a lock!
[18:15:21] Player (Draco, 76561198302078718)(<7241.480957, 3.950430, 7825.958984>) was added as a guest of a lock!
[18:15:45] Player (Str8OutOfSakhal, 76561198059271375)(<7241.480957, 3.950430, 7825.958984>) quick accessed a lock!
[18:15:53] Player (Draco, 76561198302078718)(<7241.480957, 3.950430, 7825.958984>) quick accessed a lock!
[18:16:10] Player (Str8OutOfSakhal, 76561198059271375)(<7241.480957, 3.950430, 7825.958984>) quick accessed a lock!
[18:32:27] Player (Str8OutOfSakhal, 76561198059271375)(<7241.480957, 3.950430, 7825.958984>) quick accessed a lock!
[18:34:57] Player (Draco, 76561198302078718)(<7241.480957, 3.950430, 7825.958984>) quick accessed a lock!
[18:39:06] Player (SlickDaddy187, 76561199086507158)(<7241.480957, 3.950430, 7825.958984>) quick accessed a lock!
[18:44:53] Player (Str8OutOfSakhal, 76561198059271375)(<7241.480957, 3.950430, 7825.958984>) quick accessed a lock!
[18:47:18] Player (Str8OutOfSakhal, 76561198059271375)(<7241.480957, 3.950430, 7825.958984>) quick accessed a lock!
[18:48:48] Player (Str8OutOfSakhal, 76561198059271375)(<7241.480957, 3.950430, 7825.958984>) quick accessed a lock!
[18:50:10] Player (Str8OutOfSakhal, 76561198059271375)(<7241.480957, 3.950430, 7825.958984>) quick accessed a lock!
[18:50:12] Player (Draco, 76561198302078718)(<7241.480957, 3.950430, 7825.958984>) quick accessed a lock!
[18:55:41] Player (Draco, 76561198302078718)(<7241.480957, 3.950430, 7825.958984>) quick accessed a lock!
[18:55:51] Player (SlickDaddy187, 76561199086507158)(<7241.480957, 3.950430, 7825.958984>) quick accessed a lock!
[18:58:37] Player (Str8OutOfSakhal, 76561198059271375)(<7241.480957, 3.950430, 7825.958984>) quick accessed a lock!
[18:59:06] Player (Str8OutOfSakhal, 76561198059271375)(<7224.133301, 10.915239, 7848.691406>) quick accessed a lock!
[18:59:56] Player (Str8OutOfSakhal, 76561198059271375)(<7224.133301, 10.915239, 7848.691406>) quick accessed a lock!
[19:00:25] Player (Str8OutOfSakhal, 76561198059271375)(<7224.133301, 10.915239, 7848.691406>) quick accessed a lock!
[19:01:03] Player (Str8OutOfSakhal, 76561198059271375)(<7224.133301, 10.915239, 7848.691406>) quick accessed a lock!
[19:10:36] Player (SlickDaddy187, 76561199086507158)(<7241.480957, 3.950430, 7825.958984>) quick accessed a lock!
[19:11:30] Player (SlickDaddy187, 76561199086507158)(<7241.480957, 3.950430, 7825.958984>) quick accessed a lock!
[19:12:46] Player (Str8OutOfSakhal, 76561198059271375)(<7241.480957, 3.950430, 7825.958984>) quick accessed a lock!
[19:17:09] Player (SlickDaddy187, 76561199086507158)(<7241.480957, 3.950430, 7825.958984>) quick accessed a lock!
[19:22:13] Player (Draco, 76561198302078718)(<7241.480957, 3.950430, 7825.958984>) quick accessed a lock!
[19:25:00] Player (Str8OutOfSakhal, 76561198059271375)(<7241.480957, 3.950430, 7825.958984>) quick accessed a lock!
[20:15:00] Player (Draco, 76561198302078718)(<7241.480957, 3.950430, 7825.958984>) quick accessed a lock!
[20:18:37] Player (Str8OutOfSakhal, 76561198059271375)(<7241.480957, 3.950430, 7825.958984>) quick accessed a lock!
[20:19:13] Player (Draco, 76561198302078718)(<7241.480957, 3.950430, 7825.958984>) quick accessed a lock!
[20:19:39] Player (Draco, 76561198302078718)(<7241.480957, 3.950430, 7825.958984>) quick accessed a lock!
[20:20:27] Player (SlickDaddy187, 76561199086507158)(<7241.480957, 3.950430, 7825.958984>) quick accessed a lock!
[20:21:01] Player (Draco, 76561198302078718)(<7241.480957, 3.950430, 7825.958984>) quick accessed a lock!
[20:21:11] Player (Str8OutOfSakhal, 76561198059271375)(<7241.480957, 3.950430, 7825.958984>) quick accessed a lock!
[20:21:12] Player (Str8OutOfSakhal, 76561198059271375)(<7241.480957, 3.950430, 7825.958984>) quick accessed a lock!
[20:23:27] Player (Str8OutOfSakhal, 76561198059271375)(<7241.480957, 3.950430, 7825.958984>) quick accessed a lock!
[20:23:42] Player (Str8OutOfSakhal, 76561198059271375)(<7241.480957, 3.950430, 7825.958984>) quick accessed a lock!
[20:24:29] Player (SlickDaddy187, 76561199086507158)(<7241.480957, 3.950430, 7825.958984>) quick accessed a lock!
[20:26:36] Player (SlickDaddy187, 76561199086507158)(<7241.480957, 3.950430, 7825.958984>) quick accessed a lock!
[20:26:55] Player (Str8OutOfSakhal, 76561198059271375)(<7241.480957, 3.950430, 7825.958984>) quick accessed a lock!
[20:27:43] Player (Str8OutOfSakhal, 76561198059271375)(<7241.480957, 3.950430, 7825.958984>) quick accessed a lock!
[20:38:40] Player (Str8OutOfSakhal, 76561198059271375)(<7241.480957, 3.950430, 7825.958984>) quick accessed a lock!
[20:39:18] Player (Str8OutOfSakhal, 76561198059271375)(<7241.480957, 3.950430, 7825.958984>) quick accessed a lock!
[20:40:22] Player (Str8OutOfSakhal, 76561198059271375)(<7241.480957, 3.950430, 7825.958984>) quick accessed a lock!
[20:42:05] Player (Draco, 76561198302078718)(<7241.480957, 3.950430, 7825.958984>) quick accessed a lock!
[20:42:34] Player (SlickDaddy187, 76561199086507158)(<7241.480957, 3.950430, 7825.958984>) quick accessed a lock!
[20:42:50] Player (SlickDaddy187, 76561199086507158)(<7241.480957, 3.950430, 7825.958984>) quick accessed a lock!
[20:42:55] Player (SlickDaddy187, 76561199086507158)(<7241.480957, 3.950430, 7825.958984>) quick accessed a lock!
[12-02-2024][21.00.24] Log file reloaded ( Server Restart )
[21:19:34] Player (Luiz, 76561198008639541)(<9317.154297, 54.329174, 13091.982422>) quick accessed a lock!
[21:19:41] Player (Luiz, 76561198008639541)(<9318.663086, 54.329174, 13091.610352>) quick accessed a lock!
[21:21:24] Player (Luiz, 76561198008639541)(<9318.663086, 54.329174, 13091.610352>) quick accessed a lock!
[21:21:29] Player (Luiz, 76561198008639541)(<9318.663086, 54.329174, 13091.610352>) quick accessed a lock!
[21:21:50] Player (Luiz, 76561198008639541)(<9318.663086, 54.329174, 13091.610352>) quick accessed a lock!
[21:21:55] Player (Luiz, 76561198008639541)(<9317.154297, 54.329174, 13091.982422>) quick accessed a lock!
[21:24:12] Player (Luiz, 76561198008639541)(<9317.154297, 54.329174, 13091.982422>) quick accessed a lock!
[21:27:17] Player (Luiz, 76561198008639541)(<9317.154297, 54.329174, 13091.982422>) quick accessed a lock!
[21:27:19] Player (Luiz, 76561198008639541)(<9318.663086, 54.329174, 13091.610352>) quick accessed a lock!
[21:28:44] Player (Luiz, 76561198008639541)(<9318.663086, 54.329174, 13091.610352>) quick accessed a lock!
[21:28:47] Player (Luiz, 76561198008639541)(<9317.154297, 54.329174, 13091.982422>) quick accessed a lock!
[21:28:48] Player (Luiz, 76561198008639541)(<9318.663086, 54.329174, 13091.610352>) quick accessed a lock!
[21:28:54] Player (Luiz, 76561198008639541)(<9317.154297, 54.329174, 13091.982422>) quick accessed a lock!
[21:29:07] Player (Luiz, 76561198008639541)(<9317.154297, 54.329174, 13091.982422>) quick accessed a lock!
[21:29:15] Player (Luiz, 76561198008639541)(<9318.663086, 54.329174, 13091.610352>) quick accessed a lock!
[21:29:20] Player (Luiz, 76561198008639541)(<9317.154297, 54.329174, 13091.982422>) quick accessed a lock!
[21:30:33] Player (Luiz, 76561198008639541)(<9317.154297, 54.329174, 13091.982422>) quick accessed a lock!
[21:30:34] Player (Luiz, 76561198008639541)(<9318.663086, 54.329174, 13091.610352>) quick accessed a lock!
[21:30:58] Player (Luiz, 76561198008639541)(<9317.154297, 54.329174, 13091.982422>) quick accessed a lock!
[21:31:14] Player (Draco, 76561198302078718)(<7241.480957, 3.950430, 7825.958984>) quick accessed a lock!
[21:31:37] Player (Luiz, 76561198008639541)(<9317.154297, 54.329174, 13091.982422>) quick accessed a lock!
[21:32:45] Player (Luiz, 76561198008639541)(<9317.154297, 54.329174, 13091.982422>) quick accessed a lock!
[21:32:45] Player (Luiz, 76561198008639541)(<9318.663086, 54.329174, 13091.610352>) quick accessed a lock!
[21:33:03] Player (Luiz, 76561198008639541)(<9317.154297, 54.329174, 13091.982422>) quick accessed a lock!
[21:33:10] Player (Luiz, 76561198008639541)(<9318.663086, 54.329174, 13091.610352>) quick accessed a lock!
[21:33:57] Player (Draco, 76561198302078718)(<7241.480957, 3.950430, 7825.958984>) quick accessed a lock!
[21:35:00] Player (Luiz, 76561198008639541)(<9318.663086, 54.329174, 13091.610352>) quick accessed a lock!
[21:35:06] Player (SlickDaddy187, 76561199086507158)(<7241.480957, 3.950430, 7825.958984>) quick accessed a lock!
[21:35:20] Player (Draco, 76561198302078718)(<7241.480957, 3.950430, 7825.958984>) quick accessed a lock!
[21:35:49] Player (Str8OutOfSakhal, 76561198059271375)(<7241.480957, 3.950430, 7825.958984>) quick accessed a lock!
[21:36:11] Player (SlickDaddy187, 76561199086507158)(<7241.480957, 3.950430, 7825.958984>) quick accessed a lock!
[21:36:26] Player (Luiz, 76561198008639541)(<9318.663086, 54.329174, 13091.610352>) quick accessed a lock!
[21:37:23] Player (Luiz, 76561198008639541)(<9317.154297, 54.329174, 13091.982422>) quick accessed a lock!
[21:37:41] Player (Luiz, 76561198008639541)(<9318.663086, 54.329174, 13091.610352>) quick accessed a lock!
[21:37:49] Player (Luiz, 76561198008639541)(<9318.663086, 54.329174, 13091.610352>) quick accessed a lock!
[21:37:51] Player (SlickDaddy187, 76561199086507158)(<7241.480957, 3.950430, 7825.958984>) quick accessed a lock!
[21:38:02] Player (Str8OutOfSakhal, 76561198059271375)(<7241.480957, 3.950430, 7825.958984>) quick accessed a lock!
[21:38:37] Player (Luiz, 76561198008639541)(<9317.154297, 54.329174, 13091.982422>) quick accessed a lock!
[21:38:44] Player (SlickDaddy187, 76561199086507158)(<7241.480957, 3.950430, 7825.958984>) quick accessed a lock!
[21:39:07] Player (Luiz, 76561198008639541)(<9317.154297, 54.329174, 13091.982422>) quick accessed a lock!
[21:39:08] Player (Luiz, 76561198008639541)(<9318.663086, 54.329174, 13091.610352>) quick accessed a lock!
[21:39:16] Player (Luiz, 76561198008639541)(<9317.154297, 54.329174, 13091.982422>) quick accessed a lock!
[21:39:23] Player (Luiz, 76561198008639541)(<9318.663086, 54.329174, 13091.610352>) quick accessed a lock!
[21:39:37] Player (Draco, 76561198302078718)(<7241.480957, 3.950430, 7825.958984>) quick accessed a lock!
[21:39:45] Player (Str8OutOfSakhal, 76561198059271375)(<7241.480957, 3.950430, 7825.958984>) quick accessed a lock!
[21:41:37] Player (Str8OutOfSakhal, 76561198059271375)(<7241.480957, 3.950430, 7825.958984>) quick accessed a lock!
[21:42:26] Player (Draco, 76561198302078718)(<7241.480957, 3.950430, 7825.958984>) quick accessed a lock!
[21:42:47] Player (Draco, 76561198302078718)(<7241.480957, 3.950430, 7825.958984>) quick accessed a lock!
[21:42:56] Player (Draco, 76561198302078718)(<7241.480957, 3.950430, 7825.958984>) quick accessed a lock!
[21:43:00] Player (Draco, 76561198302078718)(<7241.480957, 3.950430, 7825.958984>) quick accessed a lock!
[21:43:07] Player (SlickDaddy187, 76561199086507158)(<7241.480957, 3.950430, 7825.958984>) quick accessed a lock!
[21:49:49] Player (Str8OutOfSakhal, 76561198059271375)(<7241.480957, 3.950430, 7825.958984>) quick accessed a lock!
[21:53:14] Player (Str8OutOfSakhal, 76561198059271375)(<7241.480957, 3.950430, 7825.958984>) quick accessed a lock!
[21:53:17] Player (SlickDaddy187, 76561199086507158)(<7241.480957, 3.950430, 7825.958984>) quick accessed a lock!
[22:08:18] Player (Draco, 76561198302078718)(<7241.480957, 3.950430, 7825.958984>) quick accessed a lock!
[23:01:12] Player (Draco, 76561198302078718)(<7241.480957, 3.950430, 7825.958984>) quick accessed a lock!
[23:06:20] Player (Draco, 76561198302078718)(<7241.480957, 3.950430, 7825.958984>) quick accessed a lock!
[23:16:34] Player (SlickDaddy187, 76561199086507158)(<7241.480957, 3.950430, 7825.958984>) quick accessed a lock!
[23:17:02] Player (Str8OutOfSakhal, 76561198059271375)(<7241.480957, 3.950430, 7825.958984>) quick accessed a lock!
[23:32:32] Player (Str8OutOfSakhal, 76561198059271375)(<7241.480957, 3.950430, 7825.958984>) quick accessed a lock!
[23:32:35] Player (Str8OutOfSakhal, 76561198059271375)(<7241.480957, 3.950430, 7825.958984>) quick accessed a lock!
[23:33:00] Player (Str8OutOfSakhal, 76561198059271375)(<7241.480957, 3.950430, 7825.958984>) quick accessed a lock!
[23:33:11] Player (Str8OutOfSakhal, 76561198059271375)(<7241.480957, 3.950430, 7825.958984>) quick accessed a lock!
[23:33:30] Player (Str8OutOfSakhal, 76561198059271375)(<7241.480957, 3.950430, 7825.958984>) quick accessed a lock!
[23:33:52] Player (Str8OutOfSakhal, 76561198059271375)(<7241.480957, 3.950430, 7825.958984>) quick accessed a lock!
[23:34:39] Player (Str8OutOfSakhal, 76561198059271375)(<7241.480957, 3.950430, 7825.958984>) quick accessed a lock!
[23:36:16] Player (Str8OutOfSakhal, 76561198059271375)(<7241.480957, 3.950430, 7825.958984>) quick accessed a lock!
[23:38:08] Player (Str8OutOfSakhal, 76561198059271375)(<7241.480957, 3.950430, 7825.958984>) quick accessed a lock!
[23:38:12] Player (Str8OutOfSakhal, 76561198059271375)(<7241.480957, 3.950430, 7825.958984>) quick accessed a lock!
[23:38:20] Player (Str8OutOfSakhal, 76561198059271375)(<7241.480957, 3.950430, 7825.958984>) quick accessed a lock!
[23:38:33] Player (Str8OutOfSakhal, 76561198059271375)(<7241.480957, 3.950430, 7825.958984>) quick accessed a lock!
[23:40:06] Player (Str8OutOfSakhal, 76561198059271375)(<7241.480957, 3.950430, 7825.958984>) quick accessed a lock!
[23:40:59] Player (Str8OutOfSakhal, 76561198059271375)(<7241.480957, 3.950430, 7825.958984>) quick accessed a lock!
[23:41:03] Player (Str8OutOfSakhal, 76561198059271375)(<7241.480957, 3.950430, 7825.958984>) quick accessed a lock!
[23:41:33] Player (Str8OutOfSakhal, 76561198059271375)(<7241.480957, 3.950430, 7825.958984>) quick accessed a lock!
[23:42:30] Player (Str8OutOfSakhal, 76561198059271375)(<7241.480957, 3.950430, 7825.958984>) quick accessed a lock!
[23:42:33] Player (Draco, 76561198302078718)(<7241.480957, 3.950430, 7825.958984>) quick accessed a lock!
[23:42:34] Player (Draco, 76561198302078718)(<7241.480957, 3.950430, 7825.958984>) quick accessed a lock!
[23:44:49] Player (Str8OutOfSakhal, 76561198059271375)(<7241.480957, 3.950430, 7825.958984>) quick accessed a lock!
[23:46:49] Player (SlickDaddy187, 76561199086507158)(<7241.480957, 3.950430, 7825.958984>) quick accessed a lock!
[23:47:27] Player (Str8OutOfSakhal, 76561198059271375)(<7241.480957, 3.950430, 7825.958984>) quick accessed a lock!
[23:50:35] Player (Draco, 76561198302078718)(<7241.480957, 3.950430, 7825.958984>) quick accessed a lock!
[23:50:46] Player (Draco, 76561198302078718)(<7241.480957, 3.950430, 7825.958984>) quick accessed a lock!
[23:52:45] Player (Draco, 76561198302078718)(<7241.480957, 3.950430, 7825.958984>) quick accessed a lock!
[23:52:52] Player (Draco, 76561198302078718)(<7241.480957, 3.950430, 7825.958984>) quick accessed a lock!
[23:53:21] Player (Str8OutOfSakhal, 76561198059271375)(<7241.480957, 3.950430, 7825.958984>) quick accessed a lock!
[23:53:34] Player (Draco, 76561198302078718)(<7241.480957, 3.950430, 7825.958984>) quick accessed a lock!
[23:54:00] Player (Str8OutOfSakhal, 76561198059271375)(<7241.480957, 3.950430, 7825.958984>) quick accessed a lock!
[23:54:07] Player (Draco, 76561198302078718)(<7241.480957, 3.950430, 7825.958984>) quick accessed a lock!
[23:54:16] Player (Draco, 76561198302078718)(<7241.480957, 3.950430, 7825.958984>) quick accessed a lock!
