[12-12-2024][00.00.22] New Access Log File Created!
[12-12-2024][05.00.21] Log file reloaded ( Server Restart )
[12-12-2024][09.00.22] Log file reloaded ( Server Restart )
[09:38:50] Player ([GDF] BAL4COBACO, 76561198296387027)(<7355.454102, 81.730453, 12388.909180>) quick accessed a lock!
[09:38:53] Player ([GDF] BAL4COBACO, 76561198296387027)(<7355.576172, 81.730453, 12388.914063>) quick accessed a lock!
[09:38:54] Player ([GDF] BAL4COBACO, 76561198296387027)(<7355.812500, 81.730453, 12388.950195>) quick accessed a lock!
[10:09:10] Player (luizredfield30, 76561199770341255)(<7355.454102, 81.730453, 12388.909180>) quick accessed a lock!
[10:09:11] Player (luizredfield30, 76561199770341255)(<7355.576172, 81.730453, 12388.914063>) quick accessed a lock!
[10:09:12] Player (luizredfield30, 76561199770341255)(<7355.812500, 81.730453, 12388.950195>) quick accessed a lock!
[10:20:11] Player (luizredfield30, 76561199770341255)(<7355.812500, 81.730453, 12388.950195>) quick accessed a lock!
[10:20:13] Player (luizredfield30, 76561199770341255)(<7355.576172, 81.730453, 12388.914063>) quick accessed a lock!
[10:20:16] Player (luizredfield30, 76561199770341255)(<7355.454102, 81.730453, 12388.909180>) quick accessed a lock!
[10:21:29] Player (luizredfield30, 76561199770341255)(<7355.454102, 81.730453, 12388.909180>) quick accessed a lock!
[10:21:31] Player (luizredfield30, 76561199770341255)(<7355.576172, 81.730453, 12388.914063>) quick accessed a lock!
[10:21:32] Player (luizredfield30, 76561199770341255)(<7355.812500, 81.730453, 12388.950195>) quick accessed a lock!
[10:22:26] Player (luizredfield30, 76561199770341255)(<7355.812500, 81.730453, 12388.950195>) quick accessed a lock!
[10:22:34] Player (luizredfield30, 76561199770341255)(<7355.454102, 81.730453, 12388.909180>) quick accessed a lock!
[10:23:12] Player (luizredfield30, 76561199770341255)(<7355.454102, 81.730453, 12388.909180>) quick accessed a lock!
[10:29:50] Player (luizredfield30, 76561199770341255)(<7355.454102, 81.730453, 12388.909180>) quick accessed a lock!
[10:30:38] Player (luizredfield30, 76561199770341255)(<7355.454102, 81.730453, 12388.909180>) quick accessed a lock!
[10:30:39] Player (luizredfield30, 76561199770341255)(<7355.576172, 81.730453, 12388.914063>) quick accessed a lock!
[10:30:40] Player (luizredfield30, 76561199770341255)(<7355.812500, 81.730453, 12388.950195>) quick accessed a lock!
[12-12-2024][10.37.52] Log file reloaded ( Server Restart )
[10:45:28] Player (CONTROL, 76561197967168101)(<6044.596680, 34.846451, 10431.335938>) quick accessed a lock!
[12-12-2024][13.00.23] Log file reloaded ( Server Restart )
[13:56:41] Player (luizredfield30, 76561198008639541)(<7355.454102, 81.730453, 12388.909180>) accessed a lock!
[13:56:41] Player (luizredfield30, 76561198008639541)(<7355.454102, 81.730453, 12388.909180>) was added as a guest of a lock!
[13:56:42] Player (luizredfield30, 76561198008639541)(<7355.576172, 81.730453, 12388.914063>) quick accessed a lock!
[13:56:43] Player (luizredfield30, 76561198008639541)(<7355.812500, 81.730453, 12388.950195>) quick accessed a lock!
[13:57:24] Player (luizredfield30, 76561198008639541)(<7355.812500, 81.730453, 12388.950195>) quick accessed a lock!
[14:00:10] Player (luizredfield30, 76561198008639541)(<7355.454102, 81.730453, 12388.909180>) quick accessed a lock!
[14:00:11] Player (luizredfield30, 76561198008639541)(<7355.576172, 81.730453, 12388.914063>) quick accessed a lock!
[14:00:11] Player (luizredfield30, 76561198008639541)(<7355.812500, 81.730453, 12388.950195>) quick accessed a lock!
[14:00:59] Player (luizredfield30, 76561198008639541)(<7355.812500, 81.730453, 12388.950195>) quick accessed a lock!
[14:01:43] Player (luizredfield30, 76561198008639541)(<7355.812500, 81.730453, 12388.950195>) quick accessed a lock!
[16:01:20] Player (Draco, 76561198302078718)(<4870.733887, 5.627413, 11321.759766>) quick accessed a lock!
[16:01:50] Player (CONTROL, 76561197967168101)(<6044.596680, 34.846451, 10431.335938>) quick accessed a lock!
[16:07:13] Player (CONTROL, 76561197967168101)(<6044.596680, 34.846451, 10431.335938>) quick accessed a lock!
[16:08:58] Player (Draco, 76561198302078718)(<4870.733887, 5.627413, 11321.759766>) quick accessed a lock!
[16:09:49] Player (Draco, 76561198302078718)(<4870.733887, 5.627413, 11321.759766>) quick accessed a lock!
[16:10:05] Player (Draco, 76561198302078718)(<4870.733887, 5.627413, 11321.759766>) quick accessed a lock!
[16:12:56] Player (Draco, 76561198302078718)(<4870.733887, 5.627413, 11321.759766>) quick accessed a lock!
[16:15:37] Player (Draco, 76561198302078718)(<4870.733887, 5.627413, 11321.759766>) quick accessed a lock!
[16:38:05] Player (CONTROL, 76561197967168101)(<6044.596680, 34.846451, 10431.335938>) quick accessed a lock!
[16:38:07] Player (CONTROL, 76561197967168101)(<6044.596680, 34.846451, 10431.335938>) quick accessed a lock!
[16:58:02] Player (CONTROL, 76561197967168101)(<6044.596680, 34.846451, 10431.335938>) quick accessed a lock!
[16:58:11] Player (CONTROL, 76561197967168101)(<6044.596680, 34.846451, 10431.335938>) quick accessed a lock!
[16:58:19] Player (CONTROL, 76561197967168101)(<6044.596680, 34.846451, 10431.335938>) quick accessed a lock!
[12-12-2024][17.00.24] Log file reloaded ( Server Restart )
[17:10:59] Player (luizredfield30, 76561198008639541)(<7355.454102, 81.730453, 12388.909180>) quick accessed a lock!
[17:11:00] Player (luizredfield30, 76561198008639541)(<7355.576172, 81.730453, 12388.914063>) quick accessed a lock!
[17:11:01] Player (luizredfield30, 76561198008639541)(<7355.812500, 81.730453, 12388.950195>) quick accessed a lock!
[17:11:31] Player (luizredfield30, 76561198008639541)(<7355.812500, 81.730453, 12388.950195>) quick accessed a lock!
[17:20:07] Player (Artur_vs_Swider, 76561198397000155)(<7626.640137, 10.043794, 8539.677734>) quick accessed a lock!
[17:35:06] Player (Artur_vs_Swider, 76561198397000155)(<7626.640137, 10.043794, 8539.677734>) quick accessed a lock!
[17:39:30] Player (Artur_vs_Swider, 76561198397000155)(<7626.640137, 10.043794, 8539.677734>) quick accessed a lock!
[20:01:55] Player (luizredfield30, 76561199770341255)(<7355.812500, 81.730453, 12388.950195>) quick accessed a lock!
[20:01:59] Player (luizredfield30, 76561199770341255)(<7355.576172, 81.730453, 12388.914063>) quick accessed a lock!
[20:02:02] Player (luizredfield30, 76561199770341255)(<7355.454102, 81.730453, 12388.909180>) quick accessed a lock!
[20:03:09] Player (luizredfield30, 76561199770341255)(<7355.947266, 84.361282, 12388.909180>) quick accessed a lock!
[20:07:47] Player (luizredfield30, 76561199770341255)(<7355.812500, 81.730453, 12388.950195>) quick accessed a lock!
[20:07:50] Player (luizredfield30, 76561199770341255)(<7355.576172, 81.730453, 12388.914063>) quick accessed a lock!
[20:07:53] Player (luizredfield30, 76561199770341255)(<7355.454102, 81.730453, 12388.909180>) quick accessed a lock!
[20:18:34] Player (luizredfield30, 76561199770341255)(<7334.545410, 81.730453, 12396.727539>) set a new passcode on lock!
[20:18:34] Player (luizredfield30, 76561199770341255)(<7334.545410, 81.730453, 12396.727539>) claimed ownership of a lock!
[20:18:47] Player (luizredfield30, 76561199770341255)(<7355.454102, 81.730453, 12388.909180>) quick accessed a lock!
[20:18:49] Player (luizredfield30, 76561199770341255)(<7355.576172, 81.730453, 12388.914063>) quick accessed a lock!
[20:19:06] Player (luizredfield30, 76561199770341255)(<7355.812500, 81.730453, 12388.950195>) quick accessed a lock!
[20:19:58] Player (luizredfield30, 76561199770341255)(<7355.576172, 81.730453, 12388.914063>) quick accessed a lock!
[20:20:25] Player (luizredfield30, 76561199770341255)(<7355.812500, 81.730453, 12388.950195>) quick accessed a lock!
[20:21:16] Player (luizredfield30, 76561199770341255)(<7334.545410, 81.730453, 12396.727539>) quick accessed a lock!
[20:22:13] Player (luizredfield30, 76561199770341255)(<7334.615234, 81.730453, 12396.931641>) set a new passcode on lock!
[20:22:13] Player (luizredfield30, 76561199770341255)(<7334.615234, 81.730453, 12396.931641>) claimed ownership of a lock!
[20:22:14] Player (luizredfield30, 76561199770341255)(<7334.615234, 81.730453, 12396.931641>) quick accessed a lock!
[20:22:20] Player (luizredfield30, 76561199770341255)(<7334.545410, 81.730453, 12396.727539>) quick accessed a lock!
[20:22:30] Player (luizredfield30, 76561199770341255)(<7334.545410, 81.730453, 12396.727539>) quick accessed a lock!
[20:22:54] Player (luizredfield30, 76561199770341255)(<7355.454102, 81.730453, 12388.909180>) quick accessed a lock!
[20:24:45] Player (luizredfield30, 76561199770341255)(<7355.454102, 81.730453, 12388.909180>) removed a lock!
[20:25:37] Player (luizredfield30, 76561199770341255)(<7334.545410, 81.730453, 12396.727539>) quick accessed a lock!
[20:25:38] Player (luizredfield30, 76561199770341255)(<7334.615234, 81.730453, 12396.931641>) quick accessed a lock!
[20:26:06] Player (luizredfield30, 76561199770341255)(<7334.545410, 81.730453, 12396.727539>) quick accessed a lock!
[20:27:01] Player (luizredfield30, 76561199770341255)(<7334.590332, 81.730453, 12397.067383>) set a new passcode on lock!
[20:27:01] Player (luizredfield30, 76561199770341255)(<7334.590332, 81.730453, 12397.067383>) claimed ownership of a lock!
[20:27:03] Player (luizredfield30, 76561199770341255)(<7334.590332, 81.730453, 12397.067383>) quick accessed a lock!
[20:27:31] Player (luizredfield30, 76561199770341255)(<7334.545410, 81.730453, 12396.727539>) quick accessed a lock!
[20:27:32] Player (luizredfield30, 76561199770341255)(<7334.615234, 81.730453, 12396.931641>) quick accessed a lock!
[20:27:34] Player (luizredfield30, 76561199770341255)(<7334.590332, 81.730453, 12397.067383>) quick accessed a lock!
[20:27:51] Player (luizredfield30, 76561199770341255)(<7334.615234, 81.730453, 12396.931641>) quick accessed a lock!
[20:37:50] Player (luizredfield30, 76561199770341255)(<7334.545410, 81.730453, 12396.727539>) quick accessed a lock!
[20:37:51] Player (luizredfield30, 76561199770341255)(<7334.615234, 81.730453, 12396.931641>) quick accessed a lock!
[20:38:26] Player (luizredfield30, 76561199770341255)(<7334.590332, 81.730453, 12397.067383>) quick accessed a lock!
[20:38:31] Player (luizredfield30, 76561199770341255)(<7334.615234, 81.730453, 12396.931641>) quick accessed a lock!
[20:38:33] Player (luizredfield30, 76561199770341255)(<7334.545410, 81.730453, 12396.727539>) quick accessed a lock!
[20:39:39] Player (luizredfield30, 76561199770341255)(<7334.615234, 81.730453, 12396.931641>) quick accessed a lock!
[20:45:19] Player (luizredfield30, 76561199770341255)(<7334.590332, 81.730453, 12397.067383>) quick accessed a lock!
[20:45:56] Player (luizredfield30, 76561199770341255)(<7334.590332, 81.730453, 12397.067383>) quick accessed a lock!
[20:51:40] Player (luizredfield30, 76561199770341255)(<7334.545410, 81.730453, 12396.727539>) quick accessed a lock!
[20:51:41] Player (luizredfield30, 76561199770341255)(<7334.615234, 81.730453, 12396.931641>) quick accessed a lock!
[20:51:42] Player (luizredfield30, 76561199770341255)(<7334.590332, 81.730453, 12397.067383>) quick accessed a lock!
[12-12-2024][21.00.21] Log file reloaded ( Server Restart )
[21:10:55] Player (CONTROL, 76561197967168101)(<6044.596680, 34.846451, 10431.335938>) quick accessed a lock!
[21:12:49] Player (CONTROL, 76561197967168101)(<6044.596680, 34.846451, 10431.335938>) quick accessed a lock!
[21:16:25] Player (CONTROL, 76561197967168101)(<6044.596680, 34.846451, 10431.335938>) quick accessed a lock!
[21:18:47] Player (luizredfield30, 76561199770341255)(<7334.590332, 81.730453, 12397.067383>) quick accessed a lock!
[21:18:50] Player (luizredfield30, 76561199770341255)(<7334.615234, 81.730453, 12396.931641>) quick accessed a lock!
[21:18:52] Player (luizredfield30, 76561199770341255)(<7334.545410, 81.730453, 12396.727539>) quick accessed a lock!
