[12-22-2024][00.00.22] New Access Log File Created!
[02:05:46] Player (Draco, 76561198302078718)(<4870.733887, 5.627413, 11321.759766>) quick accessed a lock!
[02:06:22] Player (Draco, 76561198302078718)(<4862.399414, 5.761878, 11325.787109>) quick accessed a lock!
[02:10:18] Player (Draco, 76561198302078718)(<4860.642578, 5.412148, 11283.935547>) quick accessed a lock!
[02:10:23] Player (Draco, 76561198302078718)(<4859.762207, 5.448579, 11280.096680>) quick accessed a lock!
[02:15:59] Player (Draco, 76561198302078718)(<4859.762207, 5.448579, 11280.096680>) quick accessed a lock!
[02:16:02] Player (Draco, 76561198302078718)(<4860.642578, 5.412148, 11283.935547>) quick accessed a lock!
[02:16:39] Player (Draco, 76561198302078718)(<4870.733887, 5.627413, 11321.759766>) quick accessed a lock!
[02:16:42] Player (Draco, 76561198302078718)(<4870.733887, 5.627413, 11321.759766>) quick accessed a lock!
[02:18:48] Player (Draco, 76561198302078718)(<4859.762207, 5.448579, 11280.096680>) quick accessed a lock!
[02:48:17] Player (Draco, 76561198302078718)(<4859.762207, 5.448579, 11280.096680>) quick accessed a lock!
[02:48:19] Player (Draco, 76561198302078718)(<4860.642578, 5.412148, 11283.935547>) quick accessed a lock!
[02:49:13] Player (Draco, 76561198302078718)(<4870.733887, 5.627413, 11321.759766>) quick accessed a lock!
[02:52:30] Player (Draco, 76561198302078718)(<4859.762207, 5.448579, 11280.096680>) quick accessed a lock!
[03:01:59] Player (Draco, 76561198302078718)(<4859.762207, 5.448579, 11280.096680>) quick accessed a lock!
[03:02:01] Player (Draco, 76561198302078718)(<4860.642578, 5.412148, 11283.935547>) quick accessed a lock!
[03:03:54] Player (Draco, 76561198302078718)(<4871.779297, 5.720881, 11321.981445>) quick accessed a lock!
[03:04:00] Player (Draco, 76561198302078718)(<4870.733887, 5.627413, 11321.759766>) quick accessed a lock!
[03:04:56] Player (Draco, 76561198302078718)(<4870.733887, 5.627413, 11321.759766>) removed a lock!
[03:11:05] Player (Draco, 76561198302078718)(<4870.733887, 5.627413, 11321.759766>) set a new passcode on lock!
[03:11:05] Player (Draco, 76561198302078718)(<4870.733887, 5.627413, 11321.759766>) claimed ownership of a lock!
[03:11:07] Player (Draco, 76561198302078718)(<4870.733887, 5.627413, 11321.759766>) quick accessed a lock!
[03:13:04] Player (Draco, 76561198302078718)(<4860.642578, 5.412148, 11283.935547>) quick accessed a lock!
[03:13:07] Player (Draco, 76561198302078718)(<4859.762207, 5.448579, 11280.096680>) quick accessed a lock!
[03:15:17] Player (Draco, 76561198302078718)(<4859.762207, 5.448579, 11280.096680>) quick accessed a lock!
[03:15:21] Player (Draco, 76561198302078718)(<4860.642578, 5.412148, 11283.935547>) quick accessed a lock!
[03:15:25] Player (Draco, 76561198302078718)(<4860.642578, 5.412148, 11283.935547>) quick accessed a lock!
[03:17:26] Player (Draco, 76561198302078718)(<4870.733887, 5.627413, 11321.759766>) quick accessed a lock!
[03:17:29] Player (Draco, 76561198302078718)(<4871.779297, 5.720881, 11321.981445>) quick accessed a lock!
[03:17:46] Player (Draco, 76561198302078718)(<4870.733887, 5.627413, 11321.759766>) quick accessed a lock!
[03:17:57] Player (Draco, 76561198302078718)(<4859.762207, 5.448579, 11280.096680>) quick accessed a lock!
[03:29:20] Player (Draco, 76561198302078718)(<4859.762207, 5.448579, 11280.096680>) quick accessed a lock!
[03:29:22] Player (Draco, 76561198302078718)(<4860.642578, 5.412148, 11283.935547>) quick accessed a lock!
[03:40:55] Player (Draco, 76561198302078718)(<4870.733887, 5.627413, 11321.759766>) quick accessed a lock!
[03:41:04] Player (Draco, 76561198302078718)(<4871.779297, 5.720881, 11321.981445>) quick accessed a lock!
[03:41:16] Player (Draco, 76561198302078718)(<4870.733887, 5.627413, 11321.759766>) quick accessed a lock!
[03:42:22] Player (Draco, 76561198302078718)(<4862.399414, 5.761878, 11325.787109>) quick accessed a lock!
[03:42:27] Player (Draco, 76561198302078718)(<4862.399414, 5.761878, 11325.787109>) quick accessed a lock!
[03:46:54] Player (Draco, 76561198302078718)(<4870.733887, 5.627413, 11321.759766>) quick accessed a lock!
[12-22-2024][05.00.22] Log file reloaded ( Server Restart )
[12-22-2024][09.00.21] Log file reloaded ( Server Restart )
[09:17:30] Player (Daryl Dixon, 76561199573099150)(<8899.131836, 15.554780, 1105.990234>) quick accessed a lock!
[09:17:36] Player (Daryl Dixon, 76561199573099150)(<8909.085938, 15.889824, 1105.763916>) quick accessed a lock!
[12-22-2024][13.00.23] Log file reloaded ( Server Restart )
[16:54:11] Player (BILL, 76561198814955756)(<8072.392578, 27.662115, 7855.935059>) quick accessed a lock!
[16:54:15] Player (BILL, 76561198814955756)(<8066.057129, 27.662161, 7856.242676>) quick accessed a lock!
[16:54:18] Player (BILL, 76561198814955756)(<8064.213379, 27.662161, 7856.570801>) quick accessed a lock!
[16:56:27] Player (Luiz, 76561199770341255)(<7360.089844, 82.019249, 12389.973633>) quick accessed a lock!
[16:56:33] Player (Luiz, 76561199770341255)(<7355.812500, 81.730453, 12388.950195>) quick accessed a lock!
[16:56:35] Player (Luiz, 76561199770341255)(<7355.576172, 81.730453, 12388.914063>) quick accessed a lock!
[16:56:37] Player (Luiz, 76561199770341255)(<7355.454102, 81.730453, 12388.909180>) quick accessed a lock!
[16:56:40] Player (Luiz, 76561199770341255)(<7355.248535, 81.730453, 12388.920898>) quick accessed a lock!
[12-22-2024][17.00.23] Log file reloaded ( Server Restart )
[17:06:32] Player (Luiz, 76561199770341255)(<7355.248535, 81.730453, 12388.920898>) quick accessed a lock!
[17:06:33] Player (Luiz, 76561199770341255)(<7355.454102, 81.730453, 12388.909180>) quick accessed a lock!
[17:06:34] Player (Luiz, 76561199770341255)(<7355.576172, 81.730453, 12388.914063>) quick accessed a lock!
[17:06:35] Player (Luiz, 76561199770341255)(<7355.812500, 81.730453, 12388.950195>) quick accessed a lock!
[17:06:42] Player (Luiz, 76561199770341255)(<7360.089844, 82.019249, 12389.973633>) quick accessed a lock!
[17:07:22] Player (Luiz, 76561199770341255)(<7355.812500, 81.730453, 12388.950195>) quick accessed a lock!
[17:16:47] Player (Luiz, 76561199770341255)(<7355.248535, 81.730453, 12388.920898>) quick accessed a lock!
[17:16:48] Player (Luiz, 76561199770341255)(<7355.454102, 81.730453, 12388.909180>) quick accessed a lock!
[17:16:49] Player (Luiz, 76561199770341255)(<7355.576172, 81.730453, 12388.914063>) quick accessed a lock!
[17:16:50] Player (Luiz, 76561199770341255)(<7355.812500, 81.730453, 12388.950195>) quick accessed a lock!
[17:17:15] Player (Luiz, 76561199770341255)(<7360.089844, 82.019249, 12389.973633>) quick accessed a lock!
[17:26:43] Player (BILL, 76561198814955756)(<8064.213379, 27.662161, 7856.570801>) quick accessed a lock!
[17:26:45] Player (BILL, 76561198814955756)(<8066.057129, 27.662161, 7856.242676>) quick accessed a lock!
[17:26:51] Player (BILL, 76561198814955756)(<8064.213379, 27.662161, 7856.570801>) quick accessed a lock!
[17:26:54] Player (BILL, 76561198814955756)(<8072.392578, 27.662115, 7855.935059>) quick accessed a lock!
[12-22-2024][21.00.23] Log file reloaded ( Server Restart )
[21:51:49] Player (Draco, 76561198302078718)(<4870.733887, 5.627413, 11321.759766>) quick accessed a lock!
[21:51:52] Player (Draco, 76561198302078718)(<4871.779297, 5.720881, 11321.981445>) quick accessed a lock!
[21:54:24] Player (Draco, 76561198302078718)(<4870.733887, 5.627413, 11321.759766>) quick accessed a lock!
[21:56:08] Player (Draco, 76561198302078718)(<4870.733887, 5.627413, 11321.759766>) quick accessed a lock!
[21:56:58] Player (Draco, 76561198302078718)(<4870.733887, 5.627413, 11321.759766>) quick accessed a lock!
[21:57:02] Player (Draco, 76561198302078718)(<4871.779297, 5.720881, 11321.981445>) quick accessed a lock!
[21:57:15] Player (Draco, 76561198302078718)(<4862.399414, 5.761878, 11325.787109>) quick accessed a lock!
[21:57:23] Player (Draco, 76561198302078718)(<4862.399414, 5.761878, 11325.787109>) quick accessed a lock!
[21:57:40] Player (Draco, 76561198302078718)(<4862.399414, 5.761878, 11325.787109>) quick accessed a lock!
[21:57:46] Player (Draco, 76561198302078718)(<4862.399414, 5.761878, 11325.787109>) quick accessed a lock!
[22:00:32] Player (Draco, 76561198302078718)(<4870.733887, 5.627413, 11321.759766>) quick accessed a lock!
[22:02:28] Player (Draco, 76561198302078718)(<4860.642578, 5.412148, 11283.935547>) quick accessed a lock!
[22:02:30] Player (Draco, 76561198302078718)(<4859.762207, 5.448579, 11280.096680>) quick accessed a lock!
