[12-18-2024][00.00.21] New Access Log File Created!
[02:48:22] Player (Draco, 76561198302078718)(<4860.642578, 5.412148, 11283.935547>) quick accessed a lock!
[02:48:41] Player (Draco, 76561198302078718)(<4870.733887, 5.627413, 11321.759766>) quick accessed a lock!
[03:09:16] Player (Draco, 76561199543393674)(<4870.733887, 5.627413, 11321.759766>) quick accessed a lock!
[03:24:30] Player (Draco, 76561198302078718)(<4860.642578, 5.412148, 11283.935547>) quick accessed a lock!
[03:52:54] Player (Big_Steve, 76561198071307767)(<9481.520508, 95.982422, 10884.832031>) quick accessed a lock!
[04:56:00] Player (Big_Steve, 76561198071307767)(<9481.520508, 95.982422, 10884.832031>) quick accessed a lock!
[12-18-2024][05.00.21] Log file reloaded ( Server Restart )
[05:45:53] Player (Big_Steve, 76561198071307767)(<9481.520508, 95.982422, 10884.832031>) quick accessed a lock!
[05:53:07] Player (Big_Steve, 76561198071307767)(<9481.520508, 95.982422, 10884.832031>) quick accessed a lock!
[06:17:13] Player (Big_Steve, 76561198071307767)(<9481.520508, 95.982422, 10884.832031>) quick accessed a lock!
[06:17:21] Player (Big_Steve, 76561198071307767)(<9481.520508, 95.982422, 10884.832031>) quick accessed a lock!
[06:24:09] Player (Big_Steve, 76561198071307767)(<9481.520508, 95.982422, 10884.832031>) quick accessed a lock!
[06:24:37] Player (Big_Steve, 76561198071307767)(<9481.520508, 95.982422, 10884.832031>) quick accessed a lock!
[06:24:48] Player (Big_Steve, 76561198071307767)(<9481.520508, 95.982422, 10884.832031>) quick accessed a lock!
[12-18-2024][09.00.20] Log file reloaded ( Server Restart )
[09:16:35] Player (luizredfield30, 76561199770341255)(<7355.248535, 81.730453, 12388.920898>) quick accessed a lock!
[09:16:36] Player (luizredfield30, 76561199770341255)(<7355.454102, 81.730453, 12388.909180>) quick accessed a lock!
[09:16:37] Player (luizredfield30, 76561199770341255)(<7355.576172, 81.730453, 12388.914063>) quick accessed a lock!
[09:16:38] Player (luizredfield30, 76561199770341255)(<7355.812500, 81.730453, 12388.950195>) quick accessed a lock!
[09:16:53] Player (luizredfield30, 76561199770341255)(<7360.089844, 82.019249, 12389.973633>) quick accessed a lock!
[09:34:33] Player (luizredfield30, 76561199770341255)(<7360.089844, 82.019249, 12389.973633>) quick accessed a lock!
[09:34:42] Player (luizredfield30, 76561199770341255)(<7355.812500, 81.730453, 12388.950195>) quick accessed a lock!
[09:34:44] Player (luizredfield30, 76561199770341255)(<7355.576172, 81.730453, 12388.914063>) quick accessed a lock!
[09:34:46] Player (luizredfield30, 76561199770341255)(<7355.454102, 81.730453, 12388.909180>) quick accessed a lock!
[09:34:49] Player (luizredfield30, 76561199770341255)(<7355.248535, 81.730453, 12388.920898>) quick accessed a lock!
[09:40:27] Player (luizredfield30, 76561199770341255)(<7355.248535, 81.730453, 12388.920898>) quick accessed a lock!
[09:40:28] Player (luizredfield30, 76561199770341255)(<7355.454102, 81.730453, 12388.909180>) quick accessed a lock!
[09:40:29] Player (luizredfield30, 76561199770341255)(<7355.576172, 81.730453, 12388.914063>) quick accessed a lock!
[09:40:30] Player (luizredfield30, 76561199770341255)(<7355.812500, 81.730453, 12388.950195>) quick accessed a lock!
[09:40:40] Player (luizredfield30, 76561199770341255)(<7360.089844, 82.019249, 12389.973633>) quick accessed a lock!
[09:59:30] Player (Florre1984, 76561198271304685)(<12457.237305, 48.206120, 8419.958008>) quick accessed a lock!
[09:59:51] Player (Florre1984, 76561198271304685)(<12457.237305, 48.206120, 8419.958008>) quick accessed a lock!
[10:00:15] Player (Florre1984, 76561198271304685)(<12457.237305, 48.206120, 8419.958008>) quick accessed a lock!
[10:03:55] Player (Florre1984, 76561198271304685)(<12457.237305, 48.206120, 8419.958008>) quick accessed a lock!
[10:10:03] Player (Florre1984, 76561198271304685)(<12457.237305, 48.206120, 8419.958008>) quick accessed a lock!
[10:17:08] Player (luizredfield30, 76561199770341255)(<7360.089844, 82.019249, 12389.973633>) quick accessed a lock!
[10:17:26] Player (luizredfield30, 76561199770341255)(<7355.812500, 81.730453, 12388.950195>) quick accessed a lock!
[10:17:29] Player (luizredfield30, 76561199770341255)(<7355.576172, 81.730453, 12388.914063>) quick accessed a lock!
[10:17:31] Player (luizredfield30, 76561199770341255)(<7355.454102, 81.730453, 12388.909180>) quick accessed a lock!
[10:17:32] Player (Florre1984, 76561198271304685)(<12457.237305, 48.206120, 8419.958008>) quick accessed a lock!
[10:17:33] Player (luizredfield30, 76561199770341255)(<7355.248535, 81.730453, 12388.920898>) quick accessed a lock!
[10:38:11] Player (luizredfield30, 76561199770341255)(<7334.545410, 81.730453, 12396.727539>) quick accessed a lock!
[10:38:19] Player (luizredfield30, 76561199770341255)(<7355.248535, 81.730453, 12388.920898>) quick accessed a lock!
[10:38:20] Player (luizredfield30, 76561199770341255)(<7355.454102, 81.730453, 12388.909180>) quick accessed a lock!
[10:38:21] Player (luizredfield30, 76561199770341255)(<7355.576172, 81.730453, 12388.914063>) quick accessed a lock!
[10:38:22] Player (luizredfield30, 76561199770341255)(<7355.812500, 81.730453, 12388.950195>) quick accessed a lock!
[10:38:27] Player (luizredfield30, 76561199770341255)(<7360.089844, 82.019249, 12389.973633>) quick accessed a lock!
[10:39:55] Player (luizredfield30, 76561199770341255)(<7360.089844, 82.019249, 12389.973633>) quick accessed a lock!
[10:39:58] Player (luizredfield30, 76561199770341255)(<7355.812500, 81.730453, 12388.950195>) quick accessed a lock!
[10:47:31] Player (luizredfield30, 76561199770341255)(<7355.248535, 81.730453, 12388.920898>) quick accessed a lock!
[10:47:32] Player (luizredfield30, 76561199770341255)(<7355.454102, 81.730453, 12388.909180>) quick accessed a lock!
[10:47:33] Player (luizredfield30, 76561199770341255)(<7355.576172, 81.730453, 12388.914063>) quick accessed a lock!
[10:47:34] Player (luizredfield30, 76561199770341255)(<7355.812500, 81.730453, 12388.950195>) quick accessed a lock!
[10:47:45] Player (luizredfield30, 76561199770341255)(<7360.089844, 82.019249, 12389.973633>) quick accessed a lock!
[10:49:26] Player (luizredfield30, 76561199770341255)(<7360.089844, 82.019249, 12389.973633>) quick accessed a lock!
[11:23:01] Player (luizredfield30, 76561199770341255)(<7360.089844, 82.019249, 12389.973633>) quick accessed a lock!
[11:23:06] Player (luizredfield30, 76561199770341255)(<7355.812500, 81.730453, 12388.950195>) quick accessed a lock!
[11:23:08] Player (luizredfield30, 76561199770341255)(<7355.576172, 81.730453, 12388.914063>) quick accessed a lock!
[11:23:09] Player (luizredfield30, 76561199770341255)(<7355.454102, 81.730453, 12388.909180>) quick accessed a lock!
[11:23:11] Player (luizredfield30, 76561199770341255)(<7355.248535, 81.730453, 12388.920898>) quick accessed a lock!
[11:23:28] Player (luizredfield30, 76561199770341255)(<7355.576172, 81.730453, 12388.914063>) quick accessed a lock!
[11:38:50] Player (luizredfield30, 76561199770341255)(<7355.248535, 81.730453, 12388.920898>) quick accessed a lock!
[11:38:51] Player (luizredfield30, 76561199770341255)(<7355.454102, 81.730453, 12388.909180>) quick accessed a lock!
[11:38:52] Player (luizredfield30, 76561199770341255)(<7355.576172, 81.730453, 12388.914063>) quick accessed a lock!
[11:38:53] Player (luizredfield30, 76561199770341255)(<7355.812500, 81.730453, 12388.950195>) quick accessed a lock!
[11:41:24] Player (luizredfield30, 76561199770341255)(<7355.812500, 81.730453, 12388.950195>) quick accessed a lock!
[11:41:27] Player (luizredfield30, 76561199770341255)(<7355.576172, 81.730453, 12388.914063>) quick accessed a lock!
[11:41:29] Player (luizredfield30, 76561199770341255)(<7355.454102, 81.730453, 12388.909180>) quick accessed a lock!
[11:41:31] Player (luizredfield30, 76561199770341255)(<7355.248535, 81.730453, 12388.920898>) quick accessed a lock!
[11:44:12] Player (luizredfield30, 76561199770341255)(<7360.089844, 82.019249, 12389.973633>) quick accessed a lock!
[11:46:26] Player (luizredfield30, 76561199770341255)(<7360.089844, 82.019249, 12389.973633>) quick accessed a lock!
[11:47:43] Player (luizredfield30, 76561199770341255)(<7355.812500, 81.730453, 12388.950195>) quick accessed a lock!
[11:47:46] Player (luizredfield30, 76561199770341255)(<7355.576172, 81.730453, 12388.914063>) quick accessed a lock!
[11:47:48] Player (luizredfield30, 76561199770341255)(<7355.454102, 81.730453, 12388.909180>) quick accessed a lock!
[11:47:50] Player (luizredfield30, 76561199770341255)(<7355.248535, 81.730453, 12388.920898>) quick accessed a lock!
[11:49:39] Player (luizredfield30, 76561199770341255)(<7360.089844, 82.019249, 12389.973633>) quick accessed a lock!
[11:50:33] Player (luizredfield30, 76561199770341255)(<7360.089844, 82.019249, 12389.973633>) quick accessed a lock!
[11:54:12] Player (luizredfield30, 76561199770341255)(<7355.812500, 81.730453, 12388.950195>) quick accessed a lock!
[11:54:14] Player (luizredfield30, 76561199770341255)(<7355.576172, 81.730453, 12388.914063>) quick accessed a lock!
[11:54:16] Player (luizredfield30, 76561199770341255)(<7355.454102, 81.730453, 12388.909180>) quick accessed a lock!
[11:54:18] Player (luizredfield30, 76561199770341255)(<7355.248535, 81.730453, 12388.920898>) quick accessed a lock!
[11:55:11] Player (luizredfield30, 76561199770341255)(<7360.089844, 82.019249, 12389.973633>) quick accessed a lock!
[12-18-2024][13.00.22] Log file reloaded ( Server Restart )
[16:02:37] Player (Florre1984, 76561198271304685)(<12457.237305, 48.206120, 8419.958008>) quick accessed a lock!
[16:03:58] Player (Florre1984, 76561198271304685)(<12457.237305, 48.206120, 8419.958008>) quick accessed a lock!
[12-18-2024][17.00.24] Log file reloaded ( Server Restart )
[18:40:50] Player (BILL, 76561198814955756)(<8048.060547, 27.662161, 7867.532227>) set a new passcode on lock!
[18:40:50] Player (BILL, 76561198814955756)(<8048.060547, 27.662161, 7867.532227>) claimed ownership of a lock!
[18:43:21] Player (BILL, 76561198814955756)(<8048.060547, 27.662161, 7867.532227>) quick accessed a lock!
[18:49:11] Player (BILL, 76561198814955756)(<8048.060547, 27.662161, 7867.532227>) quick accessed a lock!
[18:49:30] Player (BILL, 76561198814955756)(<8048.060547, 27.662161, 7867.532227>) quick accessed a lock!
[18:50:11] Player (BILL, 76561198814955756)(<8048.060547, 27.662161, 7867.532227>) quick accessed a lock!
[18:50:27] Player (BILL, 76561198814955756)(<8048.060547, 27.662161, 7867.532227>) quick accessed a lock!
[18:51:47] Player (BILL, 76561198814955756)(<8046.105957, 27.662138, 7867.672363>) set a new passcode on lock!
[18:51:47] Player (BILL, 76561198814955756)(<8046.105957, 27.662138, 7867.672363>) claimed ownership of a lock!
[18:51:49] Player (BILL, 76561198814955756)(<8048.060547, 27.662161, 7867.532227>) quick accessed a lock!
[18:55:37] Player (BILL, 76561198814955756)(<8048.060547, 27.662161, 7867.532227>) quick accessed a lock!
[18:55:38] Player (BILL, 76561198814955756)(<8046.105957, 27.662138, 7867.672363>) quick accessed a lock!
[18:56:16] Player (BILL, 76561198814955756)(<8046.105957, 27.662138, 7867.672363>) quick accessed a lock!
[18:56:19] Player (BILL, 76561198814955756)(<8048.060547, 27.662161, 7867.532227>) quick accessed a lock!
[18:57:36] Player (BILL, 76561198814955756)(<8048.060547, 27.662161, 7867.532227>) quick accessed a lock!
[18:57:37] Player (BILL, 76561198814955756)(<8046.105957, 27.662138, 7867.672363>) quick accessed a lock!
[18:59:58] Player (CONTROL, 76561197967168101)(<6044.596680, 34.846451, 10431.335938>) quick accessed a lock!
[19:18:18] Player (BILL, 76561198814955756)(<8046.105957, 27.662138, 7867.672363>) quick accessed a lock!
[19:18:21] Player (BILL, 76561198814955756)(<8048.060547, 27.662161, 7867.532227>) quick accessed a lock!
[19:18:51] Player (BILL, 76561198814955756)(<8048.060547, 27.662161, 7867.532227>) removed a lock!
[19:21:18] Player (BILL, 76561198814955756)(<8048.060547, 27.662161, 7867.532227>) set a new passcode on lock!
[19:21:18] Player (BILL, 76561198814955756)(<8048.060547, 27.662161, 7867.532227>) claimed ownership of a lock!
[19:23:44] Player (BILL, 76561198814955756)(<8048.060547, 27.662161, 7867.532227>) quick accessed a lock!
[19:23:48] Player (BILL, 76561198814955756)(<8046.105957, 27.662138, 7867.672363>) quick accessed a lock!
[19:24:49] Player (luizredfield30, 76561199770341255)(<7360.089844, 82.019249, 12389.973633>) quick accessed a lock!
[19:24:55] Player (luizredfield30, 76561199770341255)(<7355.812500, 81.730453, 12388.950195>) quick accessed a lock!
[19:24:58] Player (luizredfield30, 76561199770341255)(<7355.576172, 81.730453, 12388.914063>) quick accessed a lock!
[19:25:00] Player (luizredfield30, 76561199770341255)(<7355.454102, 81.730453, 12388.909180>) quick accessed a lock!
[19:25:02] Player (luizredfield30, 76561199770341255)(<7355.248535, 81.730453, 12388.920898>) quick accessed a lock!
[19:25:16] Player (luizredfield30, 76561199770341255)(<7355.576172, 81.730453, 12388.914063>) quick accessed a lock!
[19:31:33] Player (luizredfield30, 76561199770341255)(<7355.248535, 81.730453, 12388.920898>) quick accessed a lock!
[19:31:34] Player (luizredfield30, 76561199770341255)(<7355.454102, 81.730453, 12388.909180>) quick accessed a lock!
[19:31:35] Player (luizredfield30, 76561199770341255)(<7355.576172, 81.730453, 12388.914063>) quick accessed a lock!
[19:31:36] Player (luizredfield30, 76561199770341255)(<7355.812500, 81.730453, 12388.950195>) quick accessed a lock!
[19:31:55] Player (luizredfield30, 76561199770341255)(<7360.089844, 82.019249, 12389.973633>) quick accessed a lock!
[19:36:59] Player (luizredfield30, 76561199770341255)(<7360.089844, 82.019249, 12389.973633>) quick accessed a lock!
[19:54:52] Player (BILL, 76561198814955756)(<8046.105957, 27.662138, 7867.672363>) quick accessed a lock!
[19:54:57] Player (BILL, 76561198814955756)(<8048.060547, 27.662161, 7867.532227>) quick accessed a lock!
[19:57:37] Player (BILL, 76561198814955756)(<8048.060547, 27.662161, 7867.532227>) quick accessed a lock!
[19:57:45] Player (BILL, 76561198814955756)(<8046.105957, 27.662138, 7867.672363>) quick accessed a lock!
[20:04:40] Player (BILL, 76561198814955756)(<8048.060547, 27.662161, 7867.532227>) quick accessed a lock!
[20:04:43] Player (BILL, 76561198814955756)(<8046.105957, 27.662138, 7867.672363>) quick accessed a lock!
[20:14:17] Player (luizredfield30, 76561199770341255)(<7360.089844, 82.019249, 12389.973633>) quick accessed a lock!
[20:14:23] Player (luizredfield30, 76561199770341255)(<7355.812500, 81.730453, 12388.950195>) quick accessed a lock!
[20:14:25] Player (luizredfield30, 76561199770341255)(<7355.576172, 81.730453, 12388.914063>) quick accessed a lock!
[20:14:27] Player (luizredfield30, 76561199770341255)(<7355.454102, 81.730453, 12388.909180>) quick accessed a lock!
[20:14:29] Player (luizredfield30, 76561199770341255)(<7355.248535, 81.730453, 12388.920898>) quick accessed a lock!
[20:20:03] Player (luizredfield30, 76561199770341255)(<7355.248535, 81.730453, 12388.920898>) quick accessed a lock!
[20:20:04] Player (luizredfield30, 76561199770341255)(<7355.454102, 81.730453, 12388.909180>) quick accessed a lock!
[20:20:05] Player (luizredfield30, 76561199770341255)(<7355.576172, 81.730453, 12388.914063>) quick accessed a lock!
[20:20:06] Player (luizredfield30, 76561199770341255)(<7355.812500, 81.730453, 12388.950195>) quick accessed a lock!
[20:20:28] Player (luizredfield30, 76561199770341255)(<7360.089844, 82.019249, 12389.973633>) quick accessed a lock!
[20:32:13] Player (luizredfield30, 76561199770341255)(<7360.089844, 82.019249, 12389.973633>) quick accessed a lock!
[20:32:20] Player (luizredfield30, 76561199770341255)(<7355.812500, 81.730453, 12388.950195>) quick accessed a lock!
[20:32:23] Player (luizredfield30, 76561199770341255)(<7355.576172, 81.730453, 12388.914063>) quick accessed a lock!
[20:32:25] Player (luizredfield30, 76561199770341255)(<7355.454102, 81.730453, 12388.909180>) quick accessed a lock!
[20:32:27] Player (luizredfield30, 76561199770341255)(<7355.248535, 81.730453, 12388.920898>) quick accessed a lock!
[20:46:18] Player (BILL, 76561198814955756)(<8046.105957, 27.662138, 7867.672363>) quick accessed a lock!
[20:46:22] Player (BILL, 76561198814955756)(<8048.060547, 27.662161, 7867.532227>) quick accessed a lock!
[20:53:11] Player (BILL, 76561198814955756)(<8048.060547, 27.662161, 7867.532227>) quick accessed a lock!
[20:53:14] Player (BILL, 76561198814955756)(<8048.060547, 27.662161, 7867.532227>) quick accessed a lock!
[20:53:15] Player (BILL, 76561198814955756)(<8046.105957, 27.662138, 7867.672363>) quick accessed a lock!
[20:55:25] Player (BILL, 76561198814955756)(<8046.105957, 27.662138, 7867.672363>) quick accessed a lock!
[20:55:26] Player (BILL, 76561198814955756)(<8048.060547, 27.662161, 7867.532227>) quick accessed a lock!
[12-18-2024][21.00.21] Log file reloaded ( Server Restart )
