[12-13-2024][00.00.22] New Access Log File Created!
[12-13-2024][05.00.20] Log file reloaded ( Server Restart )
[05:19:21] Player (Draco, 76561198302078718)(<4870.733887, 5.627413, 11321.759766>) quick accessed a lock!
[05:38:28] Player (Draco, 76561198302078718)(<7244.721680, 3.842066, 7828.232910>) quick accessed a lock!
[05:38:30] Player (Draco, 76561198302078718)(<7241.480957, 3.950430, 7825.958984>) quick accessed a lock!
[05:55:22] Player (Draco, 76561198302078718)(<7241.480957, 3.950430, 7825.958984>) quick accessed a lock!
[05:55:27] Player (Draco, 76561198302078718)(<7244.721680, 3.842066, 7828.232910>) quick accessed a lock!
[06:21:46] Player (Draco, 76561198302078718)(<4870.733887, 5.627413, 11321.759766>) quick accessed a lock!
[12-13-2024][09.00.20] Log file reloaded ( Server Restart )
[09:58:10] Player (luizredfield30, 76561199770341255)(<7334.545410, 81.730453, 12396.727539>) quick accessed a lock!
[09:58:11] Player (luizredfield30, 76561199770341255)(<7334.615234, 81.730453, 12396.931641>) quick accessed a lock!
[09:58:12] Player (luizredfield30, 76561199770341255)(<7334.590332, 81.730453, 12397.067383>) quick accessed a lock!
[10:01:06] Player (luizredfield30, 76561199770341255)(<7334.590332, 81.730453, 12397.067383>) quick accessed a lock!
[10:01:09] Player (luizredfield30, 76561199770341255)(<7334.615234, 81.730453, 12396.931641>) quick accessed a lock!
[10:01:11] Player (luizredfield30, 76561199770341255)(<7334.545410, 81.730453, 12396.727539>) quick accessed a lock!
[10:52:53] Player (luizredfield30, 76561199770341255)(<7334.590332, 81.730453, 12397.067383>) quick accessed a lock!
[10:53:01] Player (luizredfield30, 76561199770341255)(<7334.615234, 81.730453, 12396.931641>) quick accessed a lock!
[10:53:03] Player (luizredfield30, 76561199770341255)(<7334.545410, 81.730453, 12396.727539>) quick accessed a lock!
[11:08:50] Player ([GDF] BAL4COBACO, 76561198296387027)(<7334.590332, 81.730453, 12397.067383>) accessed a lock!
[11:08:50] Player ([GDF] BAL4COBACO, 76561198296387027)(<7334.590332, 81.730453, 12397.067383>) was added as a guest of a lock!
[11:08:56] Player ([GDF] BAL4COBACO, 76561198296387027)(<7334.615234, 81.730453, 12396.931641>) accessed a lock!
[11:08:56] Player ([GDF] BAL4COBACO, 76561198296387027)(<7334.615234, 81.730453, 12396.931641>) was added as a guest of a lock!
[11:09:02] Player ([GDF] BAL4COBACO, 76561198296387027)(<7334.545410, 81.730453, 12396.727539>) accessed a lock!
[11:09:02] Player ([GDF] BAL4COBACO, 76561198296387027)(<7334.545410, 81.730453, 12396.727539>) was added as a guest of a lock!
[11:11:32] Player (luizredfield30, 76561199770341255)(<7334.590332, 81.730453, 12397.067383>) quick accessed a lock!
[11:11:59] Player ([GDF] BAL4COBACO, 76561198296387027)(<7355.576172, 81.730453, 12388.914063>) quick accessed a lock!
[11:14:36] Player ([GDF] BAL4COBACO, 76561198296387027)(<7355.576172, 81.730453, 12388.914063>) quick accessed a lock!
[11:14:38] Player ([GDF] BAL4COBACO, 76561198296387027)(<7355.812500, 81.730453, 12388.950195>) quick accessed a lock!
[11:19:46] Player (luizredfield30, 76561199770341255)(<7355.576172, 81.730453, 12388.914063>) quick accessed a lock!
[11:19:49] Player (luizredfield30, 76561199770341255)(<7355.812500, 81.730453, 12388.950195>) quick accessed a lock!
[11:20:24] Player ([GDF] BAL4COBACO, 76561198296387027)(<7355.576172, 81.730453, 12388.914063>) quick accessed a lock!
[11:24:44] Player (luizredfield30, 76561198008639541)(<7355.576172, 81.730453, 12388.914063>) quick accessed a lock!
[11:24:59] Player (luizredfield30, 76561198008639541)(<7355.576172, 81.730453, 12388.914063>) removed a lock!
[11:25:48] Player ([GDF] BAL4COBACO, 76561198296387027)(<7334.545410, 81.730453, 12396.727539>) quick accessed a lock!
[11:25:49] Player ([GDF] BAL4COBACO, 76561198296387027)(<7334.590332, 81.730453, 12397.067383>) quick accessed a lock!
[11:26:30] Player ([GDF] BAL4COBACO, 76561198296387027)(<7334.615234, 81.730453, 12396.931641>) quick accessed a lock!
[11:27:17] Player ([GDF] BAL4COBACO, 76561198296387027)(<7334.615234, 81.730453, 12396.931641>) quick accessed a lock!
[11:28:37] Player (luizredfield30, 76561198008639541)(<7334.517578, 83.857002, 12397.041992>) set a new passcode on lock!
[11:28:37] Player (luizredfield30, 76561198008639541)(<7334.517578, 83.857002, 12397.041992>) claimed ownership of a lock!
[11:28:40] Player (luizredfield30, 76561198008639541)(<7334.517578, 83.857002, 12397.041992>) quick accessed a lock!
[11:28:46] Player ([GDF] BAL4COBACO, 76561198296387027)(<7334.615234, 81.730453, 12396.931641>) quick accessed a lock!
[11:28:48] Player ([GDF] BAL4COBACO, 76561198296387027)(<7334.615234, 81.730453, 12396.931641>) quick accessed a lock!
[11:29:07] Player ([GDF] BAL4COBACO, 76561198296387027)(<7334.517578, 83.857002, 12397.041992>) accessed a lock!
[11:29:07] Player ([GDF] BAL4COBACO, 76561198296387027)(<7334.517578, 83.857002, 12397.041992>) was added as a guest of a lock!
[11:29:09] Player ([GDF] BAL4COBACO, 76561198296387027)(<7334.615234, 81.730453, 12396.931641>) quick accessed a lock!
[11:29:11] Player ([GDF] BAL4COBACO, 76561198296387027)(<7334.545410, 81.730453, 12396.727539>) quick accessed a lock!
[11:31:02] Player ([GDF] BAL4COBACO, 76561198296387027)(<7334.590332, 81.730453, 12397.067383>) quick accessed a lock!
[11:43:57] Player (luizredfield30, 76561198008639541)(<7334.590332, 81.730453, 12397.067383>) accessed a lock!
[11:43:57] Player (luizredfield30, 76561198008639541)(<7334.590332, 81.730453, 12397.067383>) was added as a guest of a lock!
[11:47:58] Player ([GDF] BAL4COBACO, 76561198296387027)(<7334.615234, 81.730453, 12396.931641>) quick accessed a lock!
[11:48:11] Player ([GDF] BAL4COBACO, 76561198296387027)(<7334.590332, 81.730453, 12397.067383>) quick accessed a lock!
[11:48:20] Player ([GDF] BAL4COBACO, 76561198296387027)(<7334.545410, 81.730453, 12396.727539>) quick accessed a lock!
[11:48:55] Player ([GDF] BAL4COBACO, 76561198296387027)(<7334.545410, 81.730453, 12396.727539>) quick accessed a lock!
[12:34:29] Player (luizredfield30, 76561198008639541)(<7334.590332, 81.730453, 12397.067383>) quick accessed a lock!
[12-13-2024][13.00.22] Log file reloaded ( Server Restart )
[13:04:27] Player (luizredfield30, 76561198008639541)(<7334.590332, 81.730453, 12397.067383>) quick accessed a lock!
[13:04:30] Player (luizredfield30, 76561198008639541)(<7334.590332, 81.730453, 12397.067383>) quick accessed a lock!
[13:06:40] Player (luizredfield30, 76561198008639541)(<7334.615234, 81.730453, 12396.931641>) accessed a lock!
[13:06:40] Player (luizredfield30, 76561198008639541)(<7334.615234, 81.730453, 12396.931641>) was added as a guest of a lock!
[13:06:49] Player (luizredfield30, 76561198008639541)(<7334.545410, 81.730453, 12396.727539>) accessed a lock!
[13:06:49] Player (luizredfield30, 76561198008639541)(<7334.545410, 81.730453, 12396.727539>) was added as a guest of a lock!
[13:10:00] Player (luizredfield30, 76561198008639541)(<7334.517578, 83.857002, 12397.041992>) quick accessed a lock!
[13:14:47] Player (luizredfield30, 76561198008639541)(<7334.545410, 81.730453, 12396.727539>) quick accessed a lock!
[13:14:49] Player (luizredfield30, 76561198008639541)(<7334.590332, 81.730453, 12397.067383>) quick accessed a lock!
[13:14:54] Player (luizredfield30, 76561198008639541)(<7334.517578, 83.857002, 12397.041992>) quick accessed a lock!
[13:15:00] Player (luizredfield30, 76561198008639541)(<7334.517578, 83.857002, 12397.041992>) quick accessed a lock!
[13:33:21] Player (luizredfield30, 76561198008639541)(<9318.663086, 54.329174, 13091.610352>) quick accessed a lock!
[13:33:23] Player (luizredfield30, 76561198008639541)(<9317.154297, 54.329174, 13091.982422>) quick accessed a lock!
[13:33:25] Player (luizredfield30, 76561198008639541)(<9316.858398, 54.329174, 13092.093750>) quick accessed a lock!
[13:33:56] Player (luizredfield30, 76561198008639541)(<9316.858398, 54.329174, 13092.093750>) quick accessed a lock!
[13:35:17] Player (luizredfield30, 76561198008639541)(<9318.663086, 54.329174, 13091.610352>) quick accessed a lock!
[13:35:33] Player (luizredfield30, 76561198008639541)(<9318.663086, 54.329174, 13091.610352>) quick accessed a lock!
[13:35:53] Player (luizredfield30, 76561198008639541)(<9318.663086, 54.329174, 13091.610352>) quick accessed a lock!
[13:40:32] Player (luizredfield30, 76561198008639541)(<9318.663086, 54.329174, 13091.610352>) quick accessed a lock!
[14:09:31] Player (luizredfield30, 76561198008639541)(<9318.663086, 54.329174, 13091.610352>) quick accessed a lock!
[14:09:51] Player (luizredfield30, 76561198008639541)(<9318.663086, 54.329174, 13091.610352>) quick accessed a lock!
[14:12:27] Player (luizredfield30, 76561198008639541)(<9317.154297, 54.329174, 13091.982422>) quick accessed a lock!
[14:12:29] Player (luizredfield30, 76561198008639541)(<9316.858398, 54.329174, 13092.093750>) quick accessed a lock!
[14:14:37] Player (luizredfield30, 76561198008639541)(<9318.663086, 54.329174, 13091.610352>) quick accessed a lock!
[14:15:51] Player (luizredfield30, 76561198008639541)(<9316.858398, 54.329174, 13092.093750>) quick accessed a lock!
[14:39:24] Player (luizredfield30, 76561199770341255)(<7334.545410, 81.730453, 12396.727539>) quick accessed a lock!
[14:39:25] Player (luizredfield30, 76561199770341255)(<7334.615234, 81.730453, 12396.931641>) quick accessed a lock!
[14:39:26] Player (luizredfield30, 76561199770341255)(<7334.590332, 81.730453, 12397.067383>) quick accessed a lock!
[14:48:59] Player (luizredfield30, 76561199770341255)(<9318.663086, 54.329174, 13091.610352>) quick accessed a lock!
[14:49:04] Player (luizredfield30, 76561199770341255)(<9317.154297, 54.329174, 13091.982422>) quick accessed a lock!
[14:49:05] Player (luizredfield30, 76561199770341255)(<9316.858398, 54.329174, 13092.093750>) quick accessed a lock!
[14:50:25] Player (luizredfield30, 76561199770341255)(<9318.663086, 54.329174, 13091.610352>) quick accessed a lock!
[15:00:59] Player (luizredfield30, 76561199770341255)(<7334.590332, 81.730453, 12397.067383>) quick accessed a lock!
[15:01:02] Player (luizredfield30, 76561199770341255)(<7334.615234, 81.730453, 12396.931641>) quick accessed a lock!
[15:01:05] Player (luizredfield30, 76561199770341255)(<7334.545410, 81.730453, 12396.727539>) quick accessed a lock!
[15:02:29] Player (luizredfield30, 76561199770341255)(<7334.590332, 81.730453, 12397.067383>) quick accessed a lock!
[15:02:31] Player (luizredfield30, 76561199770341255)(<7334.615234, 81.730453, 12396.931641>) quick accessed a lock!
[15:02:34] Player (luizredfield30, 76561199770341255)(<7334.545410, 81.730453, 12396.727539>) quick accessed a lock!
[15:05:15] Player (luizredfield30, 76561199770341255)(<7334.517578, 83.857002, 12397.041992>) accessed a lock!
[15:05:15] Player (luizredfield30, 76561199770341255)(<7334.517578, 83.857002, 12397.041992>) was added as a guest of a lock!
[16:10:23] Player (CONTROL, 76561197967168101)(<6044.596680, 34.846451, 10431.335938>) quick accessed a lock!
[16:13:27] Player (CONTROL, 76561197967168101)(<6044.596680, 34.846451, 10431.335938>) quick accessed a lock!
[12-13-2024][17.00.23] Log file reloaded ( Server Restart )
[18:20:10] Player (Artur_vs_Swider, 76561198397000155)(<7626.640137, 10.043794, 8539.677734>) quick accessed a lock!
[18:20:20] Player (Artur_vs_Swider, 76561198397000155)(<7626.640137, 10.043794, 8539.677734>) quick accessed a lock!
[18:21:08] Player (Artur_vs_Swider, 76561198397000155)(<7626.640137, 10.043794, 8539.677734>) quick accessed a lock!
[18:22:05] Player (Artur_vs_Swider, 76561198397000155)(<7626.640137, 10.043794, 8539.677734>) quick accessed a lock!
[18:22:46] Player (Artur_vs_Swider, 76561198397000155)(<7626.640137, 10.043794, 8539.677734>) quick accessed a lock!
[18:34:12] Player (Artur_vs_Swider, 76561198397000155)(<7626.640137, 10.043794, 8539.677734>) quick accessed a lock!
[18:35:43] Player (Artur_vs_Swider, 76561198397000155)(<7626.640137, 10.043794, 8539.677734>) quick accessed a lock!
[18:40:59] Player (Artur_vs_Swider, 76561198397000155)(<7626.640137, 10.043794, 8539.677734>) quick accessed a lock!
[18:42:09] Player (Artur_vs_Swider, 76561198397000155)(<7626.640137, 10.043794, 8539.677734>) quick accessed a lock!
[18:46:11] Player (Artur_vs_Swider, 76561198397000155)(<7626.640137, 10.043794, 8539.677734>) quick accessed a lock!
[18:46:48] Player (Artur_vs_Swider, 76561198397000155)(<7626.640137, 10.043794, 8539.677734>) quick accessed a lock!
[18:47:01] Player (Artur_vs_Swider, 76561198397000155)(<7626.640137, 10.043794, 8539.677734>) quick accessed a lock!
[18:47:24] Player (Artur_vs_Swider, 76561198397000155)(<7626.640137, 10.043794, 8539.677734>) quick accessed a lock!
[18:48:23] Player (Artur_vs_Swider, 76561198397000155)(<7626.640137, 10.043794, 8539.677734>) quick accessed a lock!
[18:48:27] Player (Artur_vs_Swider, 76561198397000155)(<7626.640137, 10.043794, 8539.677734>) quick accessed a lock!
[18:51:20] Player (Artur_vs_Swider, 76561198397000155)(<7626.640137, 10.043794, 8539.677734>) quick accessed a lock!
[18:55:01] Player (Artur_vs_Swider, 76561198397000155)(<7631.311035, 12.787427, 8534.870117>) set a new passcode on lock!
[18:55:01] Player (Artur_vs_Swider, 76561198397000155)(<7631.311035, 12.787427, 8534.870117>) claimed ownership of a lock!
[18:55:03] Player (Artur_vs_Swider, 76561198397000155)(<7631.311035, 12.787427, 8534.870117>) quick accessed a lock!
[18:55:10] Player (Artur_vs_Swider, 76561198397000155)(<7631.311035, 12.787427, 8534.870117>) quick accessed a lock!
[18:59:57] Player (Artur_vs_Swider, 76561198397000155)(<7626.640137, 10.043794, 8539.677734>) quick accessed a lock!
[19:00:41] Player (Artur_vs_Swider, 76561198397000155)(<7626.640137, 10.043794, 8539.677734>) quick accessed a lock!
[19:01:20] Player (Artur_vs_Swider, 76561198397000155)(<7626.640137, 10.043794, 8539.677734>) quick accessed a lock!
[19:03:11] Player (Artur_vs_Swider, 76561198397000155)(<7626.640137, 10.043794, 8539.677734>) quick accessed a lock!
[19:03:31] Player (Artur_vs_Swider, 76561198397000155)(<7626.640137, 10.043794, 8539.677734>) quick accessed a lock!
[19:10:19] Player (Artur_vs_Swider, 76561198397000155)(<7631.311035, 12.787427, 8534.870117>) quick accessed a lock!
[19:11:12] Player (Artur_vs_Swider, 76561198397000155)(<7631.311035, 12.787427, 8534.870117>) quick accessed a lock!
[19:12:02] Player (Artur_vs_Swider, 76561198397000155)(<7626.640137, 10.043794, 8539.677734>) quick accessed a lock!
[19:28:01] Player (luizredfield30, 76561198008639541)(<9317.154297, 54.329174, 13091.982422>) quick accessed a lock!
[19:28:09] Player (luizredfield30, 76561198008639541)(<9318.663086, 54.329174, 13091.610352>) quick accessed a lock!
[19:38:46] Player (luizredfield30, 76561198008639541)(<7334.615234, 81.730453, 12396.931641>) quick accessed a lock!
[19:38:48] Player (luizredfield30, 76561198008639541)(<7334.545410, 81.730453, 12396.727539>) quick accessed a lock!
[19:39:46] Player (luizredfield30, 76561198008639541)(<7334.545410, 81.730453, 12396.727539>) quick accessed a lock!
[19:48:44] Player ([GDF] BAL4COBACO, 76561198296387027)(<7334.545410, 81.730453, 12396.727539>) quick accessed a lock!
[19:48:45] Player ([GDF] BAL4COBACO, 76561198296387027)(<7334.615234, 81.730453, 12396.931641>) quick accessed a lock!
[19:48:46] Player ([GDF] BAL4COBACO, 76561198296387027)(<7334.590332, 81.730453, 12397.067383>) quick accessed a lock!
[19:49:40] Player ([GDF] BAL4COBACO, 76561198296387027)(<7334.590332, 81.730453, 12397.067383>) quick accessed a lock!
[19:53:32] Player (Artur_vs_Swider, 76561198397000155)(<7626.640137, 10.043794, 8539.677734>) quick accessed a lock!
[19:55:51] Player ([GDF] BAL4COBACO, 76561198296387027)(<7334.545410, 81.730453, 12396.727539>) quick accessed a lock!
[19:55:54] Player ([GDF] BAL4COBACO, 76561198296387027)(<7334.590332, 81.730453, 12397.067383>) quick accessed a lock!
[20:17:05] Player (luizredfield30, 76561199770341255)(<7334.545410, 81.730453, 12396.727539>) quick accessed a lock!
[20:17:07] Player (luizredfield30, 76561199770341255)(<7334.615234, 81.730453, 12396.931641>) quick accessed a lock!
[20:17:08] Player (luizredfield30, 76561199770341255)(<7334.590332, 81.730453, 12397.067383>) quick accessed a lock!
[12-13-2024][21.00.22] Log file reloaded ( Server Restart )
[21:26:05] Player ([GDF] BAL4COBACO, 76561198296387027)(<7334.590332, 81.730453, 12397.067383>) quick accessed a lock!
[21:26:07] Player ([GDF] BAL4COBACO, 76561198296387027)(<7334.615234, 81.730453, 12396.931641>) quick accessed a lock!
[21:26:09] Player ([GDF] BAL4COBACO, 76561198296387027)(<7334.545410, 81.730453, 12396.727539>) quick accessed a lock!
[21:26:55] Player ([GDF] BAL4COBACO, 76561198296387027)(<7334.590332, 81.730453, 12397.067383>) quick accessed a lock!
[21:31:27] Player (luizredfield30, 76561199770341255)(<7334.545410, 81.730453, 12396.727539>) quick accessed a lock!
[21:32:28] Player (luizredfield30, 76561199770341255)(<7334.545410, 81.730453, 12396.727539>) quick accessed a lock!
[22:15:27] Player (Rick Grimes, 76561199643612211)(<8899.131836, 15.554780, 1105.990234>) quick accessed a lock!
[22:15:30] Player (Rick Grimes, 76561199643612211)(<8909.085938, 15.889824, 1105.763916>) quick accessed a lock!
[22:21:11] Player (Rick Grimes, 76561199643612211)(<8909.085938, 15.889824, 1105.763916>) quick accessed a lock!
[22:26:51] Player (CONTROL, 76561197967168101)(<5747.844238, 70.894112, 8893.360352>) set a new passcode on lock!
[22:26:51] Player (CONTROL, 76561197967168101)(<5747.844238, 70.894112, 8893.360352>) claimed ownership of a lock!
[22:27:27] Player (CONTROL, 76561197967168101)(<5747.844238, 70.894112, 8893.360352>) quick accessed a lock!
[22:34:24] Player (CONTROL, 76561197967168101)(<5747.844238, 70.894112, 8893.360352>) removed a lock!
[22:41:57] Player (CONTROL, 76561197967168101)(<5746.929199, 70.849586, 8893.775391>) set a new passcode on lock!
[22:41:57] Player (CONTROL, 76561197967168101)(<5746.929199, 70.849586, 8893.775391>) claimed ownership of a lock!
[22:42:05] Player (CONTROL, 76561197967168101)(<5746.929199, 70.849586, 8893.775391>) quick accessed a lock!
[22:42:13] Player (CONTROL, 76561197967168101)(<5746.929199, 70.849586, 8893.775391>) quick accessed a lock!
[22:42:36] Player (CONTROL, 76561197967168101)(<5746.929199, 70.849586, 8893.775391>) quick accessed a lock!
[22:48:14] Player (CONTROL, 76561197967168101)(<5746.929199, 70.849586, 8893.775391>) quick accessed a lock!
[23:07:44] Player (CONTROL, 76561197967168101)(<6044.596680, 34.846451, 10431.335938>) quick accessed a lock!
[23:09:05] Player (CONTROL, 76561197967168101)(<6044.596680, 34.846451, 10431.335938>) quick accessed a lock!
