[12-11-2024][00.00.21] New Access Log File Created!
[00:16:41] Player (CONTROL, 76561197967168101)(<6044.596680, 34.846451, 10431.335938>) quick accessed a lock!
[01:13:01] Player (Draco, 76561198302078718)(<4870.733887, 5.627413, 11321.759766>) quick accessed a lock!
[01:13:35] Player (Draco, 76561198302078718)(<4870.733887, 5.627413, 11321.759766>) quick accessed a lock!
[01:14:13] Player (Draco, 76561198302078718)(<4870.733887, 5.627413, 11321.759766>) quick accessed a lock!
[01:15:10] Player (Draco, 76561198302078718)(<4870.733887, 5.627413, 11321.759766>) quick accessed a lock!
[01:15:37] Player (Draco, 76561198302078718)(<4870.733887, 5.627413, 11321.759766>) quick accessed a lock!
[01:21:32] Player (Draco, 76561198302078718)(<4870.733887, 5.627413, 11321.759766>) quick accessed a lock!
[12-11-2024][05.00.22] Log file reloaded ( Server Restart )
[12-11-2024][09.00.20] Log file reloaded ( Server Restart )
[10:04:53] Player (luizredfield30, 76561199770341255)(<7355.812500, 81.730453, 12388.950195>) quick accessed a lock!
[10:04:55] Player (luizredfield30, 76561199770341255)(<7355.576172, 81.730453, 12388.914063>) quick accessed a lock!
[10:42:21] Player (luizredfield30, 76561199770341255)(<7355.576172, 81.730453, 12388.914063>) quick accessed a lock!
[10:42:22] Player (luizredfield30, 76561199770341255)(<7355.812500, 81.730453, 12388.950195>) quick accessed a lock!
[12-11-2024][13.00.21] Log file reloaded ( Server Restart )
[14:31:37] Player (luizredfield30, 76561199770341255)(<7355.812500, 81.730453, 12388.950195>) quick accessed a lock!
[14:31:39] Player (luizredfield30, 76561199770341255)(<7355.576172, 81.730453, 12388.914063>) quick accessed a lock!
[14:31:47] Player (luizredfield30, 76561199770341255)(<7355.576172, 81.730453, 12388.914063>) quick accessed a lock!
[14:33:22] Player (luizredfield30, 76561199770341255)(<7355.576172, 81.730453, 12388.914063>) quick accessed a lock!
[14:33:24] Player (luizredfield30, 76561199770341255)(<7355.812500, 81.730453, 12388.950195>) quick accessed a lock!
[14:42:24] Player (luizredfield30, 76561199770341255)(<7355.812500, 81.730453, 12388.950195>) quick accessed a lock!
[14:52:18] Player ([GDF] BAL4COBACO, 76561198296387027)(<7355.576172, 81.730453, 12388.914063>) quick accessed a lock!
[14:52:19] Player ([GDF] BAL4COBACO, 76561198296387027)(<7355.812500, 81.730453, 12388.950195>) quick accessed a lock!
[15:26:38] Player ([GDF] BAL4COBACO, 76561198296387027)(<7355.812500, 81.730453, 12388.950195>) quick accessed a lock!
[15:26:40] Player ([GDF] BAL4COBACO, 76561198296387027)(<7355.576172, 81.730453, 12388.914063>) quick accessed a lock!
[15:33:13] Player ([GDF] BAL4COBACO, 76561198296387027)(<7355.576172, 81.730453, 12388.914063>) quick accessed a lock!
[15:33:14] Player ([GDF] BAL4COBACO, 76561198296387027)(<7355.812500, 81.730453, 12388.950195>) quick accessed a lock!
[15:39:31] Player ([GDF] BAL4COBACO, 76561198296387027)(<7355.812500, 81.730453, 12388.950195>) quick accessed a lock!
[15:40:26] Player ([GDF] BAL4COBACO, 76561198296387027)(<7355.812500, 81.730453, 12388.950195>) quick accessed a lock!
[15:40:28] Player ([GDF] BAL4COBACO, 76561198296387027)(<7355.576172, 81.730453, 12388.914063>) quick accessed a lock!
[15:40:47] Player ([GDF] BAL4COBACO, 76561198296387027)(<7355.576172, 81.730453, 12388.914063>) quick accessed a lock!
[15:55:41] Player ([GDF] BAL4COBACO, 76561198296387027)(<7355.812500, 81.730453, 12388.950195>) quick accessed a lock!
[15:55:43] Player ([GDF] BAL4COBACO, 76561198296387027)(<7355.576172, 81.730453, 12388.914063>) quick accessed a lock!
[15:56:32] Player ([GDF] BAL4COBACO, 76561198296387027)(<7355.576172, 81.730453, 12388.914063>) quick accessed a lock!
[15:56:33] Player ([GDF] BAL4COBACO, 76561198296387027)(<7355.812500, 81.730453, 12388.950195>) quick accessed a lock!
[15:57:58] Player ([GDF] BAL4COBACO, 76561198296387027)(<7355.812500, 81.730453, 12388.950195>) quick accessed a lock!
[16:10:13] Player ([GDF] BAL4COBACO, 76561198296387027)(<7355.576172, 81.730453, 12388.914063>) quick accessed a lock!
[16:11:59] Player ([GDF] BAL4COBACO, 76561198296387027)(<7355.812500, 81.730453, 12388.950195>) quick accessed a lock!
[16:24:09] Player (luizredfield30, 76561199770341255)(<7355.812500, 81.730453, 12388.950195>) quick accessed a lock!
[16:24:52] Player (luizredfield30, 76561199770341255)(<7355.812500, 81.730453, 12388.950195>) quick accessed a lock!
[16:24:56] Player (luizredfield30, 76561199770341255)(<7355.576172, 81.730453, 12388.914063>) quick accessed a lock!
[16:25:07] Player (luizredfield30, 76561199770341255)(<7355.576172, 81.730453, 12388.914063>) quick accessed a lock!
[16:34:12] Player (Artur_vs_Swider, 76561198397000155)(<7626.589844, 10.043742, 8539.645508>) quick accessed a lock!
[16:36:19] Player (Artur_vs_Swider, 76561198397000155)(<7626.589844, 10.043742, 8539.645508>) quick accessed a lock!
[16:38:15] Player (sans, 76561199229421873)(<4605.464844, 38.641354, 4113.434570>) set a new passcode on lock!
[16:38:15] Player (sans, 76561199229421873)(<4605.464844, 38.641354, 4113.434570>) claimed ownership of a lock!
[16:38:16] Player (sans, 76561199229421873)(<4605.464844, 38.641354, 4113.434570>) quick accessed a lock!
[16:45:38] Player (luizredfield30, 76561199770341255)(<7355.576172, 81.730453, 12388.914063>) quick accessed a lock!
[16:45:39] Player (luizredfield30, 76561199770341255)(<7355.812500, 81.730453, 12388.950195>) quick accessed a lock!
[16:46:29] Player (Artur_vs_Swider, 76561198397000155)(<7626.589844, 10.043742, 8539.645508>) quick accessed a lock!
[16:47:54] Player (luizredfield30, 76561199770341255)(<7355.812500, 81.730453, 12388.950195>) quick accessed a lock!
[16:47:56] Player (luizredfield30, 76561199770341255)(<7355.576172, 81.730453, 12388.914063>) quick accessed a lock!
[16:48:18] Player (luizredfield30, 76561199770341255)(<7355.576172, 81.730453, 12388.914063>) quick accessed a lock!
[12-11-2024][17.00.23] Log file reloaded ( Server Restart )
[17:03:51] Player ([GDF] BAL4COBACO, 76561198296387027)(<7355.812500, 81.730453, 12388.950195>) quick accessed a lock!
[17:03:53] Player ([GDF] BAL4COBACO, 76561198296387027)(<7355.576172, 81.730453, 12388.914063>) quick accessed a lock!
[17:04:21] Player ([GDF] BAL4COBACO, 76561198296387027)(<7355.576172, 81.730453, 12388.914063>) quick accessed a lock!
[17:07:06] Player ([GDF] BAL4COBACO, 76561198296387027)(<7355.576172, 81.730453, 12388.914063>) quick accessed a lock!
[17:13:50] Player ([GDF] BAL4COBACO, 76561198296387027)(<7355.812500, 81.730453, 12388.950195>) quick accessed a lock!
[17:34:26] Player (Artur_vs_Swider, 76561198397000155)(<7626.589844, 10.043742, 8539.645508>) quick accessed a lock!
[17:35:29] Player (Artur_vs_Swider, 76561198397000155)(<7626.589844, 10.043742, 8539.645508>) quick accessed a lock!
[17:37:10] Player (Artur_vs_Swider, 76561198397000155)(<7626.589844, 10.043742, 8539.645508>) quick accessed a lock!
[17:52:11] Player (Artur_vs_Swider, 76561198397000155)(<7626.589844, 10.043742, 8539.645508>) removed a lock!
[17:59:28] Player (Artur_vs_Swider, 76561198397000155)(<7626.640137, 10.043794, 8539.677734>) set a new passcode on lock!
[17:59:28] Player (Artur_vs_Swider, 76561198397000155)(<7626.640137, 10.043794, 8539.677734>) claimed ownership of a lock!
[17:59:57] Player (Artur_vs_Swider, 76561198397000155)(<7626.640137, 10.043794, 8539.677734>) quick accessed a lock!
[18:01:24] Player (Artur_vs_Swider, 76561198397000155)(<7626.640137, 10.043794, 8539.677734>) quick accessed a lock!
[18:02:22] Player (Artur_vs_Swider, 76561198397000155)(<7626.640137, 10.043794, 8539.677734>) quick accessed a lock!
[18:02:31] Player (Artur_vs_Swider, 76561198397000155)(<7626.640137, 10.043794, 8539.677734>) quick accessed a lock!
[18:05:59] Player (Artur_vs_Swider, 76561198397000155)(<7626.640137, 10.043794, 8539.677734>) quick accessed a lock!
[18:06:06] Player (Artur_vs_Swider, 76561198397000155)(<7626.640137, 10.043794, 8539.677734>) quick accessed a lock!
[18:08:32] Player (Artur_vs_Swider, 76561198397000155)(<7626.640137, 10.043794, 8539.677734>) quick accessed a lock!
[18:42:01] Player (Artur_vs_Swider, 76561198397000155)(<7626.640137, 10.043794, 8539.677734>) quick accessed a lock!
[18:45:05] Player (Artur_vs_Swider, 76561198397000155)(<7626.640137, 10.043794, 8539.677734>) quick accessed a lock!
[18:46:05] Player (Artur_vs_Swider, 76561198397000155)(<7626.640137, 10.043794, 8539.677734>) quick accessed a lock!
[18:56:35] Player (Artur_vs_Swider, 76561198397000155)(<7626.640137, 10.043794, 8539.677734>) quick accessed a lock!
[18:56:38] Player (Artur_vs_Swider, 76561198397000155)(<7626.640137, 10.043794, 8539.677734>) quick accessed a lock!
[18:58:59] Player (Artur_vs_Swider, 76561198397000155)(<7626.640137, 10.043794, 8539.677734>) quick accessed a lock!
[19:33:30] Player ([GDF] BAL4COBACO, 76561198296387027)(<7355.812500, 81.730453, 12388.950195>) quick accessed a lock!
[19:33:33] Player ([GDF] BAL4COBACO, 76561198296387027)(<7355.576172, 81.730453, 12388.914063>) quick accessed a lock!
[19:33:44] Player ([GDF] BAL4COBACO, 76561198296387027)(<7355.576172, 81.730453, 12388.914063>) quick accessed a lock!
[19:35:29] Player ([GDF] BAL4COBACO, 76561198296387027)(<7355.576172, 81.730453, 12388.914063>) quick accessed a lock!
[19:35:30] Player ([GDF] BAL4COBACO, 76561198296387027)(<7355.812500, 81.730453, 12388.950195>) quick accessed a lock!
[19:36:50] Player ([GDF] BAL4COBACO, 76561198296387027)(<7355.812500, 81.730453, 12388.950195>) quick accessed a lock!
[19:44:14] Player (luizredfield30, 76561199770341255)(<7355.576172, 81.730453, 12388.914063>) quick accessed a lock!
[19:44:36] Player ([GDF] BAL4COBACO, 76561198296387027)(<7355.812500, 81.730453, 12388.950195>) quick accessed a lock!
[19:44:44] Player ([GDF] BAL4COBACO, 76561198296387027)(<7355.812500, 81.730453, 12388.950195>) quick accessed a lock!
[19:50:30] Player (luizredfield30, 76561199770341255)(<7355.454102, 81.730453, 12388.909180>) set a new passcode on lock!
[19:50:30] Player (luizredfield30, 76561199770341255)(<7355.454102, 81.730453, 12388.909180>) claimed ownership of a lock!
[19:57:50] Player (luizredfield30, 76561199770341255)(<7355.812500, 81.730453, 12388.950195>) quick accessed a lock!
[19:58:51] Player (luizredfield30, 76561199770341255)(<7355.812500, 81.730453, 12388.950195>) quick accessed a lock!
[20:18:00] Player ([GDF] BAL4COBACO, 76561198296387027)(<7355.454102, 81.730453, 12388.909180>) accessed a lock!
[20:18:00] Player ([GDF] BAL4COBACO, 76561198296387027)(<7355.454102, 81.730453, 12388.909180>) was added as a guest of a lock!
[20:18:02] Player ([GDF] BAL4COBACO, 76561198296387027)(<7355.576172, 81.730453, 12388.914063>) quick accessed a lock!
[20:18:03] Player ([GDF] BAL4COBACO, 76561198296387027)(<7355.812500, 81.730453, 12388.950195>) quick accessed a lock!
[20:19:25] Player (luizredfield30, 76561199770341255)(<7355.454102, 81.730453, 12388.909180>) quick accessed a lock!
[20:19:26] Player (luizredfield30, 76561199770341255)(<7355.812500, 81.730453, 12388.950195>) quick accessed a lock!
[20:19:35] Player ([GDF] BAL4COBACO, 76561198296387027)(<7355.812500, 81.730453, 12388.950195>) quick accessed a lock!
[20:20:34] Player (luizredfield30, 76561199770341255)(<7355.812500, 81.730453, 12388.950195>) quick accessed a lock!
[20:31:54] Player (luizredfield30, 76561199770341255)(<7355.454102, 81.730453, 12388.909180>) quick accessed a lock!
[20:31:56] Player (luizredfield30, 76561199770341255)(<7355.576172, 81.730453, 12388.914063>) quick accessed a lock!
[20:31:57] Player (luizredfield30, 76561199770341255)(<7355.812500, 81.730453, 12388.950195>) quick accessed a lock!
[20:32:01] Player ([GDF] BAL4COBACO, 76561198296387027)(<7355.812500, 81.730453, 12388.950195>) quick accessed a lock!
[20:32:02] Player ([GDF] BAL4COBACO, 76561198296387027)(<7355.454102, 81.730453, 12388.909180>) quick accessed a lock!
[20:32:04] Player ([GDF] BAL4COBACO, 76561198296387027)(<7355.576172, 81.730453, 12388.914063>) quick accessed a lock!
[20:32:46] Player (luizredfield30, 76561199770341255)(<7355.576172, 81.730453, 12388.914063>) quick accessed a lock!
[20:33:32] Player (luizredfield30, 76561199770341255)(<7355.454102, 81.730453, 12388.909180>) quick accessed a lock!
[20:33:33] Player (luizredfield30, 76561199770341255)(<7355.812500, 81.730453, 12388.950195>) quick accessed a lock!
[20:35:29] Player (luizredfield30, 76561199770341255)(<7355.812500, 81.730453, 12388.950195>) quick accessed a lock!
[20:39:57] Player (luizredfield30, 76561199770341255)(<7355.454102, 81.730453, 12388.909180>) quick accessed a lock!
[20:39:58] Player (luizredfield30, 76561199770341255)(<7355.576172, 81.730453, 12388.914063>) quick accessed a lock!
[20:39:59] Player (luizredfield30, 76561199770341255)(<7355.812500, 81.730453, 12388.950195>) quick accessed a lock!
[20:40:03] Player (luizredfield30, 76561199770341255)(<7355.812500, 81.730453, 12388.950195>) quick accessed a lock!
[20:40:17] Player (luizredfield30, 76561199770341255)(<7355.812500, 81.730453, 12388.950195>) quick accessed a lock!
[20:40:19] Player (luizredfield30, 76561199770341255)(<7355.576172, 81.730453, 12388.914063>) quick accessed a lock!
[20:40:21] Player (luizredfield30, 76561199770341255)(<7355.454102, 81.730453, 12388.909180>) quick accessed a lock!
[20:40:49] Player (luizredfield30, 76561199770341255)(<7355.454102, 81.730453, 12388.909180>) quick accessed a lock!
[20:40:50] Player (luizredfield30, 76561199770341255)(<7355.576172, 81.730453, 12388.914063>) quick accessed a lock!
[20:40:51] Player (luizredfield30, 76561199770341255)(<7355.812500, 81.730453, 12388.950195>) quick accessed a lock!
[20:40:53] Player (luizredfield30, 76561199770341255)(<7355.812500, 81.730453, 12388.950195>) quick accessed a lock!
[20:41:56] Player (luizredfield30, 76561199770341255)(<7355.812500, 81.730453, 12388.950195>) quick accessed a lock!
[20:42:50] Player (luizredfield30, 76561199770341255)(<7355.454102, 81.730453, 12388.909180>) quick accessed a lock!
[20:44:01] Player (luizredfield30, 76561199770341255)(<7355.812500, 81.730453, 12388.950195>) quick accessed a lock!
[12-11-2024][21.00.22] Log file reloaded ( Server Restart )
