[12-05-2024][00.00.24] New Access Log File Created!
[02:52:20] Player (Loki, 76561199282403539)(<4619.111328, 54.488945, 4107.292480>) set a new passcode on lock!
[02:52:20] Player (Loki, 76561199282403539)(<4619.111328, 54.488945, 4107.292480>) claimed ownership of a lock!
[02:53:12] Player (Loki, 76561199282403539)(<4619.111328, 54.488945, 4107.292480>) quick accessed a lock!
[03:43:36] Player (Loki, 76561199282403539)(<4625.984863, 54.488869, 4108.668457>) set a new passcode on lock!
[03:43:36] Player (Loki, 76561199282403539)(<4625.984863, 54.488869, 4108.668457>) claimed ownership of a lock!
[03:43:37] Player (Loki, 76561199282403539)(<4625.984863, 54.488869, 4108.668457>) quick accessed a lock!
[12-05-2024][05.00.23] Log file reloaded ( Server Restart )
[12-05-2024][09.00.22] Log file reloaded ( Server Restart )
[11:03:54] Player (Luiz, 76561199770341255)(<9318.663086, 54.329174, 13091.610352>) quick accessed a lock!
[11:04:02] Player (Luiz, 76561199770341255)(<9317.154297, 54.329174, 13091.982422>) quick accessed a lock!
[11:09:14] Player (Luiz, 76561199770341255)(<9317.154297, 54.329174, 13091.982422>) quick accessed a lock!
[11:12:52] Player (Luiz, 76561199770341255)(<9317.154297, 54.329174, 13091.982422>) quick accessed a lock!
[11:13:35] Player (Luiz, 76561199770341255)(<9318.663086, 54.329174, 13091.610352>) quick accessed a lock!
[11:28:04] Player (Luiz, 76561199770341255)(<9666.972656, 10.980086, 13563.481445>) accessed a lock!
[11:28:04] Player (Luiz, 76561199770341255)(<9666.972656, 10.980086, 13563.481445>) was added as a guest of a lock!
[11:28:12] Player (Luiz, 76561199770341255)(<9668.629883, 10.955507, 13562.585938>) accessed a lock!
[11:28:12] Player (Luiz, 76561199770341255)(<9668.629883, 10.955507, 13562.585938>) was added as a guest of a lock!
[11:50:37] Player (Luiz, 76561199770341255)(<9318.663086, 54.329174, 13091.610352>) quick accessed a lock!
[11:50:45] Player (Luiz, 76561199770341255)(<9317.154297, 54.329174, 13091.982422>) quick accessed a lock!
[11:54:07] Player (Luiz, 76561199770341255)(<9318.663086, 54.329174, 13091.610352>) quick accessed a lock!
[11:56:21] Player (Luiz, 76561199770341255)(<9317.154297, 54.329174, 13091.982422>) quick accessed a lock!
[11:56:28] Player (Luiz, 76561199770341255)(<9318.663086, 54.329174, 13091.610352>) quick accessed a lock!
[11:56:40] Player (Luiz, 76561199770341255)(<9317.154297, 54.329174, 13091.982422>) quick accessed a lock!
[11:56:44] Player (Luiz, 76561199770341255)(<9318.663086, 54.329174, 13091.610352>) quick accessed a lock!
[11:56:54] Player (Luiz, 76561199770341255)(<9318.663086, 54.329174, 13091.610352>) quick accessed a lock!
[12:01:35] Player (Luiz, 76561199770341255)(<9318.663086, 54.329174, 13091.610352>) quick accessed a lock!
[12:06:28] Player (Luiz, 76561199770341255)(<9318.663086, 54.329174, 13091.610352>) quick accessed a lock!
[12:08:47] Player (Luiz, 76561199770341255)(<9318.663086, 54.329174, 13091.610352>) quick accessed a lock!
[12:50:54] Player (Luiz, 76561199770341255)(<9318.663086, 54.329174, 13091.610352>) quick accessed a lock!
[12:54:32] Player (Luiz, 76561199770341255)(<9317.154297, 54.329174, 13091.982422>) quick accessed a lock!
[12:58:51] Player (Luiz, 76561199770341255)(<9317.154297, 54.329174, 13091.982422>) quick accessed a lock!
[12-05-2024][13.00.26] Log file reloaded ( Server Restart )
[12-05-2024][17.00.25] Log file reloaded ( Server Restart )
[19:40:09] Player (Luiz, 76561199770341255)(<9317.154297, 54.329174, 13091.982422>) quick accessed a lock!
[19:41:53] Player (Luiz, 76561199770341255)(<9317.154297, 54.329174, 13091.982422>) quick accessed a lock!
[19:42:00] Player (Luiz, 76561199770341255)(<9318.663086, 54.329174, 13091.610352>) quick accessed a lock!
[19:44:47] Player (Luiz, 76561199770341255)(<9318.663086, 54.329174, 13091.610352>) quick accessed a lock!
[19:46:35] Player (Luiz, 76561199770341255)(<9318.663086, 54.329174, 13091.610352>) quick accessed a lock!
[19:47:30] Player (Luiz, 76561199770341255)(<9317.154297, 54.329174, 13091.982422>) quick accessed a lock!
[19:48:58] Player ([GDF] BAL4COBACO, 76561198296387027)(<9317.154297, 54.329174, 13091.982422>) quick accessed a lock!
[19:48:59] Player ([GDF] BAL4COBACO, 76561198296387027)(<9318.663086, 54.329174, 13091.610352>) quick accessed a lock!
[19:49:08] Player ([GDF] BAL4COBACO, 76561198296387027)(<9318.663086, 54.329174, 13091.610352>) quick accessed a lock!
[19:49:19] Player ([GDF] BAL4COBACO, 76561198296387027)(<9317.154297, 54.329174, 13091.982422>) quick accessed a lock!
[19:58:17] Player ([GDF] BAL4COBACO, 76561198296387027)(<9318.663086, 54.329174, 13091.610352>) quick accessed a lock!
[19:59:06] Player (Luiz, 76561199770341255)(<9317.154297, 54.329174, 13091.982422>) quick accessed a lock!
[19:59:08] Player (Luiz, 76561199770341255)(<9318.663086, 54.329174, 13091.610352>) quick accessed a lock!
[20:46:00] Player (Luiz, 76561199770341255)(<9318.663086, 54.329174, 13091.610352>) quick accessed a lock!
[20:46:05] Player (Luiz, 76561199770341255)(<9318.663086, 54.329174, 13091.610352>) quick accessed a lock!
[20:46:18] Player (Luiz, 76561199770341255)(<9317.154297, 54.329174, 13091.982422>) quick accessed a lock!
[20:52:01] Player ([GDF] BAL4COBACO, 76561198296387027)(<9318.663086, 54.329174, 13091.610352>) quick accessed a lock!
[20:52:22] Player ([GDF] BAL4COBACO, 76561198296387027)(<9318.663086, 54.329174, 13091.610352>) quick accessed a lock!
[20:52:28] Player ([GDF] BAL4COBACO, 76561198296387027)(<9317.154297, 54.329174, 13091.982422>) quick accessed a lock!
[20:52:41] Player (Luiz, 76561199770341255)(<9318.663086, 54.329174, 13091.610352>) quick accessed a lock!
[20:55:27] Player (Luiz, 76561199770341255)(<9318.663086, 54.329174, 13091.610352>) quick accessed a lock!
[20:55:30] Player (Luiz, 76561199770341255)(<9317.154297, 54.329174, 13091.982422>) quick accessed a lock!
[20:55:32] Player (Luiz, 76561199770341255)(<9318.663086, 54.329174, 13091.610352>) quick accessed a lock!
[20:55:44] Player (Luiz, 76561199770341255)(<9318.663086, 54.329174, 13091.610352>) quick accessed a lock!
[20:55:48] Player (Luiz, 76561199770341255)(<9317.154297, 54.329174, 13091.982422>) quick accessed a lock!
[20:57:11] Player ([GDF] BAL4COBACO, 76561198296387027)(<9318.663086, 54.329174, 13091.610352>) quick accessed a lock!
[12-05-2024][21.00.24] Log file reloaded ( Server Restart )
[23:13:26] Player (CONTROL, 76561197967168101)(<6044.596680, 34.846451, 10431.335938>) quick accessed a lock!
[23:16:32] Player (CONTROL, 76561197967168101)(<6044.596680, 34.846451, 10431.335938>) quick accessed a lock!
[23:42:04] Player (CONTROL, 76561197967168101)(<6044.596680, 34.846451, 10431.335938>) quick accessed a lock!
[23:43:44] Player (CONTROL, 76561197967168101)(<6044.596680, 34.846451, 10431.335938>) quick accessed a lock!
[23:48:03] Player (CONTROL, 76561197967168101)(<6044.596680, 34.846451, 10431.335938>) quick accessed a lock!
