---------------------------------------------
Log C:\Users\Administrator\Desktop\OmegaManager\servers\Sakhal\profiles\script_2024-12-24_21-00-12.log started at 24.12. 21:00:12

SCRIPT       : Registered 333 temporary action enum(s), UAN==333
SCRIPT    (W): @"scripts/3_Game/entities\pawn.c,25": Missing script declaration for method 'PawnOwnerState.SetWaterTime'
SCRIPT    (W): @"scripts/3_Game/entities\pawn.c,25": Missing script declaration for method 'PawnOwnerState.SetPhysicsTimeStamp'
SCRIPT    (W): @"scripts/3_Game/entities\pawn.c,25": Missing script declaration for method 'PawnOwnerState.GetWaterTime'
SCRIPT    (W): @"scripts/3_Game/entities\pawn.c,25": Missing script declaration for method 'PawnOwnerState.GetPhysicsTimeStamp'
SCRIPT    (W): @"GameLabs/Scripts/3_Game/ЮфХъ*эЭШп.jpg,95": Unsafe down-casting, use 'Object.Cast' for safe down-casting
SCRIPT       : ... Backlit Effects Enabled
SCRIPT    (W): @"CarePackage/Scripts/4_World/playercalledpakcage.c,7": Missing ';' at the end of line
SCRIPT    (W): @"CodeLock/scripts/4_world/gui\setcodemenu.c,31": FIX-ME: Overriding function 'CheckState' but not marked as 'override'
SCRIPT    (W): @"GameLabs/Scripts/4_World/4_Hooking/ы*ЩќёєЦлзТХ.fxy,99": FIX-ME: Overriding function 'GL_Load' but not marked as 'override'
SCRIPT    (W): @"GameLabs/Scripts/4_World/4_Hooking/ы*ЩќёєЦлзТХ.fxy,116": FIX-ME: Overriding function 'GL_Save' but not marked as 'override'
SCRIPT    (W): @"GameLabs/Scripts/4_World/4_Hooking/ы*ЩќёєЦлзТХ.fxy,133": FIX-ME: Overriding function 'GL_Delete' but not marked as 'override'
SCRIPT    (W): @"CodeLock/scripts/4_world/gui\guestcodemenu.c,29": FIX-ME: Overriding function 'SendRPC' but not marked as 'override'
SCRIPT    (W): @"CodeLock/scripts/4_world/gui\claimcodemenu.c,27": FIX-ME: Overriding function 'SendRPC' but not marked as 'override'
SCRIPT    (W): @"CodeLock/scripts/4_world/gui\entercodemenu.c,37": FIX-ME: Overriding function 'SendRPC' but not marked as 'override'
SCRIPT    (W): @"CodeLock/scripts/4_world/actions\continuous\actiondestroycodelockontent.c,73": Possible variable name conflict '_Health'
SCRIPT    (W): @"CodeLock/scripts/4_world/actions\continuous\actiondestroycodelockonfence.c,67": Possible variable name conflict '_Health'
SCRIPT    (W): @"GameLabs/Scripts/4_World/4_Hooking/ЩюђУёіТб*цћ.fxy,333": No need to use 'Cast' for up-casting
SCRIPT       : [FPSBooster] Update performed. Current interval: 5.198 seconds.
SCRIPT    (W): @"GameLabs/Scripts/5_Mission/Щшїњэ*озр.jpg,166": Missing ';' at the end of line
SCRIPT    (W): @"EarPlugs/scripts/5_Mission/earplugs\ingamehud.c,6": FIX-ME: Overriding function 'IsHudVisible' but not marked as 'override'
SCRIPT    (W): @"CarePackage/Scripts/5_Mission/carepackagebase.c,112": FIX-ME: Undefined function 'EntityAI.dBodyActive'
SCRIPT    (W): @"CarePackage/Scripts/5_Mission/carepackagebase.c,244": FIX-ME: Undefined function 'EntityAI.SetVelocity'
SCRIPT       : [FPSBooster] Server script update rate has been configured to 200 updates per second. This setting helps optimize server performance.
SCRIPT       : [FPSBooster] Update rate limit set to 200 updates per second.
SCRIPT       : [FPSBooster] Current Update Rate Limit: 200 updates per second.
SCRIPT       : [CarePackage] Initializing CarePackage MOD...
SCRIPT       : [ZenAntiCombatLogout] OnInit
SCRIPT       : [CarePackage] Loading Config File
SCRIPT       : [CarePackage] Config Sucessfully Loaded!
SCRIPT       : [FPSBooster] Update performed. Current interval: 16.59 seconds.
SCRIPT       : [FPSBooster] Update performed. Current interval: 0.00599861 seconds.
SCRIPT       : [FPSBooster] Update performed. Current interval: 0.00600052 seconds.
SCRIPT       : [FPSBooster] Update performed. Current interval: 0.00500107 seconds.
SCRIPT       : [FPSBooster] Update performed. Current interval: 0.0059967 seconds.
SCRIPT       : [FPSBooster] Update performed. Current interval: 0.00500107 seconds.
SCRIPT       : ---- PlayerBase OnStoreLoad SUCCESS ----
SCRIPT       : [FPSBooster] Update performed. Current interval: 0.0059967 seconds.
SCRIPT       : [FPSBooster] Update performed. Current interval: 0.0059967 seconds.
SCRIPT       : [FPSBooster] Update performed. Current interval: 0.00500107 seconds.
SCRIPT       : [FPSBooster] Update performed. Current interval: 0.00500488 seconds.
SCRIPT       : [FPSBooster] Update performed. Current interval: 0.0059967 seconds.
SCRIPT       : [FPSBooster] Update performed. Current interval: 0.0059967 seconds.
SCRIPT       : [FPSBooster] Update performed. Current interval: 0.0059967 seconds.
SCRIPT       : [FPSBooster] Update performed. Current interval: 0.00799561 seconds.
SCRIPT       : [FPSBooster] Update performed. Current interval: 0.0059967 seconds.
SCRIPT       : [FPSBooster] Update performed. Current interval: 0.0059967 seconds.
SCRIPT       : [FPSBooster] Update performed. Current interval: 0.0059967 seconds.
SCRIPT       : [FPSBooster] Update performed. Current interval: 0.0059967 seconds.
SCRIPT       : [FPSBooster] Update performed. Current interval: 0.00500488 seconds.
SCRIPT       : [FPSBooster] Update performed. Current interval: 0.00500488 seconds.
SCRIPT       : [FPSBooster] Update performed. Current interval: 0.0059967 seconds.
SCRIPT       : [FPSBooster] Update performed. Current interval: 0.0059967 seconds.
SCRIPT       : [FPSBooster] Update performed. Current interval: 0.0059967 seconds.
SCRIPT       : [FPSBooster] Update performed. Current interval: 0.0059967 seconds.
SCRIPT       : ---- PlayerBase OnStoreLoad SUCCESS ----
SCRIPT       : [FPSBooster] Update performed. Current interval: 0.0059967 seconds.
SCRIPT       : [FPSBooster] Update performed. Current interval: 0.0059967 seconds.
SCRIPT       : [FPSBooster] Update performed. Current interval: 0.0059967 seconds.
SCRIPT       : [FPSBooster] Update performed. Current interval: 0.00500488 seconds.
SCRIPT       : [FPSBooster] Update performed. Current interval: 0.00500488 seconds.
SCRIPT       : [FPSBooster] Update performed. Current interval: 0.0059967 seconds.
SCRIPT       : [FPSBooster] Update performed. Current interval: 0.0059967 seconds.
SCRIPT       : [FPSBooster] Update performed. Current interval: 0.00500488 seconds.
SCRIPT       : [FPSBooster] Update performed. Current interval: 0.00500488 seconds.
SCRIPT       : [FPSBooster] Update performed. Current interval: 0.00500488 seconds.
SCRIPT       : [FPSBooster] Update performed. Current interval: 0.00500488 seconds.
SCRIPT       : [FPSBooster] Update performed. Current interval: 0.00500488 seconds.
SCRIPT       : [FPSBooster] Update performed. Current interval: 0.00500488 seconds.
SCRIPT       : [FPSBooster] Update performed. Current interval: 0.00500488 seconds.
SCRIPT       : [FPSBooster] Update performed. Current interval: 0.0059967 seconds.
SCRIPT       : [FPSBooster] Update performed. Current interval: 0.0059967 seconds.
SCRIPT       : [FPSBooster] Update performed. Current interval: 0.00500488 seconds.
SCRIPT       : [FPSBooster] Update performed. Current interval: 0.00500488 seconds.
SCRIPT       : [FPSBooster] Update performed. Current interval: 0.0059967 seconds.
SCRIPT       : [FPSBooster] Update performed. Current interval: 0.0059967 seconds.
SCRIPT       : [FPSBooster] Update performed. Current interval: 0.0059967 seconds.
SCRIPT       : [FPSBooster] Update performed. Current interval: 0.0059967 seconds.
SCRIPT       : [FPSBooster] Update performed. Current interval: 0.0059967 seconds.
SCRIPT       : [FPSBooster] Update performed. Current interval: 0.00500488 seconds.
SCRIPT       : [FPSBooster] Update performed. Current interval: 0.00500488 seconds.
SCRIPT       : [FPSBooster] Update performed. Current interval: 0.00500488 seconds.
SCRIPT       : [FPSBooster] Update performed. Current interval: 0.00500488 seconds.
SCRIPT       : [FPSBooster] Update performed. Current interval: 0.00500488 seconds.
SCRIPT       : [FPSBooster] Update performed. Current interval: 0.00500488 seconds.
SCRIPT       : [FPSBooster] Update performed. Current interval: 0.00500488 seconds.
SCRIPT       : [FPSBooster] Update performed. Current interval: 0.00598145 seconds.
SCRIPT       : [FPSBooster] Update performed. Current interval: 0.00698853 seconds.
SCRIPT       : [FPSBooster] Update performed. Current interval: 0.00500488 seconds.
SCRIPT       : [FPSBooster] Update performed. Current interval: 0.00500488 seconds.
SCRIPT       : [FPSBooster] Update performed. Current interval: 0.00698853 seconds.
SCRIPT       : [FPSBooster] Update performed. Current interval: 0.00500488 seconds.
SCRIPT       : [FPSBooster] Update performed. Current interval: 0.00500488 seconds.
SCRIPT       : [FPSBooster] Update performed. Current interval: 0.00500488 seconds.
SCRIPT       : [FPSBooster] Update performed. Current interval: 0.00500488 seconds.
SCRIPT       : [FPSBooster] Update performed. Current interval: 0.00500488 seconds.
SCRIPT       : [FPSBooster] Update performed. Current interval: 0.00500488 seconds.
SCRIPT       : [FPSBooster] Update performed. Current interval: 0.00500488 seconds.
SCRIPT       : [FPSBooster] Update performed. Current interval: 0.00500488 seconds.
SCRIPT       : [FPSBooster] Update performed. Current interval: 0.00500488 seconds.
SCRIPT       : [FPSBooster] Update performed. Current interval: 0.00500488 seconds.
SCRIPT       : [FPSBooster] Update performed. Current interval: 0.00598145 seconds.
SCRIPT       : [FPSBooster] Update performed. Current interval: 0.00598145 seconds.
SCRIPT       : [FPSBooster] Update performed. Current interval: 0.00500488 seconds.
SCRIPT       : [FPSBooster] Update performed. Current interval: 0.00500488 seconds.
SCRIPT       : [FPSBooster] Update performed. Current interval: 0.00500488 seconds.
SCRIPT       : [FPSBooster] Update performed. Current interval: 0.00500488 seconds.
SCRIPT       : [FPSBooster] Update performed. Current interval: 0.00500488 seconds.
SCRIPT       : [FPSBooster] Update performed. Current interval: 0.00500488 seconds.
SCRIPT       : [FPSBooster] Update performed. Current interval: 0.00598145 seconds.
SCRIPT       : [FPSBooster] Update performed. Current interval: 0.00598145 seconds.
SCRIPT       : [FPSBooster] Update performed. Current interval: 0.00598145 seconds.
SCRIPT       : [FPSBooster] Update performed. Current interval: 0.00598145 seconds.
SCRIPT       : [FPSBooster] Update performed. Current interval: 0.00598145 seconds.
SCRIPT       : [FPSBooster] Update performed. Current interval: 0.00500488 seconds.
SCRIPT       : [FPSBooster] Update performed. Current interval: 0.00500488 seconds.
SCRIPT       : [FPSBooster] Update performed. Current interval: 0.00500488 seconds.
SCRIPT       : [FPSBooster] Update performed. Current interval: 0.00500488 seconds.
SCRIPT       : [FPSBooster] Update performed. Current interval: 0.00500488 seconds.
SCRIPT       : [FPSBooster] Update performed. Current interval: 0.00598145 seconds.
SCRIPT       : [FPSBooster] Update performed. Current interval: 0.00598145 seconds.
SCRIPT       : [FPSBooster] Update performed. Current interval: 0.00598145 seconds.
SCRIPT       : [FPSBooster] Update performed. Current interval: 0.00500488 seconds.
SCRIPT       : [FPSBooster] Update performed. Current interval: 0.00500488 seconds.
SCRIPT       : [FPSBooster] Update performed. Current interval: 0.00500488 seconds.
SCRIPT       : [FPSBooster] Update performed. Current interval: 0.00500488 seconds.
SCRIPT       : [FPSBooster] Update performed. Current interval: 0.00598145 seconds.
SCRIPT       : [FPSBooster] Update performed. Current interval: 0.00500488 seconds.
SCRIPT       : [FPSBooster] Update performed. Current interval: 0.00500488 seconds.
SCRIPT       : [FPSBooster] Update performed. Current interval: 0.00500488 seconds.
SCRIPT       : [FPSBooster] Update performed. Current interval: 0.00500488 seconds.
SCRIPT       : [FPSBooster] Update performed. Current interval: 0.00598145 seconds.
SCRIPT       : [FPSBooster] Update performed. Current interval: 0.00598145 seconds.
SCRIPT       : [FPSBooster] Update performed. Current interval: 0.00598145 seconds.
SCRIPT       : [FPSBooster] Update performed. Current interval: 0.00598145 seconds.
SCRIPT       : [FPSBooster] Update performed. Current interval: 0.00598145 seconds.
SCRIPT       : [FPSBooster] Update performed. Current interval: 0.00500488 seconds.
SCRIPT       : [FPSBooster] Update performed. Current interval: 0.00500488 seconds.
SCRIPT       : [FPSBooster] Update performed. Current interval: 0.00500488 seconds.
SCRIPT       : [FPSBooster] Update performed. Current interval: 0.00500488 seconds.
SCRIPT       : [FPSBooster] Update performed. Current interval: 0.00500488 seconds.
SCRIPT       : [FPSBooster] Update performed. Current interval: 0.00500488 seconds.
SCRIPT       : [FPSBooster] Update performed. Current interval: 0.00500488 seconds.
SCRIPT       : [FPSBooster] Update performed. Current interval: 0.00500488 seconds.
SCRIPT       : [FPSBooster] Update performed. Current interval: 0.00500488 seconds.
SCRIPT       : [FPSBooster] Update performed. Current interval: 0.00500488 seconds.
SCRIPT       : [FPSBooster] Update performed. Current interval: 0.00500488 seconds.
SCRIPT       : [FPSBooster] Update performed. Current interval: 0.00500488 seconds.
SCRIPT       : [FPSBooster] Update performed. Current interval: 0.00500488 seconds.
SCRIPT       : [FPSBooster] Update performed. Current interval: 0.00500488 seconds.
SCRIPT       : [FPSBooster] Update performed. Current interval: 0.00500488 seconds.
SCRIPT       : [FPSBooster] Update performed. Current interval: 0.00500488 seconds.
SCRIPT       : [FPSBooster] Update performed. Current interval: 0.00500488 seconds.
SCRIPT       : [FPSBooster] Update performed. Current interval: 0.00500488 seconds.
SCRIPT       : [FPSBooster] Update performed. Current interval: 0.00500488 seconds.
SCRIPT       : [FPSBooster] Update performed. Current interval: 0.00500488 seconds.
SCRIPT       : [FPSBooster] Update performed. Current interval: 0.00500488 seconds.
SCRIPT       : [FPSBooster] Update performed. Current interval: 0.00500488 seconds.
SCRIPT       : [FPSBooster] Update performed. Current interval: 0.00500488 seconds.
SCRIPT       : [FPSBooster] Update performed. Current interval: 0.00500488 seconds.
SCRIPT       : [FPSBooster] Update performed. Current interval: 0.00500488 seconds.
SCRIPT       : [FPSBooster] Update performed. Current interval: 0.00598145 seconds.
SCRIPT       : [FPSBooster] Update performed. Current interval: 0.00500488 seconds.
SCRIPT       : [FPSBooster] Update performed. Current interval: 0.00500488 seconds.
SCRIPT       : [FPSBooster] Update performed. Current interval: 0.00500488 seconds.
SCRIPT       : [FPSBooster] Update performed. Current interval: 0.00500488 seconds.
SCRIPT       : [FPSBooster] Update performed. Current interval: 0.00500488 seconds.
SCRIPT       : [FPSBooster] Update performed. Current interval: 0.00500488 seconds.
SCRIPT       : [FPSBooster] Update performed. Current interval: 0.00500488 seconds.
SCRIPT       : [FPSBooster] Update performed. Current interval: 0.00500488 seconds.
SCRIPT       : [FPSBooster] Update performed. Current interval: 0.00500488 seconds.
SCRIPT       : [FPSBooster] Update performed. Current interval: 0.00500488 seconds.
SCRIPT       : [FPSBooster] Update performed. Current interval: 0.00500488 seconds.
SCRIPT       : [FPSBooster] Update performed. Current interval: 0.00500488 seconds.
SCRIPT       : [FPSBooster] Update performed. Current interval: 0.00500488 seconds.
SCRIPT       : [FPSBooster] Update performed. Current interval: 0.00500488 seconds.
SCRIPT       : [FPSBooster] Update performed. Current interval: 0.00500488 seconds.
SCRIPT       : [FPSBooster] Update performed. Current interval: 0.00500488 seconds.
SCRIPT       : [FPSBooster] Update performed. Current interval: 0.00500488 seconds.
SCRIPT       : [FPSBooster] Update performed. Current interval: 0.00500488 seconds.
SCRIPT       : [FPSBooster] Update performed. Current interval: 0.00500488 seconds.
SCRIPT       : [FPSBooster] Update performed. Current interval: 0.00500488 seconds.
SCRIPT       : [FPSBooster] Update performed. Current interval: 0.00500488 seconds.
SCRIPT       : [FPSBooster] Update performed. Current interval: 0.00500488 seconds.
SCRIPT       : [FPSBooster] Update performed. Current interval: 0.00500488 seconds.
SCRIPT       : [FPSBooster] Update performed. Current interval: 0.00500488 seconds.
SCRIPT       : [FPSBooster] Update performed. Current interval: 0.00500488 seconds.
SCRIPT       : [FPSBooster] Update performed. Current interval: 0.00500488 seconds.
SCRIPT       : [FPSBooster] Update performed. Current interval: 0.00500488 seconds.
SCRIPT       : [FPSBooster] Update performed. Current interval: 0.00500488 seconds.
SCRIPT       : [FPSBooster] Update performed. Current interval: 0.00500488 seconds.
SCRIPT       : [FPSBooster] Update performed. Current interval: 0.00500488 seconds.
SCRIPT       : [FPSBooster] Update performed. Current interval: 0.00500488 seconds.
SCRIPT       : [FPSBooster] Update performed. Current interval: 0.00500488 seconds.
SCRIPT       : [FPSBooster] Update performed. Current interval: 0.00500488 seconds.
SCRIPT       : [FPSBooster] Update performed. Current interval: 0.00500488 seconds.
SCRIPT       : [FPSBooster] Update performed. Current interval: 0.00500488 seconds.
SCRIPT       : [FPSBooster] Update performed. Current interval: 0.00500488 seconds.
SCRIPT       : [FPSBooster] Update performed. Current interval: 0.00598145 seconds.
SCRIPT       : [FPSBooster] Update performed. Current interval: 0.00500488 seconds.
SCRIPT       : [FPSBooster] Update performed. Current interval: 0.00500488 seconds.
SCRIPT       : [FPSBooster] Update performed. Current interval: 0.00500488 seconds.
SCRIPT       : [FPSBooster] Update performed. Current interval: 0.00500488 seconds.
SCRIPT       : [FPSBooster] Update performed. Current interval: 0.00500488 seconds.
SCRIPT       : [FPSBooster] Update performed. Current interval: 0.00500488 seconds.
SCRIPT       : [FPSBooster] Update performed. Current interval: 0.00500488 seconds.
SCRIPT       : [FPSBooster] Update performed. Current interval: 0.00500488 seconds.
SCRIPT       : [FPSBooster] Update performed. Current interval: 0.00500488 seconds.
SCRIPT       : [FPSBooster] Update performed. Current interval: 0.00500488 seconds.
SCRIPT       : [FPSBooster] Update performed. Current interval: 0.00500488 seconds.
SCRIPT       : [FPSBooster] Update performed. Current interval: 0.00500488 seconds.
SCRIPT       : [FPSBooster] Update performed. Current interval: 0.00500488 seconds.
SCRIPT       : [FPSBooster] Update performed. Current interval: 0.00500488 seconds.
SCRIPT       : [FPSBooster] Update performed. Current interval: 0.00500488 seconds.
SCRIPT       : [FPSBooster] Update performed. Current interval: 0.00598145 seconds.
SCRIPT       : [FPSBooster] Update performed. Current interval: 0.00500488 seconds.
SCRIPT       : [FPSBooster] Update performed. Current interval: 0.00500488 seconds.
SCRIPT       : [FPSBooster] Update performed. Current interval: 0.00598145 seconds.
SCRIPT       : [FPSBooster] Update performed. Current interval: 0.00598145 seconds.
SCRIPT       : [FPSBooster] Update performed. Current interval: 0.00500488 seconds.
SCRIPT       : [FPSBooster] Update performed. Current interval: 0.00500488 seconds.
SCRIPT       : [FPSBooster] Update performed. Current interval: 0.00500488 seconds.
SCRIPT       : [FPSBooster] Update performed. Current interval: 0.00500488 seconds.
SCRIPT       : [FPSBooster] Update performed. Current interval: 0.00500488 seconds.
SCRIPT       : [FPSBooster] Update performed. Current interval: 0.00500488 seconds.
SCRIPT       : [FPSBooster] Update performed. Current interval: 0.00500488 seconds.
SCRIPT       : [FPSBooster] Update performed. Current interval: 0.00500488 seconds.
SCRIPT       : [FPSBooster] Update performed. Current interval: 0.00500488 seconds.
SCRIPT       : [FPSBooster] Update performed. Current interval: 0.00500488 seconds.
SCRIPT       : [FPSBooster] Update performed. Current interval: 0.00500488 seconds.
SCRIPT       : [FPSBooster] Update performed. Current interval: 0.00500488 seconds.
SCRIPT       : [FPSBooster] Update performed. Current interval: 0.00500488 seconds.
SCRIPT       : [FPSBooster] Update performed. Current interval: 0.00500488 seconds.
SCRIPT       : [FPSBooster] Update performed. Current interval: 0.00598145 seconds.
SCRIPT       : [FPSBooster] Update performed. Current interval: 0.00598145 seconds.
SCRIPT       : [FPSBooster] Update performed. Current interval: 0.00598145 seconds.
SCRIPT       : [FPSBooster] Update performed. Current interval: 0.00598145 seconds.
SCRIPT       : [FPSBooster] Update performed. Current interval: 0.00598145 seconds.
SCRIPT       : [FPSBooster] Update performed. Current interval: 0.00598145 seconds.
SCRIPT       : [FPSBooster] Update performed. Current interval: 0.00598145 seconds.
SCRIPT       : [FPSBooster] Update performed. Current interval: 0.00598145 seconds.
SCRIPT       : [FPSBooster] Update performed. Current interval: 0.00598145 seconds.
SCRIPT       : [FPSBooster] Update performed. Current interval: 0.00598145 seconds.
SCRIPT       : [FPSBooster] Update performed. Current interval: 0.00598145 seconds.
SCRIPT       : [FPSBooster] Update performed. Current interval: 0.00598145 seconds.
SCRIPT       : [FPSBooster] Update performed. Current interval: 0.00598145 seconds.
SCRIPT       : [FPSBooster] Update performed. Current interval: 0.00598145 seconds.
SCRIPT       : [FPSBooster] Update performed. Current interval: 0.00598145 seconds.
SCRIPT       : [FPSBooster] Update performed. Current interval: 0.00598145 seconds.
SCRIPT       : [FPSBooster] Update performed. Current interval: 0.00598145 seconds.
SCRIPT       : [FPSBooster] Update performed. Current interval: 0.00598145 seconds.
SCRIPT       : [FPSBooster] Update performed. Current interval: 0.00598145 seconds.
SCRIPT       : [FPSBooster] Update performed. Current interval: 0.00598145 seconds.
SCRIPT       : [FPSBooster] Update performed. Current interval: 0.00598145 seconds.
SCRIPT       : [FPSBooster] Update performed. Current interval: 0.00598145 seconds.
SCRIPT       : [FPSBooster] Update performed. Current interval: 0.00598145 seconds.
SCRIPT       : [FPSBooster] Update performed. Current interval: 0.00598145 seconds.
SCRIPT       : [FPSBooster] Update performed. Current interval: 0.00598145 seconds.
SCRIPT       : [FPSBooster] Update performed. Current interval: 0.00598145 seconds.
SCRIPT       : [FPSBooster] Update performed. Current interval: 0.00598145 seconds.
SCRIPT       : [FPSBooster] Update performed. Current interval: 0.00598145 seconds.
SCRIPT       : [FPSBooster] Update performed. Current interval: 0.00598145 seconds.
SCRIPT       : [FPSBooster] Update performed. Current interval: 0.00598145 seconds.
SCRIPT       : [FPSBooster] Update performed. Current interval: 0.00598145 seconds.
SCRIPT       : [FPSBooster] Update performed. Current interval: 0.00598145 seconds.
SCRIPT       : [FPSBooster] Update performed. Current interval: 0.00598145 seconds.
SCRIPT       : [FPSBooster] Update performed. Current interval: 0.00598145 seconds.
SCRIPT       : ---- PlayerBase OnStoreLoad SUCCESS ----
SCRIPT       : [FPSBooster] Update performed. Current interval: 0.00598145 seconds.
SCRIPT       : [FPSBooster] Update performed. Current interval: 0.00598145 seconds.
SCRIPT       : [FPSBooster] Update performed. Current interval: 0.00598145 seconds.
SCRIPT       : [FPSBooster] Update performed. Current interval: 0.00598145 seconds.
SCRIPT       : [FPSBooster] Update performed. Current interval: 0.00598145 seconds.
SCRIPT       : [FPSBooster] Update performed. Current interval: 0.00598145 seconds.
SCRIPT       : [Logout]: New player 5WGRy-CnNBWkwUn9Y0EzIZk9QErbSlUuQBSedgSEh50= with logout time 15
SCRIPT       : [FPSBooster] Update performed. Current interval: 0.00598145 seconds.
SCRIPT       : [FPSBooster] Update performed. Current interval: 0.00598145 seconds.
SCRIPT       : [Logout]: Player 5WGRy-CnNBWkwUn9Y0EzIZk9QErbSlUuQBSedgSEh50= cancelled
SCRIPT       : [FPSBooster] Update performed. Current interval: 0.00598145 seconds.
SCRIPT       : [FPSBooster] Update performed. Current interval: 0.00598145 seconds.
SCRIPT       : [FPSBooster] Update performed. Current interval: 0.00598145 seconds.
SCRIPT       : [FPSBooster] Update performed. Current interval: 0.00598145 seconds.
SCRIPT       : [FPSBooster] Update performed. Current interval: 0.00598145 seconds.
SCRIPT       : [FPSBooster] Update performed. Current interval: 0.00598145 seconds.
SCRIPT       : [FPSBooster] Update performed. Current interval: 0.00598145 seconds.
SCRIPT       : [FPSBooster] Update performed. Current interval: 0.00598145 seconds.
SCRIPT       : [FPSBooster] Update performed. Current interval: 0.00598145 seconds.
SCRIPT       : [FPSBooster] Update performed. Current interval: 0.00598145 seconds.
SCRIPT       : [FPSBooster] Update performed. Current interval: 0.00598145 seconds.
SCRIPT       : [FPSBooster] Update performed. Current interval: 0.00598145 seconds.
SCRIPT       : [FPSBooster] Update performed. Current interval: 0.00598145 seconds.
SCRIPT       : [FPSBooster] Update performed. Current interval: 0.00598145 seconds.
SCRIPT       : [FPSBooster] Update performed. Current interval: 0.00598145 seconds.
SCRIPT       : [FPSBooster] Update performed. Current interval: 0.00598145 seconds.
SCRIPT       : [FPSBooster] Update performed. Current interval: 0.00598145 seconds.
SCRIPT       : [FPSBooster] Update performed. Current interval: 0.00598145 seconds.
SCRIPT       : [FPSBooster] Update performed. Current interval: 0.00598145 seconds.
SCRIPT       : [FPSBooster] Update performed. Current interval: 0.00598145 seconds.
SCRIPT       : [FPSBooster] Update performed. Current interval: 0.00598145 seconds.
SCRIPT       : [FPSBooster] Update performed. Current interval: 0.00598145 seconds.
SCRIPT       : [FPSBooster] Update performed. Current interval: 0.00598145 seconds.
SCRIPT       : [FPSBooster] Update performed. Current interval: 0.00598145 seconds.
SCRIPT       : [FPSBooster] Update performed. Current interval: 0.00598145 seconds.
SCRIPT       : [FPSBooster] Update performed. Current interval: 0.00598145 seconds.
SCRIPT       : [FPSBooster] Update performed. Current interval: 0.00598145 seconds.
SCRIPT       : [FPSBooster] Update performed. Current interval: 0.00598145 seconds.
SCRIPT       : [FPSBooster] Update performed. Current interval: 0.00598145 seconds.
SCRIPT       : [Logout]: New player 5WGRy-CnNBWkwUn9Y0EzIZk9QErbSlUuQBSedgSEh50= with logout time 15
SCRIPT       : [FPSBooster] Update performed. Current interval: 0.00598145 seconds.
SCRIPT       : [FPSBooster] Update performed. Current interval: 0.00598145 seconds.
SCRIPT       : [FPSBooster] Update performed. Current interval: 0.00598145 seconds.
SCRIPT       : [Logout]: Player 5WGRy-CnNBWkwUn9Y0EzIZk9QErbSlUuQBSedgSEh50= finished
SCRIPT       : [FPSBooster] Update performed. Current interval: 0.00598145 seconds.
SCRIPT       : [FPSBooster] Update performed. Current interval: 0.00598145 seconds.
SCRIPT       : [FPSBooster] Update performed. Current interval: 0.00598145 seconds.
SCRIPT       : [FPSBooster] Update performed. Current interval: 0.00598145 seconds.
SCRIPT       : [FPSBooster] Update performed. Current interval: 0.00598145 seconds.
SCRIPT       : [FPSBooster] Update performed. Current interval: 0.00598145 seconds.
SCRIPT       : [FPSBooster] Update performed. Current interval: 0.00500488 seconds.
SCRIPT       : [FPSBooster] Update performed. Current interval: 0.00500488 seconds.
SCRIPT       : [FPSBooster] Update performed. Current interval: 0.00500488 seconds.
SCRIPT       : [FPSBooster] Update performed. Current interval: 0.00500488 seconds.
SCRIPT       : [FPSBooster] Update performed. Current interval: 0.00500488 seconds.
SCRIPT       : [FPSBooster] Update performed. Current interval: 0.00500488 seconds.
SCRIPT       : [FPSBooster] Update performed. Current interval: 0.00500488 seconds.
SCRIPT       : [FPSBooster] Update performed. Current interval: 0.00500488 seconds.
SCRIPT       : [FPSBooster] Update performed. Current interval: 0.00500488 seconds.
SCRIPT       : [FPSBooster] Update performed. Current interval: 0.00500488 seconds.
SCRIPT       : [FPSBooster] Update performed. Current interval: 0.00500488 seconds.
SCRIPT       : [FPSBooster] Update performed. Current interval: 0.00500488 seconds.
SCRIPT       : [FPSBooster] Update performed. Current interval: 0.00500488 seconds.
SCRIPT       : [FPSBooster] Update performed. Current interval: 0.00500488 seconds.
SCRIPT       : [FPSBooster] Update performed. Current interval: 0.00500488 seconds.
SCRIPT       : [FPSBooster] Update performed. Current interval: 0.00500488 seconds.
SCRIPT       : [FPSBooster] Update performed. Current interval: 0.00500488 seconds.
SCRIPT       : [FPSBooster] Update performed. Current interval: 0.00500488 seconds.
SCRIPT       : [FPSBooster] Update performed. Current interval: 0.00500488 seconds.
SCRIPT       : [FPSBooster] Update performed. Current interval: 0.00500488 seconds.
SCRIPT       : [FPSBooster] Update performed. Current interval: 0.00500488 seconds.
SCRIPT       : [FPSBooster] Update performed. Current interval: 0.00500488 seconds.
SCRIPT       : [FPSBooster] Update performed. Current interval: 0.00500488 seconds.
SCRIPT       : [FPSBooster] Update performed. Current interval: 0.00500488 seconds.
SCRIPT       : [FPSBooster] Update performed. Current interval: 0.00500488 seconds.
SCRIPT       : [FPSBooster] Update performed. Current interval: 0.00500488 seconds.
SCRIPT       : [FPSBooster] Update performed. Current interval: 0.00500488 seconds.
SCRIPT       : [FPSBooster] Update performed. Current interval: 0.00500488 seconds.
SCRIPT       : [FPSBooster] Update performed. Current interval: 0.00500488 seconds.
SCRIPT       : [FPSBooster] Update performed. Current interval: 0.00500488 seconds.
SCRIPT       : [FPSBooster] Update performed. Current interval: 0.00500488 seconds.
SCRIPT       : [FPSBooster] Update performed. Current interval: 0.00500488 seconds.
SCRIPT       : [FPSBooster] Update performed. Current interval: 0.00500488 seconds.
SCRIPT       : [FPSBooster] Update performed. Current interval: 0.00500488 seconds.
SCRIPT       : [FPSBooster] Update performed. Current interval: 0.00500488 seconds.
SCRIPT       : [FPSBooster] Update performed. Current interval: 0.00500488 seconds.
SCRIPT       : [FPSBooster] Update performed. Current interval: 0.00500488 seconds.
SCRIPT       : [FPSBooster] Update performed. Current interval: 0.00500488 seconds.
SCRIPT       : [FPSBooster] Update performed. Current interval: 0.00598145 seconds.
SCRIPT       : [FPSBooster] Update performed. Current interval: 0.00598145 seconds.
SCRIPT       : [FPSBooster] Update performed. Current interval: 0.00598145 seconds.
SCRIPT       : [FPSBooster] Update performed. Current interval: 0.00598145 seconds.
SCRIPT       : [FPSBooster] Update performed. Current interval: 0.00598145 seconds.
SCRIPT       : [FPSBooster] Update performed. Current interval: 0.00598145 seconds.
SCRIPT       : [FPSBooster] Update performed. Current interval: 0.00598145 seconds.
SCRIPT       : [FPSBooster] Update performed. Current interval: 0.00598145 seconds.
SCRIPT       : [FPSBooster] Update performed. Current interval: 0.00598145 seconds.
SCRIPT       : [FPSBooster] Update performed. Current interval: 0.00598145 seconds.
SCRIPT       : [FPSBooster] Update performed. Current interval: 0.00598145 seconds.
SCRIPT       : [FPSBooster] Update performed. Current interval: 0.00598145 seconds.
SCRIPT       : [FPSBooster] Update performed. Current interval: 0.00598145 seconds.
SCRIPT       : [FPSBooster] Update performed. Current interval: 0.00598145 seconds.
SCRIPT       : [FPSBooster] Update performed. Current interval: 0.00598145 seconds.
SCRIPT       : [FPSBooster] Update performed. Current interval: 0.00598145 seconds.
SCRIPT       : [FPSBooster] Update performed. Current interval: 0.00598145 seconds.
SCRIPT       : [FPSBooster] Update performed. Current interval: 0.00598145 seconds.
SCRIPT       : [FPSBooster] Update performed. Current interval: 0.00598145 seconds.
SCRIPT       : [FPSBooster] Update performed. Current interval: 0.00598145 seconds.
SCRIPT       : [FPSBooster] Update performed. Current interval: 0.00598145 seconds.
SCRIPT       : [FPSBooster] Update performed. Current interval: 0.00598145 seconds.
SCRIPT       : [FPSBooster] Update performed. Current interval: 0.00598145 seconds.
SCRIPT       : [FPSBooster] Update performed. Current interval: 0.00598145 seconds.
SCRIPT       : [FPSBooster] Update performed. Current interval: 0.00598145 seconds.
SCRIPT       : [FPSBooster] Update performed. Current interval: 0.00598145 seconds.
SCRIPT       : [FPSBooster] Update performed. Current interval: 0.00598145 seconds.
SCRIPT       : [FPSBooster] Update performed. Current interval: 0.00598145 seconds.
SCRIPT       : [FPSBooster] Update performed. Current interval: 0.00598145 seconds.
SCRIPT       : [FPSBooster] Update performed. Current interval: 0.00598145 seconds.
SCRIPT       : [FPSBooster] Update performed. Current interval: 0.00598145 seconds.
SCRIPT       : [FPSBooster] Update performed. Current interval: 0.00598145 seconds.
SCRIPT       : [FPSBooster] Update performed. Current interval: 0.00598145 seconds.
SCRIPT       : [FPSBooster] Update performed. Current interval: 0.00598145 seconds.
SCRIPT       : [FPSBooster] Update performed. Current interval: 0.00598145 seconds.
SCRIPT       : [FPSBooster] Update performed. Current interval: 0.00598145 seconds.
SCRIPT       : [FPSBooster] Update performed. Current interval: 0.00598145 seconds.
SCRIPT       : [FPSBooster] Update performed. Current interval: 0.00598145 seconds.
SCRIPT       : [FPSBooster] Update performed. Current interval: 0.00598145 seconds.
SCRIPT       : [FPSBooster] Update performed. Current interval: 0.00598145 seconds.
SCRIPT       : [FPSBooster] Update performed. Current interval: 0.00598145 seconds.
SCRIPT       : [FPSBooster] Update performed. Current interval: 0.00598145 seconds.
SCRIPT       : [FPSBooster] Update performed. Current interval: 0.00598145 seconds.
SCRIPT       : [FPSBooster] Update performed. Current interval: 0.00598145 seconds.
SCRIPT       : [FPSBooster] Update performed. Current interval: 0.00598145 seconds.
SCRIPT       : [FPSBooster] Update performed. Current interval: 0.00598145 seconds.
SCRIPT       : [FPSBooster] Update performed. Current interval: 0.00598145 seconds.
SCRIPT       : [FPSBooster] Update performed. Current interval: 0.00598145 seconds.
SCRIPT       : [FPSBooster] Update performed. Current interval: 0.00598145 seconds.
SCRIPT       : [FPSBooster] Update performed. Current interval: 0.00598145 seconds.
SCRIPT       : [FPSBooster] Update performed. Current interval: 0.00598145 seconds.
SCRIPT       : [FPSBooster] Update performed. Current interval: 0.00598145 seconds.
SCRIPT       : [FPSBooster] Update performed. Current interval: 0.00598145 seconds.
SCRIPT       : [FPSBooster] Update performed. Current interval: 0.00598145 seconds.
SCRIPT       : [FPSBooster] Update performed. Current interval: 0.00598145 seconds.
SCRIPT       : [FPSBooster] Update performed. Current interval: 0.00598145 seconds.
SCRIPT       : [FPSBooster] Update performed. Current interval: 0.00598145 seconds.
SCRIPT       : [FPSBooster] Update performed. Current interval: 0.00598145 seconds.
SCRIPT       : [FPSBooster] Update performed. Current interval: 0.00598145 seconds.
SCRIPT       : [FPSBooster] Update performed. Current interval: 0.00598145 seconds.
SCRIPT       : [FPSBooster] Update performed. Current interval: 0.00598145 seconds.
SCRIPT       : [FPSBooster] Update performed. Current interval: 0.00598145 seconds.
SCRIPT       : [FPSBooster] Update performed. Current interval: 0.00598145 seconds.
SCRIPT       : [FPSBooster] Update performed. Current interval: 0.00598145 seconds.
SCRIPT       : [FPSBooster] Update performed. Current interval: 0.00598145 seconds.
SCRIPT       : [FPSBooster] Update performed. Current interval: 0.00598145 seconds.
SCRIPT       : [FPSBooster] Update performed. Current interval: 0.00598145 seconds.
SCRIPT       : [FPSBooster] Update performed. Current interval: 0.00598145 seconds.
SCRIPT       : [FPSBooster] Update performed. Current interval: 0.00598145 seconds.
SCRIPT       : [FPSBooster] Update performed. Current interval: 0.00598145 seconds.
SCRIPT       : [FPSBooster] Update performed. Current interval: 0.00598145 seconds.
SCRIPT       : [FPSBooster] Update performed. Current interval: 0.00598145 seconds.
